LOADING R
R LOADED
[1] "/home/lvanderl/Rlibs2"                         
[2] "/app/software/R/4.3.1-gfbf-2022b/lib/R/library"
[1] "/home/lvanderl/sieveSims"
[1] "acic2017_21"
  [1]   1   2   3   4   5   6   7   8   9  10  11  12  13  14  15  16  17  18
 [19]  19  20  21  22  23  24  25  26  27  28  29  30  31  32  33  34  35  36
 [37]  37  38  39  40  41  42  43  44  45  46  47  48  49  50  51  52  53  54
 [55]  55  56  57  58  59  60  61  62  63  64  65  66  67  68  69  70  71  72
 [73]  73  74  75  76  77  78  79  80  81  82  83  84  85  86  87  88  89  90
 [91]  91  92  93  94  95  96  97  98  99 100 101 102 103 104 105 106 107 108
[109] 109 110 111 112 113 114 115 116 117 118 119 120 121 122 123 124 125 126
[127] 127 128 129 130 131 132 133 134 135 136 137 138 139 140 141 142 143 144
[145] 145 146 147 148 149 150 151 152 153 154 155 156 157 158 159 160 161 162
[163] 163 164 165 166 167 168 169 170 171 172 173 174 175 176 177 178 179 180
[181] 181 182 183 184 185 186 187 188 189 190 191 192 193 194 195 196 197 198
[199] 199 200 201 202 203 204 205 206 207 208 209 210 211 212 213 214 215 216
[217] 217 218 219 220 221 222 223 224 225 226 227 228 229 230 231 232 233 234
[235] 235 236 237 238 239 240 241 242 243 244 245 246 247 248 249 250
[1] "iter: 1"
[1] 21
[1] 4302   58
 Lrnr_xgboost_20_1_5_1_0.3  Lrnr_xgboost_20_1_5_2_0.3 
                 0.1823466                  0.1414425 
 Lrnr_xgboost_20_1_5_3_0.3  Lrnr_xgboost_20_1_5_4_0.3 
                 0.1415966                  0.1415345 
 Lrnr_xgboost_20_1_5_5_0.3  Lrnr_xgboost_20_1_5_6_0.3 
                 0.1450661                  0.1476008 
Lrnr_xgboost_20_1_5_1_0.25 Lrnr_xgboost_20_1_5_2_0.25 
                 0.1998549                  0.1450915 
Lrnr_xgboost_20_1_5_3_0.25 Lrnr_xgboost_20_1_5_4_0.25 
                 0.1411336                  0.1414239 
Lrnr_xgboost_20_1_5_5_0.25 Lrnr_xgboost_20_1_5_6_0.25 
                 0.1434674                  0.1466218 
 Lrnr_xgboost_20_1_5_1_0.2  Lrnr_xgboost_20_1_5_2_0.2 
                 0.2361428                  0.1534006 
 Lrnr_xgboost_20_1_5_3_0.2  Lrnr_xgboost_20_1_5_4_0.2 
                 0.1432520                  0.1420109 
 Lrnr_xgboost_20_1_5_5_0.2  Lrnr_xgboost_20_1_5_6_0.2 
                 0.1435984                  0.1461884 
Lrnr_xgboost_20_1_5_1_0.15 Lrnr_xgboost_20_1_5_2_0.15 
                 0.2938009                  0.1774869 
Lrnr_xgboost_20_1_5_3_0.15 Lrnr_xgboost_20_1_5_4_0.15 
                 0.1517648                  0.1460238 
Lrnr_xgboost_20_1_5_5_0.15 Lrnr_xgboost_20_1_5_6_0.15 
                 0.1454245                  0.1470267 
 Lrnr_xgboost_20_1_5_1_0.3  Lrnr_xgboost_20_1_5_2_0.3 
                 0.5526003                  0.2083005 
 Lrnr_xgboost_20_1_5_3_0.3  Lrnr_xgboost_20_1_5_4_0.3 
                 0.1703183                  0.1753754 
 Lrnr_xgboost_20_1_5_5_0.3  Lrnr_xgboost_20_1_5_6_0.3 
                 0.1803382                  0.1903863 
Lrnr_xgboost_20_1_5_1_0.25 Lrnr_xgboost_20_1_5_2_0.25 
                 0.6906897                  0.2300984 
Lrnr_xgboost_20_1_5_3_0.25 Lrnr_xgboost_20_1_5_4_0.25 
                 0.1803914                  0.1731748 
Lrnr_xgboost_20_1_5_5_0.25 Lrnr_xgboost_20_1_5_6_0.25 
                 0.1736920                  0.1907588 
 Lrnr_xgboost_20_1_5_1_0.2  Lrnr_xgboost_20_1_5_2_0.2 
                 0.8986640                  0.2956526 
 Lrnr_xgboost_20_1_5_3_0.2  Lrnr_xgboost_20_1_5_4_0.2 
                 0.1930166                  0.1758920 
 Lrnr_xgboost_20_1_5_5_0.2  Lrnr_xgboost_20_1_5_6_0.2 
                 0.1809235                  0.1903427 
Lrnr_xgboost_20_1_5_1_0.15 Lrnr_xgboost_20_1_5_2_0.15 
                 1.2110075                  0.4559406 
Lrnr_xgboost_20_1_5_3_0.15 Lrnr_xgboost_20_1_5_4_0.15 
                 0.2612877                  0.2058937 
Lrnr_xgboost_20_1_5_5_0.15 Lrnr_xgboost_20_1_5_6_0.15 
                 0.2016915                  0.2018658 
 Lrnr_xgboost_20_1_5_1_0.3  Lrnr_xgboost_20_1_5_2_0.3 
                 0.2267709                  0.2266779 
 Lrnr_xgboost_20_1_5_3_0.3  Lrnr_xgboost_20_1_5_4_0.3 
                 0.2275856                  0.2279041 
 Lrnr_xgboost_20_1_5_5_0.3  Lrnr_xgboost_20_1_5_6_0.3 
                 0.2300085                  0.2309808 
Lrnr_xgboost_20_1_5_1_0.25 Lrnr_xgboost_20_1_5_2_0.25 
                 0.2271778                  0.2265797 
Lrnr_xgboost_20_1_5_3_0.25 Lrnr_xgboost_20_1_5_4_0.25 
                 0.2272843                  0.2278158 
Lrnr_xgboost_20_1_5_5_0.25 Lrnr_xgboost_20_1_5_6_0.25 
                 0.2290018                  0.2305914 
 Lrnr_xgboost_20_1_5_1_0.2  Lrnr_xgboost_20_1_5_2_0.2 
                 0.2278593                  0.2265274 
 Lrnr_xgboost_20_1_5_3_0.2  Lrnr_xgboost_20_1_5_4_0.2 
                 0.2271283                  0.2279455 
 Lrnr_xgboost_20_1_5_5_0.2  Lrnr_xgboost_20_1_5_6_0.2 
                 0.2290056                  0.2300286 
Lrnr_xgboost_20_1_5_1_0.15 Lrnr_xgboost_20_1_5_2_0.15 
                 0.2295934                  0.2272248 
Lrnr_xgboost_20_1_5_3_0.15 Lrnr_xgboost_20_1_5_4_0.15 
                 0.2268807                  0.2272513 
Lrnr_xgboost_20_1_5_5_0.15 Lrnr_xgboost_20_1_5_6_0.15 
                 0.2285036                  0.2296439 
[1] "done"
NULL
NULL
NULL
[1] "done"
[1] "all"
[1] -0.01313231 -0.02711741
[1] "iter: 2"
[1] 21
[1] 4302   58
 Lrnr_xgboost_20_1_5_1_0.3  Lrnr_xgboost_20_1_5_2_0.3 
                 0.1854381                  0.1471836 
 Lrnr_xgboost_20_1_5_3_0.3  Lrnr_xgboost_20_1_5_4_0.3 
                 0.1472250                  0.1477999 
 Lrnr_xgboost_20_1_5_5_0.3  Lrnr_xgboost_20_1_5_6_0.3 
                 0.1494653                  0.1535914 
Lrnr_xgboost_20_1_5_1_0.25 Lrnr_xgboost_20_1_5_2_0.25 
                 0.2049420                  0.1500857 
Lrnr_xgboost_20_1_5_3_0.25 Lrnr_xgboost_20_1_5_4_0.25 
                 0.1472471                  0.1474793 
Lrnr_xgboost_20_1_5_5_0.25 Lrnr_xgboost_20_1_5_6_0.25 
                 0.1493193                  0.1528648 
 Lrnr_xgboost_20_1_5_1_0.2  Lrnr_xgboost_20_1_5_2_0.2 
                 0.2405784                  0.1590779 
 Lrnr_xgboost_20_1_5_3_0.2  Lrnr_xgboost_20_1_5_4_0.2 
                 0.1491797                  0.1475455 
 Lrnr_xgboost_20_1_5_5_0.2  Lrnr_xgboost_20_1_5_6_0.2 
                 0.1491598                  0.1515526 
Lrnr_xgboost_20_1_5_1_0.15 Lrnr_xgboost_20_1_5_2_0.15 
                 0.3062094                  0.1816212 
Lrnr_xgboost_20_1_5_3_0.15 Lrnr_xgboost_20_1_5_4_0.15 
                 0.1564243                  0.1513277 
Lrnr_xgboost_20_1_5_5_0.15 Lrnr_xgboost_20_1_5_6_0.15 
                 0.1506238                  0.1531788 
 Lrnr_xgboost_20_1_5_1_0.3  Lrnr_xgboost_20_1_5_2_0.3 
                 0.5760144                  0.2217650 
 Lrnr_xgboost_20_1_5_3_0.3  Lrnr_xgboost_20_1_5_4_0.3 
                 0.1722609                  0.1591767 
 Lrnr_xgboost_20_1_5_5_0.3  Lrnr_xgboost_20_1_5_6_0.3 
                 0.1691614                  0.1720466 
Lrnr_xgboost_20_1_5_1_0.25 Lrnr_xgboost_20_1_5_2_0.25 
                 0.7009248                  0.2428039 
Lrnr_xgboost_20_1_5_3_0.25 Lrnr_xgboost_20_1_5_4_0.25 
                 0.1655605                  0.1606404 
Lrnr_xgboost_20_1_5_5_0.25 Lrnr_xgboost_20_1_5_6_0.25 
                 0.1720161                  0.1739227 
 Lrnr_xgboost_20_1_5_1_0.2  Lrnr_xgboost_20_1_5_2_0.2 
                 0.8954005                  0.3183094 
 Lrnr_xgboost_20_1_5_3_0.2  Lrnr_xgboost_20_1_5_4_0.2 
                 0.1906083                  0.1643632 
 Lrnr_xgboost_20_1_5_5_0.2  Lrnr_xgboost_20_1_5_6_0.2 
                 0.1746913                  0.1771953 
Lrnr_xgboost_20_1_5_1_0.15 Lrnr_xgboost_20_1_5_2_0.15 
                 1.1943476                  0.4904848 
Lrnr_xgboost_20_1_5_3_0.15 Lrnr_xgboost_20_1_5_4_0.15 
                 0.2545558                  0.1929352 
Lrnr_xgboost_20_1_5_5_0.15 Lrnr_xgboost_20_1_5_6_0.15 
                 0.1922699                  0.1927238 
 Lrnr_xgboost_20_1_5_1_0.3  Lrnr_xgboost_20_1_5_2_0.3 
                 0.2254267                  0.2270478 
 Lrnr_xgboost_20_1_5_3_0.3  Lrnr_xgboost_20_1_5_4_0.3 
                 0.2276439                  0.2287655 
 Lrnr_xgboost_20_1_5_5_0.3  Lrnr_xgboost_20_1_5_6_0.3 
                 0.2304789                  0.2316827 
Lrnr_xgboost_20_1_5_1_0.25 Lrnr_xgboost_20_1_5_2_0.25 
                 0.2259117                  0.2265003 
Lrnr_xgboost_20_1_5_3_0.25 Lrnr_xgboost_20_1_5_4_0.25 
                 0.2271791                  0.2279688 
Lrnr_xgboost_20_1_5_5_0.25 Lrnr_xgboost_20_1_5_6_0.25 
                 0.2299793                  0.2311412 
 Lrnr_xgboost_20_1_5_1_0.2  Lrnr_xgboost_20_1_5_2_0.2 
                 0.2267449                  0.2261458 
 Lrnr_xgboost_20_1_5_3_0.2  Lrnr_xgboost_20_1_5_4_0.2 
                 0.2269204                  0.2281033 
 Lrnr_xgboost_20_1_5_5_0.2  Lrnr_xgboost_20_1_5_6_0.2 
                 0.2296689                  0.2307442 
Lrnr_xgboost_20_1_5_1_0.15 Lrnr_xgboost_20_1_5_2_0.15 
                 0.2281512                  0.2264309 
Lrnr_xgboost_20_1_5_3_0.15 Lrnr_xgboost_20_1_5_4_0.15 
                 0.2266297                  0.2272621 
Lrnr_xgboost_20_1_5_5_0.15 Lrnr_xgboost_20_1_5_6_0.15 
                 0.2287719                  0.2297418 
[1] "done"
NULL
NULL
NULL
[1] "done"
[1] "all"
[1] -0.005531651 -0.019421084
[1] "iter: 3"
[1] 21
[1] 4302   58
 Lrnr_xgboost_20_1_5_1_0.3  Lrnr_xgboost_20_1_5_2_0.3 
                 0.1807392                  0.1425984 
 Lrnr_xgboost_20_1_5_3_0.3  Lrnr_xgboost_20_1_5_4_0.3 
                 0.1416643                  0.1415201 
 Lrnr_xgboost_20_1_5_5_0.3  Lrnr_xgboost_20_1_5_6_0.3 
                 0.1449274                  0.1476746 
Lrnr_xgboost_20_1_5_1_0.25 Lrnr_xgboost_20_1_5_2_0.25 
                 0.1994070                  0.1455851 
Lrnr_xgboost_20_1_5_3_0.25 Lrnr_xgboost_20_1_5_4_0.25 
                 0.1408942                  0.1416648 
Lrnr_xgboost_20_1_5_5_0.25 Lrnr_xgboost_20_1_5_6_0.25 
                 0.1433702                  0.1461363 
 Lrnr_xgboost_20_1_5_1_0.2  Lrnr_xgboost_20_1_5_2_0.2 
                 0.2373278                  0.1541223 
 Lrnr_xgboost_20_1_5_3_0.2  Lrnr_xgboost_20_1_5_4_0.2 
                 0.1429309                  0.1410716 
 Lrnr_xgboost_20_1_5_5_0.2  Lrnr_xgboost_20_1_5_6_0.2 
                 0.1429937                  0.1456163 
Lrnr_xgboost_20_1_5_1_0.15 Lrnr_xgboost_20_1_5_2_0.15 
                 0.2999855                  0.1777331 
Lrnr_xgboost_20_1_5_3_0.15 Lrnr_xgboost_20_1_5_4_0.15 
                 0.1510772                  0.1450410 
Lrnr_xgboost_20_1_5_5_0.15 Lrnr_xgboost_20_1_5_6_0.15 
                 0.1450696                  0.1464913 
 Lrnr_xgboost_20_1_5_1_0.3  Lrnr_xgboost_20_1_5_2_0.3 
                 0.5958463                  0.2258118 
 Lrnr_xgboost_20_1_5_3_0.3  Lrnr_xgboost_20_1_5_4_0.3 
                 0.1801526                  0.1799544 
 Lrnr_xgboost_20_1_5_5_0.3  Lrnr_xgboost_20_1_5_6_0.3 
                 0.1796577                  0.1924782 
Lrnr_xgboost_20_1_5_1_0.25 Lrnr_xgboost_20_1_5_2_0.25 
                 0.7198546                  0.2465628 
Lrnr_xgboost_20_1_5_3_0.25 Lrnr_xgboost_20_1_5_4_0.25 
                 0.1884813                  0.1757821 
Lrnr_xgboost_20_1_5_5_0.25 Lrnr_xgboost_20_1_5_6_0.25 
                 0.1814387                  0.1944344 
 Lrnr_xgboost_20_1_5_1_0.2  Lrnr_xgboost_20_1_5_2_0.2 
                 0.9176234                  0.3172718 
 Lrnr_xgboost_20_1_5_3_0.2  Lrnr_xgboost_20_1_5_4_0.2 
                 0.2073826                  0.1781204 
 Lrnr_xgboost_20_1_5_5_0.2  Lrnr_xgboost_20_1_5_6_0.2 
                 0.1862223                  0.1940883 
Lrnr_xgboost_20_1_5_1_0.15 Lrnr_xgboost_20_1_5_2_0.15 
                 1.2281529                  0.5009926 
Lrnr_xgboost_20_1_5_3_0.15 Lrnr_xgboost_20_1_5_4_0.15 
                 0.2781883                  0.2080506 
Lrnr_xgboost_20_1_5_5_0.15 Lrnr_xgboost_20_1_5_6_0.15 
                 0.2171120                  0.2085088 
 Lrnr_xgboost_20_1_5_1_0.3  Lrnr_xgboost_20_1_5_2_0.3 
                 0.2255370                  0.2254861 
 Lrnr_xgboost_20_1_5_3_0.3  Lrnr_xgboost_20_1_5_4_0.3 
                 0.2262572                  0.2277132 
 Lrnr_xgboost_20_1_5_5_0.3  Lrnr_xgboost_20_1_5_6_0.3 
                 0.2286393                  0.2297541 
Lrnr_xgboost_20_1_5_1_0.25 Lrnr_xgboost_20_1_5_2_0.25 
                 0.2260344                  0.2254791 
Lrnr_xgboost_20_1_5_3_0.25 Lrnr_xgboost_20_1_5_4_0.25 
                 0.2261958                  0.2270677 
Lrnr_xgboost_20_1_5_5_0.25 Lrnr_xgboost_20_1_5_6_0.25 
                 0.2281023                  0.2293513 
 Lrnr_xgboost_20_1_5_1_0.2  Lrnr_xgboost_20_1_5_2_0.2 
                 0.2273603                  0.2255016 
 Lrnr_xgboost_20_1_5_3_0.2  Lrnr_xgboost_20_1_5_4_0.2 
                 0.2257579                  0.2265561 
 Lrnr_xgboost_20_1_5_5_0.2  Lrnr_xgboost_20_1_5_6_0.2 
                 0.2279093                  0.2287047 
Lrnr_xgboost_20_1_5_1_0.15 Lrnr_xgboost_20_1_5_2_0.15 
                 0.2291213                  0.2259938 
Lrnr_xgboost_20_1_5_3_0.15 Lrnr_xgboost_20_1_5_4_0.15 
                 0.2257917                  0.2266300 
Lrnr_xgboost_20_1_5_5_0.15 Lrnr_xgboost_20_1_5_6_0.15 
                 0.2275394                  0.2281877 
[1] "done"
NULL
NULL
NULL
[1] "done"
[1] "all"
[1] -0.01377180 -0.02595771
[1] "iter: 4"
[1] 21
[1] 4302   58
 Lrnr_xgboost_20_1_5_1_0.3  Lrnr_xgboost_20_1_5_2_0.3 
                 0.1845512                  0.1449095 
 Lrnr_xgboost_20_1_5_3_0.3  Lrnr_xgboost_20_1_5_4_0.3 
                 0.1434266                  0.1458537 
 Lrnr_xgboost_20_1_5_5_0.3  Lrnr_xgboost_20_1_5_6_0.3 
                 0.1488665                  0.1525253 
Lrnr_xgboost_20_1_5_1_0.25 Lrnr_xgboost_20_1_5_2_0.25 
                 0.2067740                  0.1484671 
Lrnr_xgboost_20_1_5_3_0.25 Lrnr_xgboost_20_1_5_4_0.25 
                 0.1434058                  0.1451158 
Lrnr_xgboost_20_1_5_5_0.25 Lrnr_xgboost_20_1_5_6_0.25 
                 0.1484440                  0.1522125 
 Lrnr_xgboost_20_1_5_1_0.2  Lrnr_xgboost_20_1_5_2_0.2 
                 0.2447439                  0.1565475 
 Lrnr_xgboost_20_1_5_3_0.2  Lrnr_xgboost_20_1_5_4_0.2 
                 0.1452572                  0.1450971 
 Lrnr_xgboost_20_1_5_5_0.2  Lrnr_xgboost_20_1_5_6_0.2 
                 0.1455945                  0.1502970 
Lrnr_xgboost_20_1_5_1_0.15 Lrnr_xgboost_20_1_5_2_0.15 
                 0.3113975                  0.1808039 
Lrnr_xgboost_20_1_5_3_0.15 Lrnr_xgboost_20_1_5_4_0.15 
                 0.1543914                  0.1489165 
Lrnr_xgboost_20_1_5_5_0.15 Lrnr_xgboost_20_1_5_6_0.15 
                 0.1487333                  0.1508737 
 Lrnr_xgboost_20_1_5_1_0.3  Lrnr_xgboost_20_1_5_2_0.3 
                 0.5777656                  0.2022508 
 Lrnr_xgboost_20_1_5_3_0.3  Lrnr_xgboost_20_1_5_4_0.3 
                 0.1744571                  0.1672463 
 Lrnr_xgboost_20_1_5_5_0.3  Lrnr_xgboost_20_1_5_6_0.3 
                 0.1680874                  0.1785843 
Lrnr_xgboost_20_1_5_1_0.25 Lrnr_xgboost_20_1_5_2_0.25 
                 0.7054628                  0.2254510 
Lrnr_xgboost_20_1_5_3_0.25 Lrnr_xgboost_20_1_5_4_0.25 
                 0.1771494                  0.1677210 
Lrnr_xgboost_20_1_5_5_0.25 Lrnr_xgboost_20_1_5_6_0.25 
                 0.1681888                  0.1803687 
 Lrnr_xgboost_20_1_5_1_0.2  Lrnr_xgboost_20_1_5_2_0.2 
                 0.9156778                  0.3217325 
 Lrnr_xgboost_20_1_5_3_0.2  Lrnr_xgboost_20_1_5_4_0.2 
                 0.1951648                  0.1710471 
 Lrnr_xgboost_20_1_5_5_0.2  Lrnr_xgboost_20_1_5_6_0.2 
                 0.1814974                  0.1829870 
Lrnr_xgboost_20_1_5_1_0.15 Lrnr_xgboost_20_1_5_2_0.15 
                 1.2143365                  0.5002379 
Lrnr_xgboost_20_1_5_3_0.15 Lrnr_xgboost_20_1_5_4_0.15 
                 0.2604790                  0.2035828 
Lrnr_xgboost_20_1_5_5_0.15 Lrnr_xgboost_20_1_5_6_0.15 
                 0.2092973                  0.1981655 
 Lrnr_xgboost_20_1_5_1_0.3  Lrnr_xgboost_20_1_5_2_0.3 
                 0.2234104                  0.2225677 
 Lrnr_xgboost_20_1_5_3_0.3  Lrnr_xgboost_20_1_5_4_0.3 
                 0.2235487                  0.2247999 
 Lrnr_xgboost_20_1_5_5_0.3  Lrnr_xgboost_20_1_5_6_0.3 
                 0.2263043                  0.2275480 
Lrnr_xgboost_20_1_5_1_0.25 Lrnr_xgboost_20_1_5_2_0.25 
                 0.2239671                  0.2225279 
Lrnr_xgboost_20_1_5_3_0.25 Lrnr_xgboost_20_1_5_4_0.25 
                 0.2230830                  0.2247160 
Lrnr_xgboost_20_1_5_5_0.25 Lrnr_xgboost_20_1_5_6_0.25 
                 0.2257112                  0.2272264 
 Lrnr_xgboost_20_1_5_1_0.2  Lrnr_xgboost_20_1_5_2_0.2 
                 0.2251079                  0.2226460 
 Lrnr_xgboost_20_1_5_3_0.2  Lrnr_xgboost_20_1_5_4_0.2 
                 0.2229848                  0.2240270 
 Lrnr_xgboost_20_1_5_5_0.2  Lrnr_xgboost_20_1_5_6_0.2 
                 0.2252885                  0.2268177 
Lrnr_xgboost_20_1_5_1_0.15 Lrnr_xgboost_20_1_5_2_0.15 
                 0.2266822                  0.2230710 
Lrnr_xgboost_20_1_5_3_0.15 Lrnr_xgboost_20_1_5_4_0.15 
                 0.2227086                  0.2234404 
Lrnr_xgboost_20_1_5_5_0.15 Lrnr_xgboost_20_1_5_6_0.15 
                 0.2248452                  0.2262191 
[1] "done"
NULL
NULL
NULL
[1] "done"
[1] "all"
[1] -0.01997929 -0.03017378
[1] "iter: 5"
[1] 21
[1] 4302   58
 Lrnr_xgboost_20_1_5_1_0.3  Lrnr_xgboost_20_1_5_2_0.3 
                 0.1862371                  0.1456312 
 Lrnr_xgboost_20_1_5_3_0.3  Lrnr_xgboost_20_1_5_4_0.3 
                 0.1450749                  0.1478442 
 Lrnr_xgboost_20_1_5_5_0.3  Lrnr_xgboost_20_1_5_6_0.3 
                 0.1497937                  0.1512810 
Lrnr_xgboost_20_1_5_1_0.25 Lrnr_xgboost_20_1_5_2_0.25 
                 0.2033495                  0.1477200 
Lrnr_xgboost_20_1_5_3_0.25 Lrnr_xgboost_20_1_5_4_0.25 
                 0.1460995                  0.1470676 
Lrnr_xgboost_20_1_5_5_0.25 Lrnr_xgboost_20_1_5_6_0.25 
                 0.1486059                  0.1517296 
 Lrnr_xgboost_20_1_5_1_0.2  Lrnr_xgboost_20_1_5_2_0.2 
                 0.2431000                  0.1571549 
 Lrnr_xgboost_20_1_5_3_0.2  Lrnr_xgboost_20_1_5_4_0.2 
                 0.1464431                  0.1465983 
 Lrnr_xgboost_20_1_5_5_0.2  Lrnr_xgboost_20_1_5_6_0.2 
                 0.1488710                  0.1502732 
Lrnr_xgboost_20_1_5_1_0.15 Lrnr_xgboost_20_1_5_2_0.15 
                 0.3064346                  0.1809303 
Lrnr_xgboost_20_1_5_3_0.15 Lrnr_xgboost_20_1_5_4_0.15 
                 0.1546018                  0.1505446 
Lrnr_xgboost_20_1_5_5_0.15 Lrnr_xgboost_20_1_5_6_0.15 
                 0.1507297                  0.1518587 
 Lrnr_xgboost_20_1_5_1_0.3  Lrnr_xgboost_20_1_5_2_0.3 
                 0.5614921                  0.2104480 
 Lrnr_xgboost_20_1_5_3_0.3  Lrnr_xgboost_20_1_5_4_0.3 
                 0.1801187                  0.1737441 
 Lrnr_xgboost_20_1_5_5_0.3  Lrnr_xgboost_20_1_5_6_0.3 
                 0.1747794                  0.1885979 
Lrnr_xgboost_20_1_5_1_0.25 Lrnr_xgboost_20_1_5_2_0.25 
                 0.6913227                  0.2412044 
Lrnr_xgboost_20_1_5_3_0.25 Lrnr_xgboost_20_1_5_4_0.25 
                 0.1808405                  0.1698022 
Lrnr_xgboost_20_1_5_5_0.25 Lrnr_xgboost_20_1_5_6_0.25 
                 0.1816378                  0.1857415 
 Lrnr_xgboost_20_1_5_1_0.2  Lrnr_xgboost_20_1_5_2_0.2 
                 0.8792907                  0.3055036 
 Lrnr_xgboost_20_1_5_3_0.2  Lrnr_xgboost_20_1_5_4_0.2 
                 0.1986295                  0.1762928 
 Lrnr_xgboost_20_1_5_5_0.2  Lrnr_xgboost_20_1_5_6_0.2 
                 0.1830648                  0.1907443 
Lrnr_xgboost_20_1_5_1_0.15 Lrnr_xgboost_20_1_5_2_0.15 
                 1.2040038                  0.4645617 
Lrnr_xgboost_20_1_5_3_0.15 Lrnr_xgboost_20_1_5_4_0.15 
                 0.2627657                  0.2058937 
Lrnr_xgboost_20_1_5_5_0.15 Lrnr_xgboost_20_1_5_6_0.15 
                 0.2088780                  0.2041923 
 Lrnr_xgboost_20_1_5_1_0.3  Lrnr_xgboost_20_1_5_2_0.3 
                 0.2248950                  0.2244972 
 Lrnr_xgboost_20_1_5_3_0.3  Lrnr_xgboost_20_1_5_4_0.3 
                 0.2256736                  0.2267993 
 Lrnr_xgboost_20_1_5_5_0.3  Lrnr_xgboost_20_1_5_6_0.3 
                 0.2283146                  0.2299592 
Lrnr_xgboost_20_1_5_1_0.25 Lrnr_xgboost_20_1_5_2_0.25 
                 0.2255786                  0.2244432 
Lrnr_xgboost_20_1_5_3_0.25 Lrnr_xgboost_20_1_5_4_0.25 
                 0.2249469                  0.2263530 
Lrnr_xgboost_20_1_5_5_0.25 Lrnr_xgboost_20_1_5_6_0.25 
                 0.2275617                  0.2289884 
 Lrnr_xgboost_20_1_5_1_0.2  Lrnr_xgboost_20_1_5_2_0.2 
                 0.2268984                  0.2247184 
 Lrnr_xgboost_20_1_5_3_0.2  Lrnr_xgboost_20_1_5_4_0.2 
                 0.2251084                  0.2259745 
 Lrnr_xgboost_20_1_5_5_0.2  Lrnr_xgboost_20_1_5_6_0.2 
                 0.2274125                  0.2289487 
Lrnr_xgboost_20_1_5_1_0.15 Lrnr_xgboost_20_1_5_2_0.15 
                 0.2288355                  0.2251738 
Lrnr_xgboost_20_1_5_3_0.15 Lrnr_xgboost_20_1_5_4_0.15 
                 0.2250105                  0.2254967 
Lrnr_xgboost_20_1_5_5_0.15 Lrnr_xgboost_20_1_5_6_0.15 
                 0.2268523                  0.2279847 
[1] "done"
NULL
NULL
NULL
[1] "done"
[1] "all"
[1] -0.02824967 -0.04096897
[1] "iter: 6"
[1] 21
[1] 4302   58
 Lrnr_xgboost_20_1_5_1_0.3  Lrnr_xgboost_20_1_5_2_0.3 
                 0.1808457                  0.1419192 
 Lrnr_xgboost_20_1_5_3_0.3  Lrnr_xgboost_20_1_5_4_0.3 
                 0.1415073                  0.1421230 
 Lrnr_xgboost_20_1_5_5_0.3  Lrnr_xgboost_20_1_5_6_0.3 
                 0.1425841                  0.1453205 
Lrnr_xgboost_20_1_5_1_0.25 Lrnr_xgboost_20_1_5_2_0.25 
                 0.1991002                  0.1450412 
Lrnr_xgboost_20_1_5_3_0.25 Lrnr_xgboost_20_1_5_4_0.25 
                 0.1398801                  0.1414522 
Lrnr_xgboost_20_1_5_5_0.25 Lrnr_xgboost_20_1_5_6_0.25 
                 0.1419331                  0.1443871 
 Lrnr_xgboost_20_1_5_1_0.2  Lrnr_xgboost_20_1_5_2_0.2 
                 0.2400490                  0.1530438 
 Lrnr_xgboost_20_1_5_3_0.2  Lrnr_xgboost_20_1_5_4_0.2 
                 0.1417135                  0.1405390 
 Lrnr_xgboost_20_1_5_5_0.2  Lrnr_xgboost_20_1_5_6_0.2 
                 0.1412453                  0.1439181 
Lrnr_xgboost_20_1_5_1_0.15 Lrnr_xgboost_20_1_5_2_0.15 
                 0.3053757                  0.1776411 
Lrnr_xgboost_20_1_5_3_0.15 Lrnr_xgboost_20_1_5_4_0.15 
                 0.1495261                  0.1446873 
Lrnr_xgboost_20_1_5_5_0.15 Lrnr_xgboost_20_1_5_6_0.15 
                 0.1438238                  0.1450123 
 Lrnr_xgboost_20_1_5_1_0.3  Lrnr_xgboost_20_1_5_2_0.3 
                 0.5626610                  0.2140690 
 Lrnr_xgboost_20_1_5_3_0.3  Lrnr_xgboost_20_1_5_4_0.3 
                 0.1804313                  0.1813454 
 Lrnr_xgboost_20_1_5_5_0.3  Lrnr_xgboost_20_1_5_6_0.3 
                 0.1805370                  0.1865743 
Lrnr_xgboost_20_1_5_1_0.25 Lrnr_xgboost_20_1_5_2_0.25 
                 0.7014535                  0.2453047 
Lrnr_xgboost_20_1_5_3_0.25 Lrnr_xgboost_20_1_5_4_0.25 
                 0.1889444                  0.1768900 
Lrnr_xgboost_20_1_5_5_0.25 Lrnr_xgboost_20_1_5_6_0.25 
                 0.1836261                  0.1878463 
 Lrnr_xgboost_20_1_5_1_0.2  Lrnr_xgboost_20_1_5_2_0.2 
                 0.9085999                  0.2973508 
 Lrnr_xgboost_20_1_5_3_0.2  Lrnr_xgboost_20_1_5_4_0.2 
                 0.2028570                  0.1809682 
 Lrnr_xgboost_20_1_5_5_0.2  Lrnr_xgboost_20_1_5_6_0.2 
                 0.1859083                  0.1890489 
Lrnr_xgboost_20_1_5_1_0.15 Lrnr_xgboost_20_1_5_2_0.15 
                 1.2272820                  0.4703648 
Lrnr_xgboost_20_1_5_3_0.15 Lrnr_xgboost_20_1_5_4_0.15 
                 0.2684701                  0.2073026 
Lrnr_xgboost_20_1_5_5_0.15 Lrnr_xgboost_20_1_5_6_0.15 
                 0.2032008                  0.1998135 
 Lrnr_xgboost_20_1_5_1_0.3  Lrnr_xgboost_20_1_5_2_0.3 
                 0.2256140                  0.2244306 
 Lrnr_xgboost_20_1_5_3_0.3  Lrnr_xgboost_20_1_5_4_0.3 
                 0.2242562                  0.2250786 
 Lrnr_xgboost_20_1_5_5_0.3  Lrnr_xgboost_20_1_5_6_0.3 
                 0.2262315                  0.2276141 
Lrnr_xgboost_20_1_5_1_0.25 Lrnr_xgboost_20_1_5_2_0.25 
                 0.2260713                  0.2244531 
Lrnr_xgboost_20_1_5_3_0.25 Lrnr_xgboost_20_1_5_4_0.25 
                 0.2243407                  0.2249761 
Lrnr_xgboost_20_1_5_5_0.25 Lrnr_xgboost_20_1_5_6_0.25 
                 0.2257277                  0.2272752 
 Lrnr_xgboost_20_1_5_1_0.2  Lrnr_xgboost_20_1_5_2_0.2 
                 0.2270038                  0.2245280 
 Lrnr_xgboost_20_1_5_3_0.2  Lrnr_xgboost_20_1_5_4_0.2 
                 0.2242800                  0.2248481 
 Lrnr_xgboost_20_1_5_5_0.2  Lrnr_xgboost_20_1_5_6_0.2 
                 0.2256094                  0.2270781 
Lrnr_xgboost_20_1_5_1_0.15 Lrnr_xgboost_20_1_5_2_0.15 
                 0.2286095                  0.2250294 
Lrnr_xgboost_20_1_5_3_0.15 Lrnr_xgboost_20_1_5_4_0.15 
                 0.2244099                  0.2243665 
Lrnr_xgboost_20_1_5_5_0.15 Lrnr_xgboost_20_1_5_6_0.15 
                 0.2254316                  0.2266531 
[1] "done"
NULL
NULL
NULL
[1] "done"
[1] "all"
[1] -0.002355135 -0.017604482
[1] "iter: 7"
[1] 21
[1] 4302   58
 Lrnr_xgboost_20_1_5_1_0.3  Lrnr_xgboost_20_1_5_2_0.3 
                 0.1788973                  0.1429526 
 Lrnr_xgboost_20_1_5_3_0.3  Lrnr_xgboost_20_1_5_4_0.3 
                 0.1422304                  0.1422154 
 Lrnr_xgboost_20_1_5_5_0.3  Lrnr_xgboost_20_1_5_6_0.3 
                 0.1462057                  0.1496384 
Lrnr_xgboost_20_1_5_1_0.25 Lrnr_xgboost_20_1_5_2_0.25 
                 0.2017462                  0.1452652 
Lrnr_xgboost_20_1_5_3_0.25 Lrnr_xgboost_20_1_5_4_0.25 
                 0.1411557                  0.1411616 
Lrnr_xgboost_20_1_5_5_0.25 Lrnr_xgboost_20_1_5_6_0.25 
                 0.1449855                  0.1499174 
 Lrnr_xgboost_20_1_5_1_0.2  Lrnr_xgboost_20_1_5_2_0.2 
                 0.2404465                  0.1538818 
 Lrnr_xgboost_20_1_5_3_0.2  Lrnr_xgboost_20_1_5_4_0.2 
                 0.1434127                  0.1408490 
 Lrnr_xgboost_20_1_5_5_0.2  Lrnr_xgboost_20_1_5_6_0.2 
                 0.1443007                  0.1476405 
Lrnr_xgboost_20_1_5_1_0.15 Lrnr_xgboost_20_1_5_2_0.15 
                 0.3026538                  0.1777935 
Lrnr_xgboost_20_1_5_3_0.15 Lrnr_xgboost_20_1_5_4_0.15 
                 0.1512553                  0.1453650 
Lrnr_xgboost_20_1_5_5_0.15 Lrnr_xgboost_20_1_5_6_0.15 
                 0.1463530                  0.1493341 
 Lrnr_xgboost_20_1_5_1_0.3  Lrnr_xgboost_20_1_5_2_0.3 
                 0.5862765                  0.2305447 
 Lrnr_xgboost_20_1_5_3_0.3  Lrnr_xgboost_20_1_5_4_0.3 
                 0.1846573                  0.1733716 
 Lrnr_xgboost_20_1_5_5_0.3  Lrnr_xgboost_20_1_5_6_0.3 
                 0.1762993                  0.1863344 
Lrnr_xgboost_20_1_5_1_0.25 Lrnr_xgboost_20_1_5_2_0.25 
                 0.7208729                  0.2465447 
Lrnr_xgboost_20_1_5_3_0.25 Lrnr_xgboost_20_1_5_4_0.25 
                 0.1837806                  0.1733822 
Lrnr_xgboost_20_1_5_5_0.25 Lrnr_xgboost_20_1_5_6_0.25 
                 0.1771071                  0.1825470 
 Lrnr_xgboost_20_1_5_1_0.2  Lrnr_xgboost_20_1_5_2_0.2 
                 0.9194352                  0.3161381 
 Lrnr_xgboost_20_1_5_3_0.2  Lrnr_xgboost_20_1_5_4_0.2 
                 0.2040492                  0.1811007 
 Lrnr_xgboost_20_1_5_5_0.2  Lrnr_xgboost_20_1_5_6_0.2 
                 0.1766600                  0.1848505 
Lrnr_xgboost_20_1_5_1_0.15 Lrnr_xgboost_20_1_5_2_0.15 
                 1.2574973                  0.4920799 
Lrnr_xgboost_20_1_5_3_0.15 Lrnr_xgboost_20_1_5_4_0.15 
                 0.2668310                  0.2096980 
Lrnr_xgboost_20_1_5_5_0.15 Lrnr_xgboost_20_1_5_6_0.15 
                 0.1998640                  0.2014723 
 Lrnr_xgboost_20_1_5_1_0.3  Lrnr_xgboost_20_1_5_2_0.3 
                 0.2275387                  0.2261152 
 Lrnr_xgboost_20_1_5_3_0.3  Lrnr_xgboost_20_1_5_4_0.3 
                 0.2267559                  0.2277443 
 Lrnr_xgboost_20_1_5_5_0.3  Lrnr_xgboost_20_1_5_6_0.3 
                 0.2286739                  0.2300212 
Lrnr_xgboost_20_1_5_1_0.25 Lrnr_xgboost_20_1_5_2_0.25 
                 0.2280624                  0.2262700 
Lrnr_xgboost_20_1_5_3_0.25 Lrnr_xgboost_20_1_5_4_0.25 
                 0.2263720                  0.2276028 
Lrnr_xgboost_20_1_5_5_0.25 Lrnr_xgboost_20_1_5_6_0.25 
                 0.2281902                  0.2294680 
 Lrnr_xgboost_20_1_5_1_0.2  Lrnr_xgboost_20_1_5_2_0.2 
                 0.2291153                  0.2266067 
 Lrnr_xgboost_20_1_5_3_0.2  Lrnr_xgboost_20_1_5_4_0.2 
                 0.2263308                  0.2270846 
 Lrnr_xgboost_20_1_5_5_0.2  Lrnr_xgboost_20_1_5_6_0.2 
                 0.2281189                  0.2292524 
Lrnr_xgboost_20_1_5_1_0.15 Lrnr_xgboost_20_1_5_2_0.15 
                 0.2307186                  0.2273089 
Lrnr_xgboost_20_1_5_3_0.15 Lrnr_xgboost_20_1_5_4_0.15 
                 0.2265163                  0.2269624 
Lrnr_xgboost_20_1_5_5_0.15 Lrnr_xgboost_20_1_5_6_0.15 
                 0.2276536                  0.2287158 
[1] "done"
NULL
NULL
NULL
[1] "done"
[1] "all"
[1] -0.006376267 -0.018041852
[1] "iter: 8"
[1] 21
[1] 4302   58
 Lrnr_xgboost_20_1_5_1_0.3  Lrnr_xgboost_20_1_5_2_0.3 
                 0.1869442                  0.1471897 
 Lrnr_xgboost_20_1_5_3_0.3  Lrnr_xgboost_20_1_5_4_0.3 
                 0.1465743                  0.1456885 
 Lrnr_xgboost_20_1_5_5_0.3  Lrnr_xgboost_20_1_5_6_0.3 
                 0.1486006                  0.1512675 
Lrnr_xgboost_20_1_5_1_0.25 Lrnr_xgboost_20_1_5_2_0.25 
                 0.2097792                  0.1518340 
Lrnr_xgboost_20_1_5_3_0.25 Lrnr_xgboost_20_1_5_4_0.25 
                 0.1458137                  0.1469604 
Lrnr_xgboost_20_1_5_5_0.25 Lrnr_xgboost_20_1_5_6_0.25 
                 0.1477939                  0.1515371 
 Lrnr_xgboost_20_1_5_1_0.2  Lrnr_xgboost_20_1_5_2_0.2 
                 0.2465822                  0.1596743 
 Lrnr_xgboost_20_1_5_3_0.2  Lrnr_xgboost_20_1_5_4_0.2 
                 0.1480802                  0.1467609 
 Lrnr_xgboost_20_1_5_5_0.2  Lrnr_xgboost_20_1_5_6_0.2 
                 0.1469179                  0.1501684 
Lrnr_xgboost_20_1_5_1_0.15 Lrnr_xgboost_20_1_5_2_0.15 
                 0.3120356                  0.1839996 
Lrnr_xgboost_20_1_5_3_0.15 Lrnr_xgboost_20_1_5_4_0.15 
                 0.1566421                  0.1510734 
Lrnr_xgboost_20_1_5_5_0.15 Lrnr_xgboost_20_1_5_6_0.15 
                 0.1502488                  0.1526616 
 Lrnr_xgboost_20_1_5_1_0.3  Lrnr_xgboost_20_1_5_2_0.3 
                 0.5796414                  0.2189259 
 Lrnr_xgboost_20_1_5_3_0.3  Lrnr_xgboost_20_1_5_4_0.3 
                 0.1788329                  0.1790924 
 Lrnr_xgboost_20_1_5_5_0.3  Lrnr_xgboost_20_1_5_6_0.3 
                 0.1733702                  0.1802123 
Lrnr_xgboost_20_1_5_1_0.25 Lrnr_xgboost_20_1_5_2_0.25 
                 0.7100533                  0.2420463 
Lrnr_xgboost_20_1_5_3_0.25 Lrnr_xgboost_20_1_5_4_0.25 
                 0.1845860                  0.1737336 
Lrnr_xgboost_20_1_5_5_0.25 Lrnr_xgboost_20_1_5_6_0.25 
                 0.1766364                  0.1817155 
 Lrnr_xgboost_20_1_5_1_0.2  Lrnr_xgboost_20_1_5_2_0.2 
                 0.9125195                  0.3233795 
 Lrnr_xgboost_20_1_5_3_0.2  Lrnr_xgboost_20_1_5_4_0.2 
                 0.1991216                  0.1766028 
 Lrnr_xgboost_20_1_5_5_0.2  Lrnr_xgboost_20_1_5_6_0.2 
                 0.1789723                  0.1820912 
Lrnr_xgboost_20_1_5_1_0.15 Lrnr_xgboost_20_1_5_2_0.15 
                 1.2334049                  0.4648766 
Lrnr_xgboost_20_1_5_3_0.15 Lrnr_xgboost_20_1_5_4_0.15 
                 0.2723774                  0.2084816 
Lrnr_xgboost_20_1_5_5_0.15 Lrnr_xgboost_20_1_5_6_0.15 
                 0.2023326                  0.1960958 
 Lrnr_xgboost_20_1_5_1_0.3  Lrnr_xgboost_20_1_5_2_0.3 
                 0.2249994                  0.2249347 
 Lrnr_xgboost_20_1_5_3_0.3  Lrnr_xgboost_20_1_5_4_0.3 
                 0.2262778                  0.2274154 
 Lrnr_xgboost_20_1_5_5_0.3  Lrnr_xgboost_20_1_5_6_0.3 
                 0.2284794                  0.2293936 
Lrnr_xgboost_20_1_5_1_0.25 Lrnr_xgboost_20_1_5_2_0.25 
                 0.2252493                  0.2251054 
Lrnr_xgboost_20_1_5_3_0.25 Lrnr_xgboost_20_1_5_4_0.25 
                 0.2255606                  0.2271330 
Lrnr_xgboost_20_1_5_5_0.25 Lrnr_xgboost_20_1_5_6_0.25 
                 0.2283355                  0.2290553 
 Lrnr_xgboost_20_1_5_1_0.2  Lrnr_xgboost_20_1_5_2_0.2 
                 0.2264169                  0.2249756 
 Lrnr_xgboost_20_1_5_3_0.2  Lrnr_xgboost_20_1_5_4_0.2 
                 0.2255434                  0.2268819 
 Lrnr_xgboost_20_1_5_5_0.2  Lrnr_xgboost_20_1_5_6_0.2 
                 0.2277401                  0.2286308 
Lrnr_xgboost_20_1_5_1_0.15 Lrnr_xgboost_20_1_5_2_0.15 
                 0.2279766                  0.2253344 
Lrnr_xgboost_20_1_5_3_0.15 Lrnr_xgboost_20_1_5_4_0.15 
                 0.2254544                  0.2266206 
Lrnr_xgboost_20_1_5_5_0.15 Lrnr_xgboost_20_1_5_6_0.15 
                 0.2270002                  0.2281891 
[1] "done"
NULL
NULL
NULL
[1] "done"
[1] "all"
[1] -0.01768824 -0.02099834
[1] "iter: 9"
[1] 21
[1] 4302   58
 Lrnr_xgboost_20_1_5_1_0.3  Lrnr_xgboost_20_1_5_2_0.3 
                 0.1785736                  0.1387332 
 Lrnr_xgboost_20_1_5_3_0.3  Lrnr_xgboost_20_1_5_4_0.3 
                 0.1373531                  0.1372933 
 Lrnr_xgboost_20_1_5_5_0.3  Lrnr_xgboost_20_1_5_6_0.3 
                 0.1401172                  0.1422649 
Lrnr_xgboost_20_1_5_1_0.25 Lrnr_xgboost_20_1_5_2_0.25 
                 0.1986121                  0.1406475 
Lrnr_xgboost_20_1_5_3_0.25 Lrnr_xgboost_20_1_5_4_0.25 
                 0.1363812                  0.1370879 
Lrnr_xgboost_20_1_5_5_0.25 Lrnr_xgboost_20_1_5_6_0.25 
                 0.1390628                  0.1413930 
 Lrnr_xgboost_20_1_5_1_0.2  Lrnr_xgboost_20_1_5_2_0.2 
                 0.2352871                  0.1500175 
 Lrnr_xgboost_20_1_5_3_0.2  Lrnr_xgboost_20_1_5_4_0.2 
                 0.1387919                  0.1374375 
 Lrnr_xgboost_20_1_5_5_0.2  Lrnr_xgboost_20_1_5_6_0.2 
                 0.1386962                  0.1412710 
Lrnr_xgboost_20_1_5_1_0.15 Lrnr_xgboost_20_1_5_2_0.15 
                 0.2999359                  0.1736387 
Lrnr_xgboost_20_1_5_3_0.15 Lrnr_xgboost_20_1_5_4_0.15 
                 0.1476669                  0.1412145 
Lrnr_xgboost_20_1_5_5_0.15 Lrnr_xgboost_20_1_5_6_0.15 
                 0.1413275                  0.1430484 
 Lrnr_xgboost_20_1_5_1_0.3  Lrnr_xgboost_20_1_5_2_0.3 
                 0.5635757                  0.2173565 
 Lrnr_xgboost_20_1_5_3_0.3  Lrnr_xgboost_20_1_5_4_0.3 
                 0.1675118                  0.1530768 
 Lrnr_xgboost_20_1_5_5_0.3  Lrnr_xgboost_20_1_5_6_0.3 
                 0.1548058                  0.1647993 
Lrnr_xgboost_20_1_5_1_0.25 Lrnr_xgboost_20_1_5_2_0.25 
                 0.6945641                  0.2362989 
Lrnr_xgboost_20_1_5_3_0.25 Lrnr_xgboost_20_1_5_4_0.25 
                 0.1696774                  0.1520383 
Lrnr_xgboost_20_1_5_5_0.25 Lrnr_xgboost_20_1_5_6_0.25 
                 0.1570843                  0.1620499 
 Lrnr_xgboost_20_1_5_1_0.2  Lrnr_xgboost_20_1_5_2_0.2 
                 0.9006889                  0.2989459 
 Lrnr_xgboost_20_1_5_3_0.2  Lrnr_xgboost_20_1_5_4_0.2 
                 0.1921970                  0.1600249 
 Lrnr_xgboost_20_1_5_5_0.2  Lrnr_xgboost_20_1_5_6_0.2 
                 0.1602213                  0.1687094 
Lrnr_xgboost_20_1_5_1_0.15 Lrnr_xgboost_20_1_5_2_0.15 
                 1.2063811                  0.4619070 
Lrnr_xgboost_20_1_5_3_0.15 Lrnr_xgboost_20_1_5_4_0.15 
                 0.2586838                  0.1885642 
Lrnr_xgboost_20_1_5_5_0.15 Lrnr_xgboost_20_1_5_6_0.15 
                 0.1773100                  0.1793769 
 Lrnr_xgboost_20_1_5_1_0.3  Lrnr_xgboost_20_1_5_2_0.3 
                 0.2219334                  0.2213973 
 Lrnr_xgboost_20_1_5_3_0.3  Lrnr_xgboost_20_1_5_4_0.3 
                 0.2219621                  0.2215831 
 Lrnr_xgboost_20_1_5_5_0.3  Lrnr_xgboost_20_1_5_6_0.3 
                 0.2226797                  0.2238701 
Lrnr_xgboost_20_1_5_1_0.25 Lrnr_xgboost_20_1_5_2_0.25 
                 0.2226816                  0.2214353 
Lrnr_xgboost_20_1_5_3_0.25 Lrnr_xgboost_20_1_5_4_0.25 
                 0.2218291                  0.2220340 
Lrnr_xgboost_20_1_5_5_0.25 Lrnr_xgboost_20_1_5_6_0.25 
                 0.2227369                  0.2236855 
 Lrnr_xgboost_20_1_5_1_0.2  Lrnr_xgboost_20_1_5_2_0.2 
                 0.2237457                  0.2216544 
 Lrnr_xgboost_20_1_5_3_0.2  Lrnr_xgboost_20_1_5_4_0.2 
                 0.2216374                  0.2218038 
 Lrnr_xgboost_20_1_5_5_0.2  Lrnr_xgboost_20_1_5_6_0.2 
                 0.2223791                  0.2236892 
Lrnr_xgboost_20_1_5_1_0.15 Lrnr_xgboost_20_1_5_2_0.15 
                 0.2255828                  0.2223039 
Lrnr_xgboost_20_1_5_3_0.15 Lrnr_xgboost_20_1_5_4_0.15 
                 0.2215781                  0.2217047 
Lrnr_xgboost_20_1_5_5_0.15 Lrnr_xgboost_20_1_5_6_0.15 
                 0.2220894                  0.2235420 
[1] "done"
NULL
NULL
NULL
[1] "done"
[1] "all"
[1] -0.008005947 -0.021577463
[1] "iter: 10"
[1] 21
[1] 4302   58
 Lrnr_xgboost_20_1_5_1_0.3  Lrnr_xgboost_20_1_5_2_0.3 
                 0.1769002                  0.1386569 
 Lrnr_xgboost_20_1_5_3_0.3  Lrnr_xgboost_20_1_5_4_0.3 
                 0.1370172                  0.1380676 
 Lrnr_xgboost_20_1_5_5_0.3  Lrnr_xgboost_20_1_5_6_0.3 
                 0.1399045                  0.1420072 
Lrnr_xgboost_20_1_5_1_0.25 Lrnr_xgboost_20_1_5_2_0.25 
                 0.1959658                  0.1416520 
Lrnr_xgboost_20_1_5_3_0.25 Lrnr_xgboost_20_1_5_4_0.25 
                 0.1373913                  0.1379300 
Lrnr_xgboost_20_1_5_5_0.25 Lrnr_xgboost_20_1_5_6_0.25 
                 0.1393843                  0.1412753 
 Lrnr_xgboost_20_1_5_1_0.2  Lrnr_xgboost_20_1_5_2_0.2 
                 0.2316643                  0.1508545 
 Lrnr_xgboost_20_1_5_3_0.2  Lrnr_xgboost_20_1_5_4_0.2 
                 0.1399152                  0.1383691 
 Lrnr_xgboost_20_1_5_5_0.2  Lrnr_xgboost_20_1_5_6_0.2 
                 0.1395154                  0.1410820 
Lrnr_xgboost_20_1_5_1_0.15 Lrnr_xgboost_20_1_5_2_0.15 
                 0.2942686                  0.1748050 
Lrnr_xgboost_20_1_5_3_0.15 Lrnr_xgboost_20_1_5_4_0.15 
                 0.1483826                  0.1423305 
Lrnr_xgboost_20_1_5_5_0.15 Lrnr_xgboost_20_1_5_6_0.15 
                 0.1421935                  0.1432067 
 Lrnr_xgboost_20_1_5_1_0.3  Lrnr_xgboost_20_1_5_2_0.3 
                 0.5970497                  0.2409103 
 Lrnr_xgboost_20_1_5_3_0.3  Lrnr_xgboost_20_1_5_4_0.3 
                 0.1823837                  0.1839196 
 Lrnr_xgboost_20_1_5_5_0.3  Lrnr_xgboost_20_1_5_6_0.3 
                 0.1946981                  0.2029535 
Lrnr_xgboost_20_1_5_1_0.25 Lrnr_xgboost_20_1_5_2_0.25 
                 0.7433225                  0.2455107 
Lrnr_xgboost_20_1_5_3_0.25 Lrnr_xgboost_20_1_5_4_0.25 
                 0.1863706                  0.1807326 
Lrnr_xgboost_20_1_5_5_0.25 Lrnr_xgboost_20_1_5_6_0.25 
                 0.1875781                  0.2006427 
 Lrnr_xgboost_20_1_5_1_0.2  Lrnr_xgboost_20_1_5_2_0.2 
                 0.9531331                  0.3257332 
 Lrnr_xgboost_20_1_5_3_0.2  Lrnr_xgboost_20_1_5_4_0.2 
                 0.2032689                  0.1879600 
 Lrnr_xgboost_20_1_5_5_0.2  Lrnr_xgboost_20_1_5_6_0.2 
                 0.1891286                  0.1962389 
Lrnr_xgboost_20_1_5_1_0.15 Lrnr_xgboost_20_1_5_2_0.15 
                 1.2746417                  0.4936620 
Lrnr_xgboost_20_1_5_3_0.15 Lrnr_xgboost_20_1_5_4_0.15 
                 0.2703328                  0.2141879 
Lrnr_xgboost_20_1_5_5_0.15 Lrnr_xgboost_20_1_5_6_0.15 
                 0.2099415                  0.2107134 
 Lrnr_xgboost_20_1_5_1_0.3  Lrnr_xgboost_20_1_5_2_0.3 
                 0.2305460                  0.2302294 
 Lrnr_xgboost_20_1_5_3_0.3  Lrnr_xgboost_20_1_5_4_0.3 
                 0.2305818                  0.2311065 
 Lrnr_xgboost_20_1_5_5_0.3  Lrnr_xgboost_20_1_5_6_0.3 
                 0.2326110                  0.2336803 
Lrnr_xgboost_20_1_5_1_0.25 Lrnr_xgboost_20_1_5_2_0.25 
                 0.2308301                  0.2302597 
Lrnr_xgboost_20_1_5_3_0.25 Lrnr_xgboost_20_1_5_4_0.25 
                 0.2303136                  0.2310502 
Lrnr_xgboost_20_1_5_5_0.25 Lrnr_xgboost_20_1_5_6_0.25 
                 0.2323882                  0.2333497 
 Lrnr_xgboost_20_1_5_1_0.2  Lrnr_xgboost_20_1_5_2_0.2 
                 0.2315293                  0.2301130 
 Lrnr_xgboost_20_1_5_3_0.2  Lrnr_xgboost_20_1_5_4_0.2 
                 0.2302130                  0.2309247 
 Lrnr_xgboost_20_1_5_5_0.2  Lrnr_xgboost_20_1_5_6_0.2 
                 0.2318809                  0.2330807 
Lrnr_xgboost_20_1_5_1_0.15 Lrnr_xgboost_20_1_5_2_0.15 
                 0.2327902                  0.2304984 
Lrnr_xgboost_20_1_5_3_0.15 Lrnr_xgboost_20_1_5_4_0.15 
                 0.2301347                  0.2303403 
Lrnr_xgboost_20_1_5_5_0.15 Lrnr_xgboost_20_1_5_6_0.15 
                 0.2313889                  0.2323073 
[1] "done"
NULL
NULL
NULL
[1] "done"
[1] "all"
[1] -0.01985404 -0.02824096
[1] "iter: 11"
[1] 21
[1] 4302   58
 Lrnr_xgboost_20_1_5_1_0.3  Lrnr_xgboost_20_1_5_2_0.3 
                 0.1884368                  0.1473858 
 Lrnr_xgboost_20_1_5_3_0.3  Lrnr_xgboost_20_1_5_4_0.3 
                 0.1453747                  0.1475133 
 Lrnr_xgboost_20_1_5_5_0.3  Lrnr_xgboost_20_1_5_6_0.3 
                 0.1497847                  0.1528194 
Lrnr_xgboost_20_1_5_1_0.25 Lrnr_xgboost_20_1_5_2_0.25 
                 0.2050046                  0.1502847 
Lrnr_xgboost_20_1_5_3_0.25 Lrnr_xgboost_20_1_5_4_0.25 
                 0.1455263                  0.1472293 
Lrnr_xgboost_20_1_5_5_0.25 Lrnr_xgboost_20_1_5_6_0.25 
                 0.1494076                  0.1517659 
 Lrnr_xgboost_20_1_5_1_0.2  Lrnr_xgboost_20_1_5_2_0.2 
                 0.2459008                  0.1580552 
 Lrnr_xgboost_20_1_5_3_0.2  Lrnr_xgboost_20_1_5_4_0.2 
                 0.1478754                  0.1470235 
 Lrnr_xgboost_20_1_5_5_0.2  Lrnr_xgboost_20_1_5_6_0.2 
                 0.1484724                  0.1505762 
Lrnr_xgboost_20_1_5_1_0.15 Lrnr_xgboost_20_1_5_2_0.15 
                 0.3122266                  0.1823627 
Lrnr_xgboost_20_1_5_3_0.15 Lrnr_xgboost_20_1_5_4_0.15 
                 0.1555158                  0.1501278 
Lrnr_xgboost_20_1_5_5_0.15 Lrnr_xgboost_20_1_5_6_0.15 
                 0.1510531                  0.1530049 
 Lrnr_xgboost_20_1_5_1_0.3  Lrnr_xgboost_20_1_5_2_0.3 
                 0.5612344                  0.2041948 
 Lrnr_xgboost_20_1_5_3_0.3  Lrnr_xgboost_20_1_5_4_0.3 
                 0.1670921                  0.1632309 
 Lrnr_xgboost_20_1_5_5_0.3  Lrnr_xgboost_20_1_5_6_0.3 
                 0.1614778                  0.1722057 
Lrnr_xgboost_20_1_5_1_0.25 Lrnr_xgboost_20_1_5_2_0.25 
                 0.6932068                  0.2437034 
Lrnr_xgboost_20_1_5_3_0.25 Lrnr_xgboost_20_1_5_4_0.25 
                 0.1731742                  0.1611067 
Lrnr_xgboost_20_1_5_5_0.25 Lrnr_xgboost_20_1_5_6_0.25 
                 0.1629100                  0.1677563 
 Lrnr_xgboost_20_1_5_1_0.2  Lrnr_xgboost_20_1_5_2_0.2 
                 0.9040906                  0.3120866 
 Lrnr_xgboost_20_1_5_3_0.2  Lrnr_xgboost_20_1_5_4_0.2 
                 0.1882807                  0.1666935 
 Lrnr_xgboost_20_1_5_5_0.2  Lrnr_xgboost_20_1_5_6_0.2 
                 0.1655812                  0.1694548 
Lrnr_xgboost_20_1_5_1_0.15 Lrnr_xgboost_20_1_5_2_0.15 
                 1.2191374                  0.4759198 
Lrnr_xgboost_20_1_5_3_0.15 Lrnr_xgboost_20_1_5_4_0.15 
                 0.2521181                  0.1928505 
Lrnr_xgboost_20_1_5_5_0.15 Lrnr_xgboost_20_1_5_6_0.15 
                 0.1824636                  0.1825844 
 Lrnr_xgboost_20_1_5_1_0.3  Lrnr_xgboost_20_1_5_2_0.3 
                 0.2263984                  0.2259923 
 Lrnr_xgboost_20_1_5_3_0.3  Lrnr_xgboost_20_1_5_4_0.3 
                 0.2264939                  0.2271329 
 Lrnr_xgboost_20_1_5_5_0.3  Lrnr_xgboost_20_1_5_6_0.3 
                 0.2279709                  0.2288907 
Lrnr_xgboost_20_1_5_1_0.25 Lrnr_xgboost_20_1_5_2_0.25 
                 0.2270253                  0.2258343 
Lrnr_xgboost_20_1_5_3_0.25 Lrnr_xgboost_20_1_5_4_0.25 
                 0.2260603                  0.2270537 
Lrnr_xgboost_20_1_5_5_0.25 Lrnr_xgboost_20_1_5_6_0.25 
                 0.2278681                  0.2292524 
 Lrnr_xgboost_20_1_5_1_0.2  Lrnr_xgboost_20_1_5_2_0.2 
                 0.2280878                  0.2260833 
 Lrnr_xgboost_20_1_5_3_0.2  Lrnr_xgboost_20_1_5_4_0.2 
                 0.2259868                  0.2264872 
 Lrnr_xgboost_20_1_5_5_0.2  Lrnr_xgboost_20_1_5_6_0.2 
                 0.2275864                  0.2284457 
Lrnr_xgboost_20_1_5_1_0.15 Lrnr_xgboost_20_1_5_2_0.15 
                 0.2299006                  0.2265589 
Lrnr_xgboost_20_1_5_3_0.15 Lrnr_xgboost_20_1_5_4_0.15 
                 0.2259727                  0.2263482 
Lrnr_xgboost_20_1_5_5_0.15 Lrnr_xgboost_20_1_5_6_0.15 
                 0.2271406                  0.2275674 
[1] "done"
NULL
NULL
NULL
[1] "done"
[1] "all"
[1] -0.01163923 -0.02113420
[1] "iter: 12"
[1] 21
[1] 4302   58
 Lrnr_xgboost_20_1_5_1_0.3  Lrnr_xgboost_20_1_5_2_0.3 
                 0.1870223                  0.1464017 
 Lrnr_xgboost_20_1_5_3_0.3  Lrnr_xgboost_20_1_5_4_0.3 
                 0.1458286                  0.1468035 
 Lrnr_xgboost_20_1_5_5_0.3  Lrnr_xgboost_20_1_5_6_0.3 
                 0.1489106                  0.1506086 
Lrnr_xgboost_20_1_5_1_0.25 Lrnr_xgboost_20_1_5_2_0.25 
                 0.2073888                  0.1494928 
Lrnr_xgboost_20_1_5_3_0.25 Lrnr_xgboost_20_1_5_4_0.25 
                 0.1454449                  0.1459054 
Lrnr_xgboost_20_1_5_5_0.25 Lrnr_xgboost_20_1_5_6_0.25 
                 0.1478119                  0.1500062 
 Lrnr_xgboost_20_1_5_1_0.2  Lrnr_xgboost_20_1_5_2_0.2 
                 0.2429384                  0.1589520 
 Lrnr_xgboost_20_1_5_3_0.2  Lrnr_xgboost_20_1_5_4_0.2 
                 0.1469106                  0.1456881 
 Lrnr_xgboost_20_1_5_5_0.2  Lrnr_xgboost_20_1_5_6_0.2 
                 0.1465484                  0.1497450 
Lrnr_xgboost_20_1_5_1_0.15 Lrnr_xgboost_20_1_5_2_0.15 
                 0.3064614                  0.1830072 
Lrnr_xgboost_20_1_5_3_0.15 Lrnr_xgboost_20_1_5_4_0.15 
                 0.1557898                  0.1499100 
Lrnr_xgboost_20_1_5_5_0.15 Lrnr_xgboost_20_1_5_6_0.15 
                 0.1494605                  0.1513563 
 Lrnr_xgboost_20_1_5_1_0.3  Lrnr_xgboost_20_1_5_2_0.3 
                 0.5567089                  0.2137044 
 Lrnr_xgboost_20_1_5_3_0.3  Lrnr_xgboost_20_1_5_4_0.3 
                 0.1869387                  0.1772383 
 Lrnr_xgboost_20_1_5_5_0.3  Lrnr_xgboost_20_1_5_6_0.3 
                 0.1818548                  0.1855945 
Lrnr_xgboost_20_1_5_1_0.25 Lrnr_xgboost_20_1_5_2_0.25 
                 0.6924207                  0.2398656 
Lrnr_xgboost_20_1_5_3_0.25 Lrnr_xgboost_20_1_5_4_0.25 
                 0.1838229                  0.1710932 
Lrnr_xgboost_20_1_5_5_0.25 Lrnr_xgboost_20_1_5_6_0.25 
                 0.1818122                  0.1868529 
 Lrnr_xgboost_20_1_5_1_0.2  Lrnr_xgboost_20_1_5_2_0.2 
                 0.8984002                  0.3014826 
 Lrnr_xgboost_20_1_5_3_0.2  Lrnr_xgboost_20_1_5_4_0.2 
                 0.1956525                  0.1802536 
 Lrnr_xgboost_20_1_5_5_0.2  Lrnr_xgboost_20_1_5_6_0.2 
                 0.1856995                  0.1906306 
Lrnr_xgboost_20_1_5_1_0.15 Lrnr_xgboost_20_1_5_2_0.15 
                 1.2037628                  0.4767772 
Lrnr_xgboost_20_1_5_3_0.15 Lrnr_xgboost_20_1_5_4_0.15 
                 0.2673885                  0.2086004 
Lrnr_xgboost_20_1_5_5_0.15 Lrnr_xgboost_20_1_5_6_0.15 
                 0.2058829                  0.2012603 
 Lrnr_xgboost_20_1_5_1_0.3  Lrnr_xgboost_20_1_5_2_0.3 
                 0.2271688                  0.2270020 
 Lrnr_xgboost_20_1_5_3_0.3  Lrnr_xgboost_20_1_5_4_0.3 
                 0.2282063                  0.2295883 
 Lrnr_xgboost_20_1_5_5_0.3  Lrnr_xgboost_20_1_5_6_0.3 
                 0.2313263                  0.2335263 
Lrnr_xgboost_20_1_5_1_0.25 Lrnr_xgboost_20_1_5_2_0.25 
                 0.2275880                  0.2270093 
Lrnr_xgboost_20_1_5_3_0.25 Lrnr_xgboost_20_1_5_4_0.25 
                 0.2281585                  0.2291298 
Lrnr_xgboost_20_1_5_5_0.25 Lrnr_xgboost_20_1_5_6_0.25 
                 0.2309216                  0.2332086 
 Lrnr_xgboost_20_1_5_1_0.2  Lrnr_xgboost_20_1_5_2_0.2 
                 0.2284575                  0.2271010 
 Lrnr_xgboost_20_1_5_3_0.2  Lrnr_xgboost_20_1_5_4_0.2 
                 0.2277857                  0.2287918 
 Lrnr_xgboost_20_1_5_5_0.2  Lrnr_xgboost_20_1_5_6_0.2 
                 0.2304321                  0.2325092 
Lrnr_xgboost_20_1_5_1_0.15 Lrnr_xgboost_20_1_5_2_0.15 
                 0.2297107                  0.2273544 
Lrnr_xgboost_20_1_5_3_0.15 Lrnr_xgboost_20_1_5_4_0.15 
                 0.2274870                  0.2280313 
Lrnr_xgboost_20_1_5_5_0.15 Lrnr_xgboost_20_1_5_6_0.15 
                 0.2297808                  0.2318235 
[1] "done"
NULL
NULL
NULL
[1] "done"
[1] "all"
[1] -0.01766951 -0.03229393
[1] "iter: 13"
[1] 21
[1] 4302   58
 Lrnr_xgboost_20_1_5_1_0.3  Lrnr_xgboost_20_1_5_2_0.3 
                 0.1840531                  0.1416985 
 Lrnr_xgboost_20_1_5_3_0.3  Lrnr_xgboost_20_1_5_4_0.3 
                 0.1390287                  0.1393829 
 Lrnr_xgboost_20_1_5_5_0.3  Lrnr_xgboost_20_1_5_6_0.3 
                 0.1425160                  0.1440574 
Lrnr_xgboost_20_1_5_1_0.25 Lrnr_xgboost_20_1_5_2_0.25 
                 0.2072517                  0.1445624 
Lrnr_xgboost_20_1_5_3_0.25 Lrnr_xgboost_20_1_5_4_0.25 
                 0.1388703                  0.1402044 
Lrnr_xgboost_20_1_5_5_0.25 Lrnr_xgboost_20_1_5_6_0.25 
                 0.1414059                  0.1430518 
 Lrnr_xgboost_20_1_5_1_0.2  Lrnr_xgboost_20_1_5_2_0.2 
                 0.2479890                  0.1555361 
 Lrnr_xgboost_20_1_5_3_0.2  Lrnr_xgboost_20_1_5_4_0.2 
                 0.1419638                  0.1405927 
 Lrnr_xgboost_20_1_5_5_0.2  Lrnr_xgboost_20_1_5_6_0.2 
                 0.1413880                  0.1432376 
Lrnr_xgboost_20_1_5_1_0.15 Lrnr_xgboost_20_1_5_2_0.15 
                 0.3159628                  0.1830351 
Lrnr_xgboost_20_1_5_3_0.15 Lrnr_xgboost_20_1_5_4_0.15 
                 0.1522154                  0.1445473 
Lrnr_xgboost_20_1_5_5_0.15 Lrnr_xgboost_20_1_5_6_0.15 
                 0.1438729                  0.1456683 
 Lrnr_xgboost_20_1_5_1_0.3  Lrnr_xgboost_20_1_5_2_0.3 
                 0.5618224                  0.2066225 
 Lrnr_xgboost_20_1_5_3_0.3  Lrnr_xgboost_20_1_5_4_0.3 
                 0.1683484                  0.1628558 
 Lrnr_xgboost_20_1_5_5_0.3  Lrnr_xgboost_20_1_5_6_0.3 
                 0.1690351                  0.1708698 
Lrnr_xgboost_20_1_5_1_0.25 Lrnr_xgboost_20_1_5_2_0.25 
                 0.6884640                  0.2406851 
Lrnr_xgboost_20_1_5_3_0.25 Lrnr_xgboost_20_1_5_4_0.25 
                 0.1739824                  0.1665270 
Lrnr_xgboost_20_1_5_5_0.25 Lrnr_xgboost_20_1_5_6_0.25 
                 0.1692650                  0.1670921 
 Lrnr_xgboost_20_1_5_1_0.2  Lrnr_xgboost_20_1_5_2_0.2 
                 0.9112877                  0.3121603 
 Lrnr_xgboost_20_1_5_3_0.2  Lrnr_xgboost_20_1_5_4_0.2 
                 0.1902746                  0.1697611 
 Lrnr_xgboost_20_1_5_5_0.2  Lrnr_xgboost_20_1_5_6_0.2 
                 0.1717809                  0.1726638 
Lrnr_xgboost_20_1_5_1_0.15 Lrnr_xgboost_20_1_5_2_0.15 
                 1.2200652                  0.4668976 
Lrnr_xgboost_20_1_5_3_0.15 Lrnr_xgboost_20_1_5_4_0.15 
                 0.2541511                  0.1984638 
Lrnr_xgboost_20_1_5_5_0.15 Lrnr_xgboost_20_1_5_6_0.15 
                 0.1912068                  0.1888165 
 Lrnr_xgboost_20_1_5_1_0.3  Lrnr_xgboost_20_1_5_2_0.3 
                 0.2271818                  0.2280580 
 Lrnr_xgboost_20_1_5_3_0.3  Lrnr_xgboost_20_1_5_4_0.3 
                 0.2286238                  0.2292474 
 Lrnr_xgboost_20_1_5_5_0.3  Lrnr_xgboost_20_1_5_6_0.3 
                 0.2308006                  0.2317806 
Lrnr_xgboost_20_1_5_1_0.25 Lrnr_xgboost_20_1_5_2_0.25 
                 0.2276673                  0.2277689 
Lrnr_xgboost_20_1_5_3_0.25 Lrnr_xgboost_20_1_5_4_0.25 
                 0.2286427                  0.2294489 
Lrnr_xgboost_20_1_5_5_0.25 Lrnr_xgboost_20_1_5_6_0.25 
                 0.2307304                  0.2319431 
 Lrnr_xgboost_20_1_5_1_0.2  Lrnr_xgboost_20_1_5_2_0.2 
                 0.2283633                  0.2279561 
 Lrnr_xgboost_20_1_5_3_0.2  Lrnr_xgboost_20_1_5_4_0.2 
                 0.2283544                  0.2291601 
 Lrnr_xgboost_20_1_5_5_0.2  Lrnr_xgboost_20_1_5_6_0.2 
                 0.2301559                  0.2315169 
Lrnr_xgboost_20_1_5_1_0.15 Lrnr_xgboost_20_1_5_2_0.15 
                 0.2296577                  0.2278609 
Lrnr_xgboost_20_1_5_3_0.15 Lrnr_xgboost_20_1_5_4_0.15 
                 0.2279755                  0.2289545 
Lrnr_xgboost_20_1_5_5_0.15 Lrnr_xgboost_20_1_5_6_0.15 
                 0.2300525                  0.2308603 
[1] "done"
NULL
NULL
NULL
[1] "done"
[1] "all"
[1] 0.01974830 0.01139757
[1] "iter: 14"
[1] 21
[1] 4302   58
 Lrnr_xgboost_20_1_5_1_0.3  Lrnr_xgboost_20_1_5_2_0.3 
                 0.1805775                  0.1409512 
 Lrnr_xgboost_20_1_5_3_0.3  Lrnr_xgboost_20_1_5_4_0.3 
                 0.1387451                  0.1390364 
 Lrnr_xgboost_20_1_5_5_0.3  Lrnr_xgboost_20_1_5_6_0.3 
                 0.1409737                  0.1427713 
Lrnr_xgboost_20_1_5_1_0.25 Lrnr_xgboost_20_1_5_2_0.25 
                 0.2018288                  0.1448752 
Lrnr_xgboost_20_1_5_3_0.25 Lrnr_xgboost_20_1_5_4_0.25 
                 0.1396396                  0.1392541 
Lrnr_xgboost_20_1_5_5_0.25 Lrnr_xgboost_20_1_5_6_0.25 
                 0.1403452                  0.1426220 
 Lrnr_xgboost_20_1_5_1_0.2  Lrnr_xgboost_20_1_5_2_0.2 
                 0.2415003                  0.1538061 
 Lrnr_xgboost_20_1_5_3_0.2  Lrnr_xgboost_20_1_5_4_0.2 
                 0.1406969                  0.1397993 
 Lrnr_xgboost_20_1_5_5_0.2  Lrnr_xgboost_20_1_5_6_0.2 
                 0.1408033                  0.1419312 
Lrnr_xgboost_20_1_5_1_0.15 Lrnr_xgboost_20_1_5_2_0.15 
                 0.3042484                  0.1782371 
Lrnr_xgboost_20_1_5_3_0.15 Lrnr_xgboost_20_1_5_4_0.15 
                 0.1499289                  0.1440488 
Lrnr_xgboost_20_1_5_5_0.15 Lrnr_xgboost_20_1_5_6_0.15 
                 0.1431974                  0.1439763 
 Lrnr_xgboost_20_1_5_1_0.3  Lrnr_xgboost_20_1_5_2_0.3 
                 0.5722180                  0.2199641 
 Lrnr_xgboost_20_1_5_3_0.3  Lrnr_xgboost_20_1_5_4_0.3 
                 0.1794260                  0.1719476 
 Lrnr_xgboost_20_1_5_5_0.3  Lrnr_xgboost_20_1_5_6_0.3 
                 0.1796682                  0.1787288 
Lrnr_xgboost_20_1_5_1_0.25 Lrnr_xgboost_20_1_5_2_0.25 
                 0.7098409                  0.2473490 
Lrnr_xgboost_20_1_5_3_0.25 Lrnr_xgboost_20_1_5_4_0.25 
                 0.1844324                  0.1748818 
Lrnr_xgboost_20_1_5_5_0.25 Lrnr_xgboost_20_1_5_6_0.25 
                 0.1772794                  0.1775143 
 Lrnr_xgboost_20_1_5_1_0.2  Lrnr_xgboost_20_1_5_2_0.2 
                 0.9232668                  0.3260194 
 Lrnr_xgboost_20_1_5_3_0.2  Lrnr_xgboost_20_1_5_4_0.2 
                 0.2029347                  0.1766352 
 Lrnr_xgboost_20_1_5_5_0.2  Lrnr_xgboost_20_1_5_6_0.2 
                 0.1840433                  0.1793283 
Lrnr_xgboost_20_1_5_1_0.15 Lrnr_xgboost_20_1_5_2_0.15 
                 1.2340678                  0.4897723 
Lrnr_xgboost_20_1_5_3_0.15 Lrnr_xgboost_20_1_5_4_0.15 
                 0.2740857                  0.2089219 
Lrnr_xgboost_20_1_5_5_0.15 Lrnr_xgboost_20_1_5_6_0.15 
                 0.2023002                  0.1937703 
 Lrnr_xgboost_20_1_5_1_0.3  Lrnr_xgboost_20_1_5_2_0.3 
                 0.2270118                  0.2268143 
 Lrnr_xgboost_20_1_5_3_0.3  Lrnr_xgboost_20_1_5_4_0.3 
                 0.2264830                  0.2270724 
 Lrnr_xgboost_20_1_5_5_0.3  Lrnr_xgboost_20_1_5_6_0.3 
                 0.2282706                  0.2280295 
Lrnr_xgboost_20_1_5_1_0.25 Lrnr_xgboost_20_1_5_2_0.25 
                 0.2275431                  0.2267935 
Lrnr_xgboost_20_1_5_3_0.25 Lrnr_xgboost_20_1_5_4_0.25 
                 0.2265015                  0.2268607 
Lrnr_xgboost_20_1_5_5_0.25 Lrnr_xgboost_20_1_5_6_0.25 
                 0.2276313                  0.2282415 
 Lrnr_xgboost_20_1_5_1_0.2  Lrnr_xgboost_20_1_5_2_0.2 
                 0.2286636                  0.2267134 
 Lrnr_xgboost_20_1_5_3_0.2  Lrnr_xgboost_20_1_5_4_0.2 
                 0.2262980                  0.2267246 
 Lrnr_xgboost_20_1_5_5_0.2  Lrnr_xgboost_20_1_5_6_0.2 
                 0.2274374                  0.2278011 
Lrnr_xgboost_20_1_5_1_0.15 Lrnr_xgboost_20_1_5_2_0.15 
                 0.2304274                  0.2270660 
Lrnr_xgboost_20_1_5_3_0.15 Lrnr_xgboost_20_1_5_4_0.15 
                 0.2264451                  0.2266488 
Lrnr_xgboost_20_1_5_5_0.15 Lrnr_xgboost_20_1_5_6_0.15 
                 0.2267967                  0.2272651 
[1] "done"
NULL
NULL
NULL
[1] "done"
[1] "all"
[1]  0.002766150 -0.006174644
[1] "iter: 15"
[1] 21
[1] 4302   58
 Lrnr_xgboost_20_1_5_1_0.3  Lrnr_xgboost_20_1_5_2_0.3 
                 0.1823007                  0.1404056 
 Lrnr_xgboost_20_1_5_3_0.3  Lrnr_xgboost_20_1_5_4_0.3 
                 0.1390608                  0.1397888 
 Lrnr_xgboost_20_1_5_5_0.3  Lrnr_xgboost_20_1_5_6_0.3 
                 0.1413670                  0.1427652 
Lrnr_xgboost_20_1_5_1_0.25 Lrnr_xgboost_20_1_5_2_0.25 
                 0.1994269                  0.1435997 
Lrnr_xgboost_20_1_5_3_0.25 Lrnr_xgboost_20_1_5_4_0.25 
                 0.1391443                  0.1399211 
Lrnr_xgboost_20_1_5_5_0.25 Lrnr_xgboost_20_1_5_6_0.25 
                 0.1409040                  0.1430749 
 Lrnr_xgboost_20_1_5_1_0.2  Lrnr_xgboost_20_1_5_2_0.2 
                 0.2362191                  0.1530311 
 Lrnr_xgboost_20_1_5_3_0.2  Lrnr_xgboost_20_1_5_4_0.2 
                 0.1411577                  0.1394987 
 Lrnr_xgboost_20_1_5_5_0.2  Lrnr_xgboost_20_1_5_6_0.2 
                 0.1407423                  0.1427910 
Lrnr_xgboost_20_1_5_1_0.15 Lrnr_xgboost_20_1_5_2_0.15 
                 0.3001540                  0.1760048 
Lrnr_xgboost_20_1_5_3_0.15 Lrnr_xgboost_20_1_5_4_0.15 
                 0.1492510                  0.1440547 
Lrnr_xgboost_20_1_5_5_0.15 Lrnr_xgboost_20_1_5_6_0.15 
                 0.1435848                  0.1449283 
 Lrnr_xgboost_20_1_5_1_0.3  Lrnr_xgboost_20_1_5_2_0.3 
                 0.5959692                  0.2087509 
 Lrnr_xgboost_20_1_5_3_0.3  Lrnr_xgboost_20_1_5_4_0.3 
                 0.1752234                  0.1741374 
 Lrnr_xgboost_20_1_5_5_0.3  Lrnr_xgboost_20_1_5_6_0.3 
                 0.1749145                  0.1836969 
Lrnr_xgboost_20_1_5_1_0.25 Lrnr_xgboost_20_1_5_2_0.25 
                 0.7328177                  0.2520185 
Lrnr_xgboost_20_1_5_3_0.25 Lrnr_xgboost_20_1_5_4_0.25 
                 0.1801904                  0.1703810 
Lrnr_xgboost_20_1_5_5_0.25 Lrnr_xgboost_20_1_5_6_0.25 
                 0.1747413                  0.1836695 
 Lrnr_xgboost_20_1_5_1_0.2  Lrnr_xgboost_20_1_5_2_0.2 
                 0.9315278                  0.3392926 
 Lrnr_xgboost_20_1_5_3_0.2  Lrnr_xgboost_20_1_5_4_0.2 
                 0.1946965                  0.1764674 
 Lrnr_xgboost_20_1_5_5_0.2  Lrnr_xgboost_20_1_5_6_0.2 
                 0.1796369                  0.1858868 
Lrnr_xgboost_20_1_5_1_0.15 Lrnr_xgboost_20_1_5_2_0.15 
                 1.2449852                  0.4952029 
Lrnr_xgboost_20_1_5_3_0.15 Lrnr_xgboost_20_1_5_4_0.15 
                 0.2689665                  0.2039647 
Lrnr_xgboost_20_1_5_5_0.15 Lrnr_xgboost_20_1_5_6_0.15 
                 0.1985832                  0.1967355 
 Lrnr_xgboost_20_1_5_1_0.3  Lrnr_xgboost_20_1_5_2_0.3 
                 0.2258920                  0.2257688 
 Lrnr_xgboost_20_1_5_3_0.3  Lrnr_xgboost_20_1_5_4_0.3 
                 0.2259901                  0.2271770 
 Lrnr_xgboost_20_1_5_5_0.3  Lrnr_xgboost_20_1_5_6_0.3 
                 0.2288130                  0.2305090 
Lrnr_xgboost_20_1_5_1_0.25 Lrnr_xgboost_20_1_5_2_0.25 
                 0.2263179                  0.2257078 
Lrnr_xgboost_20_1_5_3_0.25 Lrnr_xgboost_20_1_5_4_0.25 
                 0.2258887                  0.2267070 
Lrnr_xgboost_20_1_5_5_0.25 Lrnr_xgboost_20_1_5_6_0.25 
                 0.2281404                  0.2301248 
 Lrnr_xgboost_20_1_5_1_0.2  Lrnr_xgboost_20_1_5_2_0.2 
                 0.2275470                  0.2256742 
 Lrnr_xgboost_20_1_5_3_0.2  Lrnr_xgboost_20_1_5_4_0.2 
                 0.2258999                  0.2265287 
 Lrnr_xgboost_20_1_5_5_0.2  Lrnr_xgboost_20_1_5_6_0.2 
                 0.2277721                  0.2294163 
Lrnr_xgboost_20_1_5_1_0.15 Lrnr_xgboost_20_1_5_2_0.15 
                 0.2290984                  0.2261622 
Lrnr_xgboost_20_1_5_3_0.15 Lrnr_xgboost_20_1_5_4_0.15 
                 0.2256056                  0.2259526 
Lrnr_xgboost_20_1_5_5_0.15 Lrnr_xgboost_20_1_5_6_0.15 
                 0.2272517                  0.2286428 
[1] "done"
NULL
NULL
NULL
[1] "done"
[1] "all"
[1] -0.01950912 -0.03123109
[1] "iter: 16"
[1] 21
[1] 4302   58
 Lrnr_xgboost_20_1_5_1_0.3  Lrnr_xgboost_20_1_5_2_0.3 
                 0.1735565                  0.1379445 
 Lrnr_xgboost_20_1_5_3_0.3  Lrnr_xgboost_20_1_5_4_0.3 
                 0.1369057                  0.1380929 
 Lrnr_xgboost_20_1_5_5_0.3  Lrnr_xgboost_20_1_5_6_0.3 
                 0.1406011                  0.1426242 
Lrnr_xgboost_20_1_5_1_0.25 Lrnr_xgboost_20_1_5_2_0.25 
                 0.1914538                  0.1411138 
Lrnr_xgboost_20_1_5_3_0.25 Lrnr_xgboost_20_1_5_4_0.25 
                 0.1370841                  0.1375935 
Lrnr_xgboost_20_1_5_5_0.25 Lrnr_xgboost_20_1_5_6_0.25 
                 0.1389329                  0.1415411 
 Lrnr_xgboost_20_1_5_1_0.2  Lrnr_xgboost_20_1_5_2_0.2 
                 0.2307314                  0.1494463 
 Lrnr_xgboost_20_1_5_3_0.2  Lrnr_xgboost_20_1_5_4_0.2 
                 0.1390056                  0.1381685 
 Lrnr_xgboost_20_1_5_5_0.2  Lrnr_xgboost_20_1_5_6_0.2 
                 0.1392075                  0.1412698 
Lrnr_xgboost_20_1_5_1_0.15 Lrnr_xgboost_20_1_5_2_0.15 
                 0.2943627                  0.1729134 
Lrnr_xgboost_20_1_5_3_0.15 Lrnr_xgboost_20_1_5_4_0.15 
                 0.1475690                  0.1425023 
Lrnr_xgboost_20_1_5_5_0.15 Lrnr_xgboost_20_1_5_6_0.15 
                 0.1416224                  0.1429728 
 Lrnr_xgboost_20_1_5_1_0.3  Lrnr_xgboost_20_1_5_2_0.3 
                 0.5541279                  0.2351581 
 Lrnr_xgboost_20_1_5_3_0.3  Lrnr_xgboost_20_1_5_4_0.3 
                 0.2011808                  0.1964825 
 Lrnr_xgboost_20_1_5_5_0.3  Lrnr_xgboost_20_1_5_6_0.3 
                 0.2026613                  0.2136911 
Lrnr_xgboost_20_1_5_1_0.25 Lrnr_xgboost_20_1_5_2_0.25 
                 0.6738273                  0.2617562 
Lrnr_xgboost_20_1_5_3_0.25 Lrnr_xgboost_20_1_5_4_0.25 
                 0.2118391                  0.1943175 
Lrnr_xgboost_20_1_5_5_0.25 Lrnr_xgboost_20_1_5_6_0.25 
                 0.2019812                  0.2120454 
 Lrnr_xgboost_20_1_5_1_0.2  Lrnr_xgboost_20_1_5_2_0.2 
                 0.8651288                  0.3204373 
 Lrnr_xgboost_20_1_5_3_0.2  Lrnr_xgboost_20_1_5_4_0.2 
                 0.2195311                  0.1959645 
 Lrnr_xgboost_20_1_5_5_0.2  Lrnr_xgboost_20_1_5_6_0.2 
                 0.2058750                  0.2127404 
Lrnr_xgboost_20_1_5_1_0.15 Lrnr_xgboost_20_1_5_2_0.15 
                 1.1841414                  0.4834794 
Lrnr_xgboost_20_1_5_3_0.15 Lrnr_xgboost_20_1_5_4_0.15 
                 0.2866590                  0.2278748 
Lrnr_xgboost_20_1_5_5_0.15 Lrnr_xgboost_20_1_5_6_0.15 
                 0.2257806                  0.2221131 
 Lrnr_xgboost_20_1_5_1_0.3  Lrnr_xgboost_20_1_5_2_0.3 
                 0.2282389                  0.2277343 
 Lrnr_xgboost_20_1_5_3_0.3  Lrnr_xgboost_20_1_5_4_0.3 
                 0.2291262                  0.2301303 
 Lrnr_xgboost_20_1_5_5_0.3  Lrnr_xgboost_20_1_5_6_0.3 
                 0.2320441                  0.2343315 
Lrnr_xgboost_20_1_5_1_0.25 Lrnr_xgboost_20_1_5_2_0.25 
                 0.2285152                  0.2277984 
Lrnr_xgboost_20_1_5_3_0.25 Lrnr_xgboost_20_1_5_4_0.25 
                 0.2283628                  0.2292923 
Lrnr_xgboost_20_1_5_5_0.25 Lrnr_xgboost_20_1_5_6_0.25 
                 0.2312653                  0.2332253 
 Lrnr_xgboost_20_1_5_1_0.2  Lrnr_xgboost_20_1_5_2_0.2 
                 0.2292752                  0.2278420 
 Lrnr_xgboost_20_1_5_3_0.2  Lrnr_xgboost_20_1_5_4_0.2 
                 0.2284392                  0.2292305 
 Lrnr_xgboost_20_1_5_5_0.2  Lrnr_xgboost_20_1_5_6_0.2 
                 0.2305844                  0.2329098 
Lrnr_xgboost_20_1_5_1_0.15 Lrnr_xgboost_20_1_5_2_0.15 
                 0.2309000                  0.2281550 
Lrnr_xgboost_20_1_5_3_0.15 Lrnr_xgboost_20_1_5_4_0.15 
                 0.2285747                  0.2289076 
Lrnr_xgboost_20_1_5_5_0.15 Lrnr_xgboost_20_1_5_6_0.15 
                 0.2303875                  0.2324872 
[1] "done"
NULL
NULL
NULL
[1] "done"
[1] "all"
[1] -0.01209245 -0.02257531
[1] "iter: 17"
[1] 21
[1] 4302   58
 Lrnr_xgboost_20_1_5_1_0.3  Lrnr_xgboost_20_1_5_2_0.3 
                 0.1861795                  0.1456206 
 Lrnr_xgboost_20_1_5_3_0.3  Lrnr_xgboost_20_1_5_4_0.3 
                 0.1443899                  0.1455114 
 Lrnr_xgboost_20_1_5_5_0.3  Lrnr_xgboost_20_1_5_6_0.3 
                 0.1474516                  0.1494997 
Lrnr_xgboost_20_1_5_1_0.25 Lrnr_xgboost_20_1_5_2_0.25 
                 0.2059665                  0.1494589 
Lrnr_xgboost_20_1_5_3_0.25 Lrnr_xgboost_20_1_5_4_0.25 
                 0.1436747                  0.1440368 
Lrnr_xgboost_20_1_5_5_0.25 Lrnr_xgboost_20_1_5_6_0.25 
                 0.1469309                  0.1489039 
 Lrnr_xgboost_20_1_5_1_0.2  Lrnr_xgboost_20_1_5_2_0.2 
                 0.2403901                  0.1561417 
 Lrnr_xgboost_20_1_5_3_0.2  Lrnr_xgboost_20_1_5_4_0.2 
                 0.1460856                  0.1450349 
 Lrnr_xgboost_20_1_5_5_0.2  Lrnr_xgboost_20_1_5_6_0.2 
                 0.1473343                  0.1490319 
Lrnr_xgboost_20_1_5_1_0.15 Lrnr_xgboost_20_1_5_2_0.15 
                 0.3043660                  0.1807508 
Lrnr_xgboost_20_1_5_3_0.15 Lrnr_xgboost_20_1_5_4_0.15 
                 0.1541157                  0.1488574 
Lrnr_xgboost_20_1_5_5_0.15 Lrnr_xgboost_20_1_5_6_0.15 
                 0.1492848                  0.1509855 
 Lrnr_xgboost_20_1_5_1_0.3  Lrnr_xgboost_20_1_5_2_0.3 
                 0.5600567                  0.2025481 
 Lrnr_xgboost_20_1_5_3_0.3  Lrnr_xgboost_20_1_5_4_0.3 
                 0.1687084                  0.1630596 
 Lrnr_xgboost_20_1_5_5_0.3  Lrnr_xgboost_20_1_5_6_0.3 
                 0.1646358                  0.1702895 
Lrnr_xgboost_20_1_5_1_0.25 Lrnr_xgboost_20_1_5_2_0.25 
                 0.6915442                  0.2366954 
Lrnr_xgboost_20_1_5_3_0.25 Lrnr_xgboost_20_1_5_4_0.25 
                 0.1709113                  0.1605437 
Lrnr_xgboost_20_1_5_5_0.25 Lrnr_xgboost_20_1_5_6_0.25 
                 0.1601880                  0.1725108 
 Lrnr_xgboost_20_1_5_1_0.2  Lrnr_xgboost_20_1_5_2_0.2 
                 0.9001509                  0.3093983 
 Lrnr_xgboost_20_1_5_3_0.2  Lrnr_xgboost_20_1_5_4_0.2 
                 0.1892563                  0.1650717 
 Lrnr_xgboost_20_1_5_5_0.2  Lrnr_xgboost_20_1_5_6_0.2 
                 0.1666472                  0.1727606 
Lrnr_xgboost_20_1_5_1_0.15 Lrnr_xgboost_20_1_5_2_0.15 
                 1.1956574                  0.4782718 
Lrnr_xgboost_20_1_5_3_0.15 Lrnr_xgboost_20_1_5_4_0.15 
                 0.2559417                  0.1983202 
Lrnr_xgboost_20_1_5_5_0.15 Lrnr_xgboost_20_1_5_6_0.15 
                 0.1873452                  0.1861445 
 Lrnr_xgboost_20_1_5_1_0.3  Lrnr_xgboost_20_1_5_2_0.3 
                 0.2227111                  0.2224850 
 Lrnr_xgboost_20_1_5_3_0.3  Lrnr_xgboost_20_1_5_4_0.3 
                 0.2228401                  0.2238757 
 Lrnr_xgboost_20_1_5_5_0.3  Lrnr_xgboost_20_1_5_6_0.3 
                 0.2252192                  0.2268930 
Lrnr_xgboost_20_1_5_1_0.25 Lrnr_xgboost_20_1_5_2_0.25 
                 0.2232040                  0.2221461 
Lrnr_xgboost_20_1_5_3_0.25 Lrnr_xgboost_20_1_5_4_0.25 
                 0.2227241                  0.2240881 
Lrnr_xgboost_20_1_5_5_0.25 Lrnr_xgboost_20_1_5_6_0.25 
                 0.2248832                  0.2263603 
 Lrnr_xgboost_20_1_5_1_0.2  Lrnr_xgboost_20_1_5_2_0.2 
                 0.2243638                  0.2222360 
 Lrnr_xgboost_20_1_5_3_0.2  Lrnr_xgboost_20_1_5_4_0.2 
                 0.2225248                  0.2234397 
 Lrnr_xgboost_20_1_5_5_0.2  Lrnr_xgboost_20_1_5_6_0.2 
                 0.2247971                  0.2259873 
Lrnr_xgboost_20_1_5_1_0.15 Lrnr_xgboost_20_1_5_2_0.15 
                 0.2260542                  0.2228048 
Lrnr_xgboost_20_1_5_3_0.15 Lrnr_xgboost_20_1_5_4_0.15 
                 0.2225856                  0.2231901 
Lrnr_xgboost_20_1_5_5_0.15 Lrnr_xgboost_20_1_5_6_0.15 
                 0.2240373                  0.2255824 
[1] "done"
NULL
NULL
NULL
[1] "done"
[1] "all"
[1] -0.02334024 -0.03456564
[1] "iter: 18"
[1] 21
[1] 4302   58
 Lrnr_xgboost_20_1_5_1_0.3  Lrnr_xgboost_20_1_5_2_0.3 
                 0.1812122                  0.1400000 
 Lrnr_xgboost_20_1_5_3_0.3  Lrnr_xgboost_20_1_5_4_0.3 
                 0.1410816                  0.1414405 
 Lrnr_xgboost_20_1_5_5_0.3  Lrnr_xgboost_20_1_5_6_0.3 
                 0.1435698                  0.1461369 
Lrnr_xgboost_20_1_5_1_0.25 Lrnr_xgboost_20_1_5_2_0.25 
                 0.2009892                  0.1450445 
Lrnr_xgboost_20_1_5_3_0.25 Lrnr_xgboost_20_1_5_4_0.25 
                 0.1404676                  0.1408749 
Lrnr_xgboost_20_1_5_5_0.25 Lrnr_xgboost_20_1_5_6_0.25 
                 0.1425850                  0.1457788 
 Lrnr_xgboost_20_1_5_1_0.2  Lrnr_xgboost_20_1_5_2_0.2 
                 0.2376231                  0.1534535 
 Lrnr_xgboost_20_1_5_3_0.2  Lrnr_xgboost_20_1_5_4_0.2 
                 0.1425396                  0.1411589 
 Lrnr_xgboost_20_1_5_5_0.2  Lrnr_xgboost_20_1_5_6_0.2 
                 0.1426260                  0.1448724 
Lrnr_xgboost_20_1_5_1_0.15 Lrnr_xgboost_20_1_5_2_0.15 
                 0.3036046                  0.1785982 
Lrnr_xgboost_20_1_5_3_0.15 Lrnr_xgboost_20_1_5_4_0.15 
                 0.1519940                  0.1454430 
Lrnr_xgboost_20_1_5_5_0.15 Lrnr_xgboost_20_1_5_6_0.15 
                 0.1452114                  0.1468546 
 Lrnr_xgboost_20_1_5_1_0.3  Lrnr_xgboost_20_1_5_2_0.3 
                 0.5503234                  0.2154011 
 Lrnr_xgboost_20_1_5_3_0.3  Lrnr_xgboost_20_1_5_4_0.3 
                 0.1760121                  0.1660043 
 Lrnr_xgboost_20_1_5_5_0.3  Lrnr_xgboost_20_1_5_6_0.3 
                 0.1683834                  0.1760667 
Lrnr_xgboost_20_1_5_1_0.25 Lrnr_xgboost_20_1_5_2_0.25 
                 0.6715243                  0.2244644 
Lrnr_xgboost_20_1_5_3_0.25 Lrnr_xgboost_20_1_5_4_0.25 
                 0.1751533                  0.1660307 
Lrnr_xgboost_20_1_5_5_0.25 Lrnr_xgboost_20_1_5_6_0.25 
                 0.1731873                  0.1744443 
 Lrnr_xgboost_20_1_5_1_0.2  Lrnr_xgboost_20_1_5_2_0.2 
                 0.8737425                  0.2976555 
 Lrnr_xgboost_20_1_5_3_0.2  Lrnr_xgboost_20_1_5_4_0.2 
                 0.1963048                  0.1717634 
 Lrnr_xgboost_20_1_5_5_0.2  Lrnr_xgboost_20_1_5_6_0.2 
                 0.1771285                  0.1803237 
Lrnr_xgboost_20_1_5_1_0.15 Lrnr_xgboost_20_1_5_2_0.15 
                 1.1883319                  0.4954946 
Lrnr_xgboost_20_1_5_3_0.15 Lrnr_xgboost_20_1_5_4_0.15 
                 0.2576362                  0.2008473 
Lrnr_xgboost_20_1_5_5_0.15 Lrnr_xgboost_20_1_5_6_0.15 
                 0.1994506                  0.1938999 
 Lrnr_xgboost_20_1_5_1_0.3  Lrnr_xgboost_20_1_5_2_0.3 
                 0.2263243                  0.2254663 
 Lrnr_xgboost_20_1_5_3_0.3  Lrnr_xgboost_20_1_5_4_0.3 
                 0.2260424                  0.2272853 
 Lrnr_xgboost_20_1_5_5_0.3  Lrnr_xgboost_20_1_5_6_0.3 
                 0.2288558                  0.2297553 
Lrnr_xgboost_20_1_5_1_0.25 Lrnr_xgboost_20_1_5_2_0.25 
                 0.2270157                  0.2253512 
Lrnr_xgboost_20_1_5_3_0.25 Lrnr_xgboost_20_1_5_4_0.25 
                 0.2258329                  0.2265672 
Lrnr_xgboost_20_1_5_5_0.25 Lrnr_xgboost_20_1_5_6_0.25 
                 0.2278101                  0.2290371 
 Lrnr_xgboost_20_1_5_1_0.2  Lrnr_xgboost_20_1_5_2_0.2 
                 0.2280717                  0.2255932 
 Lrnr_xgboost_20_1_5_3_0.2  Lrnr_xgboost_20_1_5_4_0.2 
                 0.2253063                  0.2263351 
 Lrnr_xgboost_20_1_5_5_0.2  Lrnr_xgboost_20_1_5_6_0.2 
                 0.2274127                  0.2285491 
Lrnr_xgboost_20_1_5_1_0.15 Lrnr_xgboost_20_1_5_2_0.15 
                 0.2300229                  0.2260615 
Lrnr_xgboost_20_1_5_3_0.15 Lrnr_xgboost_20_1_5_4_0.15 
                 0.2255663                  0.2260698 
Lrnr_xgboost_20_1_5_5_0.15 Lrnr_xgboost_20_1_5_6_0.15 
                 0.2268298                  0.2280454 
[1] "done"
NULL
NULL
NULL
[1] "done"
[1] "all"
[1] -0.01741897 -0.03263737
[1] "iter: 19"
[1] 21
[1] 4302   58
 Lrnr_xgboost_20_1_5_1_0.3  Lrnr_xgboost_20_1_5_2_0.3 
                 0.1768123                  0.1360410 
 Lrnr_xgboost_20_1_5_3_0.3  Lrnr_xgboost_20_1_5_4_0.3 
                 0.1368254                  0.1367772 
 Lrnr_xgboost_20_1_5_5_0.3  Lrnr_xgboost_20_1_5_6_0.3 
                 0.1375573                  0.1405051 
Lrnr_xgboost_20_1_5_1_0.25 Lrnr_xgboost_20_1_5_2_0.25 
                 0.1946140                  0.1395180 
Lrnr_xgboost_20_1_5_3_0.25 Lrnr_xgboost_20_1_5_4_0.25 
                 0.1364424                  0.1357136 
Lrnr_xgboost_20_1_5_5_0.25 Lrnr_xgboost_20_1_5_6_0.25 
                 0.1371636                  0.1389335 
 Lrnr_xgboost_20_1_5_1_0.2  Lrnr_xgboost_20_1_5_2_0.2 
                 0.2291036                  0.1482142 
 Lrnr_xgboost_20_1_5_3_0.2  Lrnr_xgboost_20_1_5_4_0.2 
                 0.1377338                  0.1358945 
 Lrnr_xgboost_20_1_5_5_0.2  Lrnr_xgboost_20_1_5_6_0.2 
                 0.1372907                  0.1388057 
Lrnr_xgboost_20_1_5_1_0.15 Lrnr_xgboost_20_1_5_2_0.15 
                 0.2954501                  0.1702581 
Lrnr_xgboost_20_1_5_3_0.15 Lrnr_xgboost_20_1_5_4_0.15 
                 0.1451506                  0.1398485 
Lrnr_xgboost_20_1_5_5_0.15 Lrnr_xgboost_20_1_5_6_0.15 
                 0.1394709                  0.1411206 
 Lrnr_xgboost_20_1_5_1_0.3  Lrnr_xgboost_20_1_5_2_0.3 
                 0.5938217                  0.2171919 
 Lrnr_xgboost_20_1_5_3_0.3  Lrnr_xgboost_20_1_5_4_0.3 
                 0.1890779                  0.1735074 
 Lrnr_xgboost_20_1_5_5_0.3  Lrnr_xgboost_20_1_5_6_0.3 
                 0.1805989                  0.1829806 
Lrnr_xgboost_20_1_5_1_0.25 Lrnr_xgboost_20_1_5_2_0.25 
                 0.7279391                  0.2581055 
Lrnr_xgboost_20_1_5_3_0.25 Lrnr_xgboost_20_1_5_4_0.25 
                 0.1897062                  0.1737169 
Lrnr_xgboost_20_1_5_5_0.25 Lrnr_xgboost_20_1_5_6_0.25 
                 0.1800869                  0.1852700 
 Lrnr_xgboost_20_1_5_1_0.2  Lrnr_xgboost_20_1_5_2_0.2 
                 0.9310779                  0.3238969 
 Lrnr_xgboost_20_1_5_3_0.2  Lrnr_xgboost_20_1_5_4_0.2 
                 0.2132857                  0.1800250 
 Lrnr_xgboost_20_1_5_5_0.2  Lrnr_xgboost_20_1_5_6_0.2 
                 0.1897030                  0.1877617 
Lrnr_xgboost_20_1_5_1_0.15 Lrnr_xgboost_20_1_5_2_0.15 
                 1.2379510                  0.4760195 
Lrnr_xgboost_20_1_5_3_0.15 Lrnr_xgboost_20_1_5_4_0.15 
                 0.2807028                  0.2166218 
Lrnr_xgboost_20_1_5_5_0.15 Lrnr_xgboost_20_1_5_6_0.15 
                 0.2138715                  0.1993783 
 Lrnr_xgboost_20_1_5_1_0.3  Lrnr_xgboost_20_1_5_2_0.3 
                 0.2283971                  0.2280983 
 Lrnr_xgboost_20_1_5_3_0.3  Lrnr_xgboost_20_1_5_4_0.3 
                 0.2283257                  0.2287201 
 Lrnr_xgboost_20_1_5_5_0.3  Lrnr_xgboost_20_1_5_6_0.3 
                 0.2296125                  0.2306864 
Lrnr_xgboost_20_1_5_1_0.25 Lrnr_xgboost_20_1_5_2_0.25 
                 0.2288894                  0.2278172 
Lrnr_xgboost_20_1_5_3_0.25 Lrnr_xgboost_20_1_5_4_0.25 
                 0.2282695                  0.2284186 
Lrnr_xgboost_20_1_5_5_0.25 Lrnr_xgboost_20_1_5_6_0.25 
                 0.2298817                  0.2302261 
 Lrnr_xgboost_20_1_5_1_0.2  Lrnr_xgboost_20_1_5_2_0.2 
                 0.2297264                  0.2282090 
 Lrnr_xgboost_20_1_5_3_0.2  Lrnr_xgboost_20_1_5_4_0.2 
                 0.2277938                  0.2287979 
 Lrnr_xgboost_20_1_5_5_0.2  Lrnr_xgboost_20_1_5_6_0.2 
                 0.2296042                  0.2301938 
Lrnr_xgboost_20_1_5_1_0.15 Lrnr_xgboost_20_1_5_2_0.15 
                 0.2312241                  0.2285582 
Lrnr_xgboost_20_1_5_3_0.15 Lrnr_xgboost_20_1_5_4_0.15 
                 0.2282212                  0.2281962 
Lrnr_xgboost_20_1_5_5_0.15 Lrnr_xgboost_20_1_5_6_0.15 
                 0.2291645                  0.2298211 
[1] "done"
NULL
NULL
NULL
[1] "done"
[1] "all"
[1]  0.001591231 -0.009341145
[1] "iter: 20"
[1] 21
[1] 4302   58
 Lrnr_xgboost_20_1_5_1_0.3  Lrnr_xgboost_20_1_5_2_0.3 
                 0.1797941                  0.1405467 
 Lrnr_xgboost_20_1_5_3_0.3  Lrnr_xgboost_20_1_5_4_0.3 
                 0.1386754                  0.1405456 
 Lrnr_xgboost_20_1_5_5_0.3  Lrnr_xgboost_20_1_5_6_0.3 
                 0.1423751                  0.1456990 
Lrnr_xgboost_20_1_5_1_0.25 Lrnr_xgboost_20_1_5_2_0.25 
                 0.2008713                  0.1445299 
Lrnr_xgboost_20_1_5_3_0.25 Lrnr_xgboost_20_1_5_4_0.25 
                 0.1396795                  0.1398207 
Lrnr_xgboost_20_1_5_5_0.25 Lrnr_xgboost_20_1_5_6_0.25 
                 0.1420869                  0.1451082 
 Lrnr_xgboost_20_1_5_1_0.2  Lrnr_xgboost_20_1_5_2_0.2 
                 0.2373729                  0.1532328 
 Lrnr_xgboost_20_1_5_3_0.2  Lrnr_xgboost_20_1_5_4_0.2 
                 0.1406249                  0.1398307 
 Lrnr_xgboost_20_1_5_5_0.2  Lrnr_xgboost_20_1_5_6_0.2 
                 0.1414577                  0.1440958 
Lrnr_xgboost_20_1_5_1_0.15 Lrnr_xgboost_20_1_5_2_0.15 
                 0.3029563                  0.1774299 
Lrnr_xgboost_20_1_5_3_0.15 Lrnr_xgboost_20_1_5_4_0.15 
                 0.1501257                  0.1434429 
Lrnr_xgboost_20_1_5_5_0.15 Lrnr_xgboost_20_1_5_6_0.15 
                 0.1432410                  0.1460034 
 Lrnr_xgboost_20_1_5_1_0.3  Lrnr_xgboost_20_1_5_2_0.3 
                 0.6087508                  0.2224464 
 Lrnr_xgboost_20_1_5_3_0.3  Lrnr_xgboost_20_1_5_4_0.3 
                 0.1810836                  0.1694368 
 Lrnr_xgboost_20_1_5_5_0.3  Lrnr_xgboost_20_1_5_6_0.3 
                 0.1787184                  0.1823700 
Lrnr_xgboost_20_1_5_1_0.25 Lrnr_xgboost_20_1_5_2_0.25 
                 0.7416014                  0.2548077 
Lrnr_xgboost_20_1_5_3_0.25 Lrnr_xgboost_20_1_5_4_0.25 
                 0.1826196                  0.1714330 
Lrnr_xgboost_20_1_5_5_0.25 Lrnr_xgboost_20_1_5_6_0.25 
                 0.1785404                  0.1837701 
 Lrnr_xgboost_20_1_5_1_0.2  Lrnr_xgboost_20_1_5_2_0.2 
                 0.9484399                  0.3134503 
 Lrnr_xgboost_20_1_5_3_0.2  Lrnr_xgboost_20_1_5_4_0.2 
                 0.1936237                  0.1728905 
 Lrnr_xgboost_20_1_5_5_0.2  Lrnr_xgboost_20_1_5_6_0.2 
                 0.1808958                  0.1874226 
Lrnr_xgboost_20_1_5_1_0.15 Lrnr_xgboost_20_1_5_2_0.15 
                 1.2702830                  0.5058409 
Lrnr_xgboost_20_1_5_3_0.15 Lrnr_xgboost_20_1_5_4_0.15 
                 0.2721529                  0.2017624 
Lrnr_xgboost_20_1_5_5_0.15 Lrnr_xgboost_20_1_5_6_0.15 
                 0.1993991                  0.1968998 
 Lrnr_xgboost_20_1_5_1_0.3  Lrnr_xgboost_20_1_5_2_0.3 
                 0.2232822                  0.2232056 
 Lrnr_xgboost_20_1_5_3_0.3  Lrnr_xgboost_20_1_5_4_0.3 
                 0.2237676                  0.2245394 
 Lrnr_xgboost_20_1_5_5_0.3  Lrnr_xgboost_20_1_5_6_0.3 
                 0.2259337                  0.2265383 
Lrnr_xgboost_20_1_5_1_0.25 Lrnr_xgboost_20_1_5_2_0.25 
                 0.2237213                  0.2232444 
Lrnr_xgboost_20_1_5_3_0.25 Lrnr_xgboost_20_1_5_4_0.25 
                 0.2233717                  0.2246744 
Lrnr_xgboost_20_1_5_5_0.25 Lrnr_xgboost_20_1_5_6_0.25 
                 0.2254276                  0.2262939 
 Lrnr_xgboost_20_1_5_1_0.2  Lrnr_xgboost_20_1_5_2_0.2 
                 0.2248786                  0.2231425 
 Lrnr_xgboost_20_1_5_3_0.2  Lrnr_xgboost_20_1_5_4_0.2 
                 0.2234768                  0.2240484 
 Lrnr_xgboost_20_1_5_5_0.2  Lrnr_xgboost_20_1_5_6_0.2 
                 0.2251107                  0.2257592 
Lrnr_xgboost_20_1_5_1_0.15 Lrnr_xgboost_20_1_5_2_0.15 
                 0.2268035                  0.2234922 
Lrnr_xgboost_20_1_5_3_0.15 Lrnr_xgboost_20_1_5_4_0.15 
                 0.2231376                  0.2239039 
Lrnr_xgboost_20_1_5_5_0.15 Lrnr_xgboost_20_1_5_6_0.15 
                 0.2250006                  0.2253661 
[1] "done"
NULL
NULL
NULL
[1] "done"
[1] "all"
[1] -0.02839949 -0.03346686
[1] "iter: 21"
[1] 21
[1] 4302   58
 Lrnr_xgboost_20_1_5_1_0.3  Lrnr_xgboost_20_1_5_2_0.3 
                 0.1727661                  0.1367590 
 Lrnr_xgboost_20_1_5_3_0.3  Lrnr_xgboost_20_1_5_4_0.3 
                 0.1352500                  0.1354125 
 Lrnr_xgboost_20_1_5_5_0.3  Lrnr_xgboost_20_1_5_6_0.3 
                 0.1378964                  0.1410143 
Lrnr_xgboost_20_1_5_1_0.25 Lrnr_xgboost_20_1_5_2_0.25 
                 0.1919240                  0.1396871 
Lrnr_xgboost_20_1_5_3_0.25 Lrnr_xgboost_20_1_5_4_0.25 
                 0.1344087                  0.1351661 
Lrnr_xgboost_20_1_5_5_0.25 Lrnr_xgboost_20_1_5_6_0.25 
                 0.1379082                  0.1408710 
 Lrnr_xgboost_20_1_5_1_0.2  Lrnr_xgboost_20_1_5_2_0.2 
                 0.2281290                  0.1475101 
 Lrnr_xgboost_20_1_5_3_0.2  Lrnr_xgboost_20_1_5_4_0.2 
                 0.1370545                  0.1358198 
 Lrnr_xgboost_20_1_5_5_0.2  Lrnr_xgboost_20_1_5_6_0.2 
                 0.1373426                  0.1399747 
Lrnr_xgboost_20_1_5_1_0.15 Lrnr_xgboost_20_1_5_2_0.15 
                 0.2912866                  0.1684401 
Lrnr_xgboost_20_1_5_3_0.15 Lrnr_xgboost_20_1_5_4_0.15 
                 0.1451498                  0.1393689 
Lrnr_xgboost_20_1_5_5_0.15 Lrnr_xgboost_20_1_5_6_0.15 
                 0.1402359                  0.1421222 
 Lrnr_xgboost_20_1_5_1_0.3  Lrnr_xgboost_20_1_5_2_0.3 
                 0.5889100                  0.2363437 
 Lrnr_xgboost_20_1_5_3_0.3  Lrnr_xgboost_20_1_5_4_0.3 
                 0.1808288                  0.1763453 
 Lrnr_xgboost_20_1_5_5_0.3  Lrnr_xgboost_20_1_5_6_0.3 
                 0.1787982                  0.1825511 
Lrnr_xgboost_20_1_5_1_0.25 Lrnr_xgboost_20_1_5_2_0.25 
                 0.7238289                  0.2536385 
Lrnr_xgboost_20_1_5_3_0.25 Lrnr_xgboost_20_1_5_4_0.25 
                 0.1857246                  0.1717888 
Lrnr_xgboost_20_1_5_5_0.25 Lrnr_xgboost_20_1_5_6_0.25 
                 0.1770017                  0.1809920 
 Lrnr_xgboost_20_1_5_1_0.2  Lrnr_xgboost_20_1_5_2_0.2 
                 0.9222810                  0.3120499 
 Lrnr_xgboost_20_1_5_3_0.2  Lrnr_xgboost_20_1_5_4_0.2 
                 0.1999900                  0.1805869 
 Lrnr_xgboost_20_1_5_5_0.2  Lrnr_xgboost_20_1_5_6_0.2 
                 0.1837873                  0.1829463 
Lrnr_xgboost_20_1_5_1_0.15 Lrnr_xgboost_20_1_5_2_0.15 
                 1.2263647                  0.4983144 
Lrnr_xgboost_20_1_5_3_0.15 Lrnr_xgboost_20_1_5_4_0.15 
                 0.2750696                  0.2139058 
Lrnr_xgboost_20_1_5_5_0.15 Lrnr_xgboost_20_1_5_6_0.15 
                 0.2118150                  0.2013412 
 Lrnr_xgboost_20_1_5_1_0.3  Lrnr_xgboost_20_1_5_2_0.3 
                 0.2236343                  0.2229017 
 Lrnr_xgboost_20_1_5_3_0.3  Lrnr_xgboost_20_1_5_4_0.3 
                 0.2236628                  0.2252849 
 Lrnr_xgboost_20_1_5_5_0.3  Lrnr_xgboost_20_1_5_6_0.3 
                 0.2269092                  0.2277007 
Lrnr_xgboost_20_1_5_1_0.25 Lrnr_xgboost_20_1_5_2_0.25 
                 0.2243804                  0.2228546 
Lrnr_xgboost_20_1_5_3_0.25 Lrnr_xgboost_20_1_5_4_0.25 
                 0.2236191                  0.2248796 
Lrnr_xgboost_20_1_5_5_0.25 Lrnr_xgboost_20_1_5_6_0.25 
                 0.2263162                  0.2274019 
 Lrnr_xgboost_20_1_5_1_0.2  Lrnr_xgboost_20_1_5_2_0.2 
                 0.2255544                  0.2230274 
 Lrnr_xgboost_20_1_5_3_0.2  Lrnr_xgboost_20_1_5_4_0.2 
                 0.2235321                  0.2245002 
 Lrnr_xgboost_20_1_5_5_0.2  Lrnr_xgboost_20_1_5_6_0.2 
                 0.2255644                  0.2272297 
Lrnr_xgboost_20_1_5_1_0.15 Lrnr_xgboost_20_1_5_2_0.15 
                 0.2270536                  0.2238973 
Lrnr_xgboost_20_1_5_3_0.15 Lrnr_xgboost_20_1_5_4_0.15 
                 0.2235269                  0.2245627 
Lrnr_xgboost_20_1_5_5_0.15 Lrnr_xgboost_20_1_5_6_0.15 
                 0.2250988                  0.2265006 
[1] "done"
NULL
NULL
NULL
[1] "done"
[1] "all"
[1] -0.01027663 -0.03010316
[1] "iter: 22"
[1] 21
[1] 4302   58
 Lrnr_xgboost_20_1_5_1_0.3  Lrnr_xgboost_20_1_5_2_0.3 
                 0.1764387                  0.1379692 
 Lrnr_xgboost_20_1_5_3_0.3  Lrnr_xgboost_20_1_5_4_0.3 
                 0.1364881                  0.1393876 
 Lrnr_xgboost_20_1_5_5_0.3  Lrnr_xgboost_20_1_5_6_0.3 
                 0.1424445                  0.1455324 
Lrnr_xgboost_20_1_5_1_0.25 Lrnr_xgboost_20_1_5_2_0.25 
                 0.1962925                  0.1402469 
Lrnr_xgboost_20_1_5_3_0.25 Lrnr_xgboost_20_1_5_4_0.25 
                 0.1372163                  0.1392386 
Lrnr_xgboost_20_1_5_5_0.25 Lrnr_xgboost_20_1_5_6_0.25 
                 0.1407487                  0.1447709 
 Lrnr_xgboost_20_1_5_1_0.2  Lrnr_xgboost_20_1_5_2_0.2 
                 0.2289906                  0.1500627 
 Lrnr_xgboost_20_1_5_3_0.2  Lrnr_xgboost_20_1_5_4_0.2 
                 0.1389174                  0.1387562 
 Lrnr_xgboost_20_1_5_5_0.2  Lrnr_xgboost_20_1_5_6_0.2 
                 0.1409251                  0.1439381 
Lrnr_xgboost_20_1_5_1_0.15 Lrnr_xgboost_20_1_5_2_0.15 
                 0.2960493                  0.1730649 
Lrnr_xgboost_20_1_5_3_0.15 Lrnr_xgboost_20_1_5_4_0.15 
                 0.1482530                  0.1429758 
Lrnr_xgboost_20_1_5_5_0.15 Lrnr_xgboost_20_1_5_6_0.15 
                 0.1428973                  0.1449951 
 Lrnr_xgboost_20_1_5_1_0.3  Lrnr_xgboost_20_1_5_2_0.3 
                 0.5859494                  0.2302713 
 Lrnr_xgboost_20_1_5_3_0.3  Lrnr_xgboost_20_1_5_4_0.3 
                 0.1806542                  0.1723182 
 Lrnr_xgboost_20_1_5_5_0.3  Lrnr_xgboost_20_1_5_6_0.3 
                 0.1790509                  0.1892896 
Lrnr_xgboost_20_1_5_1_0.25 Lrnr_xgboost_20_1_5_2_0.25 
                 0.7310665                  0.2382187 
Lrnr_xgboost_20_1_5_3_0.25 Lrnr_xgboost_20_1_5_4_0.25 
                 0.1792586                  0.1720929 
Lrnr_xgboost_20_1_5_5_0.25 Lrnr_xgboost_20_1_5_6_0.25 
                 0.1761346                  0.1890206 
 Lrnr_xgboost_20_1_5_1_0.2  Lrnr_xgboost_20_1_5_2_0.2 
                 0.9366820                  0.3086922 
 Lrnr_xgboost_20_1_5_3_0.2  Lrnr_xgboost_20_1_5_4_0.2 
                 0.1944325                  0.1771614 
 Lrnr_xgboost_20_1_5_5_0.2  Lrnr_xgboost_20_1_5_6_0.2 
                 0.1805213                  0.1917819 
Lrnr_xgboost_20_1_5_1_0.15 Lrnr_xgboost_20_1_5_2_0.15 
                 1.2801670                  0.4737974 
Lrnr_xgboost_20_1_5_3_0.15 Lrnr_xgboost_20_1_5_4_0.15 
                 0.2618838                  0.2042870 
Lrnr_xgboost_20_1_5_5_0.15 Lrnr_xgboost_20_1_5_6_0.15 
                 0.2006699                  0.2033455 
 Lrnr_xgboost_20_1_5_1_0.3  Lrnr_xgboost_20_1_5_2_0.3 
                 0.2257276                  0.2262984 
 Lrnr_xgboost_20_1_5_3_0.3  Lrnr_xgboost_20_1_5_4_0.3 
                 0.2270413                  0.2281226 
 Lrnr_xgboost_20_1_5_5_0.3  Lrnr_xgboost_20_1_5_6_0.3 
                 0.2292372                  0.2304820 
Lrnr_xgboost_20_1_5_1_0.25 Lrnr_xgboost_20_1_5_2_0.25 
                 0.2264719                  0.2261101 
Lrnr_xgboost_20_1_5_3_0.25 Lrnr_xgboost_20_1_5_4_0.25 
                 0.2269567                  0.2280221 
Lrnr_xgboost_20_1_5_5_0.25 Lrnr_xgboost_20_1_5_6_0.25 
                 0.2290379                  0.2302791 
 Lrnr_xgboost_20_1_5_1_0.2  Lrnr_xgboost_20_1_5_2_0.2 
                 0.2276926                  0.2260796 
 Lrnr_xgboost_20_1_5_3_0.2  Lrnr_xgboost_20_1_5_4_0.2 
                 0.2267813                  0.2274655 
 Lrnr_xgboost_20_1_5_5_0.2  Lrnr_xgboost_20_1_5_6_0.2 
                 0.2285768                  0.2297450 
Lrnr_xgboost_20_1_5_1_0.15 Lrnr_xgboost_20_1_5_2_0.15 
                 0.2292237                  0.2266157 
Lrnr_xgboost_20_1_5_3_0.15 Lrnr_xgboost_20_1_5_4_0.15 
                 0.2265007                  0.2272338 
Lrnr_xgboost_20_1_5_5_0.15 Lrnr_xgboost_20_1_5_6_0.15 
                 0.2284724                  0.2292456 
[1] "done"
NULL
NULL
NULL
[1] "done"
[1] "all"
[1] -0.01029587 -0.01927022
[1] "iter: 23"
[1] 21
[1] 4302   58
 Lrnr_xgboost_20_1_5_1_0.3  Lrnr_xgboost_20_1_5_2_0.3 
                 0.1791059                  0.1340865 
 Lrnr_xgboost_20_1_5_3_0.3  Lrnr_xgboost_20_1_5_4_0.3 
                 0.1333773                  0.1339900 
 Lrnr_xgboost_20_1_5_5_0.3  Lrnr_xgboost_20_1_5_6_0.3 
                 0.1347499                  0.1379270 
Lrnr_xgboost_20_1_5_1_0.25 Lrnr_xgboost_20_1_5_2_0.25 
                 0.1946879                  0.1371920 
Lrnr_xgboost_20_1_5_3_0.25 Lrnr_xgboost_20_1_5_4_0.25 
                 0.1334527                  0.1330884 
Lrnr_xgboost_20_1_5_5_0.25 Lrnr_xgboost_20_1_5_6_0.25 
                 0.1348549                  0.1378540 
 Lrnr_xgboost_20_1_5_1_0.2  Lrnr_xgboost_20_1_5_2_0.2 
                 0.2317131                  0.1478594 
 Lrnr_xgboost_20_1_5_3_0.2  Lrnr_xgboost_20_1_5_4_0.2 
                 0.1355164                  0.1342581 
 Lrnr_xgboost_20_1_5_5_0.2  Lrnr_xgboost_20_1_5_6_0.2 
                 0.1345011                  0.1370289 
Lrnr_xgboost_20_1_5_1_0.15 Lrnr_xgboost_20_1_5_2_0.15 
                 0.2959636                  0.1710106 
Lrnr_xgboost_20_1_5_3_0.15 Lrnr_xgboost_20_1_5_4_0.15 
                 0.1450261                  0.1375624 
Lrnr_xgboost_20_1_5_5_0.15 Lrnr_xgboost_20_1_5_6_0.15 
                 0.1372454                  0.1389865 
 Lrnr_xgboost_20_1_5_1_0.3  Lrnr_xgboost_20_1_5_2_0.3 
                 0.5603467                  0.2002232 
 Lrnr_xgboost_20_1_5_3_0.3  Lrnr_xgboost_20_1_5_4_0.3 
                 0.1747477                  0.1663868 
 Lrnr_xgboost_20_1_5_5_0.3  Lrnr_xgboost_20_1_5_6_0.3 
                 0.1771266                  0.1836273 
Lrnr_xgboost_20_1_5_1_0.25 Lrnr_xgboost_20_1_5_2_0.25 
                 0.6845237                  0.2290629 
Lrnr_xgboost_20_1_5_3_0.25 Lrnr_xgboost_20_1_5_4_0.25 
                 0.1745390                  0.1632820 
Lrnr_xgboost_20_1_5_5_0.25 Lrnr_xgboost_20_1_5_6_0.25 
                 0.1725419                  0.1835724 
 Lrnr_xgboost_20_1_5_1_0.2  Lrnr_xgboost_20_1_5_2_0.2 
                 0.8966404                  0.3098577 
 Lrnr_xgboost_20_1_5_3_0.2  Lrnr_xgboost_20_1_5_4_0.2 
                 0.1921688                  0.1695009 
 Lrnr_xgboost_20_1_5_5_0.2  Lrnr_xgboost_20_1_5_6_0.2 
                 0.1779726                  0.1874103 
Lrnr_xgboost_20_1_5_1_0.15 Lrnr_xgboost_20_1_5_2_0.15 
                 1.2181027                  0.4642180 
Lrnr_xgboost_20_1_5_3_0.15 Lrnr_xgboost_20_1_5_4_0.15 
                 0.2634594                  0.1989858 
Lrnr_xgboost_20_1_5_5_0.15 Lrnr_xgboost_20_1_5_6_0.15 
                 0.1982388                  0.2002118 
 Lrnr_xgboost_20_1_5_1_0.3  Lrnr_xgboost_20_1_5_2_0.3 
                 0.2259941                  0.2255534 
 Lrnr_xgboost_20_1_5_3_0.3  Lrnr_xgboost_20_1_5_4_0.3 
                 0.2262200                  0.2266385 
 Lrnr_xgboost_20_1_5_5_0.3  Lrnr_xgboost_20_1_5_6_0.3 
                 0.2274995                  0.2293956 
Lrnr_xgboost_20_1_5_1_0.25 Lrnr_xgboost_20_1_5_2_0.25 
                 0.2268358                  0.2253881 
Lrnr_xgboost_20_1_5_3_0.25 Lrnr_xgboost_20_1_5_4_0.25 
                 0.2255113                  0.2261854 
Lrnr_xgboost_20_1_5_5_0.25 Lrnr_xgboost_20_1_5_6_0.25 
                 0.2277032                  0.2286885 
 Lrnr_xgboost_20_1_5_1_0.2  Lrnr_xgboost_20_1_5_2_0.2 
                 0.2276189                  0.2257354 
 Lrnr_xgboost_20_1_5_3_0.2  Lrnr_xgboost_20_1_5_4_0.2 
                 0.2254972                  0.2258247 
 Lrnr_xgboost_20_1_5_5_0.2  Lrnr_xgboost_20_1_5_6_0.2 
                 0.2268764                  0.2286325 
Lrnr_xgboost_20_1_5_1_0.15 Lrnr_xgboost_20_1_5_2_0.15 
                 0.2295869                  0.2263238 
Lrnr_xgboost_20_1_5_3_0.15 Lrnr_xgboost_20_1_5_4_0.15 
                 0.2254356                  0.2255516 
Lrnr_xgboost_20_1_5_5_0.15 Lrnr_xgboost_20_1_5_6_0.15 
                 0.2266823                  0.2279997 
[1] "done"
NULL
NULL
NULL
[1] "done"
[1] "all"
[1]  0.011782912 -0.001092784
[1] "iter: 24"
[1] 21
[1] 4302   58
 Lrnr_xgboost_20_1_5_1_0.3  Lrnr_xgboost_20_1_5_2_0.3 
                 0.1743619                  0.1403111 
 Lrnr_xgboost_20_1_5_3_0.3  Lrnr_xgboost_20_1_5_4_0.3 
                 0.1411683                  0.1428983 
 Lrnr_xgboost_20_1_5_5_0.3  Lrnr_xgboost_20_1_5_6_0.3 
                 0.1445553                  0.1478541 
Lrnr_xgboost_20_1_5_1_0.25 Lrnr_xgboost_20_1_5_2_0.25 
                 0.1940839                  0.1423146 
Lrnr_xgboost_20_1_5_3_0.25 Lrnr_xgboost_20_1_5_4_0.25 
                 0.1416697                  0.1423052 
Lrnr_xgboost_20_1_5_5_0.25 Lrnr_xgboost_20_1_5_6_0.25 
                 0.1444802                  0.1469338 
 Lrnr_xgboost_20_1_5_1_0.2  Lrnr_xgboost_20_1_5_2_0.2 
                 0.2279119                  0.1511175 
 Lrnr_xgboost_20_1_5_3_0.2  Lrnr_xgboost_20_1_5_4_0.2 
                 0.1420552                  0.1418484 
 Lrnr_xgboost_20_1_5_5_0.2  Lrnr_xgboost_20_1_5_6_0.2 
                 0.1436311                  0.1462798 
Lrnr_xgboost_20_1_5_1_0.15 Lrnr_xgboost_20_1_5_2_0.15 
                 0.2903266                  0.1729826 
Lrnr_xgboost_20_1_5_3_0.15 Lrnr_xgboost_20_1_5_4_0.15 
                 0.1507865                  0.1451075 
Lrnr_xgboost_20_1_5_5_0.15 Lrnr_xgboost_20_1_5_6_0.15 
                 0.1456227                  0.1472404 
 Lrnr_xgboost_20_1_5_1_0.3  Lrnr_xgboost_20_1_5_2_0.3 
                 0.5840062                  0.2188501 
 Lrnr_xgboost_20_1_5_3_0.3  Lrnr_xgboost_20_1_5_4_0.3 
                 0.1715515                  0.1677912 
 Lrnr_xgboost_20_1_5_5_0.3  Lrnr_xgboost_20_1_5_6_0.3 
                 0.1722542                  0.1774951 
Lrnr_xgboost_20_1_5_1_0.25 Lrnr_xgboost_20_1_5_2_0.25 
                 0.7112735                  0.2344569 
Lrnr_xgboost_20_1_5_3_0.25 Lrnr_xgboost_20_1_5_4_0.25 
                 0.1775324                  0.1667632 
Lrnr_xgboost_20_1_5_5_0.25 Lrnr_xgboost_20_1_5_6_0.25 
                 0.1701740                  0.1727612 
 Lrnr_xgboost_20_1_5_1_0.2  Lrnr_xgboost_20_1_5_2_0.2 
                 0.9176082                  0.3092191 
 Lrnr_xgboost_20_1_5_3_0.2  Lrnr_xgboost_20_1_5_4_0.2 
                 0.1934389                  0.1709913 
 Lrnr_xgboost_20_1_5_5_0.2  Lrnr_xgboost_20_1_5_6_0.2 
                 0.1736158                  0.1730256 
Lrnr_xgboost_20_1_5_1_0.15 Lrnr_xgboost_20_1_5_2_0.15 
                 1.2367262                  0.4681721 
Lrnr_xgboost_20_1_5_3_0.15 Lrnr_xgboost_20_1_5_4_0.15 
                 0.2609892                  0.2038626 
Lrnr_xgboost_20_1_5_5_0.15 Lrnr_xgboost_20_1_5_6_0.15 
                 0.1932873                  0.1849034 
 Lrnr_xgboost_20_1_5_1_0.3  Lrnr_xgboost_20_1_5_2_0.3 
                 0.2261538                  0.2255750 
 Lrnr_xgboost_20_1_5_3_0.3  Lrnr_xgboost_20_1_5_4_0.3 
                 0.2268302                  0.2276750 
 Lrnr_xgboost_20_1_5_5_0.3  Lrnr_xgboost_20_1_5_6_0.3 
                 0.2301466                  0.2309893 
Lrnr_xgboost_20_1_5_1_0.25 Lrnr_xgboost_20_1_5_2_0.25 
                 0.2271963                  0.2258468 
Lrnr_xgboost_20_1_5_3_0.25 Lrnr_xgboost_20_1_5_4_0.25 
                 0.2263146                  0.2274033 
Lrnr_xgboost_20_1_5_5_0.25 Lrnr_xgboost_20_1_5_6_0.25 
                 0.2284656                  0.2301829 
 Lrnr_xgboost_20_1_5_1_0.2  Lrnr_xgboost_20_1_5_2_0.2 
                 0.2284083                  0.2260457 
 Lrnr_xgboost_20_1_5_3_0.2  Lrnr_xgboost_20_1_5_4_0.2 
                 0.2262597                  0.2266589 
 Lrnr_xgboost_20_1_5_5_0.2  Lrnr_xgboost_20_1_5_6_0.2 
                 0.2283829                  0.2299342 
Lrnr_xgboost_20_1_5_1_0.15 Lrnr_xgboost_20_1_5_2_0.15 
                 0.2301534                  0.2268028 
Lrnr_xgboost_20_1_5_3_0.15 Lrnr_xgboost_20_1_5_4_0.15 
                 0.2264106                  0.2264660 
Lrnr_xgboost_20_1_5_5_0.15 Lrnr_xgboost_20_1_5_6_0.15 
                 0.2275068                  0.2288715 
[1] "done"
NULL
NULL
NULL
[1] "done"
[1] "all"
[1] -0.02414278 -0.03763503
[1] "iter: 25"
[1] 21
[1] 4302   58
