LOADING R
R LOADED
[1] "/home/lvanderl/Rlibs2"                         
[2] "/app/software/R/4.3.1-gfbf-2022b/lib/R/library"
[1] "/home/lvanderl/sieveSims"
[1] "ihdp"
[1] "iter: 1"
[1] "Lrnr_cv"
[1] "Lrnr_ranger_500_TRUE_none_1_10"         
[2] "Lrnr_earth_2_3_backward_0_1_0_0"        
[3] "Lrnr_gam_NULL_NULL_GCV.Cp"              
[4] "Lrnr_glmnet_NULL_deviance_10_1_100_TRUE"
[5] "Lrnr_xgboost_20_1_15_1_0.2"             
[6] "Lrnr_xgboost_20_1_15_2_0.2"             
[7] "Lrnr_xgboost_20_1_15_3_0.2"             
[8] "Lrnr_xgboost_20_1_15_4_0.2"             
[9] "Lrnr_xgboost_20_1_15_5_0.2"             
[1] "Lrnr_cv_selector_NULL"
[1] "Lrnr_cv"
[1] "Lrnr_ranger_500_TRUE_none_1_10"         
[2] "Lrnr_earth_2_3_backward_0_1_0_0"        
[3] "Lrnr_gam_NULL_NULL_GCV.Cp"              
[4] "Lrnr_glmnet_NULL_deviance_10_1_100_TRUE"
[5] "Lrnr_xgboost_20_1_15_1_0.2"             
[6] "Lrnr_xgboost_20_1_15_2_0.2"             
[7] "Lrnr_xgboost_20_1_15_3_0.2"             
[8] "Lrnr_xgboost_20_1_15_4_0.2"             
[9] "Lrnr_xgboost_20_1_15_5_0.2"             
[1] "Lrnr_cv_selector_NULL"
         Lrnr_ranger_500_TRUE_none_1_10         Lrnr_earth_2_3_backward_0_1_0_0 
                             0.04387057                              0.05578657 
              Lrnr_gam_NULL_NULL_GCV.Cp Lrnr_glmnet_NULL_deviance_10_1_100_TRUE 
                             0.05385079                              0.02899885 
             Lrnr_xgboost_20_1_15_1_0.2              Lrnr_xgboost_20_1_15_2_0.2 
                             0.05041579                              0.04265020 
             Lrnr_xgboost_20_1_15_3_0.2              Lrnr_xgboost_20_1_15_4_0.2 
                             0.04265020                              0.04265020 
             Lrnr_xgboost_20_1_15_5_0.2 
                             0.04265020 
[1] "done"
[1] "Lrnr_cv"
[1] "Lrnr_mean"
[1] "Lrnr_cv"
[1] "Lrnr_mean"
NULL
[1] "done"
[1] "all"
[1] "iter: 2"
[1] "Lrnr_cv"
[1] "Lrnr_ranger_500_TRUE_none_1_10"         
[2] "Lrnr_earth_2_3_backward_0_1_0_0"        
[3] "Lrnr_gam_NULL_NULL_GCV.Cp"              
[4] "Lrnr_glmnet_NULL_deviance_10_1_100_TRUE"
[5] "Lrnr_xgboost_20_1_15_1_0.2"             
[6] "Lrnr_xgboost_20_1_15_2_0.2"             
[7] "Lrnr_xgboost_20_1_15_3_0.2"             
[8] "Lrnr_xgboost_20_1_15_4_0.2"             
[9] "Lrnr_xgboost_20_1_15_5_0.2"             
[1] "Lrnr_cv_selector_NULL"
[1] "Lrnr_cv"
[1] "Lrnr_ranger_500_TRUE_none_1_10"         
[2] "Lrnr_earth_2_3_backward_0_1_0_0"        
[3] "Lrnr_gam_NULL_NULL_GCV.Cp"              
[4] "Lrnr_glmnet_NULL_deviance_10_1_100_TRUE"
[5] "Lrnr_xgboost_20_1_15_1_0.2"             
[6] "Lrnr_xgboost_20_1_15_2_0.2"             
[7] "Lrnr_xgboost_20_1_15_3_0.2"             
[8] "Lrnr_xgboost_20_1_15_4_0.2"             
[9] "Lrnr_xgboost_20_1_15_5_0.2"             
[1] "Lrnr_cv_selector_NULL"
         Lrnr_ranger_500_TRUE_none_1_10         Lrnr_earth_2_3_backward_0_1_0_0 
                             0.03676430                              0.02920721 
              Lrnr_gam_NULL_NULL_GCV.Cp Lrnr_glmnet_NULL_deviance_10_1_100_TRUE 
                             0.04315340                              0.02038849 
             Lrnr_xgboost_20_1_15_1_0.2              Lrnr_xgboost_20_1_15_2_0.2 
                             0.03912103                              0.03840046 
             Lrnr_xgboost_20_1_15_3_0.2              Lrnr_xgboost_20_1_15_4_0.2 
                             0.03840046                              0.03840046 
             Lrnr_xgboost_20_1_15_5_0.2 
                             0.03840046 
[1] "done"
[1] "Lrnr_cv"
[1] "Lrnr_mean"
[1] "Lrnr_cv"
[1] "Lrnr_mean"
NULL
[1] "done"
[1] "all"
[1] "iter: 3"
[1] "Lrnr_cv"
[1] "Lrnr_ranger_500_TRUE_none_1_10"         
[2] "Lrnr_earth_2_3_backward_0_1_0_0"        
[3] "Lrnr_gam_NULL_NULL_GCV.Cp"              
[4] "Lrnr_glmnet_NULL_deviance_10_1_100_TRUE"
[5] "Lrnr_xgboost_20_1_15_1_0.2"             
[6] "Lrnr_xgboost_20_1_15_2_0.2"             
[7] "Lrnr_xgboost_20_1_15_3_0.2"             
[8] "Lrnr_xgboost_20_1_15_4_0.2"             
[9] "Lrnr_xgboost_20_1_15_5_0.2"             
[1] "Lrnr_cv_selector_NULL"
[1] "Lrnr_cv"
[1] "Lrnr_ranger_500_TRUE_none_1_10"         
[2] "Lrnr_earth_2_3_backward_0_1_0_0"        
[3] "Lrnr_gam_NULL_NULL_GCV.Cp"              
[4] "Lrnr_glmnet_NULL_deviance_10_1_100_TRUE"
[5] "Lrnr_xgboost_20_1_15_1_0.2"             
[6] "Lrnr_xgboost_20_1_15_2_0.2"             
[7] "Lrnr_xgboost_20_1_15_3_0.2"             
[8] "Lrnr_xgboost_20_1_15_4_0.2"             
[9] "Lrnr_xgboost_20_1_15_5_0.2"             
[1] "Lrnr_cv_selector_NULL"
         Lrnr_ranger_500_TRUE_none_1_10         Lrnr_earth_2_3_backward_0_1_0_0 
                             0.03889933                              0.04085304 
              Lrnr_gam_NULL_NULL_GCV.Cp Lrnr_glmnet_NULL_deviance_10_1_100_TRUE 
                             0.04675319                              0.01980941 
             Lrnr_xgboost_20_1_15_1_0.2              Lrnr_xgboost_20_1_15_2_0.2 
                             0.03957468                              0.03582255 
             Lrnr_xgboost_20_1_15_3_0.2              Lrnr_xgboost_20_1_15_4_0.2 
                             0.03582255                              0.03582255 
             Lrnr_xgboost_20_1_15_5_0.2 
                             0.03582255 
[1] "done"
[1] "Lrnr_cv"
[1] "Lrnr_mean"
[1] "Lrnr_cv"
[1] "Lrnr_mean"
NULL
[1] "done"
[1] "all"
[1] "iter: 4"
[1] "Lrnr_cv"
[1] "Lrnr_ranger_500_TRUE_none_1_10"         
[2] "Lrnr_earth_2_3_backward_0_1_0_0"        
[3] "Lrnr_gam_NULL_NULL_GCV.Cp"              
[4] "Lrnr_glmnet_NULL_deviance_10_1_100_TRUE"
[5] "Lrnr_xgboost_20_1_15_1_0.2"             
[6] "Lrnr_xgboost_20_1_15_2_0.2"             
[7] "Lrnr_xgboost_20_1_15_3_0.2"             
[8] "Lrnr_xgboost_20_1_15_4_0.2"             
[9] "Lrnr_xgboost_20_1_15_5_0.2"             
[1] "Lrnr_cv_selector_NULL"
[1] "Lrnr_cv"
[1] "Lrnr_ranger_500_TRUE_none_1_10"         
[2] "Lrnr_earth_2_3_backward_0_1_0_0"        
[3] "Lrnr_gam_NULL_NULL_GCV.Cp"              
[4] "Lrnr_glmnet_NULL_deviance_10_1_100_TRUE"
[5] "Lrnr_xgboost_20_1_15_1_0.2"             
[6] "Lrnr_xgboost_20_1_15_2_0.2"             
[7] "Lrnr_xgboost_20_1_15_3_0.2"             
[8] "Lrnr_xgboost_20_1_15_4_0.2"             
[9] "Lrnr_xgboost_20_1_15_5_0.2"             
[1] "Lrnr_cv_selector_NULL"
         Lrnr_ranger_500_TRUE_none_1_10         Lrnr_earth_2_3_backward_0_1_0_0 
                             0.06686040                              0.05196704 
              Lrnr_gam_NULL_NULL_GCV.Cp Lrnr_glmnet_NULL_deviance_10_1_100_TRUE 
                             0.05320337                              0.04259048 
             Lrnr_xgboost_20_1_15_1_0.2              Lrnr_xgboost_20_1_15_2_0.2 
                             0.07325319                              0.07173001 
             Lrnr_xgboost_20_1_15_3_0.2              Lrnr_xgboost_20_1_15_4_0.2 
                             0.07156755                              0.07156755 
             Lrnr_xgboost_20_1_15_5_0.2 
                             0.07156755 
[1] "done"
[1] "Lrnr_cv"
[1] "Lrnr_mean"
[1] "Lrnr_cv"
[1] "Lrnr_mean"
NULL
[1] "done"
[1] "all"
[1] "iter: 5"
[1] "Lrnr_cv"
[1] "Lrnr_ranger_500_TRUE_none_1_10"         
[2] "Lrnr_earth_2_3_backward_0_1_0_0"        
[3] "Lrnr_gam_NULL_NULL_GCV.Cp"              
[4] "Lrnr_glmnet_NULL_deviance_10_1_100_TRUE"
[5] "Lrnr_xgboost_20_1_15_1_0.2"             
[6] "Lrnr_xgboost_20_1_15_2_0.2"             
[7] "Lrnr_xgboost_20_1_15_3_0.2"             
[8] "Lrnr_xgboost_20_1_15_4_0.2"             
[9] "Lrnr_xgboost_20_1_15_5_0.2"             
[1] "Lrnr_cv_selector_NULL"
[1] "Lrnr_cv"
[1] "Lrnr_ranger_500_TRUE_none_1_10"         
[2] "Lrnr_earth_2_3_backward_0_1_0_0"        
[3] "Lrnr_gam_NULL_NULL_GCV.Cp"              
[4] "Lrnr_glmnet_NULL_deviance_10_1_100_TRUE"
[5] "Lrnr_xgboost_20_1_15_1_0.2"             
[6] "Lrnr_xgboost_20_1_15_2_0.2"             
[7] "Lrnr_xgboost_20_1_15_3_0.2"             
[8] "Lrnr_xgboost_20_1_15_4_0.2"             
[9] "Lrnr_xgboost_20_1_15_5_0.2"             
[1] "Lrnr_cv_selector_NULL"
         Lrnr_ranger_500_TRUE_none_1_10         Lrnr_earth_2_3_backward_0_1_0_0 
                             0.07050626                              0.07013226 
              Lrnr_gam_NULL_NULL_GCV.Cp Lrnr_glmnet_NULL_deviance_10_1_100_TRUE 
                             0.04485607                              0.06007302 
             Lrnr_xgboost_20_1_15_1_0.2              Lrnr_xgboost_20_1_15_2_0.2 
                             0.08437863                              0.07160360 
             Lrnr_xgboost_20_1_15_3_0.2              Lrnr_xgboost_20_1_15_4_0.2 
                             0.07079503                              0.07079503 
             Lrnr_xgboost_20_1_15_5_0.2 
                             0.07079503 
[1] "done"
[1] "Lrnr_cv"
[1] "Lrnr_mean"
[1] "Lrnr_cv"
[1] "Lrnr_mean"
NULL
[1] "done"
[1] "all"
[1] "iter: 6"
[1] "Lrnr_cv"
[1] "Lrnr_ranger_500_TRUE_none_1_10"         
[2] "Lrnr_earth_2_3_backward_0_1_0_0"        
[3] "Lrnr_gam_NULL_NULL_GCV.Cp"              
[4] "Lrnr_glmnet_NULL_deviance_10_1_100_TRUE"
[5] "Lrnr_xgboost_20_1_15_1_0.2"             
[6] "Lrnr_xgboost_20_1_15_2_0.2"             
[7] "Lrnr_xgboost_20_1_15_3_0.2"             
[8] "Lrnr_xgboost_20_1_15_4_0.2"             
[9] "Lrnr_xgboost_20_1_15_5_0.2"             
[1] "Lrnr_cv_selector_NULL"
[1] "Lrnr_cv"
[1] "Lrnr_ranger_500_TRUE_none_1_10"         
[2] "Lrnr_earth_2_3_backward_0_1_0_0"        
[3] "Lrnr_gam_NULL_NULL_GCV.Cp"              
[4] "Lrnr_glmnet_NULL_deviance_10_1_100_TRUE"
[5] "Lrnr_xgboost_20_1_15_1_0.2"             
[6] "Lrnr_xgboost_20_1_15_2_0.2"             
[7] "Lrnr_xgboost_20_1_15_3_0.2"             
[8] "Lrnr_xgboost_20_1_15_4_0.2"             
[9] "Lrnr_xgboost_20_1_15_5_0.2"             
[1] "Lrnr_cv_selector_NULL"
         Lrnr_ranger_500_TRUE_none_1_10         Lrnr_earth_2_3_backward_0_1_0_0 
                             0.04182294                              0.04296671 
              Lrnr_gam_NULL_NULL_GCV.Cp Lrnr_glmnet_NULL_deviance_10_1_100_TRUE 
                             0.04672934                              0.02793912 
             Lrnr_xgboost_20_1_15_1_0.2              Lrnr_xgboost_20_1_15_2_0.2 
                             0.04552557                              0.04148897 
             Lrnr_xgboost_20_1_15_3_0.2              Lrnr_xgboost_20_1_15_4_0.2 
                             0.04148897                              0.04148897 
             Lrnr_xgboost_20_1_15_5_0.2 
                             0.04148897 
[1] "done"
[1] "Lrnr_cv"
[1] "Lrnr_mean"
[1] "Lrnr_cv"
[1] "Lrnr_mean"
NULL
[1] "done"
[1] "all"
[1] "iter: 7"
[1] "Lrnr_cv"
[1] "Lrnr_ranger_500_TRUE_none_1_10"         
[2] "Lrnr_earth_2_3_backward_0_1_0_0"        
[3] "Lrnr_gam_NULL_NULL_GCV.Cp"              
[4] "Lrnr_glmnet_NULL_deviance_10_1_100_TRUE"
[5] "Lrnr_xgboost_20_1_15_1_0.2"             
[6] "Lrnr_xgboost_20_1_15_2_0.2"             
[7] "Lrnr_xgboost_20_1_15_3_0.2"             
[8] "Lrnr_xgboost_20_1_15_4_0.2"             
[9] "Lrnr_xgboost_20_1_15_5_0.2"             
[1] "Lrnr_cv_selector_NULL"
[1] "Lrnr_cv"
[1] "Lrnr_ranger_500_TRUE_none_1_10"         
[2] "Lrnr_earth_2_3_backward_0_1_0_0"        
[3] "Lrnr_gam_NULL_NULL_GCV.Cp"              
[4] "Lrnr_glmnet_NULL_deviance_10_1_100_TRUE"
[5] "Lrnr_xgboost_20_1_15_1_0.2"             
[6] "Lrnr_xgboost_20_1_15_2_0.2"             
[7] "Lrnr_xgboost_20_1_15_3_0.2"             
[8] "Lrnr_xgboost_20_1_15_4_0.2"             
[9] "Lrnr_xgboost_20_1_15_5_0.2"             
[1] "Lrnr_cv_selector_NULL"
         Lrnr_ranger_500_TRUE_none_1_10         Lrnr_earth_2_3_backward_0_1_0_0 
                             0.03480960                              0.03139812 
Lrnr_glmnet_NULL_deviance_10_1_100_TRUE              Lrnr_xgboost_20_1_15_1_0.2 
                             0.02243486                              0.03483231 
             Lrnr_xgboost_20_1_15_2_0.2              Lrnr_xgboost_20_1_15_3_0.2 
                             0.03549336                              0.03549336 
             Lrnr_xgboost_20_1_15_4_0.2              Lrnr_xgboost_20_1_15_5_0.2 
                             0.03549336                              0.03549336 
[1] "done"
[1] "Lrnr_cv"
[1] "Lrnr_mean"
[1] "Lrnr_cv"
[1] "Lrnr_mean"
NULL
[1] "done"
[1] "all"
[1] "iter: 8"
[1] "Lrnr_cv"
[1] "Lrnr_ranger_500_TRUE_none_1_10"         
[2] "Lrnr_earth_2_3_backward_0_1_0_0"        
[3] "Lrnr_gam_NULL_NULL_GCV.Cp"              
[4] "Lrnr_glmnet_NULL_deviance_10_1_100_TRUE"
[5] "Lrnr_xgboost_20_1_15_1_0.2"             
[6] "Lrnr_xgboost_20_1_15_2_0.2"             
[7] "Lrnr_xgboost_20_1_15_3_0.2"             
[8] "Lrnr_xgboost_20_1_15_4_0.2"             
[9] "Lrnr_xgboost_20_1_15_5_0.2"             
[1] "Lrnr_cv_selector_NULL"
[1] "Lrnr_cv"
[1] "Lrnr_ranger_500_TRUE_none_1_10"         
[2] "Lrnr_earth_2_3_backward_0_1_0_0"        
[3] "Lrnr_gam_NULL_NULL_GCV.Cp"              
[4] "Lrnr_glmnet_NULL_deviance_10_1_100_TRUE"
[5] "Lrnr_xgboost_20_1_15_1_0.2"             
[6] "Lrnr_xgboost_20_1_15_2_0.2"             
[7] "Lrnr_xgboost_20_1_15_3_0.2"             
[8] "Lrnr_xgboost_20_1_15_4_0.2"             
[9] "Lrnr_xgboost_20_1_15_5_0.2"             
[1] "Lrnr_cv_selector_NULL"
         Lrnr_ranger_500_TRUE_none_1_10         Lrnr_earth_2_3_backward_0_1_0_0 
                             0.06945458                              0.05477595 
              Lrnr_gam_NULL_NULL_GCV.Cp Lrnr_glmnet_NULL_deviance_10_1_100_TRUE 
                             0.05102828                              0.05041797 
             Lrnr_xgboost_20_1_15_1_0.2              Lrnr_xgboost_20_1_15_2_0.2 
                             0.07864925                              0.07009046 
             Lrnr_xgboost_20_1_15_3_0.2              Lrnr_xgboost_20_1_15_4_0.2 
                             0.07018330                              0.07018330 
             Lrnr_xgboost_20_1_15_5_0.2 
                             0.07018330 
[1] "done"
[1] "Lrnr_cv"
[1] "Lrnr_mean"
[1] "Lrnr_cv"
[1] "Lrnr_mean"
NULL
[1] "done"
[1] "all"
[1] "iter: 9"
[1] "Lrnr_cv"
[1] "Lrnr_ranger_500_TRUE_none_1_10"         
[2] "Lrnr_earth_2_3_backward_0_1_0_0"        
[3] "Lrnr_gam_NULL_NULL_GCV.Cp"              
[4] "Lrnr_glmnet_NULL_deviance_10_1_100_TRUE"
[5] "Lrnr_xgboost_20_1_15_1_0.2"             
[6] "Lrnr_xgboost_20_1_15_2_0.2"             
[7] "Lrnr_xgboost_20_1_15_3_0.2"             
[8] "Lrnr_xgboost_20_1_15_4_0.2"             
[9] "Lrnr_xgboost_20_1_15_5_0.2"             
[1] "Lrnr_cv_selector_NULL"
[1] "Lrnr_cv"
[1] "Lrnr_ranger_500_TRUE_none_1_10"         
[2] "Lrnr_earth_2_3_backward_0_1_0_0"        
[3] "Lrnr_gam_NULL_NULL_GCV.Cp"              
[4] "Lrnr_glmnet_NULL_deviance_10_1_100_TRUE"
[5] "Lrnr_xgboost_20_1_15_1_0.2"             
[6] "Lrnr_xgboost_20_1_15_2_0.2"             
[7] "Lrnr_xgboost_20_1_15_3_0.2"             
[8] "Lrnr_xgboost_20_1_15_4_0.2"             
[9] "Lrnr_xgboost_20_1_15_5_0.2"             
[1] "Lrnr_cv_selector_NULL"
         Lrnr_ranger_500_TRUE_none_1_10         Lrnr_earth_2_3_backward_0_1_0_0 
                             0.05264827                              0.04428387 
Lrnr_glmnet_NULL_deviance_10_1_100_TRUE              Lrnr_xgboost_20_1_15_1_0.2 
                             0.14777798                              0.05160263 
             Lrnr_xgboost_20_1_15_2_0.2              Lrnr_xgboost_20_1_15_3_0.2 
                             0.03690220                              0.03684518 
             Lrnr_xgboost_20_1_15_4_0.2              Lrnr_xgboost_20_1_15_5_0.2 
                             0.03684518                              0.03684518 
[1] "done"
[1] "Lrnr_cv"
[1] "Lrnr_mean"
[1] "Lrnr_cv"
[1] "Lrnr_mean"
NULL
[1] "done"
[1] "all"
[1] "iter: 10"
[1] "Lrnr_cv"
[1] "Lrnr_ranger_500_TRUE_none_1_10"         
[2] "Lrnr_earth_2_3_backward_0_1_0_0"        
[3] "Lrnr_gam_NULL_NULL_GCV.Cp"              
[4] "Lrnr_glmnet_NULL_deviance_10_1_100_TRUE"
[5] "Lrnr_xgboost_20_1_15_1_0.2"             
[6] "Lrnr_xgboost_20_1_15_2_0.2"             
[7] "Lrnr_xgboost_20_1_15_3_0.2"             
[8] "Lrnr_xgboost_20_1_15_4_0.2"             
[9] "Lrnr_xgboost_20_1_15_5_0.2"             
[1] "Lrnr_cv_selector_NULL"
[1] "Lrnr_cv"
[1] "Lrnr_ranger_500_TRUE_none_1_10"         
[2] "Lrnr_earth_2_3_backward_0_1_0_0"        
[3] "Lrnr_gam_NULL_NULL_GCV.Cp"              
[4] "Lrnr_glmnet_NULL_deviance_10_1_100_TRUE"
[5] "Lrnr_xgboost_20_1_15_1_0.2"             
[6] "Lrnr_xgboost_20_1_15_2_0.2"             
[7] "Lrnr_xgboost_20_1_15_3_0.2"             
[8] "Lrnr_xgboost_20_1_15_4_0.2"             
[9] "Lrnr_xgboost_20_1_15_5_0.2"             
[1] "Lrnr_cv_selector_NULL"
         Lrnr_ranger_500_TRUE_none_1_10         Lrnr_earth_2_3_backward_0_1_0_0 
                             0.07071089                              0.06916717 
              Lrnr_gam_NULL_NULL_GCV.Cp Lrnr_glmnet_NULL_deviance_10_1_100_TRUE 
                             0.06788079                              0.12796861 
             Lrnr_xgboost_20_1_15_1_0.2              Lrnr_xgboost_20_1_15_2_0.2 
                             0.07610128                              0.06590359 
             Lrnr_xgboost_20_1_15_3_0.2              Lrnr_xgboost_20_1_15_4_0.2 
                             0.06528914                              0.06538195 
             Lrnr_xgboost_20_1_15_5_0.2 
                             0.06538195 
[1] "done"
[1] "Lrnr_cv"
[1] "Lrnr_mean"
[1] "Lrnr_cv"
[1] "Lrnr_mean"
NULL
[1] "done"
[1] "all"
[1] "iter: 11"
[1] "Lrnr_cv"
[1] "Lrnr_ranger_500_TRUE_none_1_10"         
[2] "Lrnr_earth_2_3_backward_0_1_0_0"        
[3] "Lrnr_gam_NULL_NULL_GCV.Cp"              
[4] "Lrnr_glmnet_NULL_deviance_10_1_100_TRUE"
[5] "Lrnr_xgboost_20_1_15_1_0.2"             
[6] "Lrnr_xgboost_20_1_15_2_0.2"             
[7] "Lrnr_xgboost_20_1_15_3_0.2"             
[8] "Lrnr_xgboost_20_1_15_4_0.2"             
[9] "Lrnr_xgboost_20_1_15_5_0.2"             
[1] "Lrnr_cv_selector_NULL"
[1] "Lrnr_cv"
[1] "Lrnr_ranger_500_TRUE_none_1_10"         
[2] "Lrnr_earth_2_3_backward_0_1_0_0"        
[3] "Lrnr_gam_NULL_NULL_GCV.Cp"              
[4] "Lrnr_glmnet_NULL_deviance_10_1_100_TRUE"
[5] "Lrnr_xgboost_20_1_15_1_0.2"             
[6] "Lrnr_xgboost_20_1_15_2_0.2"             
[7] "Lrnr_xgboost_20_1_15_3_0.2"             
[8] "Lrnr_xgboost_20_1_15_4_0.2"             
[9] "Lrnr_xgboost_20_1_15_5_0.2"             
[1] "Lrnr_cv_selector_NULL"
         Lrnr_ranger_500_TRUE_none_1_10         Lrnr_earth_2_3_backward_0_1_0_0 
                             0.06292989                              0.06321787 
              Lrnr_gam_NULL_NULL_GCV.Cp Lrnr_glmnet_NULL_deviance_10_1_100_TRUE 
                             0.03943760                              0.06484579 
             Lrnr_xgboost_20_1_15_1_0.2              Lrnr_xgboost_20_1_15_2_0.2 
                             0.07289906                              0.06126341 
             Lrnr_xgboost_20_1_15_3_0.2              Lrnr_xgboost_20_1_15_4_0.2 
                             0.06109459                              0.06109459 
             Lrnr_xgboost_20_1_15_5_0.2 
                             0.06109459 
[1] "done"
[1] "Lrnr_cv"
[1] "Lrnr_mean"
[1] "Lrnr_cv"
[1] "Lrnr_mean"
NULL
[1] "done"
[1] "all"
[1] "iter: 12"
[1] "Lrnr_cv"
[1] "Lrnr_ranger_500_TRUE_none_1_10"         
[2] "Lrnr_earth_2_3_backward_0_1_0_0"        
[3] "Lrnr_gam_NULL_NULL_GCV.Cp"              
[4] "Lrnr_glmnet_NULL_deviance_10_1_100_TRUE"
[5] "Lrnr_xgboost_20_1_15_1_0.2"             
[6] "Lrnr_xgboost_20_1_15_2_0.2"             
[7] "Lrnr_xgboost_20_1_15_3_0.2"             
[8] "Lrnr_xgboost_20_1_15_4_0.2"             
[9] "Lrnr_xgboost_20_1_15_5_0.2"             
[1] "Lrnr_cv_selector_NULL"
[1] "Lrnr_cv"
[1] "Lrnr_ranger_500_TRUE_none_1_10"         
[2] "Lrnr_earth_2_3_backward_0_1_0_0"        
[3] "Lrnr_gam_NULL_NULL_GCV.Cp"              
[4] "Lrnr_glmnet_NULL_deviance_10_1_100_TRUE"
[5] "Lrnr_xgboost_20_1_15_1_0.2"             
[6] "Lrnr_xgboost_20_1_15_2_0.2"             
[7] "Lrnr_xgboost_20_1_15_3_0.2"             
[8] "Lrnr_xgboost_20_1_15_4_0.2"             
[9] "Lrnr_xgboost_20_1_15_5_0.2"             
[1] "Lrnr_cv_selector_NULL"
         Lrnr_ranger_500_TRUE_none_1_10         Lrnr_earth_2_3_backward_0_1_0_0 
                             0.08122677                              0.06952165 
              Lrnr_gam_NULL_NULL_GCV.Cp Lrnr_glmnet_NULL_deviance_10_1_100_TRUE 
                             0.05481459                              0.11404448 
             Lrnr_xgboost_20_1_15_1_0.2              Lrnr_xgboost_20_1_15_2_0.2 
                             0.09456201                              0.08332415 
             Lrnr_xgboost_20_1_15_3_0.2              Lrnr_xgboost_20_1_15_4_0.2 
                             0.08201457                              0.08159597 
             Lrnr_xgboost_20_1_15_5_0.2 
                             0.08159597 
[1] "done"
[1] "Lrnr_cv"
[1] "Lrnr_mean"
[1] "Lrnr_cv"
[1] "Lrnr_mean"
NULL
[1] "done"
[1] "all"
[1] "iter: 13"
[1] "Lrnr_cv"
[1] "Lrnr_ranger_500_TRUE_none_1_10"         
[2] "Lrnr_earth_2_3_backward_0_1_0_0"        
[3] "Lrnr_gam_NULL_NULL_GCV.Cp"              
[4] "Lrnr_glmnet_NULL_deviance_10_1_100_TRUE"
[5] "Lrnr_xgboost_20_1_15_1_0.2"             
[6] "Lrnr_xgboost_20_1_15_2_0.2"             
[7] "Lrnr_xgboost_20_1_15_3_0.2"             
[8] "Lrnr_xgboost_20_1_15_4_0.2"             
[9] "Lrnr_xgboost_20_1_15_5_0.2"             
[1] "Lrnr_cv_selector_NULL"
[1] "Lrnr_cv"
[1] "Lrnr_ranger_500_TRUE_none_1_10"         
[2] "Lrnr_earth_2_3_backward_0_1_0_0"        
[3] "Lrnr_gam_NULL_NULL_GCV.Cp"              
[4] "Lrnr_glmnet_NULL_deviance_10_1_100_TRUE"
[5] "Lrnr_xgboost_20_1_15_1_0.2"             
[6] "Lrnr_xgboost_20_1_15_2_0.2"             
[7] "Lrnr_xgboost_20_1_15_3_0.2"             
[8] "Lrnr_xgboost_20_1_15_4_0.2"             
[9] "Lrnr_xgboost_20_1_15_5_0.2"             
[1] "Lrnr_cv_selector_NULL"
         Lrnr_ranger_500_TRUE_none_1_10         Lrnr_earth_2_3_backward_0_1_0_0 
                             0.05259115                              0.03770450 
              Lrnr_gam_NULL_NULL_GCV.Cp Lrnr_glmnet_NULL_deviance_10_1_100_TRUE 
                             0.05980012                              0.14388910 
             Lrnr_xgboost_20_1_15_1_0.2              Lrnr_xgboost_20_1_15_2_0.2 
                             0.04860826                              0.03300038 
             Lrnr_xgboost_20_1_15_3_0.2              Lrnr_xgboost_20_1_15_4_0.2 
                             0.03280943                              0.03280943 
             Lrnr_xgboost_20_1_15_5_0.2 
                             0.03280943 
[1] "done"
[1] "Lrnr_cv"
[1] "Lrnr_mean"
[1] "Lrnr_cv"
[1] "Lrnr_mean"
NULL
[1] "done"
[1] "all"
[1] "iter: 14"
[1] "Lrnr_cv"
[1] "Lrnr_ranger_500_TRUE_none_1_10"         
[2] "Lrnr_earth_2_3_backward_0_1_0_0"        
[3] "Lrnr_gam_NULL_NULL_GCV.Cp"              
[4] "Lrnr_glmnet_NULL_deviance_10_1_100_TRUE"
[5] "Lrnr_xgboost_20_1_15_1_0.2"             
[6] "Lrnr_xgboost_20_1_15_2_0.2"             
[7] "Lrnr_xgboost_20_1_15_3_0.2"             
[8] "Lrnr_xgboost_20_1_15_4_0.2"             
[9] "Lrnr_xgboost_20_1_15_5_0.2"             
[1] "Lrnr_cv_selector_NULL"
[1] "Lrnr_cv"
[1] "Lrnr_ranger_500_TRUE_none_1_10"         
[2] "Lrnr_earth_2_3_backward_0_1_0_0"        
[3] "Lrnr_gam_NULL_NULL_GCV.Cp"              
[4] "Lrnr_glmnet_NULL_deviance_10_1_100_TRUE"
[5] "Lrnr_xgboost_20_1_15_1_0.2"             
[6] "Lrnr_xgboost_20_1_15_2_0.2"             
[7] "Lrnr_xgboost_20_1_15_3_0.2"             
[8] "Lrnr_xgboost_20_1_15_4_0.2"             
[9] "Lrnr_xgboost_20_1_15_5_0.2"             
[1] "Lrnr_cv_selector_NULL"
         Lrnr_ranger_500_TRUE_none_1_10         Lrnr_earth_2_3_backward_0_1_0_0 
                             0.03507638                              0.04476745 
              Lrnr_gam_NULL_NULL_GCV.Cp Lrnr_glmnet_NULL_deviance_10_1_100_TRUE 
                             0.05470262                              0.02227977 
             Lrnr_xgboost_20_1_15_1_0.2              Lrnr_xgboost_20_1_15_2_0.2 
                             0.03809278                              0.03817312 
             Lrnr_xgboost_20_1_15_3_0.2              Lrnr_xgboost_20_1_15_4_0.2 
                             0.03817312                              0.03817312 
             Lrnr_xgboost_20_1_15_5_0.2 
                             0.03817312 
[1] "done"
[1] "Lrnr_cv"
[1] "Lrnr_mean"
[1] "Lrnr_cv"
[1] "Lrnr_mean"
NULL
[1] "done"
[1] "all"
[1] "iter: 15"
[1] "Lrnr_cv"
[1] "Lrnr_ranger_500_TRUE_none_1_10"         
[2] "Lrnr_earth_2_3_backward_0_1_0_0"        
[3] "Lrnr_gam_NULL_NULL_GCV.Cp"              
[4] "Lrnr_glmnet_NULL_deviance_10_1_100_TRUE"
[5] "Lrnr_xgboost_20_1_15_1_0.2"             
[6] "Lrnr_xgboost_20_1_15_2_0.2"             
[7] "Lrnr_xgboost_20_1_15_3_0.2"             
[8] "Lrnr_xgboost_20_1_15_4_0.2"             
[9] "Lrnr_xgboost_20_1_15_5_0.2"             
[1] "Lrnr_cv_selector_NULL"
[1] "Lrnr_cv"
[1] "Lrnr_ranger_500_TRUE_none_1_10"         
[2] "Lrnr_earth_2_3_backward_0_1_0_0"        
[3] "Lrnr_gam_NULL_NULL_GCV.Cp"              
[4] "Lrnr_glmnet_NULL_deviance_10_1_100_TRUE"
[5] "Lrnr_xgboost_20_1_15_1_0.2"             
[6] "Lrnr_xgboost_20_1_15_2_0.2"             
[7] "Lrnr_xgboost_20_1_15_3_0.2"             
[8] "Lrnr_xgboost_20_1_15_4_0.2"             
[9] "Lrnr_xgboost_20_1_15_5_0.2"             
[1] "Lrnr_cv_selector_NULL"
         Lrnr_ranger_500_TRUE_none_1_10         Lrnr_earth_2_3_backward_0_1_0_0 
                             0.07346956                              0.06334793 
              Lrnr_gam_NULL_NULL_GCV.Cp Lrnr_glmnet_NULL_deviance_10_1_100_TRUE 
                             0.04535945                              0.05602173 
             Lrnr_xgboost_20_1_15_1_0.2              Lrnr_xgboost_20_1_15_2_0.2 
                             0.08312614                              0.07609909 
             Lrnr_xgboost_20_1_15_3_0.2              Lrnr_xgboost_20_1_15_4_0.2 
                             0.07305400                              0.07305400 
             Lrnr_xgboost_20_1_15_5_0.2 
                             0.07305400 
[1] "done"
[1] "Lrnr_cv"
[1] "Lrnr_mean"
[1] "Lrnr_cv"
[1] "Lrnr_mean"
NULL
[1] "done"
[1] "all"
[1] "iter: 16"
[1] "Lrnr_cv"
[1] "Lrnr_ranger_500_TRUE_none_1_10"         
[2] "Lrnr_earth_2_3_backward_0_1_0_0"        
[3] "Lrnr_gam_NULL_NULL_GCV.Cp"              
[4] "Lrnr_glmnet_NULL_deviance_10_1_100_TRUE"
[5] "Lrnr_xgboost_20_1_15_1_0.2"             
[6] "Lrnr_xgboost_20_1_15_2_0.2"             
[7] "Lrnr_xgboost_20_1_15_3_0.2"             
[8] "Lrnr_xgboost_20_1_15_4_0.2"             
[9] "Lrnr_xgboost_20_1_15_5_0.2"             
[1] "Lrnr_cv_selector_NULL"
[1] "Lrnr_cv"
[1] "Lrnr_ranger_500_TRUE_none_1_10"         
[2] "Lrnr_earth_2_3_backward_0_1_0_0"        
[3] "Lrnr_gam_NULL_NULL_GCV.Cp"              
[4] "Lrnr_glmnet_NULL_deviance_10_1_100_TRUE"
[5] "Lrnr_xgboost_20_1_15_1_0.2"             
[6] "Lrnr_xgboost_20_1_15_2_0.2"             
[7] "Lrnr_xgboost_20_1_15_3_0.2"             
[8] "Lrnr_xgboost_20_1_15_4_0.2"             
[9] "Lrnr_xgboost_20_1_15_5_0.2"             
[1] "Lrnr_cv_selector_NULL"
         Lrnr_ranger_500_TRUE_none_1_10         Lrnr_earth_2_3_backward_0_1_0_0 
                             0.04678309                              0.05758941 
              Lrnr_gam_NULL_NULL_GCV.Cp Lrnr_glmnet_NULL_deviance_10_1_100_TRUE 
                             0.05359792                              0.02324858 
             Lrnr_xgboost_20_1_15_1_0.2              Lrnr_xgboost_20_1_15_2_0.2 
                             0.04231252                              0.04080086 
             Lrnr_xgboost_20_1_15_3_0.2              Lrnr_xgboost_20_1_15_4_0.2 
                             0.04080086                              0.04080086 
             Lrnr_xgboost_20_1_15_5_0.2 
                             0.04080086 
[1] "done"
[1] "Lrnr_cv"
[1] "Lrnr_mean"
[1] "Lrnr_cv"
[1] "Lrnr_mean"
NULL
[1] "done"
[1] "all"
[1] "iter: 17"
[1] "Lrnr_cv"
[1] "Lrnr_ranger_500_TRUE_none_1_10"         
[2] "Lrnr_earth_2_3_backward_0_1_0_0"        
[3] "Lrnr_gam_NULL_NULL_GCV.Cp"              
[4] "Lrnr_glmnet_NULL_deviance_10_1_100_TRUE"
[5] "Lrnr_xgboost_20_1_15_1_0.2"             
[6] "Lrnr_xgboost_20_1_15_2_0.2"             
[7] "Lrnr_xgboost_20_1_15_3_0.2"             
[8] "Lrnr_xgboost_20_1_15_4_0.2"             
[9] "Lrnr_xgboost_20_1_15_5_0.2"             
[1] "Lrnr_cv_selector_NULL"
[1] "Lrnr_cv"
[1] "Lrnr_ranger_500_TRUE_none_1_10"         
[2] "Lrnr_earth_2_3_backward_0_1_0_0"        
[3] "Lrnr_gam_NULL_NULL_GCV.Cp"              
[4] "Lrnr_glmnet_NULL_deviance_10_1_100_TRUE"
[5] "Lrnr_xgboost_20_1_15_1_0.2"             
[6] "Lrnr_xgboost_20_1_15_2_0.2"             
[7] "Lrnr_xgboost_20_1_15_3_0.2"             
[8] "Lrnr_xgboost_20_1_15_4_0.2"             
[9] "Lrnr_xgboost_20_1_15_5_0.2"             
[1] "Lrnr_cv_selector_NULL"
         Lrnr_ranger_500_TRUE_none_1_10         Lrnr_earth_2_3_backward_0_1_0_0 
                             0.07796803                              0.07462084 
              Lrnr_gam_NULL_NULL_GCV.Cp Lrnr_glmnet_NULL_deviance_10_1_100_TRUE 
                             0.06577230                              0.09921627 
             Lrnr_xgboost_20_1_15_1_0.2              Lrnr_xgboost_20_1_15_2_0.2 
                             0.08934350                              0.07783160 
             Lrnr_xgboost_20_1_15_3_0.2              Lrnr_xgboost_20_1_15_4_0.2 
                             0.07958133                              0.07988630 
             Lrnr_xgboost_20_1_15_5_0.2 
                             0.07988630 
[1] "done"
[1] "Lrnr_cv"
[1] "Lrnr_mean"
[1] "Lrnr_cv"
[1] "Lrnr_mean"
NULL
[1] "done"
[1] "all"
[1] "iter: 18"
[1] "Lrnr_cv"
[1] "Lrnr_ranger_500_TRUE_none_1_10"         
[2] "Lrnr_earth_2_3_backward_0_1_0_0"        
[3] "Lrnr_gam_NULL_NULL_GCV.Cp"              
[4] "Lrnr_glmnet_NULL_deviance_10_1_100_TRUE"
[5] "Lrnr_xgboost_20_1_15_1_0.2"             
[6] "Lrnr_xgboost_20_1_15_2_0.2"             
[7] "Lrnr_xgboost_20_1_15_3_0.2"             
[8] "Lrnr_xgboost_20_1_15_4_0.2"             
[9] "Lrnr_xgboost_20_1_15_5_0.2"             
[1] "Lrnr_cv_selector_NULL"
[1] "Lrnr_cv"
[1] "Lrnr_ranger_500_TRUE_none_1_10"         
[2] "Lrnr_earth_2_3_backward_0_1_0_0"        
[3] "Lrnr_gam_NULL_NULL_GCV.Cp"              
[4] "Lrnr_glmnet_NULL_deviance_10_1_100_TRUE"
[5] "Lrnr_xgboost_20_1_15_1_0.2"             
[6] "Lrnr_xgboost_20_1_15_2_0.2"             
[7] "Lrnr_xgboost_20_1_15_3_0.2"             
[8] "Lrnr_xgboost_20_1_15_4_0.2"             
[9] "Lrnr_xgboost_20_1_15_5_0.2"             
[1] "Lrnr_cv_selector_NULL"
         Lrnr_ranger_500_TRUE_none_1_10         Lrnr_earth_2_3_backward_0_1_0_0 
                             0.07686464                              0.07136332 
              Lrnr_gam_NULL_NULL_GCV.Cp Lrnr_glmnet_NULL_deviance_10_1_100_TRUE 
                             0.05773550                              0.08920782 
             Lrnr_xgboost_20_1_15_1_0.2              Lrnr_xgboost_20_1_15_2_0.2 
                             0.08444436                              0.07019542 
             Lrnr_xgboost_20_1_15_3_0.2              Lrnr_xgboost_20_1_15_4_0.2 
                             0.07049577                              0.07049577 
             Lrnr_xgboost_20_1_15_5_0.2 
                             0.07049577 
[1] "done"
[1] "Lrnr_cv"
[1] "Lrnr_mean"
[1] "Lrnr_cv"
[1] "Lrnr_mean"
NULL
[1] "done"
[1] "all"
[1] "iter: 19"
[1] "Lrnr_cv"
[1] "Lrnr_ranger_500_TRUE_none_1_10"         
[2] "Lrnr_earth_2_3_backward_0_1_0_0"        
[3] "Lrnr_gam_NULL_NULL_GCV.Cp"              
[4] "Lrnr_glmnet_NULL_deviance_10_1_100_TRUE"
[5] "Lrnr_xgboost_20_1_15_1_0.2"             
[6] "Lrnr_xgboost_20_1_15_2_0.2"             
[7] "Lrnr_xgboost_20_1_15_3_0.2"             
[8] "Lrnr_xgboost_20_1_15_4_0.2"             
[9] "Lrnr_xgboost_20_1_15_5_0.2"             
[1] "Lrnr_cv_selector_NULL"
[1] "Lrnr_cv"
[1] "Lrnr_ranger_500_TRUE_none_1_10"         
[2] "Lrnr_earth_2_3_backward_0_1_0_0"        
[3] "Lrnr_gam_NULL_NULL_GCV.Cp"              
[4] "Lrnr_glmnet_NULL_deviance_10_1_100_TRUE"
[5] "Lrnr_xgboost_20_1_15_1_0.2"             
[6] "Lrnr_xgboost_20_1_15_2_0.2"             
[7] "Lrnr_xgboost_20_1_15_3_0.2"             
[8] "Lrnr_xgboost_20_1_15_4_0.2"             
[9] "Lrnr_xgboost_20_1_15_5_0.2"             
[1] "Lrnr_cv_selector_NULL"
         Lrnr_ranger_500_TRUE_none_1_10         Lrnr_earth_2_3_backward_0_1_0_0 
                             0.07771507                              0.06191446 
              Lrnr_gam_NULL_NULL_GCV.Cp Lrnr_glmnet_NULL_deviance_10_1_100_TRUE 
                             0.04862583                              0.08509283 
             Lrnr_xgboost_20_1_15_1_0.2              Lrnr_xgboost_20_1_15_2_0.2 
                             0.09374259                              0.07859484 
             Lrnr_xgboost_20_1_15_3_0.2              Lrnr_xgboost_20_1_15_4_0.2 
                             0.07639299                              0.07639299 
             Lrnr_xgboost_20_1_15_5_0.2 
                             0.07639299 
[1] "done"
[1] "Lrnr_cv"
[1] "Lrnr_mean"
[1] "Lrnr_cv"
[1] "Lrnr_mean"
NULL
[1] "done"
[1] "all"
[1] "iter: 20"
[1] "Lrnr_cv"
[1] "Lrnr_ranger_500_TRUE_none_1_10"         
[2] "Lrnr_earth_2_3_backward_0_1_0_0"        
[3] "Lrnr_gam_NULL_NULL_GCV.Cp"              
[4] "Lrnr_glmnet_NULL_deviance_10_1_100_TRUE"
[5] "Lrnr_xgboost_20_1_15_1_0.2"             
[6] "Lrnr_xgboost_20_1_15_2_0.2"             
[7] "Lrnr_xgboost_20_1_15_3_0.2"             
[8] "Lrnr_xgboost_20_1_15_4_0.2"             
[9] "Lrnr_xgboost_20_1_15_5_0.2"             
[1] "Lrnr_cv_selector_NULL"
[1] "Lrnr_cv"
[1] "Lrnr_ranger_500_TRUE_none_1_10"         
[2] "Lrnr_earth_2_3_backward_0_1_0_0"        
[3] "Lrnr_gam_NULL_NULL_GCV.Cp"              
[4] "Lrnr_glmnet_NULL_deviance_10_1_100_TRUE"
[5] "Lrnr_xgboost_20_1_15_1_0.2"             
[6] "Lrnr_xgboost_20_1_15_2_0.2"             
[7] "Lrnr_xgboost_20_1_15_3_0.2"             
[8] "Lrnr_xgboost_20_1_15_4_0.2"             
[9] "Lrnr_xgboost_20_1_15_5_0.2"             
[1] "Lrnr_cv_selector_NULL"
         Lrnr_ranger_500_TRUE_none_1_10         Lrnr_earth_2_3_backward_0_1_0_0 
                             0.04465903                              0.05000490 
              Lrnr_gam_NULL_NULL_GCV.Cp Lrnr_glmnet_NULL_deviance_10_1_100_TRUE 
                             0.03921812                              0.03151128 
             Lrnr_xgboost_20_1_15_1_0.2              Lrnr_xgboost_20_1_15_2_0.2 
                             0.04779345                              0.04298319 
             Lrnr_xgboost_20_1_15_3_0.2              Lrnr_xgboost_20_1_15_4_0.2 
                             0.04298319                              0.04298319 
             Lrnr_xgboost_20_1_15_5_0.2 
                             0.04298319 
[1] "done"
[1] "Lrnr_cv"
[1] "Lrnr_mean"
[1] "Lrnr_cv"
[1] "Lrnr_mean"
NULL
[1] "done"
[1] "all"
[1] "iter: 21"
[1] "Lrnr_cv"
[1] "Lrnr_ranger_500_TRUE_none_1_10"         
[2] "Lrnr_earth_2_3_backward_0_1_0_0"        
[3] "Lrnr_gam_NULL_NULL_GCV.Cp"              
[4] "Lrnr_glmnet_NULL_deviance_10_1_100_TRUE"
[5] "Lrnr_xgboost_20_1_15_1_0.2"             
[6] "Lrnr_xgboost_20_1_15_2_0.2"             
[7] "Lrnr_xgboost_20_1_15_3_0.2"             
[8] "Lrnr_xgboost_20_1_15_4_0.2"             
[9] "Lrnr_xgboost_20_1_15_5_0.2"             
[1] "Lrnr_cv_selector_NULL"
[1] "Lrnr_cv"
[1] "Lrnr_ranger_500_TRUE_none_1_10"         
[2] "Lrnr_earth_2_3_backward_0_1_0_0"        
[3] "Lrnr_gam_NULL_NULL_GCV.Cp"              
[4] "Lrnr_glmnet_NULL_deviance_10_1_100_TRUE"
[5] "Lrnr_xgboost_20_1_15_1_0.2"             
[6] "Lrnr_xgboost_20_1_15_2_0.2"             
[7] "Lrnr_xgboost_20_1_15_3_0.2"             
[8] "Lrnr_xgboost_20_1_15_4_0.2"             
[9] "Lrnr_xgboost_20_1_15_5_0.2"             
[1] "Lrnr_cv_selector_NULL"
         Lrnr_ranger_500_TRUE_none_1_10         Lrnr_earth_2_3_backward_0_1_0_0 
                             0.07499360                              0.08796768 
              Lrnr_gam_NULL_NULL_GCV.Cp Lrnr_glmnet_NULL_deviance_10_1_100_TRUE 
                             0.06959577                              0.12901751 
             Lrnr_xgboost_20_1_15_1_0.2              Lrnr_xgboost_20_1_15_2_0.2 
                             0.08000222                              0.06801258 
             Lrnr_xgboost_20_1_15_3_0.2              Lrnr_xgboost_20_1_15_4_0.2 
                             0.06714408                              0.06714408 
             Lrnr_xgboost_20_1_15_5_0.2 
                             0.06714408 
[1] "done"
[1] "Lrnr_cv"
[1] "Lrnr_mean"
[1] "Lrnr_cv"
[1] "Lrnr_mean"
NULL
[1] "done"
[1] "all"
[1] "iter: 22"
[1] "Lrnr_cv"
[1] "Lrnr_ranger_500_TRUE_none_1_10"         
[2] "Lrnr_earth_2_3_backward_0_1_0_0"        
[3] "Lrnr_gam_NULL_NULL_GCV.Cp"              
[4] "Lrnr_glmnet_NULL_deviance_10_1_100_TRUE"
[5] "Lrnr_xgboost_20_1_15_1_0.2"             
[6] "Lrnr_xgboost_20_1_15_2_0.2"             
[7] "Lrnr_xgboost_20_1_15_3_0.2"             
[8] "Lrnr_xgboost_20_1_15_4_0.2"             
[9] "Lrnr_xgboost_20_1_15_5_0.2"             
[1] "Lrnr_cv_selector_NULL"
[1] "Lrnr_cv"
[1] "Lrnr_ranger_500_TRUE_none_1_10"         
[2] "Lrnr_earth_2_3_backward_0_1_0_0"        
[3] "Lrnr_gam_NULL_NULL_GCV.Cp"              
[4] "Lrnr_glmnet_NULL_deviance_10_1_100_TRUE"
[5] "Lrnr_xgboost_20_1_15_1_0.2"             
[6] "Lrnr_xgboost_20_1_15_2_0.2"             
[7] "Lrnr_xgboost_20_1_15_3_0.2"             
[8] "Lrnr_xgboost_20_1_15_4_0.2"             
[9] "Lrnr_xgboost_20_1_15_5_0.2"             
[1] "Lrnr_cv_selector_NULL"
         Lrnr_ranger_500_TRUE_none_1_10         Lrnr_earth_2_3_backward_0_1_0_0 
                             0.04141560                              0.04310646 
              Lrnr_gam_NULL_NULL_GCV.Cp Lrnr_glmnet_NULL_deviance_10_1_100_TRUE 
                             0.05494806                              0.03746719 
             Lrnr_xgboost_20_1_15_1_0.2              Lrnr_xgboost_20_1_15_2_0.2 
                             0.05097287                              0.04345980 
             Lrnr_xgboost_20_1_15_3_0.2              Lrnr_xgboost_20_1_15_4_0.2 
                             0.04345980                              0.04345980 
             Lrnr_xgboost_20_1_15_5_0.2 
                             0.04345980 
[1] "done"
[1] "Lrnr_cv"
[1] "Lrnr_mean"
[1] "Lrnr_cv"
[1] "Lrnr_mean"
NULL
[1] "done"
[1] "all"
[1] "iter: 23"
[1] "Lrnr_cv"
[1] "Lrnr_ranger_500_TRUE_none_1_10"         
[2] "Lrnr_earth_2_3_backward_0_1_0_0"        
[3] "Lrnr_gam_NULL_NULL_GCV.Cp"              
[4] "Lrnr_glmnet_NULL_deviance_10_1_100_TRUE"
[5] "Lrnr_xgboost_20_1_15_1_0.2"             
[6] "Lrnr_xgboost_20_1_15_2_0.2"             
[7] "Lrnr_xgboost_20_1_15_3_0.2"             
[8] "Lrnr_xgboost_20_1_15_4_0.2"             
[9] "Lrnr_xgboost_20_1_15_5_0.2"             
[1] "Lrnr_cv_selector_NULL"
[1] "Lrnr_cv"
[1] "Lrnr_ranger_500_TRUE_none_1_10"         
[2] "Lrnr_earth_2_3_backward_0_1_0_0"        
[3] "Lrnr_gam_NULL_NULL_GCV.Cp"              
[4] "Lrnr_glmnet_NULL_deviance_10_1_100_TRUE"
[5] "Lrnr_xgboost_20_1_15_1_0.2"             
[6] "Lrnr_xgboost_20_1_15_2_0.2"             
[7] "Lrnr_xgboost_20_1_15_3_0.2"             
[8] "Lrnr_xgboost_20_1_15_4_0.2"             
[9] "Lrnr_xgboost_20_1_15_5_0.2"             
[1] "Lrnr_cv_selector_NULL"
