LOADING R
R LOADED
[1] "/home/lvanderl/Rlibs2"                         
[2] "/app/software/R/4.3.1-gfbf-2022b/lib/R/library"
[1] "/home/lvanderl/sieveSims"
[1] "iter: 1"
[1] "done"
[1] "Lrnr_cv"
[1] "Lrnr_glm_TRUE"
[1] "done"
[1] 0.07867559
[1] 0.2791929
[1] 0.07867559
[1] "iter: 2"
[1] "done"
[1] "Lrnr_cv"
[1] "Lrnr_glm_TRUE"
[1] "done"
[1] 0.05059875
[1] 0.2446497
[1] 0.05059875
[1] "iter: 3"
[1] "done"
[1] "Lrnr_cv"
[1] "Lrnr_glm_TRUE"
[1] "done"
[1] 0.06418411
[1] 0.2719781
[1] 0.06418411
[1] "iter: 4"
[1] "done"
[1] "Lrnr_cv"
[1] "Lrnr_glm_TRUE"
[1] "done"
[1] 0.02190048
[1] 0.2632848
[1] 0.02190048
[1] "iter: 5"
[1] "done"
[1] "Lrnr_cv"
[1] "Lrnr_glm_TRUE"
[1] "done"
[1] 0.01224544
[1] 0.2430451
[1] 0.01224544
[1] "iter: 6"
[1] "done"
[1] "Lrnr_cv"
[1] "Lrnr_glm_TRUE"
[1] "done"
[1] 0.09406303
[1] 0.3008078
[1] 0.09406303
[1] "iter: 7"
[1] "done"
[1] "Lrnr_cv"
[1] "Lrnr_glm_TRUE"
[1] "done"
[1] 0.08385529
[1] 0.2819136
[1] 0.08385529
[1] "iter: 8"
[1] "done"
[1] "Lrnr_cv"
[1] "Lrnr_glm_TRUE"
[1] "done"
[1] 0.08348671
[1] 0.2544088
[1] 0.08348671
[1] "iter: 9"
[1] "done"
[1] "Lrnr_cv"
[1] "Lrnr_glm_TRUE"
[1] "done"
[1] 0.0914656
[1] 0.3037916
[1] 0.0914656
[1] "iter: 10"
[1] "done"
[1] "Lrnr_cv"
[1] "Lrnr_glm_TRUE"
[1] "done"
[1] 0.09413148
[1] 0.3099081
[1] 0.09413148
[1] "iter: 11"
[1] "done"
[1] "Lrnr_cv"
[1] "Lrnr_glm_TRUE"
[1] "done"
[1] 0.07357775
[1] 0.2520664
[1] 0.07357775
[1] "iter: 12"
[1] "done"
[1] "Lrnr_cv"
[1] "Lrnr_glm_TRUE"
[1] "done"
[1] 0.04436854
[1] 0.2596078
[1] 0.04436854
[1] "iter: 13"
[1] "done"
[1] "Lrnr_cv"
[1] "Lrnr_glm_TRUE"
[1] "done"
[1] 0.08120057
[1] 0.272852
[1] 0.08120057
[1] "iter: 14"
[1] "done"
[1] "Lrnr_cv"
[1] "Lrnr_glm_TRUE"
[1] "done"
[1] 0.05367348
[1] 0.2446656
[1] 0.05367348
[1] "iter: 15"
[1] "done"
[1] "Lrnr_cv"
[1] "Lrnr_glm_TRUE"
[1] "done"
[1] 0.02047248
[1] 0.255099
[1] 0.02047248
[1] "iter: 16"
[1] "done"
[1] "Lrnr_cv"
[1] "Lrnr_glm_TRUE"
[1] "done"
[1] 0.06886885
[1] 0.2582436
[1] 0.06886885
[1] "iter: 17"
[1] "done"
[1] "Lrnr_cv"
[1] "Lrnr_glm_TRUE"
[1] "done"
[1] 0.07990645
[1] 0.2674948
[1] 0.07990645
[1] "iter: 18"
[1] "done"
[1] "Lrnr_cv"
[1] "Lrnr_glm_TRUE"
[1] "done"
[1] 0.03988974
[1] 0.2487946
[1] 0.03988974
[1] "iter: 19"
[1] "done"
[1] "Lrnr_cv"
[1] "Lrnr_glm_TRUE"
[1] "done"
[1] 0.04513978
[1] 0.2282558
[1] 0.04513978
[1] "iter: 20"
[1] "done"
[1] "Lrnr_cv"
[1] "Lrnr_glm_TRUE"
[1] "done"
[1] 0.07264589
[1] 0.2629468
[1] 0.07264589
[1] "iter: 21"
[1] "done"
[1] "Lrnr_cv"
[1] "Lrnr_glm_TRUE"
[1] "done"
[1] 0.03627337
[1] 0.2416569
[1] 0.03627337
[1] "iter: 22"
[1] "done"
[1] "Lrnr_cv"
[1] "Lrnr_glm_TRUE"
[1] "done"
[1] 0.1093411
[1] 0.2965
[1] 0.1093411
[1] "iter: 23"
[1] "done"
[1] "Lrnr_cv"
[1] "Lrnr_glm_TRUE"
[1] "done"
[1] 0.02892509
[1] 0.2255905
[1] 0.02892509
[1] "iter: 24"
[1] "done"
[1] "Lrnr_cv"
[1] "Lrnr_glm_TRUE"
[1] "done"
[1] 0.07548968
[1] 0.2472925
[1] 0.07548968
[1] "iter: 25"
[1] "done"
[1] "Lrnr_cv"
[1] "Lrnr_glm_TRUE"
[1] "done"
[1] 0.0982215
[1] 0.2593738
[1] 0.0982215
[1] "iter: 26"
[1] "done"
[1] "Lrnr_cv"
[1] "Lrnr_glm_TRUE"
[1] "done"
[1] 0.04626697
[1] 0.2834724
[1] 0.04626697
[1] "iter: 27"
[1] "done"
[1] "Lrnr_cv"
[1] "Lrnr_glm_TRUE"
[1] "done"
[1] 0.06503984
[1] 0.2613313
[1] 0.06503984
[1] "iter: 28"
[1] "done"
[1] "Lrnr_cv"
[1] "Lrnr_glm_TRUE"
[1] "done"
[1] 0.1034958
[1] 0.2864035
[1] 0.1034958
[1] "iter: 29"
[1] "done"
[1] "Lrnr_cv"
[1] "Lrnr_glm_TRUE"
[1] "done"
[1] 0.09515756
[1] 0.2762138
[1] 0.09515756
[1] "iter: 30"
[1] "done"
[1] "Lrnr_cv"
[1] "Lrnr_glm_TRUE"
[1] "done"
[1] 0.0707135
[1] 0.2599284
[1] 0.0707135
[1] "iter: 31"
[1] "done"
[1] "Lrnr_cv"
[1] "Lrnr_glm_TRUE"
[1] "done"
[1] 0.116282
[1] 0.3193531
[1] 0.116282
[1] "iter: 32"
[1] "done"
[1] "Lrnr_cv"
[1] "Lrnr_glm_TRUE"
[1] "done"
[1] 0.06937134
[1] 0.2379656
[1] 0.06937134
[1] "iter: 33"
[1] "done"
[1] "Lrnr_cv"
[1] "Lrnr_glm_TRUE"
[1] "done"
[1] 0.08783516
[1] 0.3115872
[1] 0.08783516
[1] "iter: 34"
[1] "done"
[1] "Lrnr_cv"
[1] "Lrnr_glm_TRUE"
[1] "done"
[1] 0.05867421
[1] 0.2616313
[1] 0.05867421
[1] "iter: 35"
[1] "done"
[1] "Lrnr_cv"
[1] "Lrnr_glm_TRUE"
[1] "done"
[1] 0.08091945
[1] 0.2636462
[1] 0.08091945
[1] "iter: 36"
[1] "done"
[1] "Lrnr_cv"
[1] "Lrnr_glm_TRUE"
[1] "done"
[1] 0.0371299
[1] 0.2355087
[1] 0.0371299
[1] "iter: 37"
[1] "done"
[1] "Lrnr_cv"
[1] "Lrnr_glm_TRUE"
[1] "done"
[1] 0.07499247
[1] 0.2584812
[1] 0.07499247
[1] "iter: 38"
[1] "done"
[1] "Lrnr_cv"
[1] "Lrnr_glm_TRUE"
[1] "done"
[1] 0.01515601
[1] 0.2383162
[1] 0.01515601
[1] "iter: 39"
[1] "done"
[1] "Lrnr_cv"
[1] "Lrnr_glm_TRUE"
[1] "done"
[1] 0.06620946
[1] 0.2322707
[1] 0.06620946
[1] "iter: 40"
[1] "done"
[1] "Lrnr_cv"
[1] "Lrnr_glm_TRUE"
[1] "done"
[1] 0.1041985
[1] 0.3112559
[1] 0.1041985
[1] "iter: 41"
[1] "done"
[1] "Lrnr_cv"
[1] "Lrnr_glm_TRUE"
[1] "done"
[1] 0.07165056
[1] 0.2926461
[1] 0.07165056
[1] "iter: 42"
[1] "done"
[1] "Lrnr_cv"
[1] "Lrnr_glm_TRUE"
[1] "done"
[1] 0.01854397
[1] 0.2276524
[1] 0.01854397
[1] "iter: 43"
[1] "done"
[1] "Lrnr_cv"
[1] "Lrnr_glm_TRUE"
[1] "done"
[1] 0.1160756
[1] 0.3041802
[1] 0.1160756
[1] "iter: 44"
[1] "done"
[1] "Lrnr_cv"
[1] "Lrnr_glm_TRUE"
[1] "done"
[1] 0.07436944
[1] 0.2687812
[1] 0.07436944
[1] "iter: 45"
[1] "done"
[1] "Lrnr_cv"
[1] "Lrnr_glm_TRUE"
[1] "done"
[1] 0.04975613
[1] 0.2259887
[1] 0.04975613
[1] "iter: 46"
[1] "done"
[1] "Lrnr_cv"
[1] "Lrnr_glm_TRUE"
[1] "done"
[1] 0.0875544
[1] 0.2839127
[1] 0.0875544
[1] "iter: 47"
[1] "done"
[1] "Lrnr_cv"
[1] "Lrnr_glm_TRUE"
[1] "done"
[1] 0.07479798
[1] 0.2588396
[1] 0.07479798
[1] "iter: 48"
[1] "done"
[1] "Lrnr_cv"
[1] "Lrnr_glm_TRUE"
[1] "done"
[1] 0.1163567
[1] 0.3010688
[1] 0.1163567
[1] "iter: 49"
[1] "done"
[1] "Lrnr_cv"
[1] "Lrnr_glm_TRUE"
[1] "done"
[1] 0.03611974
[1] 0.2243696
[1] 0.03611974
[1] "iter: 50"
[1] "done"
[1] "Lrnr_cv"
[1] "Lrnr_glm_TRUE"
[1] "done"
[1] 0.05649243
[1] 0.2548972
[1] 0.05649243
[1] "iter: 51"
[1] "done"
[1] "Lrnr_cv"
[1] "Lrnr_glm_TRUE"
[1] "done"
[1] 0.06095541
[1] 0.2787861
[1] 0.06095541
[1] "iter: 52"
[1] "done"
[1] "Lrnr_cv"
[1] "Lrnr_glm_TRUE"
[1] "done"
[1] 0.09639186
[1] 0.2699509
[1] 0.09639186
[1] "iter: 53"
[1] "done"
[1] "Lrnr_cv"
[1] "Lrnr_glm_TRUE"
[1] "done"
[1] 0.04226695
[1] 0.2358291
[1] 0.04226695
[1] "iter: 54"
[1] "done"
[1] "Lrnr_cv"
[1] "Lrnr_glm_TRUE"
[1] "done"
[1] 0.04121658
[1] 0.2806405
[1] 0.04121658
[1] "iter: 55"
[1] "done"
[1] "Lrnr_cv"
[1] "Lrnr_glm_TRUE"
[1] "done"
[1] 0.08695788
[1] "iter: 56"
[1] "done"
[1] "Lrnr_cv"
[1] "Lrnr_glm_TRUE"
[1] "done"
[1] 0.1194286
[1] 0.2878278
[1] 0.1194286
[1] "iter: 57"
[1] "done"
[1] "Lrnr_cv"
[1] "Lrnr_glm_TRUE"
[1] "done"
[1] 0.0638092
[1] 0.2874858
[1] 0.0638092
[1] "iter: 58"
[1] "done"
[1] "Lrnr_cv"
[1] "Lrnr_glm_TRUE"
[1] "done"
[1] 0.06048736
[1] 0.2554925
[1] 0.06048736
[1] "iter: 59"
[1] "done"
[1] "Lrnr_cv"
[1] "Lrnr_glm_TRUE"
[1] "done"
[1] 0.1216668
[1] 0.336115
