Error in FUN(X[[i]], ...) : object 'nitial_estimators_all' not found
Error in FUN(X[[i]], ...) : object 'nitial_estimators_all' not found
Error in FUN(X[[i]], ...) : object 'nitial_estimators_all' not found
Error in FUN(X[[i]], ...) : object 'nitial_estimators_all' not found
Error in FUN(X[[i]], ...) : object 'nitial_estimators_all' not found
Error in FUN(X[[i]], ...) : object 'nitial_estimators_all' not found
Error in FUN(X[[i]], ...) : object 'nitial_estimators_all' not found
Error in FUN(X[[i]], ...) : object 'nitial_estimators_all' not found
Error in FUN(X[[i]], ...) : object 'nitial_estimators_all' not found
Error in FUN(X[[i]], ...) : object 'nitial_estimators_all' not found
Error in FUN(X[[i]], ...) : object 'nitial_estimators_all' not found
Error in FUN(X[[i]], ...) : object 'nitial_estimators_all' not found
Error in FUN(X[[i]], ...) : object 'nitial_estimators_all' not found
Error in FUN(X[[i]], ...) : object 'nitial_estimators_all' not found
Error in FUN(X[[i]], ...) : object 'nitial_estimators_all' not found
Error in FUN(X[[i]], ...) : object 'nitial_estimators_all' not found
Error in FUN(X[[i]], ...) : object 'nitial_estimators_all' not found
Error in FUN(X[[i]], ...) : object 'nitial_estimators_all' not found
Error in FUN(X[[i]], ...) : object 'nitial_estimators_all' not found
Error in FUN(X[[i]], ...) : object 'nitial_estimators_all' not found
Error in FUN(X[[i]], ...) : object 'nitial_estimators_all' not found
Error in FUN(X[[i]], ...) : object 'nitial_estimators_all' not found
Error in FUN(X[[i]], ...) : object 'nitial_estimators_all' not found
Error in FUN(X[[i]], ...) : object 'nitial_estimators_all' not found
Error in FUN(X[[i]], ...) : object 'nitial_estimators_all' not found
Error in FUN(X[[i]], ...) : object 'nitial_estimators_all' not found
Error in FUN(X[[i]], ...) : object 'nitial_estimators_all' not found
Error in FUN(X[[i]], ...) : object 'nitial_estimators_all' not found
Error in FUN(X[[i]], ...) : object 'nitial_estimators_all' not found
Error in FUN(X[[i]], ...) : object 'nitial_estimators_all' not found
Error in FUN(X[[i]], ...) : object 'nitial_estimators_all' not found
Error in FUN(X[[i]], ...) : object 'nitial_estimators_all' not found
Error in FUN(X[[i]], ...) : object 'nitial_estimators_all' not found
Error in FUN(X[[i]], ...) : object 'nitial_estimators_all' not found
Error in FUN(X[[i]], ...) : object 'nitial_estimators_all' not found
Error in FUN(X[[i]], ...) : object 'nitial_estimators_all' not found
Error in FUN(X[[i]], ...) : object 'nitial_estimators_all' not found
Error in FUN(X[[i]], ...) : object 'nitial_estimators_all' not found
Error in FUN(X[[i]], ...) : object 'nitial_estimators_all' not found
Error in FUN(X[[i]], ...) : object 'nitial_estimators_all' not found
Error in FUN(X[[i]], ...) : object 'nitial_estimators_all' not found
Error in FUN(X[[i]], ...) : object 'nitial_estimators_all' not found
Error in FUN(X[[i]], ...) : object 'nitial_estimators_all' not found
Error in FUN(X[[i]], ...) : object 'nitial_estimators_all' not found
Error in FUN(X[[i]], ...) : object 'nitial_estimators_all' not found
Error in FUN(X[[i]], ...) : object 'nitial_estimators_all' not found
Error in FUN(X[[i]], ...) : object 'nitial_estimators_all' not found
Error in FUN(X[[i]], ...) : object 'nitial_estimators_all' not found
Error in FUN(X[[i]], ...) : object 'nitial_estimators_all' not found
Error in FUN(X[[i]], ...) : object 'nitial_estimators_all' not found
Error in FUN(X[[i]], ...) : object 'nitial_estimators_all' not found
Error in FUN(X[[i]], ...) : object 'nitial_estimators_all' not found
Error in FUN(X[[i]], ...) : object 'nitial_estimators_all' not found
Error in FUN(X[[i]], ...) : object 'nitial_estimators_all' not found
Error in FUN(X[[i]], ...) : object 'nitial_estimators_all' not found
Error in FUN(X[[i]], ...) : object 'nitial_estimators_all' not found
Error in FUN(X[[i]], ...) : object 'nitial_estimators_all' not found
Error in FUN(X[[i]], ...) : object 'nitial_estimators_all' not found
Error in FUN(X[[i]], ...) : object 'nitial_estimators_all' not found
Error in FUN(X[[i]], ...) : object 'nitial_estimators_all' not found
Error in FUN(X[[i]], ...) : object 'nitial_estimators_all' not found
Error in FUN(X[[i]], ...) : object 'nitial_estimators_all' not found
Error in FUN(X[[i]], ...) : object 'nitial_estimators_all' not found
Error in FUN(X[[i]], ...) : object 'nitial_estimators_all' not found
Error in FUN(X[[i]], ...) : object 'nitial_estimators_all' not found
Error in FUN(X[[i]], ...) : object 'nitial_estimators_all' not found
Error in FUN(X[[i]], ...) : object 'nitial_estimators_all' not found
Error in FUN(X[[i]], ...) : object 'nitial_estimators_all' not found
Error in FUN(X[[i]], ...) : object 'nitial_estimators_all' not found
Error in FUN(X[[i]], ...) : object 'nitial_estimators_all' not found
Error in FUN(X[[i]], ...) : object 'nitial_estimators_all' not found
Error in FUN(X[[i]], ...) : object 'nitial_estimators_all' not found
Error in FUN(X[[i]], ...) : object 'nitial_estimators_all' not found
Error in FUN(X[[i]], ...) : object 'nitial_estimators_all' not found
Error in FUN(X[[i]], ...) : object 'nitial_estimators_all' not found
Error in FUN(X[[i]], ...) : object 'nitial_estimators_all' not found
Error in FUN(X[[i]], ...) : object 'nitial_estimators_all' not found
Error in FUN(X[[i]], ...) : object 'nitial_estimators_all' not found
Error in FUN(X[[i]], ...) : object 'nitial_estimators_all' not found
Error in FUN(X[[i]], ...) : object 'nitial_estimators_all' not found
Error in FUN(X[[i]], ...) : object 'nitial_estimators_all' not found
Error in FUN(X[[i]], ...) : object 'nitial_estimators_all' not found
Error in FUN(X[[i]], ...) : object 'nitial_estimators_all' not found
Error in FUN(X[[i]], ...) : object 'nitial_estimators_all' not found
Error in FUN(X[[i]], ...) : object 'nitial_estimators_all' not found
Error in FUN(X[[i]], ...) : object 'nitial_estimators_all' not found
Error in FUN(X[[i]], ...) : object 'nitial_estimators_all' not found
Error in FUN(X[[i]], ...) : object 'nitial_estimators_all' not found
Error in FUN(X[[i]], ...) : object 'nitial_estimators_all' not found
Error in FUN(X[[i]], ...) : object 'nitial_estimators_all' not found
Error in FUN(X[[i]], ...) : object 'nitial_estimators_all' not found
Error in FUN(X[[i]], ...) : object 'nitial_estimators_all' not found
Error in FUN(X[[i]], ...) : object 'nitial_estimators_all' not found
Error in FUN(X[[i]], ...) : object 'nitial_estimators_all' not found
Error in FUN(X[[i]], ...) : object 'nitial_estimators_all' not found
Error in FUN(X[[i]], ...) : object 'nitial_estimators_all' not found
Error in FUN(X[[i]], ...) : object 'nitial_estimators_all' not found
Error in FUN(X[[i]], ...) : object 'nitial_estimators_all' not found
Error in FUN(X[[i]], ...) : object 'nitial_estimators_all' not found
Error in FUN(X[[i]], ...) : object 'nitial_estimators_all' not found
Warning message:
In fwrite(sim_results, paste0("~/DRinference/simResultsDR/sim_results_",  :
  Input has no columns; doing nothing.
If you intended to overwrite the file at /home/lvanderl/DRinference/simResultsDR/sim_results_lalonde_cps.csv with an empty one, please use file.remove first.
