LOADING R
R LOADED
[1] "/home/lvanderl/Rlibs2"                         
[2] "/app/software/R/4.3.1-gfbf-2022b/lib/R/library"
[1] "/home/lvanderl/sieveSims"
[1] "iter: 1"
[1] "Lrnr_cv"
[1] "Lrnr_earth_1_3_cv_5_1_0_0_binomial_100"
[1] "Lrnr_cv_selector_NULL"
predictions 
  0.1984137 
predictions 
  0.1558802 
[1] "done"
[1] "Lrnr_cv"
[1] "Lrnr_gam_Y~s(W1, k = 40, bs='bs',m=c(1,1)) + s(W2, k = 40, bs='bs',m=c(1,1)) + s(W3, k = 40, bs='bs',m=c(1,1))_binomial_GCV.Cp"
[1] "Lrnr_cv_selector_NULL"
predictions 
  0.1966045 
predictions 
  0.1543466 
[1] "done"
[1] "Lrnr_cv"
[1] "Lrnr_xgboost_10_1_10_5_0.2" "Lrnr_xgboost_10_1_10_2_0.2"
[3] "Lrnr_xgboost_10_1_10_3_0.2" "Lrnr_xgboost_10_1_10_4_0.2"
[5] "Lrnr_xgboost_20_1_10_5_0.2" "Lrnr_xgboost_20_1_10_2_0.2"
[7] "Lrnr_xgboost_20_1_10_3_0.2" "Lrnr_xgboost_20_1_10_4_0.2"
[1] "Lrnr_cv_selector_NULL"
Lrnr_xgboost_10_1_10_5_0.2 Lrnr_xgboost_10_1_10_2_0.2 
                 0.2014249                  0.2025758 
Lrnr_xgboost_10_1_10_3_0.2 Lrnr_xgboost_10_1_10_4_0.2 
                 0.1991509                  0.1984367 
Lrnr_xgboost_20_1_10_5_0.2 Lrnr_xgboost_20_1_10_2_0.2 
                 0.2043655                  0.1978464 
Lrnr_xgboost_20_1_10_3_0.2 Lrnr_xgboost_20_1_10_4_0.2 
                 0.1987598                  0.2006212 
Lrnr_xgboost_10_1_10_5_0.2 Lrnr_xgboost_10_1_10_2_0.2 
                 0.1656762                  0.1684772 
Lrnr_xgboost_10_1_10_3_0.2 Lrnr_xgboost_10_1_10_4_0.2 
                 0.1640587                  0.1643903 
Lrnr_xgboost_20_1_10_5_0.2 Lrnr_xgboost_20_1_10_2_0.2 
                 0.1622261                  0.1629455 
Lrnr_xgboost_20_1_10_3_0.2 Lrnr_xgboost_20_1_10_4_0.2 
                 0.1593111                  0.1625093 
[1] "done"
[1] "Lrnr_cv"
[1] "Lrnr_ranger_500_TRUE_none_1_8_10"
[1] "Lrnr_cv_selector_NULL"
predictions 
  0.2005374 
predictions 
  0.1615661 
[1] "done"
[1] "Lrnr_cv"
[1] "Lrnr_glmnet_NULL_deviance_10_1_100_TRUE"
[2] "Lrnr_gam_NULL_NULL_GCV.Cp"              
[3] "Lrnr_earth_2_3_backward_0_1_0_0"        
[4] "Lrnr_ranger_500_TRUE_none_1_10_5"       
[5] "Lrnr_xgboost_15_1_15_5_0.2"             
[6] "Lrnr_xgboost_15_1_15_2_0.2"             
[7] "Lrnr_xgboost_15_1_15_3_0.2"             
[8] "Lrnr_xgboost_15_1_15_4_0.2"             
[1] "Lrnr_cv_selector_NULL"
Lrnr_glmnet_NULL_deviance_10_1_100_TRUE               Lrnr_gam_NULL_NULL_GCV.Cp 
                              0.2175546                               0.1965801 
        Lrnr_earth_2_3_backward_0_1_0_0        Lrnr_ranger_500_TRUE_none_1_10_5 
                              0.1974432                               0.2034375 
             Lrnr_xgboost_15_1_15_5_0.2              Lrnr_xgboost_15_1_15_2_0.2 
                              0.1991148                               0.1991673 
             Lrnr_xgboost_15_1_15_3_0.2              Lrnr_xgboost_15_1_15_4_0.2 
                              0.1980301                               0.1986177 
Lrnr_glmnet_NULL_deviance_10_1_100_TRUE               Lrnr_gam_NULL_NULL_GCV.Cp 
                              0.1751834                               0.1540793 
        Lrnr_earth_2_3_backward_0_1_0_0        Lrnr_ranger_500_TRUE_none_1_10_5 
                              0.1576078                               0.1644773 
             Lrnr_xgboost_15_1_15_5_0.2              Lrnr_xgboost_15_1_15_2_0.2 
                              0.1620606                               0.1636417 
             Lrnr_xgboost_15_1_15_3_0.2              Lrnr_xgboost_15_1_15_4_0.2 
                              0.1614368                               0.1622397 
[1] "done"
[1] "Lrnr_cv"
[1] "Lrnr_mean"
NULL
NULL
[1] "done"
[1] "earth"
[1] "gam_1"
[1] "xgboost"
[1] "rf"
[1] "all"
[1] "iter: 2"
[1] "Lrnr_cv"
[1] "Lrnr_earth_1_3_cv_5_1_0_0_binomial_100"
[1] "Lrnr_cv_selector_NULL"
predictions 
  0.1909719 
predictions 
  0.1721415 
[1] "done"
[1] "Lrnr_cv"
[1] "Lrnr_gam_Y~s(W1, k = 40, bs='bs',m=c(1,1)) + s(W2, k = 40, bs='bs',m=c(1,1)) + s(W3, k = 40, bs='bs',m=c(1,1))_binomial_GCV.Cp"
[1] "Lrnr_cv_selector_NULL"
predictions 
  0.1916489 
predictions 
  0.1702686 
[1] "done"
[1] "Lrnr_cv"
[1] "Lrnr_xgboost_10_1_10_5_0.2" "Lrnr_xgboost_10_1_10_2_0.2"
[3] "Lrnr_xgboost_10_1_10_3_0.2" "Lrnr_xgboost_10_1_10_4_0.2"
[5] "Lrnr_xgboost_20_1_10_5_0.2" "Lrnr_xgboost_20_1_10_2_0.2"
[7] "Lrnr_xgboost_20_1_10_3_0.2" "Lrnr_xgboost_20_1_10_4_0.2"
[1] "Lrnr_cv_selector_NULL"
Lrnr_xgboost_10_1_10_5_0.2 Lrnr_xgboost_10_1_10_2_0.2 
                 0.1959496                  0.1953503 
Lrnr_xgboost_10_1_10_3_0.2 Lrnr_xgboost_10_1_10_4_0.2 
                 0.1940633                  0.1945168 
Lrnr_xgboost_20_1_10_5_0.2 Lrnr_xgboost_20_1_10_2_0.2 
                 0.1974767                  0.1925752 
Lrnr_xgboost_20_1_10_3_0.2 Lrnr_xgboost_20_1_10_4_0.2 
                 0.1948065                  0.1959292 
Lrnr_xgboost_10_1_10_5_0.2 Lrnr_xgboost_10_1_10_2_0.2 
                 0.1767034                  0.1753282 
Lrnr_xgboost_10_1_10_3_0.2 Lrnr_xgboost_10_1_10_4_0.2 
                 0.1742039                  0.1748613 
Lrnr_xgboost_20_1_10_5_0.2 Lrnr_xgboost_20_1_10_2_0.2 
                 0.1787155                  0.1713509 
Lrnr_xgboost_20_1_10_3_0.2 Lrnr_xgboost_20_1_10_4_0.2 
                 0.1742547                  0.1756181 
[1] "done"
[1] "Lrnr_cv"
[1] "Lrnr_ranger_500_TRUE_none_1_8_10"
[1] "Lrnr_cv_selector_NULL"
predictions 
   0.197684 
predictions 
  0.1773334 
[1] "done"
[1] "Lrnr_cv"
[1] "Lrnr_glmnet_NULL_deviance_10_1_100_TRUE"
[2] "Lrnr_gam_NULL_NULL_GCV.Cp"              
[3] "Lrnr_earth_2_3_backward_0_1_0_0"        
[4] "Lrnr_ranger_500_TRUE_none_1_10_5"       
[5] "Lrnr_xgboost_15_1_15_5_0.2"             
[6] "Lrnr_xgboost_15_1_15_2_0.2"             
[7] "Lrnr_xgboost_15_1_15_3_0.2"             
[8] "Lrnr_xgboost_15_1_15_4_0.2"             
[1] "Lrnr_cv_selector_NULL"
Lrnr_glmnet_NULL_deviance_10_1_100_TRUE               Lrnr_gam_NULL_NULL_GCV.Cp 
                              0.2038833                               0.1915766 
        Lrnr_earth_2_3_backward_0_1_0_0        Lrnr_ranger_500_TRUE_none_1_10_5 
                              0.1932313                               0.2012806 
             Lrnr_xgboost_15_1_15_5_0.2              Lrnr_xgboost_15_1_15_2_0.2 
                              0.1953239                               0.1924271 
             Lrnr_xgboost_15_1_15_3_0.2              Lrnr_xgboost_15_1_15_4_0.2 
                              0.1933110                               0.1938876 
Lrnr_glmnet_NULL_deviance_10_1_100_TRUE               Lrnr_gam_NULL_NULL_GCV.Cp 
                              0.1851601                               0.1684322 
        Lrnr_earth_2_3_backward_0_1_0_0        Lrnr_ranger_500_TRUE_none_1_10_5 
                              0.1717623                               0.1809095 
             Lrnr_xgboost_15_1_15_5_0.2              Lrnr_xgboost_15_1_15_2_0.2 
                              0.1760233                               0.1732464 
             Lrnr_xgboost_15_1_15_3_0.2              Lrnr_xgboost_15_1_15_4_0.2 
                              0.1740568                               0.1753593 
[1] "done"
[1] "Lrnr_cv"
[1] "Lrnr_mean"
NULL
NULL
[1] "done"
[1] "earth"
[1] "gam_1"
[1] "xgboost"
[1] "rf"
[1] "all"
[1] "iter: 3"
[1] "Lrnr_cv"
[1] "Lrnr_earth_1_3_cv_5_1_0_0_binomial_100"
[1] "Lrnr_cv_selector_NULL"
predictions 
  0.1891831 
predictions 
  0.1672628 
[1] "done"
[1] "Lrnr_cv"
[1] "Lrnr_gam_Y~s(W1, k = 40, bs='bs',m=c(1,1)) + s(W2, k = 40, bs='bs',m=c(1,1)) + s(W3, k = 40, bs='bs',m=c(1,1))_binomial_GCV.Cp"
[1] "Lrnr_cv_selector_NULL"
predictions 
  0.1898776 
predictions 
  0.1660619 
[1] "done"
[1] "Lrnr_cv"
[1] "Lrnr_xgboost_10_1_10_5_0.2" "Lrnr_xgboost_10_1_10_2_0.2"
[3] "Lrnr_xgboost_10_1_10_3_0.2" "Lrnr_xgboost_10_1_10_4_0.2"
[5] "Lrnr_xgboost_20_1_10_5_0.2" "Lrnr_xgboost_20_1_10_2_0.2"
[7] "Lrnr_xgboost_20_1_10_3_0.2" "Lrnr_xgboost_20_1_10_4_0.2"
[1] "Lrnr_cv_selector_NULL"
Lrnr_xgboost_10_1_10_5_0.2 Lrnr_xgboost_10_1_10_2_0.2 
                 0.1945776                  0.1986521 
Lrnr_xgboost_10_1_10_3_0.2 Lrnr_xgboost_10_1_10_4_0.2 
                 0.1958530                  0.1943002 
Lrnr_xgboost_20_1_10_5_0.2 Lrnr_xgboost_20_1_10_2_0.2 
                 0.1954194                  0.1929492 
Lrnr_xgboost_20_1_10_3_0.2 Lrnr_xgboost_20_1_10_4_0.2 
                 0.1934918                  0.1942102 
Lrnr_xgboost_10_1_10_5_0.2 Lrnr_xgboost_10_1_10_2_0.2 
                 0.1721230                  0.1784067 
Lrnr_xgboost_10_1_10_3_0.2 Lrnr_xgboost_10_1_10_4_0.2 
                 0.1736185                  0.1724125 
Lrnr_xgboost_20_1_10_5_0.2 Lrnr_xgboost_20_1_10_2_0.2 
                 0.1714002                  0.1724269 
Lrnr_xgboost_20_1_10_3_0.2 Lrnr_xgboost_20_1_10_4_0.2 
                 0.1699585                  0.1711987 
[1] "done"
[1] "Lrnr_cv"
[1] "Lrnr_ranger_500_TRUE_none_1_8_10"
[1] "Lrnr_cv_selector_NULL"
predictions 
  0.1935669 
predictions 
  0.1745184 
[1] "done"
[1] "Lrnr_cv"
[1] "Lrnr_glmnet_NULL_deviance_10_1_100_TRUE"
[2] "Lrnr_gam_NULL_NULL_GCV.Cp"              
[3] "Lrnr_earth_2_3_backward_0_1_0_0"        
[4] "Lrnr_ranger_500_TRUE_none_1_10_5"       
[5] "Lrnr_xgboost_15_1_15_5_0.2"             
[6] "Lrnr_xgboost_15_1_15_2_0.2"             
[7] "Lrnr_xgboost_15_1_15_3_0.2"             
[8] "Lrnr_xgboost_15_1_15_4_0.2"             
[1] "Lrnr_cv_selector_NULL"
Lrnr_glmnet_NULL_deviance_10_1_100_TRUE               Lrnr_gam_NULL_NULL_GCV.Cp 
                              0.2102967                               0.1881935 
        Lrnr_earth_2_3_backward_0_1_0_0        Lrnr_ranger_500_TRUE_none_1_10_5 
                              0.1890911                               0.1959903 
             Lrnr_xgboost_15_1_15_5_0.2              Lrnr_xgboost_15_1_15_2_0.2 
                              0.1942760                               0.1956638 
             Lrnr_xgboost_15_1_15_3_0.2              Lrnr_xgboost_15_1_15_4_0.2 
                              0.1933605                               0.1939812 
Lrnr_glmnet_NULL_deviance_10_1_100_TRUE               Lrnr_gam_NULL_NULL_GCV.Cp 
                              0.1846818                               0.1649348 
        Lrnr_earth_2_3_backward_0_1_0_0        Lrnr_ranger_500_TRUE_none_1_10_5 
                              0.1691866                               0.1777278 
             Lrnr_xgboost_15_1_15_5_0.2              Lrnr_xgboost_15_1_15_2_0.2 
                              0.1702570                               0.1735288 
             Lrnr_xgboost_15_1_15_3_0.2              Lrnr_xgboost_15_1_15_4_0.2 
                              0.1698289                               0.1703995 
[1] "done"
[1] "Lrnr_cv"
[1] "Lrnr_mean"
NULL
NULL
[1] "done"
[1] "earth"
[1] "gam_1"
[1] "xgboost"
[1] "rf"
[1] "all"
[1] "iter: 4"
[1] "Lrnr_cv"
[1] "Lrnr_earth_1_3_cv_5_1_0_0_binomial_100"
[1] "Lrnr_cv_selector_NULL"
predictions 
  0.1851588 
predictions 
  0.1654538 
[1] "done"
[1] "Lrnr_cv"
[1] "Lrnr_gam_Y~s(W1, k = 40, bs='bs',m=c(1,1)) + s(W2, k = 40, bs='bs',m=c(1,1)) + s(W3, k = 40, bs='bs',m=c(1,1))_binomial_GCV.Cp"
[1] "Lrnr_cv_selector_NULL"
predictions 
  0.1863209 
predictions 
  0.1665166 
[1] "done"
[1] "Lrnr_cv"
[1] "Lrnr_xgboost_10_1_10_5_0.2" "Lrnr_xgboost_10_1_10_2_0.2"
[3] "Lrnr_xgboost_10_1_10_3_0.2" "Lrnr_xgboost_10_1_10_4_0.2"
[5] "Lrnr_xgboost_20_1_10_5_0.2" "Lrnr_xgboost_20_1_10_2_0.2"
[7] "Lrnr_xgboost_20_1_10_3_0.2" "Lrnr_xgboost_20_1_10_4_0.2"
[1] "Lrnr_cv_selector_NULL"
Lrnr_xgboost_10_1_10_5_0.2 Lrnr_xgboost_10_1_10_2_0.2 
                 0.1943767                  0.1981243 
Lrnr_xgboost_10_1_10_3_0.2 Lrnr_xgboost_10_1_10_4_0.2 
                 0.1945158                  0.1935444 
Lrnr_xgboost_20_1_10_5_0.2 Lrnr_xgboost_20_1_10_2_0.2 
                 0.1954398                  0.1917261 
Lrnr_xgboost_20_1_10_3_0.2 Lrnr_xgboost_20_1_10_4_0.2 
                 0.1918252                  0.1931499 
Lrnr_xgboost_10_1_10_5_0.2 Lrnr_xgboost_10_1_10_2_0.2 
                 0.1696740                  0.1757914 
Lrnr_xgboost_10_1_10_3_0.2 Lrnr_xgboost_10_1_10_4_0.2 
                 0.1720973                  0.1700212 
Lrnr_xgboost_20_1_10_5_0.2 Lrnr_xgboost_20_1_10_2_0.2 
                 0.1681478                  0.1688434 
Lrnr_xgboost_20_1_10_3_0.2 Lrnr_xgboost_20_1_10_4_0.2 
                 0.1663790                  0.1672230 
[1] "done"
[1] "Lrnr_cv"
[1] "Lrnr_ranger_500_TRUE_none_1_8_10"
[1] "Lrnr_cv_selector_NULL"
predictions 
  0.1934403 
predictions 
   0.169402 
[1] "done"
[1] "Lrnr_cv"
[1] "Lrnr_glmnet_NULL_deviance_10_1_100_TRUE"
[2] "Lrnr_gam_NULL_NULL_GCV.Cp"              
[3] "Lrnr_earth_2_3_backward_0_1_0_0"        
[4] "Lrnr_ranger_500_TRUE_none_1_10_5"       
[5] "Lrnr_xgboost_15_1_15_5_0.2"             
[6] "Lrnr_xgboost_15_1_15_2_0.2"             
[7] "Lrnr_xgboost_15_1_15_3_0.2"             
[8] "Lrnr_xgboost_15_1_15_4_0.2"             
[1] "Lrnr_cv_selector_NULL"
Lrnr_glmnet_NULL_deviance_10_1_100_TRUE               Lrnr_gam_NULL_NULL_GCV.Cp 
                              0.2061549                               0.1844826 
        Lrnr_earth_2_3_backward_0_1_0_0        Lrnr_ranger_500_TRUE_none_1_10_5 
                              0.1895250                               0.1962823 
             Lrnr_xgboost_15_1_15_5_0.2              Lrnr_xgboost_15_1_15_2_0.2 
                              0.1928720                               0.1935692 
             Lrnr_xgboost_15_1_15_3_0.2              Lrnr_xgboost_15_1_15_4_0.2 
                              0.1915128                               0.1918993 
Lrnr_glmnet_NULL_deviance_10_1_100_TRUE               Lrnr_gam_NULL_NULL_GCV.Cp 
                              0.1892547                               0.1644300 
        Lrnr_earth_2_3_backward_0_1_0_0        Lrnr_ranger_500_TRUE_none_1_10_5 
                              0.1681387                               0.1718699 
             Lrnr_xgboost_15_1_15_5_0.2              Lrnr_xgboost_15_1_15_2_0.2 
                              0.1677139                               0.1719122 
             Lrnr_xgboost_15_1_15_3_0.2              Lrnr_xgboost_15_1_15_4_0.2 
                              0.1687066                               0.1680691 
[1] "done"
[1] "Lrnr_cv"
[1] "Lrnr_mean"
NULL
NULL
[1] "done"
[1] "earth"
[1] "gam_1"
[1] "xgboost"
[1] "rf"
[1] "all"
[1] "iter: 5"
[1] "Lrnr_cv"
[1] "Lrnr_earth_1_3_cv_5_1_0_0_binomial_100"
[1] "Lrnr_cv_selector_NULL"
predictions 
  0.1861491 
predictions 
  0.1544577 
[1] "done"
[1] "Lrnr_cv"
[1] "Lrnr_gam_Y~s(W1, k = 40, bs='bs',m=c(1,1)) + s(W2, k = 40, bs='bs',m=c(1,1)) + s(W3, k = 40, bs='bs',m=c(1,1))_binomial_GCV.Cp"
[1] "Lrnr_cv_selector_NULL"
predictions 
   0.186556 
predictions 
  0.1517796 
[1] "done"
[1] "Lrnr_cv"
[1] "Lrnr_xgboost_10_1_10_5_0.2" "Lrnr_xgboost_10_1_10_2_0.2"
[3] "Lrnr_xgboost_10_1_10_3_0.2" "Lrnr_xgboost_10_1_10_4_0.2"
[5] "Lrnr_xgboost_20_1_10_5_0.2" "Lrnr_xgboost_20_1_10_2_0.2"
[7] "Lrnr_xgboost_20_1_10_3_0.2" "Lrnr_xgboost_20_1_10_4_0.2"
[1] "Lrnr_cv_selector_NULL"
Lrnr_xgboost_10_1_10_5_0.2 Lrnr_xgboost_10_1_10_2_0.2 
                 0.1906037                  0.1966530 
Lrnr_xgboost_10_1_10_3_0.2 Lrnr_xgboost_10_1_10_4_0.2 
                 0.1913392                  0.1895909 
Lrnr_xgboost_20_1_10_5_0.2 Lrnr_xgboost_20_1_10_2_0.2 
                 0.1928382                  0.1899176 
Lrnr_xgboost_20_1_10_3_0.2 Lrnr_xgboost_20_1_10_4_0.2 
                 0.1901558                  0.1907996 
Lrnr_xgboost_10_1_10_5_0.2 Lrnr_xgboost_10_1_10_2_0.2 
                 0.1577877                  0.1630413 
Lrnr_xgboost_10_1_10_3_0.2 Lrnr_xgboost_10_1_10_4_0.2 
                 0.1592492                  0.1569898 
Lrnr_xgboost_20_1_10_5_0.2 Lrnr_xgboost_20_1_10_2_0.2 
                 0.1566065                  0.1567074 
Lrnr_xgboost_20_1_10_3_0.2 Lrnr_xgboost_20_1_10_4_0.2 
                 0.1555275                  0.1558531 
[1] "done"
[1] "Lrnr_cv"
[1] "Lrnr_ranger_500_TRUE_none_1_8_10"
[1] "Lrnr_cv_selector_NULL"
predictions 
  0.1943158 
predictions 
  0.1585587 
[1] "done"
[1] "Lrnr_cv"
[1] "Lrnr_glmnet_NULL_deviance_10_1_100_TRUE"
[2] "Lrnr_gam_NULL_NULL_GCV.Cp"              
[3] "Lrnr_earth_2_3_backward_0_1_0_0"        
[4] "Lrnr_ranger_500_TRUE_none_1_10_5"       
[5] "Lrnr_xgboost_15_1_15_5_0.2"             
[6] "Lrnr_xgboost_15_1_15_2_0.2"             
[7] "Lrnr_xgboost_15_1_15_3_0.2"             
[8] "Lrnr_xgboost_15_1_15_4_0.2"             
[1] "Lrnr_cv_selector_NULL"
Lrnr_glmnet_NULL_deviance_10_1_100_TRUE               Lrnr_gam_NULL_NULL_GCV.Cp 
                              0.2166083                               0.1852412 
        Lrnr_earth_2_3_backward_0_1_0_0        Lrnr_ranger_500_TRUE_none_1_10_5 
                              0.1877242                               0.1977399 
             Lrnr_xgboost_15_1_15_5_0.2              Lrnr_xgboost_15_1_15_2_0.2 
                              0.1897772                               0.1922622 
             Lrnr_xgboost_15_1_15_3_0.2              Lrnr_xgboost_15_1_15_4_0.2 
                              0.1889755                               0.1882594 
Lrnr_glmnet_NULL_deviance_10_1_100_TRUE               Lrnr_gam_NULL_NULL_GCV.Cp 
                              0.1761183                               0.1510050 
        Lrnr_earth_2_3_backward_0_1_0_0        Lrnr_ranger_500_TRUE_none_1_10_5 
                              0.1522770                               0.1604818 
             Lrnr_xgboost_15_1_15_5_0.2              Lrnr_xgboost_15_1_15_2_0.2 
                              0.1571764                               0.1601707 
             Lrnr_xgboost_15_1_15_3_0.2              Lrnr_xgboost_15_1_15_4_0.2 
                              0.1557865                               0.1549243 
[1] "done"
[1] "Lrnr_cv"
[1] "Lrnr_mean"
NULL
NULL
[1] "done"
[1] "earth"
