LOADING R
R LOADED
[1] "/home/lvanderl/Rlibs2"                         
[2] "/app/software/R/4.3.1-gfbf-2022b/lib/R/library"
[1] "/home/lvanderl/sieveSims"
[1] "iter: 1"
[1] "Lrnr_cv"
[1] "Lrnr_earth_2_3_cv_5_1_0_0_binomial_100"
[1] "Lrnr_cv_selector_NULL"
predictions 
  0.1991711 
predictions 
  0.1485252 
[1] "done"
[1] "Lrnr_cv"
[1] "Lrnr_gam_Y~s(W1, k = 40, bs='bs',m=c(1,1)) + s(W2, k = 40, bs='bs',m=c(1,1)) + s(W3, k = 40, bs='bs',m=c(1,1))_binomial_GCV.Cp"
[1] "Lrnr_cv_selector_NULL"
predictions 
  0.1980723 
predictions 
   0.147796 
[1] "done"
[1] "Lrnr_cv"
[1] "Lrnr_xgboost_10_1_15_5_0.2" "Lrnr_xgboost_10_1_15_2_0.2"
[3] "Lrnr_xgboost_10_1_15_3_0.2" "Lrnr_xgboost_10_1_15_4_0.2"
[1] "Lrnr_cv_selector_NULL"
Lrnr_xgboost_10_1_15_5_0.2 Lrnr_xgboost_10_1_15_2_0.2 
                 0.2000449                  0.2010231 
Lrnr_xgboost_10_1_15_3_0.2 Lrnr_xgboost_10_1_15_4_0.2 
                 0.2003722                  0.1999326 
Lrnr_xgboost_10_1_15_5_0.2 Lrnr_xgboost_10_1_15_2_0.2 
                 0.1549317                  0.1577982 
Lrnr_xgboost_10_1_15_3_0.2 Lrnr_xgboost_10_1_15_4_0.2 
                 0.1551961                  0.1549756 
[1] "done"
[1] "Lrnr_cv"
[1] "Lrnr_ranger_500_TRUE_none_1_10_5"
[1] "Lrnr_cv_selector_NULL"
predictions 
  0.2023997 
predictions 
  0.1569368 
[1] "done"
[1] "Lrnr_cv"
[1] "Lrnr_mean"
NULL
NULL
[1] "done"
[1] "earth"
[1] "gam_1"
[1] "xgboost"
[1] "rf"
[1] "iter: 2"
[1] "Lrnr_cv"
[1] "Lrnr_earth_2_3_cv_5_1_0_0_binomial_100"
[1] "Lrnr_cv_selector_NULL"
predictions 
  0.1922627 
predictions 
  0.1679483 
[1] "done"
[1] "Lrnr_cv"
[1] "Lrnr_gam_Y~s(W1, k = 40, bs='bs',m=c(1,1)) + s(W2, k = 40, bs='bs',m=c(1,1)) + s(W3, k = 40, bs='bs',m=c(1,1))_binomial_GCV.Cp"
[1] "Lrnr_cv_selector_NULL"
predictions 
  0.1878973 
predictions 
  0.1625616 
[1] "done"
[1] "Lrnr_cv"
[1] "Lrnr_xgboost_10_1_15_5_0.2" "Lrnr_xgboost_10_1_15_2_0.2"
[3] "Lrnr_xgboost_10_1_15_3_0.2" "Lrnr_xgboost_10_1_15_4_0.2"
[1] "Lrnr_cv_selector_NULL"
Lrnr_xgboost_10_1_15_5_0.2 Lrnr_xgboost_10_1_15_2_0.2 
                 0.1908456                  0.1917777 
Lrnr_xgboost_10_1_15_3_0.2 Lrnr_xgboost_10_1_15_4_0.2 
                 0.1899665                  0.1887266 
Lrnr_xgboost_10_1_15_5_0.2 Lrnr_xgboost_10_1_15_2_0.2 
                 0.1625764                  0.1659408 
Lrnr_xgboost_10_1_15_3_0.2 Lrnr_xgboost_10_1_15_4_0.2 
                 0.1630098                  0.1626483 
[1] "done"
[1] "Lrnr_cv"
[1] "Lrnr_ranger_500_TRUE_none_1_10_5"
[1] "Lrnr_cv_selector_NULL"
predictions 
  0.1954072 
predictions 
  0.1666337 
[1] "done"
[1] "Lrnr_cv"
[1] "Lrnr_mean"
NULL
NULL
[1] "done"
[1] "earth"
[1] "gam_1"
[1] "xgboost"
[1] "rf"
[1] "iter: 3"
[1] "Lrnr_cv"
[1] "Lrnr_earth_2_3_cv_5_1_0_0_binomial_100"
[1] "Lrnr_cv_selector_NULL"
predictions 
  0.2072323 
predictions 
  0.1539219 
[1] "done"
[1] "Lrnr_cv"
[1] "Lrnr_gam_Y~s(W1, k = 40, bs='bs',m=c(1,1)) + s(W2, k = 40, bs='bs',m=c(1,1)) + s(W3, k = 40, bs='bs',m=c(1,1))_binomial_GCV.Cp"
[1] "Lrnr_cv_selector_NULL"
predictions 
  0.2048633 
predictions 
  0.1470666 
[1] "done"
[1] "Lrnr_cv"
[1] "Lrnr_xgboost_10_1_15_5_0.2" "Lrnr_xgboost_10_1_15_2_0.2"
[3] "Lrnr_xgboost_10_1_15_3_0.2" "Lrnr_xgboost_10_1_15_4_0.2"
[1] "Lrnr_cv_selector_NULL"
Lrnr_xgboost_10_1_15_5_0.2 Lrnr_xgboost_10_1_15_2_0.2 
                 0.2060188                  0.2092356 
Lrnr_xgboost_10_1_15_3_0.2 Lrnr_xgboost_10_1_15_4_0.2 
                 0.2072748                  0.2052878 
Lrnr_xgboost_10_1_15_5_0.2 Lrnr_xgboost_10_1_15_2_0.2 
                 0.1514527                  0.1557333 
Lrnr_xgboost_10_1_15_3_0.2 Lrnr_xgboost_10_1_15_4_0.2 
                 0.1523455                  0.1514038 
[1] "done"
[1] "Lrnr_cv"
[1] "Lrnr_ranger_500_TRUE_none_1_10_5"
[1] "Lrnr_cv_selector_NULL"
predictions 
  0.2156093 
predictions 
  0.1534655 
[1] "done"
[1] "Lrnr_cv"
[1] "Lrnr_mean"
NULL
NULL
[1] "done"
[1] "earth"
[1] "gam_1"
[1] "xgboost"
[1] "rf"
[1] "iter: 4"
[1] "Lrnr_cv"
[1] "Lrnr_earth_2_3_cv_5_1_0_0_binomial_100"
[1] "Lrnr_cv_selector_NULL"
predictions 
  0.1859412 
predictions 
  0.1800763 
[1] "done"
[1] "Lrnr_cv"
[1] "Lrnr_gam_Y~s(W1, k = 40, bs='bs',m=c(1,1)) + s(W2, k = 40, bs='bs',m=c(1,1)) + s(W3, k = 40, bs='bs',m=c(1,1))_binomial_GCV.Cp"
[1] "Lrnr_cv_selector_NULL"
predictions 
  0.1849896 
predictions 
  0.1724489 
[1] "done"
[1] "Lrnr_cv"
[1] "Lrnr_xgboost_10_1_15_5_0.2" "Lrnr_xgboost_10_1_15_2_0.2"
[3] "Lrnr_xgboost_10_1_15_3_0.2" "Lrnr_xgboost_10_1_15_4_0.2"
[1] "Lrnr_cv_selector_NULL"
Lrnr_xgboost_10_1_15_5_0.2 Lrnr_xgboost_10_1_15_2_0.2 
                 0.1894375                  0.1932741 
Lrnr_xgboost_10_1_15_3_0.2 Lrnr_xgboost_10_1_15_4_0.2 
                 0.1894040                  0.1883372 
Lrnr_xgboost_10_1_15_5_0.2 Lrnr_xgboost_10_1_15_2_0.2 
                 0.1764547                  0.1796225 
Lrnr_xgboost_10_1_15_3_0.2 Lrnr_xgboost_10_1_15_4_0.2 
                 0.1752196                  0.1758834 
[1] "done"
[1] "Lrnr_cv"
[1] "Lrnr_ranger_500_TRUE_none_1_10_5"
[1] "Lrnr_cv_selector_NULL"
predictions 
  0.1964615 
predictions 
  0.1818027 
[1] "done"
[1] "Lrnr_cv"
[1] "Lrnr_mean"
NULL
NULL
[1] "done"
[1] "earth"
[1] "gam_1"
[1] "xgboost"
[1] "rf"
[1] "iter: 5"
[1] "Lrnr_cv"
[1] "Lrnr_earth_2_3_cv_5_1_0_0_binomial_100"
[1] "Lrnr_cv_selector_NULL"
predictions 
  0.2011954 
predictions 
  0.1681304 
[1] "done"
[1] "Lrnr_cv"
[1] "Lrnr_gam_Y~s(W1, k = 40, bs='bs',m=c(1,1)) + s(W2, k = 40, bs='bs',m=c(1,1)) + s(W3, k = 40, bs='bs',m=c(1,1))_binomial_GCV.Cp"
[1] "Lrnr_cv_selector_NULL"
predictions 
  0.1939509 
predictions 
  0.1646191 
[1] "done"
[1] "Lrnr_cv"
[1] "Lrnr_xgboost_10_1_15_5_0.2" "Lrnr_xgboost_10_1_15_2_0.2"
[3] "Lrnr_xgboost_10_1_15_3_0.2" "Lrnr_xgboost_10_1_15_4_0.2"
[1] "Lrnr_cv_selector_NULL"
Lrnr_xgboost_10_1_15_5_0.2 Lrnr_xgboost_10_1_15_2_0.2 
                 0.2002812                  0.2013798 
Lrnr_xgboost_10_1_15_3_0.2 Lrnr_xgboost_10_1_15_4_0.2 
                 0.1987022                  0.2001354 
Lrnr_xgboost_10_1_15_5_0.2 Lrnr_xgboost_10_1_15_2_0.2 
                 0.1693320                  0.1718967 
Lrnr_xgboost_10_1_15_3_0.2 Lrnr_xgboost_10_1_15_4_0.2 
                 0.1698906                  0.1685303 
[1] "done"
[1] "Lrnr_cv"
[1] "Lrnr_ranger_500_TRUE_none_1_10_5"
[1] "Lrnr_cv_selector_NULL"
predictions 
  0.1995175 
predictions 
  0.1732669 
[1] "done"
[1] "Lrnr_cv"
[1] "Lrnr_mean"
NULL
NULL
[1] "done"
[1] "earth"
[1] "gam_1"
[1] "xgboost"
[1] "rf"
[1] "iter: 6"
[1] "Lrnr_cv"
[1] "Lrnr_earth_2_3_cv_5_1_0_0_binomial_100"
[1] "Lrnr_cv_selector_NULL"
predictions 
  0.1975033 
predictions 
  0.1620362 
[1] "done"
[1] "Lrnr_cv"
[1] "Lrnr_gam_Y~s(W1, k = 40, bs='bs',m=c(1,1)) + s(W2, k = 40, bs='bs',m=c(1,1)) + s(W3, k = 40, bs='bs',m=c(1,1))_binomial_GCV.Cp"
[1] "Lrnr_cv_selector_NULL"
predictions 
  0.1959298 
predictions 
  0.1616896 
[1] "done"
[1] "Lrnr_cv"
[1] "Lrnr_xgboost_10_1_15_5_0.2" "Lrnr_xgboost_10_1_15_2_0.2"
[3] "Lrnr_xgboost_10_1_15_3_0.2" "Lrnr_xgboost_10_1_15_4_0.2"
[1] "Lrnr_cv_selector_NULL"
Lrnr_xgboost_10_1_15_5_0.2 Lrnr_xgboost_10_1_15_2_0.2 
                 0.2003230                  0.2007220 
Lrnr_xgboost_10_1_15_3_0.2 Lrnr_xgboost_10_1_15_4_0.2 
                 0.1988610                  0.1990841 
Lrnr_xgboost_10_1_15_5_0.2 Lrnr_xgboost_10_1_15_2_0.2 
                 0.1693717                  0.1742169 
Lrnr_xgboost_10_1_15_3_0.2 Lrnr_xgboost_10_1_15_4_0.2 
                 0.1713268                  0.1702448 
[1] "done"
[1] "Lrnr_cv"
[1] "Lrnr_ranger_500_TRUE_none_1_10_5"
[1] "Lrnr_cv_selector_NULL"
predictions 
  0.2022983 
predictions 
  0.1754954 
[1] "done"
[1] "Lrnr_cv"
[1] "Lrnr_mean"
NULL
NULL
[1] "done"
[1] "earth"
[1] "gam_1"
[1] "xgboost"
[1] "rf"
[1] "iter: 7"
[1] "Lrnr_cv"
[1] "Lrnr_earth_2_3_cv_5_1_0_0_binomial_100"
[1] "Lrnr_cv_selector_NULL"
predictions 
  0.1960654 
predictions 
  0.1750282 
[1] "done"
[1] "Lrnr_cv"
[1] "Lrnr_gam_Y~s(W1, k = 40, bs='bs',m=c(1,1)) + s(W2, k = 40, bs='bs',m=c(1,1)) + s(W3, k = 40, bs='bs',m=c(1,1))_binomial_GCV.Cp"
[1] "Lrnr_cv_selector_NULL"
predictions 
  0.1951151 
predictions 
   0.167362 
[1] "done"
[1] "Lrnr_cv"
[1] "Lrnr_xgboost_10_1_15_5_0.2" "Lrnr_xgboost_10_1_15_2_0.2"
[3] "Lrnr_xgboost_10_1_15_3_0.2" "Lrnr_xgboost_10_1_15_4_0.2"
[1] "Lrnr_cv_selector_NULL"
Lrnr_xgboost_10_1_15_5_0.2 Lrnr_xgboost_10_1_15_2_0.2 
                 0.1985480                  0.1990959 
Lrnr_xgboost_10_1_15_3_0.2 Lrnr_xgboost_10_1_15_4_0.2 
                 0.1979674                  0.1980548 
Lrnr_xgboost_10_1_15_5_0.2 Lrnr_xgboost_10_1_15_2_0.2 
                 0.1737722                  0.1749502 
Lrnr_xgboost_10_1_15_3_0.2 Lrnr_xgboost_10_1_15_4_0.2 
                 0.1732861                  0.1728678 
[1] "done"
[1] "Lrnr_cv"
[1] "Lrnr_ranger_500_TRUE_none_1_10_5"
[1] "Lrnr_cv_selector_NULL"
predictions 
  0.2061871 
predictions 
  0.1838945 
[1] "done"
[1] "Lrnr_cv"
[1] "Lrnr_mean"
NULL
NULL
[1] "done"
[1] "earth"
[1] "gam_1"
[1] "xgboost"
[1] "rf"
[1] "iter: 8"
[1] "Lrnr_cv"
[1] "Lrnr_earth_2_3_cv_5_1_0_0_binomial_100"
[1] "Lrnr_cv_selector_NULL"
predictions 
  0.1928123 
predictions 
  0.1558981 
[1] "done"
[1] "Lrnr_cv"
[1] "Lrnr_gam_Y~s(W1, k = 40, bs='bs',m=c(1,1)) + s(W2, k = 40, bs='bs',m=c(1,1)) + s(W3, k = 40, bs='bs',m=c(1,1))_binomial_GCV.Cp"
[1] "Lrnr_cv_selector_NULL"
predictions 
  0.1906991 
predictions 
  0.1527141 
[1] "done"
[1] "Lrnr_cv"
[1] "Lrnr_xgboost_10_1_15_5_0.2" "Lrnr_xgboost_10_1_15_2_0.2"
[3] "Lrnr_xgboost_10_1_15_3_0.2" "Lrnr_xgboost_10_1_15_4_0.2"
[1] "Lrnr_cv_selector_NULL"
Lrnr_xgboost_10_1_15_5_0.2 Lrnr_xgboost_10_1_15_2_0.2 
                 0.1944069                  0.1942503 
Lrnr_xgboost_10_1_15_3_0.2 Lrnr_xgboost_10_1_15_4_0.2 
                 0.1936951                  0.1945829 
Lrnr_xgboost_10_1_15_5_0.2 Lrnr_xgboost_10_1_15_2_0.2 
                 0.1588344                  0.1635262 
Lrnr_xgboost_10_1_15_3_0.2 Lrnr_xgboost_10_1_15_4_0.2 
                 0.1591243                  0.1581322 
[1] "done"
[1] "Lrnr_cv"
[1] "Lrnr_ranger_500_TRUE_none_1_10_5"
[1] "Lrnr_cv_selector_NULL"
predictions 
  0.1982542 
predictions 
  0.1604455 
[1] "done"
[1] "Lrnr_cv"
[1] "Lrnr_mean"
NULL
NULL
[1] "done"
[1] "earth"
[1] "gam_1"
[1] "xgboost"
[1] "rf"
[1] "iter: 9"
[1] "Lrnr_cv"
[1] "Lrnr_earth_2_3_cv_5_1_0_0_binomial_100"
[1] "Lrnr_cv_selector_NULL"
predictions 
  0.1962379 
predictions 
  0.1638078 
[1] "done"
[1] "Lrnr_cv"
[1] "Lrnr_gam_Y~s(W1, k = 40, bs='bs',m=c(1,1)) + s(W2, k = 40, bs='bs',m=c(1,1)) + s(W3, k = 40, bs='bs',m=c(1,1))_binomial_GCV.Cp"
[1] "Lrnr_cv_selector_NULL"
predictions 
  0.1919082 
predictions 
  0.1601719 
[1] "done"
[1] "Lrnr_cv"
[1] "Lrnr_xgboost_10_1_15_5_0.2" "Lrnr_xgboost_10_1_15_2_0.2"
[3] "Lrnr_xgboost_10_1_15_3_0.2" "Lrnr_xgboost_10_1_15_4_0.2"
[1] "Lrnr_cv_selector_NULL"
Lrnr_xgboost_10_1_15_5_0.2 Lrnr_xgboost_10_1_15_2_0.2 
                 0.1997543                  0.2023210 
Lrnr_xgboost_10_1_15_3_0.2 Lrnr_xgboost_10_1_15_4_0.2 
                 0.1996592                  0.2013583 
Lrnr_xgboost_10_1_15_5_0.2 Lrnr_xgboost_10_1_15_2_0.2 
                 0.1665910                  0.1722510 
Lrnr_xgboost_10_1_15_3_0.2 Lrnr_xgboost_10_1_15_4_0.2 
                 0.1667859                  0.1672248 
[1] "done"
[1] "Lrnr_cv"
[1] "Lrnr_ranger_500_TRUE_none_1_10_5"
[1] "Lrnr_cv_selector_NULL"
predictions 
  0.2059591 
predictions 
  0.1675532 
[1] "done"
[1] "Lrnr_cv"
[1] "Lrnr_mean"
NULL
NULL
[1] "done"
[1] "earth"
[1] "gam_1"
[1] "xgboost"
[1] "rf"
[1] "iter: 10"
[1] "Lrnr_cv"
[1] "Lrnr_earth_2_3_cv_5_1_0_0_binomial_100"
[1] "Lrnr_cv_selector_NULL"
predictions 
   0.191234 
predictions 
  0.1501896 
[1] "done"
[1] "Lrnr_cv"
[1] "Lrnr_gam_Y~s(W1, k = 40, bs='bs',m=c(1,1)) + s(W2, k = 40, bs='bs',m=c(1,1)) + s(W3, k = 40, bs='bs',m=c(1,1))_binomial_GCV.Cp"
[1] "Lrnr_cv_selector_NULL"
predictions 
  0.1906297 
predictions 
  0.1482629 
[1] "done"
[1] "Lrnr_cv"
[1] "Lrnr_xgboost_10_1_15_5_0.2" "Lrnr_xgboost_10_1_15_2_0.2"
[3] "Lrnr_xgboost_10_1_15_3_0.2" "Lrnr_xgboost_10_1_15_4_0.2"
[1] "Lrnr_cv_selector_NULL"
Lrnr_xgboost_10_1_15_5_0.2 Lrnr_xgboost_10_1_15_2_0.2 
                 0.1971140                  0.1999722 
Lrnr_xgboost_10_1_15_3_0.2 Lrnr_xgboost_10_1_15_4_0.2 
                 0.1969046                  0.1972246 
Lrnr_xgboost_10_1_15_5_0.2 Lrnr_xgboost_10_1_15_2_0.2 
                 0.1551982                  0.1624830 
Lrnr_xgboost_10_1_15_3_0.2 Lrnr_xgboost_10_1_15_4_0.2 
                 0.1571773                  0.1554149 
[1] "done"
[1] "Lrnr_cv"
[1] "Lrnr_ranger_500_TRUE_none_1_10_5"
[1] "Lrnr_cv_selector_NULL"
predictions 
  0.2058615 
predictions 
  0.1564229 
[1] "done"
[1] "Lrnr_cv"
[1] "Lrnr_mean"
NULL
NULL
[1] "done"
[1] "earth"
[1] "gam_1"
[1] "xgboost"
[1] "rf"
[1] "iter: 11"
[1] "Lrnr_cv"
[1] "Lrnr_earth_2_3_cv_5_1_0_0_binomial_100"
[1] "Lrnr_cv_selector_NULL"
predictions 
  0.2019619 
predictions 
  0.1710237 
[1] "done"
[1] "Lrnr_cv"
[1] "Lrnr_gam_Y~s(W1, k = 40, bs='bs',m=c(1,1)) + s(W2, k = 40, bs='bs',m=c(1,1)) + s(W3, k = 40, bs='bs',m=c(1,1))_binomial_GCV.Cp"
[1] "Lrnr_cv_selector_NULL"
predictions 
  0.1991017 
predictions 
  0.1646643 
[1] "done"
[1] "Lrnr_cv"
[1] "Lrnr_xgboost_10_1_15_5_0.2" "Lrnr_xgboost_10_1_15_2_0.2"
[3] "Lrnr_xgboost_10_1_15_3_0.2" "Lrnr_xgboost_10_1_15_4_0.2"
[1] "Lrnr_cv_selector_NULL"
Lrnr_xgboost_10_1_15_5_0.2 Lrnr_xgboost_10_1_15_2_0.2 
                 0.2010902                  0.2013642 
Lrnr_xgboost_10_1_15_3_0.2 Lrnr_xgboost_10_1_15_4_0.2 
                 0.1985084                  0.1991843 
Lrnr_xgboost_10_1_15_5_0.2 Lrnr_xgboost_10_1_15_2_0.2 
                 0.1706165                  0.1766973 
Lrnr_xgboost_10_1_15_3_0.2 Lrnr_xgboost_10_1_15_4_0.2 
                 0.1728893                  0.1709241 
[1] "done"
[1] "Lrnr_cv"
[1] "Lrnr_ranger_500_TRUE_none_1_10_5"
[1] "Lrnr_cv_selector_NULL"
predictions 
  0.2093038 
predictions 
  0.1754003 
[1] "done"
[1] "Lrnr_cv"
[1] "Lrnr_mean"
NULL
NULL
[1] "done"
[1] "earth"
[1] "gam_1"
[1] "xgboost"
[1] "rf"
[1] "iter: 12"
[1] "Lrnr_cv"
[1] "Lrnr_earth_2_3_cv_5_1_0_0_binomial_100"
[1] "Lrnr_cv_selector_NULL"
predictions 
  0.2022851 
predictions 
  0.1666438 
[1] "done"
[1] "Lrnr_cv"
[1] "Lrnr_gam_Y~s(W1, k = 40, bs='bs',m=c(1,1)) + s(W2, k = 40, bs='bs',m=c(1,1)) + s(W3, k = 40, bs='bs',m=c(1,1))_binomial_GCV.Cp"
[1] "Lrnr_cv_selector_NULL"
predictions 
  0.1980087 
predictions 
  0.1605427 
[1] "done"
[1] "Lrnr_cv"
[1] "Lrnr_xgboost_10_1_15_5_0.2" "Lrnr_xgboost_10_1_15_2_0.2"
[3] "Lrnr_xgboost_10_1_15_3_0.2" "Lrnr_xgboost_10_1_15_4_0.2"
[1] "Lrnr_cv_selector_NULL"
Lrnr_xgboost_10_1_15_5_0.2 Lrnr_xgboost_10_1_15_2_0.2 
                 0.2020242                  0.2037932 
Lrnr_xgboost_10_1_15_3_0.2 Lrnr_xgboost_10_1_15_4_0.2 
                 0.2011658                  0.2016857 
Lrnr_xgboost_10_1_15_5_0.2 Lrnr_xgboost_10_1_15_2_0.2 
                 0.1685326                  0.1729951 
Lrnr_xgboost_10_1_15_3_0.2 Lrnr_xgboost_10_1_15_4_0.2 
                 0.1677372                  0.1683354 
[1] "done"
[1] "Lrnr_cv"
[1] "Lrnr_ranger_500_TRUE_none_1_10_5"
[1] "Lrnr_cv_selector_NULL"
predictions 
  0.2098964 
predictions 
  0.1663043 
[1] "done"
[1] "Lrnr_cv"
[1] "Lrnr_mean"
NULL
NULL
[1] "done"
[1] "earth"
[1] "gam_1"
[1] "xgboost"
[1] "rf"
[1] "iter: 13"
[1] "Lrnr_cv"
[1] "Lrnr_earth_2_3_cv_5_1_0_0_binomial_100"
[1] "Lrnr_cv_selector_NULL"
predictions 
  0.2000557 
predictions 
  0.1772988 
[1] "done"
[1] "Lrnr_cv"
[1] "Lrnr_gam_Y~s(W1, k = 40, bs='bs',m=c(1,1)) + s(W2, k = 40, bs='bs',m=c(1,1)) + s(W3, k = 40, bs='bs',m=c(1,1))_binomial_GCV.Cp"
[1] "Lrnr_cv_selector_NULL"
predictions 
  0.2010263 
predictions 
   0.172678 
[1] "done"
[1] "Lrnr_cv"
[1] "Lrnr_xgboost_10_1_15_5_0.2" "Lrnr_xgboost_10_1_15_2_0.2"
[3] "Lrnr_xgboost_10_1_15_3_0.2" "Lrnr_xgboost_10_1_15_4_0.2"
[1] "Lrnr_cv_selector_NULL"
Lrnr_xgboost_10_1_15_5_0.2 Lrnr_xgboost_10_1_15_2_0.2 
                 0.2029409                  0.2049208 
Lrnr_xgboost_10_1_15_3_0.2 Lrnr_xgboost_10_1_15_4_0.2 
                 0.2032017                  0.2028882 
Lrnr_xgboost_10_1_15_5_0.2 Lrnr_xgboost_10_1_15_2_0.2 
                 0.1775200                  0.1784909 
Lrnr_xgboost_10_1_15_3_0.2 Lrnr_xgboost_10_1_15_4_0.2 
                 0.1775636                  0.1780394 
[1] "done"
[1] "Lrnr_cv"
[1] "Lrnr_ranger_500_TRUE_none_1_10_5"
[1] "Lrnr_cv_selector_NULL"
predictions 
  0.2105013 
predictions 
  0.1831496 
[1] "done"
[1] "Lrnr_cv"
[1] "Lrnr_mean"
NULL
NULL
[1] "done"
[1] "earth"
[1] "gam_1"
[1] "xgboost"
[1] "rf"
[1] "iter: 14"
[1] "Lrnr_cv"
[1] "Lrnr_earth_2_3_cv_5_1_0_0_binomial_100"
[1] "Lrnr_cv_selector_NULL"
