LOADING R
R LOADED
[1] "/home/lvanderl/Rlibs2"                         
[2] "/app/software/R/4.3.1-gfbf-2022b/lib/R/library"
[1] "/home/lvanderl/sieveSims"
[1] "acic2018_5000"
  [1]   1   2   3   4   5   6   7   8   9  10  11  12  13  14  15  16  17  18
 [19]  19  20  21  22  23  24  25  26  27  28  29  30  31  32  33  34  35  36
 [37]  37  38  39  40  41  42  43  44  45  46  47  48  49  50  51  52  53  54
 [55]  55  56  57  58  59  60  61  62  63  64  65  66  67  68  69  70  71  72
 [73]  73  74  75  76  77  78  79  80  81  82  83  84  85  86  87  88  89  90
 [91]  91  92  93  94  95  96  97  98  99 100 101 102 103 104 105 106 107 108
[109] 109 110 111 112 113 114 115 116 117 118 119 120 121 122 123 124 125 126
[127] 127 128 129 130 131 132 133 134 135 136 137 138 139 140 141 142 143 144
[145] 145 146 147 148 149 150 151 152 153 154 155 156 157 158 159 160 161 162
[163] 163 164 165 166 167 168 169 170 171 172 173 174 175 176 177 178 179 180
[181] 181 182 183 184 185 186 187 188 189 190 191 192 193 194 195 196 197 198
[199] 199 200 201 202 203 204 205 206 207 208 209 210 211 212 213 214 215 216
[217] 217 218 219 220
[1] "iter: 1"
[1] 5000  177
 Lrnr_xgboost_20_1_5_1_0.3  Lrnr_xgboost_20_1_5_2_0.3 
                 122.82786                   43.27636 
 Lrnr_xgboost_20_1_5_3_0.3  Lrnr_xgboost_20_1_5_4_0.3 
                  42.73883                   42.80106 
 Lrnr_xgboost_20_1_5_5_0.3  Lrnr_xgboost_20_1_5_6_0.3 
                  42.83202                   42.85014 
Lrnr_xgboost_20_1_5_1_0.25 Lrnr_xgboost_20_1_5_2_0.25 
                 232.90493                   76.67376 
Lrnr_xgboost_20_1_5_3_0.25 Lrnr_xgboost_20_1_5_4_0.25 
                  74.86165                   74.94090 
Lrnr_xgboost_20_1_5_5_0.25 Lrnr_xgboost_20_1_5_6_0.25 
                  74.96498                   74.96556 
 Lrnr_xgboost_20_1_5_1_0.2  Lrnr_xgboost_20_1_5_2_0.2 
                 530.66784                  349.05094 
 Lrnr_xgboost_20_1_5_3_0.2  Lrnr_xgboost_20_1_5_4_0.2 
                 344.14362                  344.13899 
 Lrnr_xgboost_20_1_5_5_0.2  Lrnr_xgboost_20_1_5_6_0.2 
                 344.16200                  344.16479 
Lrnr_xgboost_20_1_5_1_0.15 Lrnr_xgboost_20_1_5_2_0.15 
                2549.96104                 2376.01736 
Lrnr_xgboost_20_1_5_3_0.15 Lrnr_xgboost_20_1_5_4_0.15 
                2363.96252                 2363.67581 
Lrnr_xgboost_20_1_5_5_0.15 Lrnr_xgboost_20_1_5_6_0.15 
                2363.68994                 2363.69362 
 Lrnr_xgboost_20_1_5_1_0.3  Lrnr_xgboost_20_1_5_2_0.3 
                 204.59909                   75.67357 
 Lrnr_xgboost_20_1_5_3_0.3  Lrnr_xgboost_20_1_5_4_0.3 
                  72.12934                   72.91504 
 Lrnr_xgboost_20_1_5_5_0.3  Lrnr_xgboost_20_1_5_6_0.3 
                  72.93706                   73.17931 
Lrnr_xgboost_20_1_5_1_0.25 Lrnr_xgboost_20_1_5_2_0.25 
                 341.83498                  105.64233 
Lrnr_xgboost_20_1_5_3_0.25 Lrnr_xgboost_20_1_5_4_0.25 
                  91.83049                   92.32313 
Lrnr_xgboost_20_1_5_5_0.25 Lrnr_xgboost_20_1_5_6_0.25 
                  92.43047                   92.62731 
 Lrnr_xgboost_20_1_5_1_0.2  Lrnr_xgboost_20_1_5_2_0.2 
                 788.50971                  303.53908 
 Lrnr_xgboost_20_1_5_3_0.2  Lrnr_xgboost_20_1_5_4_0.2 
                 279.73489                  278.80515 
 Lrnr_xgboost_20_1_5_5_0.2  Lrnr_xgboost_20_1_5_6_0.2 
                 278.87279                  278.99542 
Lrnr_xgboost_20_1_5_1_0.15 Lrnr_xgboost_20_1_5_2_0.15 
                2448.77856                 1909.67663 
Lrnr_xgboost_20_1_5_3_0.15 Lrnr_xgboost_20_1_5_4_0.15 
                1867.55923                 1861.95911 
Lrnr_xgboost_20_1_5_5_0.15 Lrnr_xgboost_20_1_5_6_0.15 
                1861.75237                 1861.78636 
 Lrnr_xgboost_20_1_5_1_0.3  Lrnr_xgboost_20_1_5_2_0.3 
                 0.1416690                  0.1160319 
 Lrnr_xgboost_20_1_5_3_0.3  Lrnr_xgboost_20_1_5_4_0.3 
                 0.1102787                  0.1080466 
 Lrnr_xgboost_20_1_5_5_0.3  Lrnr_xgboost_20_1_5_6_0.3 
                 0.1080621                  0.1094114 
Lrnr_xgboost_20_1_5_1_0.25 Lrnr_xgboost_20_1_5_2_0.25 
                 0.1473709                  0.1195586 
Lrnr_xgboost_20_1_5_3_0.25 Lrnr_xgboost_20_1_5_4_0.25 
                 0.1116706                  0.1089853 
Lrnr_xgboost_20_1_5_5_0.25 Lrnr_xgboost_20_1_5_6_0.25 
                 0.1082365                  0.1086756 
 Lrnr_xgboost_20_1_5_1_0.2  Lrnr_xgboost_20_1_5_2_0.2 
                 0.1556755                  0.1251257 
 Lrnr_xgboost_20_1_5_3_0.2  Lrnr_xgboost_20_1_5_4_0.2 
                 0.1139587                  0.1102779 
 Lrnr_xgboost_20_1_5_5_0.2  Lrnr_xgboost_20_1_5_6_0.2 
                 0.1088613                  0.1084029 
Lrnr_xgboost_20_1_5_1_0.15 Lrnr_xgboost_20_1_5_2_0.15 
                 0.1667889                  0.1335447 
Lrnr_xgboost_20_1_5_3_0.15 Lrnr_xgboost_20_1_5_4_0.15 
                 0.1190427                  0.1125919 
Lrnr_xgboost_20_1_5_5_0.15 Lrnr_xgboost_20_1_5_6_0.15 
                 0.1106917                  0.1098330 
[1] "done"
NULL
NULL
NULL
[1] "done"
[1] "all"
[1] -22.480199  -9.516443
[1] "iter: 2"
[1] 5000  177
 Lrnr_xgboost_20_1_5_1_0.3  Lrnr_xgboost_20_1_5_2_0.3 
                 0.2811625                  0.2614677 
 Lrnr_xgboost_20_1_5_3_0.3  Lrnr_xgboost_20_1_5_4_0.3 
                 0.2611213                  0.2625337 
 Lrnr_xgboost_20_1_5_5_0.3  Lrnr_xgboost_20_1_5_6_0.3 
                 0.2625337                  0.2625337 
Lrnr_xgboost_20_1_5_1_0.25 Lrnr_xgboost_20_1_5_2_0.25 
                 0.3072841                  0.2628035 
Lrnr_xgboost_20_1_5_3_0.25 Lrnr_xgboost_20_1_5_4_0.25 
                 0.2615063                  0.2627086 
Lrnr_xgboost_20_1_5_5_0.25 Lrnr_xgboost_20_1_5_6_0.25 
                 0.2627086                  0.2627086 
 Lrnr_xgboost_20_1_5_1_0.2  Lrnr_xgboost_20_1_5_2_0.2 
                 0.3990436                  0.2684447 
 Lrnr_xgboost_20_1_5_3_0.2  Lrnr_xgboost_20_1_5_4_0.2 
                 0.2637569                  0.2652548 
 Lrnr_xgboost_20_1_5_5_0.2  Lrnr_xgboost_20_1_5_6_0.2 
                 0.2652548                  0.2652548 
Lrnr_xgboost_20_1_5_1_0.15 Lrnr_xgboost_20_1_5_2_0.15 
                 0.6960309                  0.2989312 
Lrnr_xgboost_20_1_5_3_0.15 Lrnr_xgboost_20_1_5_4_0.15 
                 0.2878078                  0.2888148 
Lrnr_xgboost_20_1_5_5_0.15 Lrnr_xgboost_20_1_5_6_0.15 
                 0.2888148                  0.2888148 
 Lrnr_xgboost_20_1_5_1_0.3  Lrnr_xgboost_20_1_5_2_0.3 
                 0.2476582                  0.2066326 
 Lrnr_xgboost_20_1_5_3_0.3  Lrnr_xgboost_20_1_5_4_0.3 
                 0.1985540                  0.1961589 
 Lrnr_xgboost_20_1_5_5_0.3  Lrnr_xgboost_20_1_5_6_0.3 
                 0.1934762                  0.1970683 
Lrnr_xgboost_20_1_5_1_0.25 Lrnr_xgboost_20_1_5_2_0.25 
                 0.2593190                  0.2119600 
Lrnr_xgboost_20_1_5_3_0.25 Lrnr_xgboost_20_1_5_4_0.25 
                 0.2047136                  0.1995796 
Lrnr_xgboost_20_1_5_5_0.25 Lrnr_xgboost_20_1_5_6_0.25 
                 0.1971209                  0.1996845 
 Lrnr_xgboost_20_1_5_1_0.2  Lrnr_xgboost_20_1_5_2_0.2 
                 0.2978207                  0.2302710 
 Lrnr_xgboost_20_1_5_3_0.2  Lrnr_xgboost_20_1_5_4_0.2 
                 0.2122582                  0.2123368 
 Lrnr_xgboost_20_1_5_5_0.2  Lrnr_xgboost_20_1_5_6_0.2 
                 0.2130455                  0.2118984 
Lrnr_xgboost_20_1_5_1_0.15 Lrnr_xgboost_20_1_5_2_0.15 
                 0.3946039                  0.2707379 
Lrnr_xgboost_20_1_5_3_0.15 Lrnr_xgboost_20_1_5_4_0.15 
                 0.2459765                  0.2423176 
Lrnr_xgboost_20_1_5_5_0.15 Lrnr_xgboost_20_1_5_6_0.15 
                 0.2434855                  0.2429398 
 Lrnr_xgboost_20_1_5_1_0.3  Lrnr_xgboost_20_1_5_2_0.3 
                 0.2328922                  0.2332770 
 Lrnr_xgboost_20_1_5_3_0.3  Lrnr_xgboost_20_1_5_4_0.3 
                 0.2342700                  0.2343787 
 Lrnr_xgboost_20_1_5_5_0.3  Lrnr_xgboost_20_1_5_6_0.3 
                 0.2344814                  0.2345038 
Lrnr_xgboost_20_1_5_1_0.25 Lrnr_xgboost_20_1_5_2_0.25 
                 0.2330717                  0.2330736 
Lrnr_xgboost_20_1_5_3_0.25 Lrnr_xgboost_20_1_5_4_0.25 
                 0.2341063                  0.2344128 
Lrnr_xgboost_20_1_5_5_0.25 Lrnr_xgboost_20_1_5_6_0.25 
                 0.2345116                  0.2345462 
 Lrnr_xgboost_20_1_5_1_0.2  Lrnr_xgboost_20_1_5_2_0.2 
                 0.2338190                  0.2328836 
 Lrnr_xgboost_20_1_5_3_0.2  Lrnr_xgboost_20_1_5_4_0.2 
                 0.2340539                  0.2344582 
 Lrnr_xgboost_20_1_5_5_0.2  Lrnr_xgboost_20_1_5_6_0.2 
                 0.2345706                  0.2346321 
Lrnr_xgboost_20_1_5_1_0.15 Lrnr_xgboost_20_1_5_2_0.15 
                 0.2348170                  0.2328732 
Lrnr_xgboost_20_1_5_3_0.15 Lrnr_xgboost_20_1_5_4_0.15 
                 0.2338631                  0.2342640 
Lrnr_xgboost_20_1_5_5_0.15 Lrnr_xgboost_20_1_5_6_0.15 
                 0.2344879                  0.2345357 
[1] "done"
NULL
NULL
NULL
[1] "done"
[1] "all"
[1]  0.015606468 -0.003049693
[1] "iter: 3"
[1] 5000  177
 Lrnr_xgboost_20_1_5_1_0.3  Lrnr_xgboost_20_1_5_2_0.3 
                  30043.27                   22761.14 
 Lrnr_xgboost_20_1_5_3_0.3  Lrnr_xgboost_20_1_5_4_0.3 
                  19840.75                   21919.67 
 Lrnr_xgboost_20_1_5_5_0.3  Lrnr_xgboost_20_1_5_6_0.3 
                  21013.09                   22127.54 
Lrnr_xgboost_20_1_5_1_0.25 Lrnr_xgboost_20_1_5_2_0.25 
                  36237.86                   21429.50 
Lrnr_xgboost_20_1_5_3_0.25 Lrnr_xgboost_20_1_5_4_0.25 
                  20575.16                   21672.80 
Lrnr_xgboost_20_1_5_5_0.25 Lrnr_xgboost_20_1_5_6_0.25 
                  21360.62                   21079.67 
 Lrnr_xgboost_20_1_5_1_0.2  Lrnr_xgboost_20_1_5_2_0.2 
                  51729.49                   23516.26 
 Lrnr_xgboost_20_1_5_3_0.2  Lrnr_xgboost_20_1_5_4_0.2 
                  21105.93                   22880.18 
 Lrnr_xgboost_20_1_5_5_0.2  Lrnr_xgboost_20_1_5_6_0.2 
                  23022.90                   23180.16 
Lrnr_xgboost_20_1_5_1_0.15 Lrnr_xgboost_20_1_5_2_0.15 
                  85696.51                   35670.66 
Lrnr_xgboost_20_1_5_3_0.15 Lrnr_xgboost_20_1_5_4_0.15 
                  32978.90                   33287.89 
Lrnr_xgboost_20_1_5_5_0.15 Lrnr_xgboost_20_1_5_6_0.15 
                  33475.01                   33429.64 
 Lrnr_xgboost_20_1_5_1_0.3  Lrnr_xgboost_20_1_5_2_0.3 
                  33187.27                   28370.25 
 Lrnr_xgboost_20_1_5_3_0.3  Lrnr_xgboost_20_1_5_4_0.3 
                  28729.07                   29449.39 
 Lrnr_xgboost_20_1_5_5_0.3  Lrnr_xgboost_20_1_5_6_0.3 
                  29396.92                   29440.96 
Lrnr_xgboost_20_1_5_1_0.25 Lrnr_xgboost_20_1_5_2_0.25 
                  36451.23                   28235.81 
Lrnr_xgboost_20_1_5_3_0.25 Lrnr_xgboost_20_1_5_4_0.25 
                  28701.16                   29431.01 
Lrnr_xgboost_20_1_5_5_0.25 Lrnr_xgboost_20_1_5_6_0.25 
                  29390.57                   29380.62 
 Lrnr_xgboost_20_1_5_1_0.2  Lrnr_xgboost_20_1_5_2_0.2 
                  44684.83                   30839.80 
 Lrnr_xgboost_20_1_5_3_0.2  Lrnr_xgboost_20_1_5_4_0.2 
                  29067.12                   29751.29 
 Lrnr_xgboost_20_1_5_5_0.2  Lrnr_xgboost_20_1_5_6_0.2 
                  29686.41                   29684.90 
Lrnr_xgboost_20_1_5_1_0.15 Lrnr_xgboost_20_1_5_2_0.15 
                  72885.85                   38211.84 
Lrnr_xgboost_20_1_5_3_0.15 Lrnr_xgboost_20_1_5_4_0.15 
                  35698.10                   35827.09 
Lrnr_xgboost_20_1_5_5_0.15 Lrnr_xgboost_20_1_5_6_0.15 
                  35778.28                   35798.83 
 Lrnr_xgboost_20_1_5_1_0.3  Lrnr_xgboost_20_1_5_2_0.3 
                 0.1837133                  0.1818661 
 Lrnr_xgboost_20_1_5_3_0.3  Lrnr_xgboost_20_1_5_4_0.3 
                 0.1822906                  0.1833005 
 Lrnr_xgboost_20_1_5_5_0.3  Lrnr_xgboost_20_1_5_6_0.3 
                 0.1839911                  0.1840963 
Lrnr_xgboost_20_1_5_1_0.25 Lrnr_xgboost_20_1_5_2_0.25 
                 0.1847877                  0.1819954 
Lrnr_xgboost_20_1_5_3_0.25 Lrnr_xgboost_20_1_5_4_0.25 
                 0.1818738                  0.1827322 
Lrnr_xgboost_20_1_5_5_0.25 Lrnr_xgboost_20_1_5_6_0.25 
                 0.1827185                  0.1834459 
 Lrnr_xgboost_20_1_5_1_0.2  Lrnr_xgboost_20_1_5_2_0.2 
                 0.1865713                  0.1823347 
 Lrnr_xgboost_20_1_5_3_0.2  Lrnr_xgboost_20_1_5_4_0.2 
                 0.1818661                  0.1822604 
 Lrnr_xgboost_20_1_5_5_0.2  Lrnr_xgboost_20_1_5_6_0.2 
                 0.1827448                  0.1830302 
Lrnr_xgboost_20_1_5_1_0.15 Lrnr_xgboost_20_1_5_2_0.15 
                 0.1895219                  0.1837657 
Lrnr_xgboost_20_1_5_3_0.15 Lrnr_xgboost_20_1_5_4_0.15 
                 0.1820759                  0.1821664 
Lrnr_xgboost_20_1_5_5_0.15 Lrnr_xgboost_20_1_5_6_0.15 
                 0.1824219                  0.1826819 
[1] "done"
NULL
NULL
NULL
[1] "done"
[1] "all"
[1]  -9.295706 -11.059662
[1] "iter: 4"
[1] 5000  177
 Lrnr_xgboost_20_1_5_1_0.3  Lrnr_xgboost_20_1_5_2_0.3 
                 0.1802967                  0.1804940 
 Lrnr_xgboost_20_1_5_3_0.3  Lrnr_xgboost_20_1_5_4_0.3 
                 0.1805124                  0.1805124 
 Lrnr_xgboost_20_1_5_5_0.3  Lrnr_xgboost_20_1_5_6_0.3 
                 0.1805124                  0.1805124 
Lrnr_xgboost_20_1_5_1_0.25 Lrnr_xgboost_20_1_5_2_0.25 
                 0.1848580                  0.1850176 
Lrnr_xgboost_20_1_5_3_0.25 Lrnr_xgboost_20_1_5_4_0.25 
                 0.1850332                  0.1850332 
Lrnr_xgboost_20_1_5_5_0.25 Lrnr_xgboost_20_1_5_6_0.25 
                 0.1850332                  0.1850332 
 Lrnr_xgboost_20_1_5_1_0.2  Lrnr_xgboost_20_1_5_2_0.2 
                 0.2430603                  0.2432548 
 Lrnr_xgboost_20_1_5_3_0.2  Lrnr_xgboost_20_1_5_4_0.2 
                 0.2432548                  0.2432548 
 Lrnr_xgboost_20_1_5_5_0.2  Lrnr_xgboost_20_1_5_6_0.2 
                 0.2432548                  0.2432548 
Lrnr_xgboost_20_1_5_1_0.15 Lrnr_xgboost_20_1_5_2_0.15 
                 0.8869461                  0.8872631 
Lrnr_xgboost_20_1_5_3_0.15 Lrnr_xgboost_20_1_5_4_0.15 
                 0.8872631                  0.8872631 
Lrnr_xgboost_20_1_5_5_0.15 Lrnr_xgboost_20_1_5_6_0.15 
                 0.8872631                  0.8872631 
 Lrnr_xgboost_20_1_5_1_0.3  Lrnr_xgboost_20_1_5_2_0.3 
                 0.1923622                  0.1925103 
 Lrnr_xgboost_20_1_5_3_0.3  Lrnr_xgboost_20_1_5_4_0.3 
                 0.1926402                  0.1927392 
 Lrnr_xgboost_20_1_5_5_0.3  Lrnr_xgboost_20_1_5_6_0.3 
                 0.1926852                  0.1927046 
Lrnr_xgboost_20_1_5_1_0.25 Lrnr_xgboost_20_1_5_2_0.25 
                 0.1970071                  0.1972016 
Lrnr_xgboost_20_1_5_3_0.25 Lrnr_xgboost_20_1_5_4_0.25 
                 0.1973263                  0.1972251 
Lrnr_xgboost_20_1_5_5_0.25 Lrnr_xgboost_20_1_5_6_0.25 
                 0.1973179                  0.1973194 
 Lrnr_xgboost_20_1_5_1_0.2  Lrnr_xgboost_20_1_5_2_0.2 
                 0.2581478                  0.2583389 
 Lrnr_xgboost_20_1_5_3_0.2  Lrnr_xgboost_20_1_5_4_0.2 
                 0.2584635                  0.2585580 
 Lrnr_xgboost_20_1_5_5_0.2  Lrnr_xgboost_20_1_5_6_0.2 
                 0.2585490                  0.2585488 
Lrnr_xgboost_20_1_5_1_0.15 Lrnr_xgboost_20_1_5_2_0.15 
                 0.9391450                  0.9391958 
Lrnr_xgboost_20_1_5_3_0.15 Lrnr_xgboost_20_1_5_4_0.15 
                 0.9391958                  0.9391958 
Lrnr_xgboost_20_1_5_5_0.15 Lrnr_xgboost_20_1_5_6_0.15 
                 0.9391958                  0.9391958 
 Lrnr_xgboost_20_1_5_1_0.3  Lrnr_xgboost_20_1_5_2_0.3 
                 0.2201308                  0.2173805 
 Lrnr_xgboost_20_1_5_3_0.3  Lrnr_xgboost_20_1_5_4_0.3 
                 0.2185535                  0.2199192 
 Lrnr_xgboost_20_1_5_5_0.3  Lrnr_xgboost_20_1_5_6_0.3 
                 0.2213219                  0.2231291 
Lrnr_xgboost_20_1_5_1_0.25 Lrnr_xgboost_20_1_5_2_0.25 
                 0.2213635                  0.2174166 
Lrnr_xgboost_20_1_5_3_0.25 Lrnr_xgboost_20_1_5_4_0.25 
                 0.2181221                  0.2189962 
Lrnr_xgboost_20_1_5_5_0.25 Lrnr_xgboost_20_1_5_6_0.25 
                 0.2200671                  0.2213956 
 Lrnr_xgboost_20_1_5_1_0.2  Lrnr_xgboost_20_1_5_2_0.2 
                 0.2235920                  0.2175330 
 Lrnr_xgboost_20_1_5_3_0.2  Lrnr_xgboost_20_1_5_4_0.2 
                 0.2175878                  0.2183316 
 Lrnr_xgboost_20_1_5_5_0.2  Lrnr_xgboost_20_1_5_6_0.2 
                 0.2188449                  0.2195613 
Lrnr_xgboost_20_1_5_1_0.15 Lrnr_xgboost_20_1_5_2_0.15 
                 0.2262723                  0.2182297 
Lrnr_xgboost_20_1_5_3_0.15 Lrnr_xgboost_20_1_5_4_0.15 
                 0.2175423                  0.2177049 
Lrnr_xgboost_20_1_5_5_0.15 Lrnr_xgboost_20_1_5_6_0.15 
                 0.2179877                  0.2185506 
[1] "done"
NULL
NULL
NULL
[1] "done"
[1] "all"
[1] -0.01539518 -0.01469707
[1] "iter: 5"
[1] 5000  177
 Lrnr_xgboost_20_1_5_1_0.3  Lrnr_xgboost_20_1_5_2_0.3 
                 0.1444748                  0.1445706 
 Lrnr_xgboost_20_1_5_3_0.3  Lrnr_xgboost_20_1_5_4_0.3 
                 0.1453445                  0.1462151 
 Lrnr_xgboost_20_1_5_5_0.3  Lrnr_xgboost_20_1_5_6_0.3 
                 0.1464294                  0.1471127 
Lrnr_xgboost_20_1_5_1_0.25 Lrnr_xgboost_20_1_5_2_0.25 
                 0.1454589                  0.1453206 
Lrnr_xgboost_20_1_5_3_0.25 Lrnr_xgboost_20_1_5_4_0.25 
                 0.1457788                  0.1463407 
Lrnr_xgboost_20_1_5_5_0.25 Lrnr_xgboost_20_1_5_6_0.25 
                 0.1465775                  0.1472433 
 Lrnr_xgboost_20_1_5_1_0.2  Lrnr_xgboost_20_1_5_2_0.2 
                 0.1537514                  0.1525870 
 Lrnr_xgboost_20_1_5_3_0.2  Lrnr_xgboost_20_1_5_4_0.2 
                 0.1524866                  0.1528067 
 Lrnr_xgboost_20_1_5_5_0.2  Lrnr_xgboost_20_1_5_6_0.2 
                 0.1532662                  0.1533633 
Lrnr_xgboost_20_1_5_1_0.15 Lrnr_xgboost_20_1_5_2_0.15 
                 0.2334047                  0.2318577 
Lrnr_xgboost_20_1_5_3_0.15 Lrnr_xgboost_20_1_5_4_0.15 
                 0.2315540                  0.2313071 
Lrnr_xgboost_20_1_5_5_0.15 Lrnr_xgboost_20_1_5_6_0.15 
                 0.2315136                  0.2315397 
 Lrnr_xgboost_20_1_5_1_0.3  Lrnr_xgboost_20_1_5_2_0.3 
                 0.1542405                  0.1541961 
 Lrnr_xgboost_20_1_5_3_0.3  Lrnr_xgboost_20_1_5_4_0.3 
                 0.1551133                  0.1550968 
 Lrnr_xgboost_20_1_5_5_0.3  Lrnr_xgboost_20_1_5_6_0.3 
                 0.1568699                  0.1580842 
Lrnr_xgboost_20_1_5_1_0.25 Lrnr_xgboost_20_1_5_2_0.25 
                 0.1552360                  0.1550744 
Lrnr_xgboost_20_1_5_3_0.25 Lrnr_xgboost_20_1_5_4_0.25 
                 0.1556121                  0.1561326 
Lrnr_xgboost_20_1_5_5_0.25 Lrnr_xgboost_20_1_5_6_0.25 
                 0.1573266                  0.1579106 
 Lrnr_xgboost_20_1_5_1_0.2  Lrnr_xgboost_20_1_5_2_0.2 
                 0.1628698                  0.1621329 
 Lrnr_xgboost_20_1_5_3_0.2  Lrnr_xgboost_20_1_5_4_0.2 
                 0.1624369                  0.1626215 
 Lrnr_xgboost_20_1_5_5_0.2  Lrnr_xgboost_20_1_5_6_0.2 
                 0.1630743                  0.1640528 
Lrnr_xgboost_20_1_5_1_0.15 Lrnr_xgboost_20_1_5_2_0.15 
                 0.2386481                  0.2377248 
Lrnr_xgboost_20_1_5_3_0.15 Lrnr_xgboost_20_1_5_4_0.15 
                 0.2376324                  0.2376022 
Lrnr_xgboost_20_1_5_5_0.15 Lrnr_xgboost_20_1_5_6_0.15 
                 0.2383940                  0.2387900 
 Lrnr_xgboost_20_1_5_1_0.3  Lrnr_xgboost_20_1_5_2_0.3 
               0.001416069                0.001152733 
 Lrnr_xgboost_20_1_5_3_0.3  Lrnr_xgboost_20_1_5_4_0.3 
               0.001065662                0.001065662 
 Lrnr_xgboost_20_1_5_5_0.3  Lrnr_xgboost_20_1_5_6_0.3 
               0.001065662                0.001065662 
Lrnr_xgboost_20_1_5_1_0.25 Lrnr_xgboost_20_1_5_2_0.25 
               0.001473410                0.001336476 
Lrnr_xgboost_20_1_5_3_0.25 Lrnr_xgboost_20_1_5_4_0.25 
               0.001167757                0.001167757 
Lrnr_xgboost_20_1_5_5_0.25 Lrnr_xgboost_20_1_5_6_0.25 
               0.001167757                0.001167757 
 Lrnr_xgboost_20_1_5_1_0.2  Lrnr_xgboost_20_1_5_2_0.2 
               0.001530091                0.001417592 
 Lrnr_xgboost_20_1_5_3_0.2  Lrnr_xgboost_20_1_5_4_0.2 
               0.001232835                0.001232835 
 Lrnr_xgboost_20_1_5_5_0.2  Lrnr_xgboost_20_1_5_6_0.2 
               0.001232835                0.001232835 
Lrnr_xgboost_20_1_5_1_0.15 Lrnr_xgboost_20_1_5_2_0.15 
               0.002065125                0.001925032 
Lrnr_xgboost_20_1_5_3_0.15 Lrnr_xgboost_20_1_5_4_0.15 
               0.001749612                0.001749612 
Lrnr_xgboost_20_1_5_5_0.15 Lrnr_xgboost_20_1_5_6_0.15 
               0.001749612                0.001749612 
[1] "done"
NULL
NULL
NULL
[1] "done"
[1] "all"
[1]  0.0011536405 -0.0004525353
[1] "iter: 6"
[1] 5000  177
 Lrnr_xgboost_20_1_5_1_0.3  Lrnr_xgboost_20_1_5_2_0.3 
                 0.1436658                  0.1430670 
 Lrnr_xgboost_20_1_5_3_0.3  Lrnr_xgboost_20_1_5_4_0.3 
                 0.1430343                  0.1430345 
 Lrnr_xgboost_20_1_5_5_0.3  Lrnr_xgboost_20_1_5_6_0.3 
                 0.1430345                  0.1430345 
Lrnr_xgboost_20_1_5_1_0.25 Lrnr_xgboost_20_1_5_2_0.25 
                 0.1471595                  0.1460348 
Lrnr_xgboost_20_1_5_3_0.25 Lrnr_xgboost_20_1_5_4_0.25 
                 0.1459070                  0.1459206 
Lrnr_xgboost_20_1_5_5_0.25 Lrnr_xgboost_20_1_5_6_0.25 
                 0.1459206                  0.1459206 
 Lrnr_xgboost_20_1_5_1_0.2  Lrnr_xgboost_20_1_5_2_0.2 
                 0.1842961                  0.1826026 
 Lrnr_xgboost_20_1_5_3_0.2  Lrnr_xgboost_20_1_5_4_0.2 
                 0.1823605                  0.1823501 
 Lrnr_xgboost_20_1_5_5_0.2  Lrnr_xgboost_20_1_5_6_0.2 
                 0.1823501                  0.1823501 
Lrnr_xgboost_20_1_5_1_0.15 Lrnr_xgboost_20_1_5_2_0.15 
                 0.5842342                  0.5827392 
Lrnr_xgboost_20_1_5_3_0.15 Lrnr_xgboost_20_1_5_4_0.15 
                 0.5824447                  0.5824447 
Lrnr_xgboost_20_1_5_5_0.15 Lrnr_xgboost_20_1_5_6_0.15 
                 0.5824447                  0.5824447 
 Lrnr_xgboost_20_1_5_1_0.3  Lrnr_xgboost_20_1_5_2_0.3 
                 0.1484783                  0.1482027 
 Lrnr_xgboost_20_1_5_3_0.3  Lrnr_xgboost_20_1_5_4_0.3 
                 0.1485304                  0.1485706 
 Lrnr_xgboost_20_1_5_5_0.3  Lrnr_xgboost_20_1_5_6_0.3 
                 0.1488617                  0.1491632 
Lrnr_xgboost_20_1_5_1_0.25 Lrnr_xgboost_20_1_5_2_0.25 
                 0.1513908                  0.1505190 
Lrnr_xgboost_20_1_5_3_0.25 Lrnr_xgboost_20_1_5_4_0.25 
                 0.1505860                  0.1506681 
Lrnr_xgboost_20_1_5_5_0.25 Lrnr_xgboost_20_1_5_6_0.25 
                 0.1506798                  0.1509240 
 Lrnr_xgboost_20_1_5_1_0.2  Lrnr_xgboost_20_1_5_2_0.2 
                 0.1824761                  0.1811752 
 Lrnr_xgboost_20_1_5_3_0.2  Lrnr_xgboost_20_1_5_4_0.2 
                 0.1811122                  0.1812048 
 Lrnr_xgboost_20_1_5_5_0.2  Lrnr_xgboost_20_1_5_6_0.2 
                 0.1809394                  0.1808511 
Lrnr_xgboost_20_1_5_1_0.15 Lrnr_xgboost_20_1_5_2_0.15 
                 0.5227556                  0.5208147 
Lrnr_xgboost_20_1_5_3_0.15 Lrnr_xgboost_20_1_5_4_0.15 
                 0.5209295                  0.5209295 
Lrnr_xgboost_20_1_5_5_0.15 Lrnr_xgboost_20_1_5_6_0.15 
                 0.5209295                  0.5209295 
 Lrnr_xgboost_20_1_5_1_0.3  Lrnr_xgboost_20_1_5_2_0.3 
                 0.2039389                  0.2040619 
 Lrnr_xgboost_20_1_5_3_0.3  Lrnr_xgboost_20_1_5_4_0.3 
                 0.2051954                  0.2058310 
 Lrnr_xgboost_20_1_5_5_0.3  Lrnr_xgboost_20_1_5_6_0.3 
                 0.2070018                  0.2088845 
Lrnr_xgboost_20_1_5_1_0.25 Lrnr_xgboost_20_1_5_2_0.25 
                 0.2043165                  0.2039579 
Lrnr_xgboost_20_1_5_3_0.25 Lrnr_xgboost_20_1_5_4_0.25 
                 0.2045709                  0.2057702 
Lrnr_xgboost_20_1_5_5_0.25 Lrnr_xgboost_20_1_5_6_0.25 
                 0.2063247                  0.2067996 
 Lrnr_xgboost_20_1_5_1_0.2  Lrnr_xgboost_20_1_5_2_0.2 
                 0.2048925                  0.2037871 
 Lrnr_xgboost_20_1_5_3_0.2  Lrnr_xgboost_20_1_5_4_0.2 
                 0.2044943                  0.2050700 
 Lrnr_xgboost_20_1_5_5_0.2  Lrnr_xgboost_20_1_5_6_0.2 
                 0.2057218                  0.2067151 
Lrnr_xgboost_20_1_5_1_0.15 Lrnr_xgboost_20_1_5_2_0.15 
                 0.2061387                  0.2039938 
Lrnr_xgboost_20_1_5_3_0.15 Lrnr_xgboost_20_1_5_4_0.15 
                 0.2041197                  0.2048904 
Lrnr_xgboost_20_1_5_5_0.15 Lrnr_xgboost_20_1_5_6_0.15 
                 0.2053593                  0.2056314 
[1] "done"
NULL
NULL
NULL
[1] "done"
[1] "all"
[1] -0.01173578 -0.01027931
[1] "iter: 7"
[1] 5000  177
 Lrnr_xgboost_20_1_5_1_0.3  Lrnr_xgboost_20_1_5_2_0.3 
                 0.1687017                  0.1683505 
 Lrnr_xgboost_20_1_5_3_0.3  Lrnr_xgboost_20_1_5_4_0.3 
                 0.1685856                  0.1685213 
 Lrnr_xgboost_20_1_5_5_0.3  Lrnr_xgboost_20_1_5_6_0.3 
                 0.1686003                  0.1685831 
Lrnr_xgboost_20_1_5_1_0.25 Lrnr_xgboost_20_1_5_2_0.25 
                 0.1747554                  0.1746195 
Lrnr_xgboost_20_1_5_3_0.25 Lrnr_xgboost_20_1_5_4_0.25 
                 0.1746893                  0.1745841 
Lrnr_xgboost_20_1_5_5_0.25 Lrnr_xgboost_20_1_5_6_0.25 
                 0.1746586                  0.1746781 
 Lrnr_xgboost_20_1_5_1_0.2  Lrnr_xgboost_20_1_5_2_0.2 
                 0.2533699                  0.2533307 
 Lrnr_xgboost_20_1_5_3_0.2  Lrnr_xgboost_20_1_5_4_0.2 
                 0.2533857                  0.2534206 
 Lrnr_xgboost_20_1_5_5_0.2  Lrnr_xgboost_20_1_5_6_0.2 
                 0.2534206                  0.2534206 
Lrnr_xgboost_20_1_5_1_0.15 Lrnr_xgboost_20_1_5_2_0.15 
                 1.1285826                  1.1286312 
Lrnr_xgboost_20_1_5_3_0.15 Lrnr_xgboost_20_1_5_4_0.15 
                 1.1286312                  1.1286312 
Lrnr_xgboost_20_1_5_5_0.15 Lrnr_xgboost_20_1_5_6_0.15 
                 1.1286312                  1.1286312 
 Lrnr_xgboost_20_1_5_1_0.3  Lrnr_xgboost_20_1_5_2_0.3 
                 0.4528249                  0.2925034 
 Lrnr_xgboost_20_1_5_3_0.3  Lrnr_xgboost_20_1_5_4_0.3 
                 0.2844988                  0.2858507 
 Lrnr_xgboost_20_1_5_5_0.3  Lrnr_xgboost_20_1_5_6_0.3 
                 0.2851084                  0.2853254 
Lrnr_xgboost_20_1_5_1_0.25 Lrnr_xgboost_20_1_5_2_0.25 
                 0.7794559                  0.3456896 
Lrnr_xgboost_20_1_5_3_0.25 Lrnr_xgboost_20_1_5_4_0.25 
                 0.2980201                  0.2987330 
Lrnr_xgboost_20_1_5_5_0.25 Lrnr_xgboost_20_1_5_6_0.25 
                 0.2989171                  0.2998005 
 Lrnr_xgboost_20_1_5_1_0.2  Lrnr_xgboost_20_1_5_2_0.2 
                 2.0931494                  0.5265025 
 Lrnr_xgboost_20_1_5_3_0.2  Lrnr_xgboost_20_1_5_4_0.2 
                 0.4587250                  0.4597641 
 Lrnr_xgboost_20_1_5_5_0.2  Lrnr_xgboost_20_1_5_6_0.2 
                 0.4599932                  0.4601487 
Lrnr_xgboost_20_1_5_1_0.15 Lrnr_xgboost_20_1_5_2_0.15 
                 7.5451653                  2.0719106 
Lrnr_xgboost_20_1_5_3_0.15 Lrnr_xgboost_20_1_5_4_0.15 
                 2.0003056                  2.0003911 
Lrnr_xgboost_20_1_5_5_0.15 Lrnr_xgboost_20_1_5_6_0.15 
                 2.0002808                  2.0002808 
 Lrnr_xgboost_20_1_5_1_0.3  Lrnr_xgboost_20_1_5_2_0.3 
                 0.1870737                  0.1842014 
 Lrnr_xgboost_20_1_5_3_0.3  Lrnr_xgboost_20_1_5_4_0.3 
                 0.1844495                  0.1859156 
 Lrnr_xgboost_20_1_5_5_0.3  Lrnr_xgboost_20_1_5_6_0.3 
                 0.1869995                  0.1871256 
Lrnr_xgboost_20_1_5_1_0.25 Lrnr_xgboost_20_1_5_2_0.25 
                 0.1891069                  0.1844936 
Lrnr_xgboost_20_1_5_3_0.25 Lrnr_xgboost_20_1_5_4_0.25 
                 0.1841909                  0.1848412 
Lrnr_xgboost_20_1_5_5_0.25 Lrnr_xgboost_20_1_5_6_0.25 
                 0.1856781                  0.1866621 
 Lrnr_xgboost_20_1_5_1_0.2  Lrnr_xgboost_20_1_5_2_0.2 
                 0.1913964                  0.1852379 
 Lrnr_xgboost_20_1_5_3_0.2  Lrnr_xgboost_20_1_5_4_0.2 
                 0.1842200                  0.1845977 
 Lrnr_xgboost_20_1_5_5_0.2  Lrnr_xgboost_20_1_5_6_0.2 
                 0.1846192                  0.1856115 
Lrnr_xgboost_20_1_5_1_0.15 Lrnr_xgboost_20_1_5_2_0.15 
                 0.1955825                  0.1868905 
Lrnr_xgboost_20_1_5_3_0.15 Lrnr_xgboost_20_1_5_4_0.15 
                 0.1848943                  0.1848634 
Lrnr_xgboost_20_1_5_5_0.15 Lrnr_xgboost_20_1_5_6_0.15 
                 0.1847490                  0.1848377 
[1] "done"
NULL
NULL
NULL
[1] "done"
[1] "all"
[1] 2.120426 2.151302
[1] "iter: 8"
[1] 5000  177
 Lrnr_xgboost_20_1_5_1_0.3  Lrnr_xgboost_20_1_5_2_0.3 
                 0.2062790                  0.2056723 
 Lrnr_xgboost_20_1_5_3_0.3  Lrnr_xgboost_20_1_5_4_0.3 
                 0.2056706                  0.2057011 
 Lrnr_xgboost_20_1_5_5_0.3  Lrnr_xgboost_20_1_5_6_0.3 
                 0.2057011                  0.2057011 
Lrnr_xgboost_20_1_5_1_0.25 Lrnr_xgboost_20_1_5_2_0.25 
                 0.2067341                  0.2061790 
Lrnr_xgboost_20_1_5_3_0.25 Lrnr_xgboost_20_1_5_4_0.25 
                 0.2062058                  0.2062167 
Lrnr_xgboost_20_1_5_5_0.25 Lrnr_xgboost_20_1_5_6_0.25 
                 0.2062167                  0.2062167 
 Lrnr_xgboost_20_1_5_1_0.2  Lrnr_xgboost_20_1_5_2_0.2 
                 0.2074810                  0.2066789 
 Lrnr_xgboost_20_1_5_3_0.2  Lrnr_xgboost_20_1_5_4_0.2 
                 0.2067338                  0.2067558 
 Lrnr_xgboost_20_1_5_5_0.2  Lrnr_xgboost_20_1_5_6_0.2 
                 0.2067558                  0.2067558 
Lrnr_xgboost_20_1_5_1_0.15 Lrnr_xgboost_20_1_5_2_0.15 
                 0.2086437                  0.2073561 
Lrnr_xgboost_20_1_5_3_0.15 Lrnr_xgboost_20_1_5_4_0.15 
                 0.2074467                  0.2074840 
Lrnr_xgboost_20_1_5_5_0.15 Lrnr_xgboost_20_1_5_6_0.15 
                 0.2074840                  0.2074840 
 Lrnr_xgboost_20_1_5_1_0.3  Lrnr_xgboost_20_1_5_2_0.3 
                 0.1947273                  0.1946684 
 Lrnr_xgboost_20_1_5_3_0.3  Lrnr_xgboost_20_1_5_4_0.3 
                 0.1913314                  0.1913808 
 Lrnr_xgboost_20_1_5_5_0.3  Lrnr_xgboost_20_1_5_6_0.3 
                 0.1935447                  0.1958360 
Lrnr_xgboost_20_1_5_1_0.25 Lrnr_xgboost_20_1_5_2_0.25 
                 0.1959569                  0.1931869 
Lrnr_xgboost_20_1_5_3_0.25 Lrnr_xgboost_20_1_5_4_0.25 
                 0.1932029                  0.1931647 
Lrnr_xgboost_20_1_5_5_0.25 Lrnr_xgboost_20_1_5_6_0.25 
                 0.1943525                  0.1975599 
 Lrnr_xgboost_20_1_5_1_0.2  Lrnr_xgboost_20_1_5_2_0.2 
                 0.1982171                  0.1960599 
 Lrnr_xgboost_20_1_5_3_0.2  Lrnr_xgboost_20_1_5_4_0.2 
                 0.1933652                  0.1936908 
 Lrnr_xgboost_20_1_5_5_0.2  Lrnr_xgboost_20_1_5_6_0.2 
                 0.1952368                  0.1974919 
Lrnr_xgboost_20_1_5_1_0.15 Lrnr_xgboost_20_1_5_2_0.15 
                 0.2018953                  0.1944235 
Lrnr_xgboost_20_1_5_3_0.15 Lrnr_xgboost_20_1_5_4_0.15 
                 0.1940751                  0.1956439 
Lrnr_xgboost_20_1_5_5_0.15 Lrnr_xgboost_20_1_5_6_0.15 
                 0.1958737                  0.1973267 
 Lrnr_xgboost_20_1_5_1_0.3  Lrnr_xgboost_20_1_5_2_0.3 
                 0.1987733                  0.1957762 
 Lrnr_xgboost_20_1_5_3_0.3  Lrnr_xgboost_20_1_5_4_0.3 
                 0.1959048                  0.1964636 
 Lrnr_xgboost_20_1_5_5_0.3  Lrnr_xgboost_20_1_5_6_0.3 
                 0.1976284                  0.1994685 
Lrnr_xgboost_20_1_5_1_0.25 Lrnr_xgboost_20_1_5_2_0.25 
                 0.1999689                  0.1960777 
Lrnr_xgboost_20_1_5_3_0.25 Lrnr_xgboost_20_1_5_4_0.25 
                 0.1956443                  0.1964663 
Lrnr_xgboost_20_1_5_5_0.25 Lrnr_xgboost_20_1_5_6_0.25 
                 0.1974237                  0.1988786 
 Lrnr_xgboost_20_1_5_1_0.2  Lrnr_xgboost_20_1_5_2_0.2 
                 0.2018023                  0.1971281 
 Lrnr_xgboost_20_1_5_3_0.2  Lrnr_xgboost_20_1_5_4_0.2 
                 0.1957813                  0.1960964 
 Lrnr_xgboost_20_1_5_5_0.2  Lrnr_xgboost_20_1_5_6_0.2 
                 0.1968914                  0.1979318 
Lrnr_xgboost_20_1_5_1_0.15 Lrnr_xgboost_20_1_5_2_0.15 
                 0.2048004                  0.1988082 
Lrnr_xgboost_20_1_5_3_0.15 Lrnr_xgboost_20_1_5_4_0.15 
                 0.1965892                  0.1963686 
Lrnr_xgboost_20_1_5_5_0.15 Lrnr_xgboost_20_1_5_6_0.15 
                 0.1965431                  0.1976844 
[1] "done"
NULL
NULL
NULL
[1] "done"
[1] "all"
[1] 0.02260036 0.01762794
[1] "iter: 9"
[1] 5000  177
 Lrnr_xgboost_20_1_5_1_0.3  Lrnr_xgboost_20_1_5_2_0.3 
                 0.2065647                  0.1758356 
 Lrnr_xgboost_20_1_5_3_0.3  Lrnr_xgboost_20_1_5_4_0.3 
                 0.1683389                  0.1668303 
 Lrnr_xgboost_20_1_5_5_0.3  Lrnr_xgboost_20_1_5_6_0.3 
                 0.1672762                  0.1671559 
Lrnr_xgboost_20_1_5_1_0.25 Lrnr_xgboost_20_1_5_2_0.25 
                 0.2191545                  0.1766531 
Lrnr_xgboost_20_1_5_3_0.25 Lrnr_xgboost_20_1_5_4_0.25 
                 0.1675454                  0.1669846 
Lrnr_xgboost_20_1_5_5_0.25 Lrnr_xgboost_20_1_5_6_0.25 
                 0.1678429                  0.1679884 
 Lrnr_xgboost_20_1_5_1_0.2  Lrnr_xgboost_20_1_5_2_0.2 
                 0.2370906                  0.1822494 
 Lrnr_xgboost_20_1_5_3_0.2  Lrnr_xgboost_20_1_5_4_0.2 
                 0.1686899                  0.1676396 
 Lrnr_xgboost_20_1_5_5_0.2  Lrnr_xgboost_20_1_5_6_0.2 
                 0.1685036                  0.1685026 
Lrnr_xgboost_20_1_5_1_0.15 Lrnr_xgboost_20_1_5_2_0.15 
                 0.2643215                  0.1929030 
Lrnr_xgboost_20_1_5_3_0.15 Lrnr_xgboost_20_1_5_4_0.15 
                 0.1719749                  0.1698931 
Lrnr_xgboost_20_1_5_5_0.15 Lrnr_xgboost_20_1_5_6_0.15 
                 0.1702234                  0.1703285 
 Lrnr_xgboost_20_1_5_1_0.3  Lrnr_xgboost_20_1_5_2_0.3 
                 0.1883473                  0.1799496 
 Lrnr_xgboost_20_1_5_3_0.3  Lrnr_xgboost_20_1_5_4_0.3 
                 0.1800027                  0.1777966 
 Lrnr_xgboost_20_1_5_5_0.3  Lrnr_xgboost_20_1_5_6_0.3 
                 0.1820733                  0.1859346 
Lrnr_xgboost_20_1_5_1_0.25 Lrnr_xgboost_20_1_5_2_0.25 
                 0.1922546                  0.1810742 
Lrnr_xgboost_20_1_5_3_0.25 Lrnr_xgboost_20_1_5_4_0.25 
                 0.1784600                  0.1775009 
Lrnr_xgboost_20_1_5_5_0.25 Lrnr_xgboost_20_1_5_6_0.25 
                 0.1832330                  0.1854592 
 Lrnr_xgboost_20_1_5_1_0.2  Lrnr_xgboost_20_1_5_2_0.2 
                 0.1992945                  0.1827409 
 Lrnr_xgboost_20_1_5_3_0.2  Lrnr_xgboost_20_1_5_4_0.2 
                 0.1795065                  0.1780217 
 Lrnr_xgboost_20_1_5_5_0.2  Lrnr_xgboost_20_1_5_6_0.2 
                 0.1805035                  0.1840925 
Lrnr_xgboost_20_1_5_1_0.15 Lrnr_xgboost_20_1_5_2_0.15 
                 0.2178428                  0.1878839 
Lrnr_xgboost_20_1_5_3_0.15 Lrnr_xgboost_20_1_5_4_0.15 
                 0.1841919                  0.1812779 
Lrnr_xgboost_20_1_5_5_0.15 Lrnr_xgboost_20_1_5_6_0.15 
                 0.1830386                  0.1857367 
 Lrnr_xgboost_20_1_5_1_0.3  Lrnr_xgboost_20_1_5_2_0.3 
                 0.2385891                  0.2383929 
 Lrnr_xgboost_20_1_5_3_0.3  Lrnr_xgboost_20_1_5_4_0.3 
                 0.2384242                  0.2384273 
 Lrnr_xgboost_20_1_5_5_0.3  Lrnr_xgboost_20_1_5_6_0.3 
                 0.2384407                  0.2384421 
Lrnr_xgboost_20_1_5_1_0.25 Lrnr_xgboost_20_1_5_2_0.25 
                 0.2385894                  0.2383648 
Lrnr_xgboost_20_1_5_3_0.25 Lrnr_xgboost_20_1_5_4_0.25 
                 0.2384516                  0.2384123 
Lrnr_xgboost_20_1_5_5_0.25 Lrnr_xgboost_20_1_5_6_0.25 
                 0.2384347                  0.2384374 
 Lrnr_xgboost_20_1_5_1_0.2  Lrnr_xgboost_20_1_5_2_0.2 
                 0.2386596                  0.2383703 
 Lrnr_xgboost_20_1_5_3_0.2  Lrnr_xgboost_20_1_5_4_0.2 
                 0.2384418                  0.2384060 
 Lrnr_xgboost_20_1_5_5_0.2  Lrnr_xgboost_20_1_5_6_0.2 
                 0.2384251                  0.2384301 
Lrnr_xgboost_20_1_5_1_0.15 Lrnr_xgboost_20_1_5_2_0.15 
                 0.2387648                  0.2384612 
Lrnr_xgboost_20_1_5_3_0.15 Lrnr_xgboost_20_1_5_4_0.15 
                 0.2385069                  0.2384497 
Lrnr_xgboost_20_1_5_5_0.15 Lrnr_xgboost_20_1_5_6_0.15 
                 0.2384595                  0.2384637 
[1] "done"
NULL
NULL
NULL
[1] "done"
[1] "all"
[1] -0.00416754 -0.00328587
[1] "iter: 10"
[1] 5000  177
 Lrnr_xgboost_20_1_5_1_0.3  Lrnr_xgboost_20_1_5_2_0.3 
                 1.9608775                  0.7564224 
 Lrnr_xgboost_20_1_5_3_0.3  Lrnr_xgboost_20_1_5_4_0.3 
                 0.5678832                  0.6252269 
 Lrnr_xgboost_20_1_5_5_0.3  Lrnr_xgboost_20_1_5_6_0.3 
                 0.5780350                  0.6072870 
Lrnr_xgboost_20_1_5_1_0.25 Lrnr_xgboost_20_1_5_2_0.25 
                 2.2547565                  0.8775717 
Lrnr_xgboost_20_1_5_3_0.25 Lrnr_xgboost_20_1_5_4_0.25 
                 0.6717575                  0.6419254 
Lrnr_xgboost_20_1_5_5_0.25 Lrnr_xgboost_20_1_5_6_0.25 
                 0.5989122                  0.6168152 
 Lrnr_xgboost_20_1_5_1_0.2  Lrnr_xgboost_20_1_5_2_0.2 
                 2.6752265                  1.1172563 
 Lrnr_xgboost_20_1_5_3_0.2  Lrnr_xgboost_20_1_5_4_0.2 
                 0.7625876                  0.6475326 
 Lrnr_xgboost_20_1_5_5_0.2  Lrnr_xgboost_20_1_5_6_0.2 
                 0.6146857                  0.6137523 
Lrnr_xgboost_20_1_5_1_0.15 Lrnr_xgboost_20_1_5_2_0.15 
                 3.2929548                  1.5662916 
Lrnr_xgboost_20_1_5_3_0.15 Lrnr_xgboost_20_1_5_4_0.15 
                 1.0658563                  0.8454724 
Lrnr_xgboost_20_1_5_5_0.15 Lrnr_xgboost_20_1_5_6_0.15 
                 0.7577848                  0.7080694 
 Lrnr_xgboost_20_1_5_1_0.3  Lrnr_xgboost_20_1_5_2_0.3 
                 0.4274630                  0.4100339 
 Lrnr_xgboost_20_1_5_3_0.3  Lrnr_xgboost_20_1_5_4_0.3 
                 0.4059346                  0.3923532 
 Lrnr_xgboost_20_1_5_5_0.3  Lrnr_xgboost_20_1_5_6_0.3 
                 0.3992815                  0.3997991 
Lrnr_xgboost_20_1_5_1_0.25 Lrnr_xgboost_20_1_5_2_0.25 
                 0.4528919                  0.4104742 
Lrnr_xgboost_20_1_5_3_0.25 Lrnr_xgboost_20_1_5_4_0.25 
                 0.4058775                  0.3963980 
Lrnr_xgboost_20_1_5_5_0.25 Lrnr_xgboost_20_1_5_6_0.25 
                 0.3922707                  0.3950936 
 Lrnr_xgboost_20_1_5_1_0.2  Lrnr_xgboost_20_1_5_2_0.2 
                 0.5040522                  0.4216289 
 Lrnr_xgboost_20_1_5_3_0.2  Lrnr_xgboost_20_1_5_4_0.2 
                 0.3981861                  0.3977586 
 Lrnr_xgboost_20_1_5_5_0.2  Lrnr_xgboost_20_1_5_6_0.2 
                 0.3935062                  0.3910767 
Lrnr_xgboost_20_1_5_1_0.15 Lrnr_xgboost_20_1_5_2_0.15 
                 0.6419672                  0.4656820 
Lrnr_xgboost_20_1_5_3_0.15 Lrnr_xgboost_20_1_5_4_0.15 
                 0.4393533                  0.4404580 
Lrnr_xgboost_20_1_5_5_0.15 Lrnr_xgboost_20_1_5_6_0.15 
                 0.4404175                  0.4407785 
 Lrnr_xgboost_20_1_5_1_0.3  Lrnr_xgboost_20_1_5_2_0.3 
               0.014022517                0.008081943 
 Lrnr_xgboost_20_1_5_3_0.3  Lrnr_xgboost_20_1_5_4_0.3 
               0.005525744                0.005506505 
 Lrnr_xgboost_20_1_5_5_0.3  Lrnr_xgboost_20_1_5_6_0.3 
               0.005457955                0.005467375 
Lrnr_xgboost_20_1_5_1_0.25 Lrnr_xgboost_20_1_5_2_0.25 
               0.015989837                0.009450766 
Lrnr_xgboost_20_1_5_3_0.25 Lrnr_xgboost_20_1_5_4_0.25 
               0.005609219                0.005461981 
Lrnr_xgboost_20_1_5_5_0.25 Lrnr_xgboost_20_1_5_6_0.25 
               0.005478618                0.005618639 
 Lrnr_xgboost_20_1_5_1_0.2  Lrnr_xgboost_20_1_5_2_0.2 
               0.018195403                0.011486465 
 Lrnr_xgboost_20_1_5_3_0.2  Lrnr_xgboost_20_1_5_4_0.2 
               0.005803803                0.005642354 
 Lrnr_xgboost_20_1_5_5_0.2  Lrnr_xgboost_20_1_5_6_0.2 
               0.005552289                0.005622562 
Lrnr_xgboost_20_1_5_1_0.15 Lrnr_xgboost_20_1_5_2_0.15 
               0.022453602                0.014574584 
Lrnr_xgboost_20_1_5_3_0.15 Lrnr_xgboost_20_1_5_4_0.15 
               0.006599111                0.006293814 
Lrnr_xgboost_20_1_5_5_0.15 Lrnr_xgboost_20_1_5_6_0.15 
               0.006254978                0.006225127 
[1] "done"
NULL
NULL
NULL
[1] "done"
[1] "all"
[1] -0.018885259  0.003462524
[1] "iter: 11"
[1] 5000  177
 Lrnr_xgboost_20_1_5_1_0.3  Lrnr_xgboost_20_1_5_2_0.3 
                 14.519238                   2.294419 
 Lrnr_xgboost_20_1_5_3_0.3  Lrnr_xgboost_20_1_5_4_0.3 
                  1.740827                   2.335039 
 Lrnr_xgboost_20_1_5_5_0.3  Lrnr_xgboost_20_1_5_6_0.3 
                  2.366685                   2.370126 
Lrnr_xgboost_20_1_5_1_0.25 Lrnr_xgboost_20_1_5_2_0.25 
                 17.704851                   3.264805 
Lrnr_xgboost_20_1_5_3_0.25 Lrnr_xgboost_20_1_5_4_0.25 
                  2.132336                   2.435200 
Lrnr_xgboost_20_1_5_5_0.25 Lrnr_xgboost_20_1_5_6_0.25 
                  2.615201                   2.667300 
 Lrnr_xgboost_20_1_5_1_0.2  Lrnr_xgboost_20_1_5_2_0.2 
                 25.340658                   5.365042 
 Lrnr_xgboost_20_1_5_3_0.2  Lrnr_xgboost_20_1_5_4_0.2 
                  3.049180                   3.134933 
 Lrnr_xgboost_20_1_5_5_0.2  Lrnr_xgboost_20_1_5_6_0.2 
                  3.233996                   3.253480 
Lrnr_xgboost_20_1_5_1_0.15 Lrnr_xgboost_20_1_5_2_0.15 
                 41.213147                  14.513782 
Lrnr_xgboost_20_1_5_3_0.15 Lrnr_xgboost_20_1_5_4_0.15 
                  8.953069                   8.223371 
Lrnr_xgboost_20_1_5_5_0.15 Lrnr_xgboost_20_1_5_6_0.15 
                  8.130294                   8.122661 
 Lrnr_xgboost_20_1_5_1_0.3  Lrnr_xgboost_20_1_5_2_0.3 
                  7.270220                   5.915093 
 Lrnr_xgboost_20_1_5_3_0.3  Lrnr_xgboost_20_1_5_4_0.3 
                  5.977564                   5.977353 
 Lrnr_xgboost_20_1_5_5_0.3  Lrnr_xgboost_20_1_5_6_0.3 
                  5.976677                   5.975478 
Lrnr_xgboost_20_1_5_1_0.25 Lrnr_xgboost_20_1_5_2_0.25 
                  8.751738                   5.987546 
Lrnr_xgboost_20_1_5_3_0.25 Lrnr_xgboost_20_1_5_4_0.25 
                  5.942555                   5.956754 
Lrnr_xgboost_20_1_5_5_0.25 Lrnr_xgboost_20_1_5_6_0.25 
                  5.961197                   5.960715 
 Lrnr_xgboost_20_1_5_1_0.2  Lrnr_xgboost_20_1_5_2_0.2 
                 12.651474                   6.532899 
 Lrnr_xgboost_20_1_5_3_0.2  Lrnr_xgboost_20_1_5_4_0.2 
                  6.411377                   6.399730 
 Lrnr_xgboost_20_1_5_5_0.2  Lrnr_xgboost_20_1_5_6_0.2 
                  6.401648                   6.399923 
Lrnr_xgboost_20_1_5_1_0.15 Lrnr_xgboost_20_1_5_2_0.15 
                 25.033589                  11.924745 
Lrnr_xgboost_20_1_5_3_0.15 Lrnr_xgboost_20_1_5_4_0.15 
                 11.358083                  11.335255 
Lrnr_xgboost_20_1_5_5_0.15 Lrnr_xgboost_20_1_5_6_0.15 
                 11.337909                  11.338141 
 Lrnr_xgboost_20_1_5_1_0.3  Lrnr_xgboost_20_1_5_2_0.3 
                 0.2503596                  0.2508810 
 Lrnr_xgboost_20_1_5_3_0.3  Lrnr_xgboost_20_1_5_4_0.3 
                 0.2510498                  0.2515959 
 Lrnr_xgboost_20_1_5_5_0.3  Lrnr_xgboost_20_1_5_6_0.3 
                 0.2519834                  0.2526020 
Lrnr_xgboost_20_1_5_1_0.25 Lrnr_xgboost_20_1_5_2_0.25 
                 0.2503285                  0.2507809 
Lrnr_xgboost_20_1_5_3_0.25 Lrnr_xgboost_20_1_5_4_0.25 
                 0.2509624                  0.2513014 
Lrnr_xgboost_20_1_5_5_0.25 Lrnr_xgboost_20_1_5_6_0.25 
                 0.2516654                  0.2521640 
 Lrnr_xgboost_20_1_5_1_0.2  Lrnr_xgboost_20_1_5_2_0.2 
                 0.2502165                  0.2506962 
 Lrnr_xgboost_20_1_5_3_0.2  Lrnr_xgboost_20_1_5_4_0.2 
                 0.2509436                  0.2512105 
 Lrnr_xgboost_20_1_5_5_0.2  Lrnr_xgboost_20_1_5_6_0.2 
                 0.2515488                  0.2519543 
Lrnr_xgboost_20_1_5_1_0.15 Lrnr_xgboost_20_1_5_2_0.15 
                 0.2501374                  0.2505934 
Lrnr_xgboost_20_1_5_3_0.15 Lrnr_xgboost_20_1_5_4_0.15 
                 0.2506388                  0.2509528 
Lrnr_xgboost_20_1_5_5_0.15 Lrnr_xgboost_20_1_5_6_0.15 
                 0.2511406                  0.2513858 
[1] "done"
NULL
NULL
NULL
[1] "done"
[1] "all"
[1] 0.01390227 0.03466422
[1] "iter: 12"
[1] 5000  177
 Lrnr_xgboost_20_1_5_1_0.3  Lrnr_xgboost_20_1_5_2_0.3 
                 0.1510487                  0.1509447 
 Lrnr_xgboost_20_1_5_3_0.3  Lrnr_xgboost_20_1_5_4_0.3 
                 0.1510407                  0.1510669 
 Lrnr_xgboost_20_1_5_5_0.3  Lrnr_xgboost_20_1_5_6_0.3 
                 0.1510794                  0.1510822 
Lrnr_xgboost_20_1_5_1_0.25 Lrnr_xgboost_20_1_5_2_0.25 
                 0.1514341                  0.1509594 
Lrnr_xgboost_20_1_5_3_0.25 Lrnr_xgboost_20_1_5_4_0.25 
                 0.1510009                  0.1510469 
Lrnr_xgboost_20_1_5_5_0.25 Lrnr_xgboost_20_1_5_6_0.25 
                 0.1510525                  0.1510563 
 Lrnr_xgboost_20_1_5_1_0.2  Lrnr_xgboost_20_1_5_2_0.2 
                 0.1523919                  0.1510955 
 Lrnr_xgboost_20_1_5_3_0.2  Lrnr_xgboost_20_1_5_4_0.2 
                 0.1511143                  0.1511590 
 Lrnr_xgboost_20_1_5_5_0.2  Lrnr_xgboost_20_1_5_6_0.2 
                 0.1511769                  0.1511804 
Lrnr_xgboost_20_1_5_1_0.15 Lrnr_xgboost_20_1_5_2_0.15 
                 0.1557919                  0.1530906 
Lrnr_xgboost_20_1_5_3_0.15 Lrnr_xgboost_20_1_5_4_0.15 
                 0.1529767                  0.1529812 
Lrnr_xgboost_20_1_5_5_0.15 Lrnr_xgboost_20_1_5_6_0.15 
                 0.1529892                  0.1529900 
 Lrnr_xgboost_20_1_5_1_0.3  Lrnr_xgboost_20_1_5_2_0.3 
                 0.1483307                  0.1485027 
 Lrnr_xgboost_20_1_5_3_0.3  Lrnr_xgboost_20_1_5_4_0.3 
                 0.1487606                  0.1496345 
 Lrnr_xgboost_20_1_5_5_0.3  Lrnr_xgboost_20_1_5_6_0.3 
                 0.1501293                  0.1504020 
Lrnr_xgboost_20_1_5_1_0.25 Lrnr_xgboost_20_1_5_2_0.25 
                 0.1483269                  0.1482191 
Lrnr_xgboost_20_1_5_3_0.25 Lrnr_xgboost_20_1_5_4_0.25 
                 0.1485809                  0.1491389 
Lrnr_xgboost_20_1_5_5_0.25 Lrnr_xgboost_20_1_5_6_0.25 
                 0.1495876                  0.1497620 
 Lrnr_xgboost_20_1_5_1_0.2  Lrnr_xgboost_20_1_5_2_0.2 
                 0.1488706                  0.1483549 
 Lrnr_xgboost_20_1_5_3_0.2  Lrnr_xgboost_20_1_5_4_0.2 
                 0.1485990                  0.1487987 
 Lrnr_xgboost_20_1_5_5_0.2  Lrnr_xgboost_20_1_5_6_0.2 
                 0.1491093                  0.1495681 
Lrnr_xgboost_20_1_5_1_0.15 Lrnr_xgboost_20_1_5_2_0.15 
                 0.1515881                  0.1501470 
Lrnr_xgboost_20_1_5_3_0.15 Lrnr_xgboost_20_1_5_4_0.15 
                 0.1501197                  0.1505042 
Lrnr_xgboost_20_1_5_5_0.15 Lrnr_xgboost_20_1_5_6_0.15 
                 0.1503719                  0.1505803 
 Lrnr_xgboost_20_1_5_1_0.3  Lrnr_xgboost_20_1_5_2_0.3 
                 0.2431490                  0.2433228 
 Lrnr_xgboost_20_1_5_3_0.3  Lrnr_xgboost_20_1_5_4_0.3 
                 0.2433999                  0.2436393 
 Lrnr_xgboost_20_1_5_5_0.3  Lrnr_xgboost_20_1_5_6_0.3 
                 0.2437346                  0.2437422 
Lrnr_xgboost_20_1_5_1_0.25 Lrnr_xgboost_20_1_5_2_0.25 
                 0.2430994                  0.2432745 
Lrnr_xgboost_20_1_5_3_0.25 Lrnr_xgboost_20_1_5_4_0.25 
                 0.2433813                  0.2434781 
Lrnr_xgboost_20_1_5_5_0.25 Lrnr_xgboost_20_1_5_6_0.25 
                 0.2436570                  0.2437396 
 Lrnr_xgboost_20_1_5_1_0.2  Lrnr_xgboost_20_1_5_2_0.2 
                 0.2429916                  0.2431681 
 Lrnr_xgboost_20_1_5_3_0.2  Lrnr_xgboost_20_1_5_4_0.2 
                 0.2432487                  0.2433840 
 Lrnr_xgboost_20_1_5_5_0.2  Lrnr_xgboost_20_1_5_6_0.2 
                 0.2435761                  0.2436934 
Lrnr_xgboost_20_1_5_1_0.15 Lrnr_xgboost_20_1_5_2_0.15 
                 0.2429449                  0.2430987 
Lrnr_xgboost_20_1_5_3_0.15 Lrnr_xgboost_20_1_5_4_0.15 
                 0.2432180                  0.2432881 
Lrnr_xgboost_20_1_5_5_0.15 Lrnr_xgboost_20_1_5_6_0.15 
                 0.2435736                  0.2436230 
[1] "done"
NULL
NULL
NULL
[1] "done"
[1] "all"
[1] -0.008803695 -0.008873074
[1] "iter: 13"
[1] 5000  177
 Lrnr_xgboost_20_1_5_1_0.3  Lrnr_xgboost_20_1_5_2_0.3 
                 0.1290644                  0.1293755 
 Lrnr_xgboost_20_1_5_3_0.3  Lrnr_xgboost_20_1_5_4_0.3 
                 0.1295912                  0.1299924 
 Lrnr_xgboost_20_1_5_5_0.3  Lrnr_xgboost_20_1_5_6_0.3 
                 0.1301488                  0.1303876 
Lrnr_xgboost_20_1_5_1_0.25 Lrnr_xgboost_20_1_5_2_0.25 
                 0.1290093                  0.1292924 
Lrnr_xgboost_20_1_5_3_0.25 Lrnr_xgboost_20_1_5_4_0.25 
                 0.1295379                  0.1298772 
Lrnr_xgboost_20_1_5_5_0.25 Lrnr_xgboost_20_1_5_6_0.25 
                 0.1299868                  0.1301293 
 Lrnr_xgboost_20_1_5_1_0.2  Lrnr_xgboost_20_1_5_2_0.2 
                 0.1290992                  0.1292950 
 Lrnr_xgboost_20_1_5_3_0.2  Lrnr_xgboost_20_1_5_4_0.2 
                 0.1295829                  0.1297645 
 Lrnr_xgboost_20_1_5_5_0.2  Lrnr_xgboost_20_1_5_6_0.2 
                 0.1299697                  0.1300855 
Lrnr_xgboost_20_1_5_1_0.15 Lrnr_xgboost_20_1_5_2_0.15 
                 0.1307274                  0.1308795 
Lrnr_xgboost_20_1_5_3_0.15 Lrnr_xgboost_20_1_5_4_0.15 
                 0.1311488                  0.1312706 
Lrnr_xgboost_20_1_5_5_0.15 Lrnr_xgboost_20_1_5_6_0.15 
                 0.1312258                  0.1315294 
 Lrnr_xgboost_20_1_5_1_0.3  Lrnr_xgboost_20_1_5_2_0.3 
                 0.1274605                  0.1277989 
 Lrnr_xgboost_20_1_5_3_0.3  Lrnr_xgboost_20_1_5_4_0.3 
                 0.1278945                  0.1280750 
 Lrnr_xgboost_20_1_5_5_0.3  Lrnr_xgboost_20_1_5_6_0.3 
                 0.1281463                  0.1282635 
Lrnr_xgboost_20_1_5_1_0.25 Lrnr_xgboost_20_1_5_2_0.25 
                 0.1274377                  0.1277091 
Lrnr_xgboost_20_1_5_3_0.25 Lrnr_xgboost_20_1_5_4_0.25 
                 0.1279499                  0.1280722 
Lrnr_xgboost_20_1_5_5_0.25 Lrnr_xgboost_20_1_5_6_0.25 
                 0.1282109                  0.1283073 
 Lrnr_xgboost_20_1_5_1_0.2  Lrnr_xgboost_20_1_5_2_0.2 
                 0.1275948                  0.1278971 
 Lrnr_xgboost_20_1_5_3_0.2  Lrnr_xgboost_20_1_5_4_0.2 
                 0.1280663                  0.1282384 
 Lrnr_xgboost_20_1_5_5_0.2  Lrnr_xgboost_20_1_5_6_0.2 
                 0.1282525                  0.1283061 
Lrnr_xgboost_20_1_5_1_0.15 Lrnr_xgboost_20_1_5_2_0.15 
                 0.1301633                  0.1304614 
Lrnr_xgboost_20_1_5_3_0.15 Lrnr_xgboost_20_1_5_4_0.15 
                 0.1306937                  0.1308179 
Lrnr_xgboost_20_1_5_5_0.15 Lrnr_xgboost_20_1_5_6_0.15 
                 0.1308592                  0.1309390 
 Lrnr_xgboost_20_1_5_1_0.3  Lrnr_xgboost_20_1_5_2_0.3 
                 0.2476321                  0.2483095 
 Lrnr_xgboost_20_1_5_3_0.3  Lrnr_xgboost_20_1_5_4_0.3 
                 0.2490419                  0.2492639 
 Lrnr_xgboost_20_1_5_5_0.3  Lrnr_xgboost_20_1_5_6_0.3 
                 0.2498480                  0.2499490 
Lrnr_xgboost_20_1_5_1_0.25 Lrnr_xgboost_20_1_5_2_0.25 
                 0.2474998                  0.2482181 
Lrnr_xgboost_20_1_5_3_0.25 Lrnr_xgboost_20_1_5_4_0.25 
                 0.2487002                  0.2491504 
Lrnr_xgboost_20_1_5_5_0.25 Lrnr_xgboost_20_1_5_6_0.25 
                 0.2494865                  0.2497796 
 Lrnr_xgboost_20_1_5_1_0.2  Lrnr_xgboost_20_1_5_2_0.2 
                 0.2474381                  0.2479798 
 Lrnr_xgboost_20_1_5_3_0.2  Lrnr_xgboost_20_1_5_4_0.2 
                 0.2484542                  0.2487950 
 Lrnr_xgboost_20_1_5_5_0.2  Lrnr_xgboost_20_1_5_6_0.2 
                 0.2492901                  0.2495219 
Lrnr_xgboost_20_1_5_1_0.15 Lrnr_xgboost_20_1_5_2_0.15 
                 0.2473948                  0.2476450 
Lrnr_xgboost_20_1_5_3_0.15 Lrnr_xgboost_20_1_5_4_0.15 
                 0.2481700                  0.2485715 
Lrnr_xgboost_20_1_5_5_0.15 Lrnr_xgboost_20_1_5_6_0.15 
                 0.2489302                  0.2492487 
[1] "done"
NULL
NULL
NULL
[1] "done"
[1] "all"
[1] -0.01365110 -0.01389955
[1] "iter: 14"
[1] 5000  177
 Lrnr_xgboost_20_1_5_1_0.3  Lrnr_xgboost_20_1_5_2_0.3 
                 0.1165674                  0.1166453 
 Lrnr_xgboost_20_1_5_3_0.3  Lrnr_xgboost_20_1_5_4_0.3 
                 0.1166956                  0.1169257 
 Lrnr_xgboost_20_1_5_5_0.3  Lrnr_xgboost_20_1_5_6_0.3 
                 0.1171387                  0.1171591 
Lrnr_xgboost_20_1_5_1_0.25 Lrnr_xgboost_20_1_5_2_0.25 
                 0.1165255                  0.1165423 
Lrnr_xgboost_20_1_5_3_0.25 Lrnr_xgboost_20_1_5_4_0.25 
                 0.1166616                  0.1169540 
Lrnr_xgboost_20_1_5_5_0.25 Lrnr_xgboost_20_1_5_6_0.25 
                 0.1170354                  0.1171138 
 Lrnr_xgboost_20_1_5_1_0.2  Lrnr_xgboost_20_1_5_2_0.2 
                 0.1165524                  0.1165739 
 Lrnr_xgboost_20_1_5_3_0.2  Lrnr_xgboost_20_1_5_4_0.2 
                 0.1166575                  0.1169038 
 Lrnr_xgboost_20_1_5_5_0.2  Lrnr_xgboost_20_1_5_6_0.2 
                 0.1169910                  0.1171398 
Lrnr_xgboost_20_1_5_1_0.15 Lrnr_xgboost_20_1_5_2_0.15 
                 0.1166900                  0.1167434 
Lrnr_xgboost_20_1_5_3_0.15 Lrnr_xgboost_20_1_5_4_0.15 
                 0.1167310                  0.1170139 
Lrnr_xgboost_20_1_5_5_0.15 Lrnr_xgboost_20_1_5_6_0.15 
                 0.1170673                  0.1171963 
 Lrnr_xgboost_20_1_5_1_0.3  Lrnr_xgboost_20_1_5_2_0.3 
                 0.1153467                  0.1155670 
 Lrnr_xgboost_20_1_5_3_0.3  Lrnr_xgboost_20_1_5_4_0.3 
                 0.1156425                  0.1157216 
 Lrnr_xgboost_20_1_5_5_0.3  Lrnr_xgboost_20_1_5_6_0.3 
                 0.1157417                  0.1157492 
Lrnr_xgboost_20_1_5_1_0.25 Lrnr_xgboost_20_1_5_2_0.25 
                 0.1153420                  0.1155066 
Lrnr_xgboost_20_1_5_3_0.25 Lrnr_xgboost_20_1_5_4_0.25 
                 0.1156353                  0.1156724 
Lrnr_xgboost_20_1_5_5_0.25 Lrnr_xgboost_20_1_5_6_0.25 
                 0.1157222                  0.1157656 
 Lrnr_xgboost_20_1_5_1_0.2  Lrnr_xgboost_20_1_5_2_0.2 
                 0.1153474                  0.1154567 
 Lrnr_xgboost_20_1_5_3_0.2  Lrnr_xgboost_20_1_5_4_0.2 
                 0.1156154                  0.1156725 
 Lrnr_xgboost_20_1_5_5_0.2  Lrnr_xgboost_20_1_5_6_0.2 
                 0.1157321                  0.1157456 
Lrnr_xgboost_20_1_5_1_0.15 Lrnr_xgboost_20_1_5_2_0.15 
                 0.1155270                  0.1155495 
Lrnr_xgboost_20_1_5_3_0.15 Lrnr_xgboost_20_1_5_4_0.15 
                 0.1157173                  0.1157741 
Lrnr_xgboost_20_1_5_5_0.15 Lrnr_xgboost_20_1_5_6_0.15 
                 0.1158283                  0.1158518 
 Lrnr_xgboost_20_1_5_1_0.3  Lrnr_xgboost_20_1_5_2_0.3 
                 0.2508103                  0.2508807 
 Lrnr_xgboost_20_1_5_3_0.3  Lrnr_xgboost_20_1_5_4_0.3 
                 0.2517121                  0.2528558 
 Lrnr_xgboost_20_1_5_5_0.3  Lrnr_xgboost_20_1_5_6_0.3 
                 0.2538942                  0.2545307 
Lrnr_xgboost_20_1_5_1_0.25 Lrnr_xgboost_20_1_5_2_0.25 
                 0.2508145                  0.2509100 
Lrnr_xgboost_20_1_5_3_0.25 Lrnr_xgboost_20_1_5_4_0.25 
                 0.2515440                  0.2524215 
Lrnr_xgboost_20_1_5_5_0.25 Lrnr_xgboost_20_1_5_6_0.25 
                 0.2533956                  0.2538944 
 Lrnr_xgboost_20_1_5_1_0.2  Lrnr_xgboost_20_1_5_2_0.2 
                 0.2506865                  0.2507226 
 Lrnr_xgboost_20_1_5_3_0.2  Lrnr_xgboost_20_1_5_4_0.2 
                 0.2514931                  0.2522026 
 Lrnr_xgboost_20_1_5_5_0.2  Lrnr_xgboost_20_1_5_6_0.2 
                 0.2528253                  0.2536417 
Lrnr_xgboost_20_1_5_1_0.15 Lrnr_xgboost_20_1_5_2_0.15 
                 0.2505745                  0.2506144 
Lrnr_xgboost_20_1_5_3_0.15 Lrnr_xgboost_20_1_5_4_0.15 
                 0.2510960                  0.2518227 
Lrnr_xgboost_20_1_5_5_0.15 Lrnr_xgboost_20_1_5_6_0.15 
                 0.2523796                  0.2530737 
[1] "done"
NULL
NULL
NULL
[1] "done"
[1] "all"
[1] 0.01458908 0.01479132
[1] "iter: 15"
[1] 5000  177
 Lrnr_xgboost_20_1_5_1_0.3  Lrnr_xgboost_20_1_5_2_0.3 
                 0.3642707                  0.2792857 
 Lrnr_xgboost_20_1_5_3_0.3  Lrnr_xgboost_20_1_5_4_0.3 
                 0.2729661                  0.2788479 
 Lrnr_xgboost_20_1_5_5_0.3  Lrnr_xgboost_20_1_5_6_0.3 
                 0.2794406                  0.2826398 
Lrnr_xgboost_20_1_5_1_0.25 Lrnr_xgboost_20_1_5_2_0.25 
                 0.3979676                  0.2946020 
Lrnr_xgboost_20_1_5_3_0.25 Lrnr_xgboost_20_1_5_4_0.25 
                 0.2892603                  0.2868320 
Lrnr_xgboost_20_1_5_5_0.25 Lrnr_xgboost_20_1_5_6_0.25 
                 0.2878080                  0.2913573 
 Lrnr_xgboost_20_1_5_1_0.2  Lrnr_xgboost_20_1_5_2_0.2 
                 0.4889102                  0.3333743 
 Lrnr_xgboost_20_1_5_3_0.2  Lrnr_xgboost_20_1_5_4_0.2 
                 0.3233100                  0.3268006 
 Lrnr_xgboost_20_1_5_5_0.2  Lrnr_xgboost_20_1_5_6_0.2 
                 0.3294280                  0.3317472 
Lrnr_xgboost_20_1_5_1_0.15 Lrnr_xgboost_20_1_5_2_0.15 
                 0.9815803                  0.6318992 
Lrnr_xgboost_20_1_5_3_0.15 Lrnr_xgboost_20_1_5_4_0.15 
                 0.6032295                  0.6022429 
Lrnr_xgboost_20_1_5_5_0.15 Lrnr_xgboost_20_1_5_6_0.15 
                 0.6047999                  0.6060361 
 Lrnr_xgboost_20_1_5_1_0.3  Lrnr_xgboost_20_1_5_2_0.3 
                 0.1890670                  0.1800536 
 Lrnr_xgboost_20_1_5_3_0.3  Lrnr_xgboost_20_1_5_4_0.3 
                 0.1801428                  0.1789999 
 Lrnr_xgboost_20_1_5_5_0.3  Lrnr_xgboost_20_1_5_6_0.3 
                 0.1806713                  0.1825250 
Lrnr_xgboost_20_1_5_1_0.25 Lrnr_xgboost_20_1_5_2_0.25 
                 0.2059072                  0.1805018 
Lrnr_xgboost_20_1_5_3_0.25 Lrnr_xgboost_20_1_5_4_0.25 
                 0.1794123                  0.1800988 
Lrnr_xgboost_20_1_5_5_0.25 Lrnr_xgboost_20_1_5_6_0.25 
                 0.1815498                  0.1824547 
 Lrnr_xgboost_20_1_5_1_0.2  Lrnr_xgboost_20_1_5_2_0.2 
                 0.2492934                  0.1921767 
 Lrnr_xgboost_20_1_5_3_0.2  Lrnr_xgboost_20_1_5_4_0.2 
                 0.1900532                  0.1896862 
 Lrnr_xgboost_20_1_5_5_0.2  Lrnr_xgboost_20_1_5_6_0.2 
                 0.1903425                  0.1913670 
Lrnr_xgboost_20_1_5_1_0.15 Lrnr_xgboost_20_1_5_2_0.15 
                 0.4716445                  0.3242630 
Lrnr_xgboost_20_1_5_3_0.15 Lrnr_xgboost_20_1_5_4_0.15 
                 0.3144546                  0.3143068 
Lrnr_xgboost_20_1_5_5_0.15 Lrnr_xgboost_20_1_5_6_0.15 
                 0.3148442                  0.3156983 
 Lrnr_xgboost_20_1_5_1_0.3  Lrnr_xgboost_20_1_5_2_0.3 
                 0.1874643                  0.1875235 
 Lrnr_xgboost_20_1_5_3_0.3  Lrnr_xgboost_20_1_5_4_0.3 
                 0.1875454                  0.1875437 
 Lrnr_xgboost_20_1_5_5_0.3  Lrnr_xgboost_20_1_5_6_0.3 
                 0.1875437                  0.1875437 
Lrnr_xgboost_20_1_5_1_0.25 Lrnr_xgboost_20_1_5_2_0.25 
                 0.1875072                  0.1875524 
Lrnr_xgboost_20_1_5_3_0.25 Lrnr_xgboost_20_1_5_4_0.25 
                 0.1875836                  0.1875879 
Lrnr_xgboost_20_1_5_5_0.25 Lrnr_xgboost_20_1_5_6_0.25 
                 0.1875879                  0.1875879 
 Lrnr_xgboost_20_1_5_1_0.2  Lrnr_xgboost_20_1_5_2_0.2 
                 0.1877275                  0.1875312 
 Lrnr_xgboost_20_1_5_3_0.2  Lrnr_xgboost_20_1_5_4_0.2 
                 0.1875752                  0.1875747 
 Lrnr_xgboost_20_1_5_5_0.2  Lrnr_xgboost_20_1_5_6_0.2 
                 0.1875747                  0.1875747 
Lrnr_xgboost_20_1_5_1_0.15 Lrnr_xgboost_20_1_5_2_0.15 
                 0.1886650                  0.1875989 
Lrnr_xgboost_20_1_5_3_0.15 Lrnr_xgboost_20_1_5_4_0.15 
                 0.1876587                  0.1876587 
Lrnr_xgboost_20_1_5_5_0.15 Lrnr_xgboost_20_1_5_6_0.15 
                 0.1876587                  0.1876587 
[1] "done"
NULL
NULL
NULL
[1] "done"
[1] "all"
[1] 0.01626491 0.02569716
[1] "iter: 16"
[1] 5000  177
 Lrnr_xgboost_20_1_5_1_0.3  Lrnr_xgboost_20_1_5_2_0.3 
                 0.1394530                  0.1400072 
 Lrnr_xgboost_20_1_5_3_0.3  Lrnr_xgboost_20_1_5_4_0.3 
                 0.1406708                  0.1409790 
 Lrnr_xgboost_20_1_5_5_0.3  Lrnr_xgboost_20_1_5_6_0.3 
                 0.1411821                  0.1413454 
Lrnr_xgboost_20_1_5_1_0.25 Lrnr_xgboost_20_1_5_2_0.25 
                 0.1394810                  0.1398771 
Lrnr_xgboost_20_1_5_3_0.25 Lrnr_xgboost_20_1_5_4_0.25 
                 0.1404812                  0.1409588 
Lrnr_xgboost_20_1_5_5_0.25 Lrnr_xgboost_20_1_5_6_0.25 
                 0.1410818                  0.1411574 
 Lrnr_xgboost_20_1_5_1_0.2  Lrnr_xgboost_20_1_5_2_0.2 
                 0.1396007                  0.1397906 
 Lrnr_xgboost_20_1_5_3_0.2  Lrnr_xgboost_20_1_5_4_0.2 
                 0.1401726                  0.1407445 
 Lrnr_xgboost_20_1_5_5_0.2  Lrnr_xgboost_20_1_5_6_0.2 
                 0.1408685                  0.1410246 
Lrnr_xgboost_20_1_5_1_0.15 Lrnr_xgboost_20_1_5_2_0.15 
                 0.1399363                  0.1398742 
Lrnr_xgboost_20_1_5_3_0.15 Lrnr_xgboost_20_1_5_4_0.15 
                 0.1401867                  0.1406857 
Lrnr_xgboost_20_1_5_5_0.15 Lrnr_xgboost_20_1_5_6_0.15 
                 0.1408195                  0.1408432 
 Lrnr_xgboost_20_1_5_1_0.3  Lrnr_xgboost_20_1_5_2_0.3 
                 0.1388147                  0.1398280 
 Lrnr_xgboost_20_1_5_3_0.3  Lrnr_xgboost_20_1_5_4_0.3 
                 0.1404291                  0.1415590 
 Lrnr_xgboost_20_1_5_5_0.3  Lrnr_xgboost_20_1_5_6_0.3 
                 0.1420489                  0.1426780 
Lrnr_xgboost_20_1_5_1_0.25 Lrnr_xgboost_20_1_5_2_0.25 
                 0.1387371                  0.1395173 
Lrnr_xgboost_20_1_5_3_0.25 Lrnr_xgboost_20_1_5_4_0.25 
                 0.1405175                  0.1410210 
Lrnr_xgboost_20_1_5_5_0.25 Lrnr_xgboost_20_1_5_6_0.25 
                 0.1415907                  0.1418108 
 Lrnr_xgboost_20_1_5_1_0.2  Lrnr_xgboost_20_1_5_2_0.2 
                 0.1385753                  0.1394811 
 Lrnr_xgboost_20_1_5_3_0.2  Lrnr_xgboost_20_1_5_4_0.2 
                 0.1396699                  0.1405287 
 Lrnr_xgboost_20_1_5_5_0.2  Lrnr_xgboost_20_1_5_6_0.2 
                 0.1411565                  0.1414742 
Lrnr_xgboost_20_1_5_1_0.15 Lrnr_xgboost_20_1_5_2_0.15 
                 0.1384013                  0.1392289 
Lrnr_xgboost_20_1_5_3_0.15 Lrnr_xgboost_20_1_5_4_0.15 
                 0.1395617                  0.1401133 
Lrnr_xgboost_20_1_5_5_0.15 Lrnr_xgboost_20_1_5_6_0.15 
                 0.1406151                  0.1412865 
 Lrnr_xgboost_20_1_5_1_0.3  Lrnr_xgboost_20_1_5_2_0.3 
                 0.2478473                  0.2480091 
 Lrnr_xgboost_20_1_5_3_0.3  Lrnr_xgboost_20_1_5_4_0.3 
                 0.2482957                  0.2485850 
 Lrnr_xgboost_20_1_5_5_0.3  Lrnr_xgboost_20_1_5_6_0.3 
                 0.2490293                  0.2489933 
Lrnr_xgboost_20_1_5_1_0.25 Lrnr_xgboost_20_1_5_2_0.25 
                 0.2478357                  0.2480143 
Lrnr_xgboost_20_1_5_3_0.25 Lrnr_xgboost_20_1_5_4_0.25 
                 0.2480282                  0.2482094 
Lrnr_xgboost_20_1_5_5_0.25 Lrnr_xgboost_20_1_5_6_0.25 
                 0.2485101                  0.2489323 
 Lrnr_xgboost_20_1_5_1_0.2  Lrnr_xgboost_20_1_5_2_0.2 
                 0.2479005                  0.2479348 
 Lrnr_xgboost_20_1_5_3_0.2  Lrnr_xgboost_20_1_5_4_0.2 
                 0.2479885                  0.2482518 
 Lrnr_xgboost_20_1_5_5_0.2  Lrnr_xgboost_20_1_5_6_0.2 
                 0.2485284                  0.2487147 
Lrnr_xgboost_20_1_5_1_0.15 Lrnr_xgboost_20_1_5_2_0.15 
                 0.2478725                  0.2478544 
Lrnr_xgboost_20_1_5_3_0.15 Lrnr_xgboost_20_1_5_4_0.15 
                 0.2478763                  0.2480036 
Lrnr_xgboost_20_1_5_5_0.15 Lrnr_xgboost_20_1_5_6_0.15 
                 0.2481787                  0.2485022 
[1] "done"
NULL
NULL
NULL
[1] "done"
[1] "all"
[1] 0.005881452 0.005475602
[1] "iter: 17"
[1] 5000  177
 Lrnr_xgboost_20_1_5_1_0.3  Lrnr_xgboost_20_1_5_2_0.3 
                 0.1982931                  0.1983240 
 Lrnr_xgboost_20_1_5_3_0.3  Lrnr_xgboost_20_1_5_4_0.3 
                 0.1982522                  0.1982460 
 Lrnr_xgboost_20_1_5_5_0.3  Lrnr_xgboost_20_1_5_6_0.3 
                 0.1982345                  0.1982304 
Lrnr_xgboost_20_1_5_1_0.25 Lrnr_xgboost_20_1_5_2_0.25 
                 0.1982935                  0.1983664 
Lrnr_xgboost_20_1_5_3_0.25 Lrnr_xgboost_20_1_5_4_0.25 
                 0.1983234                  0.1982786 
Lrnr_xgboost_20_1_5_5_0.25 Lrnr_xgboost_20_1_5_6_0.25 
                 0.1982871                  0.1983018 
 Lrnr_xgboost_20_1_5_1_0.2  Lrnr_xgboost_20_1_5_2_0.2 
                 0.1987975                  0.1989185 
 Lrnr_xgboost_20_1_5_3_0.2  Lrnr_xgboost_20_1_5_4_0.2 
                 0.1988762                  0.1988709 
 Lrnr_xgboost_20_1_5_5_0.2  Lrnr_xgboost_20_1_5_6_0.2 
                 0.1988712                  0.1988714 
Lrnr_xgboost_20_1_5_1_0.15 Lrnr_xgboost_20_1_5_2_0.15 
                 0.2049497                  0.2051300 
Lrnr_xgboost_20_1_5_3_0.15 Lrnr_xgboost_20_1_5_4_0.15 
                 0.2051013                  0.2050668 
Lrnr_xgboost_20_1_5_5_0.15 Lrnr_xgboost_20_1_5_6_0.15 
                 0.2050863                  0.2050598 
 Lrnr_xgboost_20_1_5_1_0.3  Lrnr_xgboost_20_1_5_2_0.3 
                 0.2142014                  0.2145860 
 Lrnr_xgboost_20_1_5_3_0.3  Lrnr_xgboost_20_1_5_4_0.3 
                 0.2147652                  0.2149062 
 Lrnr_xgboost_20_1_5_5_0.3  Lrnr_xgboost_20_1_5_6_0.3 
                 0.2149557                  0.2149877 
Lrnr_xgboost_20_1_5_1_0.25 Lrnr_xgboost_20_1_5_2_0.25 
                 0.2141539                  0.2146751 
Lrnr_xgboost_20_1_5_3_0.25 Lrnr_xgboost_20_1_5_4_0.25 
                 0.2147370                  0.2148602 
Lrnr_xgboost_20_1_5_5_0.25 Lrnr_xgboost_20_1_5_6_0.25 
                 0.2149291                  0.2149625 
 Lrnr_xgboost_20_1_5_1_0.2  Lrnr_xgboost_20_1_5_2_0.2 
                 0.2146277                  0.2151027 
 Lrnr_xgboost_20_1_5_3_0.2  Lrnr_xgboost_20_1_5_4_0.2 
                 0.2151456                  0.2152304 
 Lrnr_xgboost_20_1_5_5_0.2  Lrnr_xgboost_20_1_5_6_0.2 
                 0.2153451                  0.2153692 
Lrnr_xgboost_20_1_5_1_0.15 Lrnr_xgboost_20_1_5_2_0.15 
                 0.2203091                  0.2208649 
Lrnr_xgboost_20_1_5_3_0.15 Lrnr_xgboost_20_1_5_4_0.15 
                 0.2209122                  0.2209192 
Lrnr_xgboost_20_1_5_5_0.15 Lrnr_xgboost_20_1_5_6_0.15 
                 0.2209920                  0.2210573 
 Lrnr_xgboost_20_1_5_1_0.3  Lrnr_xgboost_20_1_5_2_0.3 
                 0.2496259                  0.2498294 
 Lrnr_xgboost_20_1_5_3_0.3  Lrnr_xgboost_20_1_5_4_0.3 
                 0.2499307                  0.2498971 
 Lrnr_xgboost_20_1_5_5_0.3  Lrnr_xgboost_20_1_5_6_0.3 
                 0.2498998                  0.2498998 
Lrnr_xgboost_20_1_5_1_0.25 Lrnr_xgboost_20_1_5_2_0.25 
                 0.2495721                  0.2498295 
Lrnr_xgboost_20_1_5_3_0.25 Lrnr_xgboost_20_1_5_4_0.25 
                 0.2499083                  0.2499010 
Lrnr_xgboost_20_1_5_5_0.25 Lrnr_xgboost_20_1_5_6_0.25 
                 0.2499020                  0.2499020 
 Lrnr_xgboost_20_1_5_1_0.2  Lrnr_xgboost_20_1_5_2_0.2 
                 0.2495053                  0.2497599 
 Lrnr_xgboost_20_1_5_3_0.2  Lrnr_xgboost_20_1_5_4_0.2 
                 0.2498806                  0.2498790 
 Lrnr_xgboost_20_1_5_5_0.2  Lrnr_xgboost_20_1_5_6_0.2 
                 0.2498814                  0.2498814 
Lrnr_xgboost_20_1_5_1_0.15 Lrnr_xgboost_20_1_5_2_0.15 
                 0.2494448                  0.2496399 
Lrnr_xgboost_20_1_5_3_0.15 Lrnr_xgboost_20_1_5_4_0.15 
                 0.2497898                  0.2498116 
Lrnr_xgboost_20_1_5_5_0.15 Lrnr_xgboost_20_1_5_6_0.15 
                 0.2498114                  0.2498114 
[1] "done"
NULL
NULL
NULL
[1] "done"
[1] "all"
[1] 0.02041376 0.02069777
[1] "iter: 18"
[1] 5000  177
 Lrnr_xgboost_20_1_5_1_0.3  Lrnr_xgboost_20_1_5_2_0.3 
                 1378348.6                   655601.0 
 Lrnr_xgboost_20_1_5_3_0.3  Lrnr_xgboost_20_1_5_4_0.3 
                  653227.8                   653226.0 
 Lrnr_xgboost_20_1_5_5_0.3  Lrnr_xgboost_20_1_5_6_0.3 
                  653232.1                   653232.1 
Lrnr_xgboost_20_1_5_1_0.25 Lrnr_xgboost_20_1_5_2_0.25 
                 8796469.8                  8078049.9 
Lrnr_xgboost_20_1_5_3_0.25 Lrnr_xgboost_20_1_5_4_0.25 
                 8071371.1                  8071372.0 
Lrnr_xgboost_20_1_5_5_0.25 Lrnr_xgboost_20_1_5_6_0.25 
                 8071378.2                  8071378.2 
 Lrnr_xgboost_20_1_5_1_0.2  Lrnr_xgboost_20_1_5_2_0.2 
                87901170.7                 87193451.8 
 Lrnr_xgboost_20_1_5_3_0.2  Lrnr_xgboost_20_1_5_4_0.2 
                87176310.2                 87176261.2 
 Lrnr_xgboost_20_1_5_5_0.2  Lrnr_xgboost_20_1_5_6_0.2 
                87176264.0                 87176264.0 
Lrnr_xgboost_20_1_5_1_0.15 Lrnr_xgboost_20_1_5_2_0.15 
               825517089.4                824834498.8 
Lrnr_xgboost_20_1_5_3_0.15 Lrnr_xgboost_20_1_5_4_0.15 
               824793704.9                824793579.3 
Lrnr_xgboost_20_1_5_5_0.15 Lrnr_xgboost_20_1_5_6_0.15 
               824793581.9                824793581.9 
 Lrnr_xgboost_20_1_5_1_0.3  Lrnr_xgboost_20_1_5_2_0.3 
                 2357.8223                   770.3840 
 Lrnr_xgboost_20_1_5_3_0.3  Lrnr_xgboost_20_1_5_4_0.3 
                  722.6651                   741.1472 
 Lrnr_xgboost_20_1_5_5_0.3  Lrnr_xgboost_20_1_5_6_0.3 
                  760.0321                   764.2085 
Lrnr_xgboost_20_1_5_1_0.25 Lrnr_xgboost_20_1_5_2_0.25 
                 5119.9706                  1052.5231 
Lrnr_xgboost_20_1_5_3_0.25 Lrnr_xgboost_20_1_5_4_0.25 
                  965.0610                   995.0933 
Lrnr_xgboost_20_1_5_5_0.25 Lrnr_xgboost_20_1_5_6_0.25 
                 1012.5309                  1013.2377 
 Lrnr_xgboost_20_1_5_1_0.2  Lrnr_xgboost_20_1_5_2_0.2 
                14012.6538                  4035.8582 
 Lrnr_xgboost_20_1_5_3_0.2  Lrnr_xgboost_20_1_5_4_0.2 
                 3805.0489                  3786.1450 
 Lrnr_xgboost_20_1_5_5_0.2  Lrnr_xgboost_20_1_5_6_0.2 
                 3787.3753                  3788.1471 
Lrnr_xgboost_20_1_5_1_0.15 Lrnr_xgboost_20_1_5_2_0.15 
                59662.0024                 35245.8961 
Lrnr_xgboost_20_1_5_3_0.15 Lrnr_xgboost_20_1_5_4_0.15 
                34293.1780                 34253.9127 
Lrnr_xgboost_20_1_5_5_0.15 Lrnr_xgboost_20_1_5_6_0.15 
                34253.9071                 34254.5500 
 Lrnr_xgboost_20_1_5_1_0.3  Lrnr_xgboost_20_1_5_2_0.3 
                 0.2112052                  0.2055127 
 Lrnr_xgboost_20_1_5_3_0.3  Lrnr_xgboost_20_1_5_4_0.3 
                 0.2036400                  0.2054706 
 Lrnr_xgboost_20_1_5_5_0.3  Lrnr_xgboost_20_1_5_6_0.3 
                 0.2062469                  0.2074473 
Lrnr_xgboost_20_1_5_1_0.25 Lrnr_xgboost_20_1_5_2_0.25 
                 0.2130519                  0.2059365 
Lrnr_xgboost_20_1_5_3_0.25 Lrnr_xgboost_20_1_5_4_0.25 
                 0.2041723                  0.2039960 
Lrnr_xgboost_20_1_5_5_0.25 Lrnr_xgboost_20_1_5_6_0.25 
                 0.2049667                  0.2064144 
 Lrnr_xgboost_20_1_5_1_0.2  Lrnr_xgboost_20_1_5_2_0.2 
                 0.2157034                  0.2070558 
 Lrnr_xgboost_20_1_5_3_0.2  Lrnr_xgboost_20_1_5_4_0.2 
                 0.2049363                  0.2041567 
 Lrnr_xgboost_20_1_5_5_0.2  Lrnr_xgboost_20_1_5_6_0.2 
                 0.2046007                  0.2055144 
Lrnr_xgboost_20_1_5_1_0.15 Lrnr_xgboost_20_1_5_2_0.15 
                 0.2194869                  0.2093728 
Lrnr_xgboost_20_1_5_3_0.15 Lrnr_xgboost_20_1_5_4_0.15 
                 0.2059456                  0.2046479 
Lrnr_xgboost_20_1_5_5_0.15 Lrnr_xgboost_20_1_5_6_0.15 
                 0.2043046                  0.2044557 
[1] "done"
NULL
NULL
NULL
[1] "done"
[1] "all"
[1] 24658.82 24695.70
[1] "iter: 19"
[1] 5000  177
 Lrnr_xgboost_20_1_5_1_0.3  Lrnr_xgboost_20_1_5_2_0.3 
                  521556.4                   409580.4 
 Lrnr_xgboost_20_1_5_3_0.3  Lrnr_xgboost_20_1_5_4_0.3 
                  409504.9                   409523.0 
 Lrnr_xgboost_20_1_5_5_0.3  Lrnr_xgboost_20_1_5_6_0.3 
                  409528.0                   409526.3 
Lrnr_xgboost_20_1_5_1_0.25 Lrnr_xgboost_20_1_5_2_0.25 
                 6421221.5                  6303728.5 
Lrnr_xgboost_20_1_5_3_0.25 Lrnr_xgboost_20_1_5_4_0.25 
                 6303360.8                  6303386.5 
Lrnr_xgboost_20_1_5_5_0.25 Lrnr_xgboost_20_1_5_6_0.25 
                 6303392.0                  6303392.0 
 Lrnr_xgboost_20_1_5_1_0.2  Lrnr_xgboost_20_1_5_2_0.2 
                81654804.8                 81538230.8 
 Lrnr_xgboost_20_1_5_3_0.2  Lrnr_xgboost_20_1_5_4_0.2 
                81536977.0                 81536985.0 
 Lrnr_xgboost_20_1_5_5_0.2  Lrnr_xgboost_20_1_5_6_0.2 
                81536977.5                 81536977.5 
Lrnr_xgboost_20_1_5_1_0.15 Lrnr_xgboost_20_1_5_2_0.15 
               904330151.1                904216154.7 
Lrnr_xgboost_20_1_5_3_0.15 Lrnr_xgboost_20_1_5_4_0.15 
               904212649.6                904212517.1 
Lrnr_xgboost_20_1_5_5_0.15 Lrnr_xgboost_20_1_5_6_0.15 
               904212516.1                904212516.0 
 Lrnr_xgboost_20_1_5_1_0.3  Lrnr_xgboost_20_1_5_2_0.3 
                  367.4266                   277.4604 
 Lrnr_xgboost_20_1_5_3_0.3  Lrnr_xgboost_20_1_5_4_0.3 
                  275.4373                   276.8214 
 Lrnr_xgboost_20_1_5_5_0.3  Lrnr_xgboost_20_1_5_6_0.3 
                  276.7305                   276.7375 
Lrnr_xgboost_20_1_5_1_0.25 Lrnr_xgboost_20_1_5_2_0.25 
                  450.8396                   283.7053 
Lrnr_xgboost_20_1_5_3_0.25 Lrnr_xgboost_20_1_5_4_0.25 
                  280.3017                   281.6072 
Lrnr_xgboost_20_1_5_5_0.25 Lrnr_xgboost_20_1_5_6_0.25 
                  281.6107                   281.6239 
 Lrnr_xgboost_20_1_5_1_0.2  Lrnr_xgboost_20_1_5_2_0.2 
                  620.9629                   306.9466 
 Lrnr_xgboost_20_1_5_3_0.2  Lrnr_xgboost_20_1_5_4_0.2 
                  298.0789                   296.4435 
 Lrnr_xgboost_20_1_5_5_0.2  Lrnr_xgboost_20_1_5_6_0.2 
                  296.3710                   296.3877 
Lrnr_xgboost_20_1_5_1_0.15 Lrnr_xgboost_20_1_5_2_0.15 
                 1088.6809                   404.1306 
Lrnr_xgboost_20_1_5_3_0.15 Lrnr_xgboost_20_1_5_4_0.15 
                  365.3449                   358.6412 
Lrnr_xgboost_20_1_5_5_0.15 Lrnr_xgboost_20_1_5_6_0.15 
                  358.5151                   358.5284 
 Lrnr_xgboost_20_1_5_1_0.3  Lrnr_xgboost_20_1_5_2_0.3 
                0.08270944                 0.07123200 
 Lrnr_xgboost_20_1_5_3_0.3  Lrnr_xgboost_20_1_5_4_0.3 
                0.06854459                 0.06938357 
 Lrnr_xgboost_20_1_5_5_0.3  Lrnr_xgboost_20_1_5_6_0.3 
                0.07015153                 0.07128238 
Lrnr_xgboost_20_1_5_1_0.25 Lrnr_xgboost_20_1_5_2_0.25 
                0.08660398                 0.07291274 
Lrnr_xgboost_20_1_5_3_0.25 Lrnr_xgboost_20_1_5_4_0.25 
                0.06884506                 0.06856256 
Lrnr_xgboost_20_1_5_5_0.25 Lrnr_xgboost_20_1_5_6_0.25 
                0.06912487                 0.07036261 
 Lrnr_xgboost_20_1_5_1_0.2  Lrnr_xgboost_20_1_5_2_0.2 
                0.09040715                 0.07631846 
 Lrnr_xgboost_20_1_5_3_0.2  Lrnr_xgboost_20_1_5_4_0.2 
                0.06985718                 0.06857370 
 Lrnr_xgboost_20_1_5_5_0.2  Lrnr_xgboost_20_1_5_6_0.2 
                0.06898256                 0.07001692 
Lrnr_xgboost_20_1_5_1_0.15 Lrnr_xgboost_20_1_5_2_0.15 
                0.09639420                 0.08145991 
Lrnr_xgboost_20_1_5_3_0.15 Lrnr_xgboost_20_1_5_4_0.15 
                0.07173740                 0.06928803 
Lrnr_xgboost_20_1_5_5_0.15 Lrnr_xgboost_20_1_5_6_0.15 
                0.06910389                 0.06984436 
[1] "done"
NULL
NULL
NULL
[1] "done"
[1] "all"
[1] 86148.61 86251.93
[1] "iter: 20"
[1] 5000  177
 Lrnr_xgboost_20_1_5_1_0.3  Lrnr_xgboost_20_1_5_2_0.3 
                  12997607                   12960842 
 Lrnr_xgboost_20_1_5_3_0.3  Lrnr_xgboost_20_1_5_4_0.3 
                  13040247                   13025206 
 Lrnr_xgboost_20_1_5_5_0.3  Lrnr_xgboost_20_1_5_6_0.3 
                  13025186                   13025237 
Lrnr_xgboost_20_1_5_1_0.25 Lrnr_xgboost_20_1_5_2_0.25 
                  13053828                   13020650 
Lrnr_xgboost_20_1_5_3_0.25 Lrnr_xgboost_20_1_5_4_0.25 
                  12989913                   12993388 
Lrnr_xgboost_20_1_5_5_0.25 Lrnr_xgboost_20_1_5_6_0.25 
                  12991815                   12991713 
 Lrnr_xgboost_20_1_5_1_0.2  Lrnr_xgboost_20_1_5_2_0.2 
                  13818712                   13729037 
 Lrnr_xgboost_20_1_5_3_0.2  Lrnr_xgboost_20_1_5_4_0.2 
                  13702670                   13751140 
 Lrnr_xgboost_20_1_5_5_0.2  Lrnr_xgboost_20_1_5_6_0.2 
                  13750832                   13750526 
Lrnr_xgboost_20_1_5_1_0.15 Lrnr_xgboost_20_1_5_2_0.15 
                  22202900                   22005988 
Lrnr_xgboost_20_1_5_3_0.15 Lrnr_xgboost_20_1_5_4_0.15 
                  22014701                   22015708 
Lrnr_xgboost_20_1_5_5_0.15 Lrnr_xgboost_20_1_5_6_0.15 
                  22220219                   22220201 
 Lrnr_xgboost_20_1_5_1_0.3  Lrnr_xgboost_20_1_5_2_0.3 
                 0.7779134                  0.5303705 
 Lrnr_xgboost_20_1_5_3_0.3  Lrnr_xgboost_20_1_5_4_0.3 
                 0.5038760                  0.5019864 
 Lrnr_xgboost_20_1_5_5_0.3  Lrnr_xgboost_20_1_5_6_0.3 
                 0.5180234                  0.5185235 
Lrnr_xgboost_20_1_5_1_0.25 Lrnr_xgboost_20_1_5_2_0.25 
                 0.9048783                  0.5920470 
Lrnr_xgboost_20_1_5_3_0.25 Lrnr_xgboost_20_1_5_4_0.25 
                 0.5171090                  0.4938283 
Lrnr_xgboost_20_1_5_5_0.25 Lrnr_xgboost_20_1_5_6_0.25 
                 0.5219480                  0.5178862 
 Lrnr_xgboost_20_1_5_1_0.2  Lrnr_xgboost_20_1_5_2_0.2 
                 1.1316925                  0.6337120 
 Lrnr_xgboost_20_1_5_3_0.2  Lrnr_xgboost_20_1_5_4_0.2 
                 0.5484937                  0.5331437 
 Lrnr_xgboost_20_1_5_5_0.2  Lrnr_xgboost_20_1_5_6_0.2 
                 0.5369999                  0.5383326 
Lrnr_xgboost_20_1_5_1_0.15 Lrnr_xgboost_20_1_5_2_0.15 
                 1.4908952                  0.7886248 
Lrnr_xgboost_20_1_5_3_0.15 Lrnr_xgboost_20_1_5_4_0.15 
                 0.6266342                  0.5872648 
Lrnr_xgboost_20_1_5_5_0.15 Lrnr_xgboost_20_1_5_6_0.15 
                 0.5900784                  0.5845980 
