LOADING R
R LOADED
[1] "/home/lvanderl/Rlibs2"                         
[2] "/app/software/R/4.3.1-gfbf-2022b/lib/R/library"
[1] "/home/lvanderl/sieveSims"
[1] "acic2017_23"
  [1]   1   2   3   4   5   6   7   8   9  10  11  12  13  14  15  16  17  18
 [19]  19  20  21  22  23  24  25  26  27  28  29  30  31  32  33  34  35  36
 [37]  37  38  39  40  41  42  43  44  45  46  47  48  49  50  51  52  53  54
 [55]  55  56  57  58  59  60  61  62  63  64  65  66  67  68  69  70  71  72
 [73]  73  74  75  76  77  78  79  80  81  82  83  84  85  86  87  88  89  90
 [91]  91  92  93  94  95  96  97  98  99 100 101 102 103 104 105 106 107 108
[109] 109 110 111 112 113 114 115 116 117 118 119 120 121 122 123 124 125 126
[127] 127 128 129 130 131 132 133 134 135 136 137 138 139 140 141 142 143 144
[145] 145 146 147 148 149 150 151 152 153 154 155 156 157 158 159 160 161 162
[163] 163 164 165 166 167 168 169 170 171 172 173 174 175 176 177 178 179 180
[181] 181 182 183 184 185 186 187 188 189 190 191 192 193 194 195 196 197 198
[199] 199 200 201 202 203 204 205 206 207 208 209 210 211 212 213 214 215 216
[217] 217 218 219 220 221 222 223 224 225 226 227 228 229 230 231 232 233 234
[235] 235 236 237 238 239 240 241 242 243 244 245 246 247 248 249 250
[1] "iter: 1"
[1] 23
[1] 4302   58
Lrnr_xgboost_10_1_10_3_0.2 Lrnr_xgboost_10_1_10_4_0.2 
                  3.383992                   3.389875 
Lrnr_xgboost_10_1_10_5_0.2 Lrnr_xgboost_10_1_10_6_0.2 
                  3.421129                   3.454605 
Lrnr_xgboost_20_1_10_3_0.2 Lrnr_xgboost_20_1_10_4_0.2 
                  3.376000                   3.398357 
Lrnr_xgboost_20_1_10_5_0.2 Lrnr_xgboost_20_1_10_6_0.2 
                  3.443345                   3.500467 
Lrnr_xgboost_30_1_10_3_0.2 Lrnr_xgboost_30_1_10_4_0.2 
                  3.392648                   3.423802 
Lrnr_xgboost_30_1_10_5_0.2 Lrnr_xgboost_30_1_10_6_0.2 
                  3.476587                   3.530465 
Lrnr_xgboost_10_1_10_3_0.2 Lrnr_xgboost_10_1_10_4_0.2 
                  3.857652                   3.788136 
Lrnr_xgboost_10_1_10_5_0.2 Lrnr_xgboost_10_1_10_6_0.2 
                  3.802479                   3.851407 
Lrnr_xgboost_20_1_10_3_0.2 Lrnr_xgboost_20_1_10_4_0.2 
                  3.712847                   3.766800 
Lrnr_xgboost_20_1_10_5_0.2 Lrnr_xgboost_20_1_10_6_0.2 
                  3.824178                   3.904543 
Lrnr_xgboost_30_1_10_3_0.2 Lrnr_xgboost_30_1_10_4_0.2 
                  3.735542                   3.825667 
Lrnr_xgboost_30_1_10_5_0.2 Lrnr_xgboost_30_1_10_6_0.2 
                  3.859288                   3.949900 
Lrnr_xgboost_10_1_10_3_0.2 Lrnr_xgboost_10_1_10_4_0.2 
                 0.2272149                  0.2270358 
Lrnr_xgboost_10_1_10_5_0.2 Lrnr_xgboost_10_1_10_6_0.2 
                 0.2274679                  0.2284034 
Lrnr_xgboost_20_1_10_3_0.2 Lrnr_xgboost_20_1_10_4_0.2 
                 0.2268076                  0.2275182 
Lrnr_xgboost_20_1_10_5_0.2 Lrnr_xgboost_20_1_10_6_0.2 
                 0.2279263                  0.2291338 
Lrnr_xgboost_30_1_10_3_0.2 Lrnr_xgboost_30_1_10_4_0.2 
                 0.2270866                  0.2280307 
Lrnr_xgboost_30_1_10_5_0.2 Lrnr_xgboost_30_1_10_6_0.2 
                 0.2285994                  0.2294895 
[1] "done"
NULL
NULL
NULL
[1] "done"
[1] "all"
[1] -0.05793906 -0.07599466
[1] "iter: 2"
[1] 23
[1] 4302   58
Lrnr_xgboost_10_1_10_3_0.2 Lrnr_xgboost_10_1_10_4_0.2 
                  3.534677                   3.557278 
Lrnr_xgboost_10_1_10_5_0.2 Lrnr_xgboost_10_1_10_6_0.2 
                  3.603944                   3.639387 
Lrnr_xgboost_20_1_10_3_0.2 Lrnr_xgboost_20_1_10_4_0.2 
                  3.542974                   3.579462 
Lrnr_xgboost_20_1_10_5_0.2 Lrnr_xgboost_20_1_10_6_0.2 
                  3.641609                   3.690587 
Lrnr_xgboost_30_1_10_3_0.2 Lrnr_xgboost_30_1_10_4_0.2 
                  3.560484                   3.604068 
Lrnr_xgboost_30_1_10_5_0.2 Lrnr_xgboost_30_1_10_6_0.2 
                  3.669145                   3.717865 
Lrnr_xgboost_10_1_10_3_0.2 Lrnr_xgboost_10_1_10_4_0.2 
                  3.669481                   3.611429 
Lrnr_xgboost_10_1_10_5_0.2 Lrnr_xgboost_10_1_10_6_0.2 
                  3.588345                   3.652575 
Lrnr_xgboost_20_1_10_3_0.2 Lrnr_xgboost_20_1_10_4_0.2 
                  3.476808                   3.531068 
Lrnr_xgboost_20_1_10_5_0.2 Lrnr_xgboost_20_1_10_6_0.2 
                  3.554544                   3.674363 
Lrnr_xgboost_30_1_10_3_0.2 Lrnr_xgboost_30_1_10_4_0.2 
                  3.482333                   3.526055 
Lrnr_xgboost_30_1_10_5_0.2 Lrnr_xgboost_30_1_10_6_0.2 
                  3.584165                   3.688315 
Lrnr_xgboost_10_1_10_3_0.2 Lrnr_xgboost_10_1_10_4_0.2 
                 0.2273145                  0.2273057 
Lrnr_xgboost_10_1_10_5_0.2 Lrnr_xgboost_10_1_10_6_0.2 
                 0.2285604                  0.2286802 
Lrnr_xgboost_20_1_10_3_0.2 Lrnr_xgboost_20_1_10_4_0.2 
                 0.2276863                  0.2283917 
Lrnr_xgboost_20_1_10_5_0.2 Lrnr_xgboost_20_1_10_6_0.2 
                 0.2293567                  0.2302029 
Lrnr_xgboost_30_1_10_3_0.2 Lrnr_xgboost_30_1_10_4_0.2 
                 0.2281825                  0.2291975 
Lrnr_xgboost_30_1_10_5_0.2 Lrnr_xgboost_30_1_10_6_0.2 
                 0.2300709                  0.2312906 
[1] "done"
NULL
NULL
NULL
[1] "done"
[1] "all"
[1] -0.0508878 -0.1102313
[1] "iter: 3"
[1] 23
[1] 4302   58
Lrnr_xgboost_10_1_10_3_0.2 Lrnr_xgboost_10_1_10_4_0.2 
                  3.458968                   3.465637 
Lrnr_xgboost_10_1_10_5_0.2 Lrnr_xgboost_10_1_10_6_0.2 
                  3.477311                   3.514632 
Lrnr_xgboost_20_1_10_3_0.2 Lrnr_xgboost_20_1_10_4_0.2 
                  3.448678                   3.461994 
Lrnr_xgboost_20_1_10_5_0.2 Lrnr_xgboost_20_1_10_6_0.2 
                  3.503363                   3.543678 
Lrnr_xgboost_30_1_10_3_0.2 Lrnr_xgboost_30_1_10_4_0.2 
                  3.455890                   3.478934 
Lrnr_xgboost_30_1_10_5_0.2 Lrnr_xgboost_30_1_10_6_0.2 
                  3.518658                   3.561946 
Lrnr_xgboost_10_1_10_3_0.2 Lrnr_xgboost_10_1_10_4_0.2 
                  4.071664                   3.954510 
Lrnr_xgboost_10_1_10_5_0.2 Lrnr_xgboost_10_1_10_6_0.2 
                  3.977398                   4.015978 
Lrnr_xgboost_20_1_10_3_0.2 Lrnr_xgboost_20_1_10_4_0.2 
                  3.887576                   3.903855 
Lrnr_xgboost_20_1_10_5_0.2 Lrnr_xgboost_20_1_10_6_0.2 
                  3.975222                   4.050585 
Lrnr_xgboost_30_1_10_3_0.2 Lrnr_xgboost_30_1_10_4_0.2 
                  3.875354                   3.913064 
Lrnr_xgboost_30_1_10_5_0.2 Lrnr_xgboost_30_1_10_6_0.2 
                  4.023719                   4.084527 
Lrnr_xgboost_10_1_10_3_0.2 Lrnr_xgboost_10_1_10_4_0.2 
                 0.2264274                  0.2265983 
Lrnr_xgboost_10_1_10_5_0.2 Lrnr_xgboost_10_1_10_6_0.2 
                 0.2265215                  0.2267647 
Lrnr_xgboost_20_1_10_3_0.2 Lrnr_xgboost_20_1_10_4_0.2 
                 0.2259258                  0.2265032 
Lrnr_xgboost_20_1_10_5_0.2 Lrnr_xgboost_20_1_10_6_0.2 
                 0.2269152                  0.2272567 
Lrnr_xgboost_30_1_10_3_0.2 Lrnr_xgboost_30_1_10_4_0.2 
                 0.2261561                  0.2270100 
Lrnr_xgboost_30_1_10_5_0.2 Lrnr_xgboost_30_1_10_6_0.2 
                 0.2276947                  0.2279609 
[1] "done"
NULL
NULL
NULL
[1] "done"
[1] "all"
[1] -0.03857506 -0.04245421
[1] "iter: 4"
[1] 23
[1] 4302   58
