LOADING R
R LOADED
[1] "/home/lvanderl/Rlibs2"                         
[2] "/app/software/R/4.3.1-gfbf-2022b/lib/R/library"
[1] "/home/lvanderl/sieveSims"
[1] "iter: 1"
[1] "Lrnr_cv"
[1] "Lrnr_earth_2_3_backward_0_1_0_0_binomial_100"
[1] "Lrnr_cv_selector_NULL"
[1] "Lrnr_cv"
[1] "Lrnr_earth_2_3_backward_0_1_0_0_binomial_100"
[1] "Lrnr_cv_selector_NULL"
predictions 
  0.1450349 
[1] "done"
[1] "Lrnr_cv"
[1] "Lrnr_gam_Y~s(W1, k = 40, bs='bs',m=c(1,1)) + s(W2, k = 40, bs='bs',m=c(1,1)) + s(W3, k = 40, bs='bs',m=c(1,1))_binomial_GCV.Cp"
[1] "Lrnr_cv_selector_NULL"
[1] "Lrnr_cv"
[1] "Lrnr_gam_A~s(W1, k = 40, bs='bs',m=c(1,1)) + s(W2, k = 40, bs='bs',m=c(1,1)) + s(W3, k = 40, bs='bs',m=c(1,1))_binomial_GCV.Cp"
[1] "Lrnr_cv_selector_NULL"
predictions 
  0.1427871 
[1] "done"
[1] "Lrnr_cv"
[1] "Lrnr_xgboost_20_1_5_6_0.25" "Lrnr_xgboost_20_1_5_4_0.25"
[3] "Lrnr_xgboost_20_1_5_5_0.25"
[1] "Lrnr_cv_selector_NULL"
[1] "Lrnr_cv"
[1] "Lrnr_xgboost_20_1_5_6_0.25" "Lrnr_xgboost_20_1_5_4_0.25"
[3] "Lrnr_xgboost_20_1_5_5_0.25"
[1] "Lrnr_cv_selector_NULL"
Lrnr_xgboost_20_1_5_6_0.25 Lrnr_xgboost_20_1_5_4_0.25 
                 0.1498467                  0.1454328 
Lrnr_xgboost_20_1_5_5_0.25 
                 0.1480752 
[1] "done"
[1] "Lrnr_cv"
[1] "Lrnr_ranger_500_TRUE_none_1_10_10"
[1] "Lrnr_cv_selector_NULL"
[1] "Lrnr_cv"
[1] "Lrnr_ranger_500_TRUE_none_1_10_10"
[1] "Lrnr_cv_selector_NULL"
predictions 
  0.1475758 
[1] "done"
[1] "Lrnr_cv"
[1] "Lrnr_mean"
[1] "Lrnr_cv"
[1] "Lrnr_mean"
NULL
[1] "done"
[1] "earth"
[1] "gam_1"
[1] "xgboost"
[1] "rf"
[1] "iter: 2"
[1] "Lrnr_cv"
[1] "Lrnr_earth_2_3_backward_0_1_0_0_binomial_100"
[1] "Lrnr_cv_selector_NULL"
[1] "Lrnr_cv"
[1] "Lrnr_earth_2_3_backward_0_1_0_0_binomial_100"
[1] "Lrnr_cv_selector_NULL"
predictions 
  0.1465801 
[1] "done"
[1] "Lrnr_cv"
[1] "Lrnr_gam_Y~s(W1, k = 40, bs='bs',m=c(1,1)) + s(W2, k = 40, bs='bs',m=c(1,1)) + s(W3, k = 40, bs='bs',m=c(1,1))_binomial_GCV.Cp"
[1] "Lrnr_cv_selector_NULL"
[1] "Lrnr_cv"
[1] "Lrnr_gam_A~s(W1, k = 40, bs='bs',m=c(1,1)) + s(W2, k = 40, bs='bs',m=c(1,1)) + s(W3, k = 40, bs='bs',m=c(1,1))_binomial_GCV.Cp"
[1] "Lrnr_cv_selector_NULL"
predictions 
  0.1442882 
[1] "done"
[1] "Lrnr_cv"
[1] "Lrnr_xgboost_20_1_5_6_0.25" "Lrnr_xgboost_20_1_5_4_0.25"
[3] "Lrnr_xgboost_20_1_5_5_0.25"
[1] "Lrnr_cv_selector_NULL"
[1] "Lrnr_cv"
[1] "Lrnr_xgboost_20_1_5_6_0.25" "Lrnr_xgboost_20_1_5_4_0.25"
[3] "Lrnr_xgboost_20_1_5_5_0.25"
[1] "Lrnr_cv_selector_NULL"
Lrnr_xgboost_20_1_5_6_0.25 Lrnr_xgboost_20_1_5_4_0.25 
                 0.1531513                  0.1489037 
Lrnr_xgboost_20_1_5_5_0.25 
                 0.1519148 
[1] "done"
[1] "Lrnr_cv"
[1] "Lrnr_ranger_500_TRUE_none_1_10_10"
[1] "Lrnr_cv_selector_NULL"
[1] "Lrnr_cv"
[1] "Lrnr_ranger_500_TRUE_none_1_10_10"
[1] "Lrnr_cv_selector_NULL"
predictions 
  0.1508686 
[1] "done"
[1] "Lrnr_cv"
[1] "Lrnr_mean"
[1] "Lrnr_cv"
[1] "Lrnr_mean"
NULL
[1] "done"
[1] "earth"
[1] "gam_1"
[1] "xgboost"
