LOADING R
R LOADED
[1] "/home/lvanderl/Rlibs2"                         
[2] "/app/software/R/4.3.1-gfbf-2022b/lib/R/library"
[1] "/home/lvanderl/sieveSims"
[1] "lalonde_psid"
[1] "iter: 0"
[1] "Lrnr_cv"
[1] "Lrnr_earth_2_3_backward_0_1_0_0_100"    
[2] "Lrnr_gam_NULL_NULL_GCV.Cp"              
[3] "Lrnr_glmnet_NULL_deviance_10_1_100_TRUE"
[1] "Lrnr_cv_selector_NULL"
[1] "Lrnr_cv"
[1] "Lrnr_earth_2_3_backward_0_1_0_0_100"    
[2] "Lrnr_gam_NULL_NULL_GCV.Cp"              
[3] "Lrnr_glmnet_NULL_deviance_10_1_100_TRUE"
[1] "Lrnr_cv_selector_NULL"
    Lrnr_earth_2_3_backward_0_1_0_0_100               Lrnr_gam_NULL_NULL_GCV.Cp 
                             0.04856772                              0.04162942 
Lrnr_glmnet_NULL_deviance_10_1_100_TRUE 
                             0.04171829 
[1] "done"
[1] "Lrnr_cv"
[1] "Lrnr_xgboost_20_1_15_2_0.2" "Lrnr_xgboost_20_1_15_3_0.2"
[3] "Lrnr_xgboost_20_1_15_4_0.2" "Lrnr_xgboost_20_1_15_5_0.2"
[1] "Lrnr_cv_selector_NULL"
[1] "Lrnr_cv"
[1] "Lrnr_xgboost_20_1_15_2_0.2" "Lrnr_xgboost_20_1_15_3_0.2"
[3] "Lrnr_xgboost_20_1_15_4_0.2" "Lrnr_xgboost_20_1_15_5_0.2"
[1] "Lrnr_cv_selector_NULL"
Lrnr_xgboost_20_1_15_2_0.2 Lrnr_xgboost_20_1_15_3_0.2 
                0.04138775                 0.04169957 
Lrnr_xgboost_20_1_15_4_0.2 Lrnr_xgboost_20_1_15_5_0.2 
                0.04191756                 0.04189427 
[1] "done"
[1] "Lrnr_cv"
[1] "Lrnr_ranger_500_TRUE_none_1_10"
[1] "Lrnr_cv_selector_NULL"
[1] "Lrnr_cv"
[1] "Lrnr_ranger_500_TRUE_none_1_10"
[1] "Lrnr_cv_selector_NULL"
predictions 
 0.04185091 
[1] "done"
[1] "Lrnr_cv"
[1] "Lrnr_mean"
[1] "Lrnr_cv"
[1] "Lrnr_mean"
NULL
[1] "done"
[1] "gam_1"
[1] "xgboost"
[1] "rf"
