LOADING R
R LOADED
[1] "/home/lvanderl/Rlibs2"                         
[2] "/app/software/R/4.3.1-gfbf-2022b/lib/R/library"
[1] "/home/lvanderl/sieveSims"
[1] "acic2017_24"
  [1]   1   2   3   4   5   6   7   8   9  10  11  12  13  14  15  16  17  18
 [19]  19  20  21  22  23  24  25  26  27  28  29  30  31  32  33  34  35  36
 [37]  37  38  39  40  41  42  43  44  45  46  47  48  49  50  51  52  53  54
 [55]  55  56  57  58  59  60  61  62  63  64  65  66  67  68  69  70  71  72
 [73]  73  74  75  76  77  78  79  80  81  82  83  84  85  86  87  88  89  90
 [91]  91  92  93  94  95  96  97  98  99 100 101 102 103 104 105 106 107 108
[109] 109 110 111 112 113 114 115 116 117 118 119 120 121 122 123 124 125 126
[127] 127 128 129 130 131 132 133 134 135 136 137 138 139 140 141 142 143 144
[145] 145 146 147 148 149 150 151 152 153 154 155 156 157 158 159 160 161 162
[163] 163 164 165 166 167 168 169 170 171 172 173 174 175 176 177 178 179 180
[181] 181 182 183 184 185 186 187 188 189 190 191 192 193 194 195 196 197 198
[199] 199 200 201 202 203 204 205 206 207 208 209 210 211 212 213 214 215 216
[217] 217 218 219 220 221 222 223 224 225 226 227 228 229 230 231 232 233 234
[235] 235 236 237 238 239 240 241 242 243 244 245 246 247 248 249 250
[1] "iter: 1"
[1] 24
[1] 4302   58
 Lrnr_xgboost_20_1_5_1_0.3  Lrnr_xgboost_20_1_5_2_0.3 
                  3.787755                   3.706091 
 Lrnr_xgboost_20_1_5_3_0.3  Lrnr_xgboost_20_1_5_4_0.3 
                  3.737397                   3.787479 
 Lrnr_xgboost_20_1_5_5_0.3  Lrnr_xgboost_20_1_5_6_0.3 
                  3.830464                   3.890679 
Lrnr_xgboost_20_1_5_1_0.25 Lrnr_xgboost_20_1_5_2_0.25 
                  3.789175                   3.725570 
Lrnr_xgboost_20_1_5_3_0.25 Lrnr_xgboost_20_1_5_4_0.25 
                  3.726721                   3.776029 
Lrnr_xgboost_20_1_5_5_0.25 Lrnr_xgboost_20_1_5_6_0.25 
                  3.812766                   3.876336 
 Lrnr_xgboost_20_1_5_1_0.2  Lrnr_xgboost_20_1_5_2_0.2 
                  3.795931                   3.718901 
 Lrnr_xgboost_20_1_5_3_0.2  Lrnr_xgboost_20_1_5_4_0.2 
                  3.713738                   3.759434 
 Lrnr_xgboost_20_1_5_5_0.2  Lrnr_xgboost_20_1_5_6_0.2 
                  3.809166                   3.849195 
Lrnr_xgboost_20_1_5_1_0.15 Lrnr_xgboost_20_1_5_2_0.15 
                  3.803824                   3.723808 
Lrnr_xgboost_20_1_5_3_0.15 Lrnr_xgboost_20_1_5_4_0.15 
                  3.714377                   3.738377 
Lrnr_xgboost_20_1_5_5_0.15 Lrnr_xgboost_20_1_5_6_0.15 
                  3.790412                   3.831829 
 Lrnr_xgboost_20_1_5_1_0.3  Lrnr_xgboost_20_1_5_2_0.3 
                  4.292630                   4.156164 
 Lrnr_xgboost_20_1_5_3_0.3  Lrnr_xgboost_20_1_5_4_0.3 
                  4.183710                   4.227777 
 Lrnr_xgboost_20_1_5_5_0.3  Lrnr_xgboost_20_1_5_6_0.3 
                  4.290371                   4.398412 
Lrnr_xgboost_20_1_5_1_0.25 Lrnr_xgboost_20_1_5_2_0.25 
                  4.374892                   4.176790 
Lrnr_xgboost_20_1_5_3_0.25 Lrnr_xgboost_20_1_5_4_0.25 
                  4.196245                   4.217171 
Lrnr_xgboost_20_1_5_5_0.25 Lrnr_xgboost_20_1_5_6_0.25 
                  4.296385                   4.400823 
 Lrnr_xgboost_20_1_5_1_0.2  Lrnr_xgboost_20_1_5_2_0.2 
                  4.514007                   4.196767 
 Lrnr_xgboost_20_1_5_3_0.2  Lrnr_xgboost_20_1_5_4_0.2 
                  4.186971                   4.185867 
 Lrnr_xgboost_20_1_5_5_0.2  Lrnr_xgboost_20_1_5_6_0.2 
                  4.271317                   4.380950 
Lrnr_xgboost_20_1_5_1_0.15 Lrnr_xgboost_20_1_5_2_0.15 
                  4.749228                   4.291235 
Lrnr_xgboost_20_1_5_3_0.15 Lrnr_xgboost_20_1_5_4_0.15 
                  4.217052                   4.214673 
Lrnr_xgboost_20_1_5_5_0.15 Lrnr_xgboost_20_1_5_6_0.15 
                  4.272915                   4.351698 
 Lrnr_xgboost_20_1_5_1_0.3  Lrnr_xgboost_20_1_5_2_0.3 
                0.10501209                 0.08520486 
 Lrnr_xgboost_20_1_5_3_0.3  Lrnr_xgboost_20_1_5_4_0.3 
                0.08405188                 0.08428325 
 Lrnr_xgboost_20_1_5_5_0.3  Lrnr_xgboost_20_1_5_6_0.3 
                0.08446046                 0.08502602 
Lrnr_xgboost_20_1_5_1_0.25 Lrnr_xgboost_20_1_5_2_0.25 
                0.11008713                 0.08620375 
Lrnr_xgboost_20_1_5_3_0.25 Lrnr_xgboost_20_1_5_4_0.25 
                0.08440586                 0.08419804 
Lrnr_xgboost_20_1_5_5_0.25 Lrnr_xgboost_20_1_5_6_0.25 
                0.08405825                 0.08479416 
 Lrnr_xgboost_20_1_5_1_0.2  Lrnr_xgboost_20_1_5_2_0.2 
                0.11802423                 0.08850618 
 Lrnr_xgboost_20_1_5_3_0.2  Lrnr_xgboost_20_1_5_4_0.2 
                0.08521978                 0.08431380 
 Lrnr_xgboost_20_1_5_5_0.2  Lrnr_xgboost_20_1_5_6_0.2 
                0.08432981                 0.08456274 
Lrnr_xgboost_20_1_5_1_0.15 Lrnr_xgboost_20_1_5_2_0.15 
                0.12917885                 0.09337321 
Lrnr_xgboost_20_1_5_3_0.15 Lrnr_xgboost_20_1_5_4_0.15 
                0.08698024                 0.08534993 
Lrnr_xgboost_20_1_5_5_0.15 Lrnr_xgboost_20_1_5_6_0.15 
                0.08465456                 0.08493910 
[1] "done"
NULL
NULL
NULL
[1] "done"
[1] "all"
[1] -0.7158230 -0.7293177
[1] "iter: 2"
[1] 24
[1] 4302   58
 Lrnr_xgboost_20_1_5_1_0.3  Lrnr_xgboost_20_1_5_2_0.3 
                  3.895021                   3.896805 
 Lrnr_xgboost_20_1_5_3_0.3  Lrnr_xgboost_20_1_5_4_0.3 
                  3.891995                   3.878456 
 Lrnr_xgboost_20_1_5_5_0.3  Lrnr_xgboost_20_1_5_6_0.3 
                  3.877781                   3.891279 
Lrnr_xgboost_20_1_5_1_0.25 Lrnr_xgboost_20_1_5_2_0.25 
                  3.892981                   3.897279 
Lrnr_xgboost_20_1_5_3_0.25 Lrnr_xgboost_20_1_5_4_0.25 
                  3.891520                   3.878976 
Lrnr_xgboost_20_1_5_5_0.25 Lrnr_xgboost_20_1_5_6_0.25 
                  3.883126                   3.889494 
 Lrnr_xgboost_20_1_5_1_0.2  Lrnr_xgboost_20_1_5_2_0.2 
                  3.894882                   3.893002 
 Lrnr_xgboost_20_1_5_3_0.2  Lrnr_xgboost_20_1_5_4_0.2 
                  3.890148                   3.880881 
 Lrnr_xgboost_20_1_5_5_0.2  Lrnr_xgboost_20_1_5_6_0.2 
                  3.879051                   3.891245 
Lrnr_xgboost_20_1_5_1_0.15 Lrnr_xgboost_20_1_5_2_0.15 
                  3.903744                   3.889942 
Lrnr_xgboost_20_1_5_3_0.15 Lrnr_xgboost_20_1_5_4_0.15 
                  3.890044                   3.877579 
Lrnr_xgboost_20_1_5_5_0.15 Lrnr_xgboost_20_1_5_6_0.15 
                  3.876511                   3.885404 
 Lrnr_xgboost_20_1_5_1_0.3  Lrnr_xgboost_20_1_5_2_0.3 
                  4.333102                   4.266216 
 Lrnr_xgboost_20_1_5_3_0.3  Lrnr_xgboost_20_1_5_4_0.3 
                  4.308334                   4.366502 
 Lrnr_xgboost_20_1_5_5_0.3  Lrnr_xgboost_20_1_5_6_0.3 
                  4.414344                   4.472517 
Lrnr_xgboost_20_1_5_1_0.25 Lrnr_xgboost_20_1_5_2_0.25 
                  4.405235                   4.267639 
Lrnr_xgboost_20_1_5_3_0.25 Lrnr_xgboost_20_1_5_4_0.25 
                  4.284241                   4.342128 
Lrnr_xgboost_20_1_5_5_0.25 Lrnr_xgboost_20_1_5_6_0.25 
                  4.405135                   4.441374 
 Lrnr_xgboost_20_1_5_1_0.2  Lrnr_xgboost_20_1_5_2_0.2 
                  4.544584                   4.291637 
 Lrnr_xgboost_20_1_5_3_0.2  Lrnr_xgboost_20_1_5_4_0.2 
                  4.299029                   4.337001 
 Lrnr_xgboost_20_1_5_5_0.2  Lrnr_xgboost_20_1_5_6_0.2 
                  4.381639                   4.439336 
Lrnr_xgboost_20_1_5_1_0.15 Lrnr_xgboost_20_1_5_2_0.15 
                  4.753767                   4.360514 
Lrnr_xgboost_20_1_5_3_0.15 Lrnr_xgboost_20_1_5_4_0.15 
                  4.307817                   4.330436 
Lrnr_xgboost_20_1_5_5_0.15 Lrnr_xgboost_20_1_5_6_0.15 
                  4.358449                   4.410370 
 Lrnr_xgboost_20_1_5_1_0.3  Lrnr_xgboost_20_1_5_2_0.3 
                0.10631554                 0.08924228 
 Lrnr_xgboost_20_1_5_3_0.3  Lrnr_xgboost_20_1_5_4_0.3 
                0.08870457                 0.08892630 
 Lrnr_xgboost_20_1_5_5_0.3  Lrnr_xgboost_20_1_5_6_0.3 
                0.09047975                 0.09170311 
Lrnr_xgboost_20_1_5_1_0.25 Lrnr_xgboost_20_1_5_2_0.25 
                0.11248614                 0.08998255 
Lrnr_xgboost_20_1_5_3_0.25 Lrnr_xgboost_20_1_5_4_0.25 
                0.08881126                 0.08926479 
Lrnr_xgboost_20_1_5_5_0.25 Lrnr_xgboost_20_1_5_6_0.25 
                0.09008867                 0.09101121 
 Lrnr_xgboost_20_1_5_1_0.2  Lrnr_xgboost_20_1_5_2_0.2 
                0.11965916                 0.09175900 
 Lrnr_xgboost_20_1_5_3_0.2  Lrnr_xgboost_20_1_5_4_0.2 
                0.08922721                 0.08917184 
 Lrnr_xgboost_20_1_5_5_0.2  Lrnr_xgboost_20_1_5_6_0.2 
                0.08985365                 0.09071284 
Lrnr_xgboost_20_1_5_1_0.15 Lrnr_xgboost_20_1_5_2_0.15 
                0.13078143                 0.09581432 
Lrnr_xgboost_20_1_5_3_0.15 Lrnr_xgboost_20_1_5_4_0.15 
                0.09099655                 0.08978490 
Lrnr_xgboost_20_1_5_5_0.15 Lrnr_xgboost_20_1_5_6_0.15 
                0.09054219                 0.09113706 
[1] "done"
NULL
NULL
NULL
[1] "done"
[1] "all"
[1] -0.9454867 -0.9616007
[1] "iter: 3"
[1] 24
[1] 4302   58
 Lrnr_xgboost_20_1_5_1_0.3  Lrnr_xgboost_20_1_5_2_0.3 
                  3.949768                   3.967674 
 Lrnr_xgboost_20_1_5_3_0.3  Lrnr_xgboost_20_1_5_4_0.3 
                  3.991658                   4.032305 
 Lrnr_xgboost_20_1_5_5_0.3  Lrnr_xgboost_20_1_5_6_0.3 
                  4.079312                   4.136986 
Lrnr_xgboost_20_1_5_1_0.25 Lrnr_xgboost_20_1_5_2_0.25 
                  3.947413                   3.949936 
Lrnr_xgboost_20_1_5_3_0.25 Lrnr_xgboost_20_1_5_4_0.25 
                  3.969212                   4.015657 
Lrnr_xgboost_20_1_5_5_0.25 Lrnr_xgboost_20_1_5_6_0.25 
                  4.054752                   4.103529 
 Lrnr_xgboost_20_1_5_1_0.2  Lrnr_xgboost_20_1_5_2_0.2 
                  3.945188                   3.948417 
 Lrnr_xgboost_20_1_5_3_0.2  Lrnr_xgboost_20_1_5_4_0.2 
                  3.972244                   3.987947 
 Lrnr_xgboost_20_1_5_5_0.2  Lrnr_xgboost_20_1_5_6_0.2 
                  4.029711                   4.076626 
Lrnr_xgboost_20_1_5_1_0.15 Lrnr_xgboost_20_1_5_2_0.15 
                  3.967369                   3.945774 
Lrnr_xgboost_20_1_5_3_0.15 Lrnr_xgboost_20_1_5_4_0.15 
                  3.951437                   3.980743 
Lrnr_xgboost_20_1_5_5_0.15 Lrnr_xgboost_20_1_5_6_0.15 
                  4.019527                   4.053260 
 Lrnr_xgboost_20_1_5_1_0.3  Lrnr_xgboost_20_1_5_2_0.3 
                  4.448686                   4.278297 
 Lrnr_xgboost_20_1_5_3_0.3  Lrnr_xgboost_20_1_5_4_0.3 
                  4.283245                   4.351320 
 Lrnr_xgboost_20_1_5_5_0.3  Lrnr_xgboost_20_1_5_6_0.3 
                  4.458174                   4.560333 
Lrnr_xgboost_20_1_5_1_0.25 Lrnr_xgboost_20_1_5_2_0.25 
                  4.560646                   4.276682 
Lrnr_xgboost_20_1_5_3_0.25 Lrnr_xgboost_20_1_5_4_0.25 
                  4.308234                   4.351153 
Lrnr_xgboost_20_1_5_5_0.25 Lrnr_xgboost_20_1_5_6_0.25 
                  4.407907                   4.513520 
 Lrnr_xgboost_20_1_5_1_0.2  Lrnr_xgboost_20_1_5_2_0.2 
                  4.731232                   4.315390 
 Lrnr_xgboost_20_1_5_3_0.2  Lrnr_xgboost_20_1_5_4_0.2 
                  4.284097                   4.334668 
 Lrnr_xgboost_20_1_5_5_0.2  Lrnr_xgboost_20_1_5_6_0.2 
                  4.378210                   4.479729 
Lrnr_xgboost_20_1_5_1_0.15 Lrnr_xgboost_20_1_5_2_0.15 
                  4.946323                   4.411832 
Lrnr_xgboost_20_1_5_3_0.15 Lrnr_xgboost_20_1_5_4_0.15 
                  4.318093                   4.321772 
Lrnr_xgboost_20_1_5_5_0.15 Lrnr_xgboost_20_1_5_6_0.15 
                  4.361127                   4.446367 
 Lrnr_xgboost_20_1_5_1_0.3  Lrnr_xgboost_20_1_5_2_0.3 
                0.10717350                 0.09145944 
 Lrnr_xgboost_20_1_5_3_0.3  Lrnr_xgboost_20_1_5_4_0.3 
                0.09066028                 0.09091136 
 Lrnr_xgboost_20_1_5_5_0.3  Lrnr_xgboost_20_1_5_6_0.3 
                0.09148775                 0.09185473 
Lrnr_xgboost_20_1_5_1_0.25 Lrnr_xgboost_20_1_5_2_0.25 
                0.11250195                 0.09252835 
Lrnr_xgboost_20_1_5_3_0.25 Lrnr_xgboost_20_1_5_4_0.25 
                0.09101398                 0.09071580 
Lrnr_xgboost_20_1_5_5_0.25 Lrnr_xgboost_20_1_5_6_0.25 
                0.09126341                 0.09162184 
 Lrnr_xgboost_20_1_5_1_0.2  Lrnr_xgboost_20_1_5_2_0.2 
                0.12113285                 0.09447819 
 Lrnr_xgboost_20_1_5_3_0.2  Lrnr_xgboost_20_1_5_4_0.2 
                0.09136530                 0.09078198 
 Lrnr_xgboost_20_1_5_5_0.2  Lrnr_xgboost_20_1_5_6_0.2 
                0.09129054                 0.09163811 
Lrnr_xgboost_20_1_5_1_0.15 Lrnr_xgboost_20_1_5_2_0.15 
                0.13190502                 0.09854925 
Lrnr_xgboost_20_1_5_3_0.15 Lrnr_xgboost_20_1_5_4_0.15 
                0.09301772                 0.09170701 
Lrnr_xgboost_20_1_5_5_0.15 Lrnr_xgboost_20_1_5_6_0.15 
                0.09178416                 0.09179905 
[1] "done"
NULL
NULL
NULL
[1] "done"
[1] "all"
[1] -0.6436072 -0.8186927
[1] "iter: 4"
[1] 24
[1] 4302   58
 Lrnr_xgboost_20_1_5_1_0.3  Lrnr_xgboost_20_1_5_2_0.3 
                  3.788574                   3.769600 
 Lrnr_xgboost_20_1_5_3_0.3  Lrnr_xgboost_20_1_5_4_0.3 
                  3.792760                   3.824007 
 Lrnr_xgboost_20_1_5_5_0.3  Lrnr_xgboost_20_1_5_6_0.3 
                  3.847591                   3.876802 
Lrnr_xgboost_20_1_5_1_0.25 Lrnr_xgboost_20_1_5_2_0.25 
                  3.798595                   3.764743 
Lrnr_xgboost_20_1_5_3_0.25 Lrnr_xgboost_20_1_5_4_0.25 
                  3.784154                   3.803409 
Lrnr_xgboost_20_1_5_5_0.25 Lrnr_xgboost_20_1_5_6_0.25 
                  3.841007                   3.862928 
 Lrnr_xgboost_20_1_5_1_0.2  Lrnr_xgboost_20_1_5_2_0.2 
                  3.814544                   3.781656 
 Lrnr_xgboost_20_1_5_3_0.2  Lrnr_xgboost_20_1_5_4_0.2 
                  3.779510                   3.803183 
 Lrnr_xgboost_20_1_5_5_0.2  Lrnr_xgboost_20_1_5_6_0.2 
                  3.824202                   3.856870 
Lrnr_xgboost_20_1_5_1_0.15 Lrnr_xgboost_20_1_5_2_0.15 
                  3.826779                   3.788491 
Lrnr_xgboost_20_1_5_3_0.15 Lrnr_xgboost_20_1_5_4_0.15 
                  3.781038                   3.800034 
Lrnr_xgboost_20_1_5_5_0.15 Lrnr_xgboost_20_1_5_6_0.15 
                  3.825836                   3.851954 
 Lrnr_xgboost_20_1_5_1_0.3  Lrnr_xgboost_20_1_5_2_0.3 
                  4.269458                   4.077676 
 Lrnr_xgboost_20_1_5_3_0.3  Lrnr_xgboost_20_1_5_4_0.3 
                  4.074986                   4.087897 
 Lrnr_xgboost_20_1_5_5_0.3  Lrnr_xgboost_20_1_5_6_0.3 
                  4.150800                   4.226990 
Lrnr_xgboost_20_1_5_1_0.25 Lrnr_xgboost_20_1_5_2_0.25 
                  4.363921                   4.091268 
Lrnr_xgboost_20_1_5_3_0.25 Lrnr_xgboost_20_1_5_4_0.25 
                  4.084733                   4.108381 
Lrnr_xgboost_20_1_5_5_0.25 Lrnr_xgboost_20_1_5_6_0.25 
                  4.149233                   4.230700 
 Lrnr_xgboost_20_1_5_1_0.2  Lrnr_xgboost_20_1_5_2_0.2 
                  4.486922                   4.134418 
 Lrnr_xgboost_20_1_5_3_0.2  Lrnr_xgboost_20_1_5_4_0.2 
                  4.093790                   4.089104 
 Lrnr_xgboost_20_1_5_5_0.2  Lrnr_xgboost_20_1_5_6_0.2 
                  4.149043                   4.204748 
Lrnr_xgboost_20_1_5_1_0.15 Lrnr_xgboost_20_1_5_2_0.15 
                  4.712269                   4.236784 
Lrnr_xgboost_20_1_5_3_0.15 Lrnr_xgboost_20_1_5_4_0.15 
                  4.141422                   4.115788 
Lrnr_xgboost_20_1_5_5_0.15 Lrnr_xgboost_20_1_5_6_0.15 
                  4.137300                   4.191013 
 Lrnr_xgboost_20_1_5_1_0.3  Lrnr_xgboost_20_1_5_2_0.3 
                0.10391377                 0.08672022 
 Lrnr_xgboost_20_1_5_3_0.3  Lrnr_xgboost_20_1_5_4_0.3 
                0.08564779                 0.08542649 
 Lrnr_xgboost_20_1_5_5_0.3  Lrnr_xgboost_20_1_5_6_0.3 
                0.08577287                 0.08611692 
Lrnr_xgboost_20_1_5_1_0.25 Lrnr_xgboost_20_1_5_2_0.25 
                0.10875362                 0.08768165 
Lrnr_xgboost_20_1_5_3_0.25 Lrnr_xgboost_20_1_5_4_0.25 
                0.08587199                 0.08549238 
Lrnr_xgboost_20_1_5_5_0.25 Lrnr_xgboost_20_1_5_6_0.25 
                0.08586268                 0.08575033 
 Lrnr_xgboost_20_1_5_1_0.2  Lrnr_xgboost_20_1_5_2_0.2 
                0.11695523                 0.08972106 
 Lrnr_xgboost_20_1_5_3_0.2  Lrnr_xgboost_20_1_5_4_0.2 
                0.08631658                 0.08593955 
 Lrnr_xgboost_20_1_5_5_0.2  Lrnr_xgboost_20_1_5_6_0.2 
                0.08594533                 0.08600869 
Lrnr_xgboost_20_1_5_1_0.15 Lrnr_xgboost_20_1_5_2_0.15 
                0.12812766                 0.09414054 
Lrnr_xgboost_20_1_5_3_0.15 Lrnr_xgboost_20_1_5_4_0.15 
                0.08806240                 0.08705316 
Lrnr_xgboost_20_1_5_5_0.15 Lrnr_xgboost_20_1_5_6_0.15 
                0.08677109                 0.08669843 
[1] "done"
NULL
NULL
NULL
[1] "done"
[1] "all"
[1] -0.8897474 -0.9247957
[1] "iter: 5"
[1] 24
[1] 4302   58
 Lrnr_xgboost_20_1_5_1_0.3  Lrnr_xgboost_20_1_5_2_0.3 
                  4.103566                   4.098531 
 Lrnr_xgboost_20_1_5_3_0.3  Lrnr_xgboost_20_1_5_4_0.3 
                  4.127283                   4.170513 
 Lrnr_xgboost_20_1_5_5_0.3  Lrnr_xgboost_20_1_5_6_0.3 
                  4.209658                   4.218227 
Lrnr_xgboost_20_1_5_1_0.25 Lrnr_xgboost_20_1_5_2_0.25 
                  4.108892                   4.099189 
Lrnr_xgboost_20_1_5_3_0.25 Lrnr_xgboost_20_1_5_4_0.25 
                  4.104180                   4.148745 
Lrnr_xgboost_20_1_5_5_0.25 Lrnr_xgboost_20_1_5_6_0.25 
                  4.194822                   4.216588 
 Lrnr_xgboost_20_1_5_1_0.2  Lrnr_xgboost_20_1_5_2_0.2 
                  4.115490                   4.093578 
 Lrnr_xgboost_20_1_5_3_0.2  Lrnr_xgboost_20_1_5_4_0.2 
                  4.105653                   4.137269 
 Lrnr_xgboost_20_1_5_5_0.2  Lrnr_xgboost_20_1_5_6_0.2 
                  4.178295                   4.203382 
Lrnr_xgboost_20_1_5_1_0.15 Lrnr_xgboost_20_1_5_2_0.15 
                  4.137551                   4.095661 
Lrnr_xgboost_20_1_5_3_0.15 Lrnr_xgboost_20_1_5_4_0.15 
                  4.105246                   4.127519 
Lrnr_xgboost_20_1_5_5_0.15 Lrnr_xgboost_20_1_5_6_0.15 
                  4.171816                   4.192438 
 Lrnr_xgboost_20_1_5_1_0.3  Lrnr_xgboost_20_1_5_2_0.3 
                  4.278087                   4.180070 
 Lrnr_xgboost_20_1_5_3_0.3  Lrnr_xgboost_20_1_5_4_0.3 
                  4.239266                   4.256642 
 Lrnr_xgboost_20_1_5_5_0.3  Lrnr_xgboost_20_1_5_6_0.3 
                  4.299499                   4.332567 
Lrnr_xgboost_20_1_5_1_0.25 Lrnr_xgboost_20_1_5_2_0.25 
                  4.363169                   4.197535 
Lrnr_xgboost_20_1_5_3_0.25 Lrnr_xgboost_20_1_5_4_0.25 
                  4.229374                   4.242289 
Lrnr_xgboost_20_1_5_5_0.25 Lrnr_xgboost_20_1_5_6_0.25 
                  4.294140                   4.320465 
 Lrnr_xgboost_20_1_5_1_0.2  Lrnr_xgboost_20_1_5_2_0.2 
                  4.506263                   4.227365 
 Lrnr_xgboost_20_1_5_3_0.2  Lrnr_xgboost_20_1_5_4_0.2 
                  4.203319                   4.222437 
 Lrnr_xgboost_20_1_5_5_0.2  Lrnr_xgboost_20_1_5_6_0.2 
                  4.264993                   4.310299 
Lrnr_xgboost_20_1_5_1_0.15 Lrnr_xgboost_20_1_5_2_0.15 
                  4.725731                   4.313423 
Lrnr_xgboost_20_1_5_3_0.15 Lrnr_xgboost_20_1_5_4_0.15 
                  4.234062                   4.216527 
Lrnr_xgboost_20_1_5_5_0.15 Lrnr_xgboost_20_1_5_6_0.15 
                  4.256541                   4.292917 
 Lrnr_xgboost_20_1_5_1_0.3  Lrnr_xgboost_20_1_5_2_0.3 
                0.10676353                 0.09041546 
 Lrnr_xgboost_20_1_5_3_0.3  Lrnr_xgboost_20_1_5_4_0.3 
                0.08989034                 0.09027705 
 Lrnr_xgboost_20_1_5_5_0.3  Lrnr_xgboost_20_1_5_6_0.3 
                0.09059381                 0.09097272 
Lrnr_xgboost_20_1_5_1_0.25 Lrnr_xgboost_20_1_5_2_0.25 
                0.11256642                 0.09129194 
Lrnr_xgboost_20_1_5_3_0.25 Lrnr_xgboost_20_1_5_4_0.25 
                0.08992814                 0.09040749 
Lrnr_xgboost_20_1_5_5_0.25 Lrnr_xgboost_20_1_5_6_0.25 
                0.09057159                 0.09079118 
 Lrnr_xgboost_20_1_5_1_0.2  Lrnr_xgboost_20_1_5_2_0.2 
                0.11966196                 0.09365749 
 Lrnr_xgboost_20_1_5_3_0.2  Lrnr_xgboost_20_1_5_4_0.2 
                0.09069596                 0.09032147 
 Lrnr_xgboost_20_1_5_5_0.2  Lrnr_xgboost_20_1_5_6_0.2 
                0.09039991                 0.09051139 
Lrnr_xgboost_20_1_5_1_0.15 Lrnr_xgboost_20_1_5_2_0.15 
                0.13112333                 0.09780695 
Lrnr_xgboost_20_1_5_3_0.15 Lrnr_xgboost_20_1_5_4_0.15 
                0.09262523                 0.09122783 
Lrnr_xgboost_20_1_5_5_0.15 Lrnr_xgboost_20_1_5_6_0.15 
                0.09106227                 0.09099193 
[1] "done"
NULL
NULL
NULL
[1] "done"
[1] "all"
[1] -0.8773458 -0.9394526
[1] "iter: 6"
[1] 24
[1] 4302   58
 Lrnr_xgboost_20_1_5_1_0.3  Lrnr_xgboost_20_1_5_2_0.3 
                  4.031734                   4.037246 
 Lrnr_xgboost_20_1_5_3_0.3  Lrnr_xgboost_20_1_5_4_0.3 
                  4.052376                   4.069275 
 Lrnr_xgboost_20_1_5_5_0.3  Lrnr_xgboost_20_1_5_6_0.3 
                  4.107433                   4.127723 
Lrnr_xgboost_20_1_5_1_0.25 Lrnr_xgboost_20_1_5_2_0.25 
                  4.037483                   4.034990 
Lrnr_xgboost_20_1_5_3_0.25 Lrnr_xgboost_20_1_5_4_0.25 
                  4.046506                   4.063198 
Lrnr_xgboost_20_1_5_5_0.25 Lrnr_xgboost_20_1_5_6_0.25 
                  4.090773                   4.115437 
 Lrnr_xgboost_20_1_5_1_0.2  Lrnr_xgboost_20_1_5_2_0.2 
                  4.047565                   4.026649 
 Lrnr_xgboost_20_1_5_3_0.2  Lrnr_xgboost_20_1_5_4_0.2 
                  4.033287                   4.054010 
 Lrnr_xgboost_20_1_5_5_0.2  Lrnr_xgboost_20_1_5_6_0.2 
                  4.079433                   4.103271 
Lrnr_xgboost_20_1_5_1_0.15 Lrnr_xgboost_20_1_5_2_0.15 
                  4.077408                   4.025310 
Lrnr_xgboost_20_1_5_3_0.15 Lrnr_xgboost_20_1_5_4_0.15 
                  4.026699                   4.043343 
Lrnr_xgboost_20_1_5_5_0.15 Lrnr_xgboost_20_1_5_6_0.15 
                  4.064380                   4.088756 
 Lrnr_xgboost_20_1_5_1_0.3  Lrnr_xgboost_20_1_5_2_0.3 
                  4.228636                   4.041150 
 Lrnr_xgboost_20_1_5_3_0.3  Lrnr_xgboost_20_1_5_4_0.3 
                  4.053812                   4.117073 
 Lrnr_xgboost_20_1_5_5_0.3  Lrnr_xgboost_20_1_5_6_0.3 
                  4.129330                   4.163435 
Lrnr_xgboost_20_1_5_1_0.25 Lrnr_xgboost_20_1_5_2_0.25 
                  4.324085                   4.076491 
Lrnr_xgboost_20_1_5_3_0.25 Lrnr_xgboost_20_1_5_4_0.25 
                  4.056818                   4.079642 
Lrnr_xgboost_20_1_5_5_0.25 Lrnr_xgboost_20_1_5_6_0.25 
                  4.115825                   4.160778 
 Lrnr_xgboost_20_1_5_1_0.2  Lrnr_xgboost_20_1_5_2_0.2 
                  4.473758                   4.067732 
 Lrnr_xgboost_20_1_5_3_0.2  Lrnr_xgboost_20_1_5_4_0.2 
                  4.060651                   4.081671 
 Lrnr_xgboost_20_1_5_5_0.2  Lrnr_xgboost_20_1_5_6_0.2 
                  4.066961                   4.120338 
Lrnr_xgboost_20_1_5_1_0.15 Lrnr_xgboost_20_1_5_2_0.15 
                  4.700143                   4.154925 
Lrnr_xgboost_20_1_5_3_0.15 Lrnr_xgboost_20_1_5_4_0.15 
                  4.069159                   4.095033 
Lrnr_xgboost_20_1_5_5_0.15 Lrnr_xgboost_20_1_5_6_0.15 
                  4.070500                   4.103239 
 Lrnr_xgboost_20_1_5_1_0.3  Lrnr_xgboost_20_1_5_2_0.3 
                0.10795746                 0.09017012 
 Lrnr_xgboost_20_1_5_3_0.3  Lrnr_xgboost_20_1_5_4_0.3 
                0.08931180                 0.08940722 
 Lrnr_xgboost_20_1_5_5_0.3  Lrnr_xgboost_20_1_5_6_0.3 
                0.08962223                 0.08980109 
Lrnr_xgboost_20_1_5_1_0.25 Lrnr_xgboost_20_1_5_2_0.25 
                0.11356461                 0.09055811 
Lrnr_xgboost_20_1_5_3_0.25 Lrnr_xgboost_20_1_5_4_0.25 
                0.08969648                 0.08928059 
Lrnr_xgboost_20_1_5_5_0.25 Lrnr_xgboost_20_1_5_6_0.25 
                0.08943917                 0.08999173 
 Lrnr_xgboost_20_1_5_1_0.2  Lrnr_xgboost_20_1_5_2_0.2 
                0.12051463                 0.09277846 
 Lrnr_xgboost_20_1_5_3_0.2  Lrnr_xgboost_20_1_5_4_0.2 
                0.09030137                 0.08952855 
 Lrnr_xgboost_20_1_5_5_0.2  Lrnr_xgboost_20_1_5_6_0.2 
                0.08962009                 0.08991034 
Lrnr_xgboost_20_1_5_1_0.15 Lrnr_xgboost_20_1_5_2_0.15 
                0.13154541                 0.09722808 
Lrnr_xgboost_20_1_5_3_0.15 Lrnr_xgboost_20_1_5_4_0.15 
                0.09191724                 0.09042748 
Lrnr_xgboost_20_1_5_5_0.15 Lrnr_xgboost_20_1_5_6_0.15 
                0.09011589                 0.09047753 
[1] "done"
NULL
NULL
NULL
[1] "done"
[1] "all"
[1] -0.8059705 -0.9084935
[1] "iter: 7"
[1] 24
[1] 4302   58
 Lrnr_xgboost_20_1_5_1_0.3  Lrnr_xgboost_20_1_5_2_0.3 
                  3.997237                   4.018202 
 Lrnr_xgboost_20_1_5_3_0.3  Lrnr_xgboost_20_1_5_4_0.3 
                  4.045186                   4.094071 
 Lrnr_xgboost_20_1_5_5_0.3  Lrnr_xgboost_20_1_5_6_0.3 
                  4.130893                   4.173055 
Lrnr_xgboost_20_1_5_1_0.25 Lrnr_xgboost_20_1_5_2_0.25 
                  4.001088                   4.011004 
Lrnr_xgboost_20_1_5_3_0.25 Lrnr_xgboost_20_1_5_4_0.25 
                  4.035574                   4.076139 
Lrnr_xgboost_20_1_5_5_0.25 Lrnr_xgboost_20_1_5_6_0.25 
                  4.128988                   4.149810 
 Lrnr_xgboost_20_1_5_1_0.2  Lrnr_xgboost_20_1_5_2_0.2 
                  4.006967                   4.001417 
 Lrnr_xgboost_20_1_5_3_0.2  Lrnr_xgboost_20_1_5_4_0.2 
                  4.027719                   4.052828 
 Lrnr_xgboost_20_1_5_5_0.2  Lrnr_xgboost_20_1_5_6_0.2 
                  4.111380                   4.141501 
Lrnr_xgboost_20_1_5_1_0.15 Lrnr_xgboost_20_1_5_2_0.15 
                  4.018534                   4.000723 
Lrnr_xgboost_20_1_5_3_0.15 Lrnr_xgboost_20_1_5_4_0.15 
                  4.011645                   4.043213 
Lrnr_xgboost_20_1_5_5_0.15 Lrnr_xgboost_20_1_5_6_0.15 
                  4.080730                   4.124598 
 Lrnr_xgboost_20_1_5_1_0.3  Lrnr_xgboost_20_1_5_2_0.3 
                  4.145728                   4.023014 
 Lrnr_xgboost_20_1_5_3_0.3  Lrnr_xgboost_20_1_5_4_0.3 
                  4.041920                   4.052026 
 Lrnr_xgboost_20_1_5_5_0.3  Lrnr_xgboost_20_1_5_6_0.3 
                  4.093621                   4.142408 
Lrnr_xgboost_20_1_5_1_0.25 Lrnr_xgboost_20_1_5_2_0.25 
                  4.238403                   4.017164 
Lrnr_xgboost_20_1_5_3_0.25 Lrnr_xgboost_20_1_5_4_0.25 
                  4.034899                   4.047964 
Lrnr_xgboost_20_1_5_5_0.25 Lrnr_xgboost_20_1_5_6_0.25 
                  4.096830                   4.129212 
 Lrnr_xgboost_20_1_5_1_0.2  Lrnr_xgboost_20_1_5_2_0.2 
                  4.417047                   4.074093 
 Lrnr_xgboost_20_1_5_3_0.2  Lrnr_xgboost_20_1_5_4_0.2 
                  4.030131                   4.042429 
 Lrnr_xgboost_20_1_5_5_0.2  Lrnr_xgboost_20_1_5_6_0.2 
                  4.085347                   4.139037 
Lrnr_xgboost_20_1_5_1_0.15 Lrnr_xgboost_20_1_5_2_0.15 
                  4.686545                   4.155835 
Lrnr_xgboost_20_1_5_3_0.15 Lrnr_xgboost_20_1_5_4_0.15 
                  4.069745                   4.055997 
Lrnr_xgboost_20_1_5_5_0.15 Lrnr_xgboost_20_1_5_6_0.15 
                  4.085037                   4.118089 
 Lrnr_xgboost_20_1_5_1_0.3  Lrnr_xgboost_20_1_5_2_0.3 
                0.10604326                 0.08871536 
 Lrnr_xgboost_20_1_5_3_0.3  Lrnr_xgboost_20_1_5_4_0.3 
                0.08729049                 0.08731593 
 Lrnr_xgboost_20_1_5_5_0.3  Lrnr_xgboost_20_1_5_6_0.3 
                0.08738472                 0.08780844 
Lrnr_xgboost_20_1_5_1_0.25 Lrnr_xgboost_20_1_5_2_0.25 
                0.11239643                 0.08976825 
Lrnr_xgboost_20_1_5_3_0.25 Lrnr_xgboost_20_1_5_4_0.25 
                0.08773221                 0.08738541 
Lrnr_xgboost_20_1_5_5_0.25 Lrnr_xgboost_20_1_5_6_0.25 
                0.08693168                 0.08742557 
 Lrnr_xgboost_20_1_5_1_0.2  Lrnr_xgboost_20_1_5_2_0.2 
                0.11976510                 0.09186862 
 Lrnr_xgboost_20_1_5_3_0.2  Lrnr_xgboost_20_1_5_4_0.2 
                0.08874004                 0.08754296 
 Lrnr_xgboost_20_1_5_5_0.2  Lrnr_xgboost_20_1_5_6_0.2 
                0.08738053                 0.08740586 
Lrnr_xgboost_20_1_5_1_0.15 Lrnr_xgboost_20_1_5_2_0.15 
                0.13080974                 0.09692661 
Lrnr_xgboost_20_1_5_3_0.15 Lrnr_xgboost_20_1_5_4_0.15 
                0.09082165                 0.08891458 
Lrnr_xgboost_20_1_5_5_0.15 Lrnr_xgboost_20_1_5_6_0.15 
                0.08802910                 0.08826529 
[1] "done"
NULL
NULL
NULL
[1] "done"
[1] "all"
[1] -0.7742765 -0.8788070
[1] "iter: 8"
[1] 24
[1] 4302   58
 Lrnr_xgboost_20_1_5_1_0.3  Lrnr_xgboost_20_1_5_2_0.3 
                  3.907997                   3.935692 
 Lrnr_xgboost_20_1_5_3_0.3  Lrnr_xgboost_20_1_5_4_0.3 
                  3.949421                   3.971064 
 Lrnr_xgboost_20_1_5_5_0.3  Lrnr_xgboost_20_1_5_6_0.3 
                  3.989271                   3.993911 
Lrnr_xgboost_20_1_5_1_0.25 Lrnr_xgboost_20_1_5_2_0.25 
                  3.906161                   3.920975 
Lrnr_xgboost_20_1_5_3_0.25 Lrnr_xgboost_20_1_5_4_0.25 
                  3.942651                   3.960769 
Lrnr_xgboost_20_1_5_5_0.25 Lrnr_xgboost_20_1_5_6_0.25 
                  3.975226                   3.992838 
 Lrnr_xgboost_20_1_5_1_0.2  Lrnr_xgboost_20_1_5_2_0.2 
                  3.918594                   3.919783 
 Lrnr_xgboost_20_1_5_3_0.2  Lrnr_xgboost_20_1_5_4_0.2 
                  3.933925                   3.955180 
 Lrnr_xgboost_20_1_5_5_0.2  Lrnr_xgboost_20_1_5_6_0.2 
                  3.966720                   3.981525 
Lrnr_xgboost_20_1_5_1_0.15 Lrnr_xgboost_20_1_5_2_0.15 
                  3.932997                   3.917790 
Lrnr_xgboost_20_1_5_3_0.15 Lrnr_xgboost_20_1_5_4_0.15 
                  3.927050                   3.934195 
Lrnr_xgboost_20_1_5_5_0.15 Lrnr_xgboost_20_1_5_6_0.15 
                  3.952982                   3.967239 
 Lrnr_xgboost_20_1_5_1_0.3  Lrnr_xgboost_20_1_5_2_0.3 
                  4.338501                   4.212461 
 Lrnr_xgboost_20_1_5_3_0.3  Lrnr_xgboost_20_1_5_4_0.3 
                  4.235985                   4.310868 
 Lrnr_xgboost_20_1_5_5_0.3  Lrnr_xgboost_20_1_5_6_0.3 
                  4.382378                   4.479377 
Lrnr_xgboost_20_1_5_1_0.25 Lrnr_xgboost_20_1_5_2_0.25 
                  4.453577                   4.214527 
Lrnr_xgboost_20_1_5_3_0.25 Lrnr_xgboost_20_1_5_4_0.25 
                  4.229125                   4.245333 
Lrnr_xgboost_20_1_5_5_0.25 Lrnr_xgboost_20_1_5_6_0.25 
                  4.353427                   4.465081 
 Lrnr_xgboost_20_1_5_1_0.2  Lrnr_xgboost_20_1_5_2_0.2 
                  4.596989                   4.232976 
 Lrnr_xgboost_20_1_5_3_0.2  Lrnr_xgboost_20_1_5_4_0.2 
                  4.213870                   4.256545 
 Lrnr_xgboost_20_1_5_5_0.2  Lrnr_xgboost_20_1_5_6_0.2 
                  4.314488                   4.399263 
Lrnr_xgboost_20_1_5_1_0.15 Lrnr_xgboost_20_1_5_2_0.15 
                  4.841129                   4.337478 
Lrnr_xgboost_20_1_5_3_0.15 Lrnr_xgboost_20_1_5_4_0.15 
                  4.228201                   4.251889 
Lrnr_xgboost_20_1_5_5_0.15 Lrnr_xgboost_20_1_5_6_0.15 
                  4.287564                   4.355357 
 Lrnr_xgboost_20_1_5_1_0.3  Lrnr_xgboost_20_1_5_2_0.3 
                0.10611017                 0.08955373 
 Lrnr_xgboost_20_1_5_3_0.3  Lrnr_xgboost_20_1_5_4_0.3 
                0.08819733                 0.08843716 
 Lrnr_xgboost_20_1_5_5_0.3  Lrnr_xgboost_20_1_5_6_0.3 
                0.08858614                 0.08897751 
Lrnr_xgboost_20_1_5_1_0.25 Lrnr_xgboost_20_1_5_2_0.25 
                0.11161420                 0.09033264 
Lrnr_xgboost_20_1_5_3_0.25 Lrnr_xgboost_20_1_5_4_0.25 
                0.08878688                 0.08854685 
Lrnr_xgboost_20_1_5_5_0.25 Lrnr_xgboost_20_1_5_6_0.25 
                0.08870975                 0.08915477 
 Lrnr_xgboost_20_1_5_1_0.2  Lrnr_xgboost_20_1_5_2_0.2 
                0.11917034                 0.09266407 
 Lrnr_xgboost_20_1_5_3_0.2  Lrnr_xgboost_20_1_5_4_0.2 
                0.08930843                 0.08884192 
 Lrnr_xgboost_20_1_5_5_0.2  Lrnr_xgboost_20_1_5_6_0.2 
                0.08893317                 0.08941103 
Lrnr_xgboost_20_1_5_1_0.15 Lrnr_xgboost_20_1_5_2_0.15 
                0.13014121                 0.09684972 
Lrnr_xgboost_20_1_5_3_0.15 Lrnr_xgboost_20_1_5_4_0.15 
                0.09099102                 0.08976522 
Lrnr_xgboost_20_1_5_5_0.15 Lrnr_xgboost_20_1_5_6_0.15 
                0.08943940                 0.08959476 
[1] "done"
NULL
NULL
NULL
[1] "done"
[1] "all"
[1] -0.8263115 -0.9199247
[1] "iter: 9"
[1] 24
[1] 4302   58
 Lrnr_xgboost_20_1_5_1_0.3  Lrnr_xgboost_20_1_5_2_0.3 
                  3.824407                   3.824788 
 Lrnr_xgboost_20_1_5_3_0.3  Lrnr_xgboost_20_1_5_4_0.3 
                  3.836172                   3.840841 
 Lrnr_xgboost_20_1_5_5_0.3  Lrnr_xgboost_20_1_5_6_0.3 
                  3.848613                   3.850923 
Lrnr_xgboost_20_1_5_1_0.25 Lrnr_xgboost_20_1_5_2_0.25 
                  3.824861                   3.822792 
Lrnr_xgboost_20_1_5_3_0.25 Lrnr_xgboost_20_1_5_4_0.25 
                  3.831224                   3.833539 
Lrnr_xgboost_20_1_5_5_0.25 Lrnr_xgboost_20_1_5_6_0.25 
                  3.842507                   3.844652 
 Lrnr_xgboost_20_1_5_1_0.2  Lrnr_xgboost_20_1_5_2_0.2 
                  3.832405                   3.821119 
 Lrnr_xgboost_20_1_5_3_0.2  Lrnr_xgboost_20_1_5_4_0.2 
                  3.826159                   3.834646 
 Lrnr_xgboost_20_1_5_5_0.2  Lrnr_xgboost_20_1_5_6_0.2 
                  3.841828                   3.844184 
Lrnr_xgboost_20_1_5_1_0.15 Lrnr_xgboost_20_1_5_2_0.15 
                  3.852536                   3.820594 
Lrnr_xgboost_20_1_5_3_0.15 Lrnr_xgboost_20_1_5_4_0.15 
                  3.827952                   3.832364 
Lrnr_xgboost_20_1_5_5_0.15 Lrnr_xgboost_20_1_5_6_0.15 
                  3.835546                   3.841917 
 Lrnr_xgboost_20_1_5_1_0.3  Lrnr_xgboost_20_1_5_2_0.3 
                  4.185339                   3.994310 
 Lrnr_xgboost_20_1_5_3_0.3  Lrnr_xgboost_20_1_5_4_0.3 
                  3.981830                   3.974929 
 Lrnr_xgboost_20_1_5_5_0.3  Lrnr_xgboost_20_1_5_6_0.3 
                  4.031636                   4.119432 
Lrnr_xgboost_20_1_5_1_0.25 Lrnr_xgboost_20_1_5_2_0.25 
                  4.273105                   3.997957 
Lrnr_xgboost_20_1_5_3_0.25 Lrnr_xgboost_20_1_5_4_0.25 
                  3.974531                   3.954786 
Lrnr_xgboost_20_1_5_5_0.25 Lrnr_xgboost_20_1_5_6_0.25 
                  4.013795                   4.091900 
 Lrnr_xgboost_20_1_5_1_0.2  Lrnr_xgboost_20_1_5_2_0.2 
                  4.424045                   4.038657 
 Lrnr_xgboost_20_1_5_3_0.2  Lrnr_xgboost_20_1_5_4_0.2 
                  3.986052                   3.967193 
 Lrnr_xgboost_20_1_5_5_0.2  Lrnr_xgboost_20_1_5_6_0.2 
                  4.011387                   4.065278 
Lrnr_xgboost_20_1_5_1_0.15 Lrnr_xgboost_20_1_5_2_0.15 
                  4.631961                   4.132134 
Lrnr_xgboost_20_1_5_3_0.15 Lrnr_xgboost_20_1_5_4_0.15 
                  4.025770                   3.960996 
Lrnr_xgboost_20_1_5_5_0.15 Lrnr_xgboost_20_1_5_6_0.15 
                  4.017603                   4.043376 
 Lrnr_xgboost_20_1_5_1_0.3  Lrnr_xgboost_20_1_5_2_0.3 
                0.10389411                 0.08647046 
 Lrnr_xgboost_20_1_5_3_0.3  Lrnr_xgboost_20_1_5_4_0.3 
                0.08566275                 0.08631150 
 Lrnr_xgboost_20_1_5_5_0.3  Lrnr_xgboost_20_1_5_6_0.3 
                0.08652635                 0.08732381 
Lrnr_xgboost_20_1_5_1_0.25 Lrnr_xgboost_20_1_5_2_0.25 
                0.10937140                 0.08745599 
Lrnr_xgboost_20_1_5_3_0.25 Lrnr_xgboost_20_1_5_4_0.25 
                0.08624651                 0.08593033 
Lrnr_xgboost_20_1_5_5_0.25 Lrnr_xgboost_20_1_5_6_0.25 
                0.08621047                 0.08724519 
 Lrnr_xgboost_20_1_5_1_0.2  Lrnr_xgboost_20_1_5_2_0.2 
                0.11734605                 0.08959874 
 Lrnr_xgboost_20_1_5_3_0.2  Lrnr_xgboost_20_1_5_4_0.2 
                0.08705297                 0.08629079 
 Lrnr_xgboost_20_1_5_5_0.2  Lrnr_xgboost_20_1_5_6_0.2 
                0.08644703                 0.08711622 
Lrnr_xgboost_20_1_5_1_0.15 Lrnr_xgboost_20_1_5_2_0.15 
                0.12805609                 0.09453119 
Lrnr_xgboost_20_1_5_3_0.15 Lrnr_xgboost_20_1_5_4_0.15 
                0.08889744                 0.08738251 
Lrnr_xgboost_20_1_5_5_0.15 Lrnr_xgboost_20_1_5_6_0.15 
                0.08706264                 0.08752742 
[1] "done"
NULL
NULL
NULL
[1] "done"
[1] "all"
[1] -0.9105621 -0.9578554
[1] "iter: 10"
[1] 24
[1] 4302   58
 Lrnr_xgboost_20_1_5_1_0.3  Lrnr_xgboost_20_1_5_2_0.3 
                  4.061509                   4.070816 
 Lrnr_xgboost_20_1_5_3_0.3  Lrnr_xgboost_20_1_5_4_0.3 
                  4.061115                   4.083492 
 Lrnr_xgboost_20_1_5_5_0.3  Lrnr_xgboost_20_1_5_6_0.3 
                  4.108812                   4.150900 
Lrnr_xgboost_20_1_5_1_0.25 Lrnr_xgboost_20_1_5_2_0.25 
                  4.063751                   4.060558 
Lrnr_xgboost_20_1_5_3_0.25 Lrnr_xgboost_20_1_5_4_0.25 
                  4.054460                   4.083153 
Lrnr_xgboost_20_1_5_5_0.25 Lrnr_xgboost_20_1_5_6_0.25 
                  4.104204                   4.134146 
 Lrnr_xgboost_20_1_5_1_0.2  Lrnr_xgboost_20_1_5_2_0.2 
                  4.070077                   4.062842 
 Lrnr_xgboost_20_1_5_3_0.2  Lrnr_xgboost_20_1_5_4_0.2 
                  4.059283                   4.077387 
 Lrnr_xgboost_20_1_5_5_0.2  Lrnr_xgboost_20_1_5_6_0.2 
                  4.103347                   4.121372 
Lrnr_xgboost_20_1_5_1_0.15 Lrnr_xgboost_20_1_5_2_0.15 
                  4.097458                   4.066718 
Lrnr_xgboost_20_1_5_3_0.15 Lrnr_xgboost_20_1_5_4_0.15 
                  4.062781                   4.077840 
Lrnr_xgboost_20_1_5_5_0.15 Lrnr_xgboost_20_1_5_6_0.15 
                  4.104489                   4.116027 
 Lrnr_xgboost_20_1_5_1_0.3  Lrnr_xgboost_20_1_5_2_0.3 
                  4.354482                   4.290649 
 Lrnr_xgboost_20_1_5_3_0.3  Lrnr_xgboost_20_1_5_4_0.3 
                  4.310264                   4.388483 
 Lrnr_xgboost_20_1_5_5_0.3  Lrnr_xgboost_20_1_5_6_0.3 
                  4.480113                   4.632086 
Lrnr_xgboost_20_1_5_1_0.25 Lrnr_xgboost_20_1_5_2_0.25 
                  4.435109                   4.273744 
Lrnr_xgboost_20_1_5_3_0.25 Lrnr_xgboost_20_1_5_4_0.25 
                  4.286970                   4.384838 
Lrnr_xgboost_20_1_5_5_0.25 Lrnr_xgboost_20_1_5_6_0.25 
                  4.414622                   4.609961 
 Lrnr_xgboost_20_1_5_1_0.2  Lrnr_xgboost_20_1_5_2_0.2 
                  4.581347                   4.269612 
 Lrnr_xgboost_20_1_5_3_0.2  Lrnr_xgboost_20_1_5_4_0.2 
                  4.275203                   4.340540 
 Lrnr_xgboost_20_1_5_5_0.2  Lrnr_xgboost_20_1_5_6_0.2 
                  4.421098                   4.575592 
Lrnr_xgboost_20_1_5_1_0.15 Lrnr_xgboost_20_1_5_2_0.15 
                  4.835763                   4.358449 
Lrnr_xgboost_20_1_5_3_0.15 Lrnr_xgboost_20_1_5_4_0.15 
                  4.293965                   4.338115 
Lrnr_xgboost_20_1_5_5_0.15 Lrnr_xgboost_20_1_5_6_0.15 
                  4.391376                   4.511581 
 Lrnr_xgboost_20_1_5_1_0.3  Lrnr_xgboost_20_1_5_2_0.3 
                0.10805027                 0.09125562 
 Lrnr_xgboost_20_1_5_3_0.3  Lrnr_xgboost_20_1_5_4_0.3 
                0.09128449                 0.09185156 
 Lrnr_xgboost_20_1_5_5_0.3  Lrnr_xgboost_20_1_5_6_0.3 
                0.09316276                 0.09389058 
Lrnr_xgboost_20_1_5_1_0.25 Lrnr_xgboost_20_1_5_2_0.25 
                0.11311701                 0.09219710 
Lrnr_xgboost_20_1_5_3_0.25 Lrnr_xgboost_20_1_5_4_0.25 
                0.09145586                 0.09151883 
Lrnr_xgboost_20_1_5_5_0.25 Lrnr_xgboost_20_1_5_6_0.25 
                0.09272078                 0.09383497 
 Lrnr_xgboost_20_1_5_1_0.2  Lrnr_xgboost_20_1_5_2_0.2 
                0.12044614                 0.09382551 
 Lrnr_xgboost_20_1_5_3_0.2  Lrnr_xgboost_20_1_5_4_0.2 
                0.09139781                 0.09164339 
 Lrnr_xgboost_20_1_5_5_0.2  Lrnr_xgboost_20_1_5_6_0.2 
                0.09257472                 0.09294897 
Lrnr_xgboost_20_1_5_1_0.15 Lrnr_xgboost_20_1_5_2_0.15 
                0.13121109                 0.09777272 
Lrnr_xgboost_20_1_5_3_0.15 Lrnr_xgboost_20_1_5_4_0.15 
                0.09331685                 0.09243599 
Lrnr_xgboost_20_1_5_5_0.15 Lrnr_xgboost_20_1_5_6_0.15 
                0.09266666                 0.09311723 
[1] "done"
NULL
NULL
NULL
[1] "done"
[1] "all"
[1] -0.7214888 -0.8042371
[1] "iter: 11"
[1] 24
[1] 4302   58
 Lrnr_xgboost_20_1_5_1_0.3  Lrnr_xgboost_20_1_5_2_0.3 
                  3.994789                   3.962400 
 Lrnr_xgboost_20_1_5_3_0.3  Lrnr_xgboost_20_1_5_4_0.3 
                  3.967834                   4.000789 
 Lrnr_xgboost_20_1_5_5_0.3  Lrnr_xgboost_20_1_5_6_0.3 
                  4.042440                   4.112324 
Lrnr_xgboost_20_1_5_1_0.25 Lrnr_xgboost_20_1_5_2_0.25 
                  4.005112                   3.955006 
Lrnr_xgboost_20_1_5_3_0.25 Lrnr_xgboost_20_1_5_4_0.25 
                  3.947717                   3.970668 
Lrnr_xgboost_20_1_5_5_0.25 Lrnr_xgboost_20_1_5_6_0.25 
                  4.022400                   4.091047 
 Lrnr_xgboost_20_1_5_1_0.2  Lrnr_xgboost_20_1_5_2_0.2 
                  4.021916                   3.963579 
 Lrnr_xgboost_20_1_5_3_0.2  Lrnr_xgboost_20_1_5_4_0.2 
                  3.953077                   3.977926 
 Lrnr_xgboost_20_1_5_5_0.2  Lrnr_xgboost_20_1_5_6_0.2 
                  3.999740                   4.055090 
Lrnr_xgboost_20_1_5_1_0.15 Lrnr_xgboost_20_1_5_2_0.15 
                  4.049378                   3.976104 
Lrnr_xgboost_20_1_5_3_0.15 Lrnr_xgboost_20_1_5_4_0.15 
                  3.950733                   3.955183 
Lrnr_xgboost_20_1_5_5_0.15 Lrnr_xgboost_20_1_5_6_0.15 
                  3.979200                   4.030920 
 Lrnr_xgboost_20_1_5_1_0.3  Lrnr_xgboost_20_1_5_2_0.3 
                  4.078279                   3.940147 
 Lrnr_xgboost_20_1_5_3_0.3  Lrnr_xgboost_20_1_5_4_0.3 
                  3.964243                   4.027362 
 Lrnr_xgboost_20_1_5_5_0.3  Lrnr_xgboost_20_1_5_6_0.3 
                  4.131884                   4.216082 
Lrnr_xgboost_20_1_5_1_0.25 Lrnr_xgboost_20_1_5_2_0.25 
                  4.174037                   3.936632 
Lrnr_xgboost_20_1_5_3_0.25 Lrnr_xgboost_20_1_5_4_0.25 
                  3.941643                   3.987258 
Lrnr_xgboost_20_1_5_5_0.25 Lrnr_xgboost_20_1_5_6_0.25 
                  4.079844                   4.142731 
 Lrnr_xgboost_20_1_5_1_0.2  Lrnr_xgboost_20_1_5_2_0.2 
                  4.358006                   3.968898 
 Lrnr_xgboost_20_1_5_3_0.2  Lrnr_xgboost_20_1_5_4_0.2 
                  3.917921                   3.958276 
 Lrnr_xgboost_20_1_5_5_0.2  Lrnr_xgboost_20_1_5_6_0.2 
                  4.024845                   4.112179 
Lrnr_xgboost_20_1_5_1_0.15 Lrnr_xgboost_20_1_5_2_0.15 
                  4.599319                   4.054766 
Lrnr_xgboost_20_1_5_3_0.15 Lrnr_xgboost_20_1_5_4_0.15 
                  3.930310                   3.960390 
Lrnr_xgboost_20_1_5_5_0.15 Lrnr_xgboost_20_1_5_6_0.15 
                  4.001764                   4.080899 
 Lrnr_xgboost_20_1_5_1_0.3  Lrnr_xgboost_20_1_5_2_0.3 
                0.10453150                 0.08749329 
 Lrnr_xgboost_20_1_5_3_0.3  Lrnr_xgboost_20_1_5_4_0.3 
                0.08711948                 0.08728025 
 Lrnr_xgboost_20_1_5_5_0.3  Lrnr_xgboost_20_1_5_6_0.3 
                0.08873816                 0.08985069 
Lrnr_xgboost_20_1_5_1_0.25 Lrnr_xgboost_20_1_5_2_0.25 
                0.10985106                 0.08816013 
Lrnr_xgboost_20_1_5_3_0.25 Lrnr_xgboost_20_1_5_4_0.25 
                0.08682044                 0.08723182 
Lrnr_xgboost_20_1_5_5_0.25 Lrnr_xgboost_20_1_5_6_0.25 
                0.08813059                 0.08897163 
 Lrnr_xgboost_20_1_5_1_0.2  Lrnr_xgboost_20_1_5_2_0.2 
                0.11751758                 0.09025532 
 Lrnr_xgboost_20_1_5_3_0.2  Lrnr_xgboost_20_1_5_4_0.2 
                0.08724349                 0.08704332 
 Lrnr_xgboost_20_1_5_5_0.2  Lrnr_xgboost_20_1_5_6_0.2 
                0.08785903                 0.08868693 
Lrnr_xgboost_20_1_5_1_0.15 Lrnr_xgboost_20_1_5_2_0.15 
                0.12940265                 0.09486517 
Lrnr_xgboost_20_1_5_3_0.15 Lrnr_xgboost_20_1_5_4_0.15 
                0.08907815                 0.08802491 
Lrnr_xgboost_20_1_5_5_0.15 Lrnr_xgboost_20_1_5_6_0.15 
                0.08821199                 0.08896471 
[1] "done"
NULL
NULL
NULL
[1] "done"
[1] "all"
[1] -0.4781132 -0.5039563
[1] "iter: 12"
[1] 24
[1] 4302   58
 Lrnr_xgboost_20_1_5_1_0.3  Lrnr_xgboost_20_1_5_2_0.3 
                  3.928433                   3.819194 
 Lrnr_xgboost_20_1_5_3_0.3  Lrnr_xgboost_20_1_5_4_0.3 
                  3.825152                   3.839796 
 Lrnr_xgboost_20_1_5_5_0.3  Lrnr_xgboost_20_1_5_6_0.3 
                  3.892191                   3.931073 
Lrnr_xgboost_20_1_5_1_0.25 Lrnr_xgboost_20_1_5_2_0.25 
                  3.925036                   3.831380 
Lrnr_xgboost_20_1_5_3_0.25 Lrnr_xgboost_20_1_5_4_0.25 
                  3.823255                   3.818783 
Lrnr_xgboost_20_1_5_5_0.25 Lrnr_xgboost_20_1_5_6_0.25 
                  3.862682                   3.914851 
 Lrnr_xgboost_20_1_5_1_0.2  Lrnr_xgboost_20_1_5_2_0.2 
                  3.926523                   3.835140 
 Lrnr_xgboost_20_1_5_3_0.2  Lrnr_xgboost_20_1_5_4_0.2 
                  3.820071                   3.822318 
 Lrnr_xgboost_20_1_5_5_0.2  Lrnr_xgboost_20_1_5_6_0.2 
                  3.867846                   3.899821 
Lrnr_xgboost_20_1_5_1_0.15 Lrnr_xgboost_20_1_5_2_0.15 
                  3.937160                   3.844754 
Lrnr_xgboost_20_1_5_3_0.15 Lrnr_xgboost_20_1_5_4_0.15 
                  3.816241                   3.822366 
Lrnr_xgboost_20_1_5_5_0.15 Lrnr_xgboost_20_1_5_6_0.15 
                  3.840162                   3.882412 
 Lrnr_xgboost_20_1_5_1_0.3  Lrnr_xgboost_20_1_5_2_0.3 
                  4.346455                   4.198412 
 Lrnr_xgboost_20_1_5_3_0.3  Lrnr_xgboost_20_1_5_4_0.3 
                  4.222744                   4.330122 
 Lrnr_xgboost_20_1_5_5_0.3  Lrnr_xgboost_20_1_5_6_0.3 
                  4.451811                   4.583861 
Lrnr_xgboost_20_1_5_1_0.25 Lrnr_xgboost_20_1_5_2_0.25 
                  4.459877                   4.206774 
Lrnr_xgboost_20_1_5_3_0.25 Lrnr_xgboost_20_1_5_4_0.25 
                  4.227043                   4.294017 
Lrnr_xgboost_20_1_5_5_0.25 Lrnr_xgboost_20_1_5_6_0.25 
                  4.380635                   4.491542 
 Lrnr_xgboost_20_1_5_1_0.2  Lrnr_xgboost_20_1_5_2_0.2 
                  4.609744                   4.257809 
 Lrnr_xgboost_20_1_5_3_0.2  Lrnr_xgboost_20_1_5_4_0.2 
                  4.217515                   4.281673 
 Lrnr_xgboost_20_1_5_5_0.2  Lrnr_xgboost_20_1_5_6_0.2 
                  4.332352                   4.435214 
Lrnr_xgboost_20_1_5_1_0.15 Lrnr_xgboost_20_1_5_2_0.15 
                  4.861253                   4.337548 
Lrnr_xgboost_20_1_5_3_0.15 Lrnr_xgboost_20_1_5_4_0.15 
                  4.240651                   4.249434 
Lrnr_xgboost_20_1_5_5_0.15 Lrnr_xgboost_20_1_5_6_0.15 
                  4.322884                   4.411248 
 Lrnr_xgboost_20_1_5_1_0.3  Lrnr_xgboost_20_1_5_2_0.3 
                0.10370042                 0.08630808 
 Lrnr_xgboost_20_1_5_3_0.3  Lrnr_xgboost_20_1_5_4_0.3 
                0.08512821                 0.08515508 
 Lrnr_xgboost_20_1_5_5_0.3  Lrnr_xgboost_20_1_5_6_0.3 
                0.08597961                 0.08673408 
Lrnr_xgboost_20_1_5_1_0.25 Lrnr_xgboost_20_1_5_2_0.25 
                0.10920651                 0.08722600 
Lrnr_xgboost_20_1_5_3_0.25 Lrnr_xgboost_20_1_5_4_0.25 
                0.08528799                 0.08524862 
Lrnr_xgboost_20_1_5_5_0.25 Lrnr_xgboost_20_1_5_6_0.25 
                0.08625045                 0.08673012 
 Lrnr_xgboost_20_1_5_1_0.2  Lrnr_xgboost_20_1_5_2_0.2 
                0.11744701                 0.08970604 
 Lrnr_xgboost_20_1_5_3_0.2  Lrnr_xgboost_20_1_5_4_0.2 
                0.08586429                 0.08530891 
 Lrnr_xgboost_20_1_5_5_0.2  Lrnr_xgboost_20_1_5_6_0.2 
                0.08572563                 0.08688725 
Lrnr_xgboost_20_1_5_1_0.15 Lrnr_xgboost_20_1_5_2_0.15 
                0.12818967                 0.09396479 
Lrnr_xgboost_20_1_5_3_0.15 Lrnr_xgboost_20_1_5_4_0.15 
                0.08771827                 0.08618847 
Lrnr_xgboost_20_1_5_5_0.15 Lrnr_xgboost_20_1_5_6_0.15 
                0.08621796                 0.08669342 
[1] "done"
NULL
NULL
NULL
[1] "done"
[1] "all"
[1] -0.6781404 -0.7237783
[1] "iter: 13"
[1] 24
[1] 4302   58
 Lrnr_xgboost_20_1_5_1_0.3  Lrnr_xgboost_20_1_5_2_0.3 
                  3.825876                   3.840977 
 Lrnr_xgboost_20_1_5_3_0.3  Lrnr_xgboost_20_1_5_4_0.3 
                  3.847286                   3.846058 
 Lrnr_xgboost_20_1_5_5_0.3  Lrnr_xgboost_20_1_5_6_0.3 
                  3.847093                   3.848485 
Lrnr_xgboost_20_1_5_1_0.25 Lrnr_xgboost_20_1_5_2_0.25 
                  3.833651                   3.834556 
Lrnr_xgboost_20_1_5_3_0.25 Lrnr_xgboost_20_1_5_4_0.25 
                  3.839106                   3.842911 
Lrnr_xgboost_20_1_5_5_0.25 Lrnr_xgboost_20_1_5_6_0.25 
                  3.846345                   3.848393 
 Lrnr_xgboost_20_1_5_1_0.2  Lrnr_xgboost_20_1_5_2_0.2 
                  3.835982                   3.831729 
 Lrnr_xgboost_20_1_5_3_0.2  Lrnr_xgboost_20_1_5_4_0.2 
                  3.831761                   3.837135 
 Lrnr_xgboost_20_1_5_5_0.2  Lrnr_xgboost_20_1_5_6_0.2 
                  3.838878                   3.840428 
Lrnr_xgboost_20_1_5_1_0.15 Lrnr_xgboost_20_1_5_2_0.15 
                  3.853055                   3.832039 
Lrnr_xgboost_20_1_5_3_0.15 Lrnr_xgboost_20_1_5_4_0.15 
                  3.830689                   3.833705 
Lrnr_xgboost_20_1_5_5_0.15 Lrnr_xgboost_20_1_5_6_0.15 
                  3.835410                   3.836295 
 Lrnr_xgboost_20_1_5_1_0.3  Lrnr_xgboost_20_1_5_2_0.3 
                  4.071691                   3.882316 
 Lrnr_xgboost_20_1_5_3_0.3  Lrnr_xgboost_20_1_5_4_0.3 
                  3.871397                   3.902672 
 Lrnr_xgboost_20_1_5_5_0.3  Lrnr_xgboost_20_1_5_6_0.3 
                  3.915910                   3.955884 
Lrnr_xgboost_20_1_5_1_0.25 Lrnr_xgboost_20_1_5_2_0.25 
                  4.155918                   3.914798 
Lrnr_xgboost_20_1_5_3_0.25 Lrnr_xgboost_20_1_5_4_0.25 
                  3.881006                   3.892137 
Lrnr_xgboost_20_1_5_5_0.25 Lrnr_xgboost_20_1_5_6_0.25 
                  3.889488                   3.926650 
 Lrnr_xgboost_20_1_5_1_0.2  Lrnr_xgboost_20_1_5_2_0.2 
                  4.311104                   3.935666 
 Lrnr_xgboost_20_1_5_3_0.2  Lrnr_xgboost_20_1_5_4_0.2 
                  3.878641                   3.884662 
 Lrnr_xgboost_20_1_5_5_0.2  Lrnr_xgboost_20_1_5_6_0.2 
                  3.897214                   3.933637 
Lrnr_xgboost_20_1_5_1_0.15 Lrnr_xgboost_20_1_5_2_0.15 
                  4.567409                   4.033968 
Lrnr_xgboost_20_1_5_3_0.15 Lrnr_xgboost_20_1_5_4_0.15 
                  3.908535                   3.897603 
Lrnr_xgboost_20_1_5_5_0.15 Lrnr_xgboost_20_1_5_6_0.15 
                  3.905480                   3.921307 
 Lrnr_xgboost_20_1_5_1_0.3  Lrnr_xgboost_20_1_5_2_0.3 
                0.10815477                 0.09051210 
 Lrnr_xgboost_20_1_5_3_0.3  Lrnr_xgboost_20_1_5_4_0.3 
                0.08949555                 0.08987875 
 Lrnr_xgboost_20_1_5_5_0.3  Lrnr_xgboost_20_1_5_6_0.3 
                0.09026277                 0.09074138 
Lrnr_xgboost_20_1_5_1_0.25 Lrnr_xgboost_20_1_5_2_0.25 
                0.11343422                 0.09198424 
Lrnr_xgboost_20_1_5_3_0.25 Lrnr_xgboost_20_1_5_4_0.25 
                0.08974058                 0.08993166 
Lrnr_xgboost_20_1_5_5_0.25 Lrnr_xgboost_20_1_5_6_0.25 
                0.09032011                 0.09043403 
 Lrnr_xgboost_20_1_5_1_0.2  Lrnr_xgboost_20_1_5_2_0.2 
                0.12074574                 0.09421042 
 Lrnr_xgboost_20_1_5_3_0.2  Lrnr_xgboost_20_1_5_4_0.2 
                0.09084952                 0.09050559 
 Lrnr_xgboost_20_1_5_5_0.2  Lrnr_xgboost_20_1_5_6_0.2 
                0.09023233                 0.09063512 
Lrnr_xgboost_20_1_5_1_0.15 Lrnr_xgboost_20_1_5_2_0.15 
                0.13170904                 0.09847228 
Lrnr_xgboost_20_1_5_3_0.15 Lrnr_xgboost_20_1_5_4_0.15 
                0.09274330                 0.09111377 
Lrnr_xgboost_20_1_5_5_0.15 Lrnr_xgboost_20_1_5_6_0.15 
                0.09073011                 0.09087059 
[1] "done"
NULL
NULL
NULL
[1] "done"
[1] "all"
[1] -0.8677224 -0.9449789
[1] "iter: 14"
[1] 24
[1] 4302   58
 Lrnr_xgboost_20_1_5_1_0.3  Lrnr_xgboost_20_1_5_2_0.3 
                  3.905757                   3.852308 
 Lrnr_xgboost_20_1_5_3_0.3  Lrnr_xgboost_20_1_5_4_0.3 
                  3.871765                   3.891712 
 Lrnr_xgboost_20_1_5_5_0.3  Lrnr_xgboost_20_1_5_6_0.3 
                  3.930783                   3.977370 
Lrnr_xgboost_20_1_5_1_0.25 Lrnr_xgboost_20_1_5_2_0.25 
                  3.913310                   3.857148 
Lrnr_xgboost_20_1_5_3_0.25 Lrnr_xgboost_20_1_5_4_0.25 
                  3.854099                   3.882025 
Lrnr_xgboost_20_1_5_5_0.25 Lrnr_xgboost_20_1_5_6_0.25 
                  3.918315                   3.964666 
 Lrnr_xgboost_20_1_5_1_0.2  Lrnr_xgboost_20_1_5_2_0.2 
                  3.929025                   3.858047 
 Lrnr_xgboost_20_1_5_3_0.2  Lrnr_xgboost_20_1_5_4_0.2 
                  3.847690                   3.872499 
 Lrnr_xgboost_20_1_5_5_0.2  Lrnr_xgboost_20_1_5_6_0.2 
                  3.912064                   3.939510 
Lrnr_xgboost_20_1_5_1_0.15 Lrnr_xgboost_20_1_5_2_0.15 
                  3.953816                   3.872909 
Lrnr_xgboost_20_1_5_3_0.15 Lrnr_xgboost_20_1_5_4_0.15 
                  3.851660                   3.858383 
Lrnr_xgboost_20_1_5_5_0.15 Lrnr_xgboost_20_1_5_6_0.15 
                  3.891626                   3.921453 
 Lrnr_xgboost_20_1_5_1_0.3  Lrnr_xgboost_20_1_5_2_0.3 
                  4.112090                   3.998142 
 Lrnr_xgboost_20_1_5_3_0.3  Lrnr_xgboost_20_1_5_4_0.3 
                  4.044533                   4.134423 
 Lrnr_xgboost_20_1_5_5_0.3  Lrnr_xgboost_20_1_5_6_0.3 
                  4.248211                   4.323459 
Lrnr_xgboost_20_1_5_1_0.25 Lrnr_xgboost_20_1_5_2_0.25 
                  4.199963                   3.967171 
Lrnr_xgboost_20_1_5_3_0.25 Lrnr_xgboost_20_1_5_4_0.25 
                  4.007178                   4.082253 
Lrnr_xgboost_20_1_5_5_0.25 Lrnr_xgboost_20_1_5_6_0.25 
                  4.187197                   4.324987 
 Lrnr_xgboost_20_1_5_1_0.2  Lrnr_xgboost_20_1_5_2_0.2 
                  4.347184                   4.015162 
 Lrnr_xgboost_20_1_5_3_0.2  Lrnr_xgboost_20_1_5_4_0.2 
                  3.996487                   4.058787 
 Lrnr_xgboost_20_1_5_5_0.2  Lrnr_xgboost_20_1_5_6_0.2 
                  4.131574                   4.268120 
Lrnr_xgboost_20_1_5_1_0.15 Lrnr_xgboost_20_1_5_2_0.15 
                  4.559499                   4.092365 
Lrnr_xgboost_20_1_5_3_0.15 Lrnr_xgboost_20_1_5_4_0.15 
                  4.014224                   4.060735 
Lrnr_xgboost_20_1_5_5_0.15 Lrnr_xgboost_20_1_5_6_0.15 
                  4.095244                   4.188517 
 Lrnr_xgboost_20_1_5_1_0.3  Lrnr_xgboost_20_1_5_2_0.3 
                0.10731231                 0.09017766 
 Lrnr_xgboost_20_1_5_3_0.3  Lrnr_xgboost_20_1_5_4_0.3 
                0.08939851                 0.08907732 
 Lrnr_xgboost_20_1_5_5_0.3  Lrnr_xgboost_20_1_5_6_0.3 
                0.08943023                 0.08962310 
Lrnr_xgboost_20_1_5_1_0.25 Lrnr_xgboost_20_1_5_2_0.25 
                0.11324163                 0.09139985 
Lrnr_xgboost_20_1_5_3_0.25 Lrnr_xgboost_20_1_5_4_0.25 
                0.08948352                 0.08948870 
Lrnr_xgboost_20_1_5_5_0.25 Lrnr_xgboost_20_1_5_6_0.25 
                0.08951702                 0.08951386 
 Lrnr_xgboost_20_1_5_1_0.2  Lrnr_xgboost_20_1_5_2_0.2 
                0.12104599                 0.09341454 
 Lrnr_xgboost_20_1_5_3_0.2  Lrnr_xgboost_20_1_5_4_0.2 
                0.09010849                 0.08974384 
 Lrnr_xgboost_20_1_5_5_0.2  Lrnr_xgboost_20_1_5_6_0.2 
                0.08970584                 0.08953938 
Lrnr_xgboost_20_1_5_1_0.15 Lrnr_xgboost_20_1_5_2_0.15 
                0.13174511                 0.09812763 
Lrnr_xgboost_20_1_5_3_0.15 Lrnr_xgboost_20_1_5_4_0.15 
                0.09180807                 0.09028228 
Lrnr_xgboost_20_1_5_5_0.15 Lrnr_xgboost_20_1_5_6_0.15 
                0.09038159                 0.09015058 
[1] "done"
NULL
NULL
NULL
[1] "done"
[1] "all"
[1] -0.5488667 -0.6337569
[1] "iter: 15"
[1] 24
[1] 4302   58
 Lrnr_xgboost_20_1_5_1_0.3  Lrnr_xgboost_20_1_5_2_0.3 
                  3.816456                   3.837927 
 Lrnr_xgboost_20_1_5_3_0.3  Lrnr_xgboost_20_1_5_4_0.3 
                  3.861472                   3.892527 
 Lrnr_xgboost_20_1_5_5_0.3  Lrnr_xgboost_20_1_5_6_0.3 
                  3.913129                   3.925627 
Lrnr_xgboost_20_1_5_1_0.25 Lrnr_xgboost_20_1_5_2_0.25 
                  3.809592                   3.834191 
Lrnr_xgboost_20_1_5_3_0.25 Lrnr_xgboost_20_1_5_4_0.25 
                  3.846115                   3.888101 
Lrnr_xgboost_20_1_5_5_0.25 Lrnr_xgboost_20_1_5_6_0.25 
                  3.905491                   3.923416 
 Lrnr_xgboost_20_1_5_1_0.2  Lrnr_xgboost_20_1_5_2_0.2 
                  3.810439                   3.825529 
 Lrnr_xgboost_20_1_5_3_0.2  Lrnr_xgboost_20_1_5_4_0.2 
                  3.844100                   3.870082 
 Lrnr_xgboost_20_1_5_5_0.2  Lrnr_xgboost_20_1_5_6_0.2 
                  3.885084                   3.911782 
Lrnr_xgboost_20_1_5_1_0.15 Lrnr_xgboost_20_1_5_2_0.15 
                  3.828408                   3.815789 
Lrnr_xgboost_20_1_5_3_0.15 Lrnr_xgboost_20_1_5_4_0.15 
                  3.830890                   3.856345 
Lrnr_xgboost_20_1_5_5_0.15 Lrnr_xgboost_20_1_5_6_0.15 
                  3.868106                   3.887761 
 Lrnr_xgboost_20_1_5_1_0.3  Lrnr_xgboost_20_1_5_2_0.3 
                  4.340264                   4.126848 
 Lrnr_xgboost_20_1_5_3_0.3  Lrnr_xgboost_20_1_5_4_0.3 
                  4.144869                   4.186781 
 Lrnr_xgboost_20_1_5_5_0.3  Lrnr_xgboost_20_1_5_6_0.3 
                  4.329400                   4.400697 
Lrnr_xgboost_20_1_5_1_0.25 Lrnr_xgboost_20_1_5_2_0.25 
                  4.431181                   4.133688 
Lrnr_xgboost_20_1_5_3_0.25 Lrnr_xgboost_20_1_5_4_0.25 
                  4.125837                   4.151545 
Lrnr_xgboost_20_1_5_5_0.25 Lrnr_xgboost_20_1_5_6_0.25 
                  4.270862                   4.346958 
 Lrnr_xgboost_20_1_5_1_0.2  Lrnr_xgboost_20_1_5_2_0.2 
                  4.596899                   4.181152 
 Lrnr_xgboost_20_1_5_3_0.2  Lrnr_xgboost_20_1_5_4_0.2 
                  4.119767                   4.145872 
 Lrnr_xgboost_20_1_5_5_0.2  Lrnr_xgboost_20_1_5_6_0.2 
                  4.217561                   4.328379 
Lrnr_xgboost_20_1_5_1_0.15 Lrnr_xgboost_20_1_5_2_0.15 
                  4.838974                   4.277660 
Lrnr_xgboost_20_1_5_3_0.15 Lrnr_xgboost_20_1_5_4_0.15 
                  4.172154                   4.148503 
Lrnr_xgboost_20_1_5_5_0.15 Lrnr_xgboost_20_1_5_6_0.15 
                  4.224229                   4.291176 
 Lrnr_xgboost_20_1_5_1_0.3  Lrnr_xgboost_20_1_5_2_0.3 
                0.10632219                 0.08933408 
 Lrnr_xgboost_20_1_5_3_0.3  Lrnr_xgboost_20_1_5_4_0.3 
                0.08812011                 0.08776221 
 Lrnr_xgboost_20_1_5_5_0.3  Lrnr_xgboost_20_1_5_6_0.3 
                0.08796368                 0.08842765 
Lrnr_xgboost_20_1_5_1_0.25 Lrnr_xgboost_20_1_5_2_0.25 
                0.11205995                 0.09003172 
Lrnr_xgboost_20_1_5_3_0.25 Lrnr_xgboost_20_1_5_4_0.25 
                0.08830012                 0.08808414 
Lrnr_xgboost_20_1_5_5_0.25 Lrnr_xgboost_20_1_5_6_0.25 
                0.08788677                 0.08821885 
 Lrnr_xgboost_20_1_5_1_0.2  Lrnr_xgboost_20_1_5_2_0.2 
                0.11956695                 0.09248672 
 Lrnr_xgboost_20_1_5_3_0.2  Lrnr_xgboost_20_1_5_4_0.2 
                0.08927590                 0.08822276 
 Lrnr_xgboost_20_1_5_5_0.2  Lrnr_xgboost_20_1_5_6_0.2 
                0.08786370                 0.08831256 
Lrnr_xgboost_20_1_5_1_0.15 Lrnr_xgboost_20_1_5_2_0.15 
                0.13055159                 0.09621569 
Lrnr_xgboost_20_1_5_3_0.15 Lrnr_xgboost_20_1_5_4_0.15 
                0.09101474                 0.08944026 
Lrnr_xgboost_20_1_5_5_0.15 Lrnr_xgboost_20_1_5_6_0.15 
                0.08869549                 0.08878470 
[1] "done"
NULL
NULL
NULL
[1] "done"
[1] "all"
[1] -0.6837847 -0.7914874
[1] "iter: 16"
[1] 24
[1] 4302   58
 Lrnr_xgboost_20_1_5_1_0.3  Lrnr_xgboost_20_1_5_2_0.3 
                  3.813168                   3.797150 
 Lrnr_xgboost_20_1_5_3_0.3  Lrnr_xgboost_20_1_5_4_0.3 
                  3.813206                   3.847379 
 Lrnr_xgboost_20_1_5_5_0.3  Lrnr_xgboost_20_1_5_6_0.3 
                  3.924333                   3.982861 
Lrnr_xgboost_20_1_5_1_0.25 Lrnr_xgboost_20_1_5_2_0.25 
                  3.819490                   3.786801 
Lrnr_xgboost_20_1_5_3_0.25 Lrnr_xgboost_20_1_5_4_0.25 
                  3.803371                   3.837920 
Lrnr_xgboost_20_1_5_5_0.25 Lrnr_xgboost_20_1_5_6_0.25 
                  3.871403                   3.954608 
 Lrnr_xgboost_20_1_5_1_0.2  Lrnr_xgboost_20_1_5_2_0.2 
                  3.829721                   3.792353 
 Lrnr_xgboost_20_1_5_3_0.2  Lrnr_xgboost_20_1_5_4_0.2 
                  3.807038                   3.821983 
 Lrnr_xgboost_20_1_5_5_0.2  Lrnr_xgboost_20_1_5_6_0.2 
                  3.861180                   3.905748 
Lrnr_xgboost_20_1_5_1_0.15 Lrnr_xgboost_20_1_5_2_0.15 
                  3.843818                   3.798671 
Lrnr_xgboost_20_1_5_3_0.15 Lrnr_xgboost_20_1_5_4_0.15 
                  3.805469                   3.807967 
Lrnr_xgboost_20_1_5_5_0.15 Lrnr_xgboost_20_1_5_6_0.15 
                  3.840942                   3.889167 
 Lrnr_xgboost_20_1_5_1_0.3  Lrnr_xgboost_20_1_5_2_0.3 
                  4.140082                   3.998726 
 Lrnr_xgboost_20_1_5_3_0.3  Lrnr_xgboost_20_1_5_4_0.3 
                  4.008040                   4.029126 
 Lrnr_xgboost_20_1_5_5_0.3  Lrnr_xgboost_20_1_5_6_0.3 
                  4.031230                   4.084653 
Lrnr_xgboost_20_1_5_1_0.25 Lrnr_xgboost_20_1_5_2_0.25 
                  4.220711                   4.010953 
Lrnr_xgboost_20_1_5_3_0.25 Lrnr_xgboost_20_1_5_4_0.25 
                  3.999115                   4.012839 
Lrnr_xgboost_20_1_5_5_0.25 Lrnr_xgboost_20_1_5_6_0.25 
                  4.017770                   4.078367 
 Lrnr_xgboost_20_1_5_1_0.2  Lrnr_xgboost_20_1_5_2_0.2 
                  4.350725                   4.037584 
 Lrnr_xgboost_20_1_5_3_0.2  Lrnr_xgboost_20_1_5_4_0.2 
                  4.006127                   3.997909 
 Lrnr_xgboost_20_1_5_5_0.2  Lrnr_xgboost_20_1_5_6_0.2 
                  4.021639                   4.055006 
Lrnr_xgboost_20_1_5_1_0.15 Lrnr_xgboost_20_1_5_2_0.15 
                  4.595906                   4.108689 
Lrnr_xgboost_20_1_5_3_0.15 Lrnr_xgboost_20_1_5_4_0.15 
                  4.027949                   3.996288 
Lrnr_xgboost_20_1_5_5_0.15 Lrnr_xgboost_20_1_5_6_0.15 
                  4.020109                   4.051246 
 Lrnr_xgboost_20_1_5_1_0.3  Lrnr_xgboost_20_1_5_2_0.3 
                0.10659706                 0.08877601 
 Lrnr_xgboost_20_1_5_3_0.3  Lrnr_xgboost_20_1_5_4_0.3 
                0.08833081                 0.08839566 
 Lrnr_xgboost_20_1_5_5_0.3  Lrnr_xgboost_20_1_5_6_0.3 
                0.08910458                 0.08960400 
Lrnr_xgboost_20_1_5_1_0.25 Lrnr_xgboost_20_1_5_2_0.25 
                0.11173354                 0.08978928 
Lrnr_xgboost_20_1_5_3_0.25 Lrnr_xgboost_20_1_5_4_0.25 
                0.08847326                 0.08796807 
Lrnr_xgboost_20_1_5_5_0.25 Lrnr_xgboost_20_1_5_6_0.25 
                0.08860549                 0.08938094 
 Lrnr_xgboost_20_1_5_1_0.2  Lrnr_xgboost_20_1_5_2_0.2 
                0.11967159                 0.09186283 
 Lrnr_xgboost_20_1_5_3_0.2  Lrnr_xgboost_20_1_5_4_0.2 
                0.08905192                 0.08830702 
 Lrnr_xgboost_20_1_5_5_0.2  Lrnr_xgboost_20_1_5_6_0.2 
                0.08878401                 0.08908090 
Lrnr_xgboost_20_1_5_1_0.15 Lrnr_xgboost_20_1_5_2_0.15 
                0.13053874                 0.09642738 
Lrnr_xgboost_20_1_5_3_0.15 Lrnr_xgboost_20_1_5_4_0.15 
                0.09062535                 0.08939806 
Lrnr_xgboost_20_1_5_5_0.15 Lrnr_xgboost_20_1_5_6_0.15 
                0.08930452                 0.08979365 
[1] "done"
NULL
NULL
NULL
[1] "done"
[1] "all"
[1] -0.7548230 -0.8121212
[1] "iter: 17"
[1] 24
[1] 4302   58
 Lrnr_xgboost_20_1_5_1_0.3  Lrnr_xgboost_20_1_5_2_0.3 
                  4.036460                   4.019450 
 Lrnr_xgboost_20_1_5_3_0.3  Lrnr_xgboost_20_1_5_4_0.3 
                  4.034105                   4.072528 
 Lrnr_xgboost_20_1_5_5_0.3  Lrnr_xgboost_20_1_5_6_0.3 
                  4.081873                   4.104562 
Lrnr_xgboost_20_1_5_1_0.25 Lrnr_xgboost_20_1_5_2_0.25 
                  4.037717                   4.019556 
Lrnr_xgboost_20_1_5_3_0.25 Lrnr_xgboost_20_1_5_4_0.25 
                  4.028334                   4.041407 
Lrnr_xgboost_20_1_5_5_0.25 Lrnr_xgboost_20_1_5_6_0.25 
                  4.076501                   4.099455 
 Lrnr_xgboost_20_1_5_1_0.2  Lrnr_xgboost_20_1_5_2_0.2 
                  4.040977                   4.017624 
 Lrnr_xgboost_20_1_5_3_0.2  Lrnr_xgboost_20_1_5_4_0.2 
                  4.023268                   4.042728 
 Lrnr_xgboost_20_1_5_5_0.2  Lrnr_xgboost_20_1_5_6_0.2 
                  4.065013                   4.090024 
Lrnr_xgboost_20_1_5_1_0.15 Lrnr_xgboost_20_1_5_2_0.15 
                  4.061794                   4.018635 
Lrnr_xgboost_20_1_5_3_0.15 Lrnr_xgboost_20_1_5_4_0.15 
                  4.017171                   4.041044 
Lrnr_xgboost_20_1_5_5_0.15 Lrnr_xgboost_20_1_5_6_0.15 
                  4.049144                   4.089970 
 Lrnr_xgboost_20_1_5_1_0.3  Lrnr_xgboost_20_1_5_2_0.3 
                  4.109091                   3.863016 
 Lrnr_xgboost_20_1_5_3_0.3  Lrnr_xgboost_20_1_5_4_0.3 
                  3.861229                   3.884476 
 Lrnr_xgboost_20_1_5_5_0.3  Lrnr_xgboost_20_1_5_6_0.3 
                  3.977415                   4.116748 
Lrnr_xgboost_20_1_5_1_0.25 Lrnr_xgboost_20_1_5_2_0.25 
                  4.186613                   3.882236 
Lrnr_xgboost_20_1_5_3_0.25 Lrnr_xgboost_20_1_5_4_0.25 
                  3.845814                   3.896752 
Lrnr_xgboost_20_1_5_5_0.25 Lrnr_xgboost_20_1_5_6_0.25 
                  3.965535                   4.078912 
 Lrnr_xgboost_20_1_5_1_0.2  Lrnr_xgboost_20_1_5_2_0.2 
                  4.337178                   3.912182 
 Lrnr_xgboost_20_1_5_3_0.2  Lrnr_xgboost_20_1_5_4_0.2 
                  3.849279                   3.876074 
 Lrnr_xgboost_20_1_5_5_0.2  Lrnr_xgboost_20_1_5_6_0.2 
                  3.963016                   4.055479 
Lrnr_xgboost_20_1_5_1_0.15 Lrnr_xgboost_20_1_5_2_0.15 
                  4.586854                   4.007081 
Lrnr_xgboost_20_1_5_3_0.15 Lrnr_xgboost_20_1_5_4_0.15 
                  3.887372                   3.883278 
Lrnr_xgboost_20_1_5_5_0.15 Lrnr_xgboost_20_1_5_6_0.15 
                  3.914523                   4.021545 
 Lrnr_xgboost_20_1_5_1_0.3  Lrnr_xgboost_20_1_5_2_0.3 
                0.10827366                 0.09078147 
 Lrnr_xgboost_20_1_5_3_0.3  Lrnr_xgboost_20_1_5_4_0.3 
                0.08977856                 0.09037188 
 Lrnr_xgboost_20_1_5_5_0.3  Lrnr_xgboost_20_1_5_6_0.3 
                0.09069240                 0.09145299 
Lrnr_xgboost_20_1_5_1_0.25 Lrnr_xgboost_20_1_5_2_0.25 
                0.11377881                 0.09184140 
Lrnr_xgboost_20_1_5_3_0.25 Lrnr_xgboost_20_1_5_4_0.25 
                0.09035568                 0.09050826 
Lrnr_xgboost_20_1_5_5_0.25 Lrnr_xgboost_20_1_5_6_0.25 
                0.09093202                 0.09160551 
 Lrnr_xgboost_20_1_5_1_0.2  Lrnr_xgboost_20_1_5_2_0.2 
                0.12099388                 0.09402161 
 Lrnr_xgboost_20_1_5_3_0.2  Lrnr_xgboost_20_1_5_4_0.2 
                0.09108174                 0.09064324 
 Lrnr_xgboost_20_1_5_5_0.2  Lrnr_xgboost_20_1_5_6_0.2 
                0.09096863                 0.09163333 
Lrnr_xgboost_20_1_5_1_0.15 Lrnr_xgboost_20_1_5_2_0.15 
                0.13286082                 0.09840775 
Lrnr_xgboost_20_1_5_3_0.15 Lrnr_xgboost_20_1_5_4_0.15 
                0.09256927                 0.09192116 
Lrnr_xgboost_20_1_5_5_0.15 Lrnr_xgboost_20_1_5_6_0.15 
                0.09191622                 0.09212384 
[1] "done"
NULL
NULL
NULL
[1] "done"
[1] "all"
[1] -0.7935966 -0.8313522
[1] "iter: 18"
[1] 24
[1] 4302   58
 Lrnr_xgboost_20_1_5_1_0.3  Lrnr_xgboost_20_1_5_2_0.3 
                  3.784069                   3.812738 
 Lrnr_xgboost_20_1_5_3_0.3  Lrnr_xgboost_20_1_5_4_0.3 
                  3.845189                   3.873876 
 Lrnr_xgboost_20_1_5_5_0.3  Lrnr_xgboost_20_1_5_6_0.3 
                  3.906635                   3.933730 
Lrnr_xgboost_20_1_5_1_0.25 Lrnr_xgboost_20_1_5_2_0.25 
                  3.778630                   3.808040 
Lrnr_xgboost_20_1_5_3_0.25 Lrnr_xgboost_20_1_5_4_0.25 
                  3.833052                   3.870486 
Lrnr_xgboost_20_1_5_5_0.25 Lrnr_xgboost_20_1_5_6_0.25 
                  3.899526                   3.931818 
 Lrnr_xgboost_20_1_5_1_0.2  Lrnr_xgboost_20_1_5_2_0.2 
                  3.774073                   3.789240 
 Lrnr_xgboost_20_1_5_3_0.2  Lrnr_xgboost_20_1_5_4_0.2 
                  3.811523                   3.849959 
 Lrnr_xgboost_20_1_5_5_0.2  Lrnr_xgboost_20_1_5_6_0.2 
                  3.866469                   3.900504 
Lrnr_xgboost_20_1_5_1_0.15 Lrnr_xgboost_20_1_5_2_0.15 
                  3.789582                   3.783674 
Lrnr_xgboost_20_1_5_3_0.15 Lrnr_xgboost_20_1_5_4_0.15 
                  3.803053                   3.829651 
Lrnr_xgboost_20_1_5_5_0.15 Lrnr_xgboost_20_1_5_6_0.15 
                  3.848812                   3.885719 
 Lrnr_xgboost_20_1_5_1_0.3  Lrnr_xgboost_20_1_5_2_0.3 
                  4.310314                   4.105641 
 Lrnr_xgboost_20_1_5_3_0.3  Lrnr_xgboost_20_1_5_4_0.3 
                  4.137253                   4.149612 
 Lrnr_xgboost_20_1_5_5_0.3  Lrnr_xgboost_20_1_5_6_0.3 
                  4.184419                   4.267831 
Lrnr_xgboost_20_1_5_1_0.25 Lrnr_xgboost_20_1_5_2_0.25 
                  4.416744                   4.111104 
Lrnr_xgboost_20_1_5_3_0.25 Lrnr_xgboost_20_1_5_4_0.25 
                  4.112918                   4.116276 
Lrnr_xgboost_20_1_5_5_0.25 Lrnr_xgboost_20_1_5_6_0.25 
                  4.180772                   4.271469 
 Lrnr_xgboost_20_1_5_1_0.2  Lrnr_xgboost_20_1_5_2_0.2 
                  4.565605                   4.183277 
 Lrnr_xgboost_20_1_5_3_0.2  Lrnr_xgboost_20_1_5_4_0.2 
                  4.105119                   4.106522 
 Lrnr_xgboost_20_1_5_5_0.2  Lrnr_xgboost_20_1_5_6_0.2 
                  4.136996                   4.240974 
Lrnr_xgboost_20_1_5_1_0.15 Lrnr_xgboost_20_1_5_2_0.15 
                  4.810534                   4.280483 
Lrnr_xgboost_20_1_5_3_0.15 Lrnr_xgboost_20_1_5_4_0.15 
                  4.147646                   4.122478 
Lrnr_xgboost_20_1_5_5_0.15 Lrnr_xgboost_20_1_5_6_0.15 
                  4.154442                   4.225445 
 Lrnr_xgboost_20_1_5_1_0.3  Lrnr_xgboost_20_1_5_2_0.3 
                0.10550376                 0.08989723 
 Lrnr_xgboost_20_1_5_3_0.3  Lrnr_xgboost_20_1_5_4_0.3 
                0.08953271                 0.08937242 
 Lrnr_xgboost_20_1_5_5_0.3  Lrnr_xgboost_20_1_5_6_0.3 
                0.09075171                 0.09174155 
Lrnr_xgboost_20_1_5_1_0.25 Lrnr_xgboost_20_1_5_2_0.25 
                0.11150372                 0.09065385 
Lrnr_xgboost_20_1_5_3_0.25 Lrnr_xgboost_20_1_5_4_0.25 
                0.08921562                 0.08948928 
Lrnr_xgboost_20_1_5_5_0.25 Lrnr_xgboost_20_1_5_6_0.25 
                0.09010937                 0.09127723 
 Lrnr_xgboost_20_1_5_1_0.2  Lrnr_xgboost_20_1_5_2_0.2 
                0.11882282                 0.09271082 
 Lrnr_xgboost_20_1_5_3_0.2  Lrnr_xgboost_20_1_5_4_0.2 
                0.08954571                 0.08941106 
 Lrnr_xgboost_20_1_5_5_0.2  Lrnr_xgboost_20_1_5_6_0.2 
                0.08998331                 0.09102512 
Lrnr_xgboost_20_1_5_1_0.15 Lrnr_xgboost_20_1_5_2_0.15 
                0.13003279                 0.09722790 
Lrnr_xgboost_20_1_5_3_0.15 Lrnr_xgboost_20_1_5_4_0.15 
                0.09139667                 0.09041413 
Lrnr_xgboost_20_1_5_5_0.15 Lrnr_xgboost_20_1_5_6_0.15 
                0.09016286                 0.09145963 
[1] "done"
NULL
NULL
NULL
[1] "done"
[1] "all"
[1] -0.7954193 -0.9392071
[1] "iter: 19"
[1] 24
[1] 4302   58
 Lrnr_xgboost_20_1_5_1_0.3  Lrnr_xgboost_20_1_5_2_0.3 
                  3.965612                   3.998665 
 Lrnr_xgboost_20_1_5_3_0.3  Lrnr_xgboost_20_1_5_4_0.3 
                  4.028609                   4.077788 
 Lrnr_xgboost_20_1_5_5_0.3  Lrnr_xgboost_20_1_5_6_0.3 
                  4.130345                   4.190040 
Lrnr_xgboost_20_1_5_1_0.25 Lrnr_xgboost_20_1_5_2_0.25 
                  3.959585                   3.985138 
Lrnr_xgboost_20_1_5_3_0.25 Lrnr_xgboost_20_1_5_4_0.25 
                  4.011665                   4.061046 
Lrnr_xgboost_20_1_5_5_0.25 Lrnr_xgboost_20_1_5_6_0.25 
                  4.101649                   4.145239 
 Lrnr_xgboost_20_1_5_1_0.2  Lrnr_xgboost_20_1_5_2_0.2 
                  3.960210                   3.977026 
 Lrnr_xgboost_20_1_5_3_0.2  Lrnr_xgboost_20_1_5_4_0.2 
                  4.000962                   4.040382 
 Lrnr_xgboost_20_1_5_5_0.2  Lrnr_xgboost_20_1_5_6_0.2 
                  4.076667                   4.133893 
Lrnr_xgboost_20_1_5_1_0.15 Lrnr_xgboost_20_1_5_2_0.15 
                  3.981884                   3.964411 
Lrnr_xgboost_20_1_5_3_0.15 Lrnr_xgboost_20_1_5_4_0.15 
                  3.981612                   4.007305 
Lrnr_xgboost_20_1_5_5_0.15 Lrnr_xgboost_20_1_5_6_0.15 
                  4.046278                   4.083410 
 Lrnr_xgboost_20_1_5_1_0.3  Lrnr_xgboost_20_1_5_2_0.3 
                  4.268162                   4.132976 
 Lrnr_xgboost_20_1_5_3_0.3  Lrnr_xgboost_20_1_5_4_0.3 
                  4.140371                   4.199825 
 Lrnr_xgboost_20_1_5_5_0.3  Lrnr_xgboost_20_1_5_6_0.3 
                  4.273309                   4.367043 
Lrnr_xgboost_20_1_5_1_0.25 Lrnr_xgboost_20_1_5_2_0.25 
                  4.356837                   4.125644 
Lrnr_xgboost_20_1_5_3_0.25 Lrnr_xgboost_20_1_5_4_0.25 
                  4.128480                   4.176460 
Lrnr_xgboost_20_1_5_5_0.25 Lrnr_xgboost_20_1_5_6_0.25 
                  4.236599                   4.333352 
 Lrnr_xgboost_20_1_5_1_0.2  Lrnr_xgboost_20_1_5_2_0.2 
                  4.486216                   4.161180 
 Lrnr_xgboost_20_1_5_3_0.2  Lrnr_xgboost_20_1_5_4_0.2 
                  4.143397                   4.159104 
 Lrnr_xgboost_20_1_5_5_0.2  Lrnr_xgboost_20_1_5_6_0.2 
                  4.243941                   4.297172 
Lrnr_xgboost_20_1_5_1_0.15 Lrnr_xgboost_20_1_5_2_0.15 
                  4.699615                   4.265632 
Lrnr_xgboost_20_1_5_3_0.15 Lrnr_xgboost_20_1_5_4_0.15 
                  4.169637                   4.155895 
Lrnr_xgboost_20_1_5_5_0.15 Lrnr_xgboost_20_1_5_6_0.15 
                  4.229948                   4.298238 
 Lrnr_xgboost_20_1_5_1_0.3  Lrnr_xgboost_20_1_5_2_0.3 
                0.10702721                 0.08957510 
 Lrnr_xgboost_20_1_5_3_0.3  Lrnr_xgboost_20_1_5_4_0.3 
                0.08828681                 0.08868539 
 Lrnr_xgboost_20_1_5_5_0.3  Lrnr_xgboost_20_1_5_6_0.3 
                0.08887618                 0.08896489 
Lrnr_xgboost_20_1_5_1_0.25 Lrnr_xgboost_20_1_5_2_0.25 
                0.11219417                 0.09056228 
Lrnr_xgboost_20_1_5_3_0.25 Lrnr_xgboost_20_1_5_4_0.25 
                0.08874312                 0.08869801 
Lrnr_xgboost_20_1_5_5_0.25 Lrnr_xgboost_20_1_5_6_0.25 
                0.08874035                 0.08908748 
 Lrnr_xgboost_20_1_5_1_0.2  Lrnr_xgboost_20_1_5_2_0.2 
                0.11977319                 0.09279698 
 Lrnr_xgboost_20_1_5_3_0.2  Lrnr_xgboost_20_1_5_4_0.2 
                0.08990136                 0.08885461 
 Lrnr_xgboost_20_1_5_5_0.2  Lrnr_xgboost_20_1_5_6_0.2 
                0.08890067                 0.08888552 
Lrnr_xgboost_20_1_5_1_0.15 Lrnr_xgboost_20_1_5_2_0.15 
                0.13087656                 0.09687819 
Lrnr_xgboost_20_1_5_3_0.15 Lrnr_xgboost_20_1_5_4_0.15 
                0.09134695                 0.09015768 
Lrnr_xgboost_20_1_5_5_0.15 Lrnr_xgboost_20_1_5_6_0.15 
                0.08965213                 0.08938015 
[1] "done"
NULL
NULL
NULL
[1] "done"
[1] "all"
[1] -0.8548888 -0.9605613
[1] "iter: 20"
[1] 24
[1] 4302   58
 Lrnr_xgboost_20_1_5_1_0.3  Lrnr_xgboost_20_1_5_2_0.3 
                  3.915288                   3.884143 
 Lrnr_xgboost_20_1_5_3_0.3  Lrnr_xgboost_20_1_5_4_0.3 
                  3.868733                   3.899163 
 Lrnr_xgboost_20_1_5_5_0.3  Lrnr_xgboost_20_1_5_6_0.3 
                  3.954255                   3.986569 
Lrnr_xgboost_20_1_5_1_0.25 Lrnr_xgboost_20_1_5_2_0.25 
                  3.917553                   3.887238 
Lrnr_xgboost_20_1_5_3_0.25 Lrnr_xgboost_20_1_5_4_0.25 
                  3.858742                   3.884766 
Lrnr_xgboost_20_1_5_5_0.25 Lrnr_xgboost_20_1_5_6_0.25 
                  3.926941                   3.955200 
 Lrnr_xgboost_20_1_5_1_0.2  Lrnr_xgboost_20_1_5_2_0.2 
                  3.925920                   3.877626 
 Lrnr_xgboost_20_1_5_3_0.2  Lrnr_xgboost_20_1_5_4_0.2 
                  3.854155                   3.882948 
 Lrnr_xgboost_20_1_5_5_0.2  Lrnr_xgboost_20_1_5_6_0.2 
                  3.910436                   3.936177 
Lrnr_xgboost_20_1_5_1_0.15 Lrnr_xgboost_20_1_5_2_0.15 
                  3.943487                   3.886817 
Lrnr_xgboost_20_1_5_3_0.15 Lrnr_xgboost_20_1_5_4_0.15 
                  3.858504                   3.868009 
Lrnr_xgboost_20_1_5_5_0.15 Lrnr_xgboost_20_1_5_6_0.15 
                  3.897501                   3.912980 
 Lrnr_xgboost_20_1_5_1_0.3  Lrnr_xgboost_20_1_5_2_0.3 
                  4.148687                   3.934609 
 Lrnr_xgboost_20_1_5_3_0.3  Lrnr_xgboost_20_1_5_4_0.3 
                  3.939333                   3.955583 
 Lrnr_xgboost_20_1_5_5_0.3  Lrnr_xgboost_20_1_5_6_0.3 
                  4.055416                   4.187311 
Lrnr_xgboost_20_1_5_1_0.25 Lrnr_xgboost_20_1_5_2_0.25 
                  4.249701                   3.927797 
Lrnr_xgboost_20_1_5_3_0.25 Lrnr_xgboost_20_1_5_4_0.25 
                  3.931682                   3.945923 
Lrnr_xgboost_20_1_5_5_0.25 Lrnr_xgboost_20_1_5_6_0.25 
                  4.036025                   4.132660 
 Lrnr_xgboost_20_1_5_1_0.2  Lrnr_xgboost_20_1_5_2_0.2 
                  4.447593                   3.974015 
 Lrnr_xgboost_20_1_5_3_0.2  Lrnr_xgboost_20_1_5_4_0.2 
                  3.926330                   3.940031 
 Lrnr_xgboost_20_1_5_5_0.2  Lrnr_xgboost_20_1_5_6_0.2 
                  3.996183                   4.074203 
Lrnr_xgboost_20_1_5_1_0.15 Lrnr_xgboost_20_1_5_2_0.15 
                  4.729510                   4.088159 
Lrnr_xgboost_20_1_5_3_0.15 Lrnr_xgboost_20_1_5_4_0.15 
                  3.956994                   3.953761 
Lrnr_xgboost_20_1_5_5_0.15 Lrnr_xgboost_20_1_5_6_0.15 
                  3.982774                   4.078047 
 Lrnr_xgboost_20_1_5_1_0.3  Lrnr_xgboost_20_1_5_2_0.3 
                0.10330714                 0.08564299 
 Lrnr_xgboost_20_1_5_3_0.3  Lrnr_xgboost_20_1_5_4_0.3 
                0.08504992                 0.08481932 
 Lrnr_xgboost_20_1_5_5_0.3  Lrnr_xgboost_20_1_5_6_0.3 
                0.08474675                 0.08500038 
Lrnr_xgboost_20_1_5_1_0.25 Lrnr_xgboost_20_1_5_2_0.25 
                0.10941720                 0.08708937 
Lrnr_xgboost_20_1_5_3_0.25 Lrnr_xgboost_20_1_5_4_0.25 
                0.08508591                 0.08482377 
Lrnr_xgboost_20_1_5_5_0.25 Lrnr_xgboost_20_1_5_6_0.25 
                0.08463274                 0.08494135 
 Lrnr_xgboost_20_1_5_1_0.2  Lrnr_xgboost_20_1_5_2_0.2 
                0.11684911                 0.08868382 
 Lrnr_xgboost_20_1_5_3_0.2  Lrnr_xgboost_20_1_5_4_0.2 
                0.08577733                 0.08497960 
 Lrnr_xgboost_20_1_5_5_0.2  Lrnr_xgboost_20_1_5_6_0.2 
                0.08463061                 0.08487791 
Lrnr_xgboost_20_1_5_1_0.15 Lrnr_xgboost_20_1_5_2_0.15 
                0.12804827                 0.09312055 
Lrnr_xgboost_20_1_5_3_0.15 Lrnr_xgboost_20_1_5_4_0.15 
                0.08785121                 0.08588950 
Lrnr_xgboost_20_1_5_5_0.15 Lrnr_xgboost_20_1_5_6_0.15 
                0.08505419                 0.08516755 
[1] "done"
NULL
NULL
NULL
[1] "done"
[1] "all"
[1] -0.7013697 -0.6942778
[1] "iter: 21"
[1] 24
[1] 4302   58
 Lrnr_xgboost_20_1_5_1_0.3  Lrnr_xgboost_20_1_5_2_0.3 
                  3.689402                   3.701580 
 Lrnr_xgboost_20_1_5_3_0.3  Lrnr_xgboost_20_1_5_4_0.3 
                  3.734504                   3.754533 
 Lrnr_xgboost_20_1_5_5_0.3  Lrnr_xgboost_20_1_5_6_0.3 
                  3.791553                   3.813457 
Lrnr_xgboost_20_1_5_1_0.25 Lrnr_xgboost_20_1_5_2_0.25 
                  3.689129                   3.691743 
Lrnr_xgboost_20_1_5_3_0.25 Lrnr_xgboost_20_1_5_4_0.25 
                  3.722048                   3.742926 
Lrnr_xgboost_20_1_5_5_0.25 Lrnr_xgboost_20_1_5_6_0.25 
                  3.774770                   3.792912 
 Lrnr_xgboost_20_1_5_1_0.2  Lrnr_xgboost_20_1_5_2_0.2 
                  3.698037                   3.696225 
 Lrnr_xgboost_20_1_5_3_0.2  Lrnr_xgboost_20_1_5_4_0.2 
                  3.716833                   3.737102 
 Lrnr_xgboost_20_1_5_5_0.2  Lrnr_xgboost_20_1_5_6_0.2 
                  3.760656                   3.782908 
Lrnr_xgboost_20_1_5_1_0.15 Lrnr_xgboost_20_1_5_2_0.15 
                  3.718114                   3.690226 
Lrnr_xgboost_20_1_5_3_0.15 Lrnr_xgboost_20_1_5_4_0.15 
                  3.708816                   3.732181 
Lrnr_xgboost_20_1_5_5_0.15 Lrnr_xgboost_20_1_5_6_0.15 
                  3.746206                   3.763910 
 Lrnr_xgboost_20_1_5_1_0.3  Lrnr_xgboost_20_1_5_2_0.3 
                  4.333651                   4.115646 
 Lrnr_xgboost_20_1_5_3_0.3  Lrnr_xgboost_20_1_5_4_0.3 
                  4.115750                   4.196178 
 Lrnr_xgboost_20_1_5_5_0.3  Lrnr_xgboost_20_1_5_6_0.3 
                  4.291162                   4.383283 
Lrnr_xgboost_20_1_5_1_0.25 Lrnr_xgboost_20_1_5_2_0.25 
                  4.444459                   4.122950 
Lrnr_xgboost_20_1_5_3_0.25 Lrnr_xgboost_20_1_5_4_0.25 
                  4.115225                   4.155018 
Lrnr_xgboost_20_1_5_5_0.25 Lrnr_xgboost_20_1_5_6_0.25 
                  4.259473                   4.328740 
 Lrnr_xgboost_20_1_5_1_0.2  Lrnr_xgboost_20_1_5_2_0.2 
                  4.609498                   4.164861 
 Lrnr_xgboost_20_1_5_3_0.2  Lrnr_xgboost_20_1_5_4_0.2 
                  4.120795                   4.144909 
 Lrnr_xgboost_20_1_5_5_0.2  Lrnr_xgboost_20_1_5_6_0.2 
                  4.205606                   4.300630 
Lrnr_xgboost_20_1_5_1_0.15 Lrnr_xgboost_20_1_5_2_0.15 
                  4.841065                   4.275675 
Lrnr_xgboost_20_1_5_3_0.15 Lrnr_xgboost_20_1_5_4_0.15 
                  4.152004                   4.150282 
Lrnr_xgboost_20_1_5_5_0.15 Lrnr_xgboost_20_1_5_6_0.15 
                  4.196479                   4.279523 
 Lrnr_xgboost_20_1_5_1_0.3  Lrnr_xgboost_20_1_5_2_0.3 
                0.11111987                 0.09512969 
 Lrnr_xgboost_20_1_5_3_0.3  Lrnr_xgboost_20_1_5_4_0.3 
                0.09464855                 0.09460561 
 Lrnr_xgboost_20_1_5_5_0.3  Lrnr_xgboost_20_1_5_6_0.3 
                0.09516689                 0.09502955 
Lrnr_xgboost_20_1_5_1_0.25 Lrnr_xgboost_20_1_5_2_0.25 
                0.11578804                 0.09653542 
Lrnr_xgboost_20_1_5_3_0.25 Lrnr_xgboost_20_1_5_4_0.25 
                0.09474191                 0.09459532 
Lrnr_xgboost_20_1_5_5_0.25 Lrnr_xgboost_20_1_5_6_0.25 
                0.09480413                 0.09500107 
 Lrnr_xgboost_20_1_5_1_0.2  Lrnr_xgboost_20_1_5_2_0.2 
                0.12300526                 0.09850569 
 Lrnr_xgboost_20_1_5_3_0.2  Lrnr_xgboost_20_1_5_4_0.2 
                0.09551648                 0.09463654 
 Lrnr_xgboost_20_1_5_5_0.2  Lrnr_xgboost_20_1_5_6_0.2 
                0.09491322                 0.09489881 
Lrnr_xgboost_20_1_5_1_0.15 Lrnr_xgboost_20_1_5_2_0.15 
                0.13422598                 0.10251735 
Lrnr_xgboost_20_1_5_3_0.15 Lrnr_xgboost_20_1_5_4_0.15 
                0.09750203                 0.09545268 
Lrnr_xgboost_20_1_5_5_0.15 Lrnr_xgboost_20_1_5_6_0.15 
                0.09551318                 0.09543711 
[1] "done"
NULL
NULL
NULL
[1] "done"
[1] "all"
[1] -0.7093216 -0.8186962
[1] "iter: 22"
[1] 24
[1] 4302   58
 Lrnr_xgboost_20_1_5_1_0.3  Lrnr_xgboost_20_1_5_2_0.3 
                  3.671502                   3.638003 
 Lrnr_xgboost_20_1_5_3_0.3  Lrnr_xgboost_20_1_5_4_0.3 
                  3.661060                   3.687312 
 Lrnr_xgboost_20_1_5_5_0.3  Lrnr_xgboost_20_1_5_6_0.3 
                  3.738791                   3.777472 
Lrnr_xgboost_20_1_5_1_0.25 Lrnr_xgboost_20_1_5_2_0.25 
                  3.679165                   3.631194 
Lrnr_xgboost_20_1_5_3_0.25 Lrnr_xgboost_20_1_5_4_0.25 
                  3.645606                   3.679160 
Lrnr_xgboost_20_1_5_5_0.25 Lrnr_xgboost_20_1_5_6_0.25 
                  3.719886                   3.758078 
 Lrnr_xgboost_20_1_5_1_0.2  Lrnr_xgboost_20_1_5_2_0.2 
                  3.685265                   3.625447 
 Lrnr_xgboost_20_1_5_3_0.2  Lrnr_xgboost_20_1_5_4_0.2 
                  3.635164                   3.651480 
 Lrnr_xgboost_20_1_5_5_0.2  Lrnr_xgboost_20_1_5_6_0.2 
                  3.703495                   3.732020 
Lrnr_xgboost_20_1_5_1_0.15 Lrnr_xgboost_20_1_5_2_0.15 
                  3.708296                   3.633606 
Lrnr_xgboost_20_1_5_3_0.15 Lrnr_xgboost_20_1_5_4_0.15 
                  3.626179                   3.634150 
Lrnr_xgboost_20_1_5_5_0.15 Lrnr_xgboost_20_1_5_6_0.15 
                  3.676086                   3.707467 
 Lrnr_xgboost_20_1_5_1_0.3  Lrnr_xgboost_20_1_5_2_0.3 
                  4.341300                   4.117118 
 Lrnr_xgboost_20_1_5_3_0.3  Lrnr_xgboost_20_1_5_4_0.3 
                  4.136336                   4.150176 
 Lrnr_xgboost_20_1_5_5_0.3  Lrnr_xgboost_20_1_5_6_0.3 
                  4.261922                   4.323714 
Lrnr_xgboost_20_1_5_1_0.25 Lrnr_xgboost_20_1_5_2_0.25 
                  4.478860                   4.135517 
Lrnr_xgboost_20_1_5_3_0.25 Lrnr_xgboost_20_1_5_4_0.25 
                  4.110441                   4.139621 
Lrnr_xgboost_20_1_5_5_0.25 Lrnr_xgboost_20_1_5_6_0.25 
                  4.222944                   4.312138 
 Lrnr_xgboost_20_1_5_1_0.2  Lrnr_xgboost_20_1_5_2_0.2 
                  4.652969                   4.179491 
 Lrnr_xgboost_20_1_5_3_0.2  Lrnr_xgboost_20_1_5_4_0.2 
                  4.133698                   4.137693 
 Lrnr_xgboost_20_1_5_5_0.2  Lrnr_xgboost_20_1_5_6_0.2 
                  4.199019                   4.268865 
Lrnr_xgboost_20_1_5_1_0.15 Lrnr_xgboost_20_1_5_2_0.15 
                  4.946323                   4.315402 
Lrnr_xgboost_20_1_5_3_0.15 Lrnr_xgboost_20_1_5_4_0.15 
                  4.175794                   4.150075 
Lrnr_xgboost_20_1_5_5_0.15 Lrnr_xgboost_20_1_5_6_0.15 
                  4.178328                   4.229285 
 Lrnr_xgboost_20_1_5_1_0.3  Lrnr_xgboost_20_1_5_2_0.3 
                0.10488629                 0.08743982 
 Lrnr_xgboost_20_1_5_3_0.3  Lrnr_xgboost_20_1_5_4_0.3 
                0.08655255                 0.08670986 
 Lrnr_xgboost_20_1_5_5_0.3  Lrnr_xgboost_20_1_5_6_0.3 
                0.08755256                 0.08841051 
Lrnr_xgboost_20_1_5_1_0.25 Lrnr_xgboost_20_1_5_2_0.25 
                0.11043926                 0.08871396 
Lrnr_xgboost_20_1_5_3_0.25 Lrnr_xgboost_20_1_5_4_0.25 
                0.08678334                 0.08673623 
Lrnr_xgboost_20_1_5_5_0.25 Lrnr_xgboost_20_1_5_6_0.25 
                0.08730612                 0.08826576 
 Lrnr_xgboost_20_1_5_1_0.2  Lrnr_xgboost_20_1_5_2_0.2 
                0.11816561                 0.09017900 
 Lrnr_xgboost_20_1_5_3_0.2  Lrnr_xgboost_20_1_5_4_0.2 
                0.08748893                 0.08681950 
 Lrnr_xgboost_20_1_5_5_0.2  Lrnr_xgboost_20_1_5_6_0.2 
                0.08755494                 0.08774205 
Lrnr_xgboost_20_1_5_1_0.15 Lrnr_xgboost_20_1_5_2_0.15 
                0.12893739                 0.09472829 
Lrnr_xgboost_20_1_5_3_0.15 Lrnr_xgboost_20_1_5_4_0.15 
                0.08934976                 0.08802888 
Lrnr_xgboost_20_1_5_5_0.15 Lrnr_xgboost_20_1_5_6_0.15 
                0.08782247                 0.08838414 
[1] "done"
NULL
NULL
NULL
[1] "done"
[1] "all"
[1] -0.7548323 -0.8113927
[1] "iter: 23"
[1] 24
[1] 4302   58
 Lrnr_xgboost_20_1_5_1_0.3  Lrnr_xgboost_20_1_5_2_0.3 
                  3.678771                   3.646031 
 Lrnr_xgboost_20_1_5_3_0.3  Lrnr_xgboost_20_1_5_4_0.3 
                  3.674556                   3.715755 
 Lrnr_xgboost_20_1_5_5_0.3  Lrnr_xgboost_20_1_5_6_0.3 
                  3.785324                   3.834195 
Lrnr_xgboost_20_1_5_1_0.25 Lrnr_xgboost_20_1_5_2_0.25 
                  3.680005                   3.635481 
Lrnr_xgboost_20_1_5_3_0.25 Lrnr_xgboost_20_1_5_4_0.25 
                  3.664548                   3.712240 
Lrnr_xgboost_20_1_5_5_0.25 Lrnr_xgboost_20_1_5_6_0.25 
                  3.751269                   3.800707 
 Lrnr_xgboost_20_1_5_1_0.2  Lrnr_xgboost_20_1_5_2_0.2 
                  3.680316                   3.633830 
 Lrnr_xgboost_20_1_5_3_0.2  Lrnr_xgboost_20_1_5_4_0.2 
                  3.648166                   3.701284 
 Lrnr_xgboost_20_1_5_5_0.2  Lrnr_xgboost_20_1_5_6_0.2 
                  3.716677                   3.775181 
Lrnr_xgboost_20_1_5_1_0.15 Lrnr_xgboost_20_1_5_2_0.15 
                  3.695276                   3.635935 
Lrnr_xgboost_20_1_5_3_0.15 Lrnr_xgboost_20_1_5_4_0.15 
                  3.645676                   3.675247 
Lrnr_xgboost_20_1_5_5_0.15 Lrnr_xgboost_20_1_5_6_0.15 
                  3.724106                   3.759860 
 Lrnr_xgboost_20_1_5_1_0.3  Lrnr_xgboost_20_1_5_2_0.3 
                  4.103066                   3.959297 
 Lrnr_xgboost_20_1_5_3_0.3  Lrnr_xgboost_20_1_5_4_0.3 
                  3.972935                   4.025274 
 Lrnr_xgboost_20_1_5_5_0.3  Lrnr_xgboost_20_1_5_6_0.3 
                  4.082777                   4.176767 
Lrnr_xgboost_20_1_5_1_0.25 Lrnr_xgboost_20_1_5_2_0.25 
                  4.186145                   3.961678 
Lrnr_xgboost_20_1_5_3_0.25 Lrnr_xgboost_20_1_5_4_0.25 
                  3.970135                   3.999888 
Lrnr_xgboost_20_1_5_5_0.25 Lrnr_xgboost_20_1_5_6_0.25 
                  4.040229                   4.117041 
 Lrnr_xgboost_20_1_5_1_0.2  Lrnr_xgboost_20_1_5_2_0.2 
                  4.331589                   3.989931 
 Lrnr_xgboost_20_1_5_3_0.2  Lrnr_xgboost_20_1_5_4_0.2 
                  3.957702                   3.977398 
 Lrnr_xgboost_20_1_5_5_0.2  Lrnr_xgboost_20_1_5_6_0.2 
                  4.028746                   4.119140 
Lrnr_xgboost_20_1_5_1_0.15 Lrnr_xgboost_20_1_5_2_0.15 
                  4.537127                   4.078476 
Lrnr_xgboost_20_1_5_3_0.15 Lrnr_xgboost_20_1_5_4_0.15 
                  3.984183                   3.984269 
Lrnr_xgboost_20_1_5_5_0.15 Lrnr_xgboost_20_1_5_6_0.15 
                  4.027535                   4.103399 
