Loading required package: nnls
Loading required package: gam
Loading required package: splines
Loading required package: foreach
Loaded gam 1.22-2

Super Learner
Version: 2.0-28.1
Package created on 2021-05-04

Loading required package: FKSUM
Loading required package: Rcpp
Loading required package: drtmle
drtmle: TMLE with doubly robust inference
Version: 1.1.2
origami v1.0.7: Generalized Framework for Cross-Validation
Error in if (!all(H2 < 1e-07)) { : missing value where TRUE/FALSE needed
Error in if (!all(H2 < 1e-07)) { : missing value where TRUE/FALSE needed
Error in if (!all(H2 < 1e-07)) { : missing value where TRUE/FALSE needed
Error in if (!all(H2 < 1e-07)) { : missing value where TRUE/FALSE needed
Error in if (!all(H2 < 1e-07)) { : missing value where TRUE/FALSE needed
Error in if (!all(H2 < 1e-07)) { : missing value where TRUE/FALSE needed
Error in if (!all(H2 < 1e-07)) { : missing value where TRUE/FALSE needed
Error in if (!all(H2 < 1e-07)) { : missing value where TRUE/FALSE needed
Error in linkinv(eta) : Argument eta must be a nonempty numeric vector
Error in if (!all(H2 < 1e-07)) { : missing value where TRUE/FALSE needed
Error in linkinv(eta) : Argument eta must be a nonempty numeric vector
Error in if (!all(H2 < 1e-07)) { : missing value where TRUE/FALSE needed
Error in linkinv(eta) : Argument eta must be a nonempty numeric vector
Error in if (!all(H2 < 1e-07)) { : missing value where TRUE/FALSE needed
Error in linkinv(eta) : Argument eta must be a nonempty numeric vector
Error in if (!all(H2 < 1e-07)) { : missing value where TRUE/FALSE needed
Error in if (!all(H2 < 1e-07)) { : missing value where TRUE/FALSE needed
Error in if (!all(H2 < 1e-07)) { : missing value where TRUE/FALSE needed
Error in linkinv(eta) : Argument eta must be a nonempty numeric vector
Error in while (max(abs(c(unlist(PnDQnStar), unlist(PnDgnStar), unlist(PnDnoStar)))) >  : 
  missing value where TRUE/FALSE needed
Error in linkinv(eta) : Argument eta must be a nonempty numeric vector
Error in if (!all(H2 < 1e-07)) { : missing value where TRUE/FALSE needed
Error in if (!all(H2 < 1e-07)) { : missing value where TRUE/FALSE needed
Error in if (!all(H2 < 1e-07)) { : missing value where TRUE/FALSE needed
Error in if (!all(H2 < 1e-07)) { : missing value where TRUE/FALSE needed
Error in if (!all(H2 < 1e-07)) { : missing value where TRUE/FALSE needed
Error in if (!all(H2 < 1e-07)) { : missing value where TRUE/FALSE needed
Error in linkinv(eta) : Argument eta must be a nonempty numeric vector
Error in linkinv(eta) : Argument eta must be a nonempty numeric vector
Error in if (!all(H2 < 1e-07)) { : missing value where TRUE/FALSE needed
Error in if (!all(H2 < 1e-07)) { : missing value where TRUE/FALSE needed
Error in if (!all(H2 < 1e-07)) { : missing value where TRUE/FALSE needed
Error in if (!all(H2 < 1e-07)) { : missing value where TRUE/FALSE needed
Error in linkinv(eta) : Argument eta must be a nonempty numeric vector
Error in if (!all(H2 < 1e-07)) { : missing value where TRUE/FALSE needed
Error in if (!all(H2 < 1e-07)) { : missing value where TRUE/FALSE needed
Error in if (!all(H2 < 1e-07)) { : missing value where TRUE/FALSE needed
Error in if (!all(H2 < 1e-07)) { : missing value where TRUE/FALSE needed
Error in if (!all(H2 < 1e-07)) { : missing value where TRUE/FALSE needed
Error in while (max(abs(c(unlist(PnDQnStar), unlist(PnDgnStar), unlist(PnDnoStar)))) >  : 
  missing value where TRUE/FALSE needed
Error in if (!all(H2 < 1e-07)) { : missing value where TRUE/FALSE needed
Error in if (!all(H2 < 1e-07)) { : missing value where TRUE/FALSE needed
Error in linkinv(eta) : Argument eta must be a nonempty numeric vector
Error in if (!all(H2 < 1e-07)) { : missing value where TRUE/FALSE needed
Error in linkinv(eta) : Argument eta must be a nonempty numeric vector
Error in linkinv(eta) : Argument eta must be a nonempty numeric vector
Error in while (max(abs(c(unlist(PnDQnStar), unlist(PnDgnStar), unlist(PnDnoStar)))) >  : 
  missing value where TRUE/FALSE needed
Error in if (!all(H2 < 1e-07)) { : missing value where TRUE/FALSE needed
Error in if (!all(H2 < 1e-07)) { : missing value where TRUE/FALSE needed
Error in linkinv(eta) : Argument eta must be a nonempty numeric vector
Error in linkinv(eta) : Argument eta must be a nonempty numeric vector
Error in while (max(abs(c(unlist(PnDQnStar), unlist(PnDgnStar), unlist(PnDnoStar)))) >  : 
  missing value where TRUE/FALSE needed
Error in if (!all(H2 < 1e-07)) { : missing value where TRUE/FALSE needed
Error in linkinv(eta) : Argument eta must be a nonempty numeric vector
Error in if (!all(H2 < 1e-07)) { : missing value where TRUE/FALSE needed
Error in if (!all(H2 < 1e-07)) { : missing value where TRUE/FALSE needed
Error in if (!all(H2 < 1e-07)) { : missing value where TRUE/FALSE needed
Error in if (!all(H2 < 1e-07)) { : missing value where TRUE/FALSE needed
Error in if (!all(H2 < 1e-07)) { : missing value where TRUE/FALSE needed
Error in if (!all(H2 < 1e-07)) { : missing value where TRUE/FALSE needed
Error in if (!all(H2 < 1e-07)) { : missing value where TRUE/FALSE needed
Error in if (!all(H2 < 1e-07)) { : missing value where TRUE/FALSE needed
Error in if (!all(H2 < 1e-07)) { : missing value where TRUE/FALSE needed
Error in if (!all(H2 < 1e-07)) { : missing value where TRUE/FALSE needed
Error in if (!all(H2 < 1e-07)) { : missing value where TRUE/FALSE needed
Error in if (!all(H2 < 1e-07)) { : missing value where TRUE/FALSE needed
Error in if (!all(H2 < 1e-07)) { : missing value where TRUE/FALSE needed
Error in linkinv(eta) : Argument eta must be a nonempty numeric vector
Error in if (!all(H2 < 1e-07)) { : missing value where TRUE/FALSE needed
Error in if (!all(H2 < 1e-07)) { : missing value where TRUE/FALSE needed
Error in linkinv(eta) : Argument eta must be a nonempty numeric vector
Error in if (!all(H2 < 1e-07)) { : missing value where TRUE/FALSE needed
Error in if (!all(H2 < 1e-07)) { : missing value where TRUE/FALSE needed
Error in if (!all(H2 < 1e-07)) { : missing value where TRUE/FALSE needed
Error in if (!all(H2 < 1e-07)) { : missing value where TRUE/FALSE needed
Error in linkinv(eta) : Argument eta must be a nonempty numeric vector
Error in if (!all(H2 < 1e-07)) { : missing value where TRUE/FALSE needed
Error in if (!all(H2 < 1e-07)) { : missing value where TRUE/FALSE needed
Error in if (!all(H2 < 1e-07)) { : missing value where TRUE/FALSE needed
Error in if (!all(H2 < 1e-07)) { : missing value where TRUE/FALSE needed
Error in if (!all(H2 < 1e-07)) { : missing value where TRUE/FALSE needed
Error in linkinv(eta) : Argument eta must be a nonempty numeric vector
Error in if (!all(H2 < 1e-07)) { : missing value where TRUE/FALSE needed
Error in if (!all(H2 < 1e-07)) { : missing value where TRUE/FALSE needed
Error in linkinv(eta) : Argument eta must be a nonempty numeric vector
Error in if (!all(H2 < 1e-07)) { : missing value where TRUE/FALSE needed
Error in linkinv(eta) : Argument eta must be a nonempty numeric vector
Error in if (!all(H2 < 1e-07)) { : missing value where TRUE/FALSE needed
Error in if (!all(H2 < 1e-07)) { : missing value where TRUE/FALSE needed
Error in if (!all(H2 < 1e-07)) { : missing value where TRUE/FALSE needed
Error in if (!all(H2 < 1e-07)) { : missing value where TRUE/FALSE needed
Error in linkinv(eta) : Argument eta must be a nonempty numeric vector
Error in if (!all(H2 < 1e-07)) { : missing value where TRUE/FALSE needed
Error in if (!all(H2 < 1e-07)) { : missing value where TRUE/FALSE needed
Error in linkinv(eta) : Argument eta must be a nonempty numeric vector
Error in if (!all(H2 < 1e-07)) { : missing value where TRUE/FALSE needed
Error in if (!all(H2 < 1e-07)) { : missing value where TRUE/FALSE needed
Error in if (!all(H2 < 1e-07)) { : missing value where TRUE/FALSE needed
Error in if (!all(H2 < 1e-07)) { : missing value where TRUE/FALSE needed
Error in if (!all(H2 < 1e-07)) { : missing value where TRUE/FALSE needed
Error in if (!all(H2 < 1e-07)) { : missing value where TRUE/FALSE needed
Error in linkinv(eta) : Argument eta must be a nonempty numeric vector
Error in if (!all(H2 < 1e-07)) { : missing value where TRUE/FALSE needed
Error in if (!all(H2 < 1e-07)) { : missing value where TRUE/FALSE needed
Error in if (!all(H2 < 1e-07)) { : missing value where TRUE/FALSE needed
Error in if (!all(H2 < 1e-07)) { : missing value where TRUE/FALSE needed
Error in linkinv(eta) : Argument eta must be a nonempty numeric vector
Error in if (!all(H2 < 1e-07)) { : missing value where TRUE/FALSE needed
Error in if (!all(H2 < 1e-07)) { : missing value where TRUE/FALSE needed
Error in linkinv(eta) : Argument eta must be a nonempty numeric vector
Error in if (!all(H2 < 1e-07)) { : missing value where TRUE/FALSE needed
Error in linkinv(eta) : Argument eta must be a nonempty numeric vector
Error in if (!all(H2 < 1e-07)) { : missing value where TRUE/FALSE needed
Error in if (!all(H2 < 1e-07)) { : missing value where TRUE/FALSE needed
Error in if (!all(H2 < 1e-07)) { : missing value where TRUE/FALSE needed
Error in if (!all(H2 < 1e-07)) { : missing value where TRUE/FALSE needed
Error in if (!all(H2 < 1e-07)) { : missing value where TRUE/FALSE needed
Error in if (!all(H2 < 1e-07)) { : missing value where TRUE/FALSE needed
Error in if (!all(H2 < 1e-07)) { : missing value where TRUE/FALSE needed
Error in if (!all(H2 < 1e-07)) { : missing value where TRUE/FALSE needed
Error in if (!all(H2 < 1e-07)) { : missing value where TRUE/FALSE needed
Error in if (!all(H2 < 1e-07)) { : missing value where TRUE/FALSE needed
Error in if (!all(H2 < 1e-07)) { : missing value where TRUE/FALSE needed
Error in if (!all(H2 < 1e-07)) { : missing value where TRUE/FALSE needed
Error in if (!all(H2 < 1e-07)) { : missing value where TRUE/FALSE needed
Error in linkinv(eta) : Argument eta must be a nonempty numeric vector
Error in if (!all(H2 < 1e-07)) { : missing value where TRUE/FALSE needed
Error in linkinv(eta) : Argument eta must be a nonempty numeric vector
Error in linkinv(eta) : Argument eta must be a nonempty numeric vector
Error in linkinv(eta) : Argument eta must be a nonempty numeric vector
Error in linkinv(eta) : Argument eta must be a nonempty numeric vector
Error in if (!all(H2 < 1e-07)) { : missing value where TRUE/FALSE needed
Error in linkinv(eta) : Argument eta must be a nonempty numeric vector
Error in if (!all(H2 < 1e-07)) { : missing value where TRUE/FALSE needed
Error in if (!all(H2 < 1e-07)) { : missing value where TRUE/FALSE needed
Error in while (max(abs(c(unlist(PnDQnStar), unlist(PnDgnStar), unlist(PnDnoStar)))) >  : 
  missing value where TRUE/FALSE needed
Error in if (!all(H2 < 1e-07)) { : missing value where TRUE/FALSE needed
Error in if (!all(H2 < 1e-07)) { : missing value where TRUE/FALSE needed
Error in if (!all(H2 < 1e-07)) { : missing value where TRUE/FALSE needed
Error in if (!all(H2 < 1e-07)) { : missing value where TRUE/FALSE needed
Error in if (!all(H2 < 1e-07)) { : missing value where TRUE/FALSE needed
Error in if (!all(H2 < 1e-07)) { : missing value where TRUE/FALSE needed
Error in if (!all(H2 < 1e-07)) { : missing value where TRUE/FALSE needed
Error in if (!all(H2 < 1e-07)) { : missing value where TRUE/FALSE needed
Error in if (!all(H2 < 1e-07)) { : missing value where TRUE/FALSE needed
Error in if (!all(H2 < 1e-07)) { : missing value where TRUE/FALSE needed
Error in linkinv(eta) : Argument eta must be a nonempty numeric vector
Error in if (!all(H2 < 1e-07)) { : missing value where TRUE/FALSE needed
Error in linkinv(eta) : Argument eta must be a nonempty numeric vector
Error in if (!all(H2 < 1e-07)) { : missing value where TRUE/FALSE needed
Error in linkinv(eta) : Argument eta must be a nonempty numeric vector
Error in linkinv(eta) : Argument eta must be a nonempty numeric vector
Error in if (!all(H2 < 1e-07)) { : missing value where TRUE/FALSE needed
Error in if (!all(H2 < 1e-07)) { : missing value where TRUE/FALSE needed
Error in linkinv(eta) : Argument eta must be a nonempty numeric vector
Error in if (!all(H2 < 1e-07)) { : missing value where TRUE/FALSE needed
Error in linkinv(eta) : Argument eta must be a nonempty numeric vector
Error in if (!all(H2 < 1e-07)) { : missing value where TRUE/FALSE needed
Error in if (!all(H2 < 1e-07)) { : missing value where TRUE/FALSE needed
Error in if (!all(H2 < 1e-07)) { : missing value where TRUE/FALSE needed
Error in if (!all(H2 < 1e-07)) { : missing value where TRUE/FALSE needed
Error in if (!all(H2 < 1e-07)) { : missing value where TRUE/FALSE needed
Error in if (!all(H2 < 1e-07)) { : missing value where TRUE/FALSE needed
Error in if (!all(H2 < 1e-07)) { : missing value where TRUE/FALSE needed
Error in if (!all(H2 < 1e-07)) { : missing value where TRUE/FALSE needed
Error in if (!all(H2 < 1e-07)) { : missing value where TRUE/FALSE needed
Error in if (!all(H2 < 1e-07)) { : missing value where TRUE/FALSE needed
Error in if (!all(H2 < 1e-07)) { : missing value where TRUE/FALSE needed
Error in if (!all(H2 < 1e-07)) { : missing value where TRUE/FALSE needed
Error in if (!all(H2 < 1e-07)) { : missing value where TRUE/FALSE needed
Error in if (!all(H2 < 1e-07)) { : missing value where TRUE/FALSE needed
Error in if (!all(H2 < 1e-07)) { : missing value where TRUE/FALSE needed
Error in if (!all(H2 < 1e-07)) { : missing value where TRUE/FALSE needed
Error in if (!all(H2 < 1e-07)) { : missing value where TRUE/FALSE needed
Error in if (!all(H2 < 1e-07)) { : missing value where TRUE/FALSE needed
Error in if (!all(H2 < 1e-07)) { : missing value where TRUE/FALSE needed
Error in if (!all(H2 < 1e-07)) { : missing value where TRUE/FALSE needed
Error in while (max(abs(c(unlist(PnDQnStar), unlist(PnDgnStar), unlist(PnDnoStar)))) >  : 
  missing value where TRUE/FALSE needed
Error in if (!all(H2 < 1e-07)) { : missing value where TRUE/FALSE needed
Error in if (!all(H2 < 1e-07)) { : missing value where TRUE/FALSE needed
Error in if (!all(H2 < 1e-07)) { : missing value where TRUE/FALSE needed
Error in if (!all(H2 < 1e-07)) { : missing value where TRUE/FALSE needed
Error in if (!all(H2 < 1e-07)) { : missing value where TRUE/FALSE needed
Error in if (!all(H2 < 1e-07)) { : missing value where TRUE/FALSE needed
Error in if (!all(H2 < 1e-07)) { : missing value where TRUE/FALSE needed
Error in if (!all(H2 < 1e-07)) { : missing value where TRUE/FALSE needed
Error in if (!all(H2 < 1e-07)) { : missing value where TRUE/FALSE needed
Error in if (!all(H2 < 1e-07)) { : missing value where TRUE/FALSE needed
Error in linkinv(eta) : Argument eta must be a nonempty numeric vector
Error in if (!all(H2 < 1e-07)) { : missing value where TRUE/FALSE needed
Error in if (!all(H2 < 1e-07)) { : missing value where TRUE/FALSE needed
Error in if (!all(H2 < 1e-07)) { : missing value where TRUE/FALSE needed
Error in if (!all(H2 < 1e-07)) { : missing value where TRUE/FALSE needed
Error in if (!all(H2 < 1e-07)) { : missing value where TRUE/FALSE needed
Error in if (!all(H2 < 1e-07)) { : missing value where TRUE/FALSE needed
Error in linkinv(eta) : Argument eta must be a nonempty numeric vector
Error in if (!all(H2 < 1e-07)) { : missing value where TRUE/FALSE needed
Error in if (!all(H2 < 1e-07)) { : missing value where TRUE/FALSE needed
Error in if (!all(H2 < 1e-07)) { : missing value where TRUE/FALSE needed
Error in linkinv(eta) : Argument eta must be a nonempty numeric vector
Error in if (!all(H2 < 1e-07)) { : missing value where TRUE/FALSE needed
Error in if (!all(H2 < 1e-07)) { : missing value where TRUE/FALSE needed
Error in linkinv(eta) : Argument eta must be a nonempty numeric vector
Error in if (!all(H2 < 1e-07)) { : missing value where TRUE/FALSE needed
Error in linkinv(eta) : Argument eta must be a nonempty numeric vector
Error in if (!all(H2 < 1e-07)) { : missing value where TRUE/FALSE needed
Error in if (!all(H2 < 1e-07)) { : missing value where TRUE/FALSE needed
Error in if (!all(H2 < 1e-07)) { : missing value where TRUE/FALSE needed
Error in if (!all(H2 < 1e-07)) { : missing value where TRUE/FALSE needed
Error in if (!all(H2 < 1e-07)) { : missing value where TRUE/FALSE needed
Error in if (!all(H2 < 1e-07)) { : missing value where TRUE/FALSE needed
Error in if (!all(H2 < 1e-07)) { : missing value where TRUE/FALSE needed
Error in if (!all(H2 < 1e-07)) { : missing value where TRUE/FALSE needed
Error in if (!all(H2 < 1e-07)) { : missing value where TRUE/FALSE needed
Error in if (!all(H2 < 1e-07)) { : missing value where TRUE/FALSE needed
Error in if (!all(H2 < 1e-07)) { : missing value where TRUE/FALSE needed
Error in if (!all(H2 < 1e-07)) { : missing value where TRUE/FALSE needed
Error in if (!all(H2 < 1e-07)) { : missing value where TRUE/FALSE needed
Error in if (!all(H2 < 1e-07)) { : missing value where TRUE/FALSE needed
Error in linkinv(eta) : Argument eta must be a nonempty numeric vector
Error in linkinv(eta) : Argument eta must be a nonempty numeric vector
Error in if (!all(H2 < 1e-07)) { : missing value where TRUE/FALSE needed
Error in if (!all(H2 < 1e-07)) { : missing value where TRUE/FALSE needed
Error in if (!all(H2 < 1e-07)) { : missing value where TRUE/FALSE needed
Error in if (!all(H2 < 1e-07)) { : missing value where TRUE/FALSE needed
Error in if (!all(H2 < 1e-07)) { : missing value where TRUE/FALSE needed
Error in if (!all(H2 < 1e-07)) { : missing value where TRUE/FALSE needed
Error in if (!all(H2 < 1e-07)) { : missing value where TRUE/FALSE needed
Error in if (!all(H2 < 1e-07)) { : missing value where TRUE/FALSE needed
Error in if (!all(H2 < 1e-07)) { : missing value where TRUE/FALSE needed
Error in if (!all(H2 < 1e-07)) { : missing value where TRUE/FALSE needed
Error in if (!all(H2 < 1e-07)) { : missing value where TRUE/FALSE needed
Error in linkinv(eta) : Argument eta must be a nonempty numeric vector
Error in linkinv(eta) : Argument eta must be a nonempty numeric vector
Error in if (!all(H2 < 1e-07)) { : missing value where TRUE/FALSE needed
Error in if (!all(H2 < 1e-07)) { : missing value where TRUE/FALSE needed
Error in linkinv(eta) : Argument eta must be a nonempty numeric vector
Error in linkinv(eta) : Argument eta must be a nonempty numeric vector
Error in linkinv(eta) : Argument eta must be a nonempty numeric vector
Error in if (!all(H2 < 1e-07)) { : missing value where TRUE/FALSE needed
Error in if (!all(H2 < 1e-07)) { : missing value where TRUE/FALSE needed
Error in if (!all(H2 < 1e-07)) { : missing value where TRUE/FALSE needed
Error in if (!all(H2 < 1e-07)) { : missing value where TRUE/FALSE needed
Error in if (!all(H2 < 1e-07)) { : missing value where TRUE/FALSE needed
Error in if (!all(H2 < 1e-07)) { : missing value where TRUE/FALSE needed
Error in linkinv(eta) : Argument eta must be a nonempty numeric vector
Error in if (!all(H2 < 1e-07)) { : missing value where TRUE/FALSE needed
Error in linkinv(eta) : Argument eta must be a nonempty numeric vector
Error in linkinv(eta) : Argument eta must be a nonempty numeric vector
Error in if (!all(H2 < 1e-07)) { : missing value where TRUE/FALSE needed
Error in linkinv(eta) : Argument eta must be a nonempty numeric vector
Error in if (!all(H2 < 1e-07)) { : missing value where TRUE/FALSE needed
Error in if (!all(H2 < 1e-07)) { : missing value where TRUE/FALSE needed
Error in if (!all(H2 < 1e-07)) { : missing value where TRUE/FALSE needed
Error in linkinv(eta) : Argument eta must be a nonempty numeric vector
Error in if (!all(H2 < 1e-07)) { : missing value where TRUE/FALSE needed
Error in if (!all(H2 < 1e-07)) { : missing value where TRUE/FALSE needed
Error in linkinv(eta) : Argument eta must be a nonempty numeric vector
Error in linkinv(eta) : Argument eta must be a nonempty numeric vector
Error in while (max(abs(c(unlist(PnDQnStar), unlist(PnDgnStar), unlist(PnDnoStar)))) >  : 
  missing value where TRUE/FALSE needed
Error in if (!all(H2 < 1e-07)) { : missing value where TRUE/FALSE needed
Error in if (!all(H2 < 1e-07)) { : missing value where TRUE/FALSE needed
Error in if (!all(H2 < 1e-07)) { : missing value where TRUE/FALSE needed
Error in if (!all(H2 < 1e-07)) { : missing value where TRUE/FALSE needed
Error in if (!all(H2 < 1e-07)) { : missing value where TRUE/FALSE needed
Error in if (!all(H2 < 1e-07)) { : missing value where TRUE/FALSE needed
Error in linkinv(eta) : Argument eta must be a nonempty numeric vector
Error in if (!all(H2 < 1e-07)) { : missing value where TRUE/FALSE needed
Error in if (!all(H2 < 1e-07)) { : missing value where TRUE/FALSE needed
Error in linkinv(eta) : Argument eta must be a nonempty numeric vector
Error in if (!all(H2 < 1e-07)) { : missing value where TRUE/FALSE needed
Error in if (!all(H2 < 1e-07)) { : missing value where TRUE/FALSE needed
Error in if (!all(H2 < 1e-07)) { : missing value where TRUE/FALSE needed
Error in if (!all(H2 < 1e-07)) { : missing value where TRUE/FALSE needed
Error in if (!all(H2 < 1e-07)) { : missing value where TRUE/FALSE needed
Error in if (!all(H2 < 1e-07)) { : missing value where TRUE/FALSE needed
Error in if (!all(H2 < 1e-07)) { : missing value where TRUE/FALSE needed
Error in if (!all(H2 < 1e-07)) { : missing value where TRUE/FALSE needed
Error in if (!all(H2 < 1e-07)) { : missing value where TRUE/FALSE needed
Error in if (!all(H2 < 1e-07)) { : missing value where TRUE/FALSE needed
Error in if (!all(H2 < 1e-07)) { : missing value where TRUE/FALSE needed
Error in if (!all(H2 < 1e-07)) { : missing value where TRUE/FALSE needed
Error in linkinv(eta) : Argument eta must be a nonempty numeric vector
Error in if (!all(H2 < 1e-07)) { : missing value where TRUE/FALSE needed
Error in if (!all(H2 < 1e-07)) { : missing value where TRUE/FALSE needed
Error in linkinv(eta) : Argument eta must be a nonempty numeric vector
Error in linkinv(eta) : Argument eta must be a nonempty numeric vector
Error in if (!all(H2 < 1e-07)) { : missing value where TRUE/FALSE needed
Error in if (!all(H2 < 1e-07)) { : missing value where TRUE/FALSE needed
Error in if (!all(H2 < 1e-07)) { : missing value where TRUE/FALSE needed
Error in if (!all(H2 < 1e-07)) { : missing value where TRUE/FALSE needed
Error in if (!all(H2 < 1e-07)) { : missing value where TRUE/FALSE needed
Error in if (!all(H2 < 1e-07)) { : missing value where TRUE/FALSE needed
Error in if (!all(H2 < 1e-07)) { : missing value where TRUE/FALSE needed
Error in while (max(abs(c(unlist(PnDQnStar), unlist(PnDgnStar), unlist(PnDnoStar)))) >  : 
  missing value where TRUE/FALSE needed
Error in if (!all(H2 < 1e-07)) { : missing value where TRUE/FALSE needed
Error in linkinv(eta) : Argument eta must be a nonempty numeric vector
Error in if (!all(H2 < 1e-07)) { : missing value where TRUE/FALSE needed
Error in if (!all(H2 < 1e-07)) { : missing value where TRUE/FALSE needed
Error in if (!all(H2 < 1e-07)) { : missing value where TRUE/FALSE needed
Error in if (!all(H2 < 1e-07)) { : missing value where TRUE/FALSE needed
Error in if (!all(H2 < 1e-07)) { : missing value where TRUE/FALSE needed
Error in linkinv(eta) : Argument eta must be a nonempty numeric vector
Error in if (!all(H2 < 1e-07)) { : missing value where TRUE/FALSE needed
Error in linkinv(eta) : Argument eta must be a nonempty numeric vector
Error in if (!all(H2 < 1e-07)) { : missing value where TRUE/FALSE needed
Error in if (!all(H2 < 1e-07)) { : missing value where TRUE/FALSE needed
Error in if (!all(H2 < 1e-07)) { : missing value where TRUE/FALSE needed
Error in if (!all(H2 < 1e-07)) { : missing value where TRUE/FALSE needed
Error in if (!all(H2 < 1e-07)) { : missing value where TRUE/FALSE needed
Error in if (!all(H2 < 1e-07)) { : missing value where TRUE/FALSE needed
Error in if (!all(H2 < 1e-07)) { : missing value where TRUE/FALSE needed
Error in if (!all(H2 < 1e-07)) { : missing value where TRUE/FALSE needed
Error in if (!all(H2 < 1e-07)) { : missing value where TRUE/FALSE needed
Error in if (!all(H2 < 1e-07)) { : missing value where TRUE/FALSE needed
Error in if (!all(H2 < 1e-07)) { : missing value where TRUE/FALSE needed
Error in if (!all(H2 < 1e-07)) { : missing value where TRUE/FALSE needed
Error in while (max(abs(c(unlist(PnDQnStar), unlist(PnDgnStar), unlist(PnDnoStar)))) >  : 
  missing value where TRUE/FALSE needed
Error in linkinv(eta) : Argument eta must be a nonempty numeric vector
Error in if (!all(H2 < 1e-07)) { : missing value where TRUE/FALSE needed
Error in if (!all(H2 < 1e-07)) { : missing value where TRUE/FALSE needed
Error in linkinv(eta) : Argument eta must be a nonempty numeric vector
Error in if (!all(H2 < 1e-07)) { : missing value where TRUE/FALSE needed
Error in if (!all(H2 < 1e-07)) { : missing value where TRUE/FALSE needed
Error in if (!all(H2 < 1e-07)) { : missing value where TRUE/FALSE needed
Error in if (!all(H2 < 1e-07)) { : missing value where TRUE/FALSE needed
Error in if (!all(H2 < 1e-07)) { : missing value where TRUE/FALSE needed
Error in linkinv(eta) : Argument eta must be a nonempty numeric vector
Error in if (!all(H2 < 1e-07)) { : missing value where TRUE/FALSE needed
Error in if (!all(H2 < 1e-07)) { : missing value where TRUE/FALSE needed
Error in if (!all(H2 < 1e-07)) { : missing value where TRUE/FALSE needed
Error in if (!all(H2 < 1e-07)) { : missing value where TRUE/FALSE needed
Error in if (!all(H2 < 1e-07)) { : missing value where TRUE/FALSE needed
Error in linkinv(eta) : Argument eta must be a nonempty numeric vector
Error in if (!all(H2 < 1e-07)) { : missing value where TRUE/FALSE needed
Error in if (!all(H2 < 1e-07)) { : missing value where TRUE/FALSE needed
Error in if (!all(H2 < 1e-07)) { : missing value where TRUE/FALSE needed
Error in if (!all(H2 < 1e-07)) { : missing value where TRUE/FALSE needed
Error in if (!all(H2 < 1e-07)) { : missing value where TRUE/FALSE needed
Error in if (!all(H2 < 1e-07)) { : missing value where TRUE/FALSE needed
Error in if (!all(H2 < 1e-07)) { : missing value where TRUE/FALSE needed
Error in if (!all(H2 < 1e-07)) { : missing value where TRUE/FALSE needed
Error in linkinv(eta) : Argument eta must be a nonempty numeric vector
Error in linkinv(eta) : Argument eta must be a nonempty numeric vector
Error in if (!all(H2 < 1e-07)) { : missing value where TRUE/FALSE needed
Error in if (!all(H2 < 1e-07)) { : missing value where TRUE/FALSE needed
Error in linkinv(eta) : Argument eta must be a nonempty numeric vector
Error in linkinv(eta) : Argument eta must be a nonempty numeric vector
Error in if (!all(H2 < 1e-07)) { : missing value where TRUE/FALSE needed
Error in if (!all(H2 < 1e-07)) { : missing value where TRUE/FALSE needed
Error in if (!all(H2 < 1e-07)) { : missing value where TRUE/FALSE needed
Error in if (!all(H2 < 1e-07)) { : missing value where TRUE/FALSE needed
Error in linkinv(eta) : Argument eta must be a nonempty numeric vector
Error in if (!all(H2 < 1e-07)) { : missing value where TRUE/FALSE needed
Error in if (!all(H2 < 1e-07)) { : missing value where TRUE/FALSE needed
Error in if (!all(H2 < 1e-07)) { : missing value where TRUE/FALSE needed
Error in if (!all(H2 < 1e-07)) { : missing value where TRUE/FALSE needed
Error in if (!all(H2 < 1e-07)) { : missing value where TRUE/FALSE needed
Error in if (!all(H2 < 1e-07)) { : missing value where TRUE/FALSE needed
Error in if (!all(H2 < 1e-07)) { : missing value where TRUE/FALSE needed
Error in if (!all(H2 < 1e-07)) { : missing value where TRUE/FALSE needed
Error in if (!all(H2 < 1e-07)) { : missing value where TRUE/FALSE needed
Error in if (!all(H2 < 1e-07)) { : missing value where TRUE/FALSE needed
Error in if (!all(H2 < 1e-07)) { : missing value where TRUE/FALSE needed
Error in if (!all(H2 < 1e-07)) { : missing value where TRUE/FALSE needed
Error in if (!all(H2 < 1e-07)) { : missing value where TRUE/FALSE needed
Error in if (!all(H2 < 1e-07)) { : missing value where TRUE/FALSE needed
Error in if (!all(H2 < 1e-07)) { : missing value where TRUE/FALSE needed
Error in if (!all(H2 < 1e-07)) { : missing value where TRUE/FALSE needed
Error in linkinv(eta) : Argument eta must be a nonempty numeric vector
Error in linkinv(eta) : Argument eta must be a nonempty numeric vector
Error in while (max(abs(c(unlist(PnDQnStar), unlist(PnDgnStar), unlist(PnDnoStar)))) >  : 
  missing value where TRUE/FALSE needed
Error in if (!all(H2 < 1e-07)) { : missing value where TRUE/FALSE needed
Error in if (!all(H2 < 1e-07)) { : missing value where TRUE/FALSE needed
Error in if (!all(H2 < 1e-07)) { : missing value where TRUE/FALSE needed
Error in if (!all(H2 < 1e-07)) { : missing value where TRUE/FALSE needed
Error in if (!all(H2 < 1e-07)) { : missing value where TRUE/FALSE needed
Error in if (!all(H2 < 1e-07)) { : missing value where TRUE/FALSE needed
Error in if (!all(H2 < 1e-07)) { : missing value where TRUE/FALSE needed
Error in if (!all(H2 < 1e-07)) { : missing value where TRUE/FALSE needed
Error in linkinv(eta) : Argument eta must be a nonempty numeric vector
Error in if (!all(H2 < 1e-07)) { : missing value where TRUE/FALSE needed
Error in if (!all(H2 < 1e-07)) { : missing value where TRUE/FALSE needed
Error in linkinv(eta) : Argument eta must be a nonempty numeric vector
Error in if (!all(H2 < 1e-07)) { : missing value where TRUE/FALSE needed
Error in if (!all(H2 < 1e-07)) { : missing value where TRUE/FALSE needed
Error in linkinv(eta) : Argument eta must be a nonempty numeric vector
Error in if (!all(H2 < 1e-07)) { : missing value where TRUE/FALSE needed
Error in if (!all(H2 < 1e-07)) { : missing value where TRUE/FALSE needed
Error in while (max(abs(c(unlist(PnDQnStar), unlist(PnDgnStar), unlist(PnDnoStar)))) >  : 
  missing value where TRUE/FALSE needed
Error in linkinv(eta) : Argument eta must be a nonempty numeric vector
Error in if (!all(H2 < 1e-07)) { : missing value where TRUE/FALSE needed
Error in if (!all(H2 < 1e-07)) { : missing value where TRUE/FALSE needed
Error in if (!all(H2 < 1e-07)) { : missing value where TRUE/FALSE needed
Error in if (!all(H2 < 1e-07)) { : missing value where TRUE/FALSE needed
Error in if (!all(H2 < 1e-07)) { : missing value where TRUE/FALSE needed
Error in if (!all(H2 < 1e-07)) { : missing value where TRUE/FALSE needed
Error in if (!all(H2 < 1e-07)) { : missing value where TRUE/FALSE needed
Error in if (!all(H2 < 1e-07)) { : missing value where TRUE/FALSE needed
Error in linkinv(eta) : Argument eta must be a nonempty numeric vector
Error in if (!all(H2 < 1e-07)) { : missing value where TRUE/FALSE needed
Error in linkinv(eta) : Argument eta must be a nonempty numeric vector
Error in if (!all(H2 < 1e-07)) { : missing value where TRUE/FALSE needed
Error in linkinv(eta) : Argument eta must be a nonempty numeric vector
Error in if (!all(H2 < 1e-07)) { : missing value where TRUE/FALSE needed
Error in if (!all(H2 < 1e-07)) { : missing value where TRUE/FALSE needed
Error in linkinv(eta) : Argument eta must be a nonempty numeric vector
Error in if (!all(H2 < 1e-07)) { : missing value where TRUE/FALSE needed
Error in linkinv(eta) : Argument eta must be a nonempty numeric vector
Error in if (!all(H2 < 1e-07)) { : missing value where TRUE/FALSE needed
Error in if (!all(H2 < 1e-07)) { : missing value where TRUE/FALSE needed
