LOADING R
R LOADED
[1] "/home/lvanderl/Rlibs2"                         
[2] "/app/software/R/4.3.1-gfbf-2022b/lib/R/library"
[1] "/home/lvanderl/sieveSims"
[1] "iter: 1"
[1] "Lrnr_cv"
[1] "Lrnr_earth_1_3_backward_0_1_0_0"                                                                                                                             
[2] "Lrnr_earth_2_3_backward_0_1_0_0"                                                                                                                             
[3] "Lrnr_earth_3_3_backward_0_1_0_0"                                                                                                                             
[4] "Lrnr_gam_A~s(W1, k = 25, bs='bs',m=c(1,1)) + s(W2, k = 25, bs='bs',m=c(1,1)) + s(W3, k = 25, bs='bs',m=c(1,1)) + s(W4, k = 25, bs='bs',m=c(1,1))_NULL_GCV.Cp"
[5] "Lrnr_gam_Y~s(W1, k = 25, bs='bs',m=c(1,1)) + s(W2, k = 25, bs='bs',m=c(1,1)) + s(W3, k = 25, bs='bs',m=c(1,1)) + s(W4, k = 25, bs='bs',m=c(1,1))_NULL_GCV.Cp"
[6] "Lrnr_glm_TRUE"                                                                                                                                               
[7] "Lrnr_glmnet_NULL_deviance_10_1_100_TRUE"                                                                                                                     
[1] "Lrnr_cv_selector_NULL"
                                                                                                                             Lrnr_earth_1_3_backward_0_1_0_0 
                                                                                                                                                   161.23965 
                                                                                                                             Lrnr_earth_2_3_backward_0_1_0_0 
                                                                                                                                                    56.87909 
                                                                                                                             Lrnr_earth_3_3_backward_0_1_0_0 
                                                                                                                                                    56.87909 
Lrnr_gam_Y~s(W1, k = 25, bs='bs',m=c(1,1)) + s(W2, k = 25, bs='bs',m=c(1,1)) + s(W3, k = 25, bs='bs',m=c(1,1)) + s(W4, k = 25, bs='bs',m=c(1,1))_NULL_GCV.Cp 
                                                                                                                                                   168.74169 
                                                                                                                                               Lrnr_glm_TRUE 
                                                                                                                                                   222.22470 
                                                                                                                     Lrnr_glmnet_NULL_deviance_10_1_100_TRUE 
                                                                                                                                                   218.08717 
                                                                                                                             Lrnr_earth_1_3_backward_0_1_0_0 
                                                                                                                                                   164.67862 
                                                                                                                             Lrnr_earth_2_3_backward_0_1_0_0 
                                                                                                                                                    55.58563 
                                                                                                                             Lrnr_earth_3_3_backward_0_1_0_0 
                                                                                                                                                    55.82502 
Lrnr_gam_Y~s(W1, k = 25, bs='bs',m=c(1,1)) + s(W2, k = 25, bs='bs',m=c(1,1)) + s(W3, k = 25, bs='bs',m=c(1,1)) + s(W4, k = 25, bs='bs',m=c(1,1))_NULL_GCV.Cp 
                                                                                                                                                   168.17270 
                                                                                                                                               Lrnr_glm_TRUE 
                                                                                                                                                   224.69186 
                                                                                                                     Lrnr_glmnet_NULL_deviance_10_1_100_TRUE 
                                                                                                                                                   173.66684 
[1] "done"
[1] "Lrnr_cv"
 [1] "Lrnr_xgboost_20_1_5_2_0.3"  "Lrnr_xgboost_20_1_5_3_0.3" 
 [3] "Lrnr_xgboost_20_1_5_4_0.3"  "Lrnr_xgboost_20_1_5_5_0.3" 
 [5] "Lrnr_xgboost_20_1_5_6_0.3"  "Lrnr_xgboost_20_1_5_2_0.25"
 [7] "Lrnr_xgboost_20_1_5_3_0.25" "Lrnr_xgboost_20_1_5_4_0.25"
 [9] "Lrnr_xgboost_20_1_5_5_0.25" "Lrnr_xgboost_20_1_5_6_0.25"
[11] "Lrnr_xgboost_20_1_5_2_0.2"  "Lrnr_xgboost_20_1_5_3_0.2" 
[13] "Lrnr_xgboost_20_1_5_4_0.2"  "Lrnr_xgboost_20_1_5_5_0.2" 
[15] "Lrnr_xgboost_20_1_5_6_0.2"  "Lrnr_xgboost_20_1_5_2_0.15"
[17] "Lrnr_xgboost_20_1_5_3_0.15" "Lrnr_xgboost_20_1_5_4_0.15"
[19] "Lrnr_xgboost_20_1_5_5_0.15" "Lrnr_xgboost_20_1_5_6_0.15"
[1] "Lrnr_cv_selector_NULL"
 Lrnr_xgboost_20_1_5_2_0.3  Lrnr_xgboost_20_1_5_3_0.3 
                 131.84516                   91.30655 
 Lrnr_xgboost_20_1_5_4_0.3  Lrnr_xgboost_20_1_5_5_0.3 
                  72.61998                   64.20387 
 Lrnr_xgboost_20_1_5_6_0.3 Lrnr_xgboost_20_1_5_2_0.25 
                  52.67851                  150.92450 
Lrnr_xgboost_20_1_5_3_0.25 Lrnr_xgboost_20_1_5_4_0.25 
                  91.08151                   77.93148 
Lrnr_xgboost_20_1_5_5_0.25 Lrnr_xgboost_20_1_5_6_0.25 
                  64.48948                   56.42686 
 Lrnr_xgboost_20_1_5_2_0.2  Lrnr_xgboost_20_1_5_3_0.2 
                 172.79676                  113.94062 
 Lrnr_xgboost_20_1_5_4_0.2  Lrnr_xgboost_20_1_5_5_0.2 
                  86.45152                   76.61726 
 Lrnr_xgboost_20_1_5_6_0.2 Lrnr_xgboost_20_1_5_2_0.15 
                  68.20105                  284.61726 
Lrnr_xgboost_20_1_5_3_0.15 Lrnr_xgboost_20_1_5_4_0.15 
                 206.04535                  173.97604 
Lrnr_xgboost_20_1_5_5_0.15 Lrnr_xgboost_20_1_5_6_0.15 
                 158.77996                  149.08006 
 Lrnr_xgboost_20_1_5_2_0.3  Lrnr_xgboost_20_1_5_3_0.3 
                 121.45993                   89.41059 
 Lrnr_xgboost_20_1_5_4_0.3  Lrnr_xgboost_20_1_5_5_0.3 
                  72.16231                   59.76241 
 Lrnr_xgboost_20_1_5_6_0.3 Lrnr_xgboost_20_1_5_2_0.25 
                  53.56560                  136.10773 
Lrnr_xgboost_20_1_5_3_0.25 Lrnr_xgboost_20_1_5_4_0.25 
                  91.48134                   74.74491 
Lrnr_xgboost_20_1_5_5_0.25 Lrnr_xgboost_20_1_5_6_0.25 
                  63.15267                   58.08125 
 Lrnr_xgboost_20_1_5_2_0.2  Lrnr_xgboost_20_1_5_3_0.2 
                 164.98219                  109.58333 
 Lrnr_xgboost_20_1_5_4_0.2  Lrnr_xgboost_20_1_5_5_0.2 
                  79.61013                   74.78337 
 Lrnr_xgboost_20_1_5_6_0.2 Lrnr_xgboost_20_1_5_2_0.15 
                  66.05641                  263.26911 
Lrnr_xgboost_20_1_5_3_0.15 Lrnr_xgboost_20_1_5_4_0.15 
                 188.15896                  151.21034 
Lrnr_xgboost_20_1_5_5_0.15 Lrnr_xgboost_20_1_5_6_0.15 
                 143.60159                  135.05515 
[1] "done"
[1] "Lrnr_cv"
[1] "Lrnr_ranger_500_TRUE_none_1_12"
[1] "Lrnr_cv_selector_NULL"
predictions 
   59.45838 
predictions 
    64.6631 
[1] "done"
[1] "Lrnr_cv"
[1] "Lrnr_glm_TRUE"
NULL
NULL
[1] "done"
[1] "iter: 2"
[1] "Lrnr_cv"
[1] "Lrnr_earth_1_3_backward_0_1_0_0"                                                                                                                             
[2] "Lrnr_earth_2_3_backward_0_1_0_0"                                                                                                                             
[3] "Lrnr_earth_3_3_backward_0_1_0_0"                                                                                                                             
[4] "Lrnr_gam_A~s(W1, k = 25, bs='bs',m=c(1,1)) + s(W2, k = 25, bs='bs',m=c(1,1)) + s(W3, k = 25, bs='bs',m=c(1,1)) + s(W4, k = 25, bs='bs',m=c(1,1))_NULL_GCV.Cp"
[5] "Lrnr_gam_Y~s(W1, k = 25, bs='bs',m=c(1,1)) + s(W2, k = 25, bs='bs',m=c(1,1)) + s(W3, k = 25, bs='bs',m=c(1,1)) + s(W4, k = 25, bs='bs',m=c(1,1))_NULL_GCV.Cp"
[6] "Lrnr_glm_TRUE"                                                                                                                                               
[7] "Lrnr_glmnet_NULL_deviance_10_1_100_TRUE"                                                                                                                     
[1] "Lrnr_cv_selector_NULL"
                                                                                                                             Lrnr_earth_1_3_backward_0_1_0_0 
                                                                                                                                                   169.65263 
                                                                                                                             Lrnr_earth_2_3_backward_0_1_0_0 
                                                                                                                                                    56.05245 
                                                                                                                             Lrnr_earth_3_3_backward_0_1_0_0 
                                                                                                                                                    56.05245 
Lrnr_gam_Y~s(W1, k = 25, bs='bs',m=c(1,1)) + s(W2, k = 25, bs='bs',m=c(1,1)) + s(W3, k = 25, bs='bs',m=c(1,1)) + s(W4, k = 25, bs='bs',m=c(1,1))_NULL_GCV.Cp 
                                                                                                                                                   177.32724 
                                                                                                                                               Lrnr_glm_TRUE 
                                                                                                                                                   212.10372 
                                                                                                                     Lrnr_glmnet_NULL_deviance_10_1_100_TRUE 
                                                                                                                                                   203.63241 
                                                                                                                             Lrnr_earth_1_3_backward_0_1_0_0 
                                                                                                                                                    165.1491 
                                                                                                                             Lrnr_earth_2_3_backward_0_1_0_0 
                                                                                                                                                     63.6019 
                                                                                                                             Lrnr_earth_3_3_backward_0_1_0_0 
                                                                                                                                                     63.6019 
Lrnr_gam_Y~s(W1, k = 25, bs='bs',m=c(1,1)) + s(W2, k = 25, bs='bs',m=c(1,1)) + s(W3, k = 25, bs='bs',m=c(1,1)) + s(W4, k = 25, bs='bs',m=c(1,1))_NULL_GCV.Cp 
                                                                                                                                                    172.8176 
                                                                                                                                               Lrnr_glm_TRUE 
                                                                                                                                                    219.4948 
                                                                                                                     Lrnr_glmnet_NULL_deviance_10_1_100_TRUE 
                                                                                                                                                    171.8197 
[1] "done"
[1] "Lrnr_cv"
 [1] "Lrnr_xgboost_20_1_5_2_0.3"  "Lrnr_xgboost_20_1_5_3_0.3" 
 [3] "Lrnr_xgboost_20_1_5_4_0.3"  "Lrnr_xgboost_20_1_5_5_0.3" 
 [5] "Lrnr_xgboost_20_1_5_6_0.3"  "Lrnr_xgboost_20_1_5_2_0.25"
 [7] "Lrnr_xgboost_20_1_5_3_0.25" "Lrnr_xgboost_20_1_5_4_0.25"
 [9] "Lrnr_xgboost_20_1_5_5_0.25" "Lrnr_xgboost_20_1_5_6_0.25"
[11] "Lrnr_xgboost_20_1_5_2_0.2"  "Lrnr_xgboost_20_1_5_3_0.2" 
[13] "Lrnr_xgboost_20_1_5_4_0.2"  "Lrnr_xgboost_20_1_5_5_0.2" 
[15] "Lrnr_xgboost_20_1_5_6_0.2"  "Lrnr_xgboost_20_1_5_2_0.15"
[17] "Lrnr_xgboost_20_1_5_3_0.15" "Lrnr_xgboost_20_1_5_4_0.15"
[19] "Lrnr_xgboost_20_1_5_5_0.15" "Lrnr_xgboost_20_1_5_6_0.15"
[1] "Lrnr_cv_selector_NULL"
 Lrnr_xgboost_20_1_5_2_0.3  Lrnr_xgboost_20_1_5_3_0.3 
                 127.23717                   83.43638 
 Lrnr_xgboost_20_1_5_4_0.3  Lrnr_xgboost_20_1_5_5_0.3 
                  67.73867                   57.23473 
 Lrnr_xgboost_20_1_5_6_0.3 Lrnr_xgboost_20_1_5_2_0.25 
                  52.32464                  131.57915 
Lrnr_xgboost_20_1_5_3_0.25 Lrnr_xgboost_20_1_5_4_0.25 
                  89.19238                   74.51911 
Lrnr_xgboost_20_1_5_5_0.25 Lrnr_xgboost_20_1_5_6_0.25 
                  65.32992                   55.53026 
 Lrnr_xgboost_20_1_5_2_0.2  Lrnr_xgboost_20_1_5_3_0.2 
                 164.40501                  103.58315 
 Lrnr_xgboost_20_1_5_4_0.2  Lrnr_xgboost_20_1_5_5_0.2 
                  85.62038                   77.10640 
 Lrnr_xgboost_20_1_5_6_0.2 Lrnr_xgboost_20_1_5_2_0.15 
                  64.78237                  278.61668 
Lrnr_xgboost_20_1_5_3_0.15 Lrnr_xgboost_20_1_5_4_0.15 
                 197.01301                  171.93167 
Lrnr_xgboost_20_1_5_5_0.15 Lrnr_xgboost_20_1_5_6_0.15 
                 156.57130                  147.43858 
 Lrnr_xgboost_20_1_5_2_0.3  Lrnr_xgboost_20_1_5_3_0.3 
                 128.23167                   80.68196 
 Lrnr_xgboost_20_1_5_4_0.3  Lrnr_xgboost_20_1_5_5_0.3 
                  63.91684                   56.41205 
 Lrnr_xgboost_20_1_5_6_0.3 Lrnr_xgboost_20_1_5_2_0.25 
                  51.42733                  140.60894 
Lrnr_xgboost_20_1_5_3_0.25 Lrnr_xgboost_20_1_5_4_0.25 
                  85.32995                   65.86711 
Lrnr_xgboost_20_1_5_5_0.25 Lrnr_xgboost_20_1_5_6_0.25 
                  59.15492                   54.92504 
 Lrnr_xgboost_20_1_5_2_0.2  Lrnr_xgboost_20_1_5_3_0.2 
                 159.03230                   96.22096 
 Lrnr_xgboost_20_1_5_4_0.2  Lrnr_xgboost_20_1_5_5_0.2 
                  75.25739                   70.89538 
 Lrnr_xgboost_20_1_5_6_0.2 Lrnr_xgboost_20_1_5_2_0.15 
                  58.72279                  259.68061 
Lrnr_xgboost_20_1_5_3_0.15 Lrnr_xgboost_20_1_5_4_0.15 
                 180.95245                  153.59282 
Lrnr_xgboost_20_1_5_5_0.15 Lrnr_xgboost_20_1_5_6_0.15 
                 142.35348                  133.92929 
[1] "done"
[1] "Lrnr_cv"
[1] "Lrnr_ranger_500_TRUE_none_1_12"
[1] "Lrnr_cv_selector_NULL"
predictions 
   61.46716 
predictions 
   57.28578 
[1] "done"
[1] "Lrnr_cv"
[1] "Lrnr_glm_TRUE"
NULL
NULL
[1] "done"
[1] "iter: 3"
[1] "Lrnr_cv"
[1] "Lrnr_earth_1_3_backward_0_1_0_0"                                                                                                                             
[2] "Lrnr_earth_2_3_backward_0_1_0_0"                                                                                                                             
[3] "Lrnr_earth_3_3_backward_0_1_0_0"                                                                                                                             
[4] "Lrnr_gam_A~s(W1, k = 25, bs='bs',m=c(1,1)) + s(W2, k = 25, bs='bs',m=c(1,1)) + s(W3, k = 25, bs='bs',m=c(1,1)) + s(W4, k = 25, bs='bs',m=c(1,1))_NULL_GCV.Cp"
[5] "Lrnr_gam_Y~s(W1, k = 25, bs='bs',m=c(1,1)) + s(W2, k = 25, bs='bs',m=c(1,1)) + s(W3, k = 25, bs='bs',m=c(1,1)) + s(W4, k = 25, bs='bs',m=c(1,1))_NULL_GCV.Cp"
[6] "Lrnr_glm_TRUE"                                                                                                                                               
[7] "Lrnr_glmnet_NULL_deviance_10_1_100_TRUE"                                                                                                                     
[1] "Lrnr_cv_selector_NULL"
                                                                                                                             Lrnr_earth_1_3_backward_0_1_0_0 
                                                                                                                                                   153.76637 
                                                                                                                             Lrnr_earth_2_3_backward_0_1_0_0 
                                                                                                                                                    61.26606 
                                                                                                                             Lrnr_earth_3_3_backward_0_1_0_0 
                                                                                                                                                    61.26606 
Lrnr_gam_Y~s(W1, k = 25, bs='bs',m=c(1,1)) + s(W2, k = 25, bs='bs',m=c(1,1)) + s(W3, k = 25, bs='bs',m=c(1,1)) + s(W4, k = 25, bs='bs',m=c(1,1))_NULL_GCV.Cp 
                                                                                                                                                   157.10347 
                                                                                                                                               Lrnr_glm_TRUE 
                                                                                                                                                   207.27609 
                                                                                                                     Lrnr_glmnet_NULL_deviance_10_1_100_TRUE 
                                                                                                                                                   207.05319 
                                                                                                                             Lrnr_earth_1_3_backward_0_1_0_0 
                                                                                                                                                   166.97995 
                                                                                                                             Lrnr_earth_2_3_backward_0_1_0_0 
                                                                                                                                                    44.42955 
                                                                                                                             Lrnr_earth_3_3_backward_0_1_0_0 
                                                                                                                                                    44.42955 
Lrnr_gam_Y~s(W1, k = 25, bs='bs',m=c(1,1)) + s(W2, k = 25, bs='bs',m=c(1,1)) + s(W3, k = 25, bs='bs',m=c(1,1)) + s(W4, k = 25, bs='bs',m=c(1,1))_NULL_GCV.Cp 
                                                                                                                                                   718.26962 
                                                                                                                                               Lrnr_glm_TRUE 
                                                                                                                                                   224.61877 
                                                                                                                     Lrnr_glmnet_NULL_deviance_10_1_100_TRUE 
                                                                                                                                                   184.28259 
[1] "done"
[1] "Lrnr_cv"
 [1] "Lrnr_xgboost_20_1_5_2_0.3"  "Lrnr_xgboost_20_1_5_3_0.3" 
 [3] "Lrnr_xgboost_20_1_5_4_0.3"  "Lrnr_xgboost_20_1_5_5_0.3" 
 [5] "Lrnr_xgboost_20_1_5_6_0.3"  "Lrnr_xgboost_20_1_5_2_0.25"
 [7] "Lrnr_xgboost_20_1_5_3_0.25" "Lrnr_xgboost_20_1_5_4_0.25"
 [9] "Lrnr_xgboost_20_1_5_5_0.25" "Lrnr_xgboost_20_1_5_6_0.25"
[11] "Lrnr_xgboost_20_1_5_2_0.2"  "Lrnr_xgboost_20_1_5_3_0.2" 
[13] "Lrnr_xgboost_20_1_5_4_0.2"  "Lrnr_xgboost_20_1_5_5_0.2" 
[15] "Lrnr_xgboost_20_1_5_6_0.2"  "Lrnr_xgboost_20_1_5_2_0.15"
[17] "Lrnr_xgboost_20_1_5_3_0.15" "Lrnr_xgboost_20_1_5_4_0.15"
[19] "Lrnr_xgboost_20_1_5_5_0.15" "Lrnr_xgboost_20_1_5_6_0.15"
[1] "Lrnr_cv_selector_NULL"
 Lrnr_xgboost_20_1_5_2_0.3  Lrnr_xgboost_20_1_5_3_0.3 
                 126.03429                   79.37442 
 Lrnr_xgboost_20_1_5_4_0.3  Lrnr_xgboost_20_1_5_5_0.3 
                  72.55148                   59.36460 
 Lrnr_xgboost_20_1_5_6_0.3 Lrnr_xgboost_20_1_5_2_0.25 
                  53.73892                  140.15213 
Lrnr_xgboost_20_1_5_3_0.25 Lrnr_xgboost_20_1_5_4_0.25 
                  85.42627                   74.79094 
Lrnr_xgboost_20_1_5_5_0.25 Lrnr_xgboost_20_1_5_6_0.25 
                  68.63052                   58.40401 
 Lrnr_xgboost_20_1_5_2_0.2  Lrnr_xgboost_20_1_5_3_0.2 
                 162.49821                  101.24969 
 Lrnr_xgboost_20_1_5_4_0.2  Lrnr_xgboost_20_1_5_5_0.2 
                  86.94416                   80.24523 
 Lrnr_xgboost_20_1_5_6_0.2 Lrnr_xgboost_20_1_5_2_0.15 
                  68.27817                  279.71600 
Lrnr_xgboost_20_1_5_3_0.15 Lrnr_xgboost_20_1_5_4_0.15 
                 193.66124                  171.26053 
Lrnr_xgboost_20_1_5_5_0.15 Lrnr_xgboost_20_1_5_6_0.15 
                 158.13494                  147.22004 
 Lrnr_xgboost_20_1_5_2_0.3  Lrnr_xgboost_20_1_5_3_0.3 
                 111.46967                   84.87438 
 Lrnr_xgboost_20_1_5_4_0.3  Lrnr_xgboost_20_1_5_5_0.3 
                  56.86906                   57.53549 
 Lrnr_xgboost_20_1_5_6_0.3 Lrnr_xgboost_20_1_5_2_0.25 
                  46.90687                  130.48426 
Lrnr_xgboost_20_1_5_3_0.25 Lrnr_xgboost_20_1_5_4_0.25 
                  88.50198                   69.14505 
Lrnr_xgboost_20_1_5_5_0.25 Lrnr_xgboost_20_1_5_6_0.25 
                  58.22005                   49.28001 
 Lrnr_xgboost_20_1_5_2_0.2  Lrnr_xgboost_20_1_5_3_0.2 
                 151.04382                  100.72915 
 Lrnr_xgboost_20_1_5_4_0.2  Lrnr_xgboost_20_1_5_5_0.2 
                  78.79637                   67.38790 
 Lrnr_xgboost_20_1_5_6_0.2 Lrnr_xgboost_20_1_5_2_0.15 
                  60.66717                  255.76505 
Lrnr_xgboost_20_1_5_3_0.15 Lrnr_xgboost_20_1_5_4_0.15 
                 185.44429                  152.54263 
Lrnr_xgboost_20_1_5_5_0.15 Lrnr_xgboost_20_1_5_6_0.15 
                 138.98805                  136.03859 
[1] "done"
[1] "Lrnr_cv"
[1] "Lrnr_ranger_500_TRUE_none_1_12"
[1] "Lrnr_cv_selector_NULL"
predictions 
    63.0205 
predictions 
   58.62105 
[1] "done"
[1] "Lrnr_cv"
[1] "Lrnr_glm_TRUE"
NULL
NULL
[1] "done"
[1] "iter: 4"
[1] "Lrnr_cv"
[1] "Lrnr_earth_1_3_backward_0_1_0_0"                                                                                                                             
[2] "Lrnr_earth_2_3_backward_0_1_0_0"                                                                                                                             
[3] "Lrnr_earth_3_3_backward_0_1_0_0"                                                                                                                             
[4] "Lrnr_gam_A~s(W1, k = 25, bs='bs',m=c(1,1)) + s(W2, k = 25, bs='bs',m=c(1,1)) + s(W3, k = 25, bs='bs',m=c(1,1)) + s(W4, k = 25, bs='bs',m=c(1,1))_NULL_GCV.Cp"
[5] "Lrnr_gam_Y~s(W1, k = 25, bs='bs',m=c(1,1)) + s(W2, k = 25, bs='bs',m=c(1,1)) + s(W3, k = 25, bs='bs',m=c(1,1)) + s(W4, k = 25, bs='bs',m=c(1,1))_NULL_GCV.Cp"
[6] "Lrnr_glm_TRUE"                                                                                                                                               
[7] "Lrnr_glmnet_NULL_deviance_10_1_100_TRUE"                                                                                                                     
[1] "Lrnr_cv_selector_NULL"
                                                                                                                             Lrnr_earth_1_3_backward_0_1_0_0 
                                                                                                                                                   174.59539 
                                                                                                                             Lrnr_earth_2_3_backward_0_1_0_0 
                                                                                                                                                    58.73478 
                                                                                                                             Lrnr_earth_3_3_backward_0_1_0_0 
                                                                                                                                                    58.73478 
Lrnr_gam_Y~s(W1, k = 25, bs='bs',m=c(1,1)) + s(W2, k = 25, bs='bs',m=c(1,1)) + s(W3, k = 25, bs='bs',m=c(1,1)) + s(W4, k = 25, bs='bs',m=c(1,1))_NULL_GCV.Cp 
                                                                                                                                                   163.52866 
                                                                                                                                               Lrnr_glm_TRUE 
                                                                                                                                                   237.70109 
                                                                                                                     Lrnr_glmnet_NULL_deviance_10_1_100_TRUE 
                                                                                                                                                   239.56614 
                                                                                                                             Lrnr_earth_1_3_backward_0_1_0_0 
                                                                                                                                                   154.63470 
                                                                                                                             Lrnr_earth_2_3_backward_0_1_0_0 
                                                                                                                                                    54.10951 
                                                                                                                             Lrnr_earth_3_3_backward_0_1_0_0 
                                                                                                                                                    52.66116 
Lrnr_gam_Y~s(W1, k = 25, bs='bs',m=c(1,1)) + s(W2, k = 25, bs='bs',m=c(1,1)) + s(W3, k = 25, bs='bs',m=c(1,1)) + s(W4, k = 25, bs='bs',m=c(1,1))_NULL_GCV.Cp 
                                                                                                                                                   158.50273 
                                                                                                                                               Lrnr_glm_TRUE 
                                                                                                                                                   204.56964 
                                                                                                                     Lrnr_glmnet_NULL_deviance_10_1_100_TRUE 
                                                                                                                                                   150.96819 
[1] "done"
[1] "Lrnr_cv"
 [1] "Lrnr_xgboost_20_1_5_2_0.3"  "Lrnr_xgboost_20_1_5_3_0.3" 
 [3] "Lrnr_xgboost_20_1_5_4_0.3"  "Lrnr_xgboost_20_1_5_5_0.3" 
 [5] "Lrnr_xgboost_20_1_5_6_0.3"  "Lrnr_xgboost_20_1_5_2_0.25"
 [7] "Lrnr_xgboost_20_1_5_3_0.25" "Lrnr_xgboost_20_1_5_4_0.25"
 [9] "Lrnr_xgboost_20_1_5_5_0.25" "Lrnr_xgboost_20_1_5_6_0.25"
[11] "Lrnr_xgboost_20_1_5_2_0.2"  "Lrnr_xgboost_20_1_5_3_0.2" 
[13] "Lrnr_xgboost_20_1_5_4_0.2"  "Lrnr_xgboost_20_1_5_5_0.2" 
[15] "Lrnr_xgboost_20_1_5_6_0.2"  "Lrnr_xgboost_20_1_5_2_0.15"
[17] "Lrnr_xgboost_20_1_5_3_0.15" "Lrnr_xgboost_20_1_5_4_0.15"
[19] "Lrnr_xgboost_20_1_5_5_0.15" "Lrnr_xgboost_20_1_5_6_0.15"
[1] "Lrnr_cv_selector_NULL"
 Lrnr_xgboost_20_1_5_2_0.3  Lrnr_xgboost_20_1_5_3_0.3 
                 123.16167                   80.34658 
 Lrnr_xgboost_20_1_5_4_0.3  Lrnr_xgboost_20_1_5_5_0.3 
                  66.32945                   54.03628 
 Lrnr_xgboost_20_1_5_6_0.3 Lrnr_xgboost_20_1_5_2_0.25 
                  47.84165                  141.12358 
Lrnr_xgboost_20_1_5_3_0.25 Lrnr_xgboost_20_1_5_4_0.25 
                  89.59423                   67.98863 
Lrnr_xgboost_20_1_5_5_0.25 Lrnr_xgboost_20_1_5_6_0.25 
                  61.63764                   50.40775 
 Lrnr_xgboost_20_1_5_2_0.2  Lrnr_xgboost_20_1_5_3_0.2 
                 167.08855                  102.27390 
 Lrnr_xgboost_20_1_5_4_0.2  Lrnr_xgboost_20_1_5_5_0.2 
                  82.45415                   72.20622 
 Lrnr_xgboost_20_1_5_6_0.2 Lrnr_xgboost_20_1_5_2_0.15 
                  59.96578                  276.64316 
Lrnr_xgboost_20_1_5_3_0.15 Lrnr_xgboost_20_1_5_4_0.15 
                 198.79440                  169.57845 
Lrnr_xgboost_20_1_5_5_0.15 Lrnr_xgboost_20_1_5_6_0.15 
                 151.38807                  141.54260 
 Lrnr_xgboost_20_1_5_2_0.3  Lrnr_xgboost_20_1_5_3_0.3 
                 107.92244                   81.80223 
 Lrnr_xgboost_20_1_5_4_0.3  Lrnr_xgboost_20_1_5_5_0.3 
                  60.15281                   53.27019 
 Lrnr_xgboost_20_1_5_6_0.3 Lrnr_xgboost_20_1_5_2_0.25 
                  45.46146                  123.42162 
Lrnr_xgboost_20_1_5_3_0.25 Lrnr_xgboost_20_1_5_4_0.25 
                  81.05669                   58.60074 
Lrnr_xgboost_20_1_5_5_0.25 Lrnr_xgboost_20_1_5_6_0.25 
                  51.78281                   47.12370 
 Lrnr_xgboost_20_1_5_2_0.2  Lrnr_xgboost_20_1_5_3_0.2 
                 148.93052                   98.53508 
 Lrnr_xgboost_20_1_5_4_0.2  Lrnr_xgboost_20_1_5_5_0.2 
                  72.93392                   62.72721 
 Lrnr_xgboost_20_1_5_6_0.2 Lrnr_xgboost_20_1_5_2_0.15 
                  58.65110                  253.48185 
Lrnr_xgboost_20_1_5_3_0.15 Lrnr_xgboost_20_1_5_4_0.15 
                 175.25132                  144.51319 
Lrnr_xgboost_20_1_5_5_0.15 Lrnr_xgboost_20_1_5_6_0.15 
                 133.74068                  128.21391 
[1] "done"
[1] "Lrnr_cv"
[1] "Lrnr_ranger_500_TRUE_none_1_12"
[1] "Lrnr_cv_selector_NULL"
predictions 
   59.44695 
predictions 
   52.64586 
[1] "done"
[1] "Lrnr_cv"
[1] "Lrnr_glm_TRUE"
NULL
NULL
[1] "done"
[1] "iter: 5"
[1] "Lrnr_cv"
[1] "Lrnr_earth_1_3_backward_0_1_0_0"                                                                                                                             
[2] "Lrnr_earth_2_3_backward_0_1_0_0"                                                                                                                             
[3] "Lrnr_earth_3_3_backward_0_1_0_0"                                                                                                                             
[4] "Lrnr_gam_A~s(W1, k = 25, bs='bs',m=c(1,1)) + s(W2, k = 25, bs='bs',m=c(1,1)) + s(W3, k = 25, bs='bs',m=c(1,1)) + s(W4, k = 25, bs='bs',m=c(1,1))_NULL_GCV.Cp"
[5] "Lrnr_gam_Y~s(W1, k = 25, bs='bs',m=c(1,1)) + s(W2, k = 25, bs='bs',m=c(1,1)) + s(W3, k = 25, bs='bs',m=c(1,1)) + s(W4, k = 25, bs='bs',m=c(1,1))_NULL_GCV.Cp"
[6] "Lrnr_glm_TRUE"                                                                                                                                               
[7] "Lrnr_glmnet_NULL_deviance_10_1_100_TRUE"                                                                                                                     
[1] "Lrnr_cv_selector_NULL"
                                                                                                                             Lrnr_earth_1_3_backward_0_1_0_0 
                                                                                                                                                   161.22630 
                                                                                                                             Lrnr_earth_2_3_backward_0_1_0_0 
                                                                                                                                                    44.02618 
                                                                                                                             Lrnr_earth_3_3_backward_0_1_0_0 
                                                                                                                                                    44.02618 
Lrnr_gam_Y~s(W1, k = 25, bs='bs',m=c(1,1)) + s(W2, k = 25, bs='bs',m=c(1,1)) + s(W3, k = 25, bs='bs',m=c(1,1)) + s(W4, k = 25, bs='bs',m=c(1,1))_NULL_GCV.Cp 
                                                                                                                                                   167.14408 
                                                                                                                                               Lrnr_glm_TRUE 
                                                                                                                                                   220.79771 
                                                                                                                     Lrnr_glmnet_NULL_deviance_10_1_100_TRUE 
                                                                                                                                                   211.83543 
                                                                                                                             Lrnr_earth_1_3_backward_0_1_0_0 
                                                                                                                                                   162.69711 
                                                                                                                             Lrnr_earth_2_3_backward_0_1_0_0 
                                                                                                                                                    52.26436 
                                                                                                                             Lrnr_earth_3_3_backward_0_1_0_0 
                                                                                                                                                    52.26436 
Lrnr_gam_Y~s(W1, k = 25, bs='bs',m=c(1,1)) + s(W2, k = 25, bs='bs',m=c(1,1)) + s(W3, k = 25, bs='bs',m=c(1,1)) + s(W4, k = 25, bs='bs',m=c(1,1))_NULL_GCV.Cp 
                                                                                                                                                   166.95462 
                                                                                                                                               Lrnr_glm_TRUE 
                                                                                                                                                   208.27386 
                                                                                                                     Lrnr_glmnet_NULL_deviance_10_1_100_TRUE 
                                                                                                                                                   172.38226 
[1] "done"
[1] "Lrnr_cv"
 [1] "Lrnr_xgboost_20_1_5_2_0.3"  "Lrnr_xgboost_20_1_5_3_0.3" 
 [3] "Lrnr_xgboost_20_1_5_4_0.3"  "Lrnr_xgboost_20_1_5_5_0.3" 
 [5] "Lrnr_xgboost_20_1_5_6_0.3"  "Lrnr_xgboost_20_1_5_2_0.25"
 [7] "Lrnr_xgboost_20_1_5_3_0.25" "Lrnr_xgboost_20_1_5_4_0.25"
 [9] "Lrnr_xgboost_20_1_5_5_0.25" "Lrnr_xgboost_20_1_5_6_0.25"
[11] "Lrnr_xgboost_20_1_5_2_0.2"  "Lrnr_xgboost_20_1_5_3_0.2" 
[13] "Lrnr_xgboost_20_1_5_4_0.2"  "Lrnr_xgboost_20_1_5_5_0.2" 
[15] "Lrnr_xgboost_20_1_5_6_0.2"  "Lrnr_xgboost_20_1_5_2_0.15"
[17] "Lrnr_xgboost_20_1_5_3_0.15" "Lrnr_xgboost_20_1_5_4_0.15"
[19] "Lrnr_xgboost_20_1_5_5_0.15" "Lrnr_xgboost_20_1_5_6_0.15"
[1] "Lrnr_cv_selector_NULL"
 Lrnr_xgboost_20_1_5_2_0.3  Lrnr_xgboost_20_1_5_3_0.3 
                 115.39035                   75.72419 
 Lrnr_xgboost_20_1_5_4_0.3  Lrnr_xgboost_20_1_5_5_0.3 
                  64.23698                   52.97137 
 Lrnr_xgboost_20_1_5_6_0.3 Lrnr_xgboost_20_1_5_2_0.25 
                  47.46096                  127.07965 
Lrnr_xgboost_20_1_5_3_0.25 Lrnr_xgboost_20_1_5_4_0.25 
                  80.12106                   69.69892 
Lrnr_xgboost_20_1_5_5_0.25 Lrnr_xgboost_20_1_5_6_0.25 
                  58.23676                   51.95045 
 Lrnr_xgboost_20_1_5_2_0.2  Lrnr_xgboost_20_1_5_3_0.2 
                 164.85392                   94.66408 
 Lrnr_xgboost_20_1_5_4_0.2  Lrnr_xgboost_20_1_5_5_0.2 
                  82.07121                   68.45373 
 Lrnr_xgboost_20_1_5_6_0.2 Lrnr_xgboost_20_1_5_2_0.15 
                  60.53958                  271.64636 
Lrnr_xgboost_20_1_5_3_0.15 Lrnr_xgboost_20_1_5_4_0.15 
                 187.86665                  165.14410 
Lrnr_xgboost_20_1_5_5_0.15 Lrnr_xgboost_20_1_5_6_0.15 
                 146.43524                  138.95681 
 Lrnr_xgboost_20_1_5_2_0.3  Lrnr_xgboost_20_1_5_3_0.3 
                 118.37128                   79.59519 
 Lrnr_xgboost_20_1_5_4_0.3  Lrnr_xgboost_20_1_5_5_0.3 
                  59.14917                   54.66337 
 Lrnr_xgboost_20_1_5_6_0.3 Lrnr_xgboost_20_1_5_2_0.25 
                  53.01671                  126.00316 
Lrnr_xgboost_20_1_5_3_0.25 Lrnr_xgboost_20_1_5_4_0.25 
                  81.33388                   66.98918 
Lrnr_xgboost_20_1_5_5_0.25 Lrnr_xgboost_20_1_5_6_0.25 
                  56.85526                   49.88907 
 Lrnr_xgboost_20_1_5_2_0.2  Lrnr_xgboost_20_1_5_3_0.2 
                 162.75702                   94.33319 
 Lrnr_xgboost_20_1_5_4_0.2  Lrnr_xgboost_20_1_5_5_0.2 
                  72.17071                   65.91827 
 Lrnr_xgboost_20_1_5_6_0.2 Lrnr_xgboost_20_1_5_2_0.15 
                  54.83040                  264.25691 
Lrnr_xgboost_20_1_5_3_0.15 Lrnr_xgboost_20_1_5_4_0.15 
                 178.14607                  147.86370 
Lrnr_xgboost_20_1_5_5_0.15 Lrnr_xgboost_20_1_5_6_0.15 
                 138.59607                  128.67654 
[1] "done"
[1] "Lrnr_cv"
[1] "Lrnr_ranger_500_TRUE_none_1_12"
[1] "Lrnr_cv_selector_NULL"
predictions 
   54.98217 
predictions 
   56.47166 
[1] "done"
[1] "Lrnr_cv"
[1] "Lrnr_glm_TRUE"
NULL
NULL
[1] "done"
[1] "iter: 6"
[1] "Lrnr_cv"
[1] "Lrnr_earth_1_3_backward_0_1_0_0"                                                                                                                             
[2] "Lrnr_earth_2_3_backward_0_1_0_0"                                                                                                                             
[3] "Lrnr_earth_3_3_backward_0_1_0_0"                                                                                                                             
[4] "Lrnr_gam_A~s(W1, k = 25, bs='bs',m=c(1,1)) + s(W2, k = 25, bs='bs',m=c(1,1)) + s(W3, k = 25, bs='bs',m=c(1,1)) + s(W4, k = 25, bs='bs',m=c(1,1))_NULL_GCV.Cp"
[5] "Lrnr_gam_Y~s(W1, k = 25, bs='bs',m=c(1,1)) + s(W2, k = 25, bs='bs',m=c(1,1)) + s(W3, k = 25, bs='bs',m=c(1,1)) + s(W4, k = 25, bs='bs',m=c(1,1))_NULL_GCV.Cp"
[6] "Lrnr_glm_TRUE"                                                                                                                                               
[7] "Lrnr_glmnet_NULL_deviance_10_1_100_TRUE"                                                                                                                     
[1] "Lrnr_cv_selector_NULL"
                                                                                                                             Lrnr_earth_1_3_backward_0_1_0_0 
                                                                                                                                                   165.52298 
                                                                                                                             Lrnr_earth_2_3_backward_0_1_0_0 
                                                                                                                                                    48.73677 
                                                                                                                             Lrnr_earth_3_3_backward_0_1_0_0 
                                                                                                                                                    48.73677 
Lrnr_gam_Y~s(W1, k = 25, bs='bs',m=c(1,1)) + s(W2, k = 25, bs='bs',m=c(1,1)) + s(W3, k = 25, bs='bs',m=c(1,1)) + s(W4, k = 25, bs='bs',m=c(1,1))_NULL_GCV.Cp 
                                                                                                                                                   162.57780 
                                                                                                                                               Lrnr_glm_TRUE 
                                                                                                                                                   218.72323 
                                                                                                                     Lrnr_glmnet_NULL_deviance_10_1_100_TRUE 
                                                                                                                                                   218.34082 
                                                                                                                             Lrnr_earth_1_3_backward_0_1_0_0 
                                                                                                                                                   155.89732 
                                                                                                                             Lrnr_earth_2_3_backward_0_1_0_0 
                                                                                                                                                    51.71263 
                                                                                                                             Lrnr_earth_3_3_backward_0_1_0_0 
                                                                                                                                                    51.71263 
Lrnr_gam_Y~s(W1, k = 25, bs='bs',m=c(1,1)) + s(W2, k = 25, bs='bs',m=c(1,1)) + s(W3, k = 25, bs='bs',m=c(1,1)) + s(W4, k = 25, bs='bs',m=c(1,1))_NULL_GCV.Cp 
                                                                                                                                                   151.85047 
                                                                                                                                               Lrnr_glm_TRUE 
                                                                                                                                                   220.59515 
                                                                                                                     Lrnr_glmnet_NULL_deviance_10_1_100_TRUE 
                                                                                                                                                   162.29857 
[1] "done"
[1] "Lrnr_cv"
 [1] "Lrnr_xgboost_20_1_5_2_0.3"  "Lrnr_xgboost_20_1_5_3_0.3" 
 [3] "Lrnr_xgboost_20_1_5_4_0.3"  "Lrnr_xgboost_20_1_5_5_0.3" 
 [5] "Lrnr_xgboost_20_1_5_6_0.3"  "Lrnr_xgboost_20_1_5_2_0.25"
 [7] "Lrnr_xgboost_20_1_5_3_0.25" "Lrnr_xgboost_20_1_5_4_0.25"
 [9] "Lrnr_xgboost_20_1_5_5_0.25" "Lrnr_xgboost_20_1_5_6_0.25"
[11] "Lrnr_xgboost_20_1_5_2_0.2"  "Lrnr_xgboost_20_1_5_3_0.2" 
[13] "Lrnr_xgboost_20_1_5_4_0.2"  "Lrnr_xgboost_20_1_5_5_0.2" 
[15] "Lrnr_xgboost_20_1_5_6_0.2"  "Lrnr_xgboost_20_1_5_2_0.15"
[17] "Lrnr_xgboost_20_1_5_3_0.15" "Lrnr_xgboost_20_1_5_4_0.15"
[19] "Lrnr_xgboost_20_1_5_5_0.15" "Lrnr_xgboost_20_1_5_6_0.15"
[1] "Lrnr_cv_selector_NULL"
 Lrnr_xgboost_20_1_5_2_0.3  Lrnr_xgboost_20_1_5_3_0.3 
                 121.85470                   80.24877 
 Lrnr_xgboost_20_1_5_4_0.3  Lrnr_xgboost_20_1_5_5_0.3 
                  69.00268                   57.57651 
 Lrnr_xgboost_20_1_5_6_0.3 Lrnr_xgboost_20_1_5_2_0.25 
                  48.82554                  139.77214 
Lrnr_xgboost_20_1_5_3_0.25 Lrnr_xgboost_20_1_5_4_0.25 
                  88.81796                   73.94567 
Lrnr_xgboost_20_1_5_5_0.25 Lrnr_xgboost_20_1_5_6_0.25 
                  64.51087                   56.89347 
 Lrnr_xgboost_20_1_5_2_0.2  Lrnr_xgboost_20_1_5_3_0.2 
                 167.43799                  106.94909 
 Lrnr_xgboost_20_1_5_4_0.2  Lrnr_xgboost_20_1_5_5_0.2 
                  89.11752                   74.71671 
 Lrnr_xgboost_20_1_5_6_0.2 Lrnr_xgboost_20_1_5_2_0.15 
                  67.91439                  282.91082 
Lrnr_xgboost_20_1_5_3_0.15 Lrnr_xgboost_20_1_5_4_0.15 
                 194.22542                  171.06833 
Lrnr_xgboost_20_1_5_5_0.15 Lrnr_xgboost_20_1_5_6_0.15 
                 157.03996                  145.40045 
 Lrnr_xgboost_20_1_5_2_0.3  Lrnr_xgboost_20_1_5_3_0.3 
                 121.04583                   82.41442 
 Lrnr_xgboost_20_1_5_4_0.3  Lrnr_xgboost_20_1_5_5_0.3 
                  62.09910                   55.68827 
 Lrnr_xgboost_20_1_5_6_0.3 Lrnr_xgboost_20_1_5_2_0.25 
                  49.40766                  142.50870 
Lrnr_xgboost_20_1_5_3_0.25 Lrnr_xgboost_20_1_5_4_0.25 
                  81.77992                   69.12145 
Lrnr_xgboost_20_1_5_5_0.25 Lrnr_xgboost_20_1_5_6_0.25 
                  57.27721                   53.43509 
 Lrnr_xgboost_20_1_5_2_0.2  Lrnr_xgboost_20_1_5_3_0.2 
                 164.06609                  102.78223 
 Lrnr_xgboost_20_1_5_4_0.2  Lrnr_xgboost_20_1_5_5_0.2 
                  79.13260                   68.65544 
 Lrnr_xgboost_20_1_5_6_0.2 Lrnr_xgboost_20_1_5_2_0.15 
                  60.48818                  267.41828 
Lrnr_xgboost_20_1_5_3_0.15 Lrnr_xgboost_20_1_5_4_0.15 
                 182.10082                  151.33169 
Lrnr_xgboost_20_1_5_5_0.15 Lrnr_xgboost_20_1_5_6_0.15 
                 138.21968                  133.52032 
[1] "done"
[1] "Lrnr_cv"
[1] "Lrnr_ranger_500_TRUE_none_1_12"
[1] "Lrnr_cv_selector_NULL"
predictions 
   61.30651 
predictions 
     58.845 
[1] "done"
[1] "Lrnr_cv"
[1] "Lrnr_glm_TRUE"
NULL
NULL
[1] "done"
[1] "iter: 7"
[1] "Lrnr_cv"
[1] "Lrnr_earth_1_3_backward_0_1_0_0"                                                                                                                             
[2] "Lrnr_earth_2_3_backward_0_1_0_0"                                                                                                                             
[3] "Lrnr_earth_3_3_backward_0_1_0_0"                                                                                                                             
[4] "Lrnr_gam_A~s(W1, k = 25, bs='bs',m=c(1,1)) + s(W2, k = 25, bs='bs',m=c(1,1)) + s(W3, k = 25, bs='bs',m=c(1,1)) + s(W4, k = 25, bs='bs',m=c(1,1))_NULL_GCV.Cp"
[5] "Lrnr_gam_Y~s(W1, k = 25, bs='bs',m=c(1,1)) + s(W2, k = 25, bs='bs',m=c(1,1)) + s(W3, k = 25, bs='bs',m=c(1,1)) + s(W4, k = 25, bs='bs',m=c(1,1))_NULL_GCV.Cp"
[6] "Lrnr_glm_TRUE"                                                                                                                                               
[7] "Lrnr_glmnet_NULL_deviance_10_1_100_TRUE"                                                                                                                     
[1] "Lrnr_cv_selector_NULL"
                                                                                                                             Lrnr_earth_1_3_backward_0_1_0_0 
                                                                                                                                                   155.73142 
                                                                                                                             Lrnr_earth_2_3_backward_0_1_0_0 
                                                                                                                                                    55.13894 
                                                                                                                             Lrnr_earth_3_3_backward_0_1_0_0 
                                                                                                                                                    55.33300 
Lrnr_gam_Y~s(W1, k = 25, bs='bs',m=c(1,1)) + s(W2, k = 25, bs='bs',m=c(1,1)) + s(W3, k = 25, bs='bs',m=c(1,1)) + s(W4, k = 25, bs='bs',m=c(1,1))_NULL_GCV.Cp 
                                                                                                                                                   154.94516 
                                                                                                                                               Lrnr_glm_TRUE 
                                                                                                                                                   219.12242 
                                                                                                                     Lrnr_glmnet_NULL_deviance_10_1_100_TRUE 
                                                                                                                                                   225.62781 
                                                                                                                             Lrnr_earth_1_3_backward_0_1_0_0 
                                                                                                                                                   151.76419 
                                                                                                                             Lrnr_earth_2_3_backward_0_1_0_0 
                                                                                                                                                    65.20661 
                                                                                                                             Lrnr_earth_3_3_backward_0_1_0_0 
                                                                                                                                                    65.20661 
Lrnr_gam_Y~s(W1, k = 25, bs='bs',m=c(1,1)) + s(W2, k = 25, bs='bs',m=c(1,1)) + s(W3, k = 25, bs='bs',m=c(1,1)) + s(W4, k = 25, bs='bs',m=c(1,1))_NULL_GCV.Cp 
                                                                                                                                                   152.47527 
                                                                                                                                               Lrnr_glm_TRUE 
                                                                                                                                                   223.78825 
                                                                                                                     Lrnr_glmnet_NULL_deviance_10_1_100_TRUE 
                                                                                                                                                   158.33498 
[1] "done"
[1] "Lrnr_cv"
 [1] "Lrnr_xgboost_20_1_5_2_0.3"  "Lrnr_xgboost_20_1_5_3_0.3" 
 [3] "Lrnr_xgboost_20_1_5_4_0.3"  "Lrnr_xgboost_20_1_5_5_0.3" 
 [5] "Lrnr_xgboost_20_1_5_6_0.3"  "Lrnr_xgboost_20_1_5_2_0.25"
 [7] "Lrnr_xgboost_20_1_5_3_0.25" "Lrnr_xgboost_20_1_5_4_0.25"
 [9] "Lrnr_xgboost_20_1_5_5_0.25" "Lrnr_xgboost_20_1_5_6_0.25"
[11] "Lrnr_xgboost_20_1_5_2_0.2"  "Lrnr_xgboost_20_1_5_3_0.2" 
[13] "Lrnr_xgboost_20_1_5_4_0.2"  "Lrnr_xgboost_20_1_5_5_0.2" 
[15] "Lrnr_xgboost_20_1_5_6_0.2"  "Lrnr_xgboost_20_1_5_2_0.15"
[17] "Lrnr_xgboost_20_1_5_3_0.15" "Lrnr_xgboost_20_1_5_4_0.15"
[19] "Lrnr_xgboost_20_1_5_5_0.15" "Lrnr_xgboost_20_1_5_6_0.15"
[1] "Lrnr_cv_selector_NULL"
 Lrnr_xgboost_20_1_5_2_0.3  Lrnr_xgboost_20_1_5_3_0.3 
                 128.70880                   82.19981 
 Lrnr_xgboost_20_1_5_4_0.3  Lrnr_xgboost_20_1_5_5_0.3 
                  70.02087                   59.53579 
 Lrnr_xgboost_20_1_5_6_0.3 Lrnr_xgboost_20_1_5_2_0.25 
                  52.03470                  131.32468 
Lrnr_xgboost_20_1_5_3_0.25 Lrnr_xgboost_20_1_5_4_0.25 
                  86.91389                   77.48408 
Lrnr_xgboost_20_1_5_5_0.25 Lrnr_xgboost_20_1_5_6_0.25 
                  64.44164                   60.27337 
 Lrnr_xgboost_20_1_5_2_0.2  Lrnr_xgboost_20_1_5_3_0.2 
                 160.75028                  103.27693 
 Lrnr_xgboost_20_1_5_4_0.2  Lrnr_xgboost_20_1_5_5_0.2 
                  91.37708                   76.52297 
 Lrnr_xgboost_20_1_5_6_0.2 Lrnr_xgboost_20_1_5_2_0.15 
                  67.80409                  273.32329 
Lrnr_xgboost_20_1_5_3_0.15 Lrnr_xgboost_20_1_5_4_0.15 
                 196.30414                  175.46056 
Lrnr_xgboost_20_1_5_5_0.15 Lrnr_xgboost_20_1_5_6_0.15 
                 161.80858                  149.77527 
 Lrnr_xgboost_20_1_5_2_0.3  Lrnr_xgboost_20_1_5_3_0.3 
                 110.47478                   84.94479 
 Lrnr_xgboost_20_1_5_4_0.3  Lrnr_xgboost_20_1_5_5_0.3 
                  64.16260                   56.70121 
 Lrnr_xgboost_20_1_5_6_0.3 Lrnr_xgboost_20_1_5_2_0.25 
                  50.73507                  127.21210 
Lrnr_xgboost_20_1_5_3_0.25 Lrnr_xgboost_20_1_5_4_0.25 
                  84.38320                   60.68829 
Lrnr_xgboost_20_1_5_5_0.25 Lrnr_xgboost_20_1_5_6_0.25 
                  57.30017                   55.19442 
 Lrnr_xgboost_20_1_5_2_0.2  Lrnr_xgboost_20_1_5_3_0.2 
                 149.47092                   94.04589 
 Lrnr_xgboost_20_1_5_4_0.2  Lrnr_xgboost_20_1_5_5_0.2 
                  76.24614                   67.50943 
 Lrnr_xgboost_20_1_5_6_0.2 Lrnr_xgboost_20_1_5_2_0.15 
                  62.49853                  252.02380 
Lrnr_xgboost_20_1_5_3_0.15 Lrnr_xgboost_20_1_5_4_0.15 
                 179.65136                  145.31030 
Lrnr_xgboost_20_1_5_5_0.15 Lrnr_xgboost_20_1_5_6_0.15 
                 135.15019                  128.29859 
[1] "done"
[1] "Lrnr_cv"
[1] "Lrnr_ranger_500_TRUE_none_1_12"
[1] "Lrnr_cv_selector_NULL"
predictions 
   63.11207 
predictions 
    55.6866 
[1] "done"
[1] "Lrnr_cv"
[1] "Lrnr_glm_TRUE"
NULL
NULL
[1] "done"
[1] "iter: 8"
[1] "Lrnr_cv"
[1] "Lrnr_earth_1_3_backward_0_1_0_0"                                                                                                                             
[2] "Lrnr_earth_2_3_backward_0_1_0_0"                                                                                                                             
[3] "Lrnr_earth_3_3_backward_0_1_0_0"                                                                                                                             
[4] "Lrnr_gam_A~s(W1, k = 25, bs='bs',m=c(1,1)) + s(W2, k = 25, bs='bs',m=c(1,1)) + s(W3, k = 25, bs='bs',m=c(1,1)) + s(W4, k = 25, bs='bs',m=c(1,1))_NULL_GCV.Cp"
[5] "Lrnr_gam_Y~s(W1, k = 25, bs='bs',m=c(1,1)) + s(W2, k = 25, bs='bs',m=c(1,1)) + s(W3, k = 25, bs='bs',m=c(1,1)) + s(W4, k = 25, bs='bs',m=c(1,1))_NULL_GCV.Cp"
[6] "Lrnr_glm_TRUE"                                                                                                                                               
[7] "Lrnr_glmnet_NULL_deviance_10_1_100_TRUE"                                                                                                                     
[1] "Lrnr_cv_selector_NULL"
                                                                                                                             Lrnr_earth_1_3_backward_0_1_0_0 
                                                                                                                                                   166.12666 
                                                                                                                             Lrnr_earth_2_3_backward_0_1_0_0 
                                                                                                                                                    65.39502 
                                                                                                                             Lrnr_earth_3_3_backward_0_1_0_0 
                                                                                                                                                    65.39502 
Lrnr_gam_Y~s(W1, k = 25, bs='bs',m=c(1,1)) + s(W2, k = 25, bs='bs',m=c(1,1)) + s(W3, k = 25, bs='bs',m=c(1,1)) + s(W4, k = 25, bs='bs',m=c(1,1))_NULL_GCV.Cp 
                                                                                                                                                   168.24194 
                                                                                                                                               Lrnr_glm_TRUE 
                                                                                                                                                   209.80024 
                                                                                                                     Lrnr_glmnet_NULL_deviance_10_1_100_TRUE 
                                                                                                                                                   205.72516 
                                                                                                                             Lrnr_earth_1_3_backward_0_1_0_0 
                                                                                                                                                   158.10256 
                                                                                                                             Lrnr_earth_2_3_backward_0_1_0_0 
                                                                                                                                                    56.04128 
                                                                                                                             Lrnr_earth_3_3_backward_0_1_0_0 
                                                                                                                                                    56.04128 
Lrnr_gam_Y~s(W1, k = 25, bs='bs',m=c(1,1)) + s(W2, k = 25, bs='bs',m=c(1,1)) + s(W3, k = 25, bs='bs',m=c(1,1)) + s(W4, k = 25, bs='bs',m=c(1,1))_NULL_GCV.Cp 
                                                                                                                                                 64219.57227 
                                                                                                                                               Lrnr_glm_TRUE 
                                                                                                                                                   214.92176 
                                                                                                                     Lrnr_glmnet_NULL_deviance_10_1_100_TRUE 
                                                                                                                                                   168.01861 
[1] "done"
[1] "Lrnr_cv"
 [1] "Lrnr_xgboost_20_1_5_2_0.3"  "Lrnr_xgboost_20_1_5_3_0.3" 
 [3] "Lrnr_xgboost_20_1_5_4_0.3"  "Lrnr_xgboost_20_1_5_5_0.3" 
 [5] "Lrnr_xgboost_20_1_5_6_0.3"  "Lrnr_xgboost_20_1_5_2_0.25"
 [7] "Lrnr_xgboost_20_1_5_3_0.25" "Lrnr_xgboost_20_1_5_4_0.25"
 [9] "Lrnr_xgboost_20_1_5_5_0.25" "Lrnr_xgboost_20_1_5_6_0.25"
[11] "Lrnr_xgboost_20_1_5_2_0.2"  "Lrnr_xgboost_20_1_5_3_0.2" 
[13] "Lrnr_xgboost_20_1_5_4_0.2"  "Lrnr_xgboost_20_1_5_5_0.2" 
[15] "Lrnr_xgboost_20_1_5_6_0.2"  "Lrnr_xgboost_20_1_5_2_0.15"
[17] "Lrnr_xgboost_20_1_5_3_0.15" "Lrnr_xgboost_20_1_5_4_0.15"
[19] "Lrnr_xgboost_20_1_5_5_0.15" "Lrnr_xgboost_20_1_5_6_0.15"
[1] "Lrnr_cv_selector_NULL"
 Lrnr_xgboost_20_1_5_2_0.3  Lrnr_xgboost_20_1_5_3_0.3 
                 113.74633                   78.11640 
 Lrnr_xgboost_20_1_5_4_0.3  Lrnr_xgboost_20_1_5_5_0.3 
                  68.83068                   58.96483 
 Lrnr_xgboost_20_1_5_6_0.3 Lrnr_xgboost_20_1_5_2_0.25 
                  53.01011                  129.17590 
Lrnr_xgboost_20_1_5_3_0.25 Lrnr_xgboost_20_1_5_4_0.25 
                  87.43628                   73.10767 
Lrnr_xgboost_20_1_5_5_0.25 Lrnr_xgboost_20_1_5_6_0.25 
                  68.10209                   57.70739 
 Lrnr_xgboost_20_1_5_2_0.2  Lrnr_xgboost_20_1_5_3_0.2 
                 154.51401                  102.70124 
 Lrnr_xgboost_20_1_5_4_0.2  Lrnr_xgboost_20_1_5_5_0.2 
                  87.51211                   76.48424 
 Lrnr_xgboost_20_1_5_6_0.2 Lrnr_xgboost_20_1_5_2_0.15 
                  64.88303                  280.28995 
Lrnr_xgboost_20_1_5_3_0.15 Lrnr_xgboost_20_1_5_4_0.15 
                 201.19493                  175.00830 
Lrnr_xgboost_20_1_5_5_0.15 Lrnr_xgboost_20_1_5_6_0.15 
                 159.79054                  150.22007 
 Lrnr_xgboost_20_1_5_2_0.3  Lrnr_xgboost_20_1_5_3_0.3 
                 118.97496                   85.51608 
 Lrnr_xgboost_20_1_5_4_0.3  Lrnr_xgboost_20_1_5_5_0.3 
                  65.92689                   58.13688 
 Lrnr_xgboost_20_1_5_6_0.3 Lrnr_xgboost_20_1_5_2_0.25 
                  51.89752                  139.00115 
Lrnr_xgboost_20_1_5_3_0.25 Lrnr_xgboost_20_1_5_4_0.25 
                  88.48177                   69.71950 
Lrnr_xgboost_20_1_5_5_0.25 Lrnr_xgboost_20_1_5_6_0.25 
                  57.24376                   54.13750 
 Lrnr_xgboost_20_1_5_2_0.2  Lrnr_xgboost_20_1_5_3_0.2 
                 162.57225                   99.42351 
 Lrnr_xgboost_20_1_5_4_0.2  Lrnr_xgboost_20_1_5_5_0.2 
                  76.68043                   69.02919 
 Lrnr_xgboost_20_1_5_6_0.2 Lrnr_xgboost_20_1_5_2_0.15 
                  62.74588                  255.18418 
Lrnr_xgboost_20_1_5_3_0.15 Lrnr_xgboost_20_1_5_4_0.15 
                 180.08064                  153.78165 
Lrnr_xgboost_20_1_5_5_0.15 Lrnr_xgboost_20_1_5_6_0.15 
                 144.37367                  135.22579 
[1] "done"
[1] "Lrnr_cv"
[1] "Lrnr_ranger_500_TRUE_none_1_12"
[1] "Lrnr_cv_selector_NULL"
predictions 
   66.75386 
predictions 
   59.61539 
[1] "done"
[1] "Lrnr_cv"
[1] "Lrnr_glm_TRUE"
NULL
NULL
[1] "done"
[1] "iter: 9"
[1] "Lrnr_cv"
[1] "Lrnr_earth_1_3_backward_0_1_0_0"                                                                                                                             
[2] "Lrnr_earth_2_3_backward_0_1_0_0"                                                                                                                             
[3] "Lrnr_earth_3_3_backward_0_1_0_0"                                                                                                                             
[4] "Lrnr_gam_A~s(W1, k = 25, bs='bs',m=c(1,1)) + s(W2, k = 25, bs='bs',m=c(1,1)) + s(W3, k = 25, bs='bs',m=c(1,1)) + s(W4, k = 25, bs='bs',m=c(1,1))_NULL_GCV.Cp"
[5] "Lrnr_gam_Y~s(W1, k = 25, bs='bs',m=c(1,1)) + s(W2, k = 25, bs='bs',m=c(1,1)) + s(W3, k = 25, bs='bs',m=c(1,1)) + s(W4, k = 25, bs='bs',m=c(1,1))_NULL_GCV.Cp"
[6] "Lrnr_glm_TRUE"                                                                                                                                               
[7] "Lrnr_glmnet_NULL_deviance_10_1_100_TRUE"                                                                                                                     
[1] "Lrnr_cv_selector_NULL"
                                                                                                                             Lrnr_earth_1_3_backward_0_1_0_0 
                                                                                                                                                   166.69482 
                                                                                                                             Lrnr_earth_2_3_backward_0_1_0_0 
                                                                                                                                                    72.85801 
                                                                                                                             Lrnr_earth_3_3_backward_0_1_0_0 
                                                                                                                                                    73.77155 
Lrnr_gam_Y~s(W1, k = 25, bs='bs',m=c(1,1)) + s(W2, k = 25, bs='bs',m=c(1,1)) + s(W3, k = 25, bs='bs',m=c(1,1)) + s(W4, k = 25, bs='bs',m=c(1,1))_NULL_GCV.Cp 
                                                                                                                                                   167.79307 
                                                                                                                                               Lrnr_glm_TRUE 
                                                                                                                                                   231.63600 
                                                                                                                     Lrnr_glmnet_NULL_deviance_10_1_100_TRUE 
                                                                                                                                                   214.12050 
                                                                                                                             Lrnr_earth_1_3_backward_0_1_0_0 
                                                                                                                                                   182.85960 
                                                                                                                             Lrnr_earth_2_3_backward_0_1_0_0 
                                                                                                                                                    52.43701 
                                                                                                                             Lrnr_earth_3_3_backward_0_1_0_0 
                                                                                                                                                    52.43701 
Lrnr_gam_Y~s(W1, k = 25, bs='bs',m=c(1,1)) + s(W2, k = 25, bs='bs',m=c(1,1)) + s(W3, k = 25, bs='bs',m=c(1,1)) + s(W4, k = 25, bs='bs',m=c(1,1))_NULL_GCV.Cp 
                                                                                                                                                   180.34324 
                                                                                                                                               Lrnr_glm_TRUE 
                                                                                                                                                   224.81941 
                                                                                                                     Lrnr_glmnet_NULL_deviance_10_1_100_TRUE 
                                                                                                                                                   176.21356 
