Error in fread(paste0("./data/ihdp/ihdp_npci_", i, ".csv")) : 
  File './data/ihdp/ihdp_npci_1.csv' does not exist or is non-readable. getwd()=='/home/lvanderl/sieveSims'
Error in fread(paste0("./data/ihdp/ihdp_npci_", i, ".csv")) : 
  File './data/ihdp/ihdp_npci_2.csv' does not exist or is non-readable. getwd()=='/home/lvanderl/sieveSims'
Error in fread(paste0("./data/ihdp/ihdp_npci_", i, ".csv")) : 
  File './data/ihdp/ihdp_npci_3.csv' does not exist or is non-readable. getwd()=='/home/lvanderl/sieveSims'
Error in fread(paste0("./data/ihdp/ihdp_npci_", i, ".csv")) : 
  File './data/ihdp/ihdp_npci_4.csv' does not exist or is non-readable. getwd()=='/home/lvanderl/sieveSims'
Error in fread(paste0("./data/ihdp/ihdp_npci_", i, ".csv")) : 
  File './data/ihdp/ihdp_npci_5.csv' does not exist or is non-readable. getwd()=='/home/lvanderl/sieveSims'
Error in fread(paste0("./data/ihdp/ihdp_npci_", i, ".csv")) : 
  File './data/ihdp/ihdp_npci_6.csv' does not exist or is non-readable. getwd()=='/home/lvanderl/sieveSims'
Error in fread(paste0("./data/ihdp/ihdp_npci_", i, ".csv")) : 
  File './data/ihdp/ihdp_npci_7.csv' does not exist or is non-readable. getwd()=='/home/lvanderl/sieveSims'
Error in fread(paste0("./data/ihdp/ihdp_npci_", i, ".csv")) : 
  File './data/ihdp/ihdp_npci_8.csv' does not exist or is non-readable. getwd()=='/home/lvanderl/sieveSims'
Error in fread(paste0("./data/ihdp/ihdp_npci_", i, ".csv")) : 
  File './data/ihdp/ihdp_npci_9.csv' does not exist or is non-readable. getwd()=='/home/lvanderl/sieveSims'
Error in fread(paste0("./data/ihdp/ihdp_npci_", i, ".csv")) : 
  File './data/ihdp/ihdp_npci_10.csv' does not exist or is non-readable. getwd()=='/home/lvanderl/sieveSims'
Error in fread(paste0("./data/ihdp/ihdp_npci_", i, ".csv")) : 
  File './data/ihdp/ihdp_npci_11.csv' does not exist or is non-readable. getwd()=='/home/lvanderl/sieveSims'
Error in fread(paste0("./data/ihdp/ihdp_npci_", i, ".csv")) : 
  File './data/ihdp/ihdp_npci_12.csv' does not exist or is non-readable. getwd()=='/home/lvanderl/sieveSims'
Error in fread(paste0("./data/ihdp/ihdp_npci_", i, ".csv")) : 
  File './data/ihdp/ihdp_npci_13.csv' does not exist or is non-readable. getwd()=='/home/lvanderl/sieveSims'
Error in fread(paste0("./data/ihdp/ihdp_npci_", i, ".csv")) : 
  File './data/ihdp/ihdp_npci_14.csv' does not exist or is non-readable. getwd()=='/home/lvanderl/sieveSims'
Error in fread(paste0("./data/ihdp/ihdp_npci_", i, ".csv")) : 
  File './data/ihdp/ihdp_npci_15.csv' does not exist or is non-readable. getwd()=='/home/lvanderl/sieveSims'
Error in fread(paste0("./data/ihdp/ihdp_npci_", i, ".csv")) : 
  File './data/ihdp/ihdp_npci_16.csv' does not exist or is non-readable. getwd()=='/home/lvanderl/sieveSims'
Error in fread(paste0("./data/ihdp/ihdp_npci_", i, ".csv")) : 
  File './data/ihdp/ihdp_npci_17.csv' does not exist or is non-readable. getwd()=='/home/lvanderl/sieveSims'
Error in fread(paste0("./data/ihdp/ihdp_npci_", i, ".csv")) : 
  File './data/ihdp/ihdp_npci_18.csv' does not exist or is non-readable. getwd()=='/home/lvanderl/sieveSims'
Error in fread(paste0("./data/ihdp/ihdp_npci_", i, ".csv")) : 
  File './data/ihdp/ihdp_npci_19.csv' does not exist or is non-readable. getwd()=='/home/lvanderl/sieveSims'
Error in fread(paste0("./data/ihdp/ihdp_npci_", i, ".csv")) : 
  File './data/ihdp/ihdp_npci_20.csv' does not exist or is non-readable. getwd()=='/home/lvanderl/sieveSims'
Error in fread(paste0("./data/ihdp/ihdp_npci_", i, ".csv")) : 
  File './data/ihdp/ihdp_npci_21.csv' does not exist or is non-readable. getwd()=='/home/lvanderl/sieveSims'
Error in fread(paste0("./data/ihdp/ihdp_npci_", i, ".csv")) : 
  File './data/ihdp/ihdp_npci_22.csv' does not exist or is non-readable. getwd()=='/home/lvanderl/sieveSims'
Error in fread(paste0("./data/ihdp/ihdp_npci_", i, ".csv")) : 
  File './data/ihdp/ihdp_npci_23.csv' does not exist or is non-readable. getwd()=='/home/lvanderl/sieveSims'
Error in fread(paste0("./data/ihdp/ihdp_npci_", i, ".csv")) : 
  File './data/ihdp/ihdp_npci_24.csv' does not exist or is non-readable. getwd()=='/home/lvanderl/sieveSims'
Error in fread(paste0("./data/ihdp/ihdp_npci_", i, ".csv")) : 
  File './data/ihdp/ihdp_npci_25.csv' does not exist or is non-readable. getwd()=='/home/lvanderl/sieveSims'
Error in fread(paste0("./data/ihdp/ihdp_npci_", i, ".csv")) : 
  File './data/ihdp/ihdp_npci_26.csv' does not exist or is non-readable. getwd()=='/home/lvanderl/sieveSims'
Error in fread(paste0("./data/ihdp/ihdp_npci_", i, ".csv")) : 
  File './data/ihdp/ihdp_npci_27.csv' does not exist or is non-readable. getwd()=='/home/lvanderl/sieveSims'
Error in fread(paste0("./data/ihdp/ihdp_npci_", i, ".csv")) : 
  File './data/ihdp/ihdp_npci_28.csv' does not exist or is non-readable. getwd()=='/home/lvanderl/sieveSims'
Error in fread(paste0("./data/ihdp/ihdp_npci_", i, ".csv")) : 
  File './data/ihdp/ihdp_npci_29.csv' does not exist or is non-readable. getwd()=='/home/lvanderl/sieveSims'
Error in fread(paste0("./data/ihdp/ihdp_npci_", i, ".csv")) : 
  File './data/ihdp/ihdp_npci_30.csv' does not exist or is non-readable. getwd()=='/home/lvanderl/sieveSims'
Error in fread(paste0("./data/ihdp/ihdp_npci_", i, ".csv")) : 
  File './data/ihdp/ihdp_npci_31.csv' does not exist or is non-readable. getwd()=='/home/lvanderl/sieveSims'
Error in fread(paste0("./data/ihdp/ihdp_npci_", i, ".csv")) : 
  File './data/ihdp/ihdp_npci_32.csv' does not exist or is non-readable. getwd()=='/home/lvanderl/sieveSims'
Error in fread(paste0("./data/ihdp/ihdp_npci_", i, ".csv")) : 
  File './data/ihdp/ihdp_npci_33.csv' does not exist or is non-readable. getwd()=='/home/lvanderl/sieveSims'
Error in fread(paste0("./data/ihdp/ihdp_npci_", i, ".csv")) : 
  File './data/ihdp/ihdp_npci_34.csv' does not exist or is non-readable. getwd()=='/home/lvanderl/sieveSims'
Error in fread(paste0("./data/ihdp/ihdp_npci_", i, ".csv")) : 
  File './data/ihdp/ihdp_npci_35.csv' does not exist or is non-readable. getwd()=='/home/lvanderl/sieveSims'
Error in fread(paste0("./data/ihdp/ihdp_npci_", i, ".csv")) : 
  File './data/ihdp/ihdp_npci_36.csv' does not exist or is non-readable. getwd()=='/home/lvanderl/sieveSims'
Error in fread(paste0("./data/ihdp/ihdp_npci_", i, ".csv")) : 
  File './data/ihdp/ihdp_npci_37.csv' does not exist or is non-readable. getwd()=='/home/lvanderl/sieveSims'
Error in fread(paste0("./data/ihdp/ihdp_npci_", i, ".csv")) : 
  File './data/ihdp/ihdp_npci_38.csv' does not exist or is non-readable. getwd()=='/home/lvanderl/sieveSims'
Error in fread(paste0("./data/ihdp/ihdp_npci_", i, ".csv")) : 
  File './data/ihdp/ihdp_npci_39.csv' does not exist or is non-readable. getwd()=='/home/lvanderl/sieveSims'
Error in fread(paste0("./data/ihdp/ihdp_npci_", i, ".csv")) : 
  File './data/ihdp/ihdp_npci_40.csv' does not exist or is non-readable. getwd()=='/home/lvanderl/sieveSims'
Error in fread(paste0("./data/ihdp/ihdp_npci_", i, ".csv")) : 
  File './data/ihdp/ihdp_npci_41.csv' does not exist or is non-readable. getwd()=='/home/lvanderl/sieveSims'
Error in fread(paste0("./data/ihdp/ihdp_npci_", i, ".csv")) : 
  File './data/ihdp/ihdp_npci_42.csv' does not exist or is non-readable. getwd()=='/home/lvanderl/sieveSims'
Error in fread(paste0("./data/ihdp/ihdp_npci_", i, ".csv")) : 
  File './data/ihdp/ihdp_npci_43.csv' does not exist or is non-readable. getwd()=='/home/lvanderl/sieveSims'
Error in fread(paste0("./data/ihdp/ihdp_npci_", i, ".csv")) : 
  File './data/ihdp/ihdp_npci_44.csv' does not exist or is non-readable. getwd()=='/home/lvanderl/sieveSims'
Error in fread(paste0("./data/ihdp/ihdp_npci_", i, ".csv")) : 
  File './data/ihdp/ihdp_npci_45.csv' does not exist or is non-readable. getwd()=='/home/lvanderl/sieveSims'
Error in fread(paste0("./data/ihdp/ihdp_npci_", i, ".csv")) : 
  File './data/ihdp/ihdp_npci_46.csv' does not exist or is non-readable. getwd()=='/home/lvanderl/sieveSims'
Error in fread(paste0("./data/ihdp/ihdp_npci_", i, ".csv")) : 
  File './data/ihdp/ihdp_npci_47.csv' does not exist or is non-readable. getwd()=='/home/lvanderl/sieveSims'
Error in fread(paste0("./data/ihdp/ihdp_npci_", i, ".csv")) : 
  File './data/ihdp/ihdp_npci_48.csv' does not exist or is non-readable. getwd()=='/home/lvanderl/sieveSims'
Error in fread(paste0("./data/ihdp/ihdp_npci_", i, ".csv")) : 
  File './data/ihdp/ihdp_npci_49.csv' does not exist or is non-readable. getwd()=='/home/lvanderl/sieveSims'
Error in fread(paste0("./data/ihdp/ihdp_npci_", i, ".csv")) : 
  File './data/ihdp/ihdp_npci_50.csv' does not exist or is non-readable. getwd()=='/home/lvanderl/sieveSims'
Error in fread(paste0("./data/ihdp/ihdp_npci_", i, ".csv")) : 
  File './data/ihdp/ihdp_npci_51.csv' does not exist or is non-readable. getwd()=='/home/lvanderl/sieveSims'
Error in fread(paste0("./data/ihdp/ihdp_npci_", i, ".csv")) : 
  File './data/ihdp/ihdp_npci_52.csv' does not exist or is non-readable. getwd()=='/home/lvanderl/sieveSims'
Error in fread(paste0("./data/ihdp/ihdp_npci_", i, ".csv")) : 
  File './data/ihdp/ihdp_npci_53.csv' does not exist or is non-readable. getwd()=='/home/lvanderl/sieveSims'
Error in fread(paste0("./data/ihdp/ihdp_npci_", i, ".csv")) : 
  File './data/ihdp/ihdp_npci_54.csv' does not exist or is non-readable. getwd()=='/home/lvanderl/sieveSims'
Error in fread(paste0("./data/ihdp/ihdp_npci_", i, ".csv")) : 
  File './data/ihdp/ihdp_npci_55.csv' does not exist or is non-readable. getwd()=='/home/lvanderl/sieveSims'
Error in fread(paste0("./data/ihdp/ihdp_npci_", i, ".csv")) : 
  File './data/ihdp/ihdp_npci_56.csv' does not exist or is non-readable. getwd()=='/home/lvanderl/sieveSims'
Error in fread(paste0("./data/ihdp/ihdp_npci_", i, ".csv")) : 
  File './data/ihdp/ihdp_npci_57.csv' does not exist or is non-readable. getwd()=='/home/lvanderl/sieveSims'
Error in fread(paste0("./data/ihdp/ihdp_npci_", i, ".csv")) : 
  File './data/ihdp/ihdp_npci_58.csv' does not exist or is non-readable. getwd()=='/home/lvanderl/sieveSims'
Error in fread(paste0("./data/ihdp/ihdp_npci_", i, ".csv")) : 
  File './data/ihdp/ihdp_npci_59.csv' does not exist or is non-readable. getwd()=='/home/lvanderl/sieveSims'
Error in fread(paste0("./data/ihdp/ihdp_npci_", i, ".csv")) : 
  File './data/ihdp/ihdp_npci_60.csv' does not exist or is non-readable. getwd()=='/home/lvanderl/sieveSims'
Error in fread(paste0("./data/ihdp/ihdp_npci_", i, ".csv")) : 
  File './data/ihdp/ihdp_npci_61.csv' does not exist or is non-readable. getwd()=='/home/lvanderl/sieveSims'
Error in fread(paste0("./data/ihdp/ihdp_npci_", i, ".csv")) : 
  File './data/ihdp/ihdp_npci_62.csv' does not exist or is non-readable. getwd()=='/home/lvanderl/sieveSims'
Error in fread(paste0("./data/ihdp/ihdp_npci_", i, ".csv")) : 
  File './data/ihdp/ihdp_npci_63.csv' does not exist or is non-readable. getwd()=='/home/lvanderl/sieveSims'
Error in fread(paste0("./data/ihdp/ihdp_npci_", i, ".csv")) : 
  File './data/ihdp/ihdp_npci_64.csv' does not exist or is non-readable. getwd()=='/home/lvanderl/sieveSims'
Error in fread(paste0("./data/ihdp/ihdp_npci_", i, ".csv")) : 
  File './data/ihdp/ihdp_npci_65.csv' does not exist or is non-readable. getwd()=='/home/lvanderl/sieveSims'
Error in fread(paste0("./data/ihdp/ihdp_npci_", i, ".csv")) : 
  File './data/ihdp/ihdp_npci_66.csv' does not exist or is non-readable. getwd()=='/home/lvanderl/sieveSims'
Error in fread(paste0("./data/ihdp/ihdp_npci_", i, ".csv")) : 
  File './data/ihdp/ihdp_npci_67.csv' does not exist or is non-readable. getwd()=='/home/lvanderl/sieveSims'
Error in fread(paste0("./data/ihdp/ihdp_npci_", i, ".csv")) : 
  File './data/ihdp/ihdp_npci_68.csv' does not exist or is non-readable. getwd()=='/home/lvanderl/sieveSims'
Error in fread(paste0("./data/ihdp/ihdp_npci_", i, ".csv")) : 
  File './data/ihdp/ihdp_npci_69.csv' does not exist or is non-readable. getwd()=='/home/lvanderl/sieveSims'
Error in fread(paste0("./data/ihdp/ihdp_npci_", i, ".csv")) : 
  File './data/ihdp/ihdp_npci_70.csv' does not exist or is non-readable. getwd()=='/home/lvanderl/sieveSims'
Error in fread(paste0("./data/ihdp/ihdp_npci_", i, ".csv")) : 
  File './data/ihdp/ihdp_npci_71.csv' does not exist or is non-readable. getwd()=='/home/lvanderl/sieveSims'
Error in fread(paste0("./data/ihdp/ihdp_npci_", i, ".csv")) : 
  File './data/ihdp/ihdp_npci_72.csv' does not exist or is non-readable. getwd()=='/home/lvanderl/sieveSims'
Error in fread(paste0("./data/ihdp/ihdp_npci_", i, ".csv")) : 
  File './data/ihdp/ihdp_npci_73.csv' does not exist or is non-readable. getwd()=='/home/lvanderl/sieveSims'
Error in fread(paste0("./data/ihdp/ihdp_npci_", i, ".csv")) : 
  File './data/ihdp/ihdp_npci_74.csv' does not exist or is non-readable. getwd()=='/home/lvanderl/sieveSims'
Error in fread(paste0("./data/ihdp/ihdp_npci_", i, ".csv")) : 
  File './data/ihdp/ihdp_npci_75.csv' does not exist or is non-readable. getwd()=='/home/lvanderl/sieveSims'
Error in fread(paste0("./data/ihdp/ihdp_npci_", i, ".csv")) : 
  File './data/ihdp/ihdp_npci_76.csv' does not exist or is non-readable. getwd()=='/home/lvanderl/sieveSims'
Error in fread(paste0("./data/ihdp/ihdp_npci_", i, ".csv")) : 
  File './data/ihdp/ihdp_npci_77.csv' does not exist or is non-readable. getwd()=='/home/lvanderl/sieveSims'
Error in fread(paste0("./data/ihdp/ihdp_npci_", i, ".csv")) : 
  File './data/ihdp/ihdp_npci_78.csv' does not exist or is non-readable. getwd()=='/home/lvanderl/sieveSims'
Error in fread(paste0("./data/ihdp/ihdp_npci_", i, ".csv")) : 
  File './data/ihdp/ihdp_npci_79.csv' does not exist or is non-readable. getwd()=='/home/lvanderl/sieveSims'
Error in fread(paste0("./data/ihdp/ihdp_npci_", i, ".csv")) : 
  File './data/ihdp/ihdp_npci_80.csv' does not exist or is non-readable. getwd()=='/home/lvanderl/sieveSims'
Error in fread(paste0("./data/ihdp/ihdp_npci_", i, ".csv")) : 
  File './data/ihdp/ihdp_npci_81.csv' does not exist or is non-readable. getwd()=='/home/lvanderl/sieveSims'
Error in fread(paste0("./data/ihdp/ihdp_npci_", i, ".csv")) : 
  File './data/ihdp/ihdp_npci_82.csv' does not exist or is non-readable. getwd()=='/home/lvanderl/sieveSims'
Error in fread(paste0("./data/ihdp/ihdp_npci_", i, ".csv")) : 
  File './data/ihdp/ihdp_npci_83.csv' does not exist or is non-readable. getwd()=='/home/lvanderl/sieveSims'
Error in fread(paste0("./data/ihdp/ihdp_npci_", i, ".csv")) : 
  File './data/ihdp/ihdp_npci_84.csv' does not exist or is non-readable. getwd()=='/home/lvanderl/sieveSims'
Error in fread(paste0("./data/ihdp/ihdp_npci_", i, ".csv")) : 
  File './data/ihdp/ihdp_npci_85.csv' does not exist or is non-readable. getwd()=='/home/lvanderl/sieveSims'
Error in fread(paste0("./data/ihdp/ihdp_npci_", i, ".csv")) : 
  File './data/ihdp/ihdp_npci_86.csv' does not exist or is non-readable. getwd()=='/home/lvanderl/sieveSims'
Error in fread(paste0("./data/ihdp/ihdp_npci_", i, ".csv")) : 
  File './data/ihdp/ihdp_npci_87.csv' does not exist or is non-readable. getwd()=='/home/lvanderl/sieveSims'
Error in fread(paste0("./data/ihdp/ihdp_npci_", i, ".csv")) : 
  File './data/ihdp/ihdp_npci_88.csv' does not exist or is non-readable. getwd()=='/home/lvanderl/sieveSims'
Error in fread(paste0("./data/ihdp/ihdp_npci_", i, ".csv")) : 
  File './data/ihdp/ihdp_npci_89.csv' does not exist or is non-readable. getwd()=='/home/lvanderl/sieveSims'
Error in fread(paste0("./data/ihdp/ihdp_npci_", i, ".csv")) : 
  File './data/ihdp/ihdp_npci_90.csv' does not exist or is non-readable. getwd()=='/home/lvanderl/sieveSims'
Error in fread(paste0("./data/ihdp/ihdp_npci_", i, ".csv")) : 
  File './data/ihdp/ihdp_npci_91.csv' does not exist or is non-readable. getwd()=='/home/lvanderl/sieveSims'
Error in fread(paste0("./data/ihdp/ihdp_npci_", i, ".csv")) : 
  File './data/ihdp/ihdp_npci_92.csv' does not exist or is non-readable. getwd()=='/home/lvanderl/sieveSims'
Error in fread(paste0("./data/ihdp/ihdp_npci_", i, ".csv")) : 
  File './data/ihdp/ihdp_npci_93.csv' does not exist or is non-readable. getwd()=='/home/lvanderl/sieveSims'
Error in fread(paste0("./data/ihdp/ihdp_npci_", i, ".csv")) : 
  File './data/ihdp/ihdp_npci_94.csv' does not exist or is non-readable. getwd()=='/home/lvanderl/sieveSims'
Error in fread(paste0("./data/ihdp/ihdp_npci_", i, ".csv")) : 
  File './data/ihdp/ihdp_npci_95.csv' does not exist or is non-readable. getwd()=='/home/lvanderl/sieveSims'
Error in fread(paste0("./data/ihdp/ihdp_npci_", i, ".csv")) : 
  File './data/ihdp/ihdp_npci_96.csv' does not exist or is non-readable. getwd()=='/home/lvanderl/sieveSims'
Error in fread(paste0("./data/ihdp/ihdp_npci_", i, ".csv")) : 
  File './data/ihdp/ihdp_npci_97.csv' does not exist or is non-readable. getwd()=='/home/lvanderl/sieveSims'
Error in fread(paste0("./data/ihdp/ihdp_npci_", i, ".csv")) : 
  File './data/ihdp/ihdp_npci_98.csv' does not exist or is non-readable. getwd()=='/home/lvanderl/sieveSims'
Error in fread(paste0("./data/ihdp/ihdp_npci_", i, ".csv")) : 
  File './data/ihdp/ihdp_npci_99.csv' does not exist or is non-readable. getwd()=='/home/lvanderl/sieveSims'
Error in fread(paste0("./data/ihdp/ihdp_npci_", i, ".csv")) : 
  File './data/ihdp/ihdp_npci_100.csv' does not exist or is non-readable. getwd()=='/home/lvanderl/sieveSims'
Warning message:
In fwrite(sim_results, paste0("~/DRinference/simResultsDR/sim_results_",  :
  Input has no columns; creating an empty file at '/home/lvanderl/DRinference/simResultsDR/sim_results_ihdp_xgboost.csv' and exiting.
