LOADING R
R LOADED
[1] "/home/lvanderl/Rlibs2"                         
[2] "/app/software/R/4.3.1-gfbf-2022b/lib/R/library"
[1] "/home/lvanderl/sieveSims"
[1] "acic2017_24"
  [1]   1   2   3   4   5   6   7   8   9  10  11  12  13  14  15  16  17  18
 [19]  19  20  21  22  23  24  25  26  27  28  29  30  31  32  33  34  35  36
 [37]  37  38  39  40  41  42  43  44  45  46  47  48  49  50  51  52  53  54
 [55]  55  56  57  58  59  60  61  62  63  64  65  66  67  68  69  70  71  72
 [73]  73  74  75  76  77  78  79  80  81  82  83  84  85  86  87  88  89  90
 [91]  91  92  93  94  95  96  97  98  99 100 101 102 103 104 105 106 107 108
[109] 109 110 111 112 113 114 115 116 117 118 119 120 121 122 123 124 125 126
[127] 127 128 129 130 131 132 133 134 135 136 137 138 139 140 141 142 143 144
[145] 145 146 147 148 149 150 151 152 153 154 155 156 157 158 159 160 161 162
[163] 163 164 165 166 167 168 169 170 171 172 173 174 175 176 177 178 179 180
[181] 181 182 183 184 185 186 187 188 189 190 191 192 193 194 195 196 197 198
[199] 199 200 201 202 203 204 205 206 207 208 209 210 211 212 213 214 215 216
[217] 217 218 219 220 221 222 223 224 225 226 227 228 229 230 231 232 233 234
[235] 235 236 237 238 239 240 241 242 243 244 245 246 247 248 249 250
[1] "iter: 1"
[1] 24
[1] 4302   58
Lrnr_xgboost_10_1_10_3_0.2 Lrnr_xgboost_10_1_10_4_0.2 
                  3.702752                   3.710514 
Lrnr_xgboost_10_1_10_5_0.2 Lrnr_xgboost_10_1_10_6_0.2 
                  3.749420                   3.783087 
Lrnr_xgboost_20_1_10_3_0.2 Lrnr_xgboost_20_1_10_4_0.2 
                  3.709455                   3.736641 
Lrnr_xgboost_20_1_10_5_0.2 Lrnr_xgboost_20_1_10_6_0.2 
                  3.779705                   3.821615 
Lrnr_xgboost_30_1_10_3_0.2 Lrnr_xgboost_30_1_10_4_0.2 
                  3.730874                   3.757765 
Lrnr_xgboost_30_1_10_5_0.2 Lrnr_xgboost_30_1_10_6_0.2 
                  3.800879                   3.836556 
Lrnr_xgboost_10_1_10_3_0.2 Lrnr_xgboost_10_1_10_4_0.2 
                  4.313860                   4.248521 
Lrnr_xgboost_10_1_10_5_0.2 Lrnr_xgboost_10_1_10_6_0.2 
                  4.237051                   4.283959 
Lrnr_xgboost_20_1_10_3_0.2 Lrnr_xgboost_20_1_10_4_0.2 
                  4.163938                   4.180924 
Lrnr_xgboost_20_1_10_5_0.2 Lrnr_xgboost_20_1_10_6_0.2 
                  4.221790                   4.316203 
Lrnr_xgboost_30_1_10_3_0.2 Lrnr_xgboost_30_1_10_4_0.2 
                  4.157318                   4.184794 
Lrnr_xgboost_30_1_10_5_0.2 Lrnr_xgboost_30_1_10_6_0.2 
                  4.252628                   4.337237 
Lrnr_xgboost_10_1_10_3_0.2 Lrnr_xgboost_10_1_10_4_0.2 
                0.09309218                 0.08880734 
Lrnr_xgboost_10_1_10_5_0.2 Lrnr_xgboost_10_1_10_6_0.2 
                0.08771621                 0.08774021 
Lrnr_xgboost_20_1_10_3_0.2 Lrnr_xgboost_20_1_10_4_0.2 
                0.08517810                 0.08463463 
Lrnr_xgboost_20_1_10_5_0.2 Lrnr_xgboost_20_1_10_6_0.2 
                0.08431903                 0.08452404 
Lrnr_xgboost_30_1_10_3_0.2 Lrnr_xgboost_30_1_10_4_0.2 
                0.08421163                 0.08447069 
Lrnr_xgboost_30_1_10_5_0.2 Lrnr_xgboost_30_1_10_6_0.2 
                0.08443175                 0.08470329 
[1] "done"
NULL
NULL
NULL
[1] "done"
[1] "all"
[1] -0.6869404 -0.7676277
[1] "iter: 2"
[1] 24
[1] 4302   58
Lrnr_xgboost_10_1_10_3_0.2 Lrnr_xgboost_10_1_10_4_0.2 
                  3.883172                   3.889187 
Lrnr_xgboost_10_1_10_5_0.2 Lrnr_xgboost_10_1_10_6_0.2 
                  3.901212                   3.902021 
Lrnr_xgboost_20_1_10_3_0.2 Lrnr_xgboost_20_1_10_4_0.2 
                  3.882324                   3.886523 
Lrnr_xgboost_20_1_10_5_0.2 Lrnr_xgboost_20_1_10_6_0.2 
                  3.899638                   3.898538 
Lrnr_xgboost_30_1_10_3_0.2 Lrnr_xgboost_30_1_10_4_0.2 
                  3.885826                   3.890798 
Lrnr_xgboost_30_1_10_5_0.2 Lrnr_xgboost_30_1_10_6_0.2 
                  3.899853                   3.897808 
Lrnr_xgboost_10_1_10_3_0.2 Lrnr_xgboost_10_1_10_4_0.2 
                  4.366541                   4.361018 
Lrnr_xgboost_10_1_10_5_0.2 Lrnr_xgboost_10_1_10_6_0.2 
                  4.352622                   4.375834 
Lrnr_xgboost_20_1_10_3_0.2 Lrnr_xgboost_20_1_10_4_0.2 
                  4.266394                   4.331581 
Lrnr_xgboost_20_1_10_5_0.2 Lrnr_xgboost_20_1_10_6_0.2 
                  4.355742                   4.393861 
Lrnr_xgboost_30_1_10_3_0.2 Lrnr_xgboost_30_1_10_4_0.2 
                  4.284001                   4.345883 
Lrnr_xgboost_30_1_10_5_0.2 Lrnr_xgboost_30_1_10_6_0.2 
                  4.381187                   4.426111 
Lrnr_xgboost_10_1_10_3_0.2 Lrnr_xgboost_10_1_10_4_0.2 
                0.09638231                 0.09255588 
Lrnr_xgboost_10_1_10_5_0.2 Lrnr_xgboost_10_1_10_6_0.2 
                0.09257230                 0.09258412 
Lrnr_xgboost_20_1_10_3_0.2 Lrnr_xgboost_20_1_10_4_0.2 
                0.08937342                 0.08887153 
Lrnr_xgboost_20_1_10_5_0.2 Lrnr_xgboost_20_1_10_6_0.2 
                0.08941065                 0.08949661 
Lrnr_xgboost_30_1_10_3_0.2 Lrnr_xgboost_30_1_10_4_0.2 
                0.08847136                 0.08824049 
Lrnr_xgboost_30_1_10_5_0.2 Lrnr_xgboost_30_1_10_6_0.2 
                0.08942698                 0.08936652 
[1] "done"
NULL
NULL
NULL
[1] "done"
[1] "all"
[1] -0.9285102 -0.9658962
[1] "iter: 3"
[1] 24
[1] 4302   58
Lrnr_xgboost_10_1_10_3_0.2 Lrnr_xgboost_10_1_10_4_0.2 
                  3.946647                   3.959091 
Lrnr_xgboost_10_1_10_5_0.2 Lrnr_xgboost_10_1_10_6_0.2 
                  3.983096                   4.011226 
Lrnr_xgboost_20_1_10_3_0.2 Lrnr_xgboost_20_1_10_4_0.2 
                  3.967545                   3.990552 
Lrnr_xgboost_20_1_10_5_0.2 Lrnr_xgboost_20_1_10_6_0.2 
                  4.025794                   4.051718 
Lrnr_xgboost_30_1_10_3_0.2 Lrnr_xgboost_30_1_10_4_0.2 
                  3.979959                   4.014188 
Lrnr_xgboost_30_1_10_5_0.2 Lrnr_xgboost_30_1_10_6_0.2 
                  4.052146                   4.088899 
Lrnr_xgboost_10_1_10_3_0.2 Lrnr_xgboost_10_1_10_4_0.2 
                  4.453343                   4.398692 
Lrnr_xgboost_10_1_10_5_0.2 Lrnr_xgboost_10_1_10_6_0.2 
                  4.411339                   4.452773 
Lrnr_xgboost_20_1_10_3_0.2 Lrnr_xgboost_20_1_10_4_0.2 
                  4.303477                   4.317334 
Lrnr_xgboost_20_1_10_5_0.2 Lrnr_xgboost_20_1_10_6_0.2 
                  4.380680                   4.454455 
Lrnr_xgboost_30_1_10_3_0.2 Lrnr_xgboost_30_1_10_4_0.2 
                  4.297446                   4.325073 
Lrnr_xgboost_30_1_10_5_0.2 Lrnr_xgboost_30_1_10_6_0.2 
                  4.400896                   4.484894 
Lrnr_xgboost_10_1_10_3_0.2 Lrnr_xgboost_10_1_10_4_0.2 
                0.09894064                 0.09520991 
Lrnr_xgboost_10_1_10_5_0.2 Lrnr_xgboost_10_1_10_6_0.2 
                0.09474616                 0.09429662 
Lrnr_xgboost_20_1_10_3_0.2 Lrnr_xgboost_20_1_10_4_0.2 
                0.09211898                 0.09121919 
Lrnr_xgboost_20_1_10_5_0.2 Lrnr_xgboost_20_1_10_6_0.2 
                0.09147797                 0.09160262 
Lrnr_xgboost_30_1_10_3_0.2 Lrnr_xgboost_30_1_10_4_0.2 
                0.09121853                 0.09128665 
Lrnr_xgboost_30_1_10_5_0.2 Lrnr_xgboost_30_1_10_6_0.2 
                0.09167565                 0.09184070 
[1] "done"
NULL
NULL
NULL
[1] "done"
[1] "all"
[1] -0.6571631 -0.7456364
[1] "iter: 4"
[1] 24
[1] 4302   58
Lrnr_xgboost_10_1_10_3_0.2 Lrnr_xgboost_10_1_10_4_0.2 
                  3.801790                   3.818126 
Lrnr_xgboost_10_1_10_5_0.2 Lrnr_xgboost_10_1_10_6_0.2 
                  3.846413                   3.869617 
Lrnr_xgboost_20_1_10_3_0.2 Lrnr_xgboost_20_1_10_4_0.2 
                  3.786838                   3.806723 
Lrnr_xgboost_20_1_10_5_0.2 Lrnr_xgboost_20_1_10_6_0.2 
                  3.837799                   3.866034 
Lrnr_xgboost_30_1_10_3_0.2 Lrnr_xgboost_30_1_10_4_0.2 
                  3.798009                   3.820976 
Lrnr_xgboost_30_1_10_5_0.2 Lrnr_xgboost_30_1_10_6_0.2 
                  3.851250                   3.880540 
Lrnr_xgboost_10_1_10_3_0.2 Lrnr_xgboost_10_1_10_4_0.2 
                  4.220951                   4.187196 
Lrnr_xgboost_10_1_10_5_0.2 Lrnr_xgboost_10_1_10_6_0.2 
                  4.172732                   4.183541 
Lrnr_xgboost_20_1_10_3_0.2 Lrnr_xgboost_20_1_10_4_0.2 
                  4.053962                   4.076542 
Lrnr_xgboost_20_1_10_5_0.2 Lrnr_xgboost_20_1_10_6_0.2 
                  4.124864                   4.156272 
Lrnr_xgboost_30_1_10_3_0.2 Lrnr_xgboost_30_1_10_4_0.2 
                  4.035715                   4.080622 
Lrnr_xgboost_30_1_10_5_0.2 Lrnr_xgboost_30_1_10_6_0.2 
                  4.152510                   4.187576 
