LOADING R
R LOADED
[1] "/home/lvanderl/Rlibs2"                         
[2] "/app/software/R/4.3.1-gfbf-2022b/lib/R/library"
[1] "/home/lvanderl/sieveSims"
[1] "acic2017_20"
[1] "iter: 0"
[1] "iter: 1"
[1] 4302   58
[1] "Lrnr_cv"
[1] "Lrnr_screener_coefs_0_NULL_2"
 [1] "Lrnr_ranger_500_TRUE_none_1_10"         
 [2] "Lrnr_earth_1_3_backward_0_1_0_0"        
 [3] "Lrnr_earth_2_3_backward_0_1_0_0"        
 [4] "Lrnr_gam_NULL_NULL_GCV.Cp"              
 [5] "Lrnr_glmnet_NULL_deviance_10_1_100_TRUE"
 [6] "Lrnr_glm_TRUE"                          
 [7] "Lrnr_xgboost_10_1_10_2_0.2"             
 [8] "Lrnr_xgboost_10_1_10_3_0.2"             
 [9] "Lrnr_xgboost_10_1_10_4_0.2"             
[10] "Lrnr_xgboost_10_1_10_5_0.2"             
[11] "Lrnr_xgboost_20_1_10_1_0.2"             
[12] "Lrnr_xgboost_20_1_10_2_0.2"             
[13] "Lrnr_xgboost_20_1_10_3_0.2"             
[14] "Lrnr_xgboost_20_1_10_4_0.2"             
[15] "Lrnr_xgboost_20_1_10_5_0.2"             
[1] "Lrnr_cv_selector_NULL"
[1] "Lrnr_cv"
[1] "Lrnr_screener_coefs_0_NULL_2"
 [1] "Lrnr_ranger_500_TRUE_none_1_10"         
 [2] "Lrnr_earth_1_3_backward_0_1_0_0"        
 [3] "Lrnr_earth_2_3_backward_0_1_0_0"        
 [4] "Lrnr_gam_NULL_NULL_GCV.Cp"              
 [5] "Lrnr_glmnet_NULL_deviance_10_1_100_TRUE"
 [6] "Lrnr_glm_TRUE"                          
 [7] "Lrnr_xgboost_10_1_10_2_0.2"             
 [8] "Lrnr_xgboost_10_1_10_3_0.2"             
 [9] "Lrnr_xgboost_10_1_10_4_0.2"             
[10] "Lrnr_xgboost_10_1_10_5_0.2"             
[11] "Lrnr_xgboost_20_1_10_1_0.2"             
[12] "Lrnr_xgboost_20_1_10_2_0.2"             
[13] "Lrnr_xgboost_20_1_10_3_0.2"             
[14] "Lrnr_xgboost_20_1_10_4_0.2"             
[15] "Lrnr_xgboost_20_1_10_5_0.2"             
[1] "Lrnr_cv_selector_NULL"
         Lrnr_ranger_500_TRUE_none_1_10         Lrnr_earth_1_3_backward_0_1_0_0 
                             0.08810504                              0.08433256 
        Lrnr_earth_2_3_backward_0_1_0_0               Lrnr_gam_NULL_NULL_GCV.Cp 
                             0.08320504                              0.08349564 
Lrnr_glmnet_NULL_deviance_10_1_100_TRUE                           Lrnr_glm_TRUE 
                             0.09276680                              0.09281409 
             Lrnr_xgboost_10_1_10_2_0.2              Lrnr_xgboost_10_1_10_3_0.2 
                             0.10378644                              0.09309218 
             Lrnr_xgboost_10_1_10_4_0.2              Lrnr_xgboost_10_1_10_5_0.2 
                             0.08879314                              0.08772183 
             Lrnr_xgboost_20_1_10_1_0.2              Lrnr_xgboost_20_1_10_2_0.2 
                             0.11802423                              0.08845621 
             Lrnr_xgboost_20_1_10_3_0.2              Lrnr_xgboost_20_1_10_4_0.2 
                             0.08521945                              0.08466059 
             Lrnr_xgboost_20_1_10_5_0.2 
                             0.08439607 
[1] "done"
[1] "Lrnr_cv"
[1] "Lrnr_mean"
[1] "Lrnr_cv"
[1] "Lrnr_mean"
NULL
[1] "done"
[1] "all"
[1] "iter: 2"
[1] 4302   58
[1] "Lrnr_cv"
[1] "Lrnr_screener_coefs_0_NULL_2"
 [1] "Lrnr_ranger_500_TRUE_none_1_10"         
 [2] "Lrnr_earth_1_3_backward_0_1_0_0"        
 [3] "Lrnr_earth_2_3_backward_0_1_0_0"        
 [4] "Lrnr_gam_NULL_NULL_GCV.Cp"              
 [5] "Lrnr_glmnet_NULL_deviance_10_1_100_TRUE"
 [6] "Lrnr_glm_TRUE"                          
 [7] "Lrnr_xgboost_10_1_10_2_0.2"             
 [8] "Lrnr_xgboost_10_1_10_3_0.2"             
 [9] "Lrnr_xgboost_10_1_10_4_0.2"             
[10] "Lrnr_xgboost_10_1_10_5_0.2"             
[11] "Lrnr_xgboost_20_1_10_1_0.2"             
[12] "Lrnr_xgboost_20_1_10_2_0.2"             
[13] "Lrnr_xgboost_20_1_10_3_0.2"             
[14] "Lrnr_xgboost_20_1_10_4_0.2"             
[15] "Lrnr_xgboost_20_1_10_5_0.2"             
[1] "Lrnr_cv_selector_NULL"
[1] "Lrnr_cv"
[1] "Lrnr_screener_coefs_0_NULL_2"
 [1] "Lrnr_ranger_500_TRUE_none_1_10"         
 [2] "Lrnr_earth_1_3_backward_0_1_0_0"        
 [3] "Lrnr_earth_2_3_backward_0_1_0_0"        
 [4] "Lrnr_gam_NULL_NULL_GCV.Cp"              
 [5] "Lrnr_glmnet_NULL_deviance_10_1_100_TRUE"
 [6] "Lrnr_glm_TRUE"                          
 [7] "Lrnr_xgboost_10_1_10_2_0.2"             
 [8] "Lrnr_xgboost_10_1_10_3_0.2"             
 [9] "Lrnr_xgboost_10_1_10_4_0.2"             
[10] "Lrnr_xgboost_10_1_10_5_0.2"             
[11] "Lrnr_xgboost_20_1_10_1_0.2"             
[12] "Lrnr_xgboost_20_1_10_2_0.2"             
[13] "Lrnr_xgboost_20_1_10_3_0.2"             
[14] "Lrnr_xgboost_20_1_10_4_0.2"             
[15] "Lrnr_xgboost_20_1_10_5_0.2"             
[1] "Lrnr_cv_selector_NULL"
         Lrnr_ranger_500_TRUE_none_1_10         Lrnr_earth_1_3_backward_0_1_0_0 
                             0.09351149                              0.08706875 
        Lrnr_earth_2_3_backward_0_1_0_0               Lrnr_gam_NULL_NULL_GCV.Cp 
                             0.08647664                              0.08639286 
Lrnr_glmnet_NULL_deviance_10_1_100_TRUE                           Lrnr_glm_TRUE 
                             0.09298593                              0.09305822 
             Lrnr_xgboost_10_1_10_2_0.2              Lrnr_xgboost_10_1_10_3_0.2 
                             0.10511390                              0.09638231 
             Lrnr_xgboost_10_1_10_4_0.2              Lrnr_xgboost_10_1_10_5_0.2 
                             0.09268444                              0.09246648 
             Lrnr_xgboost_20_1_10_1_0.2              Lrnr_xgboost_20_1_10_2_0.2 
                             0.11965916                              0.09168130 
             Lrnr_xgboost_20_1_10_3_0.2              Lrnr_xgboost_20_1_10_4_0.2 
                             0.08949242                              0.08929352 
             Lrnr_xgboost_20_1_10_5_0.2 
                             0.08971128 
[1] "done"
[1] "Lrnr_cv"
[1] "Lrnr_mean"
[1] "Lrnr_cv"
[1] "Lrnr_mean"
NULL
[1] "done"
[1] "all"
[1] "iter: 3"
[1] 4302   58
[1] "Lrnr_cv"
[1] "Lrnr_screener_coefs_0_NULL_2"
 [1] "Lrnr_ranger_500_TRUE_none_1_10"         
 [2] "Lrnr_earth_1_3_backward_0_1_0_0"        
 [3] "Lrnr_earth_2_3_backward_0_1_0_0"        
 [4] "Lrnr_gam_NULL_NULL_GCV.Cp"              
 [5] "Lrnr_glmnet_NULL_deviance_10_1_100_TRUE"
 [6] "Lrnr_glm_TRUE"                          
 [7] "Lrnr_xgboost_10_1_10_2_0.2"             
 [8] "Lrnr_xgboost_10_1_10_3_0.2"             
 [9] "Lrnr_xgboost_10_1_10_4_0.2"             
[10] "Lrnr_xgboost_10_1_10_5_0.2"             
[11] "Lrnr_xgboost_20_1_10_1_0.2"             
[12] "Lrnr_xgboost_20_1_10_2_0.2"             
[13] "Lrnr_xgboost_20_1_10_3_0.2"             
[14] "Lrnr_xgboost_20_1_10_4_0.2"             
[15] "Lrnr_xgboost_20_1_10_5_0.2"             
[1] "Lrnr_cv_selector_NULL"
[1] "Lrnr_cv"
[1] "Lrnr_screener_coefs_0_NULL_2"
 [1] "Lrnr_ranger_500_TRUE_none_1_10"         
 [2] "Lrnr_earth_1_3_backward_0_1_0_0"        
 [3] "Lrnr_earth_2_3_backward_0_1_0_0"        
 [4] "Lrnr_gam_NULL_NULL_GCV.Cp"              
 [5] "Lrnr_glmnet_NULL_deviance_10_1_100_TRUE"
 [6] "Lrnr_glm_TRUE"                          
 [7] "Lrnr_xgboost_10_1_10_2_0.2"             
 [8] "Lrnr_xgboost_10_1_10_3_0.2"             
 [9] "Lrnr_xgboost_10_1_10_4_0.2"             
[10] "Lrnr_xgboost_10_1_10_5_0.2"             
[11] "Lrnr_xgboost_20_1_10_1_0.2"             
[12] "Lrnr_xgboost_20_1_10_2_0.2"             
[13] "Lrnr_xgboost_20_1_10_3_0.2"             
[14] "Lrnr_xgboost_20_1_10_4_0.2"             
[15] "Lrnr_xgboost_20_1_10_5_0.2"             
[1] "Lrnr_cv_selector_NULL"
