LOADING R
R LOADED
[1] "/home/lvanderl/Rlibs2"                         
[2] "/app/software/R/4.3.1-gfbf-2022b/lib/R/library"
[1] "/home/lvanderl/sieveSims"
[1] "iter: 1"
[1] "done"
[1] "Lrnr_cv"
[1] "Lrnr_glm_TRUE"
[1] "done"
[1] 0.0129713
[1] 0.2246393
[1] 0.0129713
[1] "iter: 2"
[1] "done"
[1] "Lrnr_cv"
[1] "Lrnr_glm_TRUE"
[1] "done"
[1] 0.1319392
[1] 0.2700285
[1] 0.1319392
[1] "iter: 3"
[1] "done"
[1] "Lrnr_cv"
[1] "Lrnr_glm_TRUE"
[1] "done"
[1] 0.1262166
[1] 0.3487775
[1] 0.1262166
[1] "iter: 4"
[1] "done"
[1] "Lrnr_cv"
[1] "Lrnr_glm_TRUE"
[1] "done"
[1] 0.2491316
[1] "iter: 5"
[1] "done"
[1] "Lrnr_cv"
[1] "Lrnr_glm_TRUE"
[1] "done"
[1] 0.1951197
[1] "iter: 6"
[1] "done"
[1] "Lrnr_cv"
[1] "Lrnr_glm_TRUE"
[1] "done"
[1] 0.1453549
[1] 0.3281663
[1] 0.1453549
[1] "iter: 7"
[1] "done"
[1] "Lrnr_cv"
[1] "Lrnr_glm_TRUE"
[1] "done"
[1] 0.1580608
[1] "iter: 8"
[1] "done"
[1] "Lrnr_cv"
[1] "Lrnr_glm_TRUE"
[1] "done"
[1] 0.06863551
[1] 0.1616935
[1] 0.06863551
[1] "iter: 9"
[1] "done"
[1] "Lrnr_cv"
[1] "Lrnr_glm_TRUE"
[1] "done"
[1] 0.06851578
[1] "iter: 10"
[1] "done"
[1] "Lrnr_cv"
[1] "Lrnr_glm_TRUE"
[1] "done"
[1] 0.3679058
[1] "iter: 11"
[1] "done"
[1] "Lrnr_cv"
[1] "Lrnr_glm_TRUE"
[1] "done"
[1] 0.08795923
[1] "iter: 12"
[1] "done"
[1] "Lrnr_cv"
[1] "Lrnr_glm_TRUE"
[1] "done"
[1] 0.2138255
[1] 0.3033951
[1] 0.2138255
[1] "iter: 13"
[1] "done"
[1] "Lrnr_cv"
[1] "Lrnr_glm_TRUE"
[1] "done"
[1] -0.04849019
[1] "iter: 14"
[1] "done"
[1] "Lrnr_cv"
[1] "Lrnr_glm_TRUE"
[1] "done"
[1] 0.1136506
[1] "iter: 15"
[1] "done"
[1] "Lrnr_cv"
[1] "Lrnr_glm_TRUE"
[1] "done"
[1] 0.2023347
[1] 0.3376588
[1] 0.2023347
[1] "iter: 16"
[1] "done"
[1] "Lrnr_cv"
[1] "Lrnr_glm_TRUE"
[1] "done"
[1] 0.05778285
[1] 0.1897895
[1] 0.05778285
[1] "iter: 17"
[1] "done"
[1] "Lrnr_cv"
[1] "Lrnr_glm_TRUE"
[1] "done"
[1] 0.04448935
[1] 0.2844843
[1] 0.04448935
[1] "iter: 18"
[1] "done"
[1] "Lrnr_cv"
[1] "Lrnr_glm_TRUE"
[1] "done"
[1] 0.2296172
[1] 0.2970333
[1] 0.2296172
[1] "iter: 19"
[1] "done"
[1] "Lrnr_cv"
[1] "Lrnr_glm_TRUE"
[1] "done"
[1] 0.1632457
[1] 0.2460983
[1] 0.1632457
[1] "iter: 20"
[1] "done"
[1] "Lrnr_cv"
[1] "Lrnr_glm_TRUE"
[1] "done"
[1] 0.1792146
[1] 0.349969
[1] 0.1792146
[1] "iter: 21"
[1] "done"
[1] "Lrnr_cv"
[1] "Lrnr_glm_TRUE"
[1] "done"
[1] 0.2556312
[1] "iter: 22"
[1] "done"
[1] "Lrnr_cv"
[1] "Lrnr_glm_TRUE"
[1] "done"
[1] 0.2845185
[1] 0.3353707
[1] 0.2845185
[1] "iter: 23"
[1] "done"
[1] "Lrnr_cv"
[1] "Lrnr_glm_TRUE"
[1] "done"
[1] 0.04177105
[1] 0.1794584
[1] 0.04177105
[1] "iter: 24"
[1] "done"
[1] "Lrnr_cv"
[1] "Lrnr_glm_TRUE"
[1] "done"
[1] 0.09718367
[1] "iter: 25"
[1] "done"
[1] "Lrnr_cv"
[1] "Lrnr_glm_TRUE"
[1] "done"
[1] 0.1070035
[1] 0.1828005
[1] 0.1070035
[1] "iter: 26"
[1] "done"
[1] "Lrnr_cv"
[1] "Lrnr_glm_TRUE"
[1] "done"
[1] 0.09856099
[1] 0.2864649
[1] 0.09856099
[1] "iter: 27"
[1] "done"
[1] "Lrnr_cv"
[1] "Lrnr_glm_TRUE"
[1] "done"
[1] -0.04583502
[1] "iter: 28"
[1] "done"
[1] "Lrnr_cv"
[1] "Lrnr_glm_TRUE"
[1] "done"
[1] 0.1344643
[1] "iter: 29"
[1] "done"
[1] "Lrnr_cv"
[1] "Lrnr_glm_TRUE"
[1] "done"
[1] 0.2947213
[1] 0.3673329
[1] 0.2947213
[1] "iter: 30"
[1] "done"
[1] "Lrnr_cv"
[1] "Lrnr_glm_TRUE"
[1] "done"
[1] 0.03343248
[1] 0.1510034
[1] 0.03343248
[1] "iter: 31"
[1] "done"
[1] "Lrnr_cv"
[1] "Lrnr_glm_TRUE"
[1] "done"
[1] 0.1535025
[1] 0.2774168
[1] 0.1535025
[1] "iter: 32"
[1] "done"
[1] "Lrnr_cv"
[1] "Lrnr_glm_TRUE"
[1] "done"
[1] 0.07277342
[1] 0.2046937
[1] 0.07277342
[1] "iter: 33"
[1] "done"
[1] "Lrnr_cv"
[1] "Lrnr_glm_TRUE"
[1] "done"
[1] 0.07373954
[1] 0.1767227
[1] 0.07373954
[1] "iter: 34"
[1] "done"
[1] "Lrnr_cv"
[1] "Lrnr_glm_TRUE"
[1] "done"
[1] 0.095272
[1] 0.2386485
[1] 0.095272
[1] "iter: 35"
[1] "done"
[1] "Lrnr_cv"
[1] "Lrnr_glm_TRUE"
[1] "done"
[1] 0.1286262
[1] 0.2129109
[1] 0.1286262
[1] "iter: 36"
[1] "done"
[1] "Lrnr_cv"
[1] "Lrnr_glm_TRUE"
[1] "done"
[1] 0.1982984
[1] "iter: 37"
[1] "done"
[1] "Lrnr_cv"
[1] "Lrnr_glm_TRUE"
[1] "done"
[1] 0.2813905
[1] 0.420123
[1] 0.2813905
[1] "iter: 38"
[1] "done"
[1] "Lrnr_cv"
[1] "Lrnr_glm_TRUE"
[1] "done"
[1] 0.1918213
[1] "iter: 39"
[1] "done"
[1] "Lrnr_cv"
[1] "Lrnr_glm_TRUE"
[1] "done"
[1] 0.2241473
[1] 0.3421431
[1] "iter: 40"
[1] "done"
[1] "Lrnr_cv"
[1] "Lrnr_glm_TRUE"
[1] "done"
[1] 0.04835708
[1] 0.2016337
[1] 0.04835708
[1] "iter: 41"
[1] "done"
[1] "Lrnr_cv"
[1] "Lrnr_glm_TRUE"
[1] "done"
[1] 0.1412936
[1] 0.2354451
[1] 0.1412936
[1] "iter: 42"
[1] "done"
[1] "Lrnr_cv"
[1] "Lrnr_glm_TRUE"
[1] "done"
[1] 0.2954689
[1] 0.4208812
[1] 0.2954689
[1] "iter: 43"
[1] "done"
[1] "Lrnr_cv"
[1] "Lrnr_glm_TRUE"
[1] "done"
[1] 0.3157168
[1] 0.4665397
[1] 0.3157168
[1] "iter: 44"
[1] "done"
[1] "Lrnr_cv"
[1] "Lrnr_glm_TRUE"
[1] "done"
[1] 0.3156037
[1] 0.4560045
[1] 0.3156037
[1] "iter: 45"
[1] "done"
[1] "Lrnr_cv"
[1] "Lrnr_glm_TRUE"
[1] "done"
[1] 0.2509352
[1] 0.384979
[1] 0.2509352
[1] "iter: 46"
[1] "done"
[1] "Lrnr_cv"
[1] "Lrnr_glm_TRUE"
[1] "done"
[1] 0.1541273
[1] 0.3124572
[1] 0.1541273
[1] "iter: 47"
[1] "done"
[1] "Lrnr_cv"
[1] "Lrnr_glm_TRUE"
[1] "done"
[1] -0.04110257
[1] "iter: 48"
[1] "done"
[1] "Lrnr_cv"
[1] "Lrnr_glm_TRUE"
[1] "done"
[1] 0.164309
[1] 0.2471838
[1] 0.164309
[1] "iter: 49"
[1] "done"
[1] "Lrnr_cv"
[1] "Lrnr_glm_TRUE"
[1] "done"
[1] 0.2218811
[1] 0.3214252
[1] 0.2218811
[1] "iter: 50"
[1] "done"
[1] "Lrnr_cv"
[1] "Lrnr_glm_TRUE"
[1] "done"
[1] 0.07508902
[1] "iter: 51"
[1] "done"
[1] "Lrnr_cv"
[1] "Lrnr_glm_TRUE"
[1] "done"
[1] 0.09215681
[1] 0.3175061
[1] 0.09215681
[1] "iter: 52"
[1] "done"
[1] "Lrnr_cv"
[1] "Lrnr_glm_TRUE"
[1] "done"
[1] 0.2122586
[1] 0.3493643
[1] 0.2122586
[1] "iter: 53"
[1] "done"
[1] "Lrnr_cv"
[1] "Lrnr_glm_TRUE"
[1] "done"
[1] 0.240795
[1] 0.3738509
[1] "iter: 54"
[1] "done"
[1] "Lrnr_cv"
[1] "Lrnr_glm_TRUE"
[1] "done"
[1] 0.1700722
[1] 0.2958376
[1] 0.1700722
[1] "iter: 55"
[1] "done"
[1] "Lrnr_cv"
[1] "Lrnr_glm_TRUE"
[1] "done"
[1] 0.09822119
[1] 0.2375192
[1] 0.09822119
[1] "iter: 56"
[1] "done"
[1] "Lrnr_cv"
[1] "Lrnr_glm_TRUE"
[1] "done"
[1] 0.2379124
[1] 0.3167135
[1] 0.2379124
[1] "iter: 57"
[1] "done"
[1] "Lrnr_cv"
[1] "Lrnr_glm_TRUE"
[1] "done"
[1] 0.2386135
[1] 0.3668789
[1] "iter: 58"
[1] "done"
[1] "Lrnr_cv"
[1] "Lrnr_glm_TRUE"
[1] "done"
[1] 0.1330754
[1] 0.2749365
[1] 0.1330754
[1] "iter: 59"
[1] "done"
[1] "Lrnr_cv"
[1] "Lrnr_glm_TRUE"
[1] "done"
[1] 0.2177193
[1] "iter: 60"
[1] "done"
[1] "Lrnr_cv"
[1] "Lrnr_glm_TRUE"
[1] "done"
[1] 0.06566903
[1] "iter: 61"
[1] "done"
[1] "Lrnr_cv"
[1] "Lrnr_glm_TRUE"
[1] "done"
[1] 0.103032
[1] 0.1803211
[1] 0.103032
[1] "iter: 62"
[1] "done"
[1] "Lrnr_cv"
[1] "Lrnr_glm_TRUE"
[1] "done"
[1] 0.07551533
[1] 0.1997419
[1] 0.07551533
[1] "iter: 63"
[1] "done"
[1] "Lrnr_cv"
[1] "Lrnr_glm_TRUE"
[1] "done"
[1] 0.2483228
[1] 0.3285866
[1] 0.2483228
[1] "iter: 64"
[1] "done"
[1] "Lrnr_cv"
[1] "Lrnr_glm_TRUE"
[1] "done"
[1] -0.02751631
[1] "iter: 65"
[1] "done"
[1] "Lrnr_cv"
[1] "Lrnr_glm_TRUE"
[1] "done"
[1] 0.206295
[1] 0.3583667
[1] 0.206295
[1] "iter: 66"
[1] "done"
[1] "Lrnr_cv"
[1] "Lrnr_glm_TRUE"
[1] "done"
[1] 0.2024152
[1] 0.3301419
[1] 0.2024152
[1] "iter: 67"
[1] "done"
[1] "Lrnr_cv"
[1] "Lrnr_glm_TRUE"
[1] "done"
[1] 0.1110204
[1] "iter: 68"
[1] "done"
[1] "Lrnr_cv"
[1] "Lrnr_glm_TRUE"
[1] "done"
[1] 0.1893667
[1] 0.2462746
[1] 0.1893667
[1] "iter: 69"
[1] "done"
[1] "Lrnr_cv"
[1] "Lrnr_glm_TRUE"
[1] "done"
[1] 0.4249701
[1] 0.5067665
[1] "iter: 70"
[1] "done"
[1] "Lrnr_cv"
[1] "Lrnr_glm_TRUE"
[1] "done"
[1] 0.1182628
[1] 0.1871594
[1] 0.1182628
[1] "iter: 71"
[1] "done"
[1] "Lrnr_cv"
[1] "Lrnr_glm_TRUE"
[1] "done"
[1] 0.02613011
[1] 0.2473487
[1] 0.02613011
[1] "iter: 72"
[1] "done"
[1] "Lrnr_cv"
[1] "Lrnr_glm_TRUE"
[1] "done"
[1] 0.1568527
[1] 0.2398667
[1] "iter: 73"
[1] "done"
[1] "Lrnr_cv"
[1] "Lrnr_glm_TRUE"
[1] "done"
[1] -0.0006618759
[1] 0.2062913
[1] -0.0006618759
[1] "iter: 74"
[1] "done"
[1] "Lrnr_cv"
[1] "Lrnr_glm_TRUE"
[1] "done"
[1] -0.05754599
[1] "iter: 75"
[1] "done"
[1] "Lrnr_cv"
[1] "Lrnr_glm_TRUE"
[1] "done"
[1] 0.2123414
[1] 0.3576973
[1] 0.2123414
[1] "iter: 76"
[1] "done"
[1] "Lrnr_cv"
[1] "Lrnr_glm_TRUE"
[1] "done"
[1] 0.08469404
[1] "iter: 77"
[1] "done"
[1] "Lrnr_cv"
[1] "Lrnr_glm_TRUE"
[1] "done"
[1] 0.1702534
[1] 0.261954
[1] 0.1702534
[1] "iter: 78"
[1] "done"
[1] "Lrnr_cv"
[1] "Lrnr_glm_TRUE"
[1] "done"
[1] 0.1336524
[1] 0.2896013
[1] 0.1336524
[1] "iter: 79"
[1] "done"
[1] "Lrnr_cv"
[1] "Lrnr_glm_TRUE"
[1] "done"
[1] 0.08100882
[1] "iter: 80"
[1] "done"
[1] "Lrnr_cv"
[1] "Lrnr_glm_TRUE"
[1] "done"
[1] 0.1259031
[1] 0.1994536
[1] 0.1259031
[1] "iter: 81"
[1] "done"
[1] "Lrnr_cv"
[1] "Lrnr_glm_TRUE"
[1] "done"
[1] 0.2263599
[1] 0.2737679
[1] 0.2263599
[1] "iter: 82"
[1] "done"
[1] "Lrnr_cv"
[1] "Lrnr_glm_TRUE"
[1] "done"
[1] 0.2622253
[1] 0.3028106
[1] 0.2622253
[1] "iter: 83"
[1] "done"
[1] "Lrnr_cv"
[1] "Lrnr_glm_TRUE"
[1] "done"
[1] 0.07124851
[1] 0.2748036
[1] 0.07124851
[1] "iter: 84"
[1] "done"
[1] "Lrnr_cv"
[1] "Lrnr_glm_TRUE"
[1] "done"
[1] 0.2887092
[1] 0.4242341
[1] "iter: 85"
[1] "done"
[1] "Lrnr_cv"
[1] "Lrnr_glm_TRUE"
[1] "done"
[1] 0.0859506
