LOADING R
R LOADED
[1] "/home/lvanderl/Rlibs2"                         
[2] "/app/software/R/4.3.1-gfbf-2022b/lib/R/library"
[1] "/home/lvanderl/sieveSims"
[1] "lalonde_psid"
  [1]  0  1  2  3  4  5  6  7  8  9 10 11 12 13 14 15 16 17 18 19 20 21 22 23 24
 [26] 25 26 27 28 29 30 31 32 33 34 35 36 37 38 39 40 41 42 43 44 45 46 47 48 49
 [51] 50 51 52 53 54 55 56 57 58 59 60 61 62 63 64 65 66 67 68 69 70 71 72 73 74
 [76] 75 76 77 78 79 80 81 82 83 84 85 86 87 88 89 90 91 92 93 94 95 96 97 98 99
[1] "iter: 0"
[1] 2675    8
 Lrnr_xgboost_20_1_3_1_0.3  Lrnr_xgboost_20_1_3_2_0.3 
                 108394778                  106034683 
 Lrnr_xgboost_20_1_3_3_0.3  Lrnr_xgboost_20_1_3_4_0.3 
                 106718217                  109189638 
 Lrnr_xgboost_20_1_3_5_0.3  Lrnr_xgboost_20_1_3_6_0.3 
                 112187914                  114529913 
Lrnr_xgboost_20_1_3_1_0.25 Lrnr_xgboost_20_1_3_2_0.25 
                 109368967                  106225804 
Lrnr_xgboost_20_1_3_3_0.25 Lrnr_xgboost_20_1_3_4_0.25 
                 106621680                  108986155 
Lrnr_xgboost_20_1_3_5_0.25 Lrnr_xgboost_20_1_3_6_0.25 
                 110522945                  113696600 
 Lrnr_xgboost_20_1_3_1_0.2  Lrnr_xgboost_20_1_3_2_0.2 
                 111331718                  106541919 
 Lrnr_xgboost_20_1_3_3_0.2  Lrnr_xgboost_20_1_3_4_0.2 
                 106121728                  107767846 
 Lrnr_xgboost_20_1_3_5_0.2  Lrnr_xgboost_20_1_3_6_0.2 
                 110179061                  112570262 
Lrnr_xgboost_20_1_3_1_0.15 Lrnr_xgboost_20_1_3_2_0.15 
                 116287617                  107509430 
Lrnr_xgboost_20_1_3_3_0.15 Lrnr_xgboost_20_1_3_4_0.15 
                 107153830                  108168198 
Lrnr_xgboost_20_1_3_5_0.15 Lrnr_xgboost_20_1_3_6_0.15 
                 109375347                  110859407 
 Lrnr_xgboost_20_1_3_1_0.3  Lrnr_xgboost_20_1_3_2_0.3 
                  86962526                   99104440 
 Lrnr_xgboost_20_1_3_3_0.3  Lrnr_xgboost_20_1_3_4_0.3 
                 108327287                  110667482 
 Lrnr_xgboost_20_1_3_5_0.3  Lrnr_xgboost_20_1_3_6_0.3 
                 111425383                  111131422 
Lrnr_xgboost_20_1_3_1_0.25 Lrnr_xgboost_20_1_3_2_0.25 
                  86352136                   98371775 
Lrnr_xgboost_20_1_3_3_0.25 Lrnr_xgboost_20_1_3_4_0.25 
                 107526052                  108208270 
Lrnr_xgboost_20_1_3_5_0.25 Lrnr_xgboost_20_1_3_6_0.25 
                 108837633                  110906095 
 Lrnr_xgboost_20_1_3_1_0.2  Lrnr_xgboost_20_1_3_2_0.2 
                  85840740                   97158300 
 Lrnr_xgboost_20_1_3_3_0.2  Lrnr_xgboost_20_1_3_4_0.2 
                 105188475                  105776006 
 Lrnr_xgboost_20_1_3_5_0.2  Lrnr_xgboost_20_1_3_6_0.2 
                 108218798                  108399320 
Lrnr_xgboost_20_1_3_1_0.15 Lrnr_xgboost_20_1_3_2_0.15 
                  85457888                   94598189 
Lrnr_xgboost_20_1_3_3_0.15 Lrnr_xgboost_20_1_3_4_0.15 
                 102316545                  105269990 
Lrnr_xgboost_20_1_3_5_0.15 Lrnr_xgboost_20_1_3_6_0.15 
                 104839722                  105025362 
 Lrnr_xgboost_20_1_3_1_0.3  Lrnr_xgboost_20_1_3_2_0.3 
                0.04097251                 0.04121985 
 Lrnr_xgboost_20_1_3_3_0.3  Lrnr_xgboost_20_1_3_4_0.3 
                0.04161860                 0.04141260 
 Lrnr_xgboost_20_1_3_5_0.3  Lrnr_xgboost_20_1_3_6_0.3 
                0.04170646                 0.04199554 
Lrnr_xgboost_20_1_3_1_0.25 Lrnr_xgboost_20_1_3_2_0.25 
                0.04097673                 0.04132186 
Lrnr_xgboost_20_1_3_3_0.25 Lrnr_xgboost_20_1_3_4_0.25 
                0.04145897                 0.04115445 
Lrnr_xgboost_20_1_3_5_0.25 Lrnr_xgboost_20_1_3_6_0.25 
                0.04182230                 0.04184311 
 Lrnr_xgboost_20_1_3_1_0.2  Lrnr_xgboost_20_1_3_2_0.2 
                0.04110751                 0.04120857 
 Lrnr_xgboost_20_1_3_3_0.2  Lrnr_xgboost_20_1_3_4_0.2 
                0.04155658                 0.04139969 
 Lrnr_xgboost_20_1_3_5_0.2  Lrnr_xgboost_20_1_3_6_0.2 
                0.04164641                 0.04173216 
Lrnr_xgboost_20_1_3_1_0.15 Lrnr_xgboost_20_1_3_2_0.15 
                0.04171441                 0.04164005 
Lrnr_xgboost_20_1_3_3_0.15 Lrnr_xgboost_20_1_3_4_0.15 
                0.04222340                 0.04195145 
Lrnr_xgboost_20_1_3_5_0.15 Lrnr_xgboost_20_1_3_6_0.15 
                0.04223380                 0.04247400 
[1] "done"
NULL
NULL
NULL
[1] "done"
[1] "all"
[1]  -65.28053 -111.29279
[1] "iter: 1"
[1] 2675    8
 Lrnr_xgboost_20_1_3_1_0.3  Lrnr_xgboost_20_1_3_2_0.3 
                  96058568                   94757534 
 Lrnr_xgboost_20_1_3_3_0.3  Lrnr_xgboost_20_1_3_4_0.3 
                  95597665                   97007997 
 Lrnr_xgboost_20_1_3_5_0.3  Lrnr_xgboost_20_1_3_6_0.3 
                  99246194                  101258660 
Lrnr_xgboost_20_1_3_1_0.25 Lrnr_xgboost_20_1_3_2_0.25 
                  97331967                   94240133 
Lrnr_xgboost_20_1_3_3_0.25 Lrnr_xgboost_20_1_3_4_0.25 
                  95021859                   96759244 
Lrnr_xgboost_20_1_3_5_0.25 Lrnr_xgboost_20_1_3_6_0.25 
                  99017847                  101848933 
 Lrnr_xgboost_20_1_3_1_0.2  Lrnr_xgboost_20_1_3_2_0.2 
                  99760587                   94181458 
 Lrnr_xgboost_20_1_3_3_0.2  Lrnr_xgboost_20_1_3_4_0.2 
                  94663050                   96155406 
 Lrnr_xgboost_20_1_3_5_0.2  Lrnr_xgboost_20_1_3_6_0.2 
                  97982092                  100587507 
Lrnr_xgboost_20_1_3_1_0.15 Lrnr_xgboost_20_1_3_2_0.15 
                 105810532                   95342385 
Lrnr_xgboost_20_1_3_3_0.15 Lrnr_xgboost_20_1_3_4_0.15 
                  95123951                   96303710 
Lrnr_xgboost_20_1_3_5_0.15 Lrnr_xgboost_20_1_3_6_0.15 
                  97608008                   99701193 
 Lrnr_xgboost_20_1_3_1_0.3  Lrnr_xgboost_20_1_3_2_0.3 
                  58765299                   58342962 
 Lrnr_xgboost_20_1_3_3_0.3  Lrnr_xgboost_20_1_3_4_0.3 
                  60638433                   61955115 
 Lrnr_xgboost_20_1_3_5_0.3  Lrnr_xgboost_20_1_3_6_0.3 
                  62461878                   63029336 
Lrnr_xgboost_20_1_3_1_0.25 Lrnr_xgboost_20_1_3_2_0.25 
                  58759677                   57512958 
Lrnr_xgboost_20_1_3_3_0.25 Lrnr_xgboost_20_1_3_4_0.25 
                  60414477                   62129032 
Lrnr_xgboost_20_1_3_5_0.25 Lrnr_xgboost_20_1_3_6_0.25 
                  63073367                   64404991 
 Lrnr_xgboost_20_1_3_1_0.2  Lrnr_xgboost_20_1_3_2_0.2 
                  58584432                   57550019 
 Lrnr_xgboost_20_1_3_3_0.2  Lrnr_xgboost_20_1_3_4_0.2 
                  60062020                   61372364 
 Lrnr_xgboost_20_1_3_5_0.2  Lrnr_xgboost_20_1_3_6_0.2 
                  61552571                   62594704 
Lrnr_xgboost_20_1_3_1_0.15 Lrnr_xgboost_20_1_3_2_0.15 
                  58764449                   57296453 
Lrnr_xgboost_20_1_3_3_0.15 Lrnr_xgboost_20_1_3_4_0.15 
                  58290077                   60042573 
Lrnr_xgboost_20_1_3_5_0.15 Lrnr_xgboost_20_1_3_6_0.15 
                  60425502                   61647912 
 Lrnr_xgboost_20_1_3_1_0.3  Lrnr_xgboost_20_1_3_2_0.3 
                0.04503478                 0.04547807 
 Lrnr_xgboost_20_1_3_3_0.3  Lrnr_xgboost_20_1_3_4_0.3 
                0.04611356                 0.04680998 
 Lrnr_xgboost_20_1_3_5_0.3  Lrnr_xgboost_20_1_3_6_0.3 
                0.04682269                 0.04739478 
Lrnr_xgboost_20_1_3_1_0.25 Lrnr_xgboost_20_1_3_2_0.25 
                0.04510344                 0.04540011 
Lrnr_xgboost_20_1_3_3_0.25 Lrnr_xgboost_20_1_3_4_0.25 
                0.04584969                 0.04653609 
Lrnr_xgboost_20_1_3_5_0.25 Lrnr_xgboost_20_1_3_6_0.25 
                0.04702487                 0.04704274 
 Lrnr_xgboost_20_1_3_1_0.2  Lrnr_xgboost_20_1_3_2_0.2 
                0.04528165                 0.04533323 
 Lrnr_xgboost_20_1_3_3_0.2  Lrnr_xgboost_20_1_3_4_0.2 
                0.04584526                 0.04651233 
 Lrnr_xgboost_20_1_3_5_0.2  Lrnr_xgboost_20_1_3_6_0.2 
                0.04679383                 0.04684355 
Lrnr_xgboost_20_1_3_1_0.15 Lrnr_xgboost_20_1_3_2_0.15 
                0.04592346                 0.04576173 
Lrnr_xgboost_20_1_3_3_0.15 Lrnr_xgboost_20_1_3_4_0.15 
                0.04622055                 0.04687029 
Lrnr_xgboost_20_1_3_5_0.15 Lrnr_xgboost_20_1_3_6_0.15 
                0.04716465                 0.04716477 
[1] "done"
NULL
NULL
NULL
[1] "done"
[1] "all"
[1] 2018.868 1215.565
[1] "iter: 2"
[1] 2675    8
 Lrnr_xgboost_20_1_3_1_0.3  Lrnr_xgboost_20_1_3_2_0.3 
                  94246470                   92720430 
 Lrnr_xgboost_20_1_3_3_0.3  Lrnr_xgboost_20_1_3_4_0.3 
                  92018417                   93055435 
 Lrnr_xgboost_20_1_3_5_0.3  Lrnr_xgboost_20_1_3_6_0.3 
                  94296675                   96932916 
Lrnr_xgboost_20_1_3_1_0.25 Lrnr_xgboost_20_1_3_2_0.25 
                  94949124                   92171753 
Lrnr_xgboost_20_1_3_3_0.25 Lrnr_xgboost_20_1_3_4_0.25 
                  91748215                   92251325 
Lrnr_xgboost_20_1_3_5_0.25 Lrnr_xgboost_20_1_3_6_0.25 
                  93776814                   95365654 
 Lrnr_xgboost_20_1_3_1_0.2  Lrnr_xgboost_20_1_3_2_0.2 
                  97153344                   91743666 
 Lrnr_xgboost_20_1_3_3_0.2  Lrnr_xgboost_20_1_3_4_0.2 
                  91478714                   91987570 
 Lrnr_xgboost_20_1_3_5_0.2  Lrnr_xgboost_20_1_3_6_0.2 
                  93425240                   95160872 
Lrnr_xgboost_20_1_3_1_0.15 Lrnr_xgboost_20_1_3_2_0.15 
                 103702115                   92908885 
Lrnr_xgboost_20_1_3_3_0.15 Lrnr_xgboost_20_1_3_4_0.15 
                  92411093                   92787275 
Lrnr_xgboost_20_1_3_5_0.15 Lrnr_xgboost_20_1_3_6_0.15 
                  93869052                   95298082 
 Lrnr_xgboost_20_1_3_1_0.3  Lrnr_xgboost_20_1_3_2_0.3 
                  42453207                   41925630 
 Lrnr_xgboost_20_1_3_3_0.3  Lrnr_xgboost_20_1_3_4_0.3 
                  41964362                   41964362 
 Lrnr_xgboost_20_1_3_5_0.3  Lrnr_xgboost_20_1_3_6_0.3 
                  41964362                   41964362 
Lrnr_xgboost_20_1_3_1_0.25 Lrnr_xgboost_20_1_3_2_0.25 
                  42400627                   41910227 
Lrnr_xgboost_20_1_3_3_0.25 Lrnr_xgboost_20_1_3_4_0.25 
                  41954023                   41954023 
Lrnr_xgboost_20_1_3_5_0.25 Lrnr_xgboost_20_1_3_6_0.25 
                  41954023                   41954023 
 Lrnr_xgboost_20_1_3_1_0.2  Lrnr_xgboost_20_1_3_2_0.2 
                  42284283                   41885874 
 Lrnr_xgboost_20_1_3_3_0.2  Lrnr_xgboost_20_1_3_4_0.2 
                  41923989                   41923989 
 Lrnr_xgboost_20_1_3_5_0.2  Lrnr_xgboost_20_1_3_6_0.2 
                  41923989                   41923989 
Lrnr_xgboost_20_1_3_1_0.15 Lrnr_xgboost_20_1_3_2_0.15 
                  42125486                   41846674 
Lrnr_xgboost_20_1_3_3_0.15 Lrnr_xgboost_20_1_3_4_0.15 
                  41885495                   41885495 
Lrnr_xgboost_20_1_3_5_0.15 Lrnr_xgboost_20_1_3_6_0.15 
                  41885495                   41885495 
 Lrnr_xgboost_20_1_3_1_0.3  Lrnr_xgboost_20_1_3_2_0.3 
                0.04795334                 0.04821364 
 Lrnr_xgboost_20_1_3_3_0.3  Lrnr_xgboost_20_1_3_4_0.3 
                0.04811654                 0.04833895 
 Lrnr_xgboost_20_1_3_5_0.3  Lrnr_xgboost_20_1_3_6_0.3 
                0.04879992                 0.04898665 
Lrnr_xgboost_20_1_3_1_0.25 Lrnr_xgboost_20_1_3_2_0.25 
                0.04790294                 0.04819211 
Lrnr_xgboost_20_1_3_3_0.25 Lrnr_xgboost_20_1_3_4_0.25 
                0.04799296                 0.04826641 
Lrnr_xgboost_20_1_3_5_0.25 Lrnr_xgboost_20_1_3_6_0.25 
                0.04873401                 0.04873779 
 Lrnr_xgboost_20_1_3_1_0.2  Lrnr_xgboost_20_1_3_2_0.2 
                0.04822615                 0.04819891 
 Lrnr_xgboost_20_1_3_3_0.2  Lrnr_xgboost_20_1_3_4_0.2 
                0.04803947                 0.04823659 
 Lrnr_xgboost_20_1_3_5_0.2  Lrnr_xgboost_20_1_3_6_0.2 
                0.04870382                 0.04875203 
Lrnr_xgboost_20_1_3_1_0.15 Lrnr_xgboost_20_1_3_2_0.15 
                0.04889865                 0.04857343 
Lrnr_xgboost_20_1_3_3_0.15 Lrnr_xgboost_20_1_3_4_0.15 
                0.04845789                 0.04851080 
Lrnr_xgboost_20_1_3_5_0.15 Lrnr_xgboost_20_1_3_6_0.15 
                0.04886456                 0.04913573 
[1] "done"
NULL
NULL
NULL
[1] "done"
[1] "all"
[1] 136.2863 188.3011
[1] "iter: 3"
[1] 2675    8
 Lrnr_xgboost_20_1_3_1_0.3  Lrnr_xgboost_20_1_3_2_0.3 
                 102177624                  101179100 
 Lrnr_xgboost_20_1_3_3_0.3  Lrnr_xgboost_20_1_3_4_0.3 
                 102723659                  104383494 
 Lrnr_xgboost_20_1_3_5_0.3  Lrnr_xgboost_20_1_3_6_0.3 
                 107281558                  108697319 
Lrnr_xgboost_20_1_3_1_0.25 Lrnr_xgboost_20_1_3_2_0.25 
                 103611533                  101223821 
Lrnr_xgboost_20_1_3_3_0.25 Lrnr_xgboost_20_1_3_4_0.25 
                 102291440                  103851745 
Lrnr_xgboost_20_1_3_5_0.25 Lrnr_xgboost_20_1_3_6_0.25 
                 106261418                  109405244 
 Lrnr_xgboost_20_1_3_1_0.2  Lrnr_xgboost_20_1_3_2_0.2 
                 106305755                  101314152 
 Lrnr_xgboost_20_1_3_3_0.2  Lrnr_xgboost_20_1_3_4_0.2 
                 102077167                  103270093 
 Lrnr_xgboost_20_1_3_5_0.2  Lrnr_xgboost_20_1_3_6_0.2 
                 105788534                  108735641 
Lrnr_xgboost_20_1_3_1_0.15 Lrnr_xgboost_20_1_3_2_0.15 
                 112423403                  102995782 
Lrnr_xgboost_20_1_3_3_0.15 Lrnr_xgboost_20_1_3_4_0.15 
                 102724287                  103910899 
Lrnr_xgboost_20_1_3_5_0.15 Lrnr_xgboost_20_1_3_6_0.15 
                 106044875                  107747445 
 Lrnr_xgboost_20_1_3_1_0.3  Lrnr_xgboost_20_1_3_2_0.3 
                  98484322                  101454328 
 Lrnr_xgboost_20_1_3_3_0.3  Lrnr_xgboost_20_1_3_4_0.3 
                 102740571                  103378618 
 Lrnr_xgboost_20_1_3_5_0.3  Lrnr_xgboost_20_1_3_6_0.3 
                 103725407                  103901523 
Lrnr_xgboost_20_1_3_1_0.25 Lrnr_xgboost_20_1_3_2_0.25 
                  98335778                  101124293 
Lrnr_xgboost_20_1_3_3_0.25 Lrnr_xgboost_20_1_3_4_0.25 
                 102786990                  102884286 
Lrnr_xgboost_20_1_3_5_0.25 Lrnr_xgboost_20_1_3_6_0.25 
                 103247122                  103578654 
 Lrnr_xgboost_20_1_3_1_0.2  Lrnr_xgboost_20_1_3_2_0.2 
                  98077035                  100766970 
 Lrnr_xgboost_20_1_3_3_0.2  Lrnr_xgboost_20_1_3_4_0.2 
                 102475421                  102607523 
 Lrnr_xgboost_20_1_3_5_0.2  Lrnr_xgboost_20_1_3_6_0.2 
                 102965924                  103404263 
Lrnr_xgboost_20_1_3_1_0.15 Lrnr_xgboost_20_1_3_2_0.15 
                  98020073                  100479477 
Lrnr_xgboost_20_1_3_3_0.15 Lrnr_xgboost_20_1_3_4_0.15 
                 102044718                  102200003 
Lrnr_xgboost_20_1_3_5_0.15 Lrnr_xgboost_20_1_3_6_0.15 
                 102452651                  102944286 
 Lrnr_xgboost_20_1_3_1_0.3  Lrnr_xgboost_20_1_3_2_0.3 
                0.04362790                 0.04364057 
 Lrnr_xgboost_20_1_3_3_0.3  Lrnr_xgboost_20_1_3_4_0.3 
                0.04414115                 0.04470688 
 Lrnr_xgboost_20_1_3_5_0.3  Lrnr_xgboost_20_1_3_6_0.3 
                0.04494677                 0.04544776 
Lrnr_xgboost_20_1_3_1_0.25 Lrnr_xgboost_20_1_3_2_0.25 
                0.04369149                 0.04366992 
Lrnr_xgboost_20_1_3_3_0.25 Lrnr_xgboost_20_1_3_4_0.25 
                0.04411515                 0.04467415 
Lrnr_xgboost_20_1_3_5_0.25 Lrnr_xgboost_20_1_3_6_0.25 
                0.04504717                 0.04522810 
 Lrnr_xgboost_20_1_3_1_0.2  Lrnr_xgboost_20_1_3_2_0.2 
                0.04390648                 0.04370393 
 Lrnr_xgboost_20_1_3_3_0.2  Lrnr_xgboost_20_1_3_4_0.2 
                0.04405168                 0.04461207 
 Lrnr_xgboost_20_1_3_5_0.2  Lrnr_xgboost_20_1_3_6_0.2 
                0.04487088                 0.04506518 
Lrnr_xgboost_20_1_3_1_0.15 Lrnr_xgboost_20_1_3_2_0.15 
                0.04458038                 0.04418001 
Lrnr_xgboost_20_1_3_3_0.15 Lrnr_xgboost_20_1_3_4_0.15 
                0.04432412                 0.04498730 
Lrnr_xgboost_20_1_3_5_0.15 Lrnr_xgboost_20_1_3_6_0.15 
                0.04539200                 0.04540625 
[1] "done"
NULL
NULL
NULL
[1] "done"
[1] "all"
[1] -520.570 -617.773
[1] "iter: 4"
[1] 2675    8
 Lrnr_xgboost_20_1_3_1_0.3  Lrnr_xgboost_20_1_3_2_0.3 
                 108768981                  106065314 
 Lrnr_xgboost_20_1_3_3_0.3  Lrnr_xgboost_20_1_3_4_0.3 
                 106368894                  108504783 
 Lrnr_xgboost_20_1_3_5_0.3  Lrnr_xgboost_20_1_3_6_0.3 
                 109271906                  111921601 
Lrnr_xgboost_20_1_3_1_0.25 Lrnr_xgboost_20_1_3_2_0.25 
                 108904124                  105639157 
Lrnr_xgboost_20_1_3_3_0.25 Lrnr_xgboost_20_1_3_4_0.25 
                 106094503                  107094530 
Lrnr_xgboost_20_1_3_5_0.25 Lrnr_xgboost_20_1_3_6_0.25 
                 109192920                  111227782 
 Lrnr_xgboost_20_1_3_1_0.2  Lrnr_xgboost_20_1_3_2_0.2 
                 110623064                  105477569 
 Lrnr_xgboost_20_1_3_3_0.2  Lrnr_xgboost_20_1_3_4_0.2 
                 105693032                  107382024 
 Lrnr_xgboost_20_1_3_5_0.2  Lrnr_xgboost_20_1_3_6_0.2 
                 108495146                  110652963 
Lrnr_xgboost_20_1_3_1_0.15 Lrnr_xgboost_20_1_3_2_0.15 
                 117344253                  106612859 
Lrnr_xgboost_20_1_3_3_0.15 Lrnr_xgboost_20_1_3_4_0.15 
                 106502659                  107403482 
Lrnr_xgboost_20_1_3_5_0.15 Lrnr_xgboost_20_1_3_6_0.15 
                 108694281                  110293320 
 Lrnr_xgboost_20_1_3_1_0.3  Lrnr_xgboost_20_1_3_2_0.3 
                 115829825                  120721242 
 Lrnr_xgboost_20_1_3_3_0.3  Lrnr_xgboost_20_1_3_4_0.3 
                 121716113                  122541354 
 Lrnr_xgboost_20_1_3_5_0.3  Lrnr_xgboost_20_1_3_6_0.3 
                 123149129                  123108215 
Lrnr_xgboost_20_1_3_1_0.25 Lrnr_xgboost_20_1_3_2_0.25 
                 115698087                  119636450 
Lrnr_xgboost_20_1_3_3_0.25 Lrnr_xgboost_20_1_3_4_0.25 
                 120739722                  121789889 
Lrnr_xgboost_20_1_3_5_0.25 Lrnr_xgboost_20_1_3_6_0.25 
                 122447180                  122407996 
 Lrnr_xgboost_20_1_3_1_0.2  Lrnr_xgboost_20_1_3_2_0.2 
                 115493878                  119135638 
 Lrnr_xgboost_20_1_3_3_0.2  Lrnr_xgboost_20_1_3_4_0.2 
                 120541778                  120798892 
 Lrnr_xgboost_20_1_3_5_0.2  Lrnr_xgboost_20_1_3_6_0.2 
                 121821088                  121924917 
Lrnr_xgboost_20_1_3_1_0.15 Lrnr_xgboost_20_1_3_2_0.15 
                 115080982                  118433759 
Lrnr_xgboost_20_1_3_3_0.15 Lrnr_xgboost_20_1_3_4_0.15 
                 119406868                  120585105 
Lrnr_xgboost_20_1_3_5_0.15 Lrnr_xgboost_20_1_3_6_0.15 
                 121066816                  120856464 
 Lrnr_xgboost_20_1_3_1_0.3  Lrnr_xgboost_20_1_3_2_0.3 
                0.04576587                 0.04575894 
 Lrnr_xgboost_20_1_3_3_0.3  Lrnr_xgboost_20_1_3_4_0.3 
                0.04666772                 0.04691782 
 Lrnr_xgboost_20_1_3_5_0.3  Lrnr_xgboost_20_1_3_6_0.3 
                0.04793955                 0.04792602 
Lrnr_xgboost_20_1_3_1_0.25 Lrnr_xgboost_20_1_3_2_0.25 
                0.04571005                 0.04568876 
Lrnr_xgboost_20_1_3_3_0.25 Lrnr_xgboost_20_1_3_4_0.25 
                0.04659585                 0.04710950 
Lrnr_xgboost_20_1_3_5_0.25 Lrnr_xgboost_20_1_3_6_0.25 
                0.04767857                 0.04778331 
 Lrnr_xgboost_20_1_3_1_0.2  Lrnr_xgboost_20_1_3_2_0.2 
                0.04587494                 0.04574533 
 Lrnr_xgboost_20_1_3_3_0.2  Lrnr_xgboost_20_1_3_4_0.2 
                0.04649706                 0.04694881 
 Lrnr_xgboost_20_1_3_5_0.2  Lrnr_xgboost_20_1_3_6_0.2 
                0.04746068                 0.04742842 
Lrnr_xgboost_20_1_3_1_0.15 Lrnr_xgboost_20_1_3_2_0.15 
                0.04646359                 0.04601927 
Lrnr_xgboost_20_1_3_3_0.15 Lrnr_xgboost_20_1_3_4_0.15 
                0.04654339                 0.04735851 
Lrnr_xgboost_20_1_3_5_0.15 Lrnr_xgboost_20_1_3_6_0.15 
                0.04767850                 0.04772253 
[1] "done"
NULL
NULL
NULL
[1] "done"
[1] "all"
[1]  -666.4346 -1025.1243
[1] "iter: 5"
[1] 2675    8
 Lrnr_xgboost_20_1_3_1_0.3  Lrnr_xgboost_20_1_3_2_0.3 
                  94866366                   94157372 
 Lrnr_xgboost_20_1_3_3_0.3  Lrnr_xgboost_20_1_3_4_0.3 
                  94521025                   95059602 
 Lrnr_xgboost_20_1_3_5_0.3  Lrnr_xgboost_20_1_3_6_0.3 
                  97516398                   99756470 
Lrnr_xgboost_20_1_3_1_0.25 Lrnr_xgboost_20_1_3_2_0.25 
                  95997842                   93963288 
Lrnr_xgboost_20_1_3_3_0.25 Lrnr_xgboost_20_1_3_4_0.25 
                  94277817                   95325053 
Lrnr_xgboost_20_1_3_5_0.25 Lrnr_xgboost_20_1_3_6_0.25 
                  96753158                   98496995 
 Lrnr_xgboost_20_1_3_1_0.2  Lrnr_xgboost_20_1_3_2_0.2 
                  97635143                   94118199 
 Lrnr_xgboost_20_1_3_3_0.2  Lrnr_xgboost_20_1_3_4_0.2 
                  93862975                   94949855 
 Lrnr_xgboost_20_1_3_5_0.2  Lrnr_xgboost_20_1_3_6_0.2 
                  95837414                   98009548 
Lrnr_xgboost_20_1_3_1_0.15 Lrnr_xgboost_20_1_3_2_0.15 
                 103304678                   95534115 
Lrnr_xgboost_20_1_3_3_0.15 Lrnr_xgboost_20_1_3_4_0.15 
                  94534659                   95493445 
Lrnr_xgboost_20_1_3_5_0.15 Lrnr_xgboost_20_1_3_6_0.15 
                  96459024                   98279078 
 Lrnr_xgboost_20_1_3_1_0.3  Lrnr_xgboost_20_1_3_2_0.3 
                 190420227                  209741986 
 Lrnr_xgboost_20_1_3_3_0.3  Lrnr_xgboost_20_1_3_4_0.3 
                 216290845                  220089447 
 Lrnr_xgboost_20_1_3_5_0.3  Lrnr_xgboost_20_1_3_6_0.3 
                 230111183                  227374350 
Lrnr_xgboost_20_1_3_1_0.25 Lrnr_xgboost_20_1_3_2_0.25 
                 190268472                  207494144 
Lrnr_xgboost_20_1_3_3_0.25 Lrnr_xgboost_20_1_3_4_0.25 
                 216619551                  222880910 
Lrnr_xgboost_20_1_3_5_0.25 Lrnr_xgboost_20_1_3_6_0.25 
                 226617093                  225292307 
 Lrnr_xgboost_20_1_3_1_0.2  Lrnr_xgboost_20_1_3_2_0.2 
                 188805278                  206590168 
 Lrnr_xgboost_20_1_3_3_0.2  Lrnr_xgboost_20_1_3_4_0.2 
                 210578129                  215988014 
 Lrnr_xgboost_20_1_3_5_0.2  Lrnr_xgboost_20_1_3_6_0.2 
                 218743582                  221465716 
Lrnr_xgboost_20_1_3_1_0.15 Lrnr_xgboost_20_1_3_2_0.15 
                 187043747                  201771036 
Lrnr_xgboost_20_1_3_3_0.15 Lrnr_xgboost_20_1_3_4_0.15 
                 209745919                  210518374 
Lrnr_xgboost_20_1_3_5_0.15 Lrnr_xgboost_20_1_3_6_0.15 
                 214443070                  214377619 
 Lrnr_xgboost_20_1_3_1_0.3  Lrnr_xgboost_20_1_3_2_0.3 
                0.04808957                 0.04808253 
 Lrnr_xgboost_20_1_3_3_0.3  Lrnr_xgboost_20_1_3_4_0.3 
                0.04824058                 0.04855060 
 Lrnr_xgboost_20_1_3_5_0.3  Lrnr_xgboost_20_1_3_6_0.3 
                0.04859689                 0.04881810 
Lrnr_xgboost_20_1_3_1_0.25 Lrnr_xgboost_20_1_3_2_0.25 
                0.04810503                 0.04806831 
Lrnr_xgboost_20_1_3_3_0.25 Lrnr_xgboost_20_1_3_4_0.25 
                0.04807660                 0.04872982 
Lrnr_xgboost_20_1_3_5_0.25 Lrnr_xgboost_20_1_3_6_0.25 
                0.04841746                 0.04883291 
 Lrnr_xgboost_20_1_3_1_0.2  Lrnr_xgboost_20_1_3_2_0.2 
                0.04847449                 0.04808072 
 Lrnr_xgboost_20_1_3_3_0.2  Lrnr_xgboost_20_1_3_4_0.2 
                0.04796385                 0.04838482 
 Lrnr_xgboost_20_1_3_5_0.2  Lrnr_xgboost_20_1_3_6_0.2 
                0.04844880                 0.04886774 
Lrnr_xgboost_20_1_3_1_0.15 Lrnr_xgboost_20_1_3_2_0.15 
                0.04910704                 0.04854965 
Lrnr_xgboost_20_1_3_3_0.15 Lrnr_xgboost_20_1_3_4_0.15 
                0.04832694                 0.04880618 
Lrnr_xgboost_20_1_3_5_0.15 Lrnr_xgboost_20_1_3_6_0.15 
                0.04863020                 0.04892925 
[1] "done"
NULL
NULL
NULL
[1] "done"
[1] "all"
[1] 1077.278 2424.625
[1] "iter: 6"
[1] 2675    8
