LOADING R
R LOADED
[1] "/home/lvanderl/Rlibs2"                         
[2] "/app/software/R/4.3.1-gfbf-2022b/lib/R/library"
[1] "/home/lvanderl/sieveSims"
[1] "twins"
  [1]  0  1  2  3  4  5  6  7  8  9 10 11 12 13 14 15 16 17 18 19 20 21 22 23 24
 [26] 25 26 27 28 29 30 31 32 33 34 35 36 37 38 39 40 41 42 43 44 45 46 47 48 49
 [51] 50 51 52 53 54 55 56 57 58 59 60 61 62 63 64 65 66 67 68 69 70 71 72 73 74
 [76] 75 76 77 78 79 80 81 82 83 84 85 86 87 88 89 90 91 92 93 94 95 96 97 98 99
[1] "iter: 0"
[1] 11984    75
 Lrnr_ranger_500_TRUE_none_1_8 Lrnr_ranger_500_TRUE_none_1_10 
                     0.1797673                      0.1800216 
Lrnr_ranger_500_TRUE_none_1_12 
                     0.1799762 
 Lrnr_ranger_500_TRUE_none_1_8 Lrnr_ranger_500_TRUE_none_1_10 
                     0.1078040                      0.1077378 
Lrnr_ranger_500_TRUE_none_1_12 
                     0.1081393 
 Lrnr_ranger_500_TRUE_none_1_8 Lrnr_ranger_500_TRUE_none_1_10 
                     0.1874918                      0.1879960 
Lrnr_ranger_500_TRUE_none_1_12 
                     0.1885168 
[1] "done"
NULL
NULL
NULL
[1] "done"
[1] "all"
[1] -0.02911100 -0.03206846
[1] "iter: 1"
[1] 11984    75
 Lrnr_ranger_500_TRUE_none_1_8 Lrnr_ranger_500_TRUE_none_1_10 
                     0.1704843                      0.1706799 
Lrnr_ranger_500_TRUE_none_1_12 
                     0.1707648 
 Lrnr_ranger_500_TRUE_none_1_8 Lrnr_ranger_500_TRUE_none_1_10 
                     0.1120206                      0.1122758 
Lrnr_ranger_500_TRUE_none_1_12 
                     0.1126794 
 Lrnr_ranger_500_TRUE_none_1_8 Lrnr_ranger_500_TRUE_none_1_10 
                     0.1894176                      0.1899895 
Lrnr_ranger_500_TRUE_none_1_12 
                     0.1910250 
[1] "done"
NULL
NULL
NULL
[1] "done"
[1] "all"
[1] -0.01631014 -0.01843078
[1] "iter: 2"
[1] 11984    75
 Lrnr_ranger_500_TRUE_none_1_8 Lrnr_ranger_500_TRUE_none_1_10 
                     0.1756955                      0.1757461 
Lrnr_ranger_500_TRUE_none_1_12 
                     0.1757603 
 Lrnr_ranger_500_TRUE_none_1_8 Lrnr_ranger_500_TRUE_none_1_10 
                     0.1075918                      0.1076288 
Lrnr_ranger_500_TRUE_none_1_12 
                     0.1079622 
 Lrnr_ranger_500_TRUE_none_1_8 Lrnr_ranger_500_TRUE_none_1_10 
                     0.1877721                      0.1884111 
Lrnr_ranger_500_TRUE_none_1_12 
                     0.1891840 
[1] "done"
NULL
NULL
NULL
[1] "done"
[1] "all"
[1] -0.02453644 -0.02710163
[1] "iter: 3"
[1] 11984    75
 Lrnr_ranger_500_TRUE_none_1_8 Lrnr_ranger_500_TRUE_none_1_10 
                     0.1792957                      0.1794291 
Lrnr_ranger_500_TRUE_none_1_12 
                     0.1794809 
 Lrnr_ranger_500_TRUE_none_1_8 Lrnr_ranger_500_TRUE_none_1_10 
                     0.1065958                      0.1067918 
Lrnr_ranger_500_TRUE_none_1_12 
                     0.1072676 
 Lrnr_ranger_500_TRUE_none_1_8 Lrnr_ranger_500_TRUE_none_1_10 
                     0.1858627                      0.1863640 
Lrnr_ranger_500_TRUE_none_1_12 
                     0.1874211 
[1] "done"
NULL
NULL
NULL
[1] "done"
[1] "all"
[1] -0.02628311 -0.02856705
[1] "iter: 4"
[1] 11984    75
 Lrnr_ranger_500_TRUE_none_1_8 Lrnr_ranger_500_TRUE_none_1_10 
                     0.1747975                      0.1749458 
Lrnr_ranger_500_TRUE_none_1_12 
                     0.1750385 
 Lrnr_ranger_500_TRUE_none_1_8 Lrnr_ranger_500_TRUE_none_1_10 
                     0.1066363                      0.1067075 
Lrnr_ranger_500_TRUE_none_1_12 
                     0.1069642 
 Lrnr_ranger_500_TRUE_none_1_8 Lrnr_ranger_500_TRUE_none_1_10 
                     0.1831518                      0.1835735 
Lrnr_ranger_500_TRUE_none_1_12 
                     0.1842025 
[1] "done"
NULL
NULL
NULL
[1] "done"
[1] "all"
[1] -0.02286829 -0.02417058
[1] "iter: 5"
[1] 11984    75
 Lrnr_ranger_500_TRUE_none_1_8 Lrnr_ranger_500_TRUE_none_1_10 
                     0.1733326                      0.1740546 
Lrnr_ranger_500_TRUE_none_1_12 
                     0.1746627 
 Lrnr_ranger_500_TRUE_none_1_8 Lrnr_ranger_500_TRUE_none_1_10 
                     0.1124453                      0.1126243 
Lrnr_ranger_500_TRUE_none_1_12 
                     0.1131413 
 Lrnr_ranger_500_TRUE_none_1_8 Lrnr_ranger_500_TRUE_none_1_10 
                     0.1850968                      0.1852591 
Lrnr_ranger_500_TRUE_none_1_12 
                     0.1855049 
[1] "done"
NULL
NULL
NULL
[1] "done"
[1] "all"
[1] -0.01594786 -0.01758094
[1] "iter: 6"
[1] 11984    75
 Lrnr_ranger_500_TRUE_none_1_8 Lrnr_ranger_500_TRUE_none_1_10 
                     0.1648100                      0.1648845 
Lrnr_ranger_500_TRUE_none_1_12 
                     0.1649531 
 Lrnr_ranger_500_TRUE_none_1_8 Lrnr_ranger_500_TRUE_none_1_10 
                     0.1115860                      0.1116254 
Lrnr_ranger_500_TRUE_none_1_12 
                     0.1118774 
 Lrnr_ranger_500_TRUE_none_1_8 Lrnr_ranger_500_TRUE_none_1_10 
                     0.1867142                      0.1873058 
Lrnr_ranger_500_TRUE_none_1_12 
                     0.1880767 
[1] "done"
NULL
NULL
NULL
[1] "done"
[1] "all"
[1] -0.006710322 -0.008736465
[1] "iter: 7"
[1] 11984    75
 Lrnr_ranger_500_TRUE_none_1_8 Lrnr_ranger_500_TRUE_none_1_10 
                     0.1713429                      0.1720595 
Lrnr_ranger_500_TRUE_none_1_12 
                     0.1721350 
 Lrnr_ranger_500_TRUE_none_1_8 Lrnr_ranger_500_TRUE_none_1_10 
                     0.1107258                      0.1109806 
Lrnr_ranger_500_TRUE_none_1_12 
                     0.1111762 
 Lrnr_ranger_500_TRUE_none_1_8 Lrnr_ranger_500_TRUE_none_1_10 
                     0.1846742                      0.1850800 
Lrnr_ranger_500_TRUE_none_1_12 
                     0.1854723 
[1] "done"
NULL
NULL
NULL
[1] "done"
[1] "all"
[1] -0.01031201 -0.01082179
[1] "iter: 8"
[1] 11984    75
 Lrnr_ranger_500_TRUE_none_1_8 Lrnr_ranger_500_TRUE_none_1_10 
                     0.1759080                      0.1771583 
Lrnr_ranger_500_TRUE_none_1_12 
                     0.1778389 
 Lrnr_ranger_500_TRUE_none_1_8 Lrnr_ranger_500_TRUE_none_1_10 
                     0.1034970                      0.1039121 
Lrnr_ranger_500_TRUE_none_1_12 
                     0.1046224 
 Lrnr_ranger_500_TRUE_none_1_8 Lrnr_ranger_500_TRUE_none_1_10 
                     0.1863058                      0.1870959 
Lrnr_ranger_500_TRUE_none_1_12 
                     0.1883935 
[1] "done"
NULL
NULL
NULL
[1] "done"
[1] "all"
[1] -0.02577262 -0.02670010
[1] "iter: 9"
[1] 11984    75
 Lrnr_ranger_500_TRUE_none_1_8 Lrnr_ranger_500_TRUE_none_1_10 
                     0.1717646                      0.1727776 
Lrnr_ranger_500_TRUE_none_1_12 
                     0.1735683 
 Lrnr_ranger_500_TRUE_none_1_8 Lrnr_ranger_500_TRUE_none_1_10 
                     0.1101702                      0.1102865 
Lrnr_ranger_500_TRUE_none_1_12 
                     0.1106559 
 Lrnr_ranger_500_TRUE_none_1_8 Lrnr_ranger_500_TRUE_none_1_10 
                     0.1854875                      0.1860376 
Lrnr_ranger_500_TRUE_none_1_12 
                     0.1867874 
[1] "done"
NULL
NULL
NULL
[1] "done"
[1] "all"
[1] -0.006262951 -0.007253938
[1] "iter: 10"
[1] 11984    75
 Lrnr_ranger_500_TRUE_none_1_8 Lrnr_ranger_500_TRUE_none_1_10 
                     0.1720878                      0.1728337 
Lrnr_ranger_500_TRUE_none_1_12 
                     0.1729183 
 Lrnr_ranger_500_TRUE_none_1_8 Lrnr_ranger_500_TRUE_none_1_10 
                     0.1051735                      0.1052244 
Lrnr_ranger_500_TRUE_none_1_12 
                     0.1056165 
 Lrnr_ranger_500_TRUE_none_1_8 Lrnr_ranger_500_TRUE_none_1_10 
                     0.1876625                      0.1884240 
Lrnr_ranger_500_TRUE_none_1_12 
                     0.1894496 
[1] "done"
NULL
NULL
NULL
[1] "done"
[1] "all"
[1] -0.01682169 -0.01854620
[1] "iter: 11"
[1] 11984    75
 Lrnr_ranger_500_TRUE_none_1_8 Lrnr_ranger_500_TRUE_none_1_10 
                     0.1710591                      0.1717238 
Lrnr_ranger_500_TRUE_none_1_12 
                     0.1720453 
 Lrnr_ranger_500_TRUE_none_1_8 Lrnr_ranger_500_TRUE_none_1_10 
                     0.1036729                      0.1039304 
Lrnr_ranger_500_TRUE_none_1_12 
                     0.1043751 
 Lrnr_ranger_500_TRUE_none_1_8 Lrnr_ranger_500_TRUE_none_1_10 
                     0.1887269                      0.1891169 
Lrnr_ranger_500_TRUE_none_1_12 
                     0.1898734 
[1] "done"
NULL
NULL
NULL
[1] "done"
[1] "all"
[1] -0.01850294 -0.01890694
[1] "iter: 12"
[1] 11984    75
 Lrnr_ranger_500_TRUE_none_1_8 Lrnr_ranger_500_TRUE_none_1_10 
                     0.1722081                      0.1723227 
Lrnr_ranger_500_TRUE_none_1_12 
                     0.1724571 
 Lrnr_ranger_500_TRUE_none_1_8 Lrnr_ranger_500_TRUE_none_1_10 
                     0.1063068                      0.1066003 
Lrnr_ranger_500_TRUE_none_1_12 
                     0.1070658 
 Lrnr_ranger_500_TRUE_none_1_8 Lrnr_ranger_500_TRUE_none_1_10 
                     0.1862107                      0.1865461 
Lrnr_ranger_500_TRUE_none_1_12 
                     0.1871400 
[1] "done"
NULL
NULL
NULL
[1] "done"
[1] "all"
[1] -0.0267439 -0.0300502
[1] "iter: 13"
[1] 11984    75
 Lrnr_ranger_500_TRUE_none_1_8 Lrnr_ranger_500_TRUE_none_1_10 
                     0.1760143                      0.1770294 
Lrnr_ranger_500_TRUE_none_1_12 
                     0.1775824 
 Lrnr_ranger_500_TRUE_none_1_8 Lrnr_ranger_500_TRUE_none_1_10 
                     0.1060269                      0.1061007 
Lrnr_ranger_500_TRUE_none_1_12 
                     0.1064419 
 Lrnr_ranger_500_TRUE_none_1_8 Lrnr_ranger_500_TRUE_none_1_10 
                     0.1865339                      0.1871861 
Lrnr_ranger_500_TRUE_none_1_12 
                     0.1880431 
[1] "done"
NULL
NULL
NULL
[1] "done"
[1] "all"
[1] -0.02073589 -0.02246564
[1] "iter: 14"
[1] 11984    75
 Lrnr_ranger_500_TRUE_none_1_8 Lrnr_ranger_500_TRUE_none_1_10 
                     0.1712214                      0.1718017 
Lrnr_ranger_500_TRUE_none_1_12 
                     0.1721569 
 Lrnr_ranger_500_TRUE_none_1_8 Lrnr_ranger_500_TRUE_none_1_10 
                     0.1069568                      0.1071045 
Lrnr_ranger_500_TRUE_none_1_12 
                     0.1075729 
 Lrnr_ranger_500_TRUE_none_1_8 Lrnr_ranger_500_TRUE_none_1_10 
                     0.1885893                      0.1896436 
Lrnr_ranger_500_TRUE_none_1_12 
                     0.1909063 
[1] "done"
NULL
NULL
NULL
[1] "done"
[1] "all"
[1] -0.02098903 -0.02247791
[1] "iter: 15"
[1] 11984    75
 Lrnr_ranger_500_TRUE_none_1_8 Lrnr_ranger_500_TRUE_none_1_10 
                     0.1738166                      0.1756802 
Lrnr_ranger_500_TRUE_none_1_12 
                     0.1765661 
 Lrnr_ranger_500_TRUE_none_1_8 Lrnr_ranger_500_TRUE_none_1_10 
                     0.1118535                      0.1119299 
Lrnr_ranger_500_TRUE_none_1_12 
                     0.1123360 
 Lrnr_ranger_500_TRUE_none_1_8 Lrnr_ranger_500_TRUE_none_1_10 
                     0.1899349                      0.1908998 
Lrnr_ranger_500_TRUE_none_1_12 
                     0.1918533 
[1] "done"
NULL
NULL
NULL
[1] "done"
[1] "all"
[1] -0.02326996 -0.02386439
[1] "iter: 16"
[1] 11984    75
 Lrnr_ranger_500_TRUE_none_1_8 Lrnr_ranger_500_TRUE_none_1_10 
                     0.1657044                      0.1655428 
Lrnr_ranger_500_TRUE_none_1_12 
                     0.1657557 
 Lrnr_ranger_500_TRUE_none_1_8 Lrnr_ranger_500_TRUE_none_1_10 
                     0.1056119                      0.1059606 
Lrnr_ranger_500_TRUE_none_1_12 
                     0.1064500 
 Lrnr_ranger_500_TRUE_none_1_8 Lrnr_ranger_500_TRUE_none_1_10 
                     0.1881822                      0.1884899 
Lrnr_ranger_500_TRUE_none_1_12 
                     0.1886817 
[1] "done"
NULL
NULL
NULL
[1] "done"
[1] "all"
[1] -0.01243034 -0.01448399
[1] "iter: 17"
[1] 11984    75
 Lrnr_ranger_500_TRUE_none_1_8 Lrnr_ranger_500_TRUE_none_1_10 
                     0.1724800                      0.1726165 
Lrnr_ranger_500_TRUE_none_1_12 
                     0.1726198 
 Lrnr_ranger_500_TRUE_none_1_8 Lrnr_ranger_500_TRUE_none_1_10 
                     0.1097173                      0.1100411 
Lrnr_ranger_500_TRUE_none_1_12 
                     0.1106588 
 Lrnr_ranger_500_TRUE_none_1_8 Lrnr_ranger_500_TRUE_none_1_10 
                     0.1894353                      0.1900034 
Lrnr_ranger_500_TRUE_none_1_12 
                     0.1905370 
[1] "done"
NULL
NULL
NULL
[1] "done"
[1] "all"
[1] -0.02496746 -0.02797214
[1] "iter: 18"
[1] 11984    75
 Lrnr_ranger_500_TRUE_none_1_8 Lrnr_ranger_500_TRUE_none_1_10 
                     0.1724440                      0.1729664 
Lrnr_ranger_500_TRUE_none_1_12 
                     0.1731703 
 Lrnr_ranger_500_TRUE_none_1_8 Lrnr_ranger_500_TRUE_none_1_10 
                     0.1052998                      0.1056284 
Lrnr_ranger_500_TRUE_none_1_12 
                     0.1062693 
 Lrnr_ranger_500_TRUE_none_1_8 Lrnr_ranger_500_TRUE_none_1_10 
                     0.1873680                      0.1878372 
Lrnr_ranger_500_TRUE_none_1_12 
                     0.1887902 
[1] "done"
NULL
NULL
NULL
[1] "done"
[1] "all"
[1] -0.01724747 -0.01831475
[1] "iter: 19"
[1] 11984    75
 Lrnr_ranger_500_TRUE_none_1_8 Lrnr_ranger_500_TRUE_none_1_10 
                     0.1736031                      0.1739866 
Lrnr_ranger_500_TRUE_none_1_12 
                     0.1748942 
 Lrnr_ranger_500_TRUE_none_1_8 Lrnr_ranger_500_TRUE_none_1_10 
                     0.1093526                      0.1095522 
Lrnr_ranger_500_TRUE_none_1_12 
                     0.1101008 
 Lrnr_ranger_500_TRUE_none_1_8 Lrnr_ranger_500_TRUE_none_1_10 
                     0.1902655                      0.1907073 
Lrnr_ranger_500_TRUE_none_1_12 
                     0.1911509 
[1] "done"
NULL
NULL
NULL
[1] "done"
[1] "all"
[1] -0.01735675 -0.01949684
[1] "iter: 20"
[1] 11984    75
 Lrnr_ranger_500_TRUE_none_1_8 Lrnr_ranger_500_TRUE_none_1_10 
                     0.1704709                      0.1711308 
Lrnr_ranger_500_TRUE_none_1_12 
                     0.1714387 
 Lrnr_ranger_500_TRUE_none_1_8 Lrnr_ranger_500_TRUE_none_1_10 
                     0.1065556                      0.1066835 
Lrnr_ranger_500_TRUE_none_1_12 
                     0.1071781 
 Lrnr_ranger_500_TRUE_none_1_8 Lrnr_ranger_500_TRUE_none_1_10 
                     0.1878858                      0.1884139 
Lrnr_ranger_500_TRUE_none_1_12 
                     0.1894225 
[1] "done"
NULL
NULL
NULL
[1] "done"
[1] "all"
[1] -0.001872944 -0.003954128
[1] "iter: 21"
[1] 11984    75
 Lrnr_ranger_500_TRUE_none_1_8 Lrnr_ranger_500_TRUE_none_1_10 
                     0.1667205                      0.1669720 
Lrnr_ranger_500_TRUE_none_1_12 
                     0.1671316 
 Lrnr_ranger_500_TRUE_none_1_8 Lrnr_ranger_500_TRUE_none_1_10 
                     0.1152871                      0.1156115 
Lrnr_ranger_500_TRUE_none_1_12 
                     0.1162822 
 Lrnr_ranger_500_TRUE_none_1_8 Lrnr_ranger_500_TRUE_none_1_10 
                     0.1848850                      0.1854100 
Lrnr_ranger_500_TRUE_none_1_12 
                     0.1864445 
[1] "done"
NULL
NULL
NULL
[1] "done"
[1] "all"
[1] -0.01183815 -0.01457212
[1] "iter: 22"
[1] 11984    75
 Lrnr_ranger_500_TRUE_none_1_8 Lrnr_ranger_500_TRUE_none_1_10 
                     0.1790038                      0.1800350 
Lrnr_ranger_500_TRUE_none_1_12 
                     0.1806159 
 Lrnr_ranger_500_TRUE_none_1_8 Lrnr_ranger_500_TRUE_none_1_10 
                     0.1083062                      0.1084713 
Lrnr_ranger_500_TRUE_none_1_12 
                     0.1090016 
 Lrnr_ranger_500_TRUE_none_1_8 Lrnr_ranger_500_TRUE_none_1_10 
                     0.1880432                      0.1884871 
Lrnr_ranger_500_TRUE_none_1_12 
                     0.1891188 
[1] "done"
NULL
NULL
NULL
[1] "done"
[1] "all"
[1] -0.01750107 -0.01847555
[1] "iter: 23"
[1] 11984    75
 Lrnr_ranger_500_TRUE_none_1_8 Lrnr_ranger_500_TRUE_none_1_10 
                     0.1767643                      0.1771541 
Lrnr_ranger_500_TRUE_none_1_12 
                     0.1772555 
 Lrnr_ranger_500_TRUE_none_1_8 Lrnr_ranger_500_TRUE_none_1_10 
                     0.1070334                      0.1073179 
Lrnr_ranger_500_TRUE_none_1_12 
                     0.1078462 
 Lrnr_ranger_500_TRUE_none_1_8 Lrnr_ranger_500_TRUE_none_1_10 
                     0.1873300                      0.1877256 
Lrnr_ranger_500_TRUE_none_1_12 
                     0.1880979 
[1] "done"
NULL
NULL
NULL
[1] "done"
[1] "all"
[1] -0.02299668 -0.02463277
[1] "iter: 24"
[1] 11984    75
 Lrnr_ranger_500_TRUE_none_1_8 Lrnr_ranger_500_TRUE_none_1_10 
                     0.1705937                      0.1720551 
Lrnr_ranger_500_TRUE_none_1_12 
                     0.1738594 
 Lrnr_ranger_500_TRUE_none_1_8 Lrnr_ranger_500_TRUE_none_1_10 
                     0.1100888                      0.1104334 
Lrnr_ranger_500_TRUE_none_1_12 
                     0.1108468 
 Lrnr_ranger_500_TRUE_none_1_8 Lrnr_ranger_500_TRUE_none_1_10 
                     0.1877516                      0.1883255 
Lrnr_ranger_500_TRUE_none_1_12 
                     0.1887696 
[1] "done"
NULL
NULL
NULL
[1] "done"
[1] "all"
[1] -0.02099475 -0.02271866
[1] "iter: 25"
[1] 11984    75
 Lrnr_ranger_500_TRUE_none_1_8 Lrnr_ranger_500_TRUE_none_1_10 
                     0.1696972                      0.1702057 
Lrnr_ranger_500_TRUE_none_1_12 
                     0.1702200 
 Lrnr_ranger_500_TRUE_none_1_8 Lrnr_ranger_500_TRUE_none_1_10 
                     0.1100765                      0.1103754 
Lrnr_ranger_500_TRUE_none_1_12 
                     0.1107660 
 Lrnr_ranger_500_TRUE_none_1_8 Lrnr_ranger_500_TRUE_none_1_10 
                     0.1839978                      0.1841594 
Lrnr_ranger_500_TRUE_none_1_12 
                     0.1843485 
[1] "done"
NULL
NULL
NULL
[1] "done"
[1] "all"
[1] -0.01400819 -0.01535065
[1] "iter: 26"
[1] 11984    75
 Lrnr_ranger_500_TRUE_none_1_8 Lrnr_ranger_500_TRUE_none_1_10 
                     0.1769746                      0.1783254 
Lrnr_ranger_500_TRUE_none_1_12 
                     0.1792928 
 Lrnr_ranger_500_TRUE_none_1_8 Lrnr_ranger_500_TRUE_none_1_10 
                     0.1085255                      0.1086768 
Lrnr_ranger_500_TRUE_none_1_12 
                     0.1091162 
 Lrnr_ranger_500_TRUE_none_1_8 Lrnr_ranger_500_TRUE_none_1_10 
                     0.1861060                      0.1868840 
Lrnr_ranger_500_TRUE_none_1_12 
                     0.1878032 
[1] "done"
NULL
NULL
NULL
[1] "done"
[1] "all"
[1] -0.02238304 -0.02353731
[1] "iter: 27"
[1] 11984    75
 Lrnr_ranger_500_TRUE_none_1_8 Lrnr_ranger_500_TRUE_none_1_10 
                     0.1757507                      0.1766040 
Lrnr_ranger_500_TRUE_none_1_12 
                     0.1770027 
 Lrnr_ranger_500_TRUE_none_1_8 Lrnr_ranger_500_TRUE_none_1_10 
                     0.1054263                      0.1054613 
Lrnr_ranger_500_TRUE_none_1_12 
                     0.1058885 
 Lrnr_ranger_500_TRUE_none_1_8 Lrnr_ranger_500_TRUE_none_1_10 
                     0.1902769                      0.1911376 
Lrnr_ranger_500_TRUE_none_1_12 
                     0.1920043 
[1] "done"
NULL
NULL
NULL
[1] "done"
[1] "all"
[1] -0.02227749 -0.02339553
[1] "iter: 28"
[1] 11984    75
 Lrnr_ranger_500_TRUE_none_1_8 Lrnr_ranger_500_TRUE_none_1_10 
                     0.1774086                      0.1776823 
Lrnr_ranger_500_TRUE_none_1_12 
                     0.1781702 
 Lrnr_ranger_500_TRUE_none_1_8 Lrnr_ranger_500_TRUE_none_1_10 
                     0.1094315                      0.1101421 
Lrnr_ranger_500_TRUE_none_1_12 
                     0.1108581 
 Lrnr_ranger_500_TRUE_none_1_8 Lrnr_ranger_500_TRUE_none_1_10 
                     0.1844723                      0.1847200 
Lrnr_ranger_500_TRUE_none_1_12 
                     0.1852702 
[1] "done"
NULL
NULL
NULL
[1] "done"
[1] "all"
[1] -0.02495105 -0.02680801
[1] "iter: 29"
[1] 11984    75
 Lrnr_ranger_500_TRUE_none_1_8 Lrnr_ranger_500_TRUE_none_1_10 
                     0.1658228                      0.1664353 
Lrnr_ranger_500_TRUE_none_1_12 
                     0.1666168 
 Lrnr_ranger_500_TRUE_none_1_8 Lrnr_ranger_500_TRUE_none_1_10 
                     0.1060438                      0.1060039 
Lrnr_ranger_500_TRUE_none_1_12 
                     0.1063503 
 Lrnr_ranger_500_TRUE_none_1_8 Lrnr_ranger_500_TRUE_none_1_10 
                     0.1879254                      0.1886375 
Lrnr_ranger_500_TRUE_none_1_12 
                     0.1894364 
[1] "done"
NULL
NULL
NULL
[1] "done"
[1] "all"
[1] -0.006844789 -0.009316324
[1] "iter: 30"
[1] 11984    75
 Lrnr_ranger_500_TRUE_none_1_8 Lrnr_ranger_500_TRUE_none_1_10 
                     0.1761376                      0.1768983 
Lrnr_ranger_500_TRUE_none_1_12 
                     0.1777408 
 Lrnr_ranger_500_TRUE_none_1_8 Lrnr_ranger_500_TRUE_none_1_10 
                     0.1077549                      0.1083100 
Lrnr_ranger_500_TRUE_none_1_12 
                     0.1088250 
 Lrnr_ranger_500_TRUE_none_1_8 Lrnr_ranger_500_TRUE_none_1_10 
                     0.1865944                      0.1872309 
Lrnr_ranger_500_TRUE_none_1_12 
                     0.1880803 
[1] "done"
NULL
NULL
NULL
[1] "done"
[1] "all"
[1] -0.01902610 -0.02000886
[1] "iter: 31"
[1] 11984    75
 Lrnr_ranger_500_TRUE_none_1_8 Lrnr_ranger_500_TRUE_none_1_10 
                     0.1764332                      0.1776339 
Lrnr_ranger_500_TRUE_none_1_12 
                     0.1780657 
 Lrnr_ranger_500_TRUE_none_1_8 Lrnr_ranger_500_TRUE_none_1_10 
                     0.1092740                      0.1092037 
Lrnr_ranger_500_TRUE_none_1_12 
                     0.1098281 
 Lrnr_ranger_500_TRUE_none_1_8 Lrnr_ranger_500_TRUE_none_1_10 
                     0.1880513                      0.1885671 
Lrnr_ranger_500_TRUE_none_1_12 
                     0.1893563 
[1] "done"
NULL
NULL
NULL
[1] "done"
[1] "all"
[1] -0.02503077 -0.02677679
[1] "iter: 32"
[1] 11984    75
 Lrnr_ranger_500_TRUE_none_1_8 Lrnr_ranger_500_TRUE_none_1_10 
                     0.1693539                      0.1700707 
Lrnr_ranger_500_TRUE_none_1_12 
                     0.1711067 
 Lrnr_ranger_500_TRUE_none_1_8 Lrnr_ranger_500_TRUE_none_1_10 
                     0.1091192                      0.1094452 
Lrnr_ranger_500_TRUE_none_1_12 
                     0.1101013 
 Lrnr_ranger_500_TRUE_none_1_8 Lrnr_ranger_500_TRUE_none_1_10 
                     0.1877133                      0.1881375 
Lrnr_ranger_500_TRUE_none_1_12 
                     0.1887190 
[1] "done"
NULL
NULL
NULL
[1] "done"
[1] "all"
[1] -0.01373541 -0.01556404
[1] "iter: 33"
[1] 11984    75
 Lrnr_ranger_500_TRUE_none_1_8 Lrnr_ranger_500_TRUE_none_1_10 
                     0.1655679                      0.1661486 
Lrnr_ranger_500_TRUE_none_1_12 
                     0.1664918 
 Lrnr_ranger_500_TRUE_none_1_8 Lrnr_ranger_500_TRUE_none_1_10 
                     0.1085251                      0.1087917 
Lrnr_ranger_500_TRUE_none_1_12 
                     0.1092787 
 Lrnr_ranger_500_TRUE_none_1_8 Lrnr_ranger_500_TRUE_none_1_10 
                     0.1906871                      0.1911824 
Lrnr_ranger_500_TRUE_none_1_12 
                     0.1917616 
[1] "done"
NULL
NULL
NULL
[1] "done"
[1] "all"
[1] -0.01322459 -0.01441303
[1] "iter: 34"
[1] 11984    75
 Lrnr_ranger_500_TRUE_none_1_8 Lrnr_ranger_500_TRUE_none_1_10 
                     0.1697645                      0.1706394 
Lrnr_ranger_500_TRUE_none_1_12 
                     0.1709250 
 Lrnr_ranger_500_TRUE_none_1_8 Lrnr_ranger_500_TRUE_none_1_10 
                     0.1065606                      0.1071682 
Lrnr_ranger_500_TRUE_none_1_12 
                     0.1081819 
 Lrnr_ranger_500_TRUE_none_1_8 Lrnr_ranger_500_TRUE_none_1_10 
                     0.1901403                      0.1908041 
Lrnr_ranger_500_TRUE_none_1_12 
                     0.1918981 
[1] "done"
NULL
NULL
NULL
[1] "done"
[1] "all"
[1] -0.01674497 -0.01831529
[1] "iter: 35"
[1] 11984    75
 Lrnr_ranger_500_TRUE_none_1_8 Lrnr_ranger_500_TRUE_none_1_10 
                     0.1770065                      0.1778081 
Lrnr_ranger_500_TRUE_none_1_12 
                     0.1786328 
 Lrnr_ranger_500_TRUE_none_1_8 Lrnr_ranger_500_TRUE_none_1_10 
                     0.1057430                      0.1059745 
Lrnr_ranger_500_TRUE_none_1_12 
                     0.1062799 
 Lrnr_ranger_500_TRUE_none_1_8 Lrnr_ranger_500_TRUE_none_1_10 
                     0.1893543                      0.1902313 
Lrnr_ranger_500_TRUE_none_1_12 
                     0.1915705 
[1] "done"
NULL
NULL
NULL
[1] "done"
[1] "all"
[1] -0.02506989 -0.02688554
[1] "iter: 36"
[1] 11984    75
 Lrnr_ranger_500_TRUE_none_1_8 Lrnr_ranger_500_TRUE_none_1_10 
                     0.1712722                      0.1716303 
Lrnr_ranger_500_TRUE_none_1_12 
                     0.1719118 
 Lrnr_ranger_500_TRUE_none_1_8 Lrnr_ranger_500_TRUE_none_1_10 
                     0.1074378                      0.1074666 
Lrnr_ranger_500_TRUE_none_1_12 
                     0.1078737 
 Lrnr_ranger_500_TRUE_none_1_8 Lrnr_ranger_500_TRUE_none_1_10 
                     0.1878086                      0.1884819 
Lrnr_ranger_500_TRUE_none_1_12 
                     0.1891274 
[1] "done"
NULL
NULL
NULL
[1] "done"
[1] "all"
[1] -0.01730978 -0.01948993
[1] "iter: 37"
[1] 11984    75
 Lrnr_ranger_500_TRUE_none_1_8 Lrnr_ranger_500_TRUE_none_1_10 
                     0.1729018                      0.1737387 
Lrnr_ranger_500_TRUE_none_1_12 
                     0.1746067 
 Lrnr_ranger_500_TRUE_none_1_8 Lrnr_ranger_500_TRUE_none_1_10 
                     0.1048419                      0.1048411 
Lrnr_ranger_500_TRUE_none_1_12 
                     0.1051072 
 Lrnr_ranger_500_TRUE_none_1_8 Lrnr_ranger_500_TRUE_none_1_10 
                     0.1892800                      0.1901130 
Lrnr_ranger_500_TRUE_none_1_12 
                     0.1912972 
[1] "done"
NULL
NULL
NULL
[1] "done"
[1] "all"
[1] -0.02001821 -0.02145965
[1] "iter: 38"
[1] 11984    75
 Lrnr_ranger_500_TRUE_none_1_8 Lrnr_ranger_500_TRUE_none_1_10 
                     0.1674212                      0.1675724 
Lrnr_ranger_500_TRUE_none_1_12 
                     0.1676100 
 Lrnr_ranger_500_TRUE_none_1_8 Lrnr_ranger_500_TRUE_none_1_10 
                     0.1110356                      0.1113265 
Lrnr_ranger_500_TRUE_none_1_12 
                     0.1117235 
 Lrnr_ranger_500_TRUE_none_1_8 Lrnr_ranger_500_TRUE_none_1_10 
                     0.1854581                      0.1858208 
Lrnr_ranger_500_TRUE_none_1_12 
                     0.1861551 
[1] "done"
NULL
NULL
NULL
[1] "done"
[1] "all"
[1] -0.02124225 -0.02469263
[1] "iter: 39"
[1] 11984    75
 Lrnr_ranger_500_TRUE_none_1_8 Lrnr_ranger_500_TRUE_none_1_10 
                     0.1670294                      0.1670405 
Lrnr_ranger_500_TRUE_none_1_12 
                     0.1670859 
 Lrnr_ranger_500_TRUE_none_1_8 Lrnr_ranger_500_TRUE_none_1_10 
                     0.1099785                      0.1100033 
Lrnr_ranger_500_TRUE_none_1_12 
                     0.1102677 
 Lrnr_ranger_500_TRUE_none_1_8 Lrnr_ranger_500_TRUE_none_1_10 
                     0.1887879                      0.1896054 
Lrnr_ranger_500_TRUE_none_1_12 
                     0.1906884 
[1] "done"
NULL
NULL
NULL
[1] "done"
[1] "all"
[1]  0.0004474533 -0.0026661943
[1] "iter: 40"
[1] 11984    75
 Lrnr_ranger_500_TRUE_none_1_8 Lrnr_ranger_500_TRUE_none_1_10 
                     0.1715464                      0.1722135 
Lrnr_ranger_500_TRUE_none_1_12 
                     0.1725366 
 Lrnr_ranger_500_TRUE_none_1_8 Lrnr_ranger_500_TRUE_none_1_10 
                     0.1117923                      0.1120642 
Lrnr_ranger_500_TRUE_none_1_12 
                     0.1123719 
 Lrnr_ranger_500_TRUE_none_1_8 Lrnr_ranger_500_TRUE_none_1_10 
                     0.1871740                      0.1878724 
Lrnr_ranger_500_TRUE_none_1_12 
                     0.1887178 
[1] "done"
NULL
NULL
NULL
[1] "done"
[1] "all"
[1] -0.01011079 -0.01119781
[1] "iter: 41"
[1] 11984    75
 Lrnr_ranger_500_TRUE_none_1_8 Lrnr_ranger_500_TRUE_none_1_10 
                     0.1695629                      0.1705858 
Lrnr_ranger_500_TRUE_none_1_12 
                     0.1715354 
 Lrnr_ranger_500_TRUE_none_1_8 Lrnr_ranger_500_TRUE_none_1_10 
                     0.1073874                      0.1075005 
Lrnr_ranger_500_TRUE_none_1_12 
                     0.1077607 
 Lrnr_ranger_500_TRUE_none_1_8 Lrnr_ranger_500_TRUE_none_1_10 
                     0.1918861                      0.1927746 
Lrnr_ranger_500_TRUE_none_1_12 
                     0.1936143 
[1] "done"
NULL
NULL
NULL
[1] "done"
[1] "all"
[1] -0.01487788 -0.01648381
[1] "iter: 42"
[1] 11984    75
 Lrnr_ranger_500_TRUE_none_1_8 Lrnr_ranger_500_TRUE_none_1_10 
                     0.1706984                      0.1707708 
Lrnr_ranger_500_TRUE_none_1_12 
                     0.1706731 
 Lrnr_ranger_500_TRUE_none_1_8 Lrnr_ranger_500_TRUE_none_1_10 
                     0.1105748                      0.1106534 
Lrnr_ranger_500_TRUE_none_1_12 
                     0.1109986 
 Lrnr_ranger_500_TRUE_none_1_8 Lrnr_ranger_500_TRUE_none_1_10 
                     0.1868987                      0.1871304 
Lrnr_ranger_500_TRUE_none_1_12 
                     0.1873650 
[1] "done"
NULL
NULL
NULL
[1] "done"
[1] "all"
[1] -0.01955492 -0.02240532
[1] "iter: 43"
[1] 11984    75
 Lrnr_ranger_500_TRUE_none_1_8 Lrnr_ranger_500_TRUE_none_1_10 
                     0.1704380                      0.1705650 
Lrnr_ranger_500_TRUE_none_1_12 
                     0.1705035 
 Lrnr_ranger_500_TRUE_none_1_8 Lrnr_ranger_500_TRUE_none_1_10 
                     0.1092881                      0.1094667 
Lrnr_ranger_500_TRUE_none_1_12 
                     0.1097032 
 Lrnr_ranger_500_TRUE_none_1_8 Lrnr_ranger_500_TRUE_none_1_10 
                     0.1899536                      0.1904999 
Lrnr_ranger_500_TRUE_none_1_12 
                     0.1912350 
[1] "done"
NULL
NULL
NULL
[1] "done"
[1] "all"
[1] -0.006356197 -0.009013704
[1] "iter: 44"
[1] 11984    75
 Lrnr_ranger_500_TRUE_none_1_8 Lrnr_ranger_500_TRUE_none_1_10 
                     0.1719861                      0.1722110 
Lrnr_ranger_500_TRUE_none_1_12 
                     0.1726230 
 Lrnr_ranger_500_TRUE_none_1_8 Lrnr_ranger_500_TRUE_none_1_10 
                     0.1045788                      0.1046992 
Lrnr_ranger_500_TRUE_none_1_12 
                     0.1050059 
 Lrnr_ranger_500_TRUE_none_1_8 Lrnr_ranger_500_TRUE_none_1_10 
                     0.1887891                      0.1893825 
Lrnr_ranger_500_TRUE_none_1_12 
                     0.1897480 
[1] "done"
NULL
NULL
NULL
[1] "done"
[1] "all"
[1] -0.02070454 -0.02206692
[1] "iter: 45"
[1] 11984    75
 Lrnr_ranger_500_TRUE_none_1_8 Lrnr_ranger_500_TRUE_none_1_10 
                     0.1673526                      0.1677605 
Lrnr_ranger_500_TRUE_none_1_12 
                     0.1675515 
 Lrnr_ranger_500_TRUE_none_1_8 Lrnr_ranger_500_TRUE_none_1_10 
                     0.1112761                      0.1113949 
Lrnr_ranger_500_TRUE_none_1_12 
                     0.1116170 
 Lrnr_ranger_500_TRUE_none_1_8 Lrnr_ranger_500_TRUE_none_1_10 
                     0.1858844                      0.1865060 
Lrnr_ranger_500_TRUE_none_1_12 
                     0.1873428 
[1] "done"
NULL
NULL
NULL
[1] "done"
[1] "all"
[1] -0.01561145 -0.01787337
[1] "iter: 46"
[1] 11984    75
 Lrnr_ranger_500_TRUE_none_1_8 Lrnr_ranger_500_TRUE_none_1_10 
                     0.1721072                      0.1722670 
Lrnr_ranger_500_TRUE_none_1_12 
                     0.1729790 
 Lrnr_ranger_500_TRUE_none_1_8 Lrnr_ranger_500_TRUE_none_1_10 
                     0.1074146                      0.1075254 
Lrnr_ranger_500_TRUE_none_1_12 
                     0.1077502 
 Lrnr_ranger_500_TRUE_none_1_8 Lrnr_ranger_500_TRUE_none_1_10 
                     0.1859572                      0.1868838 
Lrnr_ranger_500_TRUE_none_1_12 
                     0.1880283 
[1] "done"
NULL
NULL
NULL
[1] "done"
[1] "all"
[1] -0.01516316 -0.01675281
[1] "iter: 47"
[1] 11984    75
 Lrnr_ranger_500_TRUE_none_1_8 Lrnr_ranger_500_TRUE_none_1_10 
                     0.1695698                      0.1705557 
Lrnr_ranger_500_TRUE_none_1_12 
                     0.1709252 
 Lrnr_ranger_500_TRUE_none_1_8 Lrnr_ranger_500_TRUE_none_1_10 
                     0.1043827                      0.1044260 
Lrnr_ranger_500_TRUE_none_1_12 
                     0.1048358 
 Lrnr_ranger_500_TRUE_none_1_8 Lrnr_ranger_500_TRUE_none_1_10 
                     0.1870411                      0.1875439 
Lrnr_ranger_500_TRUE_none_1_12 
                     0.1881798 
[1] "done"
NULL
NULL
NULL
[1] "done"
[1] "all"
[1] -0.02026728 -0.02188983
[1] "iter: 48"
[1] 11984    75
 Lrnr_ranger_500_TRUE_none_1_8 Lrnr_ranger_500_TRUE_none_1_10 
                     0.1659902                      0.1666083 
Lrnr_ranger_500_TRUE_none_1_12 
                     0.1672462 
 Lrnr_ranger_500_TRUE_none_1_8 Lrnr_ranger_500_TRUE_none_1_10 
                     0.1086078                      0.1087476 
Lrnr_ranger_500_TRUE_none_1_12 
                     0.1091273 
 Lrnr_ranger_500_TRUE_none_1_8 Lrnr_ranger_500_TRUE_none_1_10 
                     0.1896089                      0.1900598 
Lrnr_ranger_500_TRUE_none_1_12 
                     0.1905027 
[1] "done"
NULL
NULL
NULL
[1] "done"
[1] "all"
[1] -0.01068733 -0.01144279
[1] "iter: 49"
[1] 11984    75
 Lrnr_ranger_500_TRUE_none_1_8 Lrnr_ranger_500_TRUE_none_1_10 
                     0.1728603                      0.1736611 
Lrnr_ranger_500_TRUE_none_1_12 
                     0.1749677 
 Lrnr_ranger_500_TRUE_none_1_8 Lrnr_ranger_500_TRUE_none_1_10 
                     0.1063296                      0.1066963 
Lrnr_ranger_500_TRUE_none_1_12 
                     0.1073174 
 Lrnr_ranger_500_TRUE_none_1_8 Lrnr_ranger_500_TRUE_none_1_10 
                     0.1894015                      0.1897692 
Lrnr_ranger_500_TRUE_none_1_12 
                     0.1902142 
[1] "done"
NULL
NULL
NULL
[1] "done"
[1] "all"
[1] -0.02272106 -0.02403750
[1] "iter: 50"
[1] 11984    75
 Lrnr_ranger_500_TRUE_none_1_8 Lrnr_ranger_500_TRUE_none_1_10 
                     0.1737461                      0.1739016 
Lrnr_ranger_500_TRUE_none_1_12 
                     0.1744293 
 Lrnr_ranger_500_TRUE_none_1_8 Lrnr_ranger_500_TRUE_none_1_10 
                     0.1103557                      0.1106227 
Lrnr_ranger_500_TRUE_none_1_12 
                     0.1111584 
 Lrnr_ranger_500_TRUE_none_1_8 Lrnr_ranger_500_TRUE_none_1_10 
                     0.1850271                      0.1857788 
Lrnr_ranger_500_TRUE_none_1_12 
                     0.1869346 
[1] "done"
NULL
NULL
NULL
[1] "done"
[1] "all"
[1] -0.02045365 -0.02208822
[1] "iter: 51"
[1] 11984    75
 Lrnr_ranger_500_TRUE_none_1_8 Lrnr_ranger_500_TRUE_none_1_10 
                     0.1652961                      0.1654506 
Lrnr_ranger_500_TRUE_none_1_12 
                     0.1652875 
 Lrnr_ranger_500_TRUE_none_1_8 Lrnr_ranger_500_TRUE_none_1_10 
                     0.1092628                      0.1095612 
Lrnr_ranger_500_TRUE_none_1_12 
                     0.1099443 
 Lrnr_ranger_500_TRUE_none_1_8 Lrnr_ranger_500_TRUE_none_1_10 
                     0.1873956                      0.1878940 
Lrnr_ranger_500_TRUE_none_1_12 
                     0.1884916 
[1] "done"
NULL
NULL
NULL
[1] "done"
[1] "all"
[1] -0.009336717 -0.011442013
[1] "iter: 52"
[1] 11984    75
 Lrnr_ranger_500_TRUE_none_1_8 Lrnr_ranger_500_TRUE_none_1_10 
                     0.1680510                      0.1683296 
Lrnr_ranger_500_TRUE_none_1_12 
                     0.1683600 
 Lrnr_ranger_500_TRUE_none_1_8 Lrnr_ranger_500_TRUE_none_1_10 
                     0.1108934                      0.1111245 
Lrnr_ranger_500_TRUE_none_1_12 
                     0.1115651 
 Lrnr_ranger_500_TRUE_none_1_8 Lrnr_ranger_500_TRUE_none_1_10 
                     0.1855318                      0.1858755 
Lrnr_ranger_500_TRUE_none_1_12 
                     0.1863049 
[1] "done"
NULL
NULL
NULL
[1] "done"
[1] "all"
[1] -0.01555383 -0.01745466
[1] "iter: 53"
[1] 11984    75
 Lrnr_ranger_500_TRUE_none_1_8 Lrnr_ranger_500_TRUE_none_1_10 
                     0.1711514                      0.1716903 
Lrnr_ranger_500_TRUE_none_1_12 
                     0.1721697 
 Lrnr_ranger_500_TRUE_none_1_8 Lrnr_ranger_500_TRUE_none_1_10 
                     0.1098352                      0.1099812 
Lrnr_ranger_500_TRUE_none_1_12 
                     0.1102006 
 Lrnr_ranger_500_TRUE_none_1_8 Lrnr_ranger_500_TRUE_none_1_10 
                     0.1897568                      0.1909293 
Lrnr_ranger_500_TRUE_none_1_12 
                     0.1925707 
[1] "done"
NULL
NULL
NULL
[1] "done"
[1] "all"
[1] -0.01375124 -0.01524405
[1] "iter: 54"
[1] 11984    75
 Lrnr_ranger_500_TRUE_none_1_8 Lrnr_ranger_500_TRUE_none_1_10 
                     0.1636314                      0.1649812 
Lrnr_ranger_500_TRUE_none_1_12 
                     0.1654829 
 Lrnr_ranger_500_TRUE_none_1_8 Lrnr_ranger_500_TRUE_none_1_10 
                     0.1113623                      0.1114926 
Lrnr_ranger_500_TRUE_none_1_12 
                     0.1118783 
 Lrnr_ranger_500_TRUE_none_1_8 Lrnr_ranger_500_TRUE_none_1_10 
                     0.1898341                      0.1903167 
Lrnr_ranger_500_TRUE_none_1_12 
                     0.1908914 
[1] "done"
NULL
NULL
NULL
[1] "done"
[1] "all"
[1] -0.00795203 -0.01018329
[1] "iter: 55"
[1] 11984    75
 Lrnr_ranger_500_TRUE_none_1_8 Lrnr_ranger_500_TRUE_none_1_10 
                     0.1721452                      0.1727027 
Lrnr_ranger_500_TRUE_none_1_12 
                     0.1731840 
 Lrnr_ranger_500_TRUE_none_1_8 Lrnr_ranger_500_TRUE_none_1_10 
                     0.1087674                      0.1089872 
Lrnr_ranger_500_TRUE_none_1_12 
                     0.1095817 
 Lrnr_ranger_500_TRUE_none_1_8 Lrnr_ranger_500_TRUE_none_1_10 
                     0.1879627                      0.1885063 
Lrnr_ranger_500_TRUE_none_1_12 
                     0.1892322 
[1] "done"
NULL
NULL
NULL
[1] "done"
[1] "all"
[1] -0.01722622 -0.01848225
[1] "iter: 56"
[1] 11984    75
 Lrnr_ranger_500_TRUE_none_1_8 Lrnr_ranger_500_TRUE_none_1_10 
                     0.1730350                      0.1731847 
Lrnr_ranger_500_TRUE_none_1_12 
                     0.1730741 
 Lrnr_ranger_500_TRUE_none_1_8 Lrnr_ranger_500_TRUE_none_1_10 
                     0.1090517                      0.1094661 
Lrnr_ranger_500_TRUE_none_1_12 
                     0.1102130 
 Lrnr_ranger_500_TRUE_none_1_8 Lrnr_ranger_500_TRUE_none_1_10 
                     0.1909815                      0.1915685 
Lrnr_ranger_500_TRUE_none_1_12 
                     0.1924869 
[1] "done"
NULL
NULL
NULL
[1] "done"
[1] "all"
[1] -0.01820163 -0.02085256
[1] "iter: 57"
[1] 11984    75
 Lrnr_ranger_500_TRUE_none_1_8 Lrnr_ranger_500_TRUE_none_1_10 
                     0.1704142                      0.1708348 
Lrnr_ranger_500_TRUE_none_1_12 
                     0.1708619 
 Lrnr_ranger_500_TRUE_none_1_8 Lrnr_ranger_500_TRUE_none_1_10 
                     0.1074904                      0.1074345 
Lrnr_ranger_500_TRUE_none_1_12 
                     0.1079236 
 Lrnr_ranger_500_TRUE_none_1_8 Lrnr_ranger_500_TRUE_none_1_10 
                     0.1860494                      0.1865499 
Lrnr_ranger_500_TRUE_none_1_12 
                     0.1871913 
[1] "done"
NULL
NULL
NULL
[1] "done"
[1] "all"
[1] -0.01071156 -0.01211733
[1] "iter: 58"
[1] 11984    75
 Lrnr_ranger_500_TRUE_none_1_8 Lrnr_ranger_500_TRUE_none_1_10 
                     0.1701307                      0.1709720 
Lrnr_ranger_500_TRUE_none_1_12 
                     0.1716366 
 Lrnr_ranger_500_TRUE_none_1_8 Lrnr_ranger_500_TRUE_none_1_10 
                     0.1055959                      0.1057241 
Lrnr_ranger_500_TRUE_none_1_12 
                     0.1061770 
 Lrnr_ranger_500_TRUE_none_1_8 Lrnr_ranger_500_TRUE_none_1_10 
                     0.1874669                      0.1880536 
Lrnr_ranger_500_TRUE_none_1_12 
                     0.1885507 
[1] "done"
NULL
NULL
NULL
[1] "done"
[1] "all"
[1] -0.01702296 -0.01809205
[1] "iter: 59"
[1] 11984    75
 Lrnr_ranger_500_TRUE_none_1_8 Lrnr_ranger_500_TRUE_none_1_10 
                     0.1672441                      0.1677253 
Lrnr_ranger_500_TRUE_none_1_12 
                     0.1684507 
 Lrnr_ranger_500_TRUE_none_1_8 Lrnr_ranger_500_TRUE_none_1_10 
                     0.1042376                      0.1043975 
Lrnr_ranger_500_TRUE_none_1_12 
                     0.1047037 
 Lrnr_ranger_500_TRUE_none_1_8 Lrnr_ranger_500_TRUE_none_1_10 
                     0.1873180                      0.1878778 
Lrnr_ranger_500_TRUE_none_1_12 
                     0.1887079 
[1] "done"
NULL
NULL
NULL
[1] "done"
[1] "all"
[1] -0.01535982 -0.01759925
[1] "iter: 60"
[1] 11984    75
 Lrnr_ranger_500_TRUE_none_1_8 Lrnr_ranger_500_TRUE_none_1_10 
                     0.1757859                      0.1767847 
Lrnr_ranger_500_TRUE_none_1_12 
                     0.1780870 
 Lrnr_ranger_500_TRUE_none_1_8 Lrnr_ranger_500_TRUE_none_1_10 
                     0.1099173                      0.1100906 
Lrnr_ranger_500_TRUE_none_1_12 
                     0.1105682 
 Lrnr_ranger_500_TRUE_none_1_8 Lrnr_ranger_500_TRUE_none_1_10 
                     0.1877788                      0.1887878 
Lrnr_ranger_500_TRUE_none_1_12 
                     0.1899002 
[1] "done"
NULL
NULL
NULL
[1] "done"
[1] "all"
[1] -0.02333241 -0.02431888
[1] "iter: 61"
[1] 11984    75
 Lrnr_ranger_500_TRUE_none_1_8 Lrnr_ranger_500_TRUE_none_1_10 
                     0.1689306                      0.1695057 
Lrnr_ranger_500_TRUE_none_1_12 
                     0.1709910 
 Lrnr_ranger_500_TRUE_none_1_8 Lrnr_ranger_500_TRUE_none_1_10 
                     0.1101081                      0.1103927 
Lrnr_ranger_500_TRUE_none_1_12 
                     0.1108306 
 Lrnr_ranger_500_TRUE_none_1_8 Lrnr_ranger_500_TRUE_none_1_10 
                     0.1927488                      0.1932369 
Lrnr_ranger_500_TRUE_none_1_12 
                     0.1944029 
[1] "done"
NULL
NULL
NULL
[1] "done"
[1] "all"
[1] -0.01061002 -0.01289112
[1] "iter: 62"
[1] 11984    75
 Lrnr_ranger_500_TRUE_none_1_8 Lrnr_ranger_500_TRUE_none_1_10 
                     0.1619901                      0.1629116 
Lrnr_ranger_500_TRUE_none_1_12 
                     0.1631670 
 Lrnr_ranger_500_TRUE_none_1_8 Lrnr_ranger_500_TRUE_none_1_10 
                     0.1084725                      0.1085388 
Lrnr_ranger_500_TRUE_none_1_12 
                     0.1090097 
 Lrnr_ranger_500_TRUE_none_1_8 Lrnr_ranger_500_TRUE_none_1_10 
                     0.1878387                      0.1879513 
Lrnr_ranger_500_TRUE_none_1_12 
                     0.1880275 
[1] "done"
NULL
NULL
NULL
[1] "done"
[1] "all"
[1] -0.002250092 -0.003157072
[1] "iter: 63"
[1] 11984    75
 Lrnr_ranger_500_TRUE_none_1_8 Lrnr_ranger_500_TRUE_none_1_10 
                     0.1718622                      0.1726701 
Lrnr_ranger_500_TRUE_none_1_12 
                     0.1725810 
 Lrnr_ranger_500_TRUE_none_1_8 Lrnr_ranger_500_TRUE_none_1_10 
                     0.1118527                      0.1120533 
Lrnr_ranger_500_TRUE_none_1_12 
                     0.1126346 
 Lrnr_ranger_500_TRUE_none_1_8 Lrnr_ranger_500_TRUE_none_1_10 
                     0.1880124                      0.1885697 
Lrnr_ranger_500_TRUE_none_1_12 
                     0.1893792 
[1] "done"
NULL
NULL
NULL
[1] "done"
[1] "all"
[1] -0.02127799 -0.02287342
[1] "iter: 64"
[1] 11984    75
 Lrnr_ranger_500_TRUE_none_1_8 Lrnr_ranger_500_TRUE_none_1_10 
                     0.1806828                      0.1813542 
Lrnr_ranger_500_TRUE_none_1_12 
                     0.1816903 
 Lrnr_ranger_500_TRUE_none_1_8 Lrnr_ranger_500_TRUE_none_1_10 
                     0.1101777                      0.1100411 
Lrnr_ranger_500_TRUE_none_1_12 
                     0.1103070 
 Lrnr_ranger_500_TRUE_none_1_8 Lrnr_ranger_500_TRUE_none_1_10 
                     0.1826825                      0.1832672 
Lrnr_ranger_500_TRUE_none_1_12 
                     0.1844835 
[1] "done"
NULL
NULL
NULL
[1] "done"
[1] "all"
[1] -0.02442173 -0.02527095
[1] "iter: 65"
[1] 11984    75
 Lrnr_ranger_500_TRUE_none_1_8 Lrnr_ranger_500_TRUE_none_1_10 
                     0.1706817                      0.1709860 
Lrnr_ranger_500_TRUE_none_1_12 
                     0.1710482 
 Lrnr_ranger_500_TRUE_none_1_8 Lrnr_ranger_500_TRUE_none_1_10 
                     0.1083056                      0.1088942 
Lrnr_ranger_500_TRUE_none_1_12 
                     0.1095960 
 Lrnr_ranger_500_TRUE_none_1_8 Lrnr_ranger_500_TRUE_none_1_10 
                     0.1872926                      0.1877320 
Lrnr_ranger_500_TRUE_none_1_12 
                     0.1883442 
[1] "done"
NULL
NULL
NULL
[1] "done"
[1] "all"
[1] -0.02357457 -0.02486208
[1] "iter: 66"
[1] 11984    75
 Lrnr_ranger_500_TRUE_none_1_8 Lrnr_ranger_500_TRUE_none_1_10 
                     0.1692077                      0.1701164 
Lrnr_ranger_500_TRUE_none_1_12 
                     0.1707368 
 Lrnr_ranger_500_TRUE_none_1_8 Lrnr_ranger_500_TRUE_none_1_10 
                     0.1102224                      0.1103109 
Lrnr_ranger_500_TRUE_none_1_12 
                     0.1106621 
 Lrnr_ranger_500_TRUE_none_1_8 Lrnr_ranger_500_TRUE_none_1_10 
                     0.1887595                      0.1893032 
Lrnr_ranger_500_TRUE_none_1_12 
                     0.1901763 
[1] "done"
NULL
NULL
NULL
[1] "done"
[1] "all"
[1] -0.007200773 -0.009140866
[1] "iter: 67"
[1] 11984    75
 Lrnr_ranger_500_TRUE_none_1_8 Lrnr_ranger_500_TRUE_none_1_10 
                     0.1696739                      0.1700194 
Lrnr_ranger_500_TRUE_none_1_12 
                     0.1701038 
 Lrnr_ranger_500_TRUE_none_1_8 Lrnr_ranger_500_TRUE_none_1_10 
                     0.1058756                      0.1059026 
Lrnr_ranger_500_TRUE_none_1_12 
                     0.1064492 
 Lrnr_ranger_500_TRUE_none_1_8 Lrnr_ranger_500_TRUE_none_1_10 
                     0.1884735                      0.1891623 
Lrnr_ranger_500_TRUE_none_1_12 
                     0.1900294 
[1] "done"
NULL
NULL
NULL
[1] "done"
[1] "all"
[1] -0.01133037 -0.01447827
[1] "iter: 68"
[1] 11984    75
 Lrnr_ranger_500_TRUE_none_1_8 Lrnr_ranger_500_TRUE_none_1_10 
                     0.1674015                      0.1684747 
Lrnr_ranger_500_TRUE_none_1_12 
                     0.1688717 
 Lrnr_ranger_500_TRUE_none_1_8 Lrnr_ranger_500_TRUE_none_1_10 
                     0.1116048                      0.1120947 
Lrnr_ranger_500_TRUE_none_1_12 
                     0.1126332 
 Lrnr_ranger_500_TRUE_none_1_8 Lrnr_ranger_500_TRUE_none_1_10 
                     0.1917833                      0.1929571 
Lrnr_ranger_500_TRUE_none_1_12 
                     0.1944917 
[1] "done"
NULL
NULL
NULL
[1] "done"
[1] "all"
[1] -0.005746081 -0.007984420
[1] "iter: 69"
[1] 11984    75
 Lrnr_ranger_500_TRUE_none_1_8 Lrnr_ranger_500_TRUE_none_1_10 
                     0.1743001                      0.1747503 
Lrnr_ranger_500_TRUE_none_1_12 
                     0.1749422 
 Lrnr_ranger_500_TRUE_none_1_8 Lrnr_ranger_500_TRUE_none_1_10 
                     0.1062172                      0.1066040 
Lrnr_ranger_500_TRUE_none_1_12 
                     0.1069698 
 Lrnr_ranger_500_TRUE_none_1_8 Lrnr_ranger_500_TRUE_none_1_10 
                     0.1851527                      0.1856467 
Lrnr_ranger_500_TRUE_none_1_12 
                     0.1862583 
[1] "done"
NULL
NULL
NULL
[1] "done"
[1] "all"
[1] -0.02051148 -0.02254983
[1] "iter: 70"
[1] 11984    75
 Lrnr_ranger_500_TRUE_none_1_8 Lrnr_ranger_500_TRUE_none_1_10 
                     0.1753884                      0.1757336 
Lrnr_ranger_500_TRUE_none_1_12 
                     0.1761926 
 Lrnr_ranger_500_TRUE_none_1_8 Lrnr_ranger_500_TRUE_none_1_10 
                     0.1050609                      0.1050021 
Lrnr_ranger_500_TRUE_none_1_12 
                     0.1055520 
 Lrnr_ranger_500_TRUE_none_1_8 Lrnr_ranger_500_TRUE_none_1_10 
                     0.1876839                      0.1883368 
Lrnr_ranger_500_TRUE_none_1_12 
                     0.1891434 
[1] "done"
NULL
NULL
NULL
[1] "done"
[1] "all"
[1] -0.02656031 -0.02896702
[1] "iter: 71"
[1] 11984    75
 Lrnr_ranger_500_TRUE_none_1_8 Lrnr_ranger_500_TRUE_none_1_10 
                     0.1775586                      0.1784123 
Lrnr_ranger_500_TRUE_none_1_12 
                     0.1788518 
 Lrnr_ranger_500_TRUE_none_1_8 Lrnr_ranger_500_TRUE_none_1_10 
                     0.1102414                      0.1106973 
Lrnr_ranger_500_TRUE_none_1_12 
                     0.1113878 
 Lrnr_ranger_500_TRUE_none_1_8 Lrnr_ranger_500_TRUE_none_1_10 
                     0.1856361                      0.1863375 
Lrnr_ranger_500_TRUE_none_1_12 
                     0.1875270 
[1] "done"
NULL
NULL
NULL
[1] "done"
[1] "all"
[1] -0.02614183 -0.02620372
[1] "iter: 72"
[1] 11984    75
 Lrnr_ranger_500_TRUE_none_1_8 Lrnr_ranger_500_TRUE_none_1_10 
                     0.1719089                      0.1727135 
Lrnr_ranger_500_TRUE_none_1_12 
                     0.1731847 
 Lrnr_ranger_500_TRUE_none_1_8 Lrnr_ranger_500_TRUE_none_1_10 
                     0.1077270                      0.1080847 
Lrnr_ranger_500_TRUE_none_1_12 
                     0.1084827 
 Lrnr_ranger_500_TRUE_none_1_8 Lrnr_ranger_500_TRUE_none_1_10 
                     0.1890896                      0.1896972 
Lrnr_ranger_500_TRUE_none_1_12 
                     0.1903945 
[1] "done"
NULL
NULL
NULL
[1] "done"
[1] "all"
[1] -0.02223934 -0.02263489
[1] "iter: 73"
[1] 11984    75
 Lrnr_ranger_500_TRUE_none_1_8 Lrnr_ranger_500_TRUE_none_1_10 
                     0.1672981                      0.1672888 
Lrnr_ranger_500_TRUE_none_1_12 
                     0.1672137 
 Lrnr_ranger_500_TRUE_none_1_8 Lrnr_ranger_500_TRUE_none_1_10 
                     0.1108542                      0.1109966 
Lrnr_ranger_500_TRUE_none_1_12 
                     0.1114908 
 Lrnr_ranger_500_TRUE_none_1_8 Lrnr_ranger_500_TRUE_none_1_10 
                     0.1897946                      0.1902589 
Lrnr_ranger_500_TRUE_none_1_12 
                     0.1909083 
[1] "done"
NULL
NULL
NULL
[1] "done"
[1] "all"
[1] -0.01032490 -0.01256574
[1] "iter: 74"
[1] 11984    75
 Lrnr_ranger_500_TRUE_none_1_8 Lrnr_ranger_500_TRUE_none_1_10 
                     0.1676457                      0.1686978 
Lrnr_ranger_500_TRUE_none_1_12 
                     0.1694530 
 Lrnr_ranger_500_TRUE_none_1_8 Lrnr_ranger_500_TRUE_none_1_10 
                     0.1100791                      0.1102882 
Lrnr_ranger_500_TRUE_none_1_12 
                     0.1107456 
 Lrnr_ranger_500_TRUE_none_1_8 Lrnr_ranger_500_TRUE_none_1_10 
                     0.1897090                      0.1905152 
Lrnr_ranger_500_TRUE_none_1_12 
                     0.1911966 
[1] "done"
NULL
NULL
NULL
[1] "done"
[1] "all"
[1] -0.02263130 -0.02352084
[1] "iter: 75"
[1] 11984    75
 Lrnr_ranger_500_TRUE_none_1_8 Lrnr_ranger_500_TRUE_none_1_10 
                     0.1681545                      0.1700342 
Lrnr_ranger_500_TRUE_none_1_12 
                     0.1712899 
 Lrnr_ranger_500_TRUE_none_1_8 Lrnr_ranger_500_TRUE_none_1_10 
                     0.1081326                      0.1081520 
Lrnr_ranger_500_TRUE_none_1_12 
                     0.1084152 
 Lrnr_ranger_500_TRUE_none_1_8 Lrnr_ranger_500_TRUE_none_1_10 
                     0.1852108                      0.1854604 
Lrnr_ranger_500_TRUE_none_1_12 
                     0.1855903 
[1] "done"
NULL
NULL
NULL
[1] "done"
[1] "all"
[1] -0.01925581 -0.02036331
[1] "iter: 76"
[1] 11984    75
 Lrnr_ranger_500_TRUE_none_1_8 Lrnr_ranger_500_TRUE_none_1_10 
                     0.1702414                      0.1707835 
Lrnr_ranger_500_TRUE_none_1_12 
                     0.1709463 
 Lrnr_ranger_500_TRUE_none_1_8 Lrnr_ranger_500_TRUE_none_1_10 
                     0.1091633                      0.1091257 
Lrnr_ranger_500_TRUE_none_1_12 
                     0.1092465 
 Lrnr_ranger_500_TRUE_none_1_8 Lrnr_ranger_500_TRUE_none_1_10 
                     0.1871511                      0.1875679 
Lrnr_ranger_500_TRUE_none_1_12 
                     0.1880570 
[1] "done"
NULL
NULL
NULL
[1] "done"
[1] "all"
[1] -0.01565110 -0.01747433
[1] "iter: 77"
[1] 11984    75
 Lrnr_ranger_500_TRUE_none_1_8 Lrnr_ranger_500_TRUE_none_1_10 
                     0.1701125                      0.1703268 
Lrnr_ranger_500_TRUE_none_1_12 
                     0.1702404 
 Lrnr_ranger_500_TRUE_none_1_8 Lrnr_ranger_500_TRUE_none_1_10 
                     0.1113959                      0.1115255 
Lrnr_ranger_500_TRUE_none_1_12 
                     0.1118167 
 Lrnr_ranger_500_TRUE_none_1_8 Lrnr_ranger_500_TRUE_none_1_10 
                     0.1863613                      0.1870796 
Lrnr_ranger_500_TRUE_none_1_12 
                     0.1879359 
[1] "done"
NULL
NULL
NULL
[1] "done"
[1] "all"
[1] -0.01534151 -0.01712141
[1] "iter: 78"
[1] 11984    75
 Lrnr_ranger_500_TRUE_none_1_8 Lrnr_ranger_500_TRUE_none_1_10 
                     0.1764834                      0.1769148 
Lrnr_ranger_500_TRUE_none_1_12 
                     0.1782940 
 Lrnr_ranger_500_TRUE_none_1_8 Lrnr_ranger_500_TRUE_none_1_10 
                     0.1093483                      0.1096432 
Lrnr_ranger_500_TRUE_none_1_12 
                     0.1100311 
 Lrnr_ranger_500_TRUE_none_1_8 Lrnr_ranger_500_TRUE_none_1_10 
                     0.1884393                      0.1884699 
Lrnr_ranger_500_TRUE_none_1_12 
                     0.1884781 
[1] "done"
NULL
NULL
NULL
[1] "done"
[1] "all"
[1] -0.02143296 -0.02240519
[1] "iter: 79"
[1] 11984    75
 Lrnr_ranger_500_TRUE_none_1_8 Lrnr_ranger_500_TRUE_none_1_10 
                     0.1761158                      0.1764669 
Lrnr_ranger_500_TRUE_none_1_12 
                     0.1763822 
 Lrnr_ranger_500_TRUE_none_1_8 Lrnr_ranger_500_TRUE_none_1_10 
                     0.1059619                      0.1059973 
Lrnr_ranger_500_TRUE_none_1_12 
                     0.1062738 
 Lrnr_ranger_500_TRUE_none_1_8 Lrnr_ranger_500_TRUE_none_1_10 
                     0.1865860                      0.1870652 
Lrnr_ranger_500_TRUE_none_1_12 
                     0.1876839 
[1] "done"
NULL
NULL
NULL
[1] "done"
[1] "all"
[1] -0.02186726 -0.02371594
[1] "iter: 80"
[1] 11984    75
 Lrnr_ranger_500_TRUE_none_1_8 Lrnr_ranger_500_TRUE_none_1_10 
                     0.1581081                      0.1581570 
Lrnr_ranger_500_TRUE_none_1_12 
                     0.1581621 
 Lrnr_ranger_500_TRUE_none_1_8 Lrnr_ranger_500_TRUE_none_1_10 
                     0.1093711                      0.1094739 
Lrnr_ranger_500_TRUE_none_1_12 
                     0.1099683 
 Lrnr_ranger_500_TRUE_none_1_8 Lrnr_ranger_500_TRUE_none_1_10 
                     0.1868295                      0.1871238 
Lrnr_ranger_500_TRUE_none_1_12 
                     0.1880210 
[1] "done"
NULL
NULL
NULL
[1] "done"
[1] "all"
[1]  0.002781151 -0.000767004
[1] "iter: 81"
[1] 11984    75
 Lrnr_ranger_500_TRUE_none_1_8 Lrnr_ranger_500_TRUE_none_1_10 
                     0.1675883                      0.1679104 
Lrnr_ranger_500_TRUE_none_1_12 
                     0.1679078 
 Lrnr_ranger_500_TRUE_none_1_8 Lrnr_ranger_500_TRUE_none_1_10 
                     0.1140915                      0.1142482 
Lrnr_ranger_500_TRUE_none_1_12 
                     0.1148118 
 Lrnr_ranger_500_TRUE_none_1_8 Lrnr_ranger_500_TRUE_none_1_10 
                     0.1859738                      0.1864873 
Lrnr_ranger_500_TRUE_none_1_12 
                     0.1871530 
[1] "done"
NULL
NULL
NULL
[1] "done"
[1] "all"
[1] -0.007814933 -0.010383987
[1] "iter: 82"
[1] 11984    75
 Lrnr_ranger_500_TRUE_none_1_8 Lrnr_ranger_500_TRUE_none_1_10 
                     0.1723597                      0.1730977 
Lrnr_ranger_500_TRUE_none_1_12 
                     0.1737315 
 Lrnr_ranger_500_TRUE_none_1_8 Lrnr_ranger_500_TRUE_none_1_10 
                     0.1081188                      0.1082486 
Lrnr_ranger_500_TRUE_none_1_12 
                     0.1086118 
 Lrnr_ranger_500_TRUE_none_1_8 Lrnr_ranger_500_TRUE_none_1_10 
                     0.1881163                      0.1886957 
Lrnr_ranger_500_TRUE_none_1_12 
                     0.1893957 
[1] "done"
NULL
NULL
NULL
[1] "done"
[1] "all"
[1] -0.01272955 -0.01445384
[1] "iter: 83"
[1] 11984    75
 Lrnr_ranger_500_TRUE_none_1_8 Lrnr_ranger_500_TRUE_none_1_10 
                     0.1679906                      0.1683285 
Lrnr_ranger_500_TRUE_none_1_12 
                     0.1683199 
 Lrnr_ranger_500_TRUE_none_1_8 Lrnr_ranger_500_TRUE_none_1_10 
                     0.1034230                      0.1035203 
Lrnr_ranger_500_TRUE_none_1_12 
                     0.1038093 
 Lrnr_ranger_500_TRUE_none_1_8 Lrnr_ranger_500_TRUE_none_1_10 
                     0.1865139                      0.1869308 
Lrnr_ranger_500_TRUE_none_1_12 
                     0.1877028 
[1] "done"
NULL
NULL
NULL
[1] "done"
[1] "all"
[1] -0.008908657 -0.009672215
[1] "iter: 84"
[1] 11984    75
 Lrnr_ranger_500_TRUE_none_1_8 Lrnr_ranger_500_TRUE_none_1_10 
                     0.1685792                      0.1697674 
Lrnr_ranger_500_TRUE_none_1_12 
                     0.1709226 
 Lrnr_ranger_500_TRUE_none_1_8 Lrnr_ranger_500_TRUE_none_1_10 
                     0.1031775                      0.1033113 
Lrnr_ranger_500_TRUE_none_1_12 
                     0.1037116 
 Lrnr_ranger_500_TRUE_none_1_8 Lrnr_ranger_500_TRUE_none_1_10 
                     0.1920474                      0.1923275 
Lrnr_ranger_500_TRUE_none_1_12 
                     0.1928308 
[1] "done"
NULL
NULL
NULL
[1] "done"
[1] "all"
[1] -0.0216620 -0.0223222
[1] "iter: 85"
[1] 11984    75
 Lrnr_ranger_500_TRUE_none_1_8 Lrnr_ranger_500_TRUE_none_1_10 
                     0.1659823                      0.1662964 
Lrnr_ranger_500_TRUE_none_1_12 
                     0.1664948 
 Lrnr_ranger_500_TRUE_none_1_8 Lrnr_ranger_500_TRUE_none_1_10 
                     0.1074232                      0.1078400 
Lrnr_ranger_500_TRUE_none_1_12 
                     0.1084161 
 Lrnr_ranger_500_TRUE_none_1_8 Lrnr_ranger_500_TRUE_none_1_10 
                     0.1861158                      0.1867071 
Lrnr_ranger_500_TRUE_none_1_12 
                     0.1873734 
[1] "done"
NULL
NULL
NULL
[1] "done"
[1] "all"
[1] -0.006543467 -0.008482375
[1] "iter: 86"
[1] 11984    75
 Lrnr_ranger_500_TRUE_none_1_8 Lrnr_ranger_500_TRUE_none_1_10 
                     0.1690887                      0.1694423 
Lrnr_ranger_500_TRUE_none_1_12 
                     0.1695334 
 Lrnr_ranger_500_TRUE_none_1_8 Lrnr_ranger_500_TRUE_none_1_10 
                     0.1048295                      0.1049951 
Lrnr_ranger_500_TRUE_none_1_12 
                     0.1055090 
 Lrnr_ranger_500_TRUE_none_1_8 Lrnr_ranger_500_TRUE_none_1_10 
                     0.1864527                      0.1872729 
Lrnr_ranger_500_TRUE_none_1_12 
                     0.1881226 
[1] "done"
NULL
NULL
NULL
[1] "done"
[1] "all"
[1] -0.01123200 -0.01366917
[1] "iter: 87"
[1] 11984    75
 Lrnr_ranger_500_TRUE_none_1_8 Lrnr_ranger_500_TRUE_none_1_10 
                     0.1687395                      0.1698285 
Lrnr_ranger_500_TRUE_none_1_12 
                     0.1706237 
 Lrnr_ranger_500_TRUE_none_1_8 Lrnr_ranger_500_TRUE_none_1_10 
                     0.1083134                      0.1087782 
Lrnr_ranger_500_TRUE_none_1_12 
                     0.1092178 
 Lrnr_ranger_500_TRUE_none_1_8 Lrnr_ranger_500_TRUE_none_1_10 
                     0.1842399                      0.1853912 
Lrnr_ranger_500_TRUE_none_1_12 
                     0.1865767 
[1] "done"
NULL
NULL
NULL
[1] "done"
[1] "all"
[1] -0.01318979 -0.01622258
[1] "iter: 88"
[1] 11984    75
 Lrnr_ranger_500_TRUE_none_1_8 Lrnr_ranger_500_TRUE_none_1_10 
                     0.1701619                      0.1704298 
Lrnr_ranger_500_TRUE_none_1_12 
                     0.1708870 
 Lrnr_ranger_500_TRUE_none_1_8 Lrnr_ranger_500_TRUE_none_1_10 
                     0.1090630                      0.1092191 
Lrnr_ranger_500_TRUE_none_1_12 
                     0.1097989 
 Lrnr_ranger_500_TRUE_none_1_8 Lrnr_ranger_500_TRUE_none_1_10 
                     0.1836609                      0.1845918 
Lrnr_ranger_500_TRUE_none_1_12 
                     0.1857953 
[1] "done"
NULL
NULL
NULL
[1] "done"
[1] "all"
[1] -0.01788057 -0.01963495
[1] "iter: 89"
[1] 11984    75
 Lrnr_ranger_500_TRUE_none_1_8 Lrnr_ranger_500_TRUE_none_1_10 
                     0.1649961                      0.1657854 
Lrnr_ranger_500_TRUE_none_1_12 
                     0.1659022 
 Lrnr_ranger_500_TRUE_none_1_8 Lrnr_ranger_500_TRUE_none_1_10 
                     0.1070174                      0.1073662 
Lrnr_ranger_500_TRUE_none_1_12 
                     0.1078385 
 Lrnr_ranger_500_TRUE_none_1_8 Lrnr_ranger_500_TRUE_none_1_10 
                     0.1904432                      0.1911838 
Lrnr_ranger_500_TRUE_none_1_12 
                     0.1923456 
[1] "done"
NULL
NULL
NULL
[1] "done"
[1] "all"
[1] -0.007126028 -0.009035161
[1] "iter: 90"
[1] 11984    75
 Lrnr_ranger_500_TRUE_none_1_8 Lrnr_ranger_500_TRUE_none_1_10 
                     0.1702762                      0.1705015 
Lrnr_ranger_500_TRUE_none_1_12 
                     0.1705221 
 Lrnr_ranger_500_TRUE_none_1_8 Lrnr_ranger_500_TRUE_none_1_10 
                     0.1078423                      0.1082680 
Lrnr_ranger_500_TRUE_none_1_12 
                     0.1086289 
 Lrnr_ranger_500_TRUE_none_1_8 Lrnr_ranger_500_TRUE_none_1_10 
                     0.1864501                      0.1868335 
Lrnr_ranger_500_TRUE_none_1_12 
                     0.1875256 
[1] "done"
NULL
NULL
NULL
[1] "done"
[1] "all"
[1] -0.01425479 -0.01631778
[1] "iter: 91"
[1] 11984    75
 Lrnr_ranger_500_TRUE_none_1_8 Lrnr_ranger_500_TRUE_none_1_10 
                     0.1756005                      0.1770687 
Lrnr_ranger_500_TRUE_none_1_12 
                     0.1782751 
 Lrnr_ranger_500_TRUE_none_1_8 Lrnr_ranger_500_TRUE_none_1_10 
                     0.1093076                      0.1096896 
Lrnr_ranger_500_TRUE_none_1_12 
                     0.1101528 
 Lrnr_ranger_500_TRUE_none_1_8 Lrnr_ranger_500_TRUE_none_1_10 
                     0.1896162                      0.1900277 
Lrnr_ranger_500_TRUE_none_1_12 
                     0.1907046 
[1] "done"
NULL
NULL
NULL
[1] "done"
[1] "all"
[1] -0.01942528 -0.02101286
[1] "iter: 92"
[1] 11984    75
 Lrnr_ranger_500_TRUE_none_1_8 Lrnr_ranger_500_TRUE_none_1_10 
                     0.1749963                      0.1752085 
Lrnr_ranger_500_TRUE_none_1_12 
                     0.1754032 
 Lrnr_ranger_500_TRUE_none_1_8 Lrnr_ranger_500_TRUE_none_1_10 
                     0.1079982                      0.1080399 
Lrnr_ranger_500_TRUE_none_1_12 
                     0.1084141 
 Lrnr_ranger_500_TRUE_none_1_8 Lrnr_ranger_500_TRUE_none_1_10 
                     0.1897351                      0.1901632 
Lrnr_ranger_500_TRUE_none_1_12 
                     0.1909743 
[1] "done"
NULL
NULL
NULL
[1] "done"
[1] "all"
[1] -0.01785266 -0.01989431
[1] "iter: 93"
[1] 11984    75
 Lrnr_ranger_500_TRUE_none_1_8 Lrnr_ranger_500_TRUE_none_1_10 
                     0.1658445                      0.1661767 
Lrnr_ranger_500_TRUE_none_1_12 
                     0.1661986 
 Lrnr_ranger_500_TRUE_none_1_8 Lrnr_ranger_500_TRUE_none_1_10 
                     0.1119946                      0.1120657 
Lrnr_ranger_500_TRUE_none_1_12 
                     0.1124177 
 Lrnr_ranger_500_TRUE_none_1_8 Lrnr_ranger_500_TRUE_none_1_10 
                     0.1888493                      0.1890430 
Lrnr_ranger_500_TRUE_none_1_12 
                     0.1893168 
[1] "done"
NULL
NULL
NULL
[1] "done"
[1] "all"
[1] -0.003725409 -0.005467619
[1] "iter: 94"
[1] 11984    75
 Lrnr_ranger_500_TRUE_none_1_8 Lrnr_ranger_500_TRUE_none_1_10 
                     0.1690014                      0.1698667 
Lrnr_ranger_500_TRUE_none_1_12 
                     0.1704831 
 Lrnr_ranger_500_TRUE_none_1_8 Lrnr_ranger_500_TRUE_none_1_10 
                     0.1063709                      0.1066586 
Lrnr_ranger_500_TRUE_none_1_12 
                     0.1072144 
 Lrnr_ranger_500_TRUE_none_1_8 Lrnr_ranger_500_TRUE_none_1_10 
                     0.1871027                      0.1877661 
Lrnr_ranger_500_TRUE_none_1_12 
                     0.1890106 
[1] "done"
NULL
NULL
NULL
[1] "done"
[1] "all"
[1] -0.02308586 -0.02425893
[1] "iter: 95"
[1] 11984    75
 Lrnr_ranger_500_TRUE_none_1_8 Lrnr_ranger_500_TRUE_none_1_10 
                     0.1762949                      0.1769977 
Lrnr_ranger_500_TRUE_none_1_12 
                     0.1775322 
 Lrnr_ranger_500_TRUE_none_1_8 Lrnr_ranger_500_TRUE_none_1_10 
                     0.1075519                      0.1076722 
Lrnr_ranger_500_TRUE_none_1_12 
                     0.1080919 
 Lrnr_ranger_500_TRUE_none_1_8 Lrnr_ranger_500_TRUE_none_1_10 
                     0.1872411                      0.1883893 
Lrnr_ranger_500_TRUE_none_1_12 
                     0.1895991 
[1] "done"
NULL
NULL
NULL
[1] "done"
[1] "all"
[1] -0.02524067 -0.02572416
[1] "iter: 96"
[1] 11984    75
 Lrnr_ranger_500_TRUE_none_1_8 Lrnr_ranger_500_TRUE_none_1_10 
                     0.1707308                      0.1712390 
Lrnr_ranger_500_TRUE_none_1_12 
                     0.1714693 
 Lrnr_ranger_500_TRUE_none_1_8 Lrnr_ranger_500_TRUE_none_1_10 
                     0.1059056                      0.1057560 
Lrnr_ranger_500_TRUE_none_1_12 
                     0.1059162 
 Lrnr_ranger_500_TRUE_none_1_8 Lrnr_ranger_500_TRUE_none_1_10 
                     0.1844175                      0.1847973 
Lrnr_ranger_500_TRUE_none_1_12 
                     0.1851546 
[1] "done"
NULL
NULL
NULL
[1] "done"
[1] "all"
[1] -0.01905795 -0.01989810
[1] "iter: 97"
[1] 11984    75
 Lrnr_ranger_500_TRUE_none_1_8 Lrnr_ranger_500_TRUE_none_1_10 
                     0.1662435                      0.1667484 
Lrnr_ranger_500_TRUE_none_1_12 
                     0.1671456 
 Lrnr_ranger_500_TRUE_none_1_8 Lrnr_ranger_500_TRUE_none_1_10 
                     0.1077428                      0.1078580 
Lrnr_ranger_500_TRUE_none_1_12 
                     0.1083526 
 Lrnr_ranger_500_TRUE_none_1_8 Lrnr_ranger_500_TRUE_none_1_10 
                     0.1875630                      0.1876417 
Lrnr_ranger_500_TRUE_none_1_12 
                     0.1877862 
[1] "done"
NULL
NULL
NULL
[1] "done"
[1] "all"
[1] -0.01161840 -0.01302746
[1] "iter: 98"
[1] 11984    75
 Lrnr_ranger_500_TRUE_none_1_8 Lrnr_ranger_500_TRUE_none_1_10 
                     0.1747630                      0.1748349 
Lrnr_ranger_500_TRUE_none_1_12 
                     0.1750143 
 Lrnr_ranger_500_TRUE_none_1_8 Lrnr_ranger_500_TRUE_none_1_10 
                     0.1088646                      0.1089818 
Lrnr_ranger_500_TRUE_none_1_12 
                     0.1093327 
 Lrnr_ranger_500_TRUE_none_1_8 Lrnr_ranger_500_TRUE_none_1_10 
                     0.1883499                      0.1891281 
Lrnr_ranger_500_TRUE_none_1_12 
                     0.1898956 
[1] "done"
NULL
NULL
NULL
[1] "done"
[1] "all"
[1] -0.01960298 -0.02259923
[1] "iter: 99"
[1] 11984    75
 Lrnr_ranger_500_TRUE_none_1_8 Lrnr_ranger_500_TRUE_none_1_10 
                     0.1755195                      0.1776387 
Lrnr_ranger_500_TRUE_none_1_12 
                     0.1800166 
 Lrnr_ranger_500_TRUE_none_1_8 Lrnr_ranger_500_TRUE_none_1_10 
                     0.1076569                      0.1079467 
Lrnr_ranger_500_TRUE_none_1_12 
                     0.1082312 
 Lrnr_ranger_500_TRUE_none_1_8 Lrnr_ranger_500_TRUE_none_1_10 
                     0.1854803                      0.1860855 
Lrnr_ranger_500_TRUE_none_1_12 
                     0.1872088 
[1] "done"
NULL
NULL
NULL
[1] "done"
[1] "all"
[1] -0.01477343 -0.01608343
        estimate    CI_left    CI_right misp estimator lrnr     n         ATE
  1: -0.10024179 -0.1157415 -0.08378081    1     auDRI  all 11984 -0.06934246
  2: -0.10155095 -0.1183230 -0.08477891    1      AIPW  all 11984 -0.06934246
  3: -0.11152552 -0.1295922 -0.09478074    2     auDRI  all 11984 -0.06934246
  4: -0.11055436 -0.1279415 -0.09316721    2      AIPW  all 11984 -0.06934246
  5: -0.09845346 -0.1142296 -0.08286709    3     auDRI  all 11984 -0.06934246
 ---                                                                         
596: -0.08648536 -0.1029440 -0.07002669    1      AIPW  all 11984 -0.07576769
597: -0.09709130 -0.1141305 -0.08056797    2     auDRI  all 11984 -0.07576769
598: -0.09565195 -0.1127606 -0.07854325    2      AIPW  all 11984 -0.07576769
599: -0.09054112 -0.1064158 -0.07458491    3     auDRI  all 11984 -0.07576769
600: -0.09185112 -0.1083287 -0.07537350    3      AIPW  all 11984 -0.07576769
     iter
  1:    0
  2:    0
  3:    0
  4:    0
  5:    0
 ---     
596:   99
597:   99
598:   99
599:   99
600:   99
