LOADING R
R LOADED
[1] "/home/lvanderl/Rlibs2"                         
[2] "/app/software/R/4.3.1-gfbf-2022b/lib/R/library"
[1] "/home/lvanderl/sieveSims"
[1] "lalonde_cps"
  [1]  0  1  2  3  4  5  6  7  8  9 10 11 12 13 14 15 16 17 18 19 20 21 22 23 24
 [26] 25 26 27 28 29 30 31 32 33 34 35 36 37 38 39 40 41 42 43 44 45 46 47 48 49
 [51] 50 51 52 53 54 55 56 57 58 59 60 61 62 63 64 65 66 67 68 69 70 71 72 73 74
 [76] 75 76 77 78 79 80 81 82 83 84 85 86 87 88 89 90 91 92 93 94 95 96 97 98 99
[1] "iter: 0"
[1] 16177     8
 Lrnr_ranger_500_TRUE_none_1_8 Lrnr_ranger_500_TRUE_none_1_10 
                      50308270                       50638152 
Lrnr_ranger_500_TRUE_none_1_12 
                      51240103 
 Lrnr_ranger_500_TRUE_none_1_8 Lrnr_ranger_500_TRUE_none_1_10 
                      47315998                       47226482 
Lrnr_ranger_500_TRUE_none_1_12 
                      46724356 
 Lrnr_ranger_500_TRUE_none_1_8 Lrnr_ranger_500_TRUE_none_1_10 
                   0.007290108                    0.007313553 
Lrnr_ranger_500_TRUE_none_1_12 
                   0.007317636 
[1] "done"
NULL
NULL
NULL
[1] "done"
[1] "all"
[1] -1390.232   201.941
[1] "iter: 1"
[1] 16177     8
 Lrnr_ranger_500_TRUE_none_1_8 Lrnr_ranger_500_TRUE_none_1_10 
                      48668362                       49067559 
Lrnr_ranger_500_TRUE_none_1_12 
                      49579079 
 Lrnr_ranger_500_TRUE_none_1_8 Lrnr_ranger_500_TRUE_none_1_10 
                      37871078                       37818493 
Lrnr_ranger_500_TRUE_none_1_12 
                      38123535 
 Lrnr_ranger_500_TRUE_none_1_8 Lrnr_ranger_500_TRUE_none_1_10 
                   0.007458400                    0.007470369 
Lrnr_ranger_500_TRUE_none_1_12 
                   0.007513300 
[1] "done"
NULL
NULL
NULL
[1] "done"
[1] "all"
[1] -2710.462 -3791.867
[1] "iter: 2"
[1] 16177     8
 Lrnr_ranger_500_TRUE_none_1_8 Lrnr_ranger_500_TRUE_none_1_10 
                      48154205                       48559501 
Lrnr_ranger_500_TRUE_none_1_12 
                      49134697 
 Lrnr_ranger_500_TRUE_none_1_8 Lrnr_ranger_500_TRUE_none_1_10 
                      29156409                       29191726 
Lrnr_ranger_500_TRUE_none_1_12 
                      29478660 
 Lrnr_ranger_500_TRUE_none_1_8 Lrnr_ranger_500_TRUE_none_1_10 
                   0.006758690                    0.006749807 
Lrnr_ranger_500_TRUE_none_1_12 
                   0.006740643 
[1] "done"
NULL
NULL
NULL
[1] "done"
[1] "all"
[1] -1659.668  1170.691
[1] "iter: 3"
[1] 16177     8
 Lrnr_ranger_500_TRUE_none_1_8 Lrnr_ranger_500_TRUE_none_1_10 
                      48352094                       48681941 
Lrnr_ranger_500_TRUE_none_1_12 
                      49187233 
 Lrnr_ranger_500_TRUE_none_1_8 Lrnr_ranger_500_TRUE_none_1_10 
                      34121653                       34120158 
Lrnr_ranger_500_TRUE_none_1_12 
                      34133207 
 Lrnr_ranger_500_TRUE_none_1_8 Lrnr_ranger_500_TRUE_none_1_10 
                   0.007804224                    0.007851646 
Lrnr_ranger_500_TRUE_none_1_12 
                   0.007873467 
[1] "done"
NULL
NULL
NULL
[1] "done"
[1] "all"
[1] -1177.1402  -670.4398
[1] "iter: 4"
[1] 16177     8
 Lrnr_ranger_500_TRUE_none_1_8 Lrnr_ranger_500_TRUE_none_1_10 
                      48265275                       48570683 
Lrnr_ranger_500_TRUE_none_1_12 
                      49048838 
 Lrnr_ranger_500_TRUE_none_1_8 Lrnr_ranger_500_TRUE_none_1_10 
                      37894413                       37748212 
Lrnr_ranger_500_TRUE_none_1_12 
                      37743156 
 Lrnr_ranger_500_TRUE_none_1_8 Lrnr_ranger_500_TRUE_none_1_10 
                   0.006076655                    0.006051347 
Lrnr_ranger_500_TRUE_none_1_12 
                   0.006006540 
[1] "done"
NULL
NULL
NULL
[1] "done"
[1] "all"
[1] -1800.018 -2055.837
[1] "iter: 5"
[1] 16177     8
 Lrnr_ranger_500_TRUE_none_1_8 Lrnr_ranger_500_TRUE_none_1_10 
                      48856023                       49106603 
Lrnr_ranger_500_TRUE_none_1_12 
                      49600716 
 Lrnr_ranger_500_TRUE_none_1_8 Lrnr_ranger_500_TRUE_none_1_10 
                      30197051                       30204528 
Lrnr_ranger_500_TRUE_none_1_12 
                      30215865 
 Lrnr_ranger_500_TRUE_none_1_8 Lrnr_ranger_500_TRUE_none_1_10 
                   0.006814797                    0.006814105 
Lrnr_ranger_500_TRUE_none_1_12 
                   0.006826111 
[1] "done"
NULL
NULL
NULL
[1] "done"
[1] "all"
[1] -2574.8426  -992.8961
[1] "iter: 6"
[1] 16177     8
 Lrnr_ranger_500_TRUE_none_1_8 Lrnr_ranger_500_TRUE_none_1_10 
                      49049886                       49424500 
Lrnr_ranger_500_TRUE_none_1_12 
                      49971992 
 Lrnr_ranger_500_TRUE_none_1_8 Lrnr_ranger_500_TRUE_none_1_10 
                      38363495                       38258448 
Lrnr_ranger_500_TRUE_none_1_12 
                      38331809 
 Lrnr_ranger_500_TRUE_none_1_8 Lrnr_ranger_500_TRUE_none_1_10 
                   0.007317363                    0.007323636 
Lrnr_ranger_500_TRUE_none_1_12 
                   0.007287931 
[1] "done"
NULL
NULL
NULL
[1] "done"
[1] "all"
[1] -355.0497  179.1050
[1] "iter: 7"
[1] 16177     8
 Lrnr_ranger_500_TRUE_none_1_8 Lrnr_ranger_500_TRUE_none_1_10 
                      50267133                       50717307 
Lrnr_ranger_500_TRUE_none_1_12 
                      51291083 
 Lrnr_ranger_500_TRUE_none_1_8 Lrnr_ranger_500_TRUE_none_1_10 
                      26181713                       26106321 
Lrnr_ranger_500_TRUE_none_1_12 
                      26209368 
 Lrnr_ranger_500_TRUE_none_1_8 Lrnr_ranger_500_TRUE_none_1_10 
                   0.007266882                    0.007280602 
Lrnr_ranger_500_TRUE_none_1_12 
                   0.007297821 
[1] "done"
NULL
NULL
NULL
[1] "done"
[1] "all"
[1]  -837.4071 -1275.8185
[1] "iter: 8"
[1] 16177     8
 Lrnr_ranger_500_TRUE_none_1_8 Lrnr_ranger_500_TRUE_none_1_10 
                      50228339                       50571314 
Lrnr_ranger_500_TRUE_none_1_12 
                      51067973 
 Lrnr_ranger_500_TRUE_none_1_8 Lrnr_ranger_500_TRUE_none_1_10 
                      24919423                       24987564 
Lrnr_ranger_500_TRUE_none_1_12 
                      25000679 
 Lrnr_ranger_500_TRUE_none_1_8 Lrnr_ranger_500_TRUE_none_1_10 
                   0.007176685                    0.007197327 
Lrnr_ranger_500_TRUE_none_1_12 
                   0.007204679 
[1] "done"
NULL
NULL
NULL
[1] "done"
[1] "all"
[1] -2354.2151  -931.1326
[1] "iter: 9"
[1] 16177     8
 Lrnr_ranger_500_TRUE_none_1_8 Lrnr_ranger_500_TRUE_none_1_10 
                      49397284                       49842841 
Lrnr_ranger_500_TRUE_none_1_12 
                      50470350 
 Lrnr_ranger_500_TRUE_none_1_8 Lrnr_ranger_500_TRUE_none_1_10 
                      31455043                       31341968 
Lrnr_ranger_500_TRUE_none_1_12 
                      31316748 
 Lrnr_ranger_500_TRUE_none_1_8 Lrnr_ranger_500_TRUE_none_1_10 
                   0.008821501                    0.008816898 
Lrnr_ranger_500_TRUE_none_1_12 
                   0.008832809 
[1] "done"
NULL
NULL
NULL
[1] "done"
[1] "all"
[1] -1523.187 -1275.126
[1] "iter: 10"
[1] 16177     8
 Lrnr_ranger_500_TRUE_none_1_8 Lrnr_ranger_500_TRUE_none_1_10 
                      48591307                       48935347 
Lrnr_ranger_500_TRUE_none_1_12 
                      49459289 
 Lrnr_ranger_500_TRUE_none_1_8 Lrnr_ranger_500_TRUE_none_1_10 
                      31110266                       31131165 
Lrnr_ranger_500_TRUE_none_1_12 
                      31328164 
 Lrnr_ranger_500_TRUE_none_1_8 Lrnr_ranger_500_TRUE_none_1_10 
                   0.007137356                    0.007164014 
Lrnr_ranger_500_TRUE_none_1_12 
                   0.007145609 
[1] "done"
NULL
NULL
NULL
[1] "done"
[1] "all"
[1] -2672.809 -1915.327
[1] "iter: 11"
[1] 16177     8
 Lrnr_ranger_500_TRUE_none_1_8 Lrnr_ranger_500_TRUE_none_1_10 
                      49945208                       50238677 
Lrnr_ranger_500_TRUE_none_1_12 
                      50724686 
 Lrnr_ranger_500_TRUE_none_1_8 Lrnr_ranger_500_TRUE_none_1_10 
                      42888065                       42941412 
Lrnr_ranger_500_TRUE_none_1_12 
                      42825388 
 Lrnr_ranger_500_TRUE_none_1_8 Lrnr_ranger_500_TRUE_none_1_10 
                   0.006798039                    0.006789866 
Lrnr_ranger_500_TRUE_none_1_12 
                   0.006777832 
[1] "done"
NULL
NULL
NULL
[1] "done"
[1] "all"
[1] -1258.102 -1325.798
[1] "iter: 12"
[1] 16177     8
 Lrnr_ranger_500_TRUE_none_1_8 Lrnr_ranger_500_TRUE_none_1_10 
                      49179166                       49543321 
Lrnr_ranger_500_TRUE_none_1_12 
                      50063026 
 Lrnr_ranger_500_TRUE_none_1_8 Lrnr_ranger_500_TRUE_none_1_10 
                      29893530                       30117957 
Lrnr_ranger_500_TRUE_none_1_12 
                      30261568 
 Lrnr_ranger_500_TRUE_none_1_8 Lrnr_ranger_500_TRUE_none_1_10 
                   0.007784515                    0.007826169 
Lrnr_ranger_500_TRUE_none_1_12 
                   0.007843728 
[1] "done"
NULL
NULL
NULL
[1] "done"
[1] "all"
[1] -1051.3104  -103.5406
[1] "iter: 13"
[1] 16177     8
 Lrnr_ranger_500_TRUE_none_1_8 Lrnr_ranger_500_TRUE_none_1_10 
                      50202177                       50506326 
Lrnr_ranger_500_TRUE_none_1_12 
                      50911545 
 Lrnr_ranger_500_TRUE_none_1_8 Lrnr_ranger_500_TRUE_none_1_10 
                      24118875                       24062569 
Lrnr_ranger_500_TRUE_none_1_12 
                      24329667 
 Lrnr_ranger_500_TRUE_none_1_8 Lrnr_ranger_500_TRUE_none_1_10 
                   0.008117860                    0.008130009 
Lrnr_ranger_500_TRUE_none_1_12 
                   0.008179568 
[1] "done"
NULL
NULL
NULL
[1] "done"
[1] "all"
[1] -1591.5843  -773.3207
[1] "iter: 14"
[1] 16177     8
 Lrnr_ranger_500_TRUE_none_1_8 Lrnr_ranger_500_TRUE_none_1_10 
                      49372173                       49741600 
Lrnr_ranger_500_TRUE_none_1_12 
                      50268640 
 Lrnr_ranger_500_TRUE_none_1_8 Lrnr_ranger_500_TRUE_none_1_10 
                      38476692                       38466012 
Lrnr_ranger_500_TRUE_none_1_12 
                      38518125 
 Lrnr_ranger_500_TRUE_none_1_8 Lrnr_ranger_500_TRUE_none_1_10 
                   0.006946659                    0.006991542 
Lrnr_ranger_500_TRUE_none_1_12 
                   0.007015416 
[1] "done"
NULL
NULL
NULL
[1] "done"
[1] "all"
[1] -751.0147  190.4326
[1] "iter: 15"
[1] 16177     8
 Lrnr_ranger_500_TRUE_none_1_8 Lrnr_ranger_500_TRUE_none_1_10 
                      49404733                       49663650 
Lrnr_ranger_500_TRUE_none_1_12 
                      50033681 
 Lrnr_ranger_500_TRUE_none_1_8 Lrnr_ranger_500_TRUE_none_1_10 
                      43483464                       43536672 
Lrnr_ranger_500_TRUE_none_1_12 
                      43802637 
 Lrnr_ranger_500_TRUE_none_1_8 Lrnr_ranger_500_TRUE_none_1_10 
                   0.007881929                    0.007923585 
Lrnr_ranger_500_TRUE_none_1_12 
                   0.007942268 
[1] "done"
NULL
NULL
NULL
[1] "done"
[1] "all"
[1] -818.6435 -415.2696
[1] "iter: 16"
[1] 16177     8
 Lrnr_ranger_500_TRUE_none_1_8 Lrnr_ranger_500_TRUE_none_1_10 
                      50365373                       50693588 
Lrnr_ranger_500_TRUE_none_1_12 
                      51188097 
 Lrnr_ranger_500_TRUE_none_1_8 Lrnr_ranger_500_TRUE_none_1_10 
                      25527949                       25542681 
Lrnr_ranger_500_TRUE_none_1_12 
                      25528240 
 Lrnr_ranger_500_TRUE_none_1_8 Lrnr_ranger_500_TRUE_none_1_10 
                   0.007672143                    0.007686955 
Lrnr_ranger_500_TRUE_none_1_12 
                   0.007683207 
[1] "done"
NULL
NULL
NULL
[1] "done"
[1] "all"
[1] -1818.658 -2193.045
[1] "iter: 17"
[1] 16177     8
 Lrnr_ranger_500_TRUE_none_1_8 Lrnr_ranger_500_TRUE_none_1_10 
                      50234231                       50609706 
Lrnr_ranger_500_TRUE_none_1_12 
                      51198574 
 Lrnr_ranger_500_TRUE_none_1_8 Lrnr_ranger_500_TRUE_none_1_10 
                      30946073                       31093317 
Lrnr_ranger_500_TRUE_none_1_12 
                      30936679 
 Lrnr_ranger_500_TRUE_none_1_8 Lrnr_ranger_500_TRUE_none_1_10 
                   0.006735404                    0.006751718 
Lrnr_ranger_500_TRUE_none_1_12 
                   0.006762979 
[1] "done"
NULL
NULL
NULL
[1] "done"
[1] "all"
[1] -2878.840 -2284.903
[1] "iter: 18"
[1] 16177     8
 Lrnr_ranger_500_TRUE_none_1_8 Lrnr_ranger_500_TRUE_none_1_10 
                      49280960                       49702367 
Lrnr_ranger_500_TRUE_none_1_12 
                      50237270 
 Lrnr_ranger_500_TRUE_none_1_8 Lrnr_ranger_500_TRUE_none_1_10 
                      45573825                       45499531 
Lrnr_ranger_500_TRUE_none_1_12 
                      46317185 
 Lrnr_ranger_500_TRUE_none_1_8 Lrnr_ranger_500_TRUE_none_1_10 
                   0.006828139                    0.006831514 
Lrnr_ranger_500_TRUE_none_1_12 
                   0.006803188 
[1] "done"
NULL
NULL
NULL
[1] "done"
[1] "all"
[1] -267.6368  236.0745
[1] "iter: 19"
[1] 16177     8
 Lrnr_ranger_500_TRUE_none_1_8 Lrnr_ranger_500_TRUE_none_1_10 
                      50309744                       50733426 
Lrnr_ranger_500_TRUE_none_1_12 
                      51322975 
 Lrnr_ranger_500_TRUE_none_1_8 Lrnr_ranger_500_TRUE_none_1_10 
                      36707511                       36795871 
Lrnr_ranger_500_TRUE_none_1_12 
                      36705538 
 Lrnr_ranger_500_TRUE_none_1_8 Lrnr_ranger_500_TRUE_none_1_10 
                   0.006615413                    0.006603852 
Lrnr_ranger_500_TRUE_none_1_12 
                   0.006627643 
[1] "done"
NULL
NULL
NULL
[1] "done"
[1] "all"
[1] -1311.464 -1007.408
[1] "iter: 20"
[1] 16177     8
 Lrnr_ranger_500_TRUE_none_1_8 Lrnr_ranger_500_TRUE_none_1_10 
                      49710848                       49928590 
Lrnr_ranger_500_TRUE_none_1_12 
                      50335764 
 Lrnr_ranger_500_TRUE_none_1_8 Lrnr_ranger_500_TRUE_none_1_10 
                      31225462                       31119499 
Lrnr_ranger_500_TRUE_none_1_12 
                      31232220 
 Lrnr_ranger_500_TRUE_none_1_8 Lrnr_ranger_500_TRUE_none_1_10 
                   0.007645658                    0.007632997 
Lrnr_ranger_500_TRUE_none_1_12 
                   0.007675479 
[1] "done"
NULL
NULL
NULL
[1] "done"
[1] "all"
[1] -2449.689 -2643.294
[1] "iter: 21"
[1] 16177     8
 Lrnr_ranger_500_TRUE_none_1_8 Lrnr_ranger_500_TRUE_none_1_10 
                      48917482                       49204469 
Lrnr_ranger_500_TRUE_none_1_12 
                      49655928 
 Lrnr_ranger_500_TRUE_none_1_8 Lrnr_ranger_500_TRUE_none_1_10 
                      34597452                       34716775 
Lrnr_ranger_500_TRUE_none_1_12 
                      34624397 
 Lrnr_ranger_500_TRUE_none_1_8 Lrnr_ranger_500_TRUE_none_1_10 
                   0.006706337                    0.006740570 
Lrnr_ranger_500_TRUE_none_1_12 
                   0.006752994 
[1] "done"
NULL
NULL
NULL
[1] "done"
[1] "all"
[1] -3353.921 -3542.674
[1] "iter: 22"
[1] 16177     8
 Lrnr_ranger_500_TRUE_none_1_8 Lrnr_ranger_500_TRUE_none_1_10 
                      49605163                       49941766 
Lrnr_ranger_500_TRUE_none_1_12 
                      50468918 
 Lrnr_ranger_500_TRUE_none_1_8 Lrnr_ranger_500_TRUE_none_1_10 
                      42470047                       42275088 
Lrnr_ranger_500_TRUE_none_1_12 
                      42499975 
 Lrnr_ranger_500_TRUE_none_1_8 Lrnr_ranger_500_TRUE_none_1_10 
                   0.008220505                    0.008233378 
Lrnr_ranger_500_TRUE_none_1_12 
                   0.008256545 
[1] "done"
NULL
NULL
NULL
[1] "done"
[1] "all"
[1] -1397.2647    67.1669
[1] "iter: 23"
[1] 16177     8
 Lrnr_ranger_500_TRUE_none_1_8 Lrnr_ranger_500_TRUE_none_1_10 
                      49774965                       50062979 
Lrnr_ranger_500_TRUE_none_1_12 
                      50520800 
 Lrnr_ranger_500_TRUE_none_1_8 Lrnr_ranger_500_TRUE_none_1_10 
                      28354716                       28330177 
Lrnr_ranger_500_TRUE_none_1_12 
                      28227839 
 Lrnr_ranger_500_TRUE_none_1_8 Lrnr_ranger_500_TRUE_none_1_10 
                   0.007118218                    0.007146154 
Lrnr_ranger_500_TRUE_none_1_12 
                   0.007175769 
[1] "done"
NULL
NULL
NULL
[1] "done"
[1] "all"
[1] -1304.1396  -900.7726
[1] "iter: 24"
[1] 16177     8
 Lrnr_ranger_500_TRUE_none_1_8 Lrnr_ranger_500_TRUE_none_1_10 
                      49438737                       49809517 
Lrnr_ranger_500_TRUE_none_1_12 
                      50347415 
 Lrnr_ranger_500_TRUE_none_1_8 Lrnr_ranger_500_TRUE_none_1_10 
                      27232444                       27138885 
Lrnr_ranger_500_TRUE_none_1_12 
                      27150460 
 Lrnr_ranger_500_TRUE_none_1_8 Lrnr_ranger_500_TRUE_none_1_10 
                   0.007144092                    0.007108617 
Lrnr_ranger_500_TRUE_none_1_12 
                   0.007129670 
[1] "done"
NULL
NULL
NULL
[1] "done"
[1] "all"
[1] -3020.586 -2825.600
[1] "iter: 25"
[1] 16177     8
 Lrnr_ranger_500_TRUE_none_1_8 Lrnr_ranger_500_TRUE_none_1_10 
                      49506404                       49771531 
Lrnr_ranger_500_TRUE_none_1_12 
                      50236374 
 Lrnr_ranger_500_TRUE_none_1_8 Lrnr_ranger_500_TRUE_none_1_10 
                      28146014                       27868235 
Lrnr_ranger_500_TRUE_none_1_12 
                      27980463 
 Lrnr_ranger_500_TRUE_none_1_8 Lrnr_ranger_500_TRUE_none_1_10 
                   0.007610879                    0.007654265 
Lrnr_ranger_500_TRUE_none_1_12 
                   0.007643082 
[1] "done"
NULL
NULL
NULL
[1] "done"
[1] "all"
[1] -2060.418 -1135.982
[1] "iter: 26"
[1] 16177     8
 Lrnr_ranger_500_TRUE_none_1_8 Lrnr_ranger_500_TRUE_none_1_10 
                      48583483                       48943251 
Lrnr_ranger_500_TRUE_none_1_12 
                      49445083 
 Lrnr_ranger_500_TRUE_none_1_8 Lrnr_ranger_500_TRUE_none_1_10 
                      24167803                       24282205 
Lrnr_ranger_500_TRUE_none_1_12 
                      24256916 
 Lrnr_ranger_500_TRUE_none_1_8 Lrnr_ranger_500_TRUE_none_1_10 
                   0.007093375                    0.007107329 
Lrnr_ranger_500_TRUE_none_1_12 
                   0.007138932 
[1] "done"
NULL
NULL
NULL
[1] "done"
[1] "all"
[1] -3255.974 -2171.611
[1] "iter: 27"
[1] 16177     8
 Lrnr_ranger_500_TRUE_none_1_8 Lrnr_ranger_500_TRUE_none_1_10 
                      50102912                       50433841 
Lrnr_ranger_500_TRUE_none_1_12 
                      50999017 
 Lrnr_ranger_500_TRUE_none_1_8 Lrnr_ranger_500_TRUE_none_1_10 
                      39495354                       39742425 
Lrnr_ranger_500_TRUE_none_1_12 
                      40355159 
 Lrnr_ranger_500_TRUE_none_1_8 Lrnr_ranger_500_TRUE_none_1_10 
                   0.007163342                    0.007198741 
Lrnr_ranger_500_TRUE_none_1_12 
                   0.007245009 
[1] "done"
NULL
NULL
NULL
[1] "done"
[1] "all"
[1] -2065.26452   -20.19754
[1] "iter: 28"
[1] 16177     8
 Lrnr_ranger_500_TRUE_none_1_8 Lrnr_ranger_500_TRUE_none_1_10 
                      48901759                       49281397 
Lrnr_ranger_500_TRUE_none_1_12 
                      49880257 
 Lrnr_ranger_500_TRUE_none_1_8 Lrnr_ranger_500_TRUE_none_1_10 
                      41426771                       41322357 
Lrnr_ranger_500_TRUE_none_1_12 
                      41042221 
 Lrnr_ranger_500_TRUE_none_1_8 Lrnr_ranger_500_TRUE_none_1_10 
                   0.007624824                    0.007647397 
Lrnr_ranger_500_TRUE_none_1_12 
                   0.007696279 
[1] "done"
NULL
NULL
NULL
[1] "done"
[1] "all"
[1] -430.1171 -801.7077
[1] "iter: 29"
[1] 16177     8
 Lrnr_ranger_500_TRUE_none_1_8 Lrnr_ranger_500_TRUE_none_1_10 
                      48508242                       48928040 
Lrnr_ranger_500_TRUE_none_1_12 
                      49530699 
 Lrnr_ranger_500_TRUE_none_1_8 Lrnr_ranger_500_TRUE_none_1_10 
                      37041906                       37035654 
Lrnr_ranger_500_TRUE_none_1_12 
                      37091215 
 Lrnr_ranger_500_TRUE_none_1_8 Lrnr_ranger_500_TRUE_none_1_10 
                   0.008179316                    0.008208672 
Lrnr_ranger_500_TRUE_none_1_12 
                   0.008237898 
[1] "done"
NULL
NULL
NULL
[1] "done"
[1] "all"
[1] -1185.093 -1142.353
[1] "iter: 30"
[1] 16177     8
 Lrnr_ranger_500_TRUE_none_1_8 Lrnr_ranger_500_TRUE_none_1_10 
                      50260765                       50698499 
Lrnr_ranger_500_TRUE_none_1_12 
                      51257923 
 Lrnr_ranger_500_TRUE_none_1_8 Lrnr_ranger_500_TRUE_none_1_10 
                      26421942                       26506156 
Lrnr_ranger_500_TRUE_none_1_12 
                      26455942 
 Lrnr_ranger_500_TRUE_none_1_8 Lrnr_ranger_500_TRUE_none_1_10 
                   0.007360132                    0.007356156 
Lrnr_ranger_500_TRUE_none_1_12 
                   0.007363459 
[1] "done"
NULL
NULL
NULL
[1] "done"
[1] "all"
[1]  -686.0132 -1129.2651
[1] "iter: 31"
[1] 16177     8
 Lrnr_ranger_500_TRUE_none_1_8 Lrnr_ranger_500_TRUE_none_1_10 
                      48863883                       49251152 
Lrnr_ranger_500_TRUE_none_1_12 
                      49788987 
 Lrnr_ranger_500_TRUE_none_1_8 Lrnr_ranger_500_TRUE_none_1_10 
                      40159686                       40496884 
Lrnr_ranger_500_TRUE_none_1_12 
                      40569969 
 Lrnr_ranger_500_TRUE_none_1_8 Lrnr_ranger_500_TRUE_none_1_10 
                   0.006852749                    0.006876436 
Lrnr_ranger_500_TRUE_none_1_12 
                   0.006835261 
[1] "done"
NULL
NULL
NULL
[1] "done"
[1] "all"
[1] -1088.5739  -442.4241
[1] "iter: 32"
[1] 16177     8
 Lrnr_ranger_500_TRUE_none_1_8 Lrnr_ranger_500_TRUE_none_1_10 
                      49690347                       50055236 
Lrnr_ranger_500_TRUE_none_1_12 
                      50646631 
 Lrnr_ranger_500_TRUE_none_1_8 Lrnr_ranger_500_TRUE_none_1_10 
                      40219297                       40340279 
Lrnr_ranger_500_TRUE_none_1_12 
                      40181126 
 Lrnr_ranger_500_TRUE_none_1_8 Lrnr_ranger_500_TRUE_none_1_10 
                   0.007179526                    0.007211186 
Lrnr_ranger_500_TRUE_none_1_12 
                   0.007224711 
[1] "done"
NULL
NULL
NULL
[1] "done"
[1] "all"
[1] -1034.331  -141.510
[1] "iter: 33"
[1] 16177     8
 Lrnr_ranger_500_TRUE_none_1_8 Lrnr_ranger_500_TRUE_none_1_10 
                      49220503                       49555985 
Lrnr_ranger_500_TRUE_none_1_12 
                      50023601 
 Lrnr_ranger_500_TRUE_none_1_8 Lrnr_ranger_500_TRUE_none_1_10 
                      21445332                       21515359 
Lrnr_ranger_500_TRUE_none_1_12 
                      21481984 
 Lrnr_ranger_500_TRUE_none_1_8 Lrnr_ranger_500_TRUE_none_1_10 
                   0.007242215                    0.007280434 
Lrnr_ranger_500_TRUE_none_1_12 
                   0.007260896 
[1] "done"
NULL
NULL
NULL
[1] "done"
[1] "all"
[1] -3243.244 -3048.486
[1] "iter: 34"
[1] 16177     8
 Lrnr_ranger_500_TRUE_none_1_8 Lrnr_ranger_500_TRUE_none_1_10 
                      50053779                       50319614 
Lrnr_ranger_500_TRUE_none_1_12 
                      50795937 
 Lrnr_ranger_500_TRUE_none_1_8 Lrnr_ranger_500_TRUE_none_1_10 
                      25352366                       25431180 
Lrnr_ranger_500_TRUE_none_1_12 
                      25544700 
 Lrnr_ranger_500_TRUE_none_1_8 Lrnr_ranger_500_TRUE_none_1_10 
                   0.006950888                    0.006952927 
Lrnr_ranger_500_TRUE_none_1_12 
                   0.006986087 
[1] "done"
NULL
NULL
NULL
[1] "done"
[1] "all"
[1] -2678.245 -2488.633
[1] "iter: 35"
[1] 16177     8
 Lrnr_ranger_500_TRUE_none_1_8 Lrnr_ranger_500_TRUE_none_1_10 
                      50232931                       50681777 
Lrnr_ranger_500_TRUE_none_1_12 
                      51220911 
 Lrnr_ranger_500_TRUE_none_1_8 Lrnr_ranger_500_TRUE_none_1_10 
                      28153527                       28297703 
Lrnr_ranger_500_TRUE_none_1_12 
                      28466633 
 Lrnr_ranger_500_TRUE_none_1_8 Lrnr_ranger_500_TRUE_none_1_10 
                   0.007527373                    0.007510575 
Lrnr_ranger_500_TRUE_none_1_12 
                   0.007528586 
[1] "done"
NULL
NULL
NULL
[1] "done"
[1] "all"
[1] -908.6083 1008.1653
[1] "iter: 36"
[1] 16177     8
 Lrnr_ranger_500_TRUE_none_1_8 Lrnr_ranger_500_TRUE_none_1_10 
                      49100652                       49492384 
Lrnr_ranger_500_TRUE_none_1_12 
                      49982547 
 Lrnr_ranger_500_TRUE_none_1_8 Lrnr_ranger_500_TRUE_none_1_10 
                      19765648                       19711306 
Lrnr_ranger_500_TRUE_none_1_12 
                      19741890 
 Lrnr_ranger_500_TRUE_none_1_8 Lrnr_ranger_500_TRUE_none_1_10 
                   0.007133947                    0.007110017 
Lrnr_ranger_500_TRUE_none_1_12 
                   0.007110487 
[1] "done"
NULL
NULL
NULL
[1] "done"
[1] "all"
[1]  -889.1094 -1228.3837
[1] "iter: 37"
[1] 16177     8
 Lrnr_ranger_500_TRUE_none_1_8 Lrnr_ranger_500_TRUE_none_1_10 
                      49576965                       49747509 
Lrnr_ranger_500_TRUE_none_1_12 
                      50161202 
 Lrnr_ranger_500_TRUE_none_1_8 Lrnr_ranger_500_TRUE_none_1_10 
                      17881120                       17918696 
Lrnr_ranger_500_TRUE_none_1_12 
                      17878077 
 Lrnr_ranger_500_TRUE_none_1_8 Lrnr_ranger_500_TRUE_none_1_10 
                   0.006190376                    0.006186850 
Lrnr_ranger_500_TRUE_none_1_12 
                   0.006182928 
[1] "done"
NULL
NULL
NULL
[1] "done"
[1] "all"
[1] 629.4692 320.6057
[1] "iter: 38"
[1] 16177     8
 Lrnr_ranger_500_TRUE_none_1_8 Lrnr_ranger_500_TRUE_none_1_10 
                      49703606                       50090265 
Lrnr_ranger_500_TRUE_none_1_12 
                      50613929 
 Lrnr_ranger_500_TRUE_none_1_8 Lrnr_ranger_500_TRUE_none_1_10 
                      37103447                       37064219 
Lrnr_ranger_500_TRUE_none_1_12 
                      37111253 
 Lrnr_ranger_500_TRUE_none_1_8 Lrnr_ranger_500_TRUE_none_1_10 
                   0.007144692                    0.007141893 
Lrnr_ranger_500_TRUE_none_1_12 
                   0.007170378 
[1] "done"
NULL
NULL
NULL
[1] "done"
[1] "all"
[1] -1047.0478  -582.5813
[1] "iter: 39"
[1] 16177     8
 Lrnr_ranger_500_TRUE_none_1_8 Lrnr_ranger_500_TRUE_none_1_10 
                      48020342                       48233278 
Lrnr_ranger_500_TRUE_none_1_12 
                      48611471 
 Lrnr_ranger_500_TRUE_none_1_8 Lrnr_ranger_500_TRUE_none_1_10 
                      35069552                       34978493 
Lrnr_ranger_500_TRUE_none_1_12 
                      35004484 
 Lrnr_ranger_500_TRUE_none_1_8 Lrnr_ranger_500_TRUE_none_1_10 
                   0.007284315                    0.007332619 
Lrnr_ranger_500_TRUE_none_1_12 
                   0.007324373 
[1] "done"
NULL
NULL
NULL
[1] "done"
[1] "all"
[1] -944.9189  104.9702
[1] "iter: 40"
[1] 16177     8
 Lrnr_ranger_500_TRUE_none_1_8 Lrnr_ranger_500_TRUE_none_1_10 
                      49062132                       49348116 
Lrnr_ranger_500_TRUE_none_1_12 
                      49794261 
 Lrnr_ranger_500_TRUE_none_1_8 Lrnr_ranger_500_TRUE_none_1_10 
                      32382654                       32323849 
Lrnr_ranger_500_TRUE_none_1_12 
                      32317688 
 Lrnr_ranger_500_TRUE_none_1_8 Lrnr_ranger_500_TRUE_none_1_10 
                   0.007537522                    0.007541948 
Lrnr_ranger_500_TRUE_none_1_12 
                   0.007543729 
[1] "done"
NULL
NULL
NULL
[1] "done"
[1] "all"
[1] -3164.671 -3038.854
[1] "iter: 41"
[1] 16177     8
 Lrnr_ranger_500_TRUE_none_1_8 Lrnr_ranger_500_TRUE_none_1_10 
                      48834985                       49107772 
Lrnr_ranger_500_TRUE_none_1_12 
                      49532891 
 Lrnr_ranger_500_TRUE_none_1_8 Lrnr_ranger_500_TRUE_none_1_10 
                      33344599                       33573047 
Lrnr_ranger_500_TRUE_none_1_12 
                      33366088 
 Lrnr_ranger_500_TRUE_none_1_8 Lrnr_ranger_500_TRUE_none_1_10 
                   0.007622483                    0.007630349 
Lrnr_ranger_500_TRUE_none_1_12 
                   0.007609630 
[1] "done"
NULL
NULL
NULL
[1] "done"
[1] "all"
[1] -810.2631  316.4156
[1] "iter: 42"
[1] 16177     8
 Lrnr_ranger_500_TRUE_none_1_8 Lrnr_ranger_500_TRUE_none_1_10 
                      50047675                       50351392 
Lrnr_ranger_500_TRUE_none_1_12 
                      50827564 
 Lrnr_ranger_500_TRUE_none_1_8 Lrnr_ranger_500_TRUE_none_1_10 
                      31958453                       31981416 
Lrnr_ranger_500_TRUE_none_1_12 
                      31950439 
 Lrnr_ranger_500_TRUE_none_1_8 Lrnr_ranger_500_TRUE_none_1_10 
                   0.008080026                    0.008102256 
Lrnr_ranger_500_TRUE_none_1_12 
                   0.008108978 
[1] "done"
NULL
NULL
NULL
[1] "done"
[1] "all"
[1] -2223.339 -2295.192
[1] "iter: 43"
[1] 16177     8
 Lrnr_ranger_500_TRUE_none_1_8 Lrnr_ranger_500_TRUE_none_1_10 
                      49592724                       49959967 
Lrnr_ranger_500_TRUE_none_1_12 
                      50472480 
 Lrnr_ranger_500_TRUE_none_1_8 Lrnr_ranger_500_TRUE_none_1_10 
                      27844363                       27794650 
Lrnr_ranger_500_TRUE_none_1_12 
                      27746864 
 Lrnr_ranger_500_TRUE_none_1_8 Lrnr_ranger_500_TRUE_none_1_10 
                   0.007808262                    0.007810127 
Lrnr_ranger_500_TRUE_none_1_12 
                   0.007821124 
[1] "done"
NULL
NULL
NULL
[1] "done"
[1] "all"
[1] -1027.9245  -563.8434
[1] "iter: 44"
[1] 16177     8
 Lrnr_ranger_500_TRUE_none_1_8 Lrnr_ranger_500_TRUE_none_1_10 
                      47609376                       47991666 
Lrnr_ranger_500_TRUE_none_1_12 
                      48593071 
 Lrnr_ranger_500_TRUE_none_1_8 Lrnr_ranger_500_TRUE_none_1_10 
                      22784548                       22701543 
Lrnr_ranger_500_TRUE_none_1_12 
                      22767588 
 Lrnr_ranger_500_TRUE_none_1_8 Lrnr_ranger_500_TRUE_none_1_10 
                   0.007508720                    0.007519496 
Lrnr_ranger_500_TRUE_none_1_12 
                   0.007517828 
[1] "done"
NULL
NULL
NULL
[1] "done"
[1] "all"
[1] -1653.166 -1522.853
[1] "iter: 45"
[1] 16177     8
 Lrnr_ranger_500_TRUE_none_1_8 Lrnr_ranger_500_TRUE_none_1_10 
                      48516392                       48817225 
Lrnr_ranger_500_TRUE_none_1_12 
                      49384345 
 Lrnr_ranger_500_TRUE_none_1_8 Lrnr_ranger_500_TRUE_none_1_10 
                      35907165                       36047700 
Lrnr_ranger_500_TRUE_none_1_12 
                      35841301 
 Lrnr_ranger_500_TRUE_none_1_8 Lrnr_ranger_500_TRUE_none_1_10 
                   0.007686656                    0.007663539 
Lrnr_ranger_500_TRUE_none_1_12 
                   0.007674537 
[1] "done"
NULL
NULL
NULL
[1] "done"
[1] "all"
[1] -1472.812 -1414.528
[1] "iter: 46"
[1] 16177     8
 Lrnr_ranger_500_TRUE_none_1_8 Lrnr_ranger_500_TRUE_none_1_10 
                      48451659                       48857471 
Lrnr_ranger_500_TRUE_none_1_12 
                      49378447 
 Lrnr_ranger_500_TRUE_none_1_8 Lrnr_ranger_500_TRUE_none_1_10 
                      23359647                       23471401 
Lrnr_ranger_500_TRUE_none_1_12 
                      23393767 
 Lrnr_ranger_500_TRUE_none_1_8 Lrnr_ranger_500_TRUE_none_1_10 
                   0.007348229                    0.007398106 
Lrnr_ranger_500_TRUE_none_1_12 
                   0.007416278 
[1] "done"
NULL
NULL
NULL
[1] "done"
[1] "all"
[1] -1548.385 -1412.682
[1] "iter: 47"
[1] 16177     8
 Lrnr_ranger_500_TRUE_none_1_8 Lrnr_ranger_500_TRUE_none_1_10 
                      50087724                       50494161 
Lrnr_ranger_500_TRUE_none_1_12 
                      51018311 
 Lrnr_ranger_500_TRUE_none_1_8 Lrnr_ranger_500_TRUE_none_1_10 
                      45510262                       45676878 
Lrnr_ranger_500_TRUE_none_1_12 
                      45718318 
 Lrnr_ranger_500_TRUE_none_1_8 Lrnr_ranger_500_TRUE_none_1_10 
                   0.006665991                    0.006674652 
Lrnr_ranger_500_TRUE_none_1_12 
                   0.006687798 
[1] "done"
NULL
NULL
NULL
[1] "done"
[1] "all"
[1] -2756.056  -153.776
[1] "iter: 48"
[1] 16177     8
 Lrnr_ranger_500_TRUE_none_1_8 Lrnr_ranger_500_TRUE_none_1_10 
                      48779503                       49096708 
Lrnr_ranger_500_TRUE_none_1_12 
                      49608431 
 Lrnr_ranger_500_TRUE_none_1_8 Lrnr_ranger_500_TRUE_none_1_10 
                      39713914                       39981144 
Lrnr_ranger_500_TRUE_none_1_12 
                      39571495 
 Lrnr_ranger_500_TRUE_none_1_8 Lrnr_ranger_500_TRUE_none_1_10 
                   0.007955181                    0.007996120 
Lrnr_ranger_500_TRUE_none_1_12 
                   0.008013559 
[1] "done"
NULL
NULL
NULL
[1] "done"
[1] "all"
[1]  580.2959 1170.8325
[1] "iter: 49"
[1] 16177     8
 Lrnr_ranger_500_TRUE_none_1_8 Lrnr_ranger_500_TRUE_none_1_10 
                      49292959                       49577476 
Lrnr_ranger_500_TRUE_none_1_12 
                      49964528 
 Lrnr_ranger_500_TRUE_none_1_8 Lrnr_ranger_500_TRUE_none_1_10 
                      49134663                       49458365 
Lrnr_ranger_500_TRUE_none_1_12 
                      48704874 
 Lrnr_ranger_500_TRUE_none_1_8 Lrnr_ranger_500_TRUE_none_1_10 
                   0.006528750                    0.006526066 
Lrnr_ranger_500_TRUE_none_1_12 
                   0.006504292 
[1] "done"
NULL
NULL
NULL
[1] "done"
[1] "all"
[1] -1542.2343  -895.1294
[1] "iter: 50"
[1] 16177     8
 Lrnr_ranger_500_TRUE_none_1_8 Lrnr_ranger_500_TRUE_none_1_10 
                      49028816                       49393280 
Lrnr_ranger_500_TRUE_none_1_12 
                      49916993 
 Lrnr_ranger_500_TRUE_none_1_8 Lrnr_ranger_500_TRUE_none_1_10 
                      32861909                       32981729 
Lrnr_ranger_500_TRUE_none_1_12 
                      32942959 
 Lrnr_ranger_500_TRUE_none_1_8 Lrnr_ranger_500_TRUE_none_1_10 
                   0.007501424                    0.007518040 
Lrnr_ranger_500_TRUE_none_1_12 
                   0.007547282 
[1] "done"
NULL
NULL
NULL
[1] "done"
[1] "all"
[1] -1769.0028   178.7316
[1] "iter: 51"
[1] 16177     8
 Lrnr_ranger_500_TRUE_none_1_8 Lrnr_ranger_500_TRUE_none_1_10 
                      49424893                       49809901 
Lrnr_ranger_500_TRUE_none_1_12 
                      50407770 
 Lrnr_ranger_500_TRUE_none_1_8 Lrnr_ranger_500_TRUE_none_1_10 
                      18709932                       18705435 
Lrnr_ranger_500_TRUE_none_1_12 
                      18732357 
 Lrnr_ranger_500_TRUE_none_1_8 Lrnr_ranger_500_TRUE_none_1_10 
                   0.007014514                    0.007024296 
Lrnr_ranger_500_TRUE_none_1_12 
                   0.007047421 
[1] "done"
NULL
NULL
NULL
[1] "done"
[1] "all"
[1] -3656.866 -3230.092
[1] "iter: 52"
[1] 16177     8
 Lrnr_ranger_500_TRUE_none_1_8 Lrnr_ranger_500_TRUE_none_1_10 
                      48503599                       48822786 
Lrnr_ranger_500_TRUE_none_1_12 
                      49392171 
 Lrnr_ranger_500_TRUE_none_1_8 Lrnr_ranger_500_TRUE_none_1_10 
                      32374380                       32506748 
Lrnr_ranger_500_TRUE_none_1_12 
                      32309994 
 Lrnr_ranger_500_TRUE_none_1_8 Lrnr_ranger_500_TRUE_none_1_10 
                   0.006915349                    0.006885765 
Lrnr_ranger_500_TRUE_none_1_12 
                   0.006890707 
[1] "done"
NULL
NULL
NULL
[1] "done"
[1] "all"
[1] -954.6288 2410.4980
[1] "iter: 53"
[1] 16177     8
 Lrnr_ranger_500_TRUE_none_1_8 Lrnr_ranger_500_TRUE_none_1_10 
                      49825172                       50071741 
Lrnr_ranger_500_TRUE_none_1_12 
                      50481836 
 Lrnr_ranger_500_TRUE_none_1_8 Lrnr_ranger_500_TRUE_none_1_10 
                      48327000                       48917473 
Lrnr_ranger_500_TRUE_none_1_12 
                      49964392 
 Lrnr_ranger_500_TRUE_none_1_8 Lrnr_ranger_500_TRUE_none_1_10 
                   0.007171984                    0.007163899 
Lrnr_ranger_500_TRUE_none_1_12 
                   0.007188818 
[1] "done"
NULL
NULL
NULL
[1] "done"
[1] "all"
[1] -2421.499 -1533.872
[1] "iter: 54"
[1] 16177     8
 Lrnr_ranger_500_TRUE_none_1_8 Lrnr_ranger_500_TRUE_none_1_10 
                      48076435                       48475479 
Lrnr_ranger_500_TRUE_none_1_12 
                      48970766 
 Lrnr_ranger_500_TRUE_none_1_8 Lrnr_ranger_500_TRUE_none_1_10 
                      32727133                       32852712 
Lrnr_ranger_500_TRUE_none_1_12 
                      32720967 
 Lrnr_ranger_500_TRUE_none_1_8 Lrnr_ranger_500_TRUE_none_1_10 
                   0.007138366                    0.007105420 
Lrnr_ranger_500_TRUE_none_1_12 
                   0.007116482 
[1] "done"
NULL
NULL
NULL
[1] "done"
[1] "all"
[1] -2459.187 -1548.469
[1] "iter: 55"
[1] 16177     8
 Lrnr_ranger_500_TRUE_none_1_8 Lrnr_ranger_500_TRUE_none_1_10 
                      49399740                       49661763 
Lrnr_ranger_500_TRUE_none_1_12 
                      50085569 
 Lrnr_ranger_500_TRUE_none_1_8 Lrnr_ranger_500_TRUE_none_1_10 
                      35782989                       35751294 
Lrnr_ranger_500_TRUE_none_1_12 
                      35743406 
 Lrnr_ranger_500_TRUE_none_1_8 Lrnr_ranger_500_TRUE_none_1_10 
                   0.007307357                    0.007369275 
Lrnr_ranger_500_TRUE_none_1_12 
                   0.007386503 
[1] "done"
NULL
NULL
NULL
[1] "done"
[1] "all"
[1] -1606.755 -1796.549
[1] "iter: 56"
[1] 16177     8
 Lrnr_ranger_500_TRUE_none_1_8 Lrnr_ranger_500_TRUE_none_1_10 
                      49318623                       49642410 
Lrnr_ranger_500_TRUE_none_1_12 
                      50119281 
 Lrnr_ranger_500_TRUE_none_1_8 Lrnr_ranger_500_TRUE_none_1_10 
                      30653614                       30945785 
Lrnr_ranger_500_TRUE_none_1_12 
                      30744147 
 Lrnr_ranger_500_TRUE_none_1_8 Lrnr_ranger_500_TRUE_none_1_10 
                   0.006966168                    0.006935708 
Lrnr_ranger_500_TRUE_none_1_12 
                   0.006948265 
[1] "done"
NULL
NULL
NULL
[1] "done"
[1] "all"
[1] -1029.285  1102.765
[1] "iter: 57"
[1] 16177     8
 Lrnr_ranger_500_TRUE_none_1_8 Lrnr_ranger_500_TRUE_none_1_10 
                      48715125                       48922657 
Lrnr_ranger_500_TRUE_none_1_12 
                      49384689 
 Lrnr_ranger_500_TRUE_none_1_8 Lrnr_ranger_500_TRUE_none_1_10 
                      22014777                       22004244 
Lrnr_ranger_500_TRUE_none_1_12 
                      22046894 
 Lrnr_ranger_500_TRUE_none_1_8 Lrnr_ranger_500_TRUE_none_1_10 
                   0.006854196                    0.006824214 
Lrnr_ranger_500_TRUE_none_1_12 
                   0.006838960 
[1] "done"
NULL
NULL
NULL
[1] "done"
[1] "all"
[1]  667.8017 1975.2919
[1] "iter: 58"
[1] 16177     8
 Lrnr_ranger_500_TRUE_none_1_8 Lrnr_ranger_500_TRUE_none_1_10 
                      50065657                       50423226 
Lrnr_ranger_500_TRUE_none_1_12 
                      50974659 
 Lrnr_ranger_500_TRUE_none_1_8 Lrnr_ranger_500_TRUE_none_1_10 
                      33240635                       33187026 
Lrnr_ranger_500_TRUE_none_1_12 
                      33225606 
 Lrnr_ranger_500_TRUE_none_1_8 Lrnr_ranger_500_TRUE_none_1_10 
                   0.007036156                    0.007066716 
Lrnr_ranger_500_TRUE_none_1_12 
                   0.007065161 
[1] "done"
NULL
NULL
NULL
[1] "done"
[1] "all"
[1] -3381.794 -3210.283
[1] "iter: 59"
[1] 16177     8
 Lrnr_ranger_500_TRUE_none_1_8 Lrnr_ranger_500_TRUE_none_1_10 
                      48789594                       49167403 
Lrnr_ranger_500_TRUE_none_1_12 
                      49691847 
 Lrnr_ranger_500_TRUE_none_1_8 Lrnr_ranger_500_TRUE_none_1_10 
                      31010065                       30965936 
Lrnr_ranger_500_TRUE_none_1_12 
                      30974707 
 Lrnr_ranger_500_TRUE_none_1_8 Lrnr_ranger_500_TRUE_none_1_10 
                   0.006721971                    0.006768322 
Lrnr_ranger_500_TRUE_none_1_12 
                   0.006775727 
[1] "done"
NULL
NULL
NULL
[1] "done"
[1] "all"
[1] -1491.417  -863.745
[1] "iter: 60"
[1] 16177     8
 Lrnr_ranger_500_TRUE_none_1_8 Lrnr_ranger_500_TRUE_none_1_10 
                      49251186                       49546824 
Lrnr_ranger_500_TRUE_none_1_12 
                      50033498 
 Lrnr_ranger_500_TRUE_none_1_8 Lrnr_ranger_500_TRUE_none_1_10 
                      38820149                       38588787 
Lrnr_ranger_500_TRUE_none_1_12 
                      38815586 
 Lrnr_ranger_500_TRUE_none_1_8 Lrnr_ranger_500_TRUE_none_1_10 
                   0.007610055                    0.007614967 
Lrnr_ranger_500_TRUE_none_1_12 
                   0.007616514 
[1] "done"
NULL
NULL
NULL
[1] "done"
[1] "all"
[1] -393.61938   52.55752
[1] "iter: 61"
[1] 16177     8
 Lrnr_ranger_500_TRUE_none_1_8 Lrnr_ranger_500_TRUE_none_1_10 
                      49422322                       49672490 
Lrnr_ranger_500_TRUE_none_1_12 
                      50170410 
 Lrnr_ranger_500_TRUE_none_1_8 Lrnr_ranger_500_TRUE_none_1_10 
                      25946490                       26048257 
Lrnr_ranger_500_TRUE_none_1_12 
                      25921807 
 Lrnr_ranger_500_TRUE_none_1_8 Lrnr_ranger_500_TRUE_none_1_10 
                   0.007391704                    0.007406487 
Lrnr_ranger_500_TRUE_none_1_12 
                   0.007465063 
[1] "done"
NULL
NULL
NULL
[1] "done"
[1] "all"
[1]  -918.1158 -1180.6489
[1] "iter: 62"
[1] 16177     8
 Lrnr_ranger_500_TRUE_none_1_8 Lrnr_ranger_500_TRUE_none_1_10 
                      49565199                       49857074 
Lrnr_ranger_500_TRUE_none_1_12 
                      50338309 
 Lrnr_ranger_500_TRUE_none_1_8 Lrnr_ranger_500_TRUE_none_1_10 
                      35849532                       35585094 
Lrnr_ranger_500_TRUE_none_1_12 
                      35947880 
 Lrnr_ranger_500_TRUE_none_1_8 Lrnr_ranger_500_TRUE_none_1_10 
                   0.007079486                    0.007111372 
Lrnr_ranger_500_TRUE_none_1_12 
                   0.007121645 
[1] "done"
NULL
NULL
NULL
[1] "done"
[1] "all"
[1] -42.93643 110.61454
[1] "iter: 63"
[1] 16177     8
 Lrnr_ranger_500_TRUE_none_1_8 Lrnr_ranger_500_TRUE_none_1_10 
                      48746091                       49137811 
Lrnr_ranger_500_TRUE_none_1_12 
                      49687209 
 Lrnr_ranger_500_TRUE_none_1_8 Lrnr_ranger_500_TRUE_none_1_10 
                      35476476                       35672973 
Lrnr_ranger_500_TRUE_none_1_12 
                      35512058 
 Lrnr_ranger_500_TRUE_none_1_8 Lrnr_ranger_500_TRUE_none_1_10 
                   0.008577238                    0.008598363 
Lrnr_ranger_500_TRUE_none_1_12 
                   0.008587678 
[1] "done"
NULL
NULL
NULL
[1] "done"
[1] "all"
[1] -2343.453 -1313.069
[1] "iter: 64"
[1] 16177     8
 Lrnr_ranger_500_TRUE_none_1_8 Lrnr_ranger_500_TRUE_none_1_10 
                      49592616                       49903002 
Lrnr_ranger_500_TRUE_none_1_12 
                      50357469 
 Lrnr_ranger_500_TRUE_none_1_8 Lrnr_ranger_500_TRUE_none_1_10 
                      34674225                       34768599 
Lrnr_ranger_500_TRUE_none_1_12 
                      34715400 
 Lrnr_ranger_500_TRUE_none_1_8 Lrnr_ranger_500_TRUE_none_1_10 
                   0.007312569                    0.007300094 
Lrnr_ranger_500_TRUE_none_1_12 
                   0.007305375 
[1] "done"
NULL
NULL
NULL
[1] "done"
[1] "all"
[1] -2387.0825  -176.4182
[1] "iter: 65"
[1] 16177     8
 Lrnr_ranger_500_TRUE_none_1_8 Lrnr_ranger_500_TRUE_none_1_10 
                      47967754                       48366249 
Lrnr_ranger_500_TRUE_none_1_12 
                      48874487 
 Lrnr_ranger_500_TRUE_none_1_8 Lrnr_ranger_500_TRUE_none_1_10 
                      35622497                       35630046 
Lrnr_ranger_500_TRUE_none_1_12 
                      35386744 
 Lrnr_ranger_500_TRUE_none_1_8 Lrnr_ranger_500_TRUE_none_1_10 
                   0.006677648                    0.006657644 
Lrnr_ranger_500_TRUE_none_1_12 
                   0.006665281 
[1] "done"
NULL
NULL
NULL
[1] "done"
[1] "all"
[1] -1454.515 -1623.496
[1] "iter: 66"
[1] 16177     8
 Lrnr_ranger_500_TRUE_none_1_8 Lrnr_ranger_500_TRUE_none_1_10 
                      48799599                       49125765 
Lrnr_ranger_500_TRUE_none_1_12 
                      49602815 
 Lrnr_ranger_500_TRUE_none_1_8 Lrnr_ranger_500_TRUE_none_1_10 
                      36768979                       36752036 
Lrnr_ranger_500_TRUE_none_1_12 
                      36872849 
 Lrnr_ranger_500_TRUE_none_1_8 Lrnr_ranger_500_TRUE_none_1_10 
                   0.007083386                    0.007059418 
Lrnr_ranger_500_TRUE_none_1_12 
                   0.007052722 
[1] "done"
NULL
NULL
NULL
[1] "done"
[1] "all"
[1] -837.1800 -662.6996
[1] "iter: 67"
[1] 16177     8
 Lrnr_ranger_500_TRUE_none_1_8 Lrnr_ranger_500_TRUE_none_1_10 
                      49369521                       49739024 
Lrnr_ranger_500_TRUE_none_1_12 
                      50277123 
 Lrnr_ranger_500_TRUE_none_1_8 Lrnr_ranger_500_TRUE_none_1_10 
                      41438913                       41517852 
Lrnr_ranger_500_TRUE_none_1_12 
                      41579124 
 Lrnr_ranger_500_TRUE_none_1_8 Lrnr_ranger_500_TRUE_none_1_10 
                   0.006911642                    0.006915407 
Lrnr_ranger_500_TRUE_none_1_12 
                   0.006889774 
[1] "done"
NULL
NULL
NULL
[1] "done"
[1] "all"
[1] 610.58075  57.62588
[1] "iter: 68"
[1] 16177     8
 Lrnr_ranger_500_TRUE_none_1_8 Lrnr_ranger_500_TRUE_none_1_10 
                      49360165                       49640948 
Lrnr_ranger_500_TRUE_none_1_12 
                      50187319 
 Lrnr_ranger_500_TRUE_none_1_8 Lrnr_ranger_500_TRUE_none_1_10 
                      23479442                       23478702 
Lrnr_ranger_500_TRUE_none_1_12 
                      23607836 
 Lrnr_ranger_500_TRUE_none_1_8 Lrnr_ranger_500_TRUE_none_1_10 
                   0.008106879                    0.008111838 
Lrnr_ranger_500_TRUE_none_1_12 
                   0.008143956 
[1] "done"
NULL
NULL
NULL
[1] "done"
[1] "all"
[1] -1149.8534  -800.3496
[1] "iter: 69"
[1] 16177     8
 Lrnr_ranger_500_TRUE_none_1_8 Lrnr_ranger_500_TRUE_none_1_10 
                      48234315                       48597036 
Lrnr_ranger_500_TRUE_none_1_12 
                      49136181 
 Lrnr_ranger_500_TRUE_none_1_8 Lrnr_ranger_500_TRUE_none_1_10 
                      24267896                       24168544 
Lrnr_ranger_500_TRUE_none_1_12 
                      24237096 
 Lrnr_ranger_500_TRUE_none_1_8 Lrnr_ranger_500_TRUE_none_1_10 
                   0.007334843                    0.007326560 
Lrnr_ranger_500_TRUE_none_1_12 
                   0.007327178 
[1] "done"
NULL
NULL
NULL
[1] "done"
[1] "all"
[1] -1237.6073  -889.4166
[1] "iter: 70"
[1] 16177     8
 Lrnr_ranger_500_TRUE_none_1_8 Lrnr_ranger_500_TRUE_none_1_10 
                      49195513                       49506521 
Lrnr_ranger_500_TRUE_none_1_12 
                      50002329 
 Lrnr_ranger_500_TRUE_none_1_8 Lrnr_ranger_500_TRUE_none_1_10 
                      32316138                       32371772 
Lrnr_ranger_500_TRUE_none_1_12 
                      32394346 
 Lrnr_ranger_500_TRUE_none_1_8 Lrnr_ranger_500_TRUE_none_1_10 
                   0.008214252                    0.008253004 
Lrnr_ranger_500_TRUE_none_1_12 
                   0.008256267 
[1] "done"
NULL
NULL
NULL
[1] "done"
[1] "all"
[1]  942.9032 1020.2671
[1] "iter: 71"
[1] 16177     8
 Lrnr_ranger_500_TRUE_none_1_8 Lrnr_ranger_500_TRUE_none_1_10 
                      48524108                       48918727 
Lrnr_ranger_500_TRUE_none_1_12 
                      49560768 
 Lrnr_ranger_500_TRUE_none_1_8 Lrnr_ranger_500_TRUE_none_1_10 
                      33850316                       34116620 
Lrnr_ranger_500_TRUE_none_1_12 
                      34102404 
 Lrnr_ranger_500_TRUE_none_1_8 Lrnr_ranger_500_TRUE_none_1_10 
                   0.007084529                    0.007084157 
Lrnr_ranger_500_TRUE_none_1_12 
                   0.007066635 
[1] "done"
NULL
NULL
NULL
[1] "done"
[1] "all"
[1] -2730.4222  -529.8072
[1] "iter: 72"
[1] 16177     8
 Lrnr_ranger_500_TRUE_none_1_8 Lrnr_ranger_500_TRUE_none_1_10 
                      48882967                       49126736 
Lrnr_ranger_500_TRUE_none_1_12 
                      49608564 
 Lrnr_ranger_500_TRUE_none_1_8 Lrnr_ranger_500_TRUE_none_1_10 
                      28229023                       28112436 
Lrnr_ranger_500_TRUE_none_1_12 
                      28065496 
 Lrnr_ranger_500_TRUE_none_1_8 Lrnr_ranger_500_TRUE_none_1_10 
                   0.006757668                    0.006792119 
Lrnr_ranger_500_TRUE_none_1_12 
                   0.006790286 
[1] "done"
NULL
NULL
NULL
[1] "done"
[1] "all"
[1]  -94.18621 -806.09253
[1] "iter: 73"
[1] 16177     8
 Lrnr_ranger_500_TRUE_none_1_8 Lrnr_ranger_500_TRUE_none_1_10 
                      48940369                       49205436 
Lrnr_ranger_500_TRUE_none_1_12 
                      49650781 
 Lrnr_ranger_500_TRUE_none_1_8 Lrnr_ranger_500_TRUE_none_1_10 
                      26532946                       26518169 
Lrnr_ranger_500_TRUE_none_1_12 
                      26583197 
 Lrnr_ranger_500_TRUE_none_1_8 Lrnr_ranger_500_TRUE_none_1_10 
                   0.006799241                    0.006832092 
Lrnr_ranger_500_TRUE_none_1_12 
                   0.006842510 
[1] "done"
NULL
NULL
NULL
[1] "done"
[1] "all"
[1] -2394.280 -1057.327
[1] "iter: 74"
[1] 16177     8
 Lrnr_ranger_500_TRUE_none_1_8 Lrnr_ranger_500_TRUE_none_1_10 
                      50131543                       50529769 
Lrnr_ranger_500_TRUE_none_1_12 
                      51150500 
 Lrnr_ranger_500_TRUE_none_1_8 Lrnr_ranger_500_TRUE_none_1_10 
                      26387249                       26449233 
Lrnr_ranger_500_TRUE_none_1_12 
                      26445780 
 Lrnr_ranger_500_TRUE_none_1_8 Lrnr_ranger_500_TRUE_none_1_10 
                   0.007070168                    0.007119012 
Lrnr_ranger_500_TRUE_none_1_12 
                   0.007086732 
[1] "done"
NULL
NULL
NULL
[1] "done"
[1] "all"
[1] -1171.0286  -365.6117
[1] "iter: 75"
[1] 16177     8
 Lrnr_ranger_500_TRUE_none_1_8 Lrnr_ranger_500_TRUE_none_1_10 
                      50133633                       50513729 
Lrnr_ranger_500_TRUE_none_1_12 
                      51139497 
 Lrnr_ranger_500_TRUE_none_1_8 Lrnr_ranger_500_TRUE_none_1_10 
                      37184923                       37456098 
Lrnr_ranger_500_TRUE_none_1_12 
                      37353696 
 Lrnr_ranger_500_TRUE_none_1_8 Lrnr_ranger_500_TRUE_none_1_10 
                   0.007093132                    0.007125195 
Lrnr_ranger_500_TRUE_none_1_12 
                   0.007122625 
[1] "done"
NULL
NULL
NULL
[1] "done"
[1] "all"
[1] -943.6738 -717.9906
[1] "iter: 76"
[1] 16177     8
 Lrnr_ranger_500_TRUE_none_1_8 Lrnr_ranger_500_TRUE_none_1_10 
                      49384557                       49710575 
Lrnr_ranger_500_TRUE_none_1_12 
                      50203921 
 Lrnr_ranger_500_TRUE_none_1_8 Lrnr_ranger_500_TRUE_none_1_10 
                      15045803                       15046978 
Lrnr_ranger_500_TRUE_none_1_12 
                      14987138 
 Lrnr_ranger_500_TRUE_none_1_8 Lrnr_ranger_500_TRUE_none_1_10 
                   0.007437784                    0.007387503 
Lrnr_ranger_500_TRUE_none_1_12 
                   0.007388899 
[1] "done"
NULL
NULL
NULL
[1] "done"
[1] "all"
[1] -2146.254 -1068.433
[1] "iter: 77"
[1] 16177     8
 Lrnr_ranger_500_TRUE_none_1_8 Lrnr_ranger_500_TRUE_none_1_10 
                      49642493                       49967384 
Lrnr_ranger_500_TRUE_none_1_12 
                      50496957 
 Lrnr_ranger_500_TRUE_none_1_8 Lrnr_ranger_500_TRUE_none_1_10 
                      20293654                       20436604 
Lrnr_ranger_500_TRUE_none_1_12 
                      20181665 
 Lrnr_ranger_500_TRUE_none_1_8 Lrnr_ranger_500_TRUE_none_1_10 
                   0.007409134                    0.007448304 
Lrnr_ranger_500_TRUE_none_1_12 
                   0.007455804 
[1] "done"
NULL
NULL
NULL
[1] "done"
[1] "all"
[1] -2489.077 -1149.244
[1] "iter: 78"
[1] 16177     8
 Lrnr_ranger_500_TRUE_none_1_8 Lrnr_ranger_500_TRUE_none_1_10 
                      49171837                       49525096 
Lrnr_ranger_500_TRUE_none_1_12 
                      50105670 
 Lrnr_ranger_500_TRUE_none_1_8 Lrnr_ranger_500_TRUE_none_1_10 
                      26089756                       26152616 
Lrnr_ranger_500_TRUE_none_1_12 
                      26126012 
 Lrnr_ranger_500_TRUE_none_1_8 Lrnr_ranger_500_TRUE_none_1_10 
                   0.007467384                    0.007513187 
Lrnr_ranger_500_TRUE_none_1_12 
                   0.007501063 
[1] "done"
NULL
NULL
NULL
[1] "done"
[1] "all"
[1] -1559.995  -545.802
[1] "iter: 79"
[1] 16177     8
 Lrnr_ranger_500_TRUE_none_1_8 Lrnr_ranger_500_TRUE_none_1_10 
                      49336840                       49671811 
Lrnr_ranger_500_TRUE_none_1_12 
                      50193012 
 Lrnr_ranger_500_TRUE_none_1_8 Lrnr_ranger_500_TRUE_none_1_10 
                      29702858                       29643907 
Lrnr_ranger_500_TRUE_none_1_12 
                      29611160 
 Lrnr_ranger_500_TRUE_none_1_8 Lrnr_ranger_500_TRUE_none_1_10 
                   0.007536435                    0.007585840 
Lrnr_ranger_500_TRUE_none_1_12 
                   0.007621324 
[1] "done"
NULL
NULL
NULL
[1] "done"
[1] "all"
[1] 594.293258  -6.093698
[1] "iter: 80"
[1] 16177     8
 Lrnr_ranger_500_TRUE_none_1_8 Lrnr_ranger_500_TRUE_none_1_10 
                      49186885                       49573581 
Lrnr_ranger_500_TRUE_none_1_12 
                      50119209 
 Lrnr_ranger_500_TRUE_none_1_8 Lrnr_ranger_500_TRUE_none_1_10 
                      36958912                       36955093 
Lrnr_ranger_500_TRUE_none_1_12 
                      36948685 
 Lrnr_ranger_500_TRUE_none_1_8 Lrnr_ranger_500_TRUE_none_1_10 
                   0.007781434                    0.007749339 
Lrnr_ranger_500_TRUE_none_1_12 
                   0.007739126 
[1] "done"
NULL
NULL
NULL
[1] "done"
[1] "all"
[1] -522.0443  231.5959
[1] "iter: 81"
[1] 16177     8
 Lrnr_ranger_500_TRUE_none_1_8 Lrnr_ranger_500_TRUE_none_1_10 
                      48171489                       48538431 
Lrnr_ranger_500_TRUE_none_1_12 
                      48996318 
 Lrnr_ranger_500_TRUE_none_1_8 Lrnr_ranger_500_TRUE_none_1_10 
                      28995039                       29125297 
Lrnr_ranger_500_TRUE_none_1_12 
                      28989084 
 Lrnr_ranger_500_TRUE_none_1_8 Lrnr_ranger_500_TRUE_none_1_10 
                   0.007046016                    0.007024181 
Lrnr_ranger_500_TRUE_none_1_12 
                   0.007027045 
[1] "done"
NULL
NULL
NULL
[1] "done"
[1] "all"
[1] -151.1925 -760.2434
[1] "iter: 82"
[1] 16177     8
 Lrnr_ranger_500_TRUE_none_1_8 Lrnr_ranger_500_TRUE_none_1_10 
                      48124026                       48395991 
Lrnr_ranger_500_TRUE_none_1_12 
                      48855090 
 Lrnr_ranger_500_TRUE_none_1_8 Lrnr_ranger_500_TRUE_none_1_10 
                      37960325                       37869372 
Lrnr_ranger_500_TRUE_none_1_12 
                      37820662 
 Lrnr_ranger_500_TRUE_none_1_8 Lrnr_ranger_500_TRUE_none_1_10 
                   0.006857727                    0.006847749 
Lrnr_ranger_500_TRUE_none_1_12 
                   0.006859165 
[1] "done"
NULL
NULL
NULL
[1] "done"
[1] "all"
[1] -390.9013  188.2624
[1] "iter: 83"
[1] 16177     8
 Lrnr_ranger_500_TRUE_none_1_8 Lrnr_ranger_500_TRUE_none_1_10 
                      48871066                       49204369 
Lrnr_ranger_500_TRUE_none_1_12 
                      49662982 
 Lrnr_ranger_500_TRUE_none_1_8 Lrnr_ranger_500_TRUE_none_1_10 
                      37612217                       37664197 
Lrnr_ranger_500_TRUE_none_1_12 
                      37376521 
 Lrnr_ranger_500_TRUE_none_1_8 Lrnr_ranger_500_TRUE_none_1_10 
                   0.007053748                    0.007053635 
Lrnr_ranger_500_TRUE_none_1_12 
                   0.007057964 
[1] "done"
NULL
NULL
NULL
[1] "done"
[1] "all"
[1] -1311.9712  -845.5696
[1] "iter: 84"
[1] 16177     8
 Lrnr_ranger_500_TRUE_none_1_8 Lrnr_ranger_500_TRUE_none_1_10 
                      49836904                       50177738 
Lrnr_ranger_500_TRUE_none_1_12 
                      50760684 
 Lrnr_ranger_500_TRUE_none_1_8 Lrnr_ranger_500_TRUE_none_1_10 
                      38112452                       38244811 
Lrnr_ranger_500_TRUE_none_1_12 
                      38037722 
 Lrnr_ranger_500_TRUE_none_1_8 Lrnr_ranger_500_TRUE_none_1_10 
                   0.006892952                    0.006909202 
Lrnr_ranger_500_TRUE_none_1_12 
                   0.006878947 
[1] "done"
NULL
NULL
NULL
[1] "done"
[1] "all"
[1] 1079.0063  823.4661
[1] "iter: 85"
[1] 16177     8
 Lrnr_ranger_500_TRUE_none_1_8 Lrnr_ranger_500_TRUE_none_1_10 
                      49006516                       49343023 
Lrnr_ranger_500_TRUE_none_1_12 
                      49841079 
 Lrnr_ranger_500_TRUE_none_1_8 Lrnr_ranger_500_TRUE_none_1_10 
                      28554787                       28685415 
Lrnr_ranger_500_TRUE_none_1_12 
                      28598740 
 Lrnr_ranger_500_TRUE_none_1_8 Lrnr_ranger_500_TRUE_none_1_10 
                   0.006996960                    0.007016897 
Lrnr_ranger_500_TRUE_none_1_12 
                   0.006983479 
[1] "done"
NULL
NULL
NULL
[1] "done"
[1] "all"
[1]   41.2947 -429.9594
[1] "iter: 86"
[1] 16177     8
 Lrnr_ranger_500_TRUE_none_1_8 Lrnr_ranger_500_TRUE_none_1_10 
                      48583556                       48975598 
Lrnr_ranger_500_TRUE_none_1_12 
                      49516080 
 Lrnr_ranger_500_TRUE_none_1_8 Lrnr_ranger_500_TRUE_none_1_10 
                      30490963                       30561913 
Lrnr_ranger_500_TRUE_none_1_12 
                      30540238 
 Lrnr_ranger_500_TRUE_none_1_8 Lrnr_ranger_500_TRUE_none_1_10 
                   0.006876170                    0.006858393 
Lrnr_ranger_500_TRUE_none_1_12 
                   0.006875324 
[1] "done"
NULL
NULL
NULL
[1] "done"
[1] "all"
[1] -2626.5165  -475.0122
[1] "iter: 87"
[1] 16177     8
 Lrnr_ranger_500_TRUE_none_1_8 Lrnr_ranger_500_TRUE_none_1_10 
                      48714724                       48975580 
Lrnr_ranger_500_TRUE_none_1_12 
                      49409690 
 Lrnr_ranger_500_TRUE_none_1_8 Lrnr_ranger_500_TRUE_none_1_10 
                      26781181                       26800070 
Lrnr_ranger_500_TRUE_none_1_12 
                      26568860 
 Lrnr_ranger_500_TRUE_none_1_8 Lrnr_ranger_500_TRUE_none_1_10 
                   0.006702497                    0.006699359 
Lrnr_ranger_500_TRUE_none_1_12 
                   0.006731372 
[1] "done"
NULL
NULL
NULL
[1] "done"
[1] "all"
[1] -1847.583 -1586.319
[1] "iter: 88"
[1] 16177     8
 Lrnr_ranger_500_TRUE_none_1_8 Lrnr_ranger_500_TRUE_none_1_10 
                      50135331                       50471545 
Lrnr_ranger_500_TRUE_none_1_12 
                      50991654 
 Lrnr_ranger_500_TRUE_none_1_8 Lrnr_ranger_500_TRUE_none_1_10 
                      49646223                       49780656 
Lrnr_ranger_500_TRUE_none_1_12 
                      49582523 
 Lrnr_ranger_500_TRUE_none_1_8 Lrnr_ranger_500_TRUE_none_1_10 
                   0.007361257                    0.007406673 
Lrnr_ranger_500_TRUE_none_1_12 
                   0.007403264 
[1] "done"
NULL
NULL
NULL
[1] "done"
[1] "all"
[1]   -78.56501 -1476.77187
[1] "iter: 89"
[1] 16177     8
 Lrnr_ranger_500_TRUE_none_1_8 Lrnr_ranger_500_TRUE_none_1_10 
                      50371219                       50736749 
Lrnr_ranger_500_TRUE_none_1_12 
                      51269038 
 Lrnr_ranger_500_TRUE_none_1_8 Lrnr_ranger_500_TRUE_none_1_10 
                      22064595                       21961724 
Lrnr_ranger_500_TRUE_none_1_12 
                      22029314 
 Lrnr_ranger_500_TRUE_none_1_8 Lrnr_ranger_500_TRUE_none_1_10 
                   0.008089123                    0.008077970 
Lrnr_ranger_500_TRUE_none_1_12 
                   0.008104256 
[1] "done"
NULL
NULL
NULL
[1] "done"
[1] "all"
[1] -2153.9175   508.9015
[1] "iter: 90"
[1] 16177     8
 Lrnr_ranger_500_TRUE_none_1_8 Lrnr_ranger_500_TRUE_none_1_10 
                      49652772                       49938150 
Lrnr_ranger_500_TRUE_none_1_12 
                      50378573 
 Lrnr_ranger_500_TRUE_none_1_8 Lrnr_ranger_500_TRUE_none_1_10 
                      26810827                       26940897 
Lrnr_ranger_500_TRUE_none_1_12 
                      26807408 
 Lrnr_ranger_500_TRUE_none_1_8 Lrnr_ranger_500_TRUE_none_1_10 
                   0.006618249                    0.006642963 
Lrnr_ranger_500_TRUE_none_1_12 
                   0.006641875 
[1] "done"
NULL
NULL
NULL
[1] "done"
[1] "all"
[1] -610.1823 -588.2820
[1] "iter: 91"
[1] 16177     8
 Lrnr_ranger_500_TRUE_none_1_8 Lrnr_ranger_500_TRUE_none_1_10 
                      49452334                       49689314 
Lrnr_ranger_500_TRUE_none_1_12 
                      50119411 
 Lrnr_ranger_500_TRUE_none_1_8 Lrnr_ranger_500_TRUE_none_1_10 
                      31178474                       30849100 
Lrnr_ranger_500_TRUE_none_1_12 
                      30854566 
 Lrnr_ranger_500_TRUE_none_1_8 Lrnr_ranger_500_TRUE_none_1_10 
                   0.007366195                    0.007407868 
Lrnr_ranger_500_TRUE_none_1_12 
                   0.007404223 
[1] "done"
NULL
NULL
NULL
[1] "done"
[1] "all"
[1] 230.85756  81.49698
[1] "iter: 92"
[1] 16177     8
 Lrnr_ranger_500_TRUE_none_1_8 Lrnr_ranger_500_TRUE_none_1_10 
                      48713958                       48961243 
Lrnr_ranger_500_TRUE_none_1_12 
                      49420432 
 Lrnr_ranger_500_TRUE_none_1_8 Lrnr_ranger_500_TRUE_none_1_10 
                      49032735                       49055812 
Lrnr_ranger_500_TRUE_none_1_12 
                      48983566 
 Lrnr_ranger_500_TRUE_none_1_8 Lrnr_ranger_500_TRUE_none_1_10 
                   0.006367886                    0.006394247 
Lrnr_ranger_500_TRUE_none_1_12 
                   0.006410918 
[1] "done"
NULL
NULL
NULL
[1] "done"
[1] "all"
[1] -758.6995  992.1870
[1] "iter: 93"
[1] 16177     8
 Lrnr_ranger_500_TRUE_none_1_8 Lrnr_ranger_500_TRUE_none_1_10 
                      50047468                       50351734 
Lrnr_ranger_500_TRUE_none_1_12 
                      50800143 
 Lrnr_ranger_500_TRUE_none_1_8 Lrnr_ranger_500_TRUE_none_1_10 
                      36498489                       36472512 
Lrnr_ranger_500_TRUE_none_1_12 
                      36426382 
 Lrnr_ranger_500_TRUE_none_1_8 Lrnr_ranger_500_TRUE_none_1_10 
                   0.007358497                    0.007380575 
Lrnr_ranger_500_TRUE_none_1_12 
                   0.007421920 
[1] "done"
NULL
NULL
NULL
[1] "done"
[1] "all"
[1] -2687.938 -2585.424
[1] "iter: 94"
[1] 16177     8
 Lrnr_ranger_500_TRUE_none_1_8 Lrnr_ranger_500_TRUE_none_1_10 
                      49329332                       49724420 
Lrnr_ranger_500_TRUE_none_1_12 
                      50303973 
 Lrnr_ranger_500_TRUE_none_1_8 Lrnr_ranger_500_TRUE_none_1_10 
                      25975014                       25860782 
Lrnr_ranger_500_TRUE_none_1_12 
                      25848244 
 Lrnr_ranger_500_TRUE_none_1_8 Lrnr_ranger_500_TRUE_none_1_10 
                   0.006801248                    0.006791580 
Lrnr_ranger_500_TRUE_none_1_12 
                   0.006831036 
[1] "done"
NULL
NULL
NULL
[1] "done"
[1] "all"
[1] -2512.4191  -571.2473
[1] "iter: 95"
[1] 16177     8
 Lrnr_ranger_500_TRUE_none_1_8 Lrnr_ranger_500_TRUE_none_1_10 
                      49901606                       50124162 
Lrnr_ranger_500_TRUE_none_1_12 
                      50526515 
 Lrnr_ranger_500_TRUE_none_1_8 Lrnr_ranger_500_TRUE_none_1_10 
                      24645926                       24537204 
Lrnr_ranger_500_TRUE_none_1_12 
                      24568399 
 Lrnr_ranger_500_TRUE_none_1_8 Lrnr_ranger_500_TRUE_none_1_10 
                   0.007177103                    0.007156547 
Lrnr_ranger_500_TRUE_none_1_12 
                   0.007202612 
[1] "done"
NULL
NULL
NULL
[1] "done"
[1] "all"
[1] 1243.1898  651.9246
[1] "iter: 96"
[1] 16177     8
 Lrnr_ranger_500_TRUE_none_1_8 Lrnr_ranger_500_TRUE_none_1_10 
                      48958266                       49268561 
Lrnr_ranger_500_TRUE_none_1_12 
                      49772023 
 Lrnr_ranger_500_TRUE_none_1_8 Lrnr_ranger_500_TRUE_none_1_10 
                      33517108                       33440306 
Lrnr_ranger_500_TRUE_none_1_12 
                      33361342 
 Lrnr_ranger_500_TRUE_none_1_8 Lrnr_ranger_500_TRUE_none_1_10 
                   0.006685231                    0.006704321 
Lrnr_ranger_500_TRUE_none_1_12 
                   0.006709248 
[1] "done"
NULL
NULL
NULL
[1] "done"
[1] "all"
[1] -2553.846 -2419.005
[1] "iter: 97"
[1] 16177     8
 Lrnr_ranger_500_TRUE_none_1_8 Lrnr_ranger_500_TRUE_none_1_10 
                      48818642                       49019806 
Lrnr_ranger_500_TRUE_none_1_12 
                      49474348 
 Lrnr_ranger_500_TRUE_none_1_8 Lrnr_ranger_500_TRUE_none_1_10 
                      37901027                       37969840 
Lrnr_ranger_500_TRUE_none_1_12 
                      37711254 
 Lrnr_ranger_500_TRUE_none_1_8 Lrnr_ranger_500_TRUE_none_1_10 
                   0.007691001                    0.007704630 
Lrnr_ranger_500_TRUE_none_1_12 
                   0.007713017 
[1] "done"
NULL
NULL
NULL
[1] "done"
[1] "all"
[1] -2388.333 -2644.085
[1] "iter: 98"
[1] 16177     8
 Lrnr_ranger_500_TRUE_none_1_8 Lrnr_ranger_500_TRUE_none_1_10 
                      48924121                       49291647 
Lrnr_ranger_500_TRUE_none_1_12 
                      49873695 
 Lrnr_ranger_500_TRUE_none_1_8 Lrnr_ranger_500_TRUE_none_1_10 
                      28339418                       28327157 
Lrnr_ranger_500_TRUE_none_1_12 
                      28343641 
 Lrnr_ranger_500_TRUE_none_1_8 Lrnr_ranger_500_TRUE_none_1_10 
                   0.006568221                    0.006551074 
Lrnr_ranger_500_TRUE_none_1_12 
                   0.006544428 
[1] "done"
NULL
NULL
NULL
[1] "done"
[1] "all"
[1] -2588.784 -1656.354
[1] "iter: 99"
[1] 16177     8
 Lrnr_ranger_500_TRUE_none_1_8 Lrnr_ranger_500_TRUE_none_1_10 
                      50633746                       51039369 
Lrnr_ranger_500_TRUE_none_1_12 
                      51582776 
 Lrnr_ranger_500_TRUE_none_1_8 Lrnr_ranger_500_TRUE_none_1_10 
                      24141621                       23965599 
Lrnr_ranger_500_TRUE_none_1_12 
                      23903619 
 Lrnr_ranger_500_TRUE_none_1_8 Lrnr_ranger_500_TRUE_none_1_10 
                   0.007313600                    0.007363259 
Lrnr_ranger_500_TRUE_none_1_12 
                   0.007386475 
[1] "done"
NULL
NULL
NULL
[1] "done"
[1] "all"
[1]  -67.27207 -545.23916
       estimate    CI_left    CI_right misp estimator lrnr     n       ATE iter
  1:  -7508.179  -9183.492  -5573.5336    1     auDRI  all 16177 -6977.128    0
  2:  -6766.068  -6998.649  -6533.4864    1      AIPW  all 16177 -6977.128    0
  3:  -8049.526  -9446.424  -6627.1231    2     auDRI  all 16177 -6977.128    0
  4:  -8868.139  -9088.013  -8648.2652    2      AIPW  all 16177 -6977.128    0
  5:  -8367.360  -9542.567  -6662.1206    3     auDRI  all 16177 -6977.128    0
 ---                                                                           
596:  -7485.580  -7722.752  -7248.4074    1      AIPW  all 16177 -7024.926   99
597:  -3722.800  -6950.890   -202.8311    2     auDRI  all 16177 -7024.926   99
598: -10268.819 -10531.766 -10005.8720    2      AIPW  all 16177 -7024.926   99
599:  -7092.198  -8976.737  -5228.8190    3     auDRI  all 16177 -7024.926   99
600:  -7570.165  -7991.568  -7148.7622    3      AIPW  all 16177 -7024.926   99
