LOADING R
R LOADED
[1] "/home/lvanderl/Rlibs2"                         
[2] "/app/software/R/4.3.1-gfbf-2022b/lib/R/library"
[1] "/home/lvanderl/sieveSims"
[1] "twins"
  [1]  0  1  2  3  4  5  6  7  8  9 10 11 12 13 14 15 16 17 18 19 20 21 22 23 24
 [26] 25 26 27 28 29 30 31 32 33 34 35 36 37 38 39 40 41 42 43 44 45 46 47 48 49
 [51] 50 51 52 53 54 55 56 57 58 59 60 61 62 63 64 65 66 67 68 69 70 71 72 73 74
 [76] 75 76 77 78 79 80 81 82 83 84 85 86 87 88 89 90 91 92 93 94 95 96 97 98 99
[1] "iter: 0"
[1] 11984    75
[1] "Lrnr_cv"
[1] "Lrnr_screener_coefs_0_NULL_2"
 [1] "Lrnr_ranger_500_TRUE_none_1_10"         
 [2] "Lrnr_earth_1_3_backward_0_1_0_0"        
 [3] "Lrnr_earth_2_3_backward_0_1_0_0"        
 [4] "Lrnr_gam_NULL_NULL_GCV.Cp"              
 [5] "Lrnr_glmnet_NULL_deviance_10_1_100_TRUE"
 [6] "Lrnr_glm_TRUE"                          
 [7] "Lrnr_xgboost_10_1_10_2_0.2"             
 [8] "Lrnr_xgboost_10_1_10_3_0.2"             
 [9] "Lrnr_xgboost_10_1_10_4_0.2"             
[10] "Lrnr_xgboost_10_1_10_5_0.2"             
[11] "Lrnr_xgboost_20_1_10_1_0.2"             
[12] "Lrnr_xgboost_20_1_10_2_0.2"             
[13] "Lrnr_xgboost_20_1_10_3_0.2"             
[14] "Lrnr_xgboost_20_1_10_4_0.2"             
[15] "Lrnr_xgboost_20_1_10_5_0.2"             
[1] "Lrnr_cv_selector_NULL"
[1] "Lrnr_cv"
[1] "Lrnr_screener_coefs_0_NULL_2"
 [1] "Lrnr_ranger_500_TRUE_none_1_10"         
 [2] "Lrnr_earth_1_3_backward_0_1_0_0"        
 [3] "Lrnr_earth_2_3_backward_0_1_0_0"        
 [4] "Lrnr_gam_NULL_NULL_GCV.Cp"              
 [5] "Lrnr_glmnet_NULL_deviance_10_1_100_TRUE"
 [6] "Lrnr_glm_TRUE"                          
 [7] "Lrnr_xgboost_10_1_10_2_0.2"             
 [8] "Lrnr_xgboost_10_1_10_3_0.2"             
 [9] "Lrnr_xgboost_10_1_10_4_0.2"             
[10] "Lrnr_xgboost_10_1_10_5_0.2"             
[11] "Lrnr_xgboost_20_1_10_1_0.2"             
[12] "Lrnr_xgboost_20_1_10_2_0.2"             
[13] "Lrnr_xgboost_20_1_10_3_0.2"             
[14] "Lrnr_xgboost_20_1_10_4_0.2"             
[15] "Lrnr_xgboost_20_1_10_5_0.2"             
[1] "Lrnr_cv_selector_NULL"
         Lrnr_ranger_500_TRUE_none_1_10         Lrnr_earth_1_3_backward_0_1_0_0 
                              0.1882801                               0.1873879 
        Lrnr_earth_2_3_backward_0_1_0_0               Lrnr_gam_NULL_NULL_GCV.Cp 
                              0.1872841                               0.1870781 
Lrnr_glmnet_NULL_deviance_10_1_100_TRUE                           Lrnr_glm_TRUE 
                              0.1870199                               0.1870781 
             Lrnr_xgboost_10_1_10_2_0.2              Lrnr_xgboost_10_1_10_3_0.2 
                              0.1881265                               0.1880981 
             Lrnr_xgboost_10_1_10_4_0.2              Lrnr_xgboost_10_1_10_5_0.2 
                              0.1882402                               0.1885892 
             Lrnr_xgboost_20_1_10_1_0.2              Lrnr_xgboost_20_1_10_2_0.2 
                              0.1873329                               0.1871656 
             Lrnr_xgboost_20_1_10_3_0.2              Lrnr_xgboost_20_1_10_4_0.2 
                              0.1873848                               0.1877838 
             Lrnr_xgboost_20_1_10_5_0.2 
                              0.1885904 
[1] "done"
[1] "Lrnr_cv"
[1] "Lrnr_mean"
[1] "Lrnr_cv"
[1] "Lrnr_mean"
NULL
[1] "done"
[1] "all"
[1] "iter: 1"
[1] 11984    75
[1] "Lrnr_cv"
[1] "Lrnr_screener_coefs_0_NULL_2"
 [1] "Lrnr_ranger_500_TRUE_none_1_10"         
 [2] "Lrnr_earth_1_3_backward_0_1_0_0"        
 [3] "Lrnr_earth_2_3_backward_0_1_0_0"        
 [4] "Lrnr_gam_NULL_NULL_GCV.Cp"              
 [5] "Lrnr_glmnet_NULL_deviance_10_1_100_TRUE"
 [6] "Lrnr_glm_TRUE"                          
 [7] "Lrnr_xgboost_10_1_10_2_0.2"             
 [8] "Lrnr_xgboost_10_1_10_3_0.2"             
 [9] "Lrnr_xgboost_10_1_10_4_0.2"             
[10] "Lrnr_xgboost_10_1_10_5_0.2"             
[11] "Lrnr_xgboost_20_1_10_1_0.2"             
[12] "Lrnr_xgboost_20_1_10_2_0.2"             
[13] "Lrnr_xgboost_20_1_10_3_0.2"             
[14] "Lrnr_xgboost_20_1_10_4_0.2"             
[15] "Lrnr_xgboost_20_1_10_5_0.2"             
[1] "Lrnr_cv_selector_NULL"
[1] "Lrnr_cv"
[1] "Lrnr_screener_coefs_0_NULL_2"
 [1] "Lrnr_ranger_500_TRUE_none_1_10"         
 [2] "Lrnr_earth_1_3_backward_0_1_0_0"        
 [3] "Lrnr_earth_2_3_backward_0_1_0_0"        
 [4] "Lrnr_gam_NULL_NULL_GCV.Cp"              
 [5] "Lrnr_glmnet_NULL_deviance_10_1_100_TRUE"
 [6] "Lrnr_glm_TRUE"                          
 [7] "Lrnr_xgboost_10_1_10_2_0.2"             
 [8] "Lrnr_xgboost_10_1_10_3_0.2"             
 [9] "Lrnr_xgboost_10_1_10_4_0.2"             
[10] "Lrnr_xgboost_10_1_10_5_0.2"             
[11] "Lrnr_xgboost_20_1_10_1_0.2"             
[12] "Lrnr_xgboost_20_1_10_2_0.2"             
[13] "Lrnr_xgboost_20_1_10_3_0.2"             
[14] "Lrnr_xgboost_20_1_10_4_0.2"             
[15] "Lrnr_xgboost_20_1_10_5_0.2"             
[1] "Lrnr_cv_selector_NULL"
         Lrnr_ranger_500_TRUE_none_1_10         Lrnr_earth_1_3_backward_0_1_0_0 
                              0.1901476                               0.1895210 
        Lrnr_earth_2_3_backward_0_1_0_0               Lrnr_gam_NULL_NULL_GCV.Cp 
                              0.1896463                               0.1885177 
Lrnr_glmnet_NULL_deviance_10_1_100_TRUE                           Lrnr_glm_TRUE 
                              0.1884993                               0.1885177 
             Lrnr_xgboost_10_1_10_2_0.2              Lrnr_xgboost_10_1_10_3_0.2 
                              0.1903794                               0.1903318 
             Lrnr_xgboost_10_1_10_4_0.2              Lrnr_xgboost_10_1_10_5_0.2 
                              0.1903477                               0.1904919 
             Lrnr_xgboost_20_1_10_1_0.2              Lrnr_xgboost_20_1_10_2_0.2 
                              0.1895943                               0.1892128 
             Lrnr_xgboost_20_1_10_3_0.2              Lrnr_xgboost_20_1_10_4_0.2 
                              0.1894365                               0.1898299 
             Lrnr_xgboost_20_1_10_5_0.2 
                              0.1901296 
[1] "done"
[1] "Lrnr_cv"
[1] "Lrnr_mean"
[1] "Lrnr_cv"
[1] "Lrnr_mean"
NULL
[1] "done"
[1] "all"
[1] "iter: 2"
[1] 11984    75
[1] "Lrnr_cv"
[1] "Lrnr_screener_coefs_0_NULL_2"
 [1] "Lrnr_ranger_500_TRUE_none_1_10"         
 [2] "Lrnr_earth_1_3_backward_0_1_0_0"        
 [3] "Lrnr_earth_2_3_backward_0_1_0_0"        
 [4] "Lrnr_gam_NULL_NULL_GCV.Cp"              
 [5] "Lrnr_glmnet_NULL_deviance_10_1_100_TRUE"
 [6] "Lrnr_glm_TRUE"                          
 [7] "Lrnr_xgboost_10_1_10_2_0.2"             
 [8] "Lrnr_xgboost_10_1_10_3_0.2"             
 [9] "Lrnr_xgboost_10_1_10_4_0.2"             
[10] "Lrnr_xgboost_10_1_10_5_0.2"             
[11] "Lrnr_xgboost_20_1_10_1_0.2"             
[12] "Lrnr_xgboost_20_1_10_2_0.2"             
[13] "Lrnr_xgboost_20_1_10_3_0.2"             
[14] "Lrnr_xgboost_20_1_10_4_0.2"             
[15] "Lrnr_xgboost_20_1_10_5_0.2"             
[1] "Lrnr_cv_selector_NULL"
[1] "Lrnr_cv"
[1] "Lrnr_screener_coefs_0_NULL_2"
 [1] "Lrnr_ranger_500_TRUE_none_1_10"         
 [2] "Lrnr_earth_1_3_backward_0_1_0_0"        
 [3] "Lrnr_earth_2_3_backward_0_1_0_0"        
 [4] "Lrnr_gam_NULL_NULL_GCV.Cp"              
 [5] "Lrnr_glmnet_NULL_deviance_10_1_100_TRUE"
 [6] "Lrnr_glm_TRUE"                          
 [7] "Lrnr_xgboost_10_1_10_2_0.2"             
 [8] "Lrnr_xgboost_10_1_10_3_0.2"             
 [9] "Lrnr_xgboost_10_1_10_4_0.2"             
[10] "Lrnr_xgboost_10_1_10_5_0.2"             
[11] "Lrnr_xgboost_20_1_10_1_0.2"             
[12] "Lrnr_xgboost_20_1_10_2_0.2"             
[13] "Lrnr_xgboost_20_1_10_3_0.2"             
[14] "Lrnr_xgboost_20_1_10_4_0.2"             
[15] "Lrnr_xgboost_20_1_10_5_0.2"             
[1] "Lrnr_cv_selector_NULL"
         Lrnr_ranger_500_TRUE_none_1_10         Lrnr_earth_1_3_backward_0_1_0_0 
                              0.1886570                               0.1882029 
        Lrnr_earth_2_3_backward_0_1_0_0               Lrnr_gam_NULL_NULL_GCV.Cp 
                              0.1886154                               0.1872277 
Lrnr_glmnet_NULL_deviance_10_1_100_TRUE                           Lrnr_glm_TRUE 
                              0.1871924                               0.1872277 
             Lrnr_xgboost_10_1_10_2_0.2              Lrnr_xgboost_10_1_10_3_0.2 
                              0.1890881                               0.1889565 
             Lrnr_xgboost_10_1_10_4_0.2              Lrnr_xgboost_10_1_10_5_0.2 
                              0.1888169                               0.1889150 
             Lrnr_xgboost_20_1_10_1_0.2              Lrnr_xgboost_20_1_10_2_0.2 
                              0.1883719                               0.1879031 
             Lrnr_xgboost_20_1_10_3_0.2              Lrnr_xgboost_20_1_10_4_0.2 
                              0.1878791                               0.1879979 
             Lrnr_xgboost_20_1_10_5_0.2 
                              0.1884953 
[1] "done"
[1] "Lrnr_cv"
[1] "Lrnr_mean"
[1] "Lrnr_cv"
[1] "Lrnr_mean"
NULL
[1] "done"
[1] "all"
[1] "iter: 3"
[1] 11984    75
[1] "Lrnr_cv"
[1] "Lrnr_screener_coefs_0_NULL_2"
 [1] "Lrnr_ranger_500_TRUE_none_1_10"         
 [2] "Lrnr_earth_1_3_backward_0_1_0_0"        
 [3] "Lrnr_earth_2_3_backward_0_1_0_0"        
 [4] "Lrnr_gam_NULL_NULL_GCV.Cp"              
 [5] "Lrnr_glmnet_NULL_deviance_10_1_100_TRUE"
 [6] "Lrnr_glm_TRUE"                          
 [7] "Lrnr_xgboost_10_1_10_2_0.2"             
 [8] "Lrnr_xgboost_10_1_10_3_0.2"             
 [9] "Lrnr_xgboost_10_1_10_4_0.2"             
[10] "Lrnr_xgboost_10_1_10_5_0.2"             
[11] "Lrnr_xgboost_20_1_10_1_0.2"             
[12] "Lrnr_xgboost_20_1_10_2_0.2"             
[13] "Lrnr_xgboost_20_1_10_3_0.2"             
[14] "Lrnr_xgboost_20_1_10_4_0.2"             
[15] "Lrnr_xgboost_20_1_10_5_0.2"             
[1] "Lrnr_cv_selector_NULL"
[1] "Lrnr_cv"
[1] "Lrnr_screener_coefs_0_NULL_2"
 [1] "Lrnr_ranger_500_TRUE_none_1_10"         
 [2] "Lrnr_earth_1_3_backward_0_1_0_0"        
 [3] "Lrnr_earth_2_3_backward_0_1_0_0"        
 [4] "Lrnr_gam_NULL_NULL_GCV.Cp"              
 [5] "Lrnr_glmnet_NULL_deviance_10_1_100_TRUE"
 [6] "Lrnr_glm_TRUE"                          
 [7] "Lrnr_xgboost_10_1_10_2_0.2"             
 [8] "Lrnr_xgboost_10_1_10_3_0.2"             
 [9] "Lrnr_xgboost_10_1_10_4_0.2"             
[10] "Lrnr_xgboost_10_1_10_5_0.2"             
[11] "Lrnr_xgboost_20_1_10_1_0.2"             
[12] "Lrnr_xgboost_20_1_10_2_0.2"             
[13] "Lrnr_xgboost_20_1_10_3_0.2"             
[14] "Lrnr_xgboost_20_1_10_4_0.2"             
[15] "Lrnr_xgboost_20_1_10_5_0.2"             
[1] "Lrnr_cv_selector_NULL"
         Lrnr_ranger_500_TRUE_none_1_10         Lrnr_earth_1_3_backward_0_1_0_0 
                              0.1865461                               0.1854598 
        Lrnr_earth_2_3_backward_0_1_0_0               Lrnr_gam_NULL_NULL_GCV.Cp 
                              0.1859113                               0.1850615 
Lrnr_glmnet_NULL_deviance_10_1_100_TRUE                           Lrnr_glm_TRUE 
                              0.1850136                               0.1850615 
             Lrnr_xgboost_10_1_10_2_0.2              Lrnr_xgboost_10_1_10_3_0.2 
                              0.1871454                               0.1869589 
             Lrnr_xgboost_10_1_10_4_0.2              Lrnr_xgboost_10_1_10_5_0.2 
                              0.1868635                               0.1872715 
             Lrnr_xgboost_20_1_10_1_0.2              Lrnr_xgboost_20_1_10_2_0.2 
                              0.1861547                               0.1859721 
             Lrnr_xgboost_20_1_10_3_0.2              Lrnr_xgboost_20_1_10_4_0.2 
                              0.1859631                               0.1860907 
             Lrnr_xgboost_20_1_10_5_0.2 
                              0.1868139 
[1] "done"
[1] "Lrnr_cv"
[1] "Lrnr_mean"
[1] "Lrnr_cv"
[1] "Lrnr_mean"
NULL
[1] "done"
[1] "all"
[1] "iter: 4"
[1] 11984    75
[1] "Lrnr_cv"
[1] "Lrnr_screener_coefs_0_NULL_2"
 [1] "Lrnr_ranger_500_TRUE_none_1_10"         
 [2] "Lrnr_earth_1_3_backward_0_1_0_0"        
 [3] "Lrnr_earth_2_3_backward_0_1_0_0"        
 [4] "Lrnr_gam_NULL_NULL_GCV.Cp"              
 [5] "Lrnr_glmnet_NULL_deviance_10_1_100_TRUE"
 [6] "Lrnr_glm_TRUE"                          
 [7] "Lrnr_xgboost_10_1_10_2_0.2"             
 [8] "Lrnr_xgboost_10_1_10_3_0.2"             
 [9] "Lrnr_xgboost_10_1_10_4_0.2"             
[10] "Lrnr_xgboost_10_1_10_5_0.2"             
[11] "Lrnr_xgboost_20_1_10_1_0.2"             
[12] "Lrnr_xgboost_20_1_10_2_0.2"             
[13] "Lrnr_xgboost_20_1_10_3_0.2"             
[14] "Lrnr_xgboost_20_1_10_4_0.2"             
[15] "Lrnr_xgboost_20_1_10_5_0.2"             
[1] "Lrnr_cv_selector_NULL"
[1] "Lrnr_cv"
[1] "Lrnr_screener_coefs_0_NULL_2"
 [1] "Lrnr_ranger_500_TRUE_none_1_10"         
 [2] "Lrnr_earth_1_3_backward_0_1_0_0"        
 [3] "Lrnr_earth_2_3_backward_0_1_0_0"        
 [4] "Lrnr_gam_NULL_NULL_GCV.Cp"              
 [5] "Lrnr_glmnet_NULL_deviance_10_1_100_TRUE"
 [6] "Lrnr_glm_TRUE"                          
 [7] "Lrnr_xgboost_10_1_10_2_0.2"             
 [8] "Lrnr_xgboost_10_1_10_3_0.2"             
 [9] "Lrnr_xgboost_10_1_10_4_0.2"             
[10] "Lrnr_xgboost_10_1_10_5_0.2"             
[11] "Lrnr_xgboost_20_1_10_1_0.2"             
[12] "Lrnr_xgboost_20_1_10_2_0.2"             
[13] "Lrnr_xgboost_20_1_10_3_0.2"             
[14] "Lrnr_xgboost_20_1_10_4_0.2"             
[15] "Lrnr_xgboost_20_1_10_5_0.2"             
[1] "Lrnr_cv_selector_NULL"
         Lrnr_ranger_500_TRUE_none_1_10         Lrnr_earth_1_3_backward_0_1_0_0 
                              0.1833949                               0.1829027 
        Lrnr_earth_2_3_backward_0_1_0_0               Lrnr_gam_NULL_NULL_GCV.Cp 
                              0.1831570                               0.1828621 
Lrnr_glmnet_NULL_deviance_10_1_100_TRUE                           Lrnr_glm_TRUE 
                              0.1828303                               0.1828621 
             Lrnr_xgboost_10_1_10_2_0.2              Lrnr_xgboost_10_1_10_3_0.2 
                              0.1839510                               0.1838022 
             Lrnr_xgboost_10_1_10_4_0.2              Lrnr_xgboost_10_1_10_5_0.2 
                              0.1839458                               0.1841579 
             Lrnr_xgboost_20_1_10_1_0.2              Lrnr_xgboost_20_1_10_2_0.2 
                              0.1830867                               0.1829364 
             Lrnr_xgboost_20_1_10_3_0.2              Lrnr_xgboost_20_1_10_4_0.2 
                              0.1830569                               0.1832817 
             Lrnr_xgboost_20_1_10_5_0.2 
                              0.1838691 
[1] "done"
[1] "Lrnr_cv"
[1] "Lrnr_mean"
[1] "Lrnr_cv"
[1] "Lrnr_mean"
NULL
[1] "done"
[1] "all"
[1] "iter: 5"
[1] 11984    75
[1] "Lrnr_cv"
[1] "Lrnr_screener_coefs_0_NULL_2"
 [1] "Lrnr_ranger_500_TRUE_none_1_10"         
 [2] "Lrnr_earth_1_3_backward_0_1_0_0"        
 [3] "Lrnr_earth_2_3_backward_0_1_0_0"        
 [4] "Lrnr_gam_NULL_NULL_GCV.Cp"              
 [5] "Lrnr_glmnet_NULL_deviance_10_1_100_TRUE"
 [6] "Lrnr_glm_TRUE"                          
 [7] "Lrnr_xgboost_10_1_10_2_0.2"             
 [8] "Lrnr_xgboost_10_1_10_3_0.2"             
 [9] "Lrnr_xgboost_10_1_10_4_0.2"             
[10] "Lrnr_xgboost_10_1_10_5_0.2"             
[11] "Lrnr_xgboost_20_1_10_1_0.2"             
[12] "Lrnr_xgboost_20_1_10_2_0.2"             
[13] "Lrnr_xgboost_20_1_10_3_0.2"             
[14] "Lrnr_xgboost_20_1_10_4_0.2"             
[15] "Lrnr_xgboost_20_1_10_5_0.2"             
[1] "Lrnr_cv_selector_NULL"
[1] "Lrnr_cv"
[1] "Lrnr_screener_coefs_0_NULL_2"
 [1] "Lrnr_ranger_500_TRUE_none_1_10"         
 [2] "Lrnr_earth_1_3_backward_0_1_0_0"        
 [3] "Lrnr_earth_2_3_backward_0_1_0_0"        
 [4] "Lrnr_gam_NULL_NULL_GCV.Cp"              
 [5] "Lrnr_glmnet_NULL_deviance_10_1_100_TRUE"
 [6] "Lrnr_glm_TRUE"                          
 [7] "Lrnr_xgboost_10_1_10_2_0.2"             
 [8] "Lrnr_xgboost_10_1_10_3_0.2"             
 [9] "Lrnr_xgboost_10_1_10_4_0.2"             
[10] "Lrnr_xgboost_10_1_10_5_0.2"             
[11] "Lrnr_xgboost_20_1_10_1_0.2"             
[12] "Lrnr_xgboost_20_1_10_2_0.2"             
[13] "Lrnr_xgboost_20_1_10_3_0.2"             
[14] "Lrnr_xgboost_20_1_10_4_0.2"             
[15] "Lrnr_xgboost_20_1_10_5_0.2"             
[1] "Lrnr_cv_selector_NULL"
         Lrnr_ranger_500_TRUE_none_1_10         Lrnr_earth_1_3_backward_0_1_0_0 
                              0.1851482                               0.1854325 
        Lrnr_earth_2_3_backward_0_1_0_0               Lrnr_gam_NULL_NULL_GCV.Cp 
                              0.1851631                               0.1852186 
Lrnr_glmnet_NULL_deviance_10_1_100_TRUE                           Lrnr_glm_TRUE 
                              0.1851717                               0.1852186 
             Lrnr_xgboost_10_1_10_2_0.2              Lrnr_xgboost_10_1_10_3_0.2 
                              0.1861588                               0.1861157 
             Lrnr_xgboost_10_1_10_4_0.2              Lrnr_xgboost_10_1_10_5_0.2 
                              0.1861544                               0.1861895 
             Lrnr_xgboost_20_1_10_1_0.2              Lrnr_xgboost_20_1_10_2_0.2 
                              0.1854024                               0.1853562 
             Lrnr_xgboost_20_1_10_3_0.2              Lrnr_xgboost_20_1_10_4_0.2 
                              0.1854246                               0.1855101 
             Lrnr_xgboost_20_1_10_5_0.2 
                              0.1857007 
[1] "done"
[1] "Lrnr_cv"
[1] "Lrnr_mean"
[1] "Lrnr_cv"
[1] "Lrnr_mean"
NULL
[1] "done"
[1] "all"
[1] "iter: 6"
[1] 11984    75
[1] "Lrnr_cv"
[1] "Lrnr_screener_coefs_0_NULL_2"
 [1] "Lrnr_ranger_500_TRUE_none_1_10"         
 [2] "Lrnr_earth_1_3_backward_0_1_0_0"        
 [3] "Lrnr_earth_2_3_backward_0_1_0_0"        
 [4] "Lrnr_gam_NULL_NULL_GCV.Cp"              
 [5] "Lrnr_glmnet_NULL_deviance_10_1_100_TRUE"
 [6] "Lrnr_glm_TRUE"                          
 [7] "Lrnr_xgboost_10_1_10_2_0.2"             
 [8] "Lrnr_xgboost_10_1_10_3_0.2"             
 [9] "Lrnr_xgboost_10_1_10_4_0.2"             
[10] "Lrnr_xgboost_10_1_10_5_0.2"             
[11] "Lrnr_xgboost_20_1_10_1_0.2"             
[12] "Lrnr_xgboost_20_1_10_2_0.2"             
[13] "Lrnr_xgboost_20_1_10_3_0.2"             
[14] "Lrnr_xgboost_20_1_10_4_0.2"             
[15] "Lrnr_xgboost_20_1_10_5_0.2"             
[1] "Lrnr_cv_selector_NULL"
[1] "Lrnr_cv"
[1] "Lrnr_screener_coefs_0_NULL_2"
 [1] "Lrnr_ranger_500_TRUE_none_1_10"         
 [2] "Lrnr_earth_1_3_backward_0_1_0_0"        
 [3] "Lrnr_earth_2_3_backward_0_1_0_0"        
 [4] "Lrnr_gam_NULL_NULL_GCV.Cp"              
 [5] "Lrnr_glmnet_NULL_deviance_10_1_100_TRUE"
 [6] "Lrnr_glm_TRUE"                          
 [7] "Lrnr_xgboost_10_1_10_2_0.2"             
 [8] "Lrnr_xgboost_10_1_10_3_0.2"             
 [9] "Lrnr_xgboost_10_1_10_4_0.2"             
[10] "Lrnr_xgboost_10_1_10_5_0.2"             
[11] "Lrnr_xgboost_20_1_10_1_0.2"             
[12] "Lrnr_xgboost_20_1_10_2_0.2"             
[13] "Lrnr_xgboost_20_1_10_3_0.2"             
[14] "Lrnr_xgboost_20_1_10_4_0.2"             
[15] "Lrnr_xgboost_20_1_10_5_0.2"             
[1] "Lrnr_cv_selector_NULL"
         Lrnr_ranger_500_TRUE_none_1_10         Lrnr_earth_1_3_backward_0_1_0_0 
                              0.1879517                               0.1868539 
        Lrnr_earth_2_3_backward_0_1_0_0               Lrnr_gam_NULL_NULL_GCV.Cp 
                              0.1868509                               0.1866239 
Lrnr_glmnet_NULL_deviance_10_1_100_TRUE                           Lrnr_glm_TRUE 
                              0.1865566                               0.1866239 
             Lrnr_xgboost_10_1_10_2_0.2              Lrnr_xgboost_10_1_10_3_0.2 
                              0.1875748                               0.1875268 
             Lrnr_xgboost_10_1_10_4_0.2              Lrnr_xgboost_10_1_10_5_0.2 
                              0.1877554                               0.1880267 
             Lrnr_xgboost_20_1_10_1_0.2              Lrnr_xgboost_20_1_10_2_0.2 
                              0.1868219                               0.1866977 
             Lrnr_xgboost_20_1_10_3_0.2              Lrnr_xgboost_20_1_10_4_0.2 
                              0.1868531                               0.1873550 
             Lrnr_xgboost_20_1_10_5_0.2 
                              0.1880610 
[1] "done"
[1] "Lrnr_cv"
[1] "Lrnr_mean"
[1] "Lrnr_cv"
[1] "Lrnr_mean"
NULL
[1] "done"
[1] "all"
[1] "iter: 7"
[1] 11984    75
[1] "Lrnr_cv"
[1] "Lrnr_screener_coefs_0_NULL_2"
 [1] "Lrnr_ranger_500_TRUE_none_1_10"         
 [2] "Lrnr_earth_1_3_backward_0_1_0_0"        
 [3] "Lrnr_earth_2_3_backward_0_1_0_0"        
 [4] "Lrnr_gam_NULL_NULL_GCV.Cp"              
 [5] "Lrnr_glmnet_NULL_deviance_10_1_100_TRUE"
 [6] "Lrnr_glm_TRUE"                          
 [7] "Lrnr_xgboost_10_1_10_2_0.2"             
 [8] "Lrnr_xgboost_10_1_10_3_0.2"             
 [9] "Lrnr_xgboost_10_1_10_4_0.2"             
[10] "Lrnr_xgboost_10_1_10_5_0.2"             
[11] "Lrnr_xgboost_20_1_10_1_0.2"             
[12] "Lrnr_xgboost_20_1_10_2_0.2"             
[13] "Lrnr_xgboost_20_1_10_3_0.2"             
[14] "Lrnr_xgboost_20_1_10_4_0.2"             
[15] "Lrnr_xgboost_20_1_10_5_0.2"             
[1] "Lrnr_cv_selector_NULL"
[1] "Lrnr_cv"
[1] "Lrnr_screener_coefs_0_NULL_2"
 [1] "Lrnr_ranger_500_TRUE_none_1_10"         
 [2] "Lrnr_earth_1_3_backward_0_1_0_0"        
 [3] "Lrnr_earth_2_3_backward_0_1_0_0"        
 [4] "Lrnr_gam_NULL_NULL_GCV.Cp"              
 [5] "Lrnr_glmnet_NULL_deviance_10_1_100_TRUE"
 [6] "Lrnr_glm_TRUE"                          
 [7] "Lrnr_xgboost_10_1_10_2_0.2"             
 [8] "Lrnr_xgboost_10_1_10_3_0.2"             
 [9] "Lrnr_xgboost_10_1_10_4_0.2"             
[10] "Lrnr_xgboost_10_1_10_5_0.2"             
[11] "Lrnr_xgboost_20_1_10_1_0.2"             
[12] "Lrnr_xgboost_20_1_10_2_0.2"             
[13] "Lrnr_xgboost_20_1_10_3_0.2"             
[14] "Lrnr_xgboost_20_1_10_4_0.2"             
[15] "Lrnr_xgboost_20_1_10_5_0.2"             
[1] "Lrnr_cv_selector_NULL"
         Lrnr_ranger_500_TRUE_none_1_10         Lrnr_earth_1_3_backward_0_1_0_0 
                              0.1847837                               0.1844932 
        Lrnr_earth_2_3_backward_0_1_0_0               Lrnr_gam_NULL_NULL_GCV.Cp 
                              0.1845055                               0.1846388 
Lrnr_glmnet_NULL_deviance_10_1_100_TRUE                           Lrnr_glm_TRUE 
                              0.1846108                               0.1846388 
             Lrnr_xgboost_10_1_10_2_0.2              Lrnr_xgboost_10_1_10_3_0.2 
                              0.1853454                               0.1852687 
             Lrnr_xgboost_10_1_10_4_0.2              Lrnr_xgboost_10_1_10_5_0.2 
                              0.1853837                               0.1853654 
             Lrnr_xgboost_20_1_10_1_0.2              Lrnr_xgboost_20_1_10_2_0.2 
                              0.1846063                               0.1844372 
             Lrnr_xgboost_20_1_10_3_0.2              Lrnr_xgboost_20_1_10_4_0.2 
                              0.1844609                               0.1846016 
             Lrnr_xgboost_20_1_10_5_0.2 
                              0.1846349 
[1] "done"
[1] "Lrnr_cv"
[1] "Lrnr_mean"
[1] "Lrnr_cv"
[1] "Lrnr_mean"
NULL
[1] "done"
[1] "all"
[1] "iter: 8"
[1] 11984    75
[1] "Lrnr_cv"
[1] "Lrnr_screener_coefs_0_NULL_2"
 [1] "Lrnr_ranger_500_TRUE_none_1_10"         
 [2] "Lrnr_earth_1_3_backward_0_1_0_0"        
 [3] "Lrnr_earth_2_3_backward_0_1_0_0"        
 [4] "Lrnr_gam_NULL_NULL_GCV.Cp"              
 [5] "Lrnr_glmnet_NULL_deviance_10_1_100_TRUE"
 [6] "Lrnr_glm_TRUE"                          
 [7] "Lrnr_xgboost_10_1_10_2_0.2"             
 [8] "Lrnr_xgboost_10_1_10_3_0.2"             
 [9] "Lrnr_xgboost_10_1_10_4_0.2"             
[10] "Lrnr_xgboost_10_1_10_5_0.2"             
[11] "Lrnr_xgboost_20_1_10_1_0.2"             
[12] "Lrnr_xgboost_20_1_10_2_0.2"             
[13] "Lrnr_xgboost_20_1_10_3_0.2"             
[14] "Lrnr_xgboost_20_1_10_4_0.2"             
[15] "Lrnr_xgboost_20_1_10_5_0.2"             
[1] "Lrnr_cv_selector_NULL"
[1] "Lrnr_cv"
[1] "Lrnr_screener_coefs_0_NULL_2"
 [1] "Lrnr_ranger_500_TRUE_none_1_10"         
 [2] "Lrnr_earth_1_3_backward_0_1_0_0"        
 [3] "Lrnr_earth_2_3_backward_0_1_0_0"        
 [4] "Lrnr_gam_NULL_NULL_GCV.Cp"              
 [5] "Lrnr_glmnet_NULL_deviance_10_1_100_TRUE"
 [6] "Lrnr_glm_TRUE"                          
 [7] "Lrnr_xgboost_10_1_10_2_0.2"             
 [8] "Lrnr_xgboost_10_1_10_3_0.2"             
 [9] "Lrnr_xgboost_10_1_10_4_0.2"             
[10] "Lrnr_xgboost_10_1_10_5_0.2"             
[11] "Lrnr_xgboost_20_1_10_1_0.2"             
[12] "Lrnr_xgboost_20_1_10_2_0.2"             
[13] "Lrnr_xgboost_20_1_10_3_0.2"             
[14] "Lrnr_xgboost_20_1_10_4_0.2"             
[15] "Lrnr_xgboost_20_1_10_5_0.2"             
[1] "Lrnr_cv_selector_NULL"
         Lrnr_ranger_500_TRUE_none_1_10         Lrnr_earth_1_3_backward_0_1_0_0 
                              0.1875568                               0.1865163 
        Lrnr_earth_2_3_backward_0_1_0_0               Lrnr_gam_NULL_NULL_GCV.Cp 
                              0.1864955                               0.1864956 
Lrnr_glmnet_NULL_deviance_10_1_100_TRUE                           Lrnr_glm_TRUE 
                              0.1864404                               0.1864956 
             Lrnr_xgboost_10_1_10_2_0.2              Lrnr_xgboost_10_1_10_3_0.2 
                              0.1874068                               0.1872468 
             Lrnr_xgboost_10_1_10_4_0.2              Lrnr_xgboost_10_1_10_5_0.2 
                              0.1875470                               0.1876977 
             Lrnr_xgboost_20_1_10_1_0.2              Lrnr_xgboost_20_1_10_2_0.2 
                              0.1866848                               0.1864386 
             Lrnr_xgboost_20_1_10_3_0.2              Lrnr_xgboost_20_1_10_4_0.2 
                              0.1866366                               0.1871175 
             Lrnr_xgboost_20_1_10_5_0.2 
                              0.1876772 
[1] "done"
[1] "Lrnr_cv"
[1] "Lrnr_mean"
[1] "Lrnr_cv"
[1] "Lrnr_mean"
NULL
[1] "done"
[1] "all"
[1] "iter: 9"
[1] 11984    75
[1] "Lrnr_cv"
[1] "Lrnr_screener_coefs_0_NULL_2"
 [1] "Lrnr_ranger_500_TRUE_none_1_10"         
 [2] "Lrnr_earth_1_3_backward_0_1_0_0"        
 [3] "Lrnr_earth_2_3_backward_0_1_0_0"        
 [4] "Lrnr_gam_NULL_NULL_GCV.Cp"              
 [5] "Lrnr_glmnet_NULL_deviance_10_1_100_TRUE"
 [6] "Lrnr_glm_TRUE"                          
 [7] "Lrnr_xgboost_10_1_10_2_0.2"             
 [8] "Lrnr_xgboost_10_1_10_3_0.2"             
 [9] "Lrnr_xgboost_10_1_10_4_0.2"             
[10] "Lrnr_xgboost_10_1_10_5_0.2"             
[11] "Lrnr_xgboost_20_1_10_1_0.2"             
[12] "Lrnr_xgboost_20_1_10_2_0.2"             
[13] "Lrnr_xgboost_20_1_10_3_0.2"             
[14] "Lrnr_xgboost_20_1_10_4_0.2"             
[15] "Lrnr_xgboost_20_1_10_5_0.2"             
[1] "Lrnr_cv_selector_NULL"
[1] "Lrnr_cv"
[1] "Lrnr_screener_coefs_0_NULL_2"
 [1] "Lrnr_ranger_500_TRUE_none_1_10"         
 [2] "Lrnr_earth_1_3_backward_0_1_0_0"        
 [3] "Lrnr_earth_2_3_backward_0_1_0_0"        
 [4] "Lrnr_gam_NULL_NULL_GCV.Cp"              
 [5] "Lrnr_glmnet_NULL_deviance_10_1_100_TRUE"
 [6] "Lrnr_glm_TRUE"                          
 [7] "Lrnr_xgboost_10_1_10_2_0.2"             
 [8] "Lrnr_xgboost_10_1_10_3_0.2"             
 [9] "Lrnr_xgboost_10_1_10_4_0.2"             
[10] "Lrnr_xgboost_10_1_10_5_0.2"             
[11] "Lrnr_xgboost_20_1_10_1_0.2"             
[12] "Lrnr_xgboost_20_1_10_2_0.2"             
[13] "Lrnr_xgboost_20_1_10_3_0.2"             
[14] "Lrnr_xgboost_20_1_10_4_0.2"             
[15] "Lrnr_xgboost_20_1_10_5_0.2"             
[1] "Lrnr_cv_selector_NULL"
         Lrnr_ranger_500_TRUE_none_1_10         Lrnr_earth_1_3_backward_0_1_0_0 
                              0.1855021                               0.1854449 
        Lrnr_earth_2_3_backward_0_1_0_0               Lrnr_gam_NULL_NULL_GCV.Cp 
                              0.1859817                               0.1847692 
Lrnr_glmnet_NULL_deviance_10_1_100_TRUE                           Lrnr_glm_TRUE 
                              0.1847267                               0.1847692 
             Lrnr_xgboost_10_1_10_2_0.2              Lrnr_xgboost_10_1_10_3_0.2 
                              0.1865760                               0.1864551 
             Lrnr_xgboost_10_1_10_4_0.2              Lrnr_xgboost_10_1_10_5_0.2 
                              0.1864710                               0.1865870 
             Lrnr_xgboost_20_1_10_1_0.2              Lrnr_xgboost_20_1_10_2_0.2 
                              0.1857856                               0.1853382 
             Lrnr_xgboost_20_1_10_3_0.2              Lrnr_xgboost_20_1_10_4_0.2 
                              0.1854684                               0.1857236 
             Lrnr_xgboost_20_1_10_5_0.2 
                              0.1859310 
[1] "done"
[1] "Lrnr_cv"
[1] "Lrnr_mean"
[1] "Lrnr_cv"
[1] "Lrnr_mean"
NULL
[1] "done"
[1] "all"
[1] "iter: 10"
[1] 11984    75
[1] "Lrnr_cv"
[1] "Lrnr_screener_coefs_0_NULL_2"
 [1] "Lrnr_ranger_500_TRUE_none_1_10"         
 [2] "Lrnr_earth_1_3_backward_0_1_0_0"        
 [3] "Lrnr_earth_2_3_backward_0_1_0_0"        
 [4] "Lrnr_gam_NULL_NULL_GCV.Cp"              
 [5] "Lrnr_glmnet_NULL_deviance_10_1_100_TRUE"
 [6] "Lrnr_glm_TRUE"                          
 [7] "Lrnr_xgboost_10_1_10_2_0.2"             
 [8] "Lrnr_xgboost_10_1_10_3_0.2"             
 [9] "Lrnr_xgboost_10_1_10_4_0.2"             
[10] "Lrnr_xgboost_10_1_10_5_0.2"             
[11] "Lrnr_xgboost_20_1_10_1_0.2"             
[12] "Lrnr_xgboost_20_1_10_2_0.2"             
[13] "Lrnr_xgboost_20_1_10_3_0.2"             
[14] "Lrnr_xgboost_20_1_10_4_0.2"             
[15] "Lrnr_xgboost_20_1_10_5_0.2"             
[1] "Lrnr_cv_selector_NULL"
[1] "Lrnr_cv"
[1] "Lrnr_screener_coefs_0_NULL_2"
 [1] "Lrnr_ranger_500_TRUE_none_1_10"         
 [2] "Lrnr_earth_1_3_backward_0_1_0_0"        
 [3] "Lrnr_earth_2_3_backward_0_1_0_0"        
 [4] "Lrnr_gam_NULL_NULL_GCV.Cp"              
 [5] "Lrnr_glmnet_NULL_deviance_10_1_100_TRUE"
 [6] "Lrnr_glm_TRUE"                          
 [7] "Lrnr_xgboost_10_1_10_2_0.2"             
 [8] "Lrnr_xgboost_10_1_10_3_0.2"             
 [9] "Lrnr_xgboost_10_1_10_4_0.2"             
[10] "Lrnr_xgboost_10_1_10_5_0.2"             
[11] "Lrnr_xgboost_20_1_10_1_0.2"             
[12] "Lrnr_xgboost_20_1_10_2_0.2"             
[13] "Lrnr_xgboost_20_1_10_3_0.2"             
[14] "Lrnr_xgboost_20_1_10_4_0.2"             
[15] "Lrnr_xgboost_20_1_10_5_0.2"             
[1] "Lrnr_cv_selector_NULL"
         Lrnr_ranger_500_TRUE_none_1_10         Lrnr_earth_1_3_backward_0_1_0_0 
                              0.1880963                               0.1871865 
        Lrnr_earth_2_3_backward_0_1_0_0               Lrnr_gam_NULL_NULL_GCV.Cp 
                              0.1873721                               0.1870787 
Lrnr_glmnet_NULL_deviance_10_1_100_TRUE                           Lrnr_glm_TRUE 
                              0.1870256                               0.1870787 
             Lrnr_xgboost_10_1_10_2_0.2              Lrnr_xgboost_10_1_10_3_0.2 
                              0.1885953                               0.1885127 
             Lrnr_xgboost_10_1_10_4_0.2              Lrnr_xgboost_10_1_10_5_0.2 
                              0.1886059                               0.1887393 
             Lrnr_xgboost_20_1_10_1_0.2              Lrnr_xgboost_20_1_10_2_0.2 
                              0.1878054                               0.1874926 
             Lrnr_xgboost_20_1_10_3_0.2              Lrnr_xgboost_20_1_10_4_0.2 
                              0.1875853                               0.1879392 
             Lrnr_xgboost_20_1_10_5_0.2 
                              0.1882787 
[1] "done"
[1] "Lrnr_cv"
[1] "Lrnr_mean"
[1] "Lrnr_cv"
[1] "Lrnr_mean"
NULL
[1] "done"
[1] "all"
[1] "iter: 11"
[1] 11984    75
[1] "Lrnr_cv"
[1] "Lrnr_screener_coefs_0_NULL_2"
 [1] "Lrnr_ranger_500_TRUE_none_1_10"         
 [2] "Lrnr_earth_1_3_backward_0_1_0_0"        
 [3] "Lrnr_earth_2_3_backward_0_1_0_0"        
 [4] "Lrnr_gam_NULL_NULL_GCV.Cp"              
 [5] "Lrnr_glmnet_NULL_deviance_10_1_100_TRUE"
 [6] "Lrnr_glm_TRUE"                          
 [7] "Lrnr_xgboost_10_1_10_2_0.2"             
 [8] "Lrnr_xgboost_10_1_10_3_0.2"             
 [9] "Lrnr_xgboost_10_1_10_4_0.2"             
[10] "Lrnr_xgboost_10_1_10_5_0.2"             
[11] "Lrnr_xgboost_20_1_10_1_0.2"             
[12] "Lrnr_xgboost_20_1_10_2_0.2"             
[13] "Lrnr_xgboost_20_1_10_3_0.2"             
[14] "Lrnr_xgboost_20_1_10_4_0.2"             
[15] "Lrnr_xgboost_20_1_10_5_0.2"             
[1] "Lrnr_cv_selector_NULL"
[1] "Lrnr_cv"
[1] "Lrnr_screener_coefs_0_NULL_2"
 [1] "Lrnr_ranger_500_TRUE_none_1_10"         
 [2] "Lrnr_earth_1_3_backward_0_1_0_0"        
 [3] "Lrnr_earth_2_3_backward_0_1_0_0"        
 [4] "Lrnr_gam_NULL_NULL_GCV.Cp"              
 [5] "Lrnr_glmnet_NULL_deviance_10_1_100_TRUE"
 [6] "Lrnr_glm_TRUE"                          
 [7] "Lrnr_xgboost_10_1_10_2_0.2"             
 [8] "Lrnr_xgboost_10_1_10_3_0.2"             
 [9] "Lrnr_xgboost_10_1_10_4_0.2"             
[10] "Lrnr_xgboost_10_1_10_5_0.2"             
[11] "Lrnr_xgboost_20_1_10_1_0.2"             
[12] "Lrnr_xgboost_20_1_10_2_0.2"             
[13] "Lrnr_xgboost_20_1_10_3_0.2"             
[14] "Lrnr_xgboost_20_1_10_4_0.2"             
[15] "Lrnr_xgboost_20_1_10_5_0.2"             
[1] "Lrnr_cv_selector_NULL"
         Lrnr_ranger_500_TRUE_none_1_10         Lrnr_earth_1_3_backward_0_1_0_0 
                              0.1889159                               0.1900432 
        Lrnr_earth_2_3_backward_0_1_0_0               Lrnr_gam_NULL_NULL_GCV.Cp 
                              0.1900124                               0.1887821 
Lrnr_glmnet_NULL_deviance_10_1_100_TRUE                           Lrnr_glm_TRUE 
                              0.1887177                               0.1887821 
             Lrnr_xgboost_10_1_10_2_0.2              Lrnr_xgboost_10_1_10_3_0.2 
                              0.1899902                               0.1898752 
             Lrnr_xgboost_10_1_10_4_0.2              Lrnr_xgboost_10_1_10_5_0.2 
                              0.1897966                               0.1899868 
             Lrnr_xgboost_20_1_10_1_0.2              Lrnr_xgboost_20_1_10_2_0.2 
                              0.1894434                               0.1888675 
             Lrnr_xgboost_20_1_10_3_0.2              Lrnr_xgboost_20_1_10_4_0.2 
                              0.1888963                               0.1890707 
             Lrnr_xgboost_20_1_10_5_0.2 
                              0.1894807 
[1] "done"
[1] "Lrnr_cv"
[1] "Lrnr_mean"
[1] "Lrnr_cv"
[1] "Lrnr_mean"
NULL
[1] "done"
[1] "all"
[1] "iter: 12"
[1] 11984    75
[1] "Lrnr_cv"
[1] "Lrnr_screener_coefs_0_NULL_2"
 [1] "Lrnr_ranger_500_TRUE_none_1_10"         
 [2] "Lrnr_earth_1_3_backward_0_1_0_0"        
 [3] "Lrnr_earth_2_3_backward_0_1_0_0"        
 [4] "Lrnr_gam_NULL_NULL_GCV.Cp"              
 [5] "Lrnr_glmnet_NULL_deviance_10_1_100_TRUE"
 [6] "Lrnr_glm_TRUE"                          
 [7] "Lrnr_xgboost_10_1_10_2_0.2"             
 [8] "Lrnr_xgboost_10_1_10_3_0.2"             
 [9] "Lrnr_xgboost_10_1_10_4_0.2"             
[10] "Lrnr_xgboost_10_1_10_5_0.2"             
[11] "Lrnr_xgboost_20_1_10_1_0.2"             
[12] "Lrnr_xgboost_20_1_10_2_0.2"             
[13] "Lrnr_xgboost_20_1_10_3_0.2"             
[14] "Lrnr_xgboost_20_1_10_4_0.2"             
[15] "Lrnr_xgboost_20_1_10_5_0.2"             
[1] "Lrnr_cv_selector_NULL"
[1] "Lrnr_cv"
[1] "Lrnr_screener_coefs_0_NULL_2"
 [1] "Lrnr_ranger_500_TRUE_none_1_10"         
 [2] "Lrnr_earth_1_3_backward_0_1_0_0"        
 [3] "Lrnr_earth_2_3_backward_0_1_0_0"        
 [4] "Lrnr_gam_NULL_NULL_GCV.Cp"              
 [5] "Lrnr_glmnet_NULL_deviance_10_1_100_TRUE"
 [6] "Lrnr_glm_TRUE"                          
 [7] "Lrnr_xgboost_10_1_10_2_0.2"             
 [8] "Lrnr_xgboost_10_1_10_3_0.2"             
 [9] "Lrnr_xgboost_10_1_10_4_0.2"             
[10] "Lrnr_xgboost_10_1_10_5_0.2"             
[11] "Lrnr_xgboost_20_1_10_1_0.2"             
[12] "Lrnr_xgboost_20_1_10_2_0.2"             
[13] "Lrnr_xgboost_20_1_10_3_0.2"             
[14] "Lrnr_xgboost_20_1_10_4_0.2"             
[15] "Lrnr_xgboost_20_1_10_5_0.2"             
[1] "Lrnr_cv_selector_NULL"
         Lrnr_ranger_500_TRUE_none_1_10         Lrnr_earth_1_3_backward_0_1_0_0 
                              0.1868056                               0.1861221 
        Lrnr_earth_2_3_backward_0_1_0_0               Lrnr_gam_NULL_NULL_GCV.Cp 
                              0.1863747                               0.1857935 
Lrnr_glmnet_NULL_deviance_10_1_100_TRUE                           Lrnr_glm_TRUE 
                              0.1857433                               0.1857935 
             Lrnr_xgboost_10_1_10_2_0.2              Lrnr_xgboost_10_1_10_3_0.2 
                              0.1868497                               0.1867596 
             Lrnr_xgboost_10_1_10_4_0.2              Lrnr_xgboost_10_1_10_5_0.2 
                              0.1868482                               0.1869456 
             Lrnr_xgboost_20_1_10_1_0.2              Lrnr_xgboost_20_1_10_2_0.2 
                              0.1861826                               0.1858835 
             Lrnr_xgboost_20_1_10_3_0.2              Lrnr_xgboost_20_1_10_4_0.2 
                              0.1859762                               0.1863589 
             Lrnr_xgboost_20_1_10_5_0.2 
                              0.1867271 
[1] "done"
[1] "Lrnr_cv"
[1] "Lrnr_mean"
[1] "Lrnr_cv"
[1] "Lrnr_mean"
NULL
[1] "done"
[1] "all"
[1] "iter: 13"
[1] 11984    75
[1] "Lrnr_cv"
[1] "Lrnr_screener_coefs_0_NULL_2"
 [1] "Lrnr_ranger_500_TRUE_none_1_10"         
 [2] "Lrnr_earth_1_3_backward_0_1_0_0"        
 [3] "Lrnr_earth_2_3_backward_0_1_0_0"        
 [4] "Lrnr_gam_NULL_NULL_GCV.Cp"              
 [5] "Lrnr_glmnet_NULL_deviance_10_1_100_TRUE"
 [6] "Lrnr_glm_TRUE"                          
 [7] "Lrnr_xgboost_10_1_10_2_0.2"             
 [8] "Lrnr_xgboost_10_1_10_3_0.2"             
 [9] "Lrnr_xgboost_10_1_10_4_0.2"             
[10] "Lrnr_xgboost_10_1_10_5_0.2"             
[11] "Lrnr_xgboost_20_1_10_1_0.2"             
[12] "Lrnr_xgboost_20_1_10_2_0.2"             
[13] "Lrnr_xgboost_20_1_10_3_0.2"             
[14] "Lrnr_xgboost_20_1_10_4_0.2"             
[15] "Lrnr_xgboost_20_1_10_5_0.2"             
[1] "Lrnr_cv_selector_NULL"
[1] "Lrnr_cv"
[1] "Lrnr_screener_coefs_0_NULL_2"
 [1] "Lrnr_ranger_500_TRUE_none_1_10"         
 [2] "Lrnr_earth_1_3_backward_0_1_0_0"        
 [3] "Lrnr_earth_2_3_backward_0_1_0_0"        
 [4] "Lrnr_gam_NULL_NULL_GCV.Cp"              
 [5] "Lrnr_glmnet_NULL_deviance_10_1_100_TRUE"
 [6] "Lrnr_glm_TRUE"                          
 [7] "Lrnr_xgboost_10_1_10_2_0.2"             
 [8] "Lrnr_xgboost_10_1_10_3_0.2"             
 [9] "Lrnr_xgboost_10_1_10_4_0.2"             
[10] "Lrnr_xgboost_10_1_10_5_0.2"             
[11] "Lrnr_xgboost_20_1_10_1_0.2"             
[12] "Lrnr_xgboost_20_1_10_2_0.2"             
[13] "Lrnr_xgboost_20_1_10_3_0.2"             
[14] "Lrnr_xgboost_20_1_10_4_0.2"             
[15] "Lrnr_xgboost_20_1_10_5_0.2"             
[1] "Lrnr_cv_selector_NULL"
         Lrnr_ranger_500_TRUE_none_1_10         Lrnr_earth_1_3_backward_0_1_0_0 
                              0.1869520                               0.1859756 
        Lrnr_earth_2_3_backward_0_1_0_0               Lrnr_gam_NULL_NULL_GCV.Cp 
                              0.1864930                               0.1861788 
Lrnr_glmnet_NULL_deviance_10_1_100_TRUE                           Lrnr_glm_TRUE 
                              0.1861392                               0.1861788 
             Lrnr_xgboost_10_1_10_2_0.2              Lrnr_xgboost_10_1_10_3_0.2 
                              0.1872566                               0.1870705 
             Lrnr_xgboost_10_1_10_4_0.2              Lrnr_xgboost_10_1_10_5_0.2 
                              0.1870325                               0.1873222 
             Lrnr_xgboost_20_1_10_1_0.2              Lrnr_xgboost_20_1_10_2_0.2 
                              0.1867685                               0.1860926 
             Lrnr_xgboost_20_1_10_3_0.2              Lrnr_xgboost_20_1_10_4_0.2 
                              0.1862187                               0.1865266 
             Lrnr_xgboost_20_1_10_5_0.2 
                              0.1868944 
[1] "done"
[1] "Lrnr_cv"
[1] "Lrnr_mean"
[1] "Lrnr_cv"
[1] "Lrnr_mean"
NULL
[1] "done"
[1] "all"
[1] "iter: 14"
[1] 11984    75
[1] "Lrnr_cv"
[1] "Lrnr_screener_coefs_0_NULL_2"
 [1] "Lrnr_ranger_500_TRUE_none_1_10"         
 [2] "Lrnr_earth_1_3_backward_0_1_0_0"        
 [3] "Lrnr_earth_2_3_backward_0_1_0_0"        
 [4] "Lrnr_gam_NULL_NULL_GCV.Cp"              
 [5] "Lrnr_glmnet_NULL_deviance_10_1_100_TRUE"
 [6] "Lrnr_glm_TRUE"                          
 [7] "Lrnr_xgboost_10_1_10_2_0.2"             
 [8] "Lrnr_xgboost_10_1_10_3_0.2"             
 [9] "Lrnr_xgboost_10_1_10_4_0.2"             
[10] "Lrnr_xgboost_10_1_10_5_0.2"             
[11] "Lrnr_xgboost_20_1_10_1_0.2"             
[12] "Lrnr_xgboost_20_1_10_2_0.2"             
[13] "Lrnr_xgboost_20_1_10_3_0.2"             
[14] "Lrnr_xgboost_20_1_10_4_0.2"             
[15] "Lrnr_xgboost_20_1_10_5_0.2"             
[1] "Lrnr_cv_selector_NULL"
[1] "Lrnr_cv"
[1] "Lrnr_screener_coefs_0_NULL_2"
 [1] "Lrnr_ranger_500_TRUE_none_1_10"         
 [2] "Lrnr_earth_1_3_backward_0_1_0_0"        
 [3] "Lrnr_earth_2_3_backward_0_1_0_0"        
 [4] "Lrnr_gam_NULL_NULL_GCV.Cp"              
 [5] "Lrnr_glmnet_NULL_deviance_10_1_100_TRUE"
 [6] "Lrnr_glm_TRUE"                          
 [7] "Lrnr_xgboost_10_1_10_2_0.2"             
 [8] "Lrnr_xgboost_10_1_10_3_0.2"             
 [9] "Lrnr_xgboost_10_1_10_4_0.2"             
[10] "Lrnr_xgboost_10_1_10_5_0.2"             
[11] "Lrnr_xgboost_20_1_10_1_0.2"             
[12] "Lrnr_xgboost_20_1_10_2_0.2"             
[13] "Lrnr_xgboost_20_1_10_3_0.2"             
[14] "Lrnr_xgboost_20_1_10_4_0.2"             
[15] "Lrnr_xgboost_20_1_10_5_0.2"             
[1] "Lrnr_cv_selector_NULL"
         Lrnr_ranger_500_TRUE_none_1_10         Lrnr_earth_1_3_backward_0_1_0_0 
                              0.1886470                               0.1877560 
        Lrnr_earth_2_3_backward_0_1_0_0               Lrnr_gam_NULL_NULL_GCV.Cp 
                              0.1877521                               0.1877326 
Lrnr_glmnet_NULL_deviance_10_1_100_TRUE                           Lrnr_glm_TRUE 
                              0.1877188                               0.1877326 
             Lrnr_xgboost_10_1_10_2_0.2              Lrnr_xgboost_10_1_10_3_0.2 
                              0.1887046                               0.1886225 
             Lrnr_xgboost_10_1_10_4_0.2              Lrnr_xgboost_10_1_10_5_0.2 
                              0.1888109                               0.1892132 
             Lrnr_xgboost_20_1_10_1_0.2              Lrnr_xgboost_20_1_10_2_0.2 
                              0.1879428                               0.1876915 
             Lrnr_xgboost_20_1_10_3_0.2              Lrnr_xgboost_20_1_10_4_0.2 
                              0.1878095                               0.1883794 
             Lrnr_xgboost_20_1_10_5_0.2 
                              0.1890555 
[1] "done"
[1] "Lrnr_cv"
[1] "Lrnr_mean"
[1] "Lrnr_cv"
[1] "Lrnr_mean"
NULL
[1] "done"
[1] "all"
[1] "iter: 15"
[1] 11984    75
[1] "Lrnr_cv"
[1] "Lrnr_screener_coefs_0_NULL_2"
 [1] "Lrnr_ranger_500_TRUE_none_1_10"         
 [2] "Lrnr_earth_1_3_backward_0_1_0_0"        
 [3] "Lrnr_earth_2_3_backward_0_1_0_0"        
 [4] "Lrnr_gam_NULL_NULL_GCV.Cp"              
 [5] "Lrnr_glmnet_NULL_deviance_10_1_100_TRUE"
 [6] "Lrnr_glm_TRUE"                          
 [7] "Lrnr_xgboost_10_1_10_2_0.2"             
 [8] "Lrnr_xgboost_10_1_10_3_0.2"             
 [9] "Lrnr_xgboost_10_1_10_4_0.2"             
[10] "Lrnr_xgboost_10_1_10_5_0.2"             
[11] "Lrnr_xgboost_20_1_10_1_0.2"             
[12] "Lrnr_xgboost_20_1_10_2_0.2"             
[13] "Lrnr_xgboost_20_1_10_3_0.2"             
[14] "Lrnr_xgboost_20_1_10_4_0.2"             
[15] "Lrnr_xgboost_20_1_10_5_0.2"             
[1] "Lrnr_cv_selector_NULL"
[1] "Lrnr_cv"
[1] "Lrnr_screener_coefs_0_NULL_2"
 [1] "Lrnr_ranger_500_TRUE_none_1_10"         
 [2] "Lrnr_earth_1_3_backward_0_1_0_0"        
 [3] "Lrnr_earth_2_3_backward_0_1_0_0"        
 [4] "Lrnr_gam_NULL_NULL_GCV.Cp"              
 [5] "Lrnr_glmnet_NULL_deviance_10_1_100_TRUE"
 [6] "Lrnr_glm_TRUE"                          
 [7] "Lrnr_xgboost_10_1_10_2_0.2"             
 [8] "Lrnr_xgboost_10_1_10_3_0.2"             
 [9] "Lrnr_xgboost_10_1_10_4_0.2"             
[10] "Lrnr_xgboost_10_1_10_5_0.2"             
[11] "Lrnr_xgboost_20_1_10_1_0.2"             
[12] "Lrnr_xgboost_20_1_10_2_0.2"             
[13] "Lrnr_xgboost_20_1_10_3_0.2"             
[14] "Lrnr_xgboost_20_1_10_4_0.2"             
[15] "Lrnr_xgboost_20_1_10_5_0.2"             
[1] "Lrnr_cv_selector_NULL"
         Lrnr_ranger_500_TRUE_none_1_10         Lrnr_earth_1_3_backward_0_1_0_0 
                              0.1909426                               0.1894017 
        Lrnr_earth_2_3_backward_0_1_0_0               Lrnr_gam_NULL_NULL_GCV.Cp 
                              0.1895512                               0.1886587 
Lrnr_glmnet_NULL_deviance_10_1_100_TRUE                           Lrnr_glm_TRUE 
                              0.1886420                               0.1886587 
             Lrnr_xgboost_10_1_10_2_0.2              Lrnr_xgboost_10_1_10_3_0.2 
                              0.1901023                               0.1901070 
             Lrnr_xgboost_10_1_10_4_0.2              Lrnr_xgboost_10_1_10_5_0.2 
                              0.1902390                               0.1904687 
             Lrnr_xgboost_20_1_10_1_0.2              Lrnr_xgboost_20_1_10_2_0.2 
                              0.1893535                               0.1891911 
             Lrnr_xgboost_20_1_10_3_0.2              Lrnr_xgboost_20_1_10_4_0.2 
                              0.1892941                               0.1897421 
             Lrnr_xgboost_20_1_10_5_0.2 
                              0.1902318 
[1] "done"
[1] "Lrnr_cv"
[1] "Lrnr_mean"
[1] "Lrnr_cv"
[1] "Lrnr_mean"
NULL
[1] "done"
[1] "all"
[1] "iter: 16"
[1] 11984    75
[1] "Lrnr_cv"
[1] "Lrnr_screener_coefs_0_NULL_2"
 [1] "Lrnr_ranger_500_TRUE_none_1_10"         
 [2] "Lrnr_earth_1_3_backward_0_1_0_0"        
 [3] "Lrnr_earth_2_3_backward_0_1_0_0"        
 [4] "Lrnr_gam_NULL_NULL_GCV.Cp"              
 [5] "Lrnr_glmnet_NULL_deviance_10_1_100_TRUE"
 [6] "Lrnr_glm_TRUE"                          
 [7] "Lrnr_xgboost_10_1_10_2_0.2"             
 [8] "Lrnr_xgboost_10_1_10_3_0.2"             
 [9] "Lrnr_xgboost_10_1_10_4_0.2"             
[10] "Lrnr_xgboost_10_1_10_5_0.2"             
[11] "Lrnr_xgboost_20_1_10_1_0.2"             
[12] "Lrnr_xgboost_20_1_10_2_0.2"             
[13] "Lrnr_xgboost_20_1_10_3_0.2"             
[14] "Lrnr_xgboost_20_1_10_4_0.2"             
[15] "Lrnr_xgboost_20_1_10_5_0.2"             
[1] "Lrnr_cv_selector_NULL"
[1] "Lrnr_cv"
[1] "Lrnr_screener_coefs_0_NULL_2"
 [1] "Lrnr_ranger_500_TRUE_none_1_10"         
 [2] "Lrnr_earth_1_3_backward_0_1_0_0"        
 [3] "Lrnr_earth_2_3_backward_0_1_0_0"        
 [4] "Lrnr_gam_NULL_NULL_GCV.Cp"              
 [5] "Lrnr_glmnet_NULL_deviance_10_1_100_TRUE"
 [6] "Lrnr_glm_TRUE"                          
 [7] "Lrnr_xgboost_10_1_10_2_0.2"             
 [8] "Lrnr_xgboost_10_1_10_3_0.2"             
 [9] "Lrnr_xgboost_10_1_10_4_0.2"             
[10] "Lrnr_xgboost_10_1_10_5_0.2"             
[11] "Lrnr_xgboost_20_1_10_1_0.2"             
[12] "Lrnr_xgboost_20_1_10_2_0.2"             
[13] "Lrnr_xgboost_20_1_10_3_0.2"             
[14] "Lrnr_xgboost_20_1_10_4_0.2"             
[15] "Lrnr_xgboost_20_1_10_5_0.2"             
[1] "Lrnr_cv_selector_NULL"
         Lrnr_ranger_500_TRUE_none_1_10         Lrnr_earth_1_3_backward_0_1_0_0 
                              0.1891539                               0.1879577 
        Lrnr_earth_2_3_backward_0_1_0_0               Lrnr_gam_NULL_NULL_GCV.Cp 
                              0.1881911                               0.1878557 
Lrnr_glmnet_NULL_deviance_10_1_100_TRUE                           Lrnr_glm_TRUE 
                              0.1878586                               0.1878557 
             Lrnr_xgboost_10_1_10_2_0.2              Lrnr_xgboost_10_1_10_3_0.2 
                              0.1890904                               0.1890672 
             Lrnr_xgboost_10_1_10_4_0.2              Lrnr_xgboost_10_1_10_5_0.2 
                              0.1892811                               0.1894430 
             Lrnr_xgboost_20_1_10_1_0.2              Lrnr_xgboost_20_1_10_2_0.2 
                              0.1883105                               0.1880858 
             Lrnr_xgboost_20_1_10_3_0.2              Lrnr_xgboost_20_1_10_4_0.2 
                              0.1883233                               0.1886556 
             Lrnr_xgboost_20_1_10_5_0.2 
                              0.1892382 
[1] "done"
[1] "Lrnr_cv"
[1] "Lrnr_mean"
[1] "Lrnr_cv"
[1] "Lrnr_mean"
NULL
[1] "done"
[1] "all"
[1] "iter: 17"
[1] 11984    75
[1] "Lrnr_cv"
[1] "Lrnr_screener_coefs_0_NULL_2"
 [1] "Lrnr_ranger_500_TRUE_none_1_10"         
 [2] "Lrnr_earth_1_3_backward_0_1_0_0"        
 [3] "Lrnr_earth_2_3_backward_0_1_0_0"        
 [4] "Lrnr_gam_NULL_NULL_GCV.Cp"              
 [5] "Lrnr_glmnet_NULL_deviance_10_1_100_TRUE"
 [6] "Lrnr_glm_TRUE"                          
 [7] "Lrnr_xgboost_10_1_10_2_0.2"             
 [8] "Lrnr_xgboost_10_1_10_3_0.2"             
 [9] "Lrnr_xgboost_10_1_10_4_0.2"             
[10] "Lrnr_xgboost_10_1_10_5_0.2"             
[11] "Lrnr_xgboost_20_1_10_1_0.2"             
[12] "Lrnr_xgboost_20_1_10_2_0.2"             
[13] "Lrnr_xgboost_20_1_10_3_0.2"             
[14] "Lrnr_xgboost_20_1_10_4_0.2"             
[15] "Lrnr_xgboost_20_1_10_5_0.2"             
[1] "Lrnr_cv_selector_NULL"
[1] "Lrnr_cv"
[1] "Lrnr_screener_coefs_0_NULL_2"
 [1] "Lrnr_ranger_500_TRUE_none_1_10"         
 [2] "Lrnr_earth_1_3_backward_0_1_0_0"        
 [3] "Lrnr_earth_2_3_backward_0_1_0_0"        
 [4] "Lrnr_gam_NULL_NULL_GCV.Cp"              
 [5] "Lrnr_glmnet_NULL_deviance_10_1_100_TRUE"
 [6] "Lrnr_glm_TRUE"                          
 [7] "Lrnr_xgboost_10_1_10_2_0.2"             
 [8] "Lrnr_xgboost_10_1_10_3_0.2"             
 [9] "Lrnr_xgboost_10_1_10_4_0.2"             
[10] "Lrnr_xgboost_10_1_10_5_0.2"             
[11] "Lrnr_xgboost_20_1_10_1_0.2"             
[12] "Lrnr_xgboost_20_1_10_2_0.2"             
[13] "Lrnr_xgboost_20_1_10_3_0.2"             
[14] "Lrnr_xgboost_20_1_10_4_0.2"             
[15] "Lrnr_xgboost_20_1_10_5_0.2"             
[1] "Lrnr_cv_selector_NULL"
         Lrnr_ranger_500_TRUE_none_1_10         Lrnr_earth_1_3_backward_0_1_0_0 
                              0.1903540                               0.1888390 
        Lrnr_earth_2_3_backward_0_1_0_0               Lrnr_gam_NULL_NULL_GCV.Cp 
                              0.1888508                               0.1887677 
Lrnr_glmnet_NULL_deviance_10_1_100_TRUE                           Lrnr_glm_TRUE 
                              0.1887004                               0.1887677 
             Lrnr_xgboost_10_1_10_2_0.2              Lrnr_xgboost_10_1_10_3_0.2 
                              0.1898608                               0.1898080 
             Lrnr_xgboost_10_1_10_4_0.2              Lrnr_xgboost_10_1_10_5_0.2 
                              0.1899439                               0.1901676 
             Lrnr_xgboost_20_1_10_1_0.2              Lrnr_xgboost_20_1_10_2_0.2 
                              0.1889392                               0.1889542 
             Lrnr_xgboost_20_1_10_3_0.2              Lrnr_xgboost_20_1_10_4_0.2 
                              0.1891239                               0.1895159 
             Lrnr_xgboost_20_1_10_5_0.2 
                              0.1898915 
[1] "done"
[1] "Lrnr_cv"
[1] "Lrnr_mean"
[1] "Lrnr_cv"
[1] "Lrnr_mean"
NULL
[1] "done"
[1] "all"
[1] "iter: 18"
[1] 11984    75
[1] "Lrnr_cv"
[1] "Lrnr_screener_coefs_0_NULL_2"
 [1] "Lrnr_ranger_500_TRUE_none_1_10"         
 [2] "Lrnr_earth_1_3_backward_0_1_0_0"        
 [3] "Lrnr_earth_2_3_backward_0_1_0_0"        
 [4] "Lrnr_gam_NULL_NULL_GCV.Cp"              
 [5] "Lrnr_glmnet_NULL_deviance_10_1_100_TRUE"
 [6] "Lrnr_glm_TRUE"                          
 [7] "Lrnr_xgboost_10_1_10_2_0.2"             
 [8] "Lrnr_xgboost_10_1_10_3_0.2"             
 [9] "Lrnr_xgboost_10_1_10_4_0.2"             
[10] "Lrnr_xgboost_10_1_10_5_0.2"             
[11] "Lrnr_xgboost_20_1_10_1_0.2"             
[12] "Lrnr_xgboost_20_1_10_2_0.2"             
[13] "Lrnr_xgboost_20_1_10_3_0.2"             
[14] "Lrnr_xgboost_20_1_10_4_0.2"             
[15] "Lrnr_xgboost_20_1_10_5_0.2"             
[1] "Lrnr_cv_selector_NULL"
[1] "Lrnr_cv"
[1] "Lrnr_screener_coefs_0_NULL_2"
 [1] "Lrnr_ranger_500_TRUE_none_1_10"         
 [2] "Lrnr_earth_1_3_backward_0_1_0_0"        
 [3] "Lrnr_earth_2_3_backward_0_1_0_0"        
 [4] "Lrnr_gam_NULL_NULL_GCV.Cp"              
 [5] "Lrnr_glmnet_NULL_deviance_10_1_100_TRUE"
 [6] "Lrnr_glm_TRUE"                          
 [7] "Lrnr_xgboost_10_1_10_2_0.2"             
 [8] "Lrnr_xgboost_10_1_10_3_0.2"             
 [9] "Lrnr_xgboost_10_1_10_4_0.2"             
[10] "Lrnr_xgboost_10_1_10_5_0.2"             
[11] "Lrnr_xgboost_20_1_10_1_0.2"             
[12] "Lrnr_xgboost_20_1_10_2_0.2"             
[13] "Lrnr_xgboost_20_1_10_3_0.2"             
[14] "Lrnr_xgboost_20_1_10_4_0.2"             
[15] "Lrnr_xgboost_20_1_10_5_0.2"             
[1] "Lrnr_cv_selector_NULL"
         Lrnr_ranger_500_TRUE_none_1_10         Lrnr_earth_1_3_backward_0_1_0_0 
                              0.1880154                               0.1873034 
        Lrnr_earth_2_3_backward_0_1_0_0               Lrnr_gam_NULL_NULL_GCV.Cp 
                              0.1872030                               0.1865053 
Lrnr_glmnet_NULL_deviance_10_1_100_TRUE                           Lrnr_glm_TRUE 
                              0.1864632                               0.1865053 
             Lrnr_xgboost_10_1_10_2_0.2              Lrnr_xgboost_10_1_10_3_0.2 
                              0.1887095                               0.1883733 
             Lrnr_xgboost_10_1_10_4_0.2              Lrnr_xgboost_10_1_10_5_0.2 
                              0.1883450                               0.1884414 
             Lrnr_xgboost_20_1_10_1_0.2              Lrnr_xgboost_20_1_10_2_0.2 
                              0.1879491                               0.1873496 
             Lrnr_xgboost_20_1_10_3_0.2              Lrnr_xgboost_20_1_10_4_0.2 
                              0.1873456                               0.1876884 
             Lrnr_xgboost_20_1_10_5_0.2 
                              0.1882286 
[1] "done"
[1] "Lrnr_cv"
[1] "Lrnr_mean"
[1] "Lrnr_cv"
[1] "Lrnr_mean"
NULL
[1] "done"
[1] "all"
[1] "iter: 19"
[1] 11984    75
[1] "Lrnr_cv"
[1] "Lrnr_screener_coefs_0_NULL_2"
 [1] "Lrnr_ranger_500_TRUE_none_1_10"         
 [2] "Lrnr_earth_1_3_backward_0_1_0_0"        
 [3] "Lrnr_earth_2_3_backward_0_1_0_0"        
 [4] "Lrnr_gam_NULL_NULL_GCV.Cp"              
 [5] "Lrnr_glmnet_NULL_deviance_10_1_100_TRUE"
 [6] "Lrnr_glm_TRUE"                          
 [7] "Lrnr_xgboost_10_1_10_2_0.2"             
 [8] "Lrnr_xgboost_10_1_10_3_0.2"             
 [9] "Lrnr_xgboost_10_1_10_4_0.2"             
[10] "Lrnr_xgboost_10_1_10_5_0.2"             
[11] "Lrnr_xgboost_20_1_10_1_0.2"             
[12] "Lrnr_xgboost_20_1_10_2_0.2"             
[13] "Lrnr_xgboost_20_1_10_3_0.2"             
[14] "Lrnr_xgboost_20_1_10_4_0.2"             
[15] "Lrnr_xgboost_20_1_10_5_0.2"             
[1] "Lrnr_cv_selector_NULL"
[1] "Lrnr_cv"
[1] "Lrnr_screener_coefs_0_NULL_2"
 [1] "Lrnr_ranger_500_TRUE_none_1_10"         
 [2] "Lrnr_earth_1_3_backward_0_1_0_0"        
 [3] "Lrnr_earth_2_3_backward_0_1_0_0"        
 [4] "Lrnr_gam_NULL_NULL_GCV.Cp"              
 [5] "Lrnr_glmnet_NULL_deviance_10_1_100_TRUE"
 [6] "Lrnr_glm_TRUE"                          
 [7] "Lrnr_xgboost_10_1_10_2_0.2"             
 [8] "Lrnr_xgboost_10_1_10_3_0.2"             
 [9] "Lrnr_xgboost_10_1_10_4_0.2"             
[10] "Lrnr_xgboost_10_1_10_5_0.2"             
[11] "Lrnr_xgboost_20_1_10_1_0.2"             
[12] "Lrnr_xgboost_20_1_10_2_0.2"             
[13] "Lrnr_xgboost_20_1_10_3_0.2"             
[14] "Lrnr_xgboost_20_1_10_4_0.2"             
[15] "Lrnr_xgboost_20_1_10_5_0.2"             
[1] "Lrnr_cv_selector_NULL"
         Lrnr_ranger_500_TRUE_none_1_10         Lrnr_earth_1_3_backward_0_1_0_0 
                              0.1907049                               0.1898041 
        Lrnr_earth_2_3_backward_0_1_0_0               Lrnr_gam_NULL_NULL_GCV.Cp 
                              0.1899091                               0.1891178 
Lrnr_glmnet_NULL_deviance_10_1_100_TRUE                           Lrnr_glm_TRUE 
                              0.1891302                               0.1891178 
             Lrnr_xgboost_10_1_10_2_0.2              Lrnr_xgboost_10_1_10_3_0.2 
                              0.1911935                               0.1908694 
             Lrnr_xgboost_10_1_10_4_0.2              Lrnr_xgboost_10_1_10_5_0.2 
                              0.1909087                               0.1909387 
             Lrnr_xgboost_20_1_10_1_0.2              Lrnr_xgboost_20_1_10_2_0.2 
                              0.1904489                               0.1898357 
             Lrnr_xgboost_20_1_10_3_0.2              Lrnr_xgboost_20_1_10_4_0.2 
                              0.1897434                               0.1898283 
             Lrnr_xgboost_20_1_10_5_0.2 
                              0.1903563 
[1] "done"
[1] "Lrnr_cv"
[1] "Lrnr_mean"
[1] "Lrnr_cv"
[1] "Lrnr_mean"
NULL
[1] "done"
[1] "all"
[1] "iter: 20"
[1] 11984    75
[1] "Lrnr_cv"
[1] "Lrnr_screener_coefs_0_NULL_2"
 [1] "Lrnr_ranger_500_TRUE_none_1_10"         
 [2] "Lrnr_earth_1_3_backward_0_1_0_0"        
 [3] "Lrnr_earth_2_3_backward_0_1_0_0"        
 [4] "Lrnr_gam_NULL_NULL_GCV.Cp"              
 [5] "Lrnr_glmnet_NULL_deviance_10_1_100_TRUE"
 [6] "Lrnr_glm_TRUE"                          
 [7] "Lrnr_xgboost_10_1_10_2_0.2"             
 [8] "Lrnr_xgboost_10_1_10_3_0.2"             
 [9] "Lrnr_xgboost_10_1_10_4_0.2"             
[10] "Lrnr_xgboost_10_1_10_5_0.2"             
[11] "Lrnr_xgboost_20_1_10_1_0.2"             
[12] "Lrnr_xgboost_20_1_10_2_0.2"             
[13] "Lrnr_xgboost_20_1_10_3_0.2"             
[14] "Lrnr_xgboost_20_1_10_4_0.2"             
[15] "Lrnr_xgboost_20_1_10_5_0.2"             
[1] "Lrnr_cv_selector_NULL"
[1] "Lrnr_cv"
[1] "Lrnr_screener_coefs_0_NULL_2"
 [1] "Lrnr_ranger_500_TRUE_none_1_10"         
 [2] "Lrnr_earth_1_3_backward_0_1_0_0"        
 [3] "Lrnr_earth_2_3_backward_0_1_0_0"        
 [4] "Lrnr_gam_NULL_NULL_GCV.Cp"              
 [5] "Lrnr_glmnet_NULL_deviance_10_1_100_TRUE"
 [6] "Lrnr_glm_TRUE"                          
 [7] "Lrnr_xgboost_10_1_10_2_0.2"             
 [8] "Lrnr_xgboost_10_1_10_3_0.2"             
 [9] "Lrnr_xgboost_10_1_10_4_0.2"             
[10] "Lrnr_xgboost_10_1_10_5_0.2"             
[11] "Lrnr_xgboost_20_1_10_1_0.2"             
[12] "Lrnr_xgboost_20_1_10_2_0.2"             
[13] "Lrnr_xgboost_20_1_10_3_0.2"             
[14] "Lrnr_xgboost_20_1_10_4_0.2"             
[15] "Lrnr_xgboost_20_1_10_5_0.2"             
[1] "Lrnr_cv_selector_NULL"
         Lrnr_ranger_500_TRUE_none_1_10         Lrnr_earth_1_3_backward_0_1_0_0 
                              0.1893895                               0.1881037 
        Lrnr_earth_2_3_backward_0_1_0_0               Lrnr_gam_NULL_NULL_GCV.Cp 
                              0.1884983                               0.1875872 
Lrnr_glmnet_NULL_deviance_10_1_100_TRUE                           Lrnr_glm_TRUE 
                              0.1874929                               0.1875872 
             Lrnr_xgboost_10_1_10_2_0.2              Lrnr_xgboost_10_1_10_3_0.2 
                              0.1889308                               0.1887436 
             Lrnr_xgboost_10_1_10_4_0.2              Lrnr_xgboost_10_1_10_5_0.2 
                              0.1889081                               0.1891496 
             Lrnr_xgboost_20_1_10_1_0.2              Lrnr_xgboost_20_1_10_2_0.2 
                              0.1880588                               0.1879324 
             Lrnr_xgboost_20_1_10_3_0.2              Lrnr_xgboost_20_1_10_4_0.2 
                              0.1880137                               0.1886363 
             Lrnr_xgboost_20_1_10_5_0.2 
                              0.1889983 
[1] "done"
[1] "Lrnr_cv"
[1] "Lrnr_mean"
[1] "Lrnr_cv"
[1] "Lrnr_mean"
NULL
[1] "done"
[1] "all"
[1] "iter: 21"
[1] 11984    75
[1] "Lrnr_cv"
[1] "Lrnr_screener_coefs_0_NULL_2"
 [1] "Lrnr_ranger_500_TRUE_none_1_10"         
 [2] "Lrnr_earth_1_3_backward_0_1_0_0"        
 [3] "Lrnr_earth_2_3_backward_0_1_0_0"        
 [4] "Lrnr_gam_NULL_NULL_GCV.Cp"              
 [5] "Lrnr_glmnet_NULL_deviance_10_1_100_TRUE"
 [6] "Lrnr_glm_TRUE"                          
 [7] "Lrnr_xgboost_10_1_10_2_0.2"             
 [8] "Lrnr_xgboost_10_1_10_3_0.2"             
 [9] "Lrnr_xgboost_10_1_10_4_0.2"             
[10] "Lrnr_xgboost_10_1_10_5_0.2"             
[11] "Lrnr_xgboost_20_1_10_1_0.2"             
[12] "Lrnr_xgboost_20_1_10_2_0.2"             
[13] "Lrnr_xgboost_20_1_10_3_0.2"             
[14] "Lrnr_xgboost_20_1_10_4_0.2"             
[15] "Lrnr_xgboost_20_1_10_5_0.2"             
[1] "Lrnr_cv_selector_NULL"
[1] "Lrnr_cv"
[1] "Lrnr_screener_coefs_0_NULL_2"
 [1] "Lrnr_ranger_500_TRUE_none_1_10"         
 [2] "Lrnr_earth_1_3_backward_0_1_0_0"        
 [3] "Lrnr_earth_2_3_backward_0_1_0_0"        
 [4] "Lrnr_gam_NULL_NULL_GCV.Cp"              
 [5] "Lrnr_glmnet_NULL_deviance_10_1_100_TRUE"
 [6] "Lrnr_glm_TRUE"                          
 [7] "Lrnr_xgboost_10_1_10_2_0.2"             
 [8] "Lrnr_xgboost_10_1_10_3_0.2"             
 [9] "Lrnr_xgboost_10_1_10_4_0.2"             
[10] "Lrnr_xgboost_10_1_10_5_0.2"             
[11] "Lrnr_xgboost_20_1_10_1_0.2"             
[12] "Lrnr_xgboost_20_1_10_2_0.2"             
[13] "Lrnr_xgboost_20_1_10_3_0.2"             
[14] "Lrnr_xgboost_20_1_10_4_0.2"             
[15] "Lrnr_xgboost_20_1_10_5_0.2"             
[1] "Lrnr_cv_selector_NULL"
         Lrnr_ranger_500_TRUE_none_1_10         Lrnr_earth_1_3_backward_0_1_0_0 
                              0.1858063                               0.1852163 
        Lrnr_earth_2_3_backward_0_1_0_0               Lrnr_gam_NULL_NULL_GCV.Cp 
                              0.1853562                               0.1849506 
Lrnr_glmnet_NULL_deviance_10_1_100_TRUE                           Lrnr_glm_TRUE 
                              0.1849087                               0.1849506 
             Lrnr_xgboost_10_1_10_2_0.2              Lrnr_xgboost_10_1_10_3_0.2 
                              0.1860880                               0.1858207 
             Lrnr_xgboost_10_1_10_4_0.2              Lrnr_xgboost_10_1_10_5_0.2 
                              0.1858236                               0.1859874 
             Lrnr_xgboost_20_1_10_1_0.2              Lrnr_xgboost_20_1_10_2_0.2 
                              0.1855052                               0.1849448 
             Lrnr_xgboost_20_1_10_3_0.2              Lrnr_xgboost_20_1_10_4_0.2 
                              0.1848043                               0.1850977 
             Lrnr_xgboost_20_1_10_5_0.2 
                              0.1855641 
[1] "done"
[1] "Lrnr_cv"
[1] "Lrnr_mean"
[1] "Lrnr_cv"
[1] "Lrnr_mean"
NULL
[1] "done"
[1] "all"
[1] "iter: 22"
[1] 11984    75
[1] "Lrnr_cv"
[1] "Lrnr_screener_coefs_0_NULL_2"
 [1] "Lrnr_ranger_500_TRUE_none_1_10"         
 [2] "Lrnr_earth_1_3_backward_0_1_0_0"        
 [3] "Lrnr_earth_2_3_backward_0_1_0_0"        
 [4] "Lrnr_gam_NULL_NULL_GCV.Cp"              
 [5] "Lrnr_glmnet_NULL_deviance_10_1_100_TRUE"
 [6] "Lrnr_glm_TRUE"                          
 [7] "Lrnr_xgboost_10_1_10_2_0.2"             
 [8] "Lrnr_xgboost_10_1_10_3_0.2"             
 [9] "Lrnr_xgboost_10_1_10_4_0.2"             
[10] "Lrnr_xgboost_10_1_10_5_0.2"             
[11] "Lrnr_xgboost_20_1_10_1_0.2"             
[12] "Lrnr_xgboost_20_1_10_2_0.2"             
[13] "Lrnr_xgboost_20_1_10_3_0.2"             
[14] "Lrnr_xgboost_20_1_10_4_0.2"             
[15] "Lrnr_xgboost_20_1_10_5_0.2"             
[1] "Lrnr_cv_selector_NULL"
[1] "Lrnr_cv"
[1] "Lrnr_screener_coefs_0_NULL_2"
 [1] "Lrnr_ranger_500_TRUE_none_1_10"         
 [2] "Lrnr_earth_1_3_backward_0_1_0_0"        
 [3] "Lrnr_earth_2_3_backward_0_1_0_0"        
 [4] "Lrnr_gam_NULL_NULL_GCV.Cp"              
 [5] "Lrnr_glmnet_NULL_deviance_10_1_100_TRUE"
 [6] "Lrnr_glm_TRUE"                          
 [7] "Lrnr_xgboost_10_1_10_2_0.2"             
 [8] "Lrnr_xgboost_10_1_10_3_0.2"             
 [9] "Lrnr_xgboost_10_1_10_4_0.2"             
[10] "Lrnr_xgboost_10_1_10_5_0.2"             
[11] "Lrnr_xgboost_20_1_10_1_0.2"             
[12] "Lrnr_xgboost_20_1_10_2_0.2"             
[13] "Lrnr_xgboost_20_1_10_3_0.2"             
[14] "Lrnr_xgboost_20_1_10_4_0.2"             
[15] "Lrnr_xgboost_20_1_10_5_0.2"             
[1] "Lrnr_cv_selector_NULL"
         Lrnr_ranger_500_TRUE_none_1_10         Lrnr_earth_1_3_backward_0_1_0_0 
                              0.1887201                               0.1879824 
        Lrnr_earth_2_3_backward_0_1_0_0               Lrnr_gam_NULL_NULL_GCV.Cp 
                              0.1880590                               0.1878291 
Lrnr_glmnet_NULL_deviance_10_1_100_TRUE                           Lrnr_glm_TRUE 
                              0.1877852                               0.1878291 
             Lrnr_xgboost_10_1_10_2_0.2              Lrnr_xgboost_10_1_10_3_0.2 
                              0.1889205                               0.1888181 
             Lrnr_xgboost_10_1_10_4_0.2              Lrnr_xgboost_10_1_10_5_0.2 
                              0.1888431                               0.1890156 
             Lrnr_xgboost_20_1_10_1_0.2              Lrnr_xgboost_20_1_10_2_0.2 
                              0.1879846                               0.1880286 
             Lrnr_xgboost_20_1_10_3_0.2              Lrnr_xgboost_20_1_10_4_0.2 
                              0.1880532                               0.1883936 
             Lrnr_xgboost_20_1_10_5_0.2 
                              0.1886983 
[1] "done"
[1] "Lrnr_cv"
[1] "Lrnr_mean"
[1] "Lrnr_cv"
[1] "Lrnr_mean"
NULL
[1] "done"
[1] "all"
[1] "iter: 23"
[1] 11984    75
[1] "Lrnr_cv"
[1] "Lrnr_screener_coefs_0_NULL_2"
 [1] "Lrnr_ranger_500_TRUE_none_1_10"         
 [2] "Lrnr_earth_1_3_backward_0_1_0_0"        
 [3] "Lrnr_earth_2_3_backward_0_1_0_0"        
 [4] "Lrnr_gam_NULL_NULL_GCV.Cp"              
 [5] "Lrnr_glmnet_NULL_deviance_10_1_100_TRUE"
 [6] "Lrnr_glm_TRUE"                          
 [7] "Lrnr_xgboost_10_1_10_2_0.2"             
 [8] "Lrnr_xgboost_10_1_10_3_0.2"             
 [9] "Lrnr_xgboost_10_1_10_4_0.2"             
[10] "Lrnr_xgboost_10_1_10_5_0.2"             
[11] "Lrnr_xgboost_20_1_10_1_0.2"             
[12] "Lrnr_xgboost_20_1_10_2_0.2"             
[13] "Lrnr_xgboost_20_1_10_3_0.2"             
[14] "Lrnr_xgboost_20_1_10_4_0.2"             
[15] "Lrnr_xgboost_20_1_10_5_0.2"             
[1] "Lrnr_cv_selector_NULL"
[1] "Lrnr_cv"
[1] "Lrnr_screener_coefs_0_NULL_2"
 [1] "Lrnr_ranger_500_TRUE_none_1_10"         
 [2] "Lrnr_earth_1_3_backward_0_1_0_0"        
 [3] "Lrnr_earth_2_3_backward_0_1_0_0"        
 [4] "Lrnr_gam_NULL_NULL_GCV.Cp"              
 [5] "Lrnr_glmnet_NULL_deviance_10_1_100_TRUE"
 [6] "Lrnr_glm_TRUE"                          
 [7] "Lrnr_xgboost_10_1_10_2_0.2"             
 [8] "Lrnr_xgboost_10_1_10_3_0.2"             
 [9] "Lrnr_xgboost_10_1_10_4_0.2"             
[10] "Lrnr_xgboost_10_1_10_5_0.2"             
[11] "Lrnr_xgboost_20_1_10_1_0.2"             
[12] "Lrnr_xgboost_20_1_10_2_0.2"             
[13] "Lrnr_xgboost_20_1_10_3_0.2"             
[14] "Lrnr_xgboost_20_1_10_4_0.2"             
[15] "Lrnr_xgboost_20_1_10_5_0.2"             
[1] "Lrnr_cv_selector_NULL"
         Lrnr_ranger_500_TRUE_none_1_10         Lrnr_earth_1_3_backward_0_1_0_0 
                              0.1876231                               0.1866404 
        Lrnr_earth_2_3_backward_0_1_0_0               Lrnr_gam_NULL_NULL_GCV.Cp 
                              0.1867138                               0.1868664 
Lrnr_glmnet_NULL_deviance_10_1_100_TRUE                           Lrnr_glm_TRUE 
                              0.1867614                               0.1868664 
             Lrnr_xgboost_10_1_10_2_0.2              Lrnr_xgboost_10_1_10_3_0.2 
                              0.1875085                               0.1875503 
             Lrnr_xgboost_10_1_10_4_0.2              Lrnr_xgboost_10_1_10_5_0.2 
                              0.1878140                               0.1877559 
             Lrnr_xgboost_20_1_10_1_0.2              Lrnr_xgboost_20_1_10_2_0.2 
                              0.1868256                               0.1867370 
             Lrnr_xgboost_20_1_10_3_0.2              Lrnr_xgboost_20_1_10_4_0.2 
                              0.1869471                               0.1873701 
             Lrnr_xgboost_20_1_10_5_0.2 
                              0.1873522 
[1] "done"
[1] "Lrnr_cv"
[1] "Lrnr_mean"
[1] "Lrnr_cv"
[1] "Lrnr_mean"
NULL
[1] "done"
[1] "all"
[1] "iter: 24"
[1] 11984    75
[1] "Lrnr_cv"
[1] "Lrnr_screener_coefs_0_NULL_2"
 [1] "Lrnr_ranger_500_TRUE_none_1_10"         
 [2] "Lrnr_earth_1_3_backward_0_1_0_0"        
 [3] "Lrnr_earth_2_3_backward_0_1_0_0"        
 [4] "Lrnr_gam_NULL_NULL_GCV.Cp"              
 [5] "Lrnr_glmnet_NULL_deviance_10_1_100_TRUE"
 [6] "Lrnr_glm_TRUE"                          
 [7] "Lrnr_xgboost_10_1_10_2_0.2"             
 [8] "Lrnr_xgboost_10_1_10_3_0.2"             
 [9] "Lrnr_xgboost_10_1_10_4_0.2"             
[10] "Lrnr_xgboost_10_1_10_5_0.2"             
[11] "Lrnr_xgboost_20_1_10_1_0.2"             
[12] "Lrnr_xgboost_20_1_10_2_0.2"             
[13] "Lrnr_xgboost_20_1_10_3_0.2"             
[14] "Lrnr_xgboost_20_1_10_4_0.2"             
[15] "Lrnr_xgboost_20_1_10_5_0.2"             
[1] "Lrnr_cv_selector_NULL"
[1] "Lrnr_cv"
[1] "Lrnr_screener_coefs_0_NULL_2"
 [1] "Lrnr_ranger_500_TRUE_none_1_10"         
 [2] "Lrnr_earth_1_3_backward_0_1_0_0"        
 [3] "Lrnr_earth_2_3_backward_0_1_0_0"        
 [4] "Lrnr_gam_NULL_NULL_GCV.Cp"              
 [5] "Lrnr_glmnet_NULL_deviance_10_1_100_TRUE"
 [6] "Lrnr_glm_TRUE"                          
 [7] "Lrnr_xgboost_10_1_10_2_0.2"             
 [8] "Lrnr_xgboost_10_1_10_3_0.2"             
 [9] "Lrnr_xgboost_10_1_10_4_0.2"             
[10] "Lrnr_xgboost_10_1_10_5_0.2"             
[11] "Lrnr_xgboost_20_1_10_1_0.2"             
[12] "Lrnr_xgboost_20_1_10_2_0.2"             
[13] "Lrnr_xgboost_20_1_10_3_0.2"             
[14] "Lrnr_xgboost_20_1_10_4_0.2"             
[15] "Lrnr_xgboost_20_1_10_5_0.2"             
[1] "Lrnr_cv_selector_NULL"
         Lrnr_ranger_500_TRUE_none_1_10         Lrnr_earth_1_3_backward_0_1_0_0 
                              0.1886373                               0.1874619 
        Lrnr_earth_2_3_backward_0_1_0_0               Lrnr_gam_NULL_NULL_GCV.Cp 
                              0.1874741                               0.1870249 
Lrnr_glmnet_NULL_deviance_10_1_100_TRUE                           Lrnr_glm_TRUE 
                              0.1869971                               0.1870249 
             Lrnr_xgboost_10_1_10_2_0.2              Lrnr_xgboost_10_1_10_3_0.2 
                              0.1883208                               0.1883173 
             Lrnr_xgboost_10_1_10_4_0.2              Lrnr_xgboost_10_1_10_5_0.2 
                              0.1884373                               0.1886358 
             Lrnr_xgboost_20_1_10_1_0.2              Lrnr_xgboost_20_1_10_2_0.2 
                              0.1875507                               0.1873152 
             Lrnr_xgboost_20_1_10_3_0.2              Lrnr_xgboost_20_1_10_4_0.2 
                              0.1875573                               0.1879810 
             Lrnr_xgboost_20_1_10_5_0.2 
                              0.1886183 
[1] "done"
[1] "Lrnr_cv"
[1] "Lrnr_mean"
[1] "Lrnr_cv"
[1] "Lrnr_mean"
NULL
[1] "done"
[1] "all"
[1] "iter: 25"
[1] 11984    75
[1] "Lrnr_cv"
[1] "Lrnr_screener_coefs_0_NULL_2"
 [1] "Lrnr_ranger_500_TRUE_none_1_10"         
 [2] "Lrnr_earth_1_3_backward_0_1_0_0"        
 [3] "Lrnr_earth_2_3_backward_0_1_0_0"        
 [4] "Lrnr_gam_NULL_NULL_GCV.Cp"              
 [5] "Lrnr_glmnet_NULL_deviance_10_1_100_TRUE"
 [6] "Lrnr_glm_TRUE"                          
 [7] "Lrnr_xgboost_10_1_10_2_0.2"             
 [8] "Lrnr_xgboost_10_1_10_3_0.2"             
 [9] "Lrnr_xgboost_10_1_10_4_0.2"             
[10] "Lrnr_xgboost_10_1_10_5_0.2"             
[11] "Lrnr_xgboost_20_1_10_1_0.2"             
[12] "Lrnr_xgboost_20_1_10_2_0.2"             
[13] "Lrnr_xgboost_20_1_10_3_0.2"             
[14] "Lrnr_xgboost_20_1_10_4_0.2"             
[15] "Lrnr_xgboost_20_1_10_5_0.2"             
[1] "Lrnr_cv_selector_NULL"
[1] "Lrnr_cv"
[1] "Lrnr_screener_coefs_0_NULL_2"
 [1] "Lrnr_ranger_500_TRUE_none_1_10"         
 [2] "Lrnr_earth_1_3_backward_0_1_0_0"        
 [3] "Lrnr_earth_2_3_backward_0_1_0_0"        
 [4] "Lrnr_gam_NULL_NULL_GCV.Cp"              
 [5] "Lrnr_glmnet_NULL_deviance_10_1_100_TRUE"
 [6] "Lrnr_glm_TRUE"                          
 [7] "Lrnr_xgboost_10_1_10_2_0.2"             
 [8] "Lrnr_xgboost_10_1_10_3_0.2"             
 [9] "Lrnr_xgboost_10_1_10_4_0.2"             
[10] "Lrnr_xgboost_10_1_10_5_0.2"             
[11] "Lrnr_xgboost_20_1_10_1_0.2"             
[12] "Lrnr_xgboost_20_1_10_2_0.2"             
[13] "Lrnr_xgboost_20_1_10_3_0.2"             
[14] "Lrnr_xgboost_20_1_10_4_0.2"             
[15] "Lrnr_xgboost_20_1_10_5_0.2"             
[1] "Lrnr_cv_selector_NULL"
         Lrnr_ranger_500_TRUE_none_1_10         Lrnr_earth_1_3_backward_0_1_0_0 
                              0.1846597                               0.1837031 
        Lrnr_earth_2_3_backward_0_1_0_0               Lrnr_gam_NULL_NULL_GCV.Cp 
                              0.1838391                               0.1836797 
Lrnr_glmnet_NULL_deviance_10_1_100_TRUE                           Lrnr_glm_TRUE 
                              0.1836697                               0.1836797 
             Lrnr_xgboost_10_1_10_2_0.2              Lrnr_xgboost_10_1_10_3_0.2 
                              0.1848205                               0.1846519 
             Lrnr_xgboost_10_1_10_4_0.2              Lrnr_xgboost_10_1_10_5_0.2 
                              0.1846690                               0.1848300 
             Lrnr_xgboost_20_1_10_1_0.2              Lrnr_xgboost_20_1_10_2_0.2 
                              0.1839442                               0.1837481 
             Lrnr_xgboost_20_1_10_3_0.2              Lrnr_xgboost_20_1_10_4_0.2 
                              0.1839962                               0.1841993 
             Lrnr_xgboost_20_1_10_5_0.2 
                              0.1845719 
[1] "done"
[1] "Lrnr_cv"
[1] "Lrnr_mean"
[1] "Lrnr_cv"
[1] "Lrnr_mean"
NULL
[1] "done"
[1] "all"
[1] "iter: 26"
[1] 11984    75
[1] "Lrnr_cv"
[1] "Lrnr_screener_coefs_0_NULL_2"
 [1] "Lrnr_ranger_500_TRUE_none_1_10"         
 [2] "Lrnr_earth_1_3_backward_0_1_0_0"        
 [3] "Lrnr_earth_2_3_backward_0_1_0_0"        
 [4] "Lrnr_gam_NULL_NULL_GCV.Cp"              
 [5] "Lrnr_glmnet_NULL_deviance_10_1_100_TRUE"
 [6] "Lrnr_glm_TRUE"                          
 [7] "Lrnr_xgboost_10_1_10_2_0.2"             
 [8] "Lrnr_xgboost_10_1_10_3_0.2"             
 [9] "Lrnr_xgboost_10_1_10_4_0.2"             
[10] "Lrnr_xgboost_10_1_10_5_0.2"             
[11] "Lrnr_xgboost_20_1_10_1_0.2"             
[12] "Lrnr_xgboost_20_1_10_2_0.2"             
[13] "Lrnr_xgboost_20_1_10_3_0.2"             
[14] "Lrnr_xgboost_20_1_10_4_0.2"             
[15] "Lrnr_xgboost_20_1_10_5_0.2"             
[1] "Lrnr_cv_selector_NULL"
[1] "Lrnr_cv"
[1] "Lrnr_screener_coefs_0_NULL_2"
 [1] "Lrnr_ranger_500_TRUE_none_1_10"         
 [2] "Lrnr_earth_1_3_backward_0_1_0_0"        
 [3] "Lrnr_earth_2_3_backward_0_1_0_0"        
 [4] "Lrnr_gam_NULL_NULL_GCV.Cp"              
 [5] "Lrnr_glmnet_NULL_deviance_10_1_100_TRUE"
 [6] "Lrnr_glm_TRUE"                          
 [7] "Lrnr_xgboost_10_1_10_2_0.2"             
 [8] "Lrnr_xgboost_10_1_10_3_0.2"             
 [9] "Lrnr_xgboost_10_1_10_4_0.2"             
[10] "Lrnr_xgboost_10_1_10_5_0.2"             
[11] "Lrnr_xgboost_20_1_10_1_0.2"             
[12] "Lrnr_xgboost_20_1_10_2_0.2"             
[13] "Lrnr_xgboost_20_1_10_3_0.2"             
[14] "Lrnr_xgboost_20_1_10_4_0.2"             
[15] "Lrnr_xgboost_20_1_10_5_0.2"             
[1] "Lrnr_cv_selector_NULL"
         Lrnr_ranger_500_TRUE_none_1_10         Lrnr_earth_1_3_backward_0_1_0_0 
                              0.1869671                               0.1859586 
        Lrnr_earth_2_3_backward_0_1_0_0               Lrnr_gam_NULL_NULL_GCV.Cp 
                              0.1859751                               0.1855784 
Lrnr_glmnet_NULL_deviance_10_1_100_TRUE                           Lrnr_glm_TRUE 
                              0.1855230                               0.1855784 
             Lrnr_xgboost_10_1_10_2_0.2              Lrnr_xgboost_10_1_10_3_0.2 
                              0.1870203                               0.1866893 
             Lrnr_xgboost_10_1_10_4_0.2              Lrnr_xgboost_10_1_10_5_0.2 
                              0.1866679                               0.1871416 
             Lrnr_xgboost_20_1_10_1_0.2              Lrnr_xgboost_20_1_10_2_0.2 
                              0.1863556                               0.1857483 
             Lrnr_xgboost_20_1_10_3_0.2              Lrnr_xgboost_20_1_10_4_0.2 
                              0.1855657                               0.1862277 
             Lrnr_xgboost_20_1_10_5_0.2 
                              0.1869289 
[1] "done"
[1] "Lrnr_cv"
[1] "Lrnr_mean"
[1] "Lrnr_cv"
[1] "Lrnr_mean"
NULL
[1] "done"
[1] "all"
[1] "iter: 27"
[1] 11984    75
[1] "Lrnr_cv"
[1] "Lrnr_screener_coefs_0_NULL_2"
 [1] "Lrnr_ranger_500_TRUE_none_1_10"         
 [2] "Lrnr_earth_1_3_backward_0_1_0_0"        
 [3] "Lrnr_earth_2_3_backward_0_1_0_0"        
 [4] "Lrnr_gam_NULL_NULL_GCV.Cp"              
 [5] "Lrnr_glmnet_NULL_deviance_10_1_100_TRUE"
 [6] "Lrnr_glm_TRUE"                          
 [7] "Lrnr_xgboost_10_1_10_2_0.2"             
 [8] "Lrnr_xgboost_10_1_10_3_0.2"             
 [9] "Lrnr_xgboost_10_1_10_4_0.2"             
[10] "Lrnr_xgboost_10_1_10_5_0.2"             
[11] "Lrnr_xgboost_20_1_10_1_0.2"             
[12] "Lrnr_xgboost_20_1_10_2_0.2"             
[13] "Lrnr_xgboost_20_1_10_3_0.2"             
[14] "Lrnr_xgboost_20_1_10_4_0.2"             
[15] "Lrnr_xgboost_20_1_10_5_0.2"             
[1] "Lrnr_cv_selector_NULL"
[1] "Lrnr_cv"
[1] "Lrnr_screener_coefs_0_NULL_2"
 [1] "Lrnr_ranger_500_TRUE_none_1_10"         
 [2] "Lrnr_earth_1_3_backward_0_1_0_0"        
 [3] "Lrnr_earth_2_3_backward_0_1_0_0"        
 [4] "Lrnr_gam_NULL_NULL_GCV.Cp"              
 [5] "Lrnr_glmnet_NULL_deviance_10_1_100_TRUE"
 [6] "Lrnr_glm_TRUE"                          
 [7] "Lrnr_xgboost_10_1_10_2_0.2"             
 [8] "Lrnr_xgboost_10_1_10_3_0.2"             
 [9] "Lrnr_xgboost_10_1_10_4_0.2"             
[10] "Lrnr_xgboost_10_1_10_5_0.2"             
[11] "Lrnr_xgboost_20_1_10_1_0.2"             
[12] "Lrnr_xgboost_20_1_10_2_0.2"             
[13] "Lrnr_xgboost_20_1_10_3_0.2"             
[14] "Lrnr_xgboost_20_1_10_4_0.2"             
[15] "Lrnr_xgboost_20_1_10_5_0.2"             
[1] "Lrnr_cv_selector_NULL"
         Lrnr_ranger_500_TRUE_none_1_10         Lrnr_earth_1_3_backward_0_1_0_0 
                              0.1902919                               0.1894689 
        Lrnr_earth_2_3_backward_0_1_0_0               Lrnr_gam_NULL_NULL_GCV.Cp 
                              0.1896910                               0.1890974 
Lrnr_glmnet_NULL_deviance_10_1_100_TRUE                           Lrnr_glm_TRUE 
                              0.1890731                               0.1890974 
             Lrnr_xgboost_10_1_10_2_0.2              Lrnr_xgboost_10_1_10_3_0.2 
                              0.1905001                               0.1901930 
             Lrnr_xgboost_10_1_10_4_0.2              Lrnr_xgboost_10_1_10_5_0.2 
                              0.1903964                               0.1905911 
             Lrnr_xgboost_20_1_10_1_0.2              Lrnr_xgboost_20_1_10_2_0.2 
                              0.1896996                               0.1893041 
             Lrnr_xgboost_20_1_10_3_0.2              Lrnr_xgboost_20_1_10_4_0.2 
                              0.1893094                               0.1895774 
             Lrnr_xgboost_20_1_10_5_0.2 
                              0.1902660 
[1] "done"
[1] "Lrnr_cv"
[1] "Lrnr_mean"
[1] "Lrnr_cv"
[1] "Lrnr_mean"
NULL
[1] "done"
[1] "all"
[1] "iter: 28"
[1] 11984    75
[1] "Lrnr_cv"
[1] "Lrnr_screener_coefs_0_NULL_2"
 [1] "Lrnr_ranger_500_TRUE_none_1_10"         
 [2] "Lrnr_earth_1_3_backward_0_1_0_0"        
 [3] "Lrnr_earth_2_3_backward_0_1_0_0"        
 [4] "Lrnr_gam_NULL_NULL_GCV.Cp"              
 [5] "Lrnr_glmnet_NULL_deviance_10_1_100_TRUE"
 [6] "Lrnr_glm_TRUE"                          
 [7] "Lrnr_xgboost_10_1_10_2_0.2"             
 [8] "Lrnr_xgboost_10_1_10_3_0.2"             
 [9] "Lrnr_xgboost_10_1_10_4_0.2"             
[10] "Lrnr_xgboost_10_1_10_5_0.2"             
[11] "Lrnr_xgboost_20_1_10_1_0.2"             
[12] "Lrnr_xgboost_20_1_10_2_0.2"             
[13] "Lrnr_xgboost_20_1_10_3_0.2"             
[14] "Lrnr_xgboost_20_1_10_4_0.2"             
[15] "Lrnr_xgboost_20_1_10_5_0.2"             
[1] "Lrnr_cv_selector_NULL"
[1] "Lrnr_cv"
[1] "Lrnr_screener_coefs_0_NULL_2"
 [1] "Lrnr_ranger_500_TRUE_none_1_10"         
 [2] "Lrnr_earth_1_3_backward_0_1_0_0"        
 [3] "Lrnr_earth_2_3_backward_0_1_0_0"        
 [4] "Lrnr_gam_NULL_NULL_GCV.Cp"              
 [5] "Lrnr_glmnet_NULL_deviance_10_1_100_TRUE"
 [6] "Lrnr_glm_TRUE"                          
 [7] "Lrnr_xgboost_10_1_10_2_0.2"             
 [8] "Lrnr_xgboost_10_1_10_3_0.2"             
 [9] "Lrnr_xgboost_10_1_10_4_0.2"             
[10] "Lrnr_xgboost_10_1_10_5_0.2"             
[11] "Lrnr_xgboost_20_1_10_1_0.2"             
[12] "Lrnr_xgboost_20_1_10_2_0.2"             
[13] "Lrnr_xgboost_20_1_10_3_0.2"             
[14] "Lrnr_xgboost_20_1_10_4_0.2"             
[15] "Lrnr_xgboost_20_1_10_5_0.2"             
[1] "Lrnr_cv_selector_NULL"
         Lrnr_ranger_500_TRUE_none_1_10         Lrnr_earth_1_3_backward_0_1_0_0 
                              0.1854722                               0.1846683 
        Lrnr_earth_2_3_backward_0_1_0_0               Lrnr_gam_NULL_NULL_GCV.Cp 
                              0.1847797                               0.1844859 
Lrnr_glmnet_NULL_deviance_10_1_100_TRUE                           Lrnr_glm_TRUE 
                              0.1844345                               0.1844859 
             Lrnr_xgboost_10_1_10_2_0.2              Lrnr_xgboost_10_1_10_3_0.2 
                              0.1860363                               0.1855841 
             Lrnr_xgboost_10_1_10_4_0.2              Lrnr_xgboost_10_1_10_5_0.2 
                              0.1855095                               0.1857948 
             Lrnr_xgboost_20_1_10_1_0.2              Lrnr_xgboost_20_1_10_2_0.2 
                              0.1854141                               0.1848116 
             Lrnr_xgboost_20_1_10_3_0.2              Lrnr_xgboost_20_1_10_4_0.2 
                              0.1847235                               0.1848273 
             Lrnr_xgboost_20_1_10_5_0.2 
                              0.1854393 
[1] "done"
[1] "Lrnr_cv"
[1] "Lrnr_mean"
[1] "Lrnr_cv"
[1] "Lrnr_mean"
NULL
[1] "done"
[1] "all"
[1] "iter: 29"
[1] 11984    75
[1] "Lrnr_cv"
[1] "Lrnr_screener_coefs_0_NULL_2"
 [1] "Lrnr_ranger_500_TRUE_none_1_10"         
 [2] "Lrnr_earth_1_3_backward_0_1_0_0"        
 [3] "Lrnr_earth_2_3_backward_0_1_0_0"        
 [4] "Lrnr_gam_NULL_NULL_GCV.Cp"              
 [5] "Lrnr_glmnet_NULL_deviance_10_1_100_TRUE"
 [6] "Lrnr_glm_TRUE"                          
 [7] "Lrnr_xgboost_10_1_10_2_0.2"             
 [8] "Lrnr_xgboost_10_1_10_3_0.2"             
 [9] "Lrnr_xgboost_10_1_10_4_0.2"             
[10] "Lrnr_xgboost_10_1_10_5_0.2"             
[11] "Lrnr_xgboost_20_1_10_1_0.2"             
[12] "Lrnr_xgboost_20_1_10_2_0.2"             
[13] "Lrnr_xgboost_20_1_10_3_0.2"             
[14] "Lrnr_xgboost_20_1_10_4_0.2"             
[15] "Lrnr_xgboost_20_1_10_5_0.2"             
[1] "Lrnr_cv_selector_NULL"
[1] "Lrnr_cv"
[1] "Lrnr_screener_coefs_0_NULL_2"
 [1] "Lrnr_ranger_500_TRUE_none_1_10"         
 [2] "Lrnr_earth_1_3_backward_0_1_0_0"        
 [3] "Lrnr_earth_2_3_backward_0_1_0_0"        
 [4] "Lrnr_gam_NULL_NULL_GCV.Cp"              
 [5] "Lrnr_glmnet_NULL_deviance_10_1_100_TRUE"
 [6] "Lrnr_glm_TRUE"                          
 [7] "Lrnr_xgboost_10_1_10_2_0.2"             
 [8] "Lrnr_xgboost_10_1_10_3_0.2"             
 [9] "Lrnr_xgboost_10_1_10_4_0.2"             
[10] "Lrnr_xgboost_10_1_10_5_0.2"             
[11] "Lrnr_xgboost_20_1_10_1_0.2"             
[12] "Lrnr_xgboost_20_1_10_2_0.2"             
[13] "Lrnr_xgboost_20_1_10_3_0.2"             
[14] "Lrnr_xgboost_20_1_10_4_0.2"             
[15] "Lrnr_xgboost_20_1_10_5_0.2"             
[1] "Lrnr_cv_selector_NULL"
         Lrnr_ranger_500_TRUE_none_1_10         Lrnr_earth_1_3_backward_0_1_0_0 
                              0.1887628                               0.1877401 
        Lrnr_earth_2_3_backward_0_1_0_0               Lrnr_gam_NULL_NULL_GCV.Cp 
                              0.1877640                               0.1870666 
Lrnr_glmnet_NULL_deviance_10_1_100_TRUE                           Lrnr_glm_TRUE 
                              0.1870392                               0.1870666 
             Lrnr_xgboost_10_1_10_2_0.2              Lrnr_xgboost_10_1_10_3_0.2 
                              0.1888085                               0.1884529 
             Lrnr_xgboost_10_1_10_4_0.2              Lrnr_xgboost_10_1_10_5_0.2 
                              0.1885845                               0.1889008 
             Lrnr_xgboost_20_1_10_1_0.2              Lrnr_xgboost_20_1_10_2_0.2 
                              0.1882038                               0.1874994 
             Lrnr_xgboost_20_1_10_3_0.2              Lrnr_xgboost_20_1_10_4_0.2 
                              0.1874764                               0.1879884 
             Lrnr_xgboost_20_1_10_5_0.2 
                              0.1886319 
[1] "done"
[1] "Lrnr_cv"
[1] "Lrnr_mean"
[1] "Lrnr_cv"
[1] "Lrnr_mean"
NULL
[1] "done"
[1] "all"
[1] "iter: 30"
[1] 11984    75
[1] "Lrnr_cv"
[1] "Lrnr_screener_coefs_0_NULL_2"
 [1] "Lrnr_ranger_500_TRUE_none_1_10"         
 [2] "Lrnr_earth_1_3_backward_0_1_0_0"        
 [3] "Lrnr_earth_2_3_backward_0_1_0_0"        
 [4] "Lrnr_gam_NULL_NULL_GCV.Cp"              
 [5] "Lrnr_glmnet_NULL_deviance_10_1_100_TRUE"
 [6] "Lrnr_glm_TRUE"                          
 [7] "Lrnr_xgboost_10_1_10_2_0.2"             
 [8] "Lrnr_xgboost_10_1_10_3_0.2"             
 [9] "Lrnr_xgboost_10_1_10_4_0.2"             
[10] "Lrnr_xgboost_10_1_10_5_0.2"             
[11] "Lrnr_xgboost_20_1_10_1_0.2"             
[12] "Lrnr_xgboost_20_1_10_2_0.2"             
[13] "Lrnr_xgboost_20_1_10_3_0.2"             
[14] "Lrnr_xgboost_20_1_10_4_0.2"             
[15] "Lrnr_xgboost_20_1_10_5_0.2"             
[1] "Lrnr_cv_selector_NULL"
[1] "Lrnr_cv"
[1] "Lrnr_screener_coefs_0_NULL_2"
 [1] "Lrnr_ranger_500_TRUE_none_1_10"         
 [2] "Lrnr_earth_1_3_backward_0_1_0_0"        
 [3] "Lrnr_earth_2_3_backward_0_1_0_0"        
 [4] "Lrnr_gam_NULL_NULL_GCV.Cp"              
 [5] "Lrnr_glmnet_NULL_deviance_10_1_100_TRUE"
 [6] "Lrnr_glm_TRUE"                          
 [7] "Lrnr_xgboost_10_1_10_2_0.2"             
 [8] "Lrnr_xgboost_10_1_10_3_0.2"             
 [9] "Lrnr_xgboost_10_1_10_4_0.2"             
[10] "Lrnr_xgboost_10_1_10_5_0.2"             
[11] "Lrnr_xgboost_20_1_10_1_0.2"             
[12] "Lrnr_xgboost_20_1_10_2_0.2"             
[13] "Lrnr_xgboost_20_1_10_3_0.2"             
[14] "Lrnr_xgboost_20_1_10_4_0.2"             
[15] "Lrnr_xgboost_20_1_10_5_0.2"             
[1] "Lrnr_cv_selector_NULL"
