Error : package or namespace load failed for ‘reticulate’ in loadNamespace(j <- i[[1L]], c(lib.loc, .libPaths()), versionCheck = vI[[j]]):
 there is no package called ‘png’
Error : package or namespace load failed for ‘reticulate’ in loadNamespace(j <- i[[1L]], c(lib.loc, .libPaths()), versionCheck = vI[[j]]):
 there is no package called ‘png’
Error : package or namespace load failed for ‘reticulate’ in loadNamespace(j <- i[[1L]], c(lib.loc, .libPaths()), versionCheck = vI[[j]]):
 there is no package called ‘png’
Error : package or namespace load failed for ‘reticulate’ in loadNamespace(j <- i[[1L]], c(lib.loc, .libPaths()), versionCheck = vI[[j]]):
 there is no package called ‘png’
Error : package or namespace load failed for ‘reticulate’ in loadNamespace(j <- i[[1L]], c(lib.loc, .libPaths()), versionCheck = vI[[j]]):
 there is no package called ‘png’
Error : package or namespace load failed for ‘reticulate’ in loadNamespace(j <- i[[1L]], c(lib.loc, .libPaths()), versionCheck = vI[[j]]):
 there is no package called ‘png’
Error : package or namespace load failed for ‘reticulate’ in loadNamespace(j <- i[[1L]], c(lib.loc, .libPaths()), versionCheck = vI[[j]]):
 there is no package called ‘png’
Error : package or namespace load failed for ‘reticulate’ in loadNamespace(j <- i[[1L]], c(lib.loc, .libPaths()), versionCheck = vI[[j]]):
 there is no package called ‘png’
Error : package or namespace load failed for ‘reticulate’ in loadNamespace(j <- i[[1L]], c(lib.loc, .libPaths()), versionCheck = vI[[j]]):
 there is no package called ‘png’
Error : package or namespace load failed for ‘reticulate’ in loadNamespace(j <- i[[1L]], c(lib.loc, .libPaths()), versionCheck = vI[[j]]):
 there is no package called ‘png’
Error : package or namespace load failed for ‘reticulate’ in loadNamespace(j <- i[[1L]], c(lib.loc, .libPaths()), versionCheck = vI[[j]]):
 there is no package called ‘png’
Error : package or namespace load failed for ‘reticulate’ in loadNamespace(j <- i[[1L]], c(lib.loc, .libPaths()), versionCheck = vI[[j]]):
 there is no package called ‘png’
Error : package or namespace load failed for ‘reticulate’ in loadNamespace(j <- i[[1L]], c(lib.loc, .libPaths()), versionCheck = vI[[j]]):
 there is no package called ‘png’
Error : package or namespace load failed for ‘reticulate’ in loadNamespace(j <- i[[1L]], c(lib.loc, .libPaths()), versionCheck = vI[[j]]):
 there is no package called ‘png’
Error : package or namespace load failed for ‘reticulate’ in loadNamespace(j <- i[[1L]], c(lib.loc, .libPaths()), versionCheck = vI[[j]]):
 there is no package called ‘png’
Error : package or namespace load failed for ‘reticulate’ in loadNamespace(j <- i[[1L]], c(lib.loc, .libPaths()), versionCheck = vI[[j]]):
 there is no package called ‘png’
Error : package or namespace load failed for ‘reticulate’ in loadNamespace(j <- i[[1L]], c(lib.loc, .libPaths()), versionCheck = vI[[j]]):
 there is no package called ‘png’
Error : package or namespace load failed for ‘reticulate’ in loadNamespace(j <- i[[1L]], c(lib.loc, .libPaths()), versionCheck = vI[[j]]):
 there is no package called ‘png’
Error : package or namespace load failed for ‘reticulate’ in loadNamespace(j <- i[[1L]], c(lib.loc, .libPaths()), versionCheck = vI[[j]]):
 there is no package called ‘png’
Error : package or namespace load failed for ‘reticulate’ in loadNamespace(j <- i[[1L]], c(lib.loc, .libPaths()), versionCheck = vI[[j]]):
 there is no package called ‘png’
Error : package or namespace load failed for ‘reticulate’ in loadNamespace(j <- i[[1L]], c(lib.loc, .libPaths()), versionCheck = vI[[j]]):
 there is no package called ‘png’
Error : package or namespace load failed for ‘reticulate’ in loadNamespace(j <- i[[1L]], c(lib.loc, .libPaths()), versionCheck = vI[[j]]):
 there is no package called ‘png’
Error : package or namespace load failed for ‘reticulate’ in loadNamespace(j <- i[[1L]], c(lib.loc, .libPaths()), versionCheck = vI[[j]]):
 there is no package called ‘png’
Error : package or namespace load failed for ‘reticulate’ in loadNamespace(j <- i[[1L]], c(lib.loc, .libPaths()), versionCheck = vI[[j]]):
 there is no package called ‘png’
Error : package or namespace load failed for ‘reticulate’ in loadNamespace(j <- i[[1L]], c(lib.loc, .libPaths()), versionCheck = vI[[j]]):
 there is no package called ‘png’
Error : package or namespace load failed for ‘reticulate’ in loadNamespace(j <- i[[1L]], c(lib.loc, .libPaths()), versionCheck = vI[[j]]):
 there is no package called ‘png’
Error : package or namespace load failed for ‘reticulate’ in loadNamespace(j <- i[[1L]], c(lib.loc, .libPaths()), versionCheck = vI[[j]]):
 there is no package called ‘png’
Error : package or namespace load failed for ‘reticulate’ in loadNamespace(j <- i[[1L]], c(lib.loc, .libPaths()), versionCheck = vI[[j]]):
 there is no package called ‘png’
Error : package or namespace load failed for ‘reticulate’ in loadNamespace(j <- i[[1L]], c(lib.loc, .libPaths()), versionCheck = vI[[j]]):
 there is no package called ‘png’
Error : package or namespace load failed for ‘reticulate’ in loadNamespace(j <- i[[1L]], c(lib.loc, .libPaths()), versionCheck = vI[[j]]):
 there is no package called ‘png’
Error : package or namespace load failed for ‘reticulate’ in loadNamespace(j <- i[[1L]], c(lib.loc, .libPaths()), versionCheck = vI[[j]]):
 there is no package called ‘png’
Error : package or namespace load failed for ‘reticulate’ in loadNamespace(j <- i[[1L]], c(lib.loc, .libPaths()), versionCheck = vI[[j]]):
 there is no package called ‘png’
Error : package or namespace load failed for ‘reticulate’ in loadNamespace(j <- i[[1L]], c(lib.loc, .libPaths()), versionCheck = vI[[j]]):
 there is no package called ‘png’
Error : package or namespace load failed for ‘reticulate’ in loadNamespace(j <- i[[1L]], c(lib.loc, .libPaths()), versionCheck = vI[[j]]):
 there is no package called ‘png’
Error : package or namespace load failed for ‘reticulate’ in loadNamespace(j <- i[[1L]], c(lib.loc, .libPaths()), versionCheck = vI[[j]]):
 there is no package called ‘png’
Error : package or namespace load failed for ‘reticulate’ in loadNamespace(j <- i[[1L]], c(lib.loc, .libPaths()), versionCheck = vI[[j]]):
 there is no package called ‘png’
Error : package or namespace load failed for ‘reticulate’ in loadNamespace(j <- i[[1L]], c(lib.loc, .libPaths()), versionCheck = vI[[j]]):
 there is no package called ‘png’
Error : package or namespace load failed for ‘reticulate’ in loadNamespace(j <- i[[1L]], c(lib.loc, .libPaths()), versionCheck = vI[[j]]):
 there is no package called ‘png’
Error : package or namespace load failed for ‘reticulate’ in loadNamespace(j <- i[[1L]], c(lib.loc, .libPaths()), versionCheck = vI[[j]]):
 there is no package called ‘png’
Error : package or namespace load failed for ‘reticulate’ in loadNamespace(j <- i[[1L]], c(lib.loc, .libPaths()), versionCheck = vI[[j]]):
 there is no package called ‘png’
Error : package or namespace load failed for ‘reticulate’ in loadNamespace(j <- i[[1L]], c(lib.loc, .libPaths()), versionCheck = vI[[j]]):
 there is no package called ‘png’
Error : package or namespace load failed for ‘reticulate’ in loadNamespace(j <- i[[1L]], c(lib.loc, .libPaths()), versionCheck = vI[[j]]):
 there is no package called ‘png’
Error : package or namespace load failed for ‘reticulate’ in loadNamespace(j <- i[[1L]], c(lib.loc, .libPaths()), versionCheck = vI[[j]]):
 there is no package called ‘png’
Error : package or namespace load failed for ‘reticulate’ in loadNamespace(j <- i[[1L]], c(lib.loc, .libPaths()), versionCheck = vI[[j]]):
 there is no package called ‘png’
Error : package or namespace load failed for ‘reticulate’ in loadNamespace(j <- i[[1L]], c(lib.loc, .libPaths()), versionCheck = vI[[j]]):
 there is no package called ‘png’
Error : package or namespace load failed for ‘reticulate’ in loadNamespace(j <- i[[1L]], c(lib.loc, .libPaths()), versionCheck = vI[[j]]):
 there is no package called ‘png’
Error : package or namespace load failed for ‘reticulate’ in loadNamespace(j <- i[[1L]], c(lib.loc, .libPaths()), versionCheck = vI[[j]]):
 there is no package called ‘png’
Error : package or namespace load failed for ‘reticulate’ in loadNamespace(j <- i[[1L]], c(lib.loc, .libPaths()), versionCheck = vI[[j]]):
 there is no package called ‘png’
Error : package or namespace load failed for ‘reticulate’ in loadNamespace(j <- i[[1L]], c(lib.loc, .libPaths()), versionCheck = vI[[j]]):
 there is no package called ‘png’
Error : package or namespace load failed for ‘reticulate’ in loadNamespace(j <- i[[1L]], c(lib.loc, .libPaths()), versionCheck = vI[[j]]):
 there is no package called ‘png’
Error : package or namespace load failed for ‘reticulate’ in loadNamespace(j <- i[[1L]], c(lib.loc, .libPaths()), versionCheck = vI[[j]]):
 there is no package called ‘png’
Error : package or namespace load failed for ‘reticulate’ in loadNamespace(j <- i[[1L]], c(lib.loc, .libPaths()), versionCheck = vI[[j]]):
 there is no package called ‘png’
Error : package or namespace load failed for ‘reticulate’ in loadNamespace(j <- i[[1L]], c(lib.loc, .libPaths()), versionCheck = vI[[j]]):
 there is no package called ‘png’
Error : package or namespace load failed for ‘reticulate’ in loadNamespace(j <- i[[1L]], c(lib.loc, .libPaths()), versionCheck = vI[[j]]):
 there is no package called ‘png’
Error : package or namespace load failed for ‘reticulate’ in loadNamespace(j <- i[[1L]], c(lib.loc, .libPaths()), versionCheck = vI[[j]]):
 there is no package called ‘png’
Error : package or namespace load failed for ‘reticulate’ in loadNamespace(j <- i[[1L]], c(lib.loc, .libPaths()), versionCheck = vI[[j]]):
 there is no package called ‘png’
Error : package or namespace load failed for ‘reticulate’ in loadNamespace(j <- i[[1L]], c(lib.loc, .libPaths()), versionCheck = vI[[j]]):
 there is no package called ‘png’
Error : package or namespace load failed for ‘reticulate’ in loadNamespace(j <- i[[1L]], c(lib.loc, .libPaths()), versionCheck = vI[[j]]):
 there is no package called ‘png’
Error : package or namespace load failed for ‘reticulate’ in loadNamespace(j <- i[[1L]], c(lib.loc, .libPaths()), versionCheck = vI[[j]]):
 there is no package called ‘png’
Error : package or namespace load failed for ‘reticulate’ in loadNamespace(j <- i[[1L]], c(lib.loc, .libPaths()), versionCheck = vI[[j]]):
 there is no package called ‘png’
Error : package or namespace load failed for ‘reticulate’ in loadNamespace(j <- i[[1L]], c(lib.loc, .libPaths()), versionCheck = vI[[j]]):
 there is no package called ‘png’
Error : package or namespace load failed for ‘reticulate’ in loadNamespace(j <- i[[1L]], c(lib.loc, .libPaths()), versionCheck = vI[[j]]):
 there is no package called ‘png’
Error : package or namespace load failed for ‘reticulate’ in loadNamespace(j <- i[[1L]], c(lib.loc, .libPaths()), versionCheck = vI[[j]]):
 there is no package called ‘png’
Error : package or namespace load failed for ‘reticulate’ in loadNamespace(j <- i[[1L]], c(lib.loc, .libPaths()), versionCheck = vI[[j]]):
 there is no package called ‘png’
Error : package or namespace load failed for ‘reticulate’ in loadNamespace(j <- i[[1L]], c(lib.loc, .libPaths()), versionCheck = vI[[j]]):
 there is no package called ‘png’
Error : package or namespace load failed for ‘reticulate’ in loadNamespace(j <- i[[1L]], c(lib.loc, .libPaths()), versionCheck = vI[[j]]):
 there is no package called ‘png’
Error : package or namespace load failed for ‘reticulate’ in loadNamespace(j <- i[[1L]], c(lib.loc, .libPaths()), versionCheck = vI[[j]]):
 there is no package called ‘png’
Error : package or namespace load failed for ‘reticulate’ in loadNamespace(j <- i[[1L]], c(lib.loc, .libPaths()), versionCheck = vI[[j]]):
 there is no package called ‘png’
Error : package or namespace load failed for ‘reticulate’ in loadNamespace(j <- i[[1L]], c(lib.loc, .libPaths()), versionCheck = vI[[j]]):
 there is no package called ‘png’
Error : package or namespace load failed for ‘reticulate’ in loadNamespace(j <- i[[1L]], c(lib.loc, .libPaths()), versionCheck = vI[[j]]):
 there is no package called ‘png’
Error : package or namespace load failed for ‘reticulate’ in loadNamespace(j <- i[[1L]], c(lib.loc, .libPaths()), versionCheck = vI[[j]]):
 there is no package called ‘png’
Error : package or namespace load failed for ‘reticulate’ in loadNamespace(j <- i[[1L]], c(lib.loc, .libPaths()), versionCheck = vI[[j]]):
 there is no package called ‘png’
Error : package or namespace load failed for ‘reticulate’ in loadNamespace(j <- i[[1L]], c(lib.loc, .libPaths()), versionCheck = vI[[j]]):
 there is no package called ‘png’
Error : package or namespace load failed for ‘reticulate’ in loadNamespace(j <- i[[1L]], c(lib.loc, .libPaths()), versionCheck = vI[[j]]):
 there is no package called ‘png’
Error : package or namespace load failed for ‘reticulate’ in loadNamespace(j <- i[[1L]], c(lib.loc, .libPaths()), versionCheck = vI[[j]]):
 there is no package called ‘png’
Error : package or namespace load failed for ‘reticulate’ in loadNamespace(j <- i[[1L]], c(lib.loc, .libPaths()), versionCheck = vI[[j]]):
 there is no package called ‘png’
Error : package or namespace load failed for ‘reticulate’ in loadNamespace(j <- i[[1L]], c(lib.loc, .libPaths()), versionCheck = vI[[j]]):
 there is no package called ‘png’
Error : package or namespace load failed for ‘reticulate’ in loadNamespace(j <- i[[1L]], c(lib.loc, .libPaths()), versionCheck = vI[[j]]):
 there is no package called ‘png’
Error : package or namespace load failed for ‘reticulate’ in loadNamespace(j <- i[[1L]], c(lib.loc, .libPaths()), versionCheck = vI[[j]]):
 there is no package called ‘png’
Error : package or namespace load failed for ‘reticulate’ in loadNamespace(j <- i[[1L]], c(lib.loc, .libPaths()), versionCheck = vI[[j]]):
 there is no package called ‘png’
Error : package or namespace load failed for ‘reticulate’ in loadNamespace(j <- i[[1L]], c(lib.loc, .libPaths()), versionCheck = vI[[j]]):
 there is no package called ‘png’
Error : package or namespace load failed for ‘reticulate’ in loadNamespace(j <- i[[1L]], c(lib.loc, .libPaths()), versionCheck = vI[[j]]):
 there is no package called ‘png’
Error : package or namespace load failed for ‘reticulate’ in loadNamespace(j <- i[[1L]], c(lib.loc, .libPaths()), versionCheck = vI[[j]]):
 there is no package called ‘png’
Error : package or namespace load failed for ‘reticulate’ in loadNamespace(j <- i[[1L]], c(lib.loc, .libPaths()), versionCheck = vI[[j]]):
 there is no package called ‘png’
Error : package or namespace load failed for ‘reticulate’ in loadNamespace(j <- i[[1L]], c(lib.loc, .libPaths()), versionCheck = vI[[j]]):
 there is no package called ‘png’
Error : package or namespace load failed for ‘reticulate’ in loadNamespace(j <- i[[1L]], c(lib.loc, .libPaths()), versionCheck = vI[[j]]):
 there is no package called ‘png’
Error : package or namespace load failed for ‘reticulate’ in loadNamespace(j <- i[[1L]], c(lib.loc, .libPaths()), versionCheck = vI[[j]]):
 there is no package called ‘png’
Error : package or namespace load failed for ‘reticulate’ in loadNamespace(j <- i[[1L]], c(lib.loc, .libPaths()), versionCheck = vI[[j]]):
 there is no package called ‘png’
Error : package or namespace load failed for ‘reticulate’ in loadNamespace(j <- i[[1L]], c(lib.loc, .libPaths()), versionCheck = vI[[j]]):
 there is no package called ‘png’
Error : package or namespace load failed for ‘reticulate’ in loadNamespace(j <- i[[1L]], c(lib.loc, .libPaths()), versionCheck = vI[[j]]):
 there is no package called ‘png’
Error : package or namespace load failed for ‘reticulate’ in loadNamespace(j <- i[[1L]], c(lib.loc, .libPaths()), versionCheck = vI[[j]]):
 there is no package called ‘png’
Error : package or namespace load failed for ‘reticulate’ in loadNamespace(j <- i[[1L]], c(lib.loc, .libPaths()), versionCheck = vI[[j]]):
 there is no package called ‘png’
Error : package or namespace load failed for ‘reticulate’ in loadNamespace(j <- i[[1L]], c(lib.loc, .libPaths()), versionCheck = vI[[j]]):
 there is no package called ‘png’
Error : package or namespace load failed for ‘reticulate’ in loadNamespace(j <- i[[1L]], c(lib.loc, .libPaths()), versionCheck = vI[[j]]):
 there is no package called ‘png’
Error : package or namespace load failed for ‘reticulate’ in loadNamespace(j <- i[[1L]], c(lib.loc, .libPaths()), versionCheck = vI[[j]]):
 there is no package called ‘png’
Error : package or namespace load failed for ‘reticulate’ in loadNamespace(j <- i[[1L]], c(lib.loc, .libPaths()), versionCheck = vI[[j]]):
 there is no package called ‘png’
Error : package or namespace load failed for ‘reticulate’ in loadNamespace(j <- i[[1L]], c(lib.loc, .libPaths()), versionCheck = vI[[j]]):
 there is no package called ‘png’
Error : package or namespace load failed for ‘reticulate’ in loadNamespace(j <- i[[1L]], c(lib.loc, .libPaths()), versionCheck = vI[[j]]):
 there is no package called ‘png’
Error : package or namespace load failed for ‘reticulate’ in loadNamespace(j <- i[[1L]], c(lib.loc, .libPaths()), versionCheck = vI[[j]]):
 there is no package called ‘png’
Error : package or namespace load failed for ‘reticulate’ in loadNamespace(j <- i[[1L]], c(lib.loc, .libPaths()), versionCheck = vI[[j]]):
 there is no package called ‘png’
Warning message:
In fwrite(sim_results, paste0("~/DRinference/simResultsDR/sim_results_",  :
  Input has no columns; creating an empty file at '/home/lvanderl/DRinference/simResultsDR/sim_results_ihdp.csv' and exiting.
