LOADING R
R LOADED
[1] "/home/lvanderl/Rlibs2"                         
[2] "/app/software/R/4.3.1-gfbf-2022b/lib/R/library"
[1] "/home/lvanderl/sieveSims"
[1] "acic2017_20"
  [1]   1   2   3   4   5   6   7   8   9  10  11  12  13  14  15  16  17  18
 [19]  19  20  21  22  23  24  25  26  27  28  29  30  31  32  33  34  35  36
 [37]  37  38  39  40  41  42  43  44  45  46  47  48  49  50  51  52  53  54
 [55]  55  56  57  58  59  60  61  62  63  64  65  66  67  68  69  70  71  72
 [73]  73  74  75  76  77  78  79  80  81  82  83  84  85  86  87  88  89  90
 [91]  91  92  93  94  95  96  97  98  99 100
[1] "iter: 1"
[1] 20
[1] 4302   58
[1] "Lrnr_cv"
[1] "Lrnr_screener_coefs_0_NULL_2"
 [1] "Lrnr_ranger_500_TRUE_none_1_10"         
 [2] "Lrnr_earth_1_3_backward_0_1_0_0"        
 [3] "Lrnr_earth_2_3_backward_0_1_0_0"        
 [4] "Lrnr_gam_NULL_NULL_GCV.Cp"              
 [5] "Lrnr_glmnet_NULL_deviance_10_1_100_TRUE"
 [6] "Lrnr_glm_TRUE"                          
 [7] "Lrnr_xgboost_10_1_10_2_0.2"             
 [8] "Lrnr_xgboost_10_1_10_3_0.2"             
 [9] "Lrnr_xgboost_10_1_10_4_0.2"             
[10] "Lrnr_xgboost_10_1_10_5_0.2"             
[11] "Lrnr_xgboost_20_1_10_1_0.2"             
[12] "Lrnr_xgboost_20_1_10_2_0.2"             
[13] "Lrnr_xgboost_20_1_10_3_0.2"             
[14] "Lrnr_xgboost_20_1_10_4_0.2"             
[15] "Lrnr_xgboost_20_1_10_5_0.2"             
[1] "Lrnr_cv_selector_NULL"
