LOADING R
R LOADED
[1] "/home/lvanderl/Rlibs2"                         
[2] "/app/software/R/4.3.1-gfbf-2022b/lib/R/library"
[1] "/home/lvanderl/sieveSims"
[1] "iter: 1"
[1] "done"
[1] "Lrnr_cv"
[1] "Lrnr_glm_TRUE"
[1] "done"
[1] 0.04395762
[1] 0.2578585
[1] 0.04395762
[1] "iter: 2"
[1] "done"
[1] "Lrnr_cv"
[1] "Lrnr_glm_TRUE"
[1] "done"
[1] 0.03786741
[1] 0.2535522
[1] 0.03786741
[1] "iter: 3"
[1] "done"
[1] "Lrnr_cv"
[1] "Lrnr_glm_TRUE"
[1] "done"
[1] 0.04597063
[1] 0.2723733
[1] 0.04597063
[1] "iter: 4"
[1] "done"
[1] "Lrnr_cv"
[1] "Lrnr_glm_TRUE"
[1] "done"
[1] 0.0625419
[1] 0.3040073
[1] 0.0625419
[1] "iter: 5"
[1] "done"
[1] "Lrnr_cv"
[1] "Lrnr_glm_TRUE"
[1] "done"
[1] 0.07878
[1] 0.2862872
[1] 0.07878
[1] "iter: 6"
[1] "done"
[1] "Lrnr_cv"
[1] "Lrnr_glm_TRUE"
[1] "done"
[1] 0.05531808
[1] 0.2708844
[1] 0.05531808
[1] "iter: 7"
[1] "done"
[1] "Lrnr_cv"
[1] "Lrnr_glm_TRUE"
[1] "done"
[1] 0.09045238
[1] 0.2916041
[1] 0.09045238
[1] "iter: 8"
[1] "done"
[1] "Lrnr_cv"
[1] "Lrnr_glm_TRUE"
[1] "done"
[1] 0.05607123
[1] 0.2617274
[1] 0.05607123
[1] "iter: 9"
[1] "done"
[1] "Lrnr_cv"
[1] "Lrnr_glm_TRUE"
[1] "done"
[1] 0.02736846
[1] 0.2398295
[1] 0.02736846
[1] "iter: 10"
[1] "done"
[1] "Lrnr_cv"
[1] "Lrnr_glm_TRUE"
[1] "done"
[1] 0.06212026
[1] 0.2840686
[1] 0.06212026
[1] "iter: 11"
[1] "done"
[1] "Lrnr_cv"
[1] "Lrnr_glm_TRUE"
[1] "done"
[1] 0.06724384
[1] 0.2635451
[1] 0.06724384
[1] "iter: 12"
[1] "done"
[1] "Lrnr_cv"
[1] "Lrnr_glm_TRUE"
[1] "done"
[1] 0.02589299
[1] 0.2663785
[1] 0.02589299
[1] "iter: 13"
[1] "done"
[1] "Lrnr_cv"
[1] "Lrnr_glm_TRUE"
[1] "done"
[1] 0.05868383
[1] 0.2708131
[1] 0.05868383
[1] "iter: 14"
[1] "done"
[1] "Lrnr_cv"
[1] "Lrnr_glm_TRUE"
[1] "done"
[1] 0.04366048
[1] 0.2720862
[1] 0.04366048
[1] "iter: 15"
[1] "done"
[1] "Lrnr_cv"
[1] "Lrnr_glm_TRUE"
[1] "done"
[1] 0.06333154
[1] 0.2869471
[1] 0.06333154
[1] "iter: 16"
[1] "done"
[1] "Lrnr_cv"
[1] "Lrnr_glm_TRUE"
[1] "done"
[1] 0.05695801
[1] 0.2632679
[1] 0.05695801
[1] "iter: 17"
[1] "done"
[1] "Lrnr_cv"
[1] "Lrnr_glm_TRUE"
[1] "done"
[1] 0.06394388
[1] 0.283745
[1] 0.06394388
[1] "iter: 18"
[1] "done"
[1] "Lrnr_cv"
[1] "Lrnr_glm_TRUE"
[1] "done"
[1] 0.05724087
[1] 0.2683892
[1] 0.05724087
[1] "iter: 19"
[1] "done"
[1] "Lrnr_cv"
[1] "Lrnr_glm_TRUE"
[1] "done"
[1] 0.02308121
[1] 0.2625398
[1] 0.02308121
[1] "iter: 20"
[1] "done"
[1] "Lrnr_cv"
[1] "Lrnr_glm_TRUE"
[1] "done"
[1] 0.03099519
[1] 0.2618095
[1] 0.03099519
[1] "iter: 21"
[1] "done"
[1] "Lrnr_cv"
[1] "Lrnr_glm_TRUE"
[1] "done"
[1] 0.07603536
[1] 0.2902948
[1] 0.07603536
[1] "iter: 22"
[1] "done"
[1] "Lrnr_cv"
[1] "Lrnr_glm_TRUE"
[1] "done"
[1] 0.08829467
[1] 0.2920258
[1] 0.08829467
[1] "iter: 23"
[1] "done"
[1] "Lrnr_cv"
[1] "Lrnr_glm_TRUE"
[1] "done"
[1] 0.05426638
[1] 0.2510578
[1] 0.05426638
[1] "iter: 24"
[1] "done"
[1] "Lrnr_cv"
[1] "Lrnr_glm_TRUE"
[1] "done"
[1] 0.05688547
[1] 0.2754469
[1] 0.05688547
[1] "iter: 25"
[1] "done"
[1] "Lrnr_cv"
[1] "Lrnr_glm_TRUE"
[1] "done"
[1] 0.06890344
[1] 0.284242
[1] 0.06890344
[1] "iter: 26"
[1] "done"
[1] "Lrnr_cv"
[1] "Lrnr_glm_TRUE"
[1] "done"
[1] 0.05237308
[1] 0.2794732
[1] 0.05237308
[1] "iter: 27"
[1] "done"
[1] "Lrnr_cv"
[1] "Lrnr_glm_TRUE"
[1] "done"
[1] 0.06737721
[1] 0.2794632
[1] 0.06737721
[1] "iter: 28"
[1] "done"
[1] "Lrnr_cv"
[1] "Lrnr_glm_TRUE"
[1] "done"
[1] 0.04719533
[1] 0.2606824
[1] 0.04719533
[1] "iter: 29"
[1] "done"
[1] "Lrnr_cv"
[1] "Lrnr_glm_TRUE"
[1] "done"
[1] 0.02925088
[1] 0.2645728
[1] 0.02925088
[1] "iter: 30"
[1] "done"
[1] "Lrnr_cv"
[1] "Lrnr_glm_TRUE"
[1] "done"
[1] 0.04911318
[1] 0.2389778
[1] 0.04911318
[1] "iter: 31"
[1] "done"
[1] "Lrnr_cv"
[1] "Lrnr_glm_TRUE"
[1] "done"
[1] 0.05724388
[1] 0.2629688
[1] 0.05724388
[1] "iter: 32"
[1] "done"
[1] "Lrnr_cv"
[1] "Lrnr_glm_TRUE"
[1] "done"
[1] 0.01546745
[1] 0.242892
[1] 0.01546745
[1] "iter: 33"
[1] "done"
[1] "Lrnr_cv"
[1] "Lrnr_glm_TRUE"
[1] "done"
[1] 0.08272516
[1] 0.2816672
[1] 0.08272516
[1] "iter: 34"
[1] "done"
[1] "Lrnr_cv"
[1] "Lrnr_glm_TRUE"
[1] "done"
[1] 0.03991097
[1] 0.2591049
[1] 0.03991097
[1] "iter: 35"
[1] "done"
[1] "Lrnr_cv"
[1] "Lrnr_glm_TRUE"
[1] "done"
[1] 0.05434395
[1] 0.2860782
[1] 0.05434395
[1] "iter: 36"
[1] "done"
[1] "Lrnr_cv"
[1] "Lrnr_glm_TRUE"
[1] "done"
[1] 0.06578578
[1] 0.2918878
[1] 0.06578578
[1] "iter: 37"
[1] "done"
[1] "Lrnr_cv"
[1] "Lrnr_glm_TRUE"
[1] "done"
[1] 0.0497264
[1] 0.2746208
[1] 0.0497264
[1] "iter: 38"
[1] "done"
[1] "Lrnr_cv"
[1] "Lrnr_glm_TRUE"
[1] "done"
[1] 0.08734453
[1] 0.2840863
[1] 0.08734453
[1] "iter: 39"
[1] "done"
[1] "Lrnr_cv"
[1] "Lrnr_glm_TRUE"
[1] "done"
[1] 0.06887677
[1] 0.2811096
[1] 0.06887677
[1] "iter: 40"
[1] "done"
[1] "Lrnr_cv"
[1] "Lrnr_glm_TRUE"
[1] "done"
[1] 0.0434732
[1] 0.2536998
[1] 0.0434732
[1] "iter: 41"
[1] "done"
[1] "Lrnr_cv"
[1] "Lrnr_glm_TRUE"
[1] "done"
[1] 0.04884212
[1] 0.281225
[1] 0.04884212
[1] "iter: 42"
[1] "done"
[1] "Lrnr_cv"
[1] "Lrnr_glm_TRUE"
[1] "done"
[1] 0.04540852
[1] 0.2773947
[1] 0.04540852
[1] "iter: 43"
[1] "done"
[1] "Lrnr_cv"
[1] "Lrnr_glm_TRUE"
[1] "done"
[1] 0.07539734
[1] 0.2803528
[1] 0.07539734
[1] "iter: 44"
[1] "done"
[1] "Lrnr_cv"
[1] "Lrnr_glm_TRUE"
[1] "done"
[1] 0.02554229
[1] 0.2663086
[1] 0.02554229
[1] "iter: 45"
[1] "done"
[1] "Lrnr_cv"
[1] "Lrnr_glm_TRUE"
[1] "done"
[1] 0.07798726
[1] 0.2729406
[1] 0.07798726
