LOADING R
R LOADED
[1] "/home/lvanderl/Rlibs2"                         
[2] "/app/software/R/4.3.1-gfbf-2022b/lib/R/library"
[1] "/home/lvanderl/sieveSims"
[1] "lalonde_cps"
[1] "iter: 0"
[1] "Lrnr_cv"
[1] "Lrnr_earth_2_3_backward_0_1_0_0_100"    
[2] "Lrnr_gam_NULL_NULL_GCV.Cp"              
[3] "Lrnr_glmnet_NULL_deviance_10_1_100_TRUE"
[1] "Lrnr_cv_selector_NULL"
[1] "Lrnr_cv"
[1] "Lrnr_earth_2_3_backward_0_1_0_0_100"    
[2] "Lrnr_gam_NULL_NULL_GCV.Cp"              
[3] "Lrnr_glmnet_NULL_deviance_10_1_100_TRUE"
[1] "Lrnr_cv_selector_NULL"
    Lrnr_earth_2_3_backward_0_1_0_0_100               Lrnr_gam_NULL_NULL_GCV.Cp 
                            0.007392790                             0.006978179 
Lrnr_glmnet_NULL_deviance_10_1_100_TRUE 
                            0.007259848 
[1] "done"
[1] "Lrnr_cv"
[1] "Lrnr_xgboost_20_1_15_2_0.2" "Lrnr_xgboost_20_1_15_3_0.2"
[3] "Lrnr_xgboost_20_1_15_4_0.2" "Lrnr_xgboost_20_1_15_5_0.2"
[5] "Lrnr_xgboost_10_1_15_2_0.2" "Lrnr_xgboost_10_1_15_3_0.2"
[7] "Lrnr_xgboost_10_1_15_4_0.2" "Lrnr_xgboost_10_1_15_5_0.2"
[1] "Lrnr_cv_selector_NULL"
[1] "Lrnr_cv"
[1] "Lrnr_xgboost_20_1_15_2_0.2" "Lrnr_xgboost_20_1_15_3_0.2"
[3] "Lrnr_xgboost_20_1_15_4_0.2" "Lrnr_xgboost_20_1_15_5_0.2"
[5] "Lrnr_xgboost_10_1_15_2_0.2" "Lrnr_xgboost_10_1_15_3_0.2"
[7] "Lrnr_xgboost_10_1_15_4_0.2" "Lrnr_xgboost_10_1_15_5_0.2"
[1] "Lrnr_cv_selector_NULL"
Lrnr_xgboost_20_1_15_2_0.2 Lrnr_xgboost_20_1_15_3_0.2 
               0.007560686                0.007333343 
Lrnr_xgboost_20_1_15_4_0.2 Lrnr_xgboost_20_1_15_5_0.2 
               0.007236665                0.007272995 
Lrnr_xgboost_10_1_15_2_0.2 Lrnr_xgboost_10_1_15_3_0.2 
               0.011806565                0.011190829 
Lrnr_xgboost_10_1_15_4_0.2 Lrnr_xgboost_10_1_15_5_0.2 
               0.011156166                0.011129557 
[1] "done"
[1] "Lrnr_cv"
[1] "Lrnr_ranger_500_TRUE_none_1_10"
[1] "Lrnr_cv_selector_NULL"
[1] "Lrnr_cv"
[1] "Lrnr_ranger_500_TRUE_none_1_10"
[1] "Lrnr_cv_selector_NULL"
predictions 
0.007089565 
[1] "done"
[1] "Lrnr_cv"
[1] "Lrnr_ranger_500_TRUE_none_1_10"         
[2] "Lrnr_earth_2_3_backward_0_1_0_0_100"    
[3] "Lrnr_gam_NULL_NULL_GCV.Cp"              
[4] "Lrnr_glmnet_NULL_deviance_10_1_100_TRUE"
[5] "Lrnr_xgboost_20_1_15_2_0.2"             
[6] "Lrnr_xgboost_20_1_15_3_0.2"             
[7] "Lrnr_xgboost_20_1_15_4_0.2"             
[8] "Lrnr_xgboost_20_1_15_5_0.2"             
[1] "Lrnr_cv_selector_NULL"
[1] "Lrnr_cv"
[1] "Lrnr_ranger_500_TRUE_none_1_10"         
[2] "Lrnr_earth_2_3_backward_0_1_0_0_100"    
[3] "Lrnr_gam_NULL_NULL_GCV.Cp"              
[4] "Lrnr_glmnet_NULL_deviance_10_1_100_TRUE"
[5] "Lrnr_xgboost_20_1_15_2_0.2"             
[6] "Lrnr_xgboost_20_1_15_3_0.2"             
[7] "Lrnr_xgboost_20_1_15_4_0.2"             
[8] "Lrnr_xgboost_20_1_15_5_0.2"             
[1] "Lrnr_cv_selector_NULL"
         Lrnr_ranger_500_TRUE_none_1_10     Lrnr_earth_2_3_backward_0_1_0_0_100 
                            0.007098542                             0.007392790 
              Lrnr_gam_NULL_NULL_GCV.Cp Lrnr_glmnet_NULL_deviance_10_1_100_TRUE 
                            0.006978179                             0.007267497 
             Lrnr_xgboost_20_1_15_2_0.2              Lrnr_xgboost_20_1_15_3_0.2 
                            0.007560686                             0.007333343 
             Lrnr_xgboost_20_1_15_4_0.2              Lrnr_xgboost_20_1_15_5_0.2 
                            0.007236665                             0.007272995 
[1] "done"
[1] "Lrnr_cv"
[1] "Lrnr_mean"
[1] "Lrnr_cv"
[1] "Lrnr_mean"
NULL
[1] "done"
[1] "gam_1"
[1] "xgboost"
[1] "rf"
[1] "all"
[1] "iter: 1"
[1] "Lrnr_cv"
[1] "Lrnr_earth_2_3_backward_0_1_0_0_100"    
[2] "Lrnr_gam_NULL_NULL_GCV.Cp"              
[3] "Lrnr_glmnet_NULL_deviance_10_1_100_TRUE"
[1] "Lrnr_cv_selector_NULL"
[1] "Lrnr_cv"
[1] "Lrnr_earth_2_3_backward_0_1_0_0_100"    
[2] "Lrnr_gam_NULL_NULL_GCV.Cp"              
[3] "Lrnr_glmnet_NULL_deviance_10_1_100_TRUE"
[1] "Lrnr_cv_selector_NULL"
    Lrnr_earth_2_3_backward_0_1_0_0_100               Lrnr_gam_NULL_NULL_GCV.Cp 
                            0.007665448                             0.007271676 
Lrnr_glmnet_NULL_deviance_10_1_100_TRUE 
                            0.007549555 
[1] "done"
[1] "Lrnr_cv"
[1] "Lrnr_xgboost_20_1_15_2_0.2" "Lrnr_xgboost_20_1_15_3_0.2"
[3] "Lrnr_xgboost_20_1_15_4_0.2" "Lrnr_xgboost_20_1_15_5_0.2"
[5] "Lrnr_xgboost_10_1_15_2_0.2" "Lrnr_xgboost_10_1_15_3_0.2"
[7] "Lrnr_xgboost_10_1_15_4_0.2" "Lrnr_xgboost_10_1_15_5_0.2"
[1] "Lrnr_cv_selector_NULL"
[1] "Lrnr_cv"
[1] "Lrnr_xgboost_20_1_15_2_0.2" "Lrnr_xgboost_20_1_15_3_0.2"
[3] "Lrnr_xgboost_20_1_15_4_0.2" "Lrnr_xgboost_20_1_15_5_0.2"
[5] "Lrnr_xgboost_10_1_15_2_0.2" "Lrnr_xgboost_10_1_15_3_0.2"
[7] "Lrnr_xgboost_10_1_15_4_0.2" "Lrnr_xgboost_10_1_15_5_0.2"
[1] "Lrnr_cv_selector_NULL"
Lrnr_xgboost_20_1_15_2_0.2 Lrnr_xgboost_20_1_15_3_0.2 
               0.007974900                0.007680874 
Lrnr_xgboost_20_1_15_4_0.2 Lrnr_xgboost_20_1_15_5_0.2 
               0.007639538                0.007673852 
Lrnr_xgboost_10_1_15_2_0.2 Lrnr_xgboost_10_1_15_3_0.2 
               0.012038864                0.011646419 
Lrnr_xgboost_10_1_15_4_0.2 Lrnr_xgboost_10_1_15_5_0.2 
               0.011583892                0.011547262 
[1] "done"
[1] "Lrnr_cv"
[1] "Lrnr_ranger_500_TRUE_none_1_10"
[1] "Lrnr_cv_selector_NULL"
[1] "Lrnr_cv"
[1] "Lrnr_ranger_500_TRUE_none_1_10"
[1] "Lrnr_cv_selector_NULL"
predictions 
0.007550103 
[1] "done"
[1] "Lrnr_cv"
[1] "Lrnr_ranger_500_TRUE_none_1_10"         
[2] "Lrnr_earth_2_3_backward_0_1_0_0_100"    
[3] "Lrnr_gam_NULL_NULL_GCV.Cp"              
[4] "Lrnr_glmnet_NULL_deviance_10_1_100_TRUE"
[5] "Lrnr_xgboost_20_1_15_2_0.2"             
[6] "Lrnr_xgboost_20_1_15_3_0.2"             
[7] "Lrnr_xgboost_20_1_15_4_0.2"             
[8] "Lrnr_xgboost_20_1_15_5_0.2"             
[1] "Lrnr_cv_selector_NULL"
[1] "Lrnr_cv"
[1] "Lrnr_ranger_500_TRUE_none_1_10"         
[2] "Lrnr_earth_2_3_backward_0_1_0_0_100"    
[3] "Lrnr_gam_NULL_NULL_GCV.Cp"              
[4] "Lrnr_glmnet_NULL_deviance_10_1_100_TRUE"
[5] "Lrnr_xgboost_20_1_15_2_0.2"             
[6] "Lrnr_xgboost_20_1_15_3_0.2"             
[7] "Lrnr_xgboost_20_1_15_4_0.2"             
[8] "Lrnr_xgboost_20_1_15_5_0.2"             
[1] "Lrnr_cv_selector_NULL"
         Lrnr_ranger_500_TRUE_none_1_10     Lrnr_earth_2_3_backward_0_1_0_0_100 
                            0.007553158                             0.007665448 
              Lrnr_gam_NULL_NULL_GCV.Cp Lrnr_glmnet_NULL_deviance_10_1_100_TRUE 
                            0.007271676                             0.007544505 
             Lrnr_xgboost_20_1_15_2_0.2              Lrnr_xgboost_20_1_15_3_0.2 
                            0.007974900                             0.007680874 
             Lrnr_xgboost_20_1_15_4_0.2              Lrnr_xgboost_20_1_15_5_0.2 
                            0.007639538                             0.007673852 
[1] "done"
[1] "Lrnr_cv"
[1] "Lrnr_mean"
[1] "Lrnr_cv"
[1] "Lrnr_mean"
NULL
[1] "done"
[1] "gam_1"
[1] "xgboost"
[1] "rf"
[1] "all"
[1] "iter: 2"
[1] "Lrnr_cv"
[1] "Lrnr_earth_2_3_backward_0_1_0_0_100"    
[2] "Lrnr_gam_NULL_NULL_GCV.Cp"              
[3] "Lrnr_glmnet_NULL_deviance_10_1_100_TRUE"
[1] "Lrnr_cv_selector_NULL"
[1] "Lrnr_cv"
[1] "Lrnr_earth_2_3_backward_0_1_0_0_100"    
[2] "Lrnr_gam_NULL_NULL_GCV.Cp"              
[3] "Lrnr_glmnet_NULL_deviance_10_1_100_TRUE"
[1] "Lrnr_cv_selector_NULL"
    Lrnr_earth_2_3_backward_0_1_0_0_100               Lrnr_gam_NULL_NULL_GCV.Cp 
                            0.006651383                             0.006521607 
Lrnr_glmnet_NULL_deviance_10_1_100_TRUE 
                            0.006953631 
[1] "done"
[1] "Lrnr_cv"
[1] "Lrnr_xgboost_20_1_15_2_0.2" "Lrnr_xgboost_20_1_15_3_0.2"
[3] "Lrnr_xgboost_20_1_15_4_0.2" "Lrnr_xgboost_20_1_15_5_0.2"
[5] "Lrnr_xgboost_10_1_15_2_0.2" "Lrnr_xgboost_10_1_15_3_0.2"
[7] "Lrnr_xgboost_10_1_15_4_0.2" "Lrnr_xgboost_10_1_15_5_0.2"
[1] "Lrnr_cv_selector_NULL"
[1] "Lrnr_cv"
[1] "Lrnr_xgboost_20_1_15_2_0.2" "Lrnr_xgboost_20_1_15_3_0.2"
[3] "Lrnr_xgboost_20_1_15_4_0.2" "Lrnr_xgboost_20_1_15_5_0.2"
[5] "Lrnr_xgboost_10_1_15_2_0.2" "Lrnr_xgboost_10_1_15_3_0.2"
[7] "Lrnr_xgboost_10_1_15_4_0.2" "Lrnr_xgboost_10_1_15_5_0.2"
[1] "Lrnr_cv_selector_NULL"
Lrnr_xgboost_20_1_15_2_0.2 Lrnr_xgboost_20_1_15_3_0.2 
               0.007297492                0.006948021 
Lrnr_xgboost_20_1_15_4_0.2 Lrnr_xgboost_20_1_15_5_0.2 
               0.006770842                0.006825586 
Lrnr_xgboost_10_1_15_2_0.2 Lrnr_xgboost_10_1_15_3_0.2 
               0.011470040                0.010956289 
Lrnr_xgboost_10_1_15_4_0.2 Lrnr_xgboost_10_1_15_5_0.2 
               0.010807653                0.010815868 
[1] "done"
[1] "Lrnr_cv"
[1] "Lrnr_ranger_500_TRUE_none_1_10"
[1] "Lrnr_cv_selector_NULL"
[1] "Lrnr_cv"
[1] "Lrnr_ranger_500_TRUE_none_1_10"
[1] "Lrnr_cv_selector_NULL"
predictions 
0.006713128 
[1] "done"
[1] "Lrnr_cv"
[1] "Lrnr_ranger_500_TRUE_none_1_10"         
[2] "Lrnr_earth_2_3_backward_0_1_0_0_100"    
[3] "Lrnr_gam_NULL_NULL_GCV.Cp"              
[4] "Lrnr_glmnet_NULL_deviance_10_1_100_TRUE"
[5] "Lrnr_xgboost_20_1_15_2_0.2"             
[6] "Lrnr_xgboost_20_1_15_3_0.2"             
[7] "Lrnr_xgboost_20_1_15_4_0.2"             
[8] "Lrnr_xgboost_20_1_15_5_0.2"             
[1] "Lrnr_cv_selector_NULL"
[1] "Lrnr_cv"
[1] "Lrnr_ranger_500_TRUE_none_1_10"         
[2] "Lrnr_earth_2_3_backward_0_1_0_0_100"    
[3] "Lrnr_gam_NULL_NULL_GCV.Cp"              
[4] "Lrnr_glmnet_NULL_deviance_10_1_100_TRUE"
[5] "Lrnr_xgboost_20_1_15_2_0.2"             
[6] "Lrnr_xgboost_20_1_15_3_0.2"             
[7] "Lrnr_xgboost_20_1_15_4_0.2"             
[8] "Lrnr_xgboost_20_1_15_5_0.2"             
[1] "Lrnr_cv_selector_NULL"
         Lrnr_ranger_500_TRUE_none_1_10     Lrnr_earth_2_3_backward_0_1_0_0_100 
                            0.006686176                             0.006651383 
              Lrnr_gam_NULL_NULL_GCV.Cp Lrnr_glmnet_NULL_deviance_10_1_100_TRUE 
                            0.006521607                             0.006950823 
             Lrnr_xgboost_20_1_15_2_0.2              Lrnr_xgboost_20_1_15_3_0.2 
                            0.007297492                             0.006948021 
             Lrnr_xgboost_20_1_15_4_0.2              Lrnr_xgboost_20_1_15_5_0.2 
                            0.006770842                             0.006825586 
[1] "done"
[1] "Lrnr_cv"
[1] "Lrnr_mean"
[1] "Lrnr_cv"
[1] "Lrnr_mean"
NULL
[1] "done"
[1] "gam_1"
[1] "xgboost"
[1] "rf"
[1] "all"
[1] "iter: 3"
[1] "Lrnr_cv"
[1] "Lrnr_earth_2_3_backward_0_1_0_0_100"    
[2] "Lrnr_gam_NULL_NULL_GCV.Cp"              
[3] "Lrnr_glmnet_NULL_deviance_10_1_100_TRUE"
[1] "Lrnr_cv_selector_NULL"
[1] "Lrnr_cv"
[1] "Lrnr_earth_2_3_backward_0_1_0_0_100"    
[2] "Lrnr_gam_NULL_NULL_GCV.Cp"              
[3] "Lrnr_glmnet_NULL_deviance_10_1_100_TRUE"
[1] "Lrnr_cv_selector_NULL"
    Lrnr_earth_2_3_backward_0_1_0_0_100               Lrnr_gam_NULL_NULL_GCV.Cp 
                            0.007858093                             0.007717134 
Lrnr_glmnet_NULL_deviance_10_1_100_TRUE 
                            0.008098028 
[1] "done"
[1] "Lrnr_cv"
[1] "Lrnr_xgboost_20_1_15_2_0.2" "Lrnr_xgboost_20_1_15_3_0.2"
[3] "Lrnr_xgboost_20_1_15_4_0.2" "Lrnr_xgboost_20_1_15_5_0.2"
[5] "Lrnr_xgboost_10_1_15_2_0.2" "Lrnr_xgboost_10_1_15_3_0.2"
[7] "Lrnr_xgboost_10_1_15_4_0.2" "Lrnr_xgboost_10_1_15_5_0.2"
[1] "Lrnr_cv_selector_NULL"
[1] "Lrnr_cv"
[1] "Lrnr_xgboost_20_1_15_2_0.2" "Lrnr_xgboost_20_1_15_3_0.2"
[3] "Lrnr_xgboost_20_1_15_4_0.2" "Lrnr_xgboost_20_1_15_5_0.2"
[5] "Lrnr_xgboost_10_1_15_2_0.2" "Lrnr_xgboost_10_1_15_3_0.2"
[7] "Lrnr_xgboost_10_1_15_4_0.2" "Lrnr_xgboost_10_1_15_5_0.2"
[1] "Lrnr_cv_selector_NULL"
Lrnr_xgboost_20_1_15_2_0.2 Lrnr_xgboost_20_1_15_3_0.2 
               0.008377118                0.008054665 
Lrnr_xgboost_20_1_15_4_0.2 Lrnr_xgboost_20_1_15_5_0.2 
               0.007902469                0.007866951 
Lrnr_xgboost_10_1_15_2_0.2 Lrnr_xgboost_10_1_15_3_0.2 
               0.012510418                0.011973004 
Lrnr_xgboost_10_1_15_4_0.2 Lrnr_xgboost_10_1_15_5_0.2 
               0.011837525                0.011784454 
[1] "done"
[1] "Lrnr_cv"
[1] "Lrnr_ranger_500_TRUE_none_1_10"
[1] "Lrnr_cv_selector_NULL"
[1] "Lrnr_cv"
[1] "Lrnr_ranger_500_TRUE_none_1_10"
[1] "Lrnr_cv_selector_NULL"
predictions 
0.007761625 
[1] "done"
[1] "Lrnr_cv"
[1] "Lrnr_ranger_500_TRUE_none_1_10"         
[2] "Lrnr_earth_2_3_backward_0_1_0_0_100"    
[3] "Lrnr_gam_NULL_NULL_GCV.Cp"              
[4] "Lrnr_glmnet_NULL_deviance_10_1_100_TRUE"
[5] "Lrnr_xgboost_20_1_15_2_0.2"             
[6] "Lrnr_xgboost_20_1_15_3_0.2"             
[7] "Lrnr_xgboost_20_1_15_4_0.2"             
[8] "Lrnr_xgboost_20_1_15_5_0.2"             
[1] "Lrnr_cv_selector_NULL"
[1] "Lrnr_cv"
[1] "Lrnr_ranger_500_TRUE_none_1_10"         
[2] "Lrnr_earth_2_3_backward_0_1_0_0_100"    
[3] "Lrnr_gam_NULL_NULL_GCV.Cp"              
[4] "Lrnr_glmnet_NULL_deviance_10_1_100_TRUE"
[5] "Lrnr_xgboost_20_1_15_2_0.2"             
[6] "Lrnr_xgboost_20_1_15_3_0.2"             
[7] "Lrnr_xgboost_20_1_15_4_0.2"             
[8] "Lrnr_xgboost_20_1_15_5_0.2"             
[1] "Lrnr_cv_selector_NULL"
         Lrnr_ranger_500_TRUE_none_1_10     Lrnr_earth_2_3_backward_0_1_0_0_100 
                            0.007775327                             0.007858093 
              Lrnr_gam_NULL_NULL_GCV.Cp Lrnr_glmnet_NULL_deviance_10_1_100_TRUE 
                            0.007717134                             0.008095127 
             Lrnr_xgboost_20_1_15_2_0.2              Lrnr_xgboost_20_1_15_3_0.2 
                            0.008377118                             0.008054665 
             Lrnr_xgboost_20_1_15_4_0.2              Lrnr_xgboost_20_1_15_5_0.2 
                            0.007902469                             0.007866951 
[1] "done"
[1] "Lrnr_cv"
[1] "Lrnr_mean"
[1] "Lrnr_cv"
[1] "Lrnr_mean"
NULL
[1] "done"
[1] "gam_1"
[1] "xgboost"
[1] "rf"
[1] "all"
[1] "iter: 4"
[1] "Lrnr_cv"
[1] "Lrnr_earth_2_3_backward_0_1_0_0_100"    
[2] "Lrnr_gam_NULL_NULL_GCV.Cp"              
[3] "Lrnr_glmnet_NULL_deviance_10_1_100_TRUE"
[1] "Lrnr_cv_selector_NULL"
[1] "Lrnr_cv"
[1] "Lrnr_earth_2_3_backward_0_1_0_0_100"    
[2] "Lrnr_gam_NULL_NULL_GCV.Cp"              
[3] "Lrnr_glmnet_NULL_deviance_10_1_100_TRUE"
[1] "Lrnr_cv_selector_NULL"
    Lrnr_earth_2_3_backward_0_1_0_0_100               Lrnr_gam_NULL_NULL_GCV.Cp 
                            0.005944917                             0.006030683 
Lrnr_glmnet_NULL_deviance_10_1_100_TRUE 
                            0.006512088 
[1] "done"
[1] "Lrnr_cv"
[1] "Lrnr_xgboost_20_1_15_2_0.2" "Lrnr_xgboost_20_1_15_3_0.2"
[3] "Lrnr_xgboost_20_1_15_4_0.2" "Lrnr_xgboost_20_1_15_5_0.2"
[5] "Lrnr_xgboost_10_1_15_2_0.2" "Lrnr_xgboost_10_1_15_3_0.2"
[7] "Lrnr_xgboost_10_1_15_4_0.2" "Lrnr_xgboost_10_1_15_5_0.2"
[1] "Lrnr_cv_selector_NULL"
[1] "Lrnr_cv"
[1] "Lrnr_xgboost_20_1_15_2_0.2" "Lrnr_xgboost_20_1_15_3_0.2"
[3] "Lrnr_xgboost_20_1_15_4_0.2" "Lrnr_xgboost_20_1_15_5_0.2"
[5] "Lrnr_xgboost_10_1_15_2_0.2" "Lrnr_xgboost_10_1_15_3_0.2"
[7] "Lrnr_xgboost_10_1_15_4_0.2" "Lrnr_xgboost_10_1_15_5_0.2"
[1] "Lrnr_cv_selector_NULL"
Lrnr_xgboost_20_1_15_2_0.2 Lrnr_xgboost_20_1_15_3_0.2 
               0.006802689                0.006500907 
Lrnr_xgboost_20_1_15_4_0.2 Lrnr_xgboost_20_1_15_5_0.2 
               0.006302277                0.006322128 
Lrnr_xgboost_10_1_15_2_0.2 Lrnr_xgboost_10_1_15_3_0.2 
               0.010830447                0.010512649 
Lrnr_xgboost_10_1_15_4_0.2 Lrnr_xgboost_10_1_15_5_0.2 
               0.010342234                0.010307496 
[1] "done"
[1] "Lrnr_cv"
[1] "Lrnr_ranger_500_TRUE_none_1_10"
[1] "Lrnr_cv_selector_NULL"
[1] "Lrnr_cv"
[1] "Lrnr_ranger_500_TRUE_none_1_10"
[1] "Lrnr_cv_selector_NULL"
predictions 
0.006032522 
[1] "done"
[1] "Lrnr_cv"
[1] "Lrnr_ranger_500_TRUE_none_1_10"         
[2] "Lrnr_earth_2_3_backward_0_1_0_0_100"    
[3] "Lrnr_gam_NULL_NULL_GCV.Cp"              
[4] "Lrnr_glmnet_NULL_deviance_10_1_100_TRUE"
[5] "Lrnr_xgboost_20_1_15_2_0.2"             
[6] "Lrnr_xgboost_20_1_15_3_0.2"             
[7] "Lrnr_xgboost_20_1_15_4_0.2"             
[8] "Lrnr_xgboost_20_1_15_5_0.2"             
[1] "Lrnr_cv_selector_NULL"
[1] "Lrnr_cv"
[1] "Lrnr_ranger_500_TRUE_none_1_10"         
[2] "Lrnr_earth_2_3_backward_0_1_0_0_100"    
[3] "Lrnr_gam_NULL_NULL_GCV.Cp"              
[4] "Lrnr_glmnet_NULL_deviance_10_1_100_TRUE"
[5] "Lrnr_xgboost_20_1_15_2_0.2"             
[6] "Lrnr_xgboost_20_1_15_3_0.2"             
[7] "Lrnr_xgboost_20_1_15_4_0.2"             
[8] "Lrnr_xgboost_20_1_15_5_0.2"             
[1] "Lrnr_cv_selector_NULL"
         Lrnr_ranger_500_TRUE_none_1_10     Lrnr_earth_2_3_backward_0_1_0_0_100 
                            0.006021641                             0.005944917 
              Lrnr_gam_NULL_NULL_GCV.Cp Lrnr_glmnet_NULL_deviance_10_1_100_TRUE 
                            0.006030683                             0.006504935 
             Lrnr_xgboost_20_1_15_2_0.2              Lrnr_xgboost_20_1_15_3_0.2 
                            0.006802689                             0.006500907 
             Lrnr_xgboost_20_1_15_4_0.2              Lrnr_xgboost_20_1_15_5_0.2 
                            0.006302277                             0.006322128 
[1] "done"
[1] "Lrnr_cv"
[1] "Lrnr_mean"
[1] "Lrnr_cv"
[1] "Lrnr_mean"
NULL
[1] "done"
[1] "gam_1"
[1] "xgboost"
[1] "rf"
[1] "all"
[1] "iter: 5"
[1] "Lrnr_cv"
[1] "Lrnr_earth_2_3_backward_0_1_0_0_100"    
[2] "Lrnr_gam_NULL_NULL_GCV.Cp"              
[3] "Lrnr_glmnet_NULL_deviance_10_1_100_TRUE"
[1] "Lrnr_cv_selector_NULL"
[1] "Lrnr_cv"
[1] "Lrnr_earth_2_3_backward_0_1_0_0_100"    
[2] "Lrnr_gam_NULL_NULL_GCV.Cp"              
[3] "Lrnr_glmnet_NULL_deviance_10_1_100_TRUE"
[1] "Lrnr_cv_selector_NULL"
    Lrnr_earth_2_3_backward_0_1_0_0_100               Lrnr_gam_NULL_NULL_GCV.Cp 
                            0.006935186                             0.006698583 
Lrnr_glmnet_NULL_deviance_10_1_100_TRUE 
                            0.007013831 
[1] "done"
[1] "Lrnr_cv"
[1] "Lrnr_xgboost_20_1_15_2_0.2" "Lrnr_xgboost_20_1_15_3_0.2"
[3] "Lrnr_xgboost_20_1_15_4_0.2" "Lrnr_xgboost_20_1_15_5_0.2"
[5] "Lrnr_xgboost_10_1_15_2_0.2" "Lrnr_xgboost_10_1_15_3_0.2"
[7] "Lrnr_xgboost_10_1_15_4_0.2" "Lrnr_xgboost_10_1_15_5_0.2"
[1] "Lrnr_cv_selector_NULL"
[1] "Lrnr_cv"
[1] "Lrnr_xgboost_20_1_15_2_0.2" "Lrnr_xgboost_20_1_15_3_0.2"
[3] "Lrnr_xgboost_20_1_15_4_0.2" "Lrnr_xgboost_20_1_15_5_0.2"
[5] "Lrnr_xgboost_10_1_15_2_0.2" "Lrnr_xgboost_10_1_15_3_0.2"
[7] "Lrnr_xgboost_10_1_15_4_0.2" "Lrnr_xgboost_10_1_15_5_0.2"
[1] "Lrnr_cv_selector_NULL"
Lrnr_xgboost_20_1_15_2_0.2 Lrnr_xgboost_20_1_15_3_0.2 
               0.007370420                0.007115859 
Lrnr_xgboost_20_1_15_4_0.2 Lrnr_xgboost_20_1_15_5_0.2 
               0.007004516                0.006988017 
Lrnr_xgboost_10_1_15_2_0.2 Lrnr_xgboost_10_1_15_3_0.2 
               0.011600766                0.011021653 
Lrnr_xgboost_10_1_15_4_0.2 Lrnr_xgboost_10_1_15_5_0.2 
               0.010935250                0.010872514 
[1] "done"
[1] "Lrnr_cv"
[1] "Lrnr_ranger_500_TRUE_none_1_10"
[1] "Lrnr_cv_selector_NULL"
[1] "Lrnr_cv"
[1] "Lrnr_ranger_500_TRUE_none_1_10"
[1] "Lrnr_cv_selector_NULL"
predictions 
 0.00689786 
[1] "done"
[1] "Lrnr_cv"
[1] "Lrnr_ranger_500_TRUE_none_1_10"         
[2] "Lrnr_earth_2_3_backward_0_1_0_0_100"    
[3] "Lrnr_gam_NULL_NULL_GCV.Cp"              
[4] "Lrnr_glmnet_NULL_deviance_10_1_100_TRUE"
[5] "Lrnr_xgboost_20_1_15_2_0.2"             
[6] "Lrnr_xgboost_20_1_15_3_0.2"             
[7] "Lrnr_xgboost_20_1_15_4_0.2"             
[8] "Lrnr_xgboost_20_1_15_5_0.2"             
[1] "Lrnr_cv_selector_NULL"
[1] "Lrnr_cv"
[1] "Lrnr_ranger_500_TRUE_none_1_10"         
[2] "Lrnr_earth_2_3_backward_0_1_0_0_100"    
[3] "Lrnr_gam_NULL_NULL_GCV.Cp"              
[4] "Lrnr_glmnet_NULL_deviance_10_1_100_TRUE"
[5] "Lrnr_xgboost_20_1_15_2_0.2"             
[6] "Lrnr_xgboost_20_1_15_3_0.2"             
[7] "Lrnr_xgboost_20_1_15_4_0.2"             
[8] "Lrnr_xgboost_20_1_15_5_0.2"             
[1] "Lrnr_cv_selector_NULL"
         Lrnr_ranger_500_TRUE_none_1_10     Lrnr_earth_2_3_backward_0_1_0_0_100 
                            0.006903273                             0.006935186 
              Lrnr_gam_NULL_NULL_GCV.Cp Lrnr_glmnet_NULL_deviance_10_1_100_TRUE 
                            0.006698583                             0.007010130 
             Lrnr_xgboost_20_1_15_2_0.2              Lrnr_xgboost_20_1_15_3_0.2 
                            0.007370420                             0.007115859 
             Lrnr_xgboost_20_1_15_4_0.2              Lrnr_xgboost_20_1_15_5_0.2 
                            0.007004516                             0.006988017 
[1] "done"
[1] "Lrnr_cv"
[1] "Lrnr_mean"
[1] "Lrnr_cv"
[1] "Lrnr_mean"
NULL
[1] "done"
[1] "gam_1"
[1] "xgboost"
[1] "rf"
[1] "all"
[1] "iter: 6"
[1] "Lrnr_cv"
[1] "Lrnr_earth_2_3_backward_0_1_0_0_100"    
[2] "Lrnr_gam_NULL_NULL_GCV.Cp"              
[3] "Lrnr_glmnet_NULL_deviance_10_1_100_TRUE"
[1] "Lrnr_cv_selector_NULL"
[1] "Lrnr_cv"
[1] "Lrnr_earth_2_3_backward_0_1_0_0_100"    
[2] "Lrnr_gam_NULL_NULL_GCV.Cp"              
[3] "Lrnr_glmnet_NULL_deviance_10_1_100_TRUE"
[1] "Lrnr_cv_selector_NULL"
    Lrnr_earth_2_3_backward_0_1_0_0_100               Lrnr_gam_NULL_NULL_GCV.Cp 
                            0.007320860                             0.007128670 
Lrnr_glmnet_NULL_deviance_10_1_100_TRUE 
                            0.007657525 
[1] "done"
[1] "Lrnr_cv"
[1] "Lrnr_xgboost_20_1_15_2_0.2" "Lrnr_xgboost_20_1_15_3_0.2"
[3] "Lrnr_xgboost_20_1_15_4_0.2" "Lrnr_xgboost_20_1_15_5_0.2"
[5] "Lrnr_xgboost_10_1_15_2_0.2" "Lrnr_xgboost_10_1_15_3_0.2"
[7] "Lrnr_xgboost_10_1_15_4_0.2" "Lrnr_xgboost_10_1_15_5_0.2"
[1] "Lrnr_cv_selector_NULL"
[1] "Lrnr_cv"
[1] "Lrnr_xgboost_20_1_15_2_0.2" "Lrnr_xgboost_20_1_15_3_0.2"
[3] "Lrnr_xgboost_20_1_15_4_0.2" "Lrnr_xgboost_20_1_15_5_0.2"
[5] "Lrnr_xgboost_10_1_15_2_0.2" "Lrnr_xgboost_10_1_15_3_0.2"
[7] "Lrnr_xgboost_10_1_15_4_0.2" "Lrnr_xgboost_10_1_15_5_0.2"
[1] "Lrnr_cv_selector_NULL"
Lrnr_xgboost_20_1_15_2_0.2 Lrnr_xgboost_20_1_15_3_0.2 
               0.007780776                0.007462360 
Lrnr_xgboost_20_1_15_4_0.2 Lrnr_xgboost_20_1_15_5_0.2 
               0.007270564                0.007194129 
Lrnr_xgboost_10_1_15_2_0.2 Lrnr_xgboost_10_1_15_3_0.2 
               0.011936711                0.011512140 
Lrnr_xgboost_10_1_15_4_0.2 Lrnr_xgboost_10_1_15_5_0.2 
               0.011315348                0.011195472 
[1] "done"
[1] "Lrnr_cv"
[1] "Lrnr_ranger_500_TRUE_none_1_10"
[1] "Lrnr_cv_selector_NULL"
[1] "Lrnr_cv"
[1] "Lrnr_ranger_500_TRUE_none_1_10"
[1] "Lrnr_cv_selector_NULL"
predictions 
0.007229375 
[1] "done"
[1] "Lrnr_cv"
[1] "Lrnr_ranger_500_TRUE_none_1_10"         
[2] "Lrnr_earth_2_3_backward_0_1_0_0_100"    
[3] "Lrnr_gam_NULL_NULL_GCV.Cp"              
[4] "Lrnr_glmnet_NULL_deviance_10_1_100_TRUE"
[5] "Lrnr_xgboost_20_1_15_2_0.2"             
[6] "Lrnr_xgboost_20_1_15_3_0.2"             
[7] "Lrnr_xgboost_20_1_15_4_0.2"             
[8] "Lrnr_xgboost_20_1_15_5_0.2"             
[1] "Lrnr_cv_selector_NULL"
[1] "Lrnr_cv"
[1] "Lrnr_ranger_500_TRUE_none_1_10"         
[2] "Lrnr_earth_2_3_backward_0_1_0_0_100"    
[3] "Lrnr_gam_NULL_NULL_GCV.Cp"              
[4] "Lrnr_glmnet_NULL_deviance_10_1_100_TRUE"
[5] "Lrnr_xgboost_20_1_15_2_0.2"             
[6] "Lrnr_xgboost_20_1_15_3_0.2"             
[7] "Lrnr_xgboost_20_1_15_4_0.2"             
[8] "Lrnr_xgboost_20_1_15_5_0.2"             
[1] "Lrnr_cv_selector_NULL"
         Lrnr_ranger_500_TRUE_none_1_10     Lrnr_earth_2_3_backward_0_1_0_0_100 
                            0.007257590                             0.007320860 
              Lrnr_gam_NULL_NULL_GCV.Cp Lrnr_glmnet_NULL_deviance_10_1_100_TRUE 
                            0.007128670                             0.007665715 
             Lrnr_xgboost_20_1_15_2_0.2              Lrnr_xgboost_20_1_15_3_0.2 
                            0.007780776                             0.007462360 
             Lrnr_xgboost_20_1_15_4_0.2              Lrnr_xgboost_20_1_15_5_0.2 
                            0.007270564                             0.007194129 
[1] "done"
[1] "Lrnr_cv"
[1] "Lrnr_mean"
[1] "Lrnr_cv"
[1] "Lrnr_mean"
NULL
[1] "done"
[1] "gam_1"
[1] "xgboost"
[1] "rf"
[1] "all"
[1] "iter: 7"
[1] "Lrnr_cv"
[1] "Lrnr_earth_2_3_backward_0_1_0_0_100"    
[2] "Lrnr_gam_NULL_NULL_GCV.Cp"              
[3] "Lrnr_glmnet_NULL_deviance_10_1_100_TRUE"
[1] "Lrnr_cv_selector_NULL"
[1] "Lrnr_cv"
[1] "Lrnr_earth_2_3_backward_0_1_0_0_100"    
[2] "Lrnr_gam_NULL_NULL_GCV.Cp"              
[3] "Lrnr_glmnet_NULL_deviance_10_1_100_TRUE"
[1] "Lrnr_cv_selector_NULL"
    Lrnr_earth_2_3_backward_0_1_0_0_100               Lrnr_gam_NULL_NULL_GCV.Cp 
                            0.007327164                             0.007185108 
Lrnr_glmnet_NULL_deviance_10_1_100_TRUE 
                            0.007465223 
[1] "done"
[1] "Lrnr_cv"
[1] "Lrnr_xgboost_20_1_15_2_0.2" "Lrnr_xgboost_20_1_15_3_0.2"
[3] "Lrnr_xgboost_20_1_15_4_0.2" "Lrnr_xgboost_20_1_15_5_0.2"
[5] "Lrnr_xgboost_10_1_15_2_0.2" "Lrnr_xgboost_10_1_15_3_0.2"
[7] "Lrnr_xgboost_10_1_15_4_0.2" "Lrnr_xgboost_10_1_15_5_0.2"
[1] "Lrnr_cv_selector_NULL"
[1] "Lrnr_cv"
[1] "Lrnr_xgboost_20_1_15_2_0.2" "Lrnr_xgboost_20_1_15_3_0.2"
[3] "Lrnr_xgboost_20_1_15_4_0.2" "Lrnr_xgboost_20_1_15_5_0.2"
[5] "Lrnr_xgboost_10_1_15_2_0.2" "Lrnr_xgboost_10_1_15_3_0.2"
[7] "Lrnr_xgboost_10_1_15_4_0.2" "Lrnr_xgboost_10_1_15_5_0.2"
[1] "Lrnr_cv_selector_NULL"
Lrnr_xgboost_20_1_15_2_0.2 Lrnr_xgboost_20_1_15_3_0.2 
               0.007707504                0.007378414 
Lrnr_xgboost_20_1_15_4_0.2 Lrnr_xgboost_20_1_15_5_0.2 
               0.007235729                0.007242275 
Lrnr_xgboost_10_1_15_2_0.2 Lrnr_xgboost_10_1_15_3_0.2 
               0.011938754                0.011336180 
Lrnr_xgboost_10_1_15_4_0.2 Lrnr_xgboost_10_1_15_5_0.2 
               0.011177620                0.011143629 
[1] "done"
[1] "Lrnr_cv"
[1] "Lrnr_ranger_500_TRUE_none_1_10"
[1] "Lrnr_cv_selector_NULL"
[1] "Lrnr_cv"
[1] "Lrnr_ranger_500_TRUE_none_1_10"
[1] "Lrnr_cv_selector_NULL"
predictions 
0.007195178 
[1] "done"
[1] "Lrnr_cv"
[1] "Lrnr_ranger_500_TRUE_none_1_10"         
[2] "Lrnr_earth_2_3_backward_0_1_0_0_100"    
[3] "Lrnr_gam_NULL_NULL_GCV.Cp"              
[4] "Lrnr_glmnet_NULL_deviance_10_1_100_TRUE"
[5] "Lrnr_xgboost_20_1_15_2_0.2"             
[6] "Lrnr_xgboost_20_1_15_3_0.2"             
[7] "Lrnr_xgboost_20_1_15_4_0.2"             
[8] "Lrnr_xgboost_20_1_15_5_0.2"             
[1] "Lrnr_cv_selector_NULL"
[1] "Lrnr_cv"
[1] "Lrnr_ranger_500_TRUE_none_1_10"         
[2] "Lrnr_earth_2_3_backward_0_1_0_0_100"    
[3] "Lrnr_gam_NULL_NULL_GCV.Cp"              
[4] "Lrnr_glmnet_NULL_deviance_10_1_100_TRUE"
[5] "Lrnr_xgboost_20_1_15_2_0.2"             
[6] "Lrnr_xgboost_20_1_15_3_0.2"             
[7] "Lrnr_xgboost_20_1_15_4_0.2"             
[8] "Lrnr_xgboost_20_1_15_5_0.2"             
[1] "Lrnr_cv_selector_NULL"
         Lrnr_ranger_500_TRUE_none_1_10     Lrnr_earth_2_3_backward_0_1_0_0_100 
                            0.007205452                             0.007327164 
              Lrnr_gam_NULL_NULL_GCV.Cp Lrnr_glmnet_NULL_deviance_10_1_100_TRUE 
                            0.007185108                             0.007460284 
             Lrnr_xgboost_20_1_15_2_0.2              Lrnr_xgboost_20_1_15_3_0.2 
                            0.007707504                             0.007378414 
             Lrnr_xgboost_20_1_15_4_0.2              Lrnr_xgboost_20_1_15_5_0.2 
                            0.007235729                             0.007242275 
[1] "done"
[1] "Lrnr_cv"
[1] "Lrnr_mean"
[1] "Lrnr_cv"
[1] "Lrnr_mean"
NULL
[1] "done"
[1] "gam_1"
[1] "xgboost"
[1] "rf"
[1] "all"
[1] "iter: 8"
[1] "Lrnr_cv"
[1] "Lrnr_earth_2_3_backward_0_1_0_0_100"    
[2] "Lrnr_gam_NULL_NULL_GCV.Cp"              
[3] "Lrnr_glmnet_NULL_deviance_10_1_100_TRUE"
[1] "Lrnr_cv_selector_NULL"
[1] "Lrnr_cv"
[1] "Lrnr_earth_2_3_backward_0_1_0_0_100"    
[2] "Lrnr_gam_NULL_NULL_GCV.Cp"              
[3] "Lrnr_glmnet_NULL_deviance_10_1_100_TRUE"
[1] "Lrnr_cv_selector_NULL"
    Lrnr_earth_2_3_backward_0_1_0_0_100               Lrnr_gam_NULL_NULL_GCV.Cp 
                            0.007208530                             0.007018014 
Lrnr_glmnet_NULL_deviance_10_1_100_TRUE 
                            0.007351578 
[1] "done"
[1] "Lrnr_cv"
[1] "Lrnr_xgboost_20_1_15_2_0.2" "Lrnr_xgboost_20_1_15_3_0.2"
[3] "Lrnr_xgboost_20_1_15_4_0.2" "Lrnr_xgboost_20_1_15_5_0.2"
[5] "Lrnr_xgboost_10_1_15_2_0.2" "Lrnr_xgboost_10_1_15_3_0.2"
[7] "Lrnr_xgboost_10_1_15_4_0.2" "Lrnr_xgboost_10_1_15_5_0.2"
[1] "Lrnr_cv_selector_NULL"
[1] "Lrnr_cv"
[1] "Lrnr_xgboost_20_1_15_2_0.2" "Lrnr_xgboost_20_1_15_3_0.2"
[3] "Lrnr_xgboost_20_1_15_4_0.2" "Lrnr_xgboost_20_1_15_5_0.2"
[5] "Lrnr_xgboost_10_1_15_2_0.2" "Lrnr_xgboost_10_1_15_3_0.2"
[7] "Lrnr_xgboost_10_1_15_4_0.2" "Lrnr_xgboost_10_1_15_5_0.2"
[1] "Lrnr_cv_selector_NULL"
Lrnr_xgboost_20_1_15_2_0.2 Lrnr_xgboost_20_1_15_3_0.2 
               0.007646591                0.007411911 
Lrnr_xgboost_20_1_15_4_0.2 Lrnr_xgboost_20_1_15_5_0.2 
               0.007323715                0.007338729 
Lrnr_xgboost_10_1_15_2_0.2 Lrnr_xgboost_10_1_15_3_0.2 
               0.011940108                0.011408063 
Lrnr_xgboost_10_1_15_4_0.2 Lrnr_xgboost_10_1_15_5_0.2 
               0.011273133                0.011271376 
[1] "done"
[1] "Lrnr_cv"
[1] "Lrnr_ranger_500_TRUE_none_1_10"
[1] "Lrnr_cv_selector_NULL"
[1] "Lrnr_cv"
[1] "Lrnr_ranger_500_TRUE_none_1_10"
[1] "Lrnr_cv_selector_NULL"
predictions 
0.007161504 
[1] "done"
[1] "Lrnr_cv"
[1] "Lrnr_ranger_500_TRUE_none_1_10"         
[2] "Lrnr_earth_2_3_backward_0_1_0_0_100"    
[3] "Lrnr_gam_NULL_NULL_GCV.Cp"              
[4] "Lrnr_glmnet_NULL_deviance_10_1_100_TRUE"
[5] "Lrnr_xgboost_20_1_15_2_0.2"             
[6] "Lrnr_xgboost_20_1_15_3_0.2"             
[7] "Lrnr_xgboost_20_1_15_4_0.2"             
[8] "Lrnr_xgboost_20_1_15_5_0.2"             
[1] "Lrnr_cv_selector_NULL"
[1] "Lrnr_cv"
[1] "Lrnr_ranger_500_TRUE_none_1_10"         
[2] "Lrnr_earth_2_3_backward_0_1_0_0_100"    
[3] "Lrnr_gam_NULL_NULL_GCV.Cp"              
[4] "Lrnr_glmnet_NULL_deviance_10_1_100_TRUE"
[5] "Lrnr_xgboost_20_1_15_2_0.2"             
[6] "Lrnr_xgboost_20_1_15_3_0.2"             
[7] "Lrnr_xgboost_20_1_15_4_0.2"             
[8] "Lrnr_xgboost_20_1_15_5_0.2"             
[1] "Lrnr_cv_selector_NULL"
         Lrnr_ranger_500_TRUE_none_1_10     Lrnr_earth_2_3_backward_0_1_0_0_100 
                            0.007169656                             0.007208530 
              Lrnr_gam_NULL_NULL_GCV.Cp Lrnr_glmnet_NULL_deviance_10_1_100_TRUE 
                            0.007018014                             0.007354080 
             Lrnr_xgboost_20_1_15_2_0.2              Lrnr_xgboost_20_1_15_3_0.2 
                            0.007646591                             0.007411911 
             Lrnr_xgboost_20_1_15_4_0.2              Lrnr_xgboost_20_1_15_5_0.2 
                            0.007323715                             0.007338729 
[1] "done"
[1] "Lrnr_cv"
[1] "Lrnr_mean"
[1] "Lrnr_cv"
[1] "Lrnr_mean"
NULL
[1] "done"
[1] "gam_1"
[1] "xgboost"
[1] "rf"
[1] "all"
[1] "iter: 9"
[1] "Lrnr_cv"
[1] "Lrnr_earth_2_3_backward_0_1_0_0_100"    
[2] "Lrnr_gam_NULL_NULL_GCV.Cp"              
[3] "Lrnr_glmnet_NULL_deviance_10_1_100_TRUE"
[1] "Lrnr_cv_selector_NULL"
[1] "Lrnr_cv"
[1] "Lrnr_earth_2_3_backward_0_1_0_0_100"    
[2] "Lrnr_gam_NULL_NULL_GCV.Cp"              
[3] "Lrnr_glmnet_NULL_deviance_10_1_100_TRUE"
[1] "Lrnr_cv_selector_NULL"
    Lrnr_earth_2_3_backward_0_1_0_0_100               Lrnr_gam_NULL_NULL_GCV.Cp 
                            0.008566182                             0.008396166 
Lrnr_glmnet_NULL_deviance_10_1_100_TRUE 
                            0.008784817 
[1] "done"
[1] "Lrnr_cv"
[1] "Lrnr_xgboost_20_1_15_2_0.2" "Lrnr_xgboost_20_1_15_3_0.2"
[3] "Lrnr_xgboost_20_1_15_4_0.2" "Lrnr_xgboost_20_1_15_5_0.2"
[5] "Lrnr_xgboost_10_1_15_2_0.2" "Lrnr_xgboost_10_1_15_3_0.2"
[7] "Lrnr_xgboost_10_1_15_4_0.2" "Lrnr_xgboost_10_1_15_5_0.2"
[1] "Lrnr_cv_selector_NULL"
[1] "Lrnr_cv"
[1] "Lrnr_xgboost_20_1_15_2_0.2" "Lrnr_xgboost_20_1_15_3_0.2"
[3] "Lrnr_xgboost_20_1_15_4_0.2" "Lrnr_xgboost_20_1_15_5_0.2"
[5] "Lrnr_xgboost_10_1_15_2_0.2" "Lrnr_xgboost_10_1_15_3_0.2"
[7] "Lrnr_xgboost_10_1_15_4_0.2" "Lrnr_xgboost_10_1_15_5_0.2"
[1] "Lrnr_cv_selector_NULL"
Lrnr_xgboost_20_1_15_2_0.2 Lrnr_xgboost_20_1_15_3_0.2 
               0.008919994                0.008631897 
Lrnr_xgboost_20_1_15_4_0.2 Lrnr_xgboost_20_1_15_5_0.2 
               0.008442834                0.008400248 
Lrnr_xgboost_10_1_15_2_0.2 Lrnr_xgboost_10_1_15_3_0.2 
               0.012962740                0.012619982 
Lrnr_xgboost_10_1_15_4_0.2 Lrnr_xgboost_10_1_15_5_0.2 
               0.012365627                0.012240513 
[1] "done"
[1] "Lrnr_cv"
[1] "Lrnr_ranger_500_TRUE_none_1_10"
[1] "Lrnr_cv_selector_NULL"
[1] "Lrnr_cv"
[1] "Lrnr_ranger_500_TRUE_none_1_10"
[1] "Lrnr_cv_selector_NULL"
predictions 
0.008376153 
[1] "done"
[1] "Lrnr_cv"
[1] "Lrnr_ranger_500_TRUE_none_1_10"         
[2] "Lrnr_earth_2_3_backward_0_1_0_0_100"    
[3] "Lrnr_gam_NULL_NULL_GCV.Cp"              
[4] "Lrnr_glmnet_NULL_deviance_10_1_100_TRUE"
[5] "Lrnr_xgboost_20_1_15_2_0.2"             
[6] "Lrnr_xgboost_20_1_15_3_0.2"             
[7] "Lrnr_xgboost_20_1_15_4_0.2"             
[8] "Lrnr_xgboost_20_1_15_5_0.2"             
[1] "Lrnr_cv_selector_NULL"
[1] "Lrnr_cv"
[1] "Lrnr_ranger_500_TRUE_none_1_10"         
[2] "Lrnr_earth_2_3_backward_0_1_0_0_100"    
[3] "Lrnr_gam_NULL_NULL_GCV.Cp"              
[4] "Lrnr_glmnet_NULL_deviance_10_1_100_TRUE"
[5] "Lrnr_xgboost_20_1_15_2_0.2"             
[6] "Lrnr_xgboost_20_1_15_3_0.2"             
[7] "Lrnr_xgboost_20_1_15_4_0.2"             
[8] "Lrnr_xgboost_20_1_15_5_0.2"             
[1] "Lrnr_cv_selector_NULL"
         Lrnr_ranger_500_TRUE_none_1_10     Lrnr_earth_2_3_backward_0_1_0_0_100 
                            0.008388970                             0.008566182 
              Lrnr_gam_NULL_NULL_GCV.Cp Lrnr_glmnet_NULL_deviance_10_1_100_TRUE 
                            0.008396166                             0.008780635 
             Lrnr_xgboost_20_1_15_2_0.2              Lrnr_xgboost_20_1_15_3_0.2 
                            0.008919994                             0.008631897 
             Lrnr_xgboost_20_1_15_4_0.2              Lrnr_xgboost_20_1_15_5_0.2 
                            0.008442834                             0.008400248 
[1] "done"
[1] "Lrnr_cv"
[1] "Lrnr_mean"
[1] "Lrnr_cv"
[1] "Lrnr_mean"
NULL
[1] "done"
[1] "gam_1"
[1] "xgboost"
[1] "rf"
[1] "all"
[1] "iter: 10"
[1] "Lrnr_cv"
[1] "Lrnr_earth_2_3_backward_0_1_0_0_100"    
[2] "Lrnr_gam_NULL_NULL_GCV.Cp"              
[3] "Lrnr_glmnet_NULL_deviance_10_1_100_TRUE"
[1] "Lrnr_cv_selector_NULL"
[1] "Lrnr_cv"
[1] "Lrnr_earth_2_3_backward_0_1_0_0_100"    
[2] "Lrnr_gam_NULL_NULL_GCV.Cp"              
[3] "Lrnr_glmnet_NULL_deviance_10_1_100_TRUE"
[1] "Lrnr_cv_selector_NULL"
    Lrnr_earth_2_3_backward_0_1_0_0_100               Lrnr_gam_NULL_NULL_GCV.Cp 
                            0.006859097                             0.006812954 
Lrnr_glmnet_NULL_deviance_10_1_100_TRUE 
                            0.007123187 
[1] "done"
[1] "Lrnr_cv"
[1] "Lrnr_xgboost_20_1_15_2_0.2" "Lrnr_xgboost_20_1_15_3_0.2"
[3] "Lrnr_xgboost_20_1_15_4_0.2" "Lrnr_xgboost_20_1_15_5_0.2"
[5] "Lrnr_xgboost_10_1_15_2_0.2" "Lrnr_xgboost_10_1_15_3_0.2"
[7] "Lrnr_xgboost_10_1_15_4_0.2" "Lrnr_xgboost_10_1_15_5_0.2"
[1] "Lrnr_cv_selector_NULL"
[1] "Lrnr_cv"
[1] "Lrnr_xgboost_20_1_15_2_0.2" "Lrnr_xgboost_20_1_15_3_0.2"
[3] "Lrnr_xgboost_20_1_15_4_0.2" "Lrnr_xgboost_20_1_15_5_0.2"
[5] "Lrnr_xgboost_10_1_15_2_0.2" "Lrnr_xgboost_10_1_15_3_0.2"
[7] "Lrnr_xgboost_10_1_15_4_0.2" "Lrnr_xgboost_10_1_15_5_0.2"
[1] "Lrnr_cv_selector_NULL"
Lrnr_xgboost_20_1_15_2_0.2 Lrnr_xgboost_20_1_15_3_0.2 
               0.007459995                0.007233060 
Lrnr_xgboost_20_1_15_4_0.2 Lrnr_xgboost_20_1_15_5_0.2 
               0.007105705                0.007092716 
Lrnr_xgboost_10_1_15_2_0.2 Lrnr_xgboost_10_1_15_3_0.2 
               0.011593204                0.011231872 
Lrnr_xgboost_10_1_15_4_0.2 Lrnr_xgboost_10_1_15_5_0.2 
               0.011097372                0.011036694 
[1] "done"
[1] "Lrnr_cv"
[1] "Lrnr_ranger_500_TRUE_none_1_10"
[1] "Lrnr_cv_selector_NULL"
[1] "Lrnr_cv"
[1] "Lrnr_ranger_500_TRUE_none_1_10"
[1] "Lrnr_cv_selector_NULL"
predictions 
  0.0070764 
[1] "done"
[1] "Lrnr_cv"
[1] "Lrnr_ranger_500_TRUE_none_1_10"         
[2] "Lrnr_earth_2_3_backward_0_1_0_0_100"    
[3] "Lrnr_gam_NULL_NULL_GCV.Cp"              
[4] "Lrnr_glmnet_NULL_deviance_10_1_100_TRUE"
[5] "Lrnr_xgboost_20_1_15_2_0.2"             
[6] "Lrnr_xgboost_20_1_15_3_0.2"             
[7] "Lrnr_xgboost_20_1_15_4_0.2"             
[8] "Lrnr_xgboost_20_1_15_5_0.2"             
[1] "Lrnr_cv_selector_NULL"
[1] "Lrnr_cv"
[1] "Lrnr_ranger_500_TRUE_none_1_10"         
[2] "Lrnr_earth_2_3_backward_0_1_0_0_100"    
[3] "Lrnr_gam_NULL_NULL_GCV.Cp"              
[4] "Lrnr_glmnet_NULL_deviance_10_1_100_TRUE"
[5] "Lrnr_xgboost_20_1_15_2_0.2"             
[6] "Lrnr_xgboost_20_1_15_3_0.2"             
[7] "Lrnr_xgboost_20_1_15_4_0.2"             
[8] "Lrnr_xgboost_20_1_15_5_0.2"             
[1] "Lrnr_cv_selector_NULL"
         Lrnr_ranger_500_TRUE_none_1_10     Lrnr_earth_2_3_backward_0_1_0_0_100 
                            0.007068980                             0.006859097 
              Lrnr_gam_NULL_NULL_GCV.Cp Lrnr_glmnet_NULL_deviance_10_1_100_TRUE 
                            0.006812954                             0.007122992 
             Lrnr_xgboost_20_1_15_2_0.2              Lrnr_xgboost_20_1_15_3_0.2 
                            0.007459995                             0.007233060 
             Lrnr_xgboost_20_1_15_4_0.2              Lrnr_xgboost_20_1_15_5_0.2 
                            0.007105705                             0.007092716 
[1] "done"
[1] "Lrnr_cv"
[1] "Lrnr_mean"
[1] "Lrnr_cv"
[1] "Lrnr_mean"
NULL
[1] "done"
[1] "gam_1"
[1] "xgboost"
[1] "rf"
[1] "all"
[1] "iter: 11"
[1] "Lrnr_cv"
[1] "Lrnr_earth_2_3_backward_0_1_0_0_100"    
[2] "Lrnr_gam_NULL_NULL_GCV.Cp"              
[3] "Lrnr_glmnet_NULL_deviance_10_1_100_TRUE"
[1] "Lrnr_cv_selector_NULL"
[1] "Lrnr_cv"
[1] "Lrnr_earth_2_3_backward_0_1_0_0_100"    
[2] "Lrnr_gam_NULL_NULL_GCV.Cp"              
[3] "Lrnr_glmnet_NULL_deviance_10_1_100_TRUE"
[1] "Lrnr_cv_selector_NULL"
    Lrnr_earth_2_3_backward_0_1_0_0_100               Lrnr_gam_NULL_NULL_GCV.Cp 
                            0.007191649                             0.006789902 
Lrnr_glmnet_NULL_deviance_10_1_100_TRUE 
                            0.007238100 
[1] "done"
[1] "Lrnr_cv"
[1] "Lrnr_xgboost_20_1_15_2_0.2" "Lrnr_xgboost_20_1_15_3_0.2"
[3] "Lrnr_xgboost_20_1_15_4_0.2" "Lrnr_xgboost_20_1_15_5_0.2"
[5] "Lrnr_xgboost_10_1_15_2_0.2" "Lrnr_xgboost_10_1_15_3_0.2"
[7] "Lrnr_xgboost_10_1_15_4_0.2" "Lrnr_xgboost_10_1_15_5_0.2"
[1] "Lrnr_cv_selector_NULL"
[1] "Lrnr_cv"
[1] "Lrnr_xgboost_20_1_15_2_0.2" "Lrnr_xgboost_20_1_15_3_0.2"
[3] "Lrnr_xgboost_20_1_15_4_0.2" "Lrnr_xgboost_20_1_15_5_0.2"
[5] "Lrnr_xgboost_10_1_15_2_0.2" "Lrnr_xgboost_10_1_15_3_0.2"
[7] "Lrnr_xgboost_10_1_15_4_0.2" "Lrnr_xgboost_10_1_15_5_0.2"
[1] "Lrnr_cv_selector_NULL"
Lrnr_xgboost_20_1_15_2_0.2 Lrnr_xgboost_20_1_15_3_0.2 
               0.007393089                0.007094274 
Lrnr_xgboost_20_1_15_4_0.2 Lrnr_xgboost_20_1_15_5_0.2 
               0.006935360                0.006898653 
Lrnr_xgboost_10_1_15_2_0.2 Lrnr_xgboost_10_1_15_3_0.2 
               0.011568315                0.011058946 
Lrnr_xgboost_10_1_15_4_0.2 Lrnr_xgboost_10_1_15_5_0.2 
               0.010876389                0.010783774 
[1] "done"
[1] "Lrnr_cv"
[1] "Lrnr_ranger_500_TRUE_none_1_10"
[1] "Lrnr_cv_selector_NULL"
[1] "Lrnr_cv"
[1] "Lrnr_ranger_500_TRUE_none_1_10"
[1] "Lrnr_cv_selector_NULL"
predictions 
0.006892981 
[1] "done"
[1] "Lrnr_cv"
[1] "Lrnr_ranger_500_TRUE_none_1_10"         
[2] "Lrnr_earth_2_3_backward_0_1_0_0_100"    
[3] "Lrnr_gam_NULL_NULL_GCV.Cp"              
[4] "Lrnr_glmnet_NULL_deviance_10_1_100_TRUE"
[5] "Lrnr_xgboost_20_1_15_2_0.2"             
[6] "Lrnr_xgboost_20_1_15_3_0.2"             
[7] "Lrnr_xgboost_20_1_15_4_0.2"             
[8] "Lrnr_xgboost_20_1_15_5_0.2"             
[1] "Lrnr_cv_selector_NULL"
[1] "Lrnr_cv"
[1] "Lrnr_ranger_500_TRUE_none_1_10"         
[2] "Lrnr_earth_2_3_backward_0_1_0_0_100"    
[3] "Lrnr_gam_NULL_NULL_GCV.Cp"              
[4] "Lrnr_glmnet_NULL_deviance_10_1_100_TRUE"
[5] "Lrnr_xgboost_20_1_15_2_0.2"             
[6] "Lrnr_xgboost_20_1_15_3_0.2"             
[7] "Lrnr_xgboost_20_1_15_4_0.2"             
[8] "Lrnr_xgboost_20_1_15_5_0.2"             
[1] "Lrnr_cv_selector_NULL"
         Lrnr_ranger_500_TRUE_none_1_10     Lrnr_earth_2_3_backward_0_1_0_0_100 
                            0.006878616                             0.007191649 
              Lrnr_gam_NULL_NULL_GCV.Cp Lrnr_glmnet_NULL_deviance_10_1_100_TRUE 
                            0.006789902                             0.007243995 
             Lrnr_xgboost_20_1_15_2_0.2              Lrnr_xgboost_20_1_15_3_0.2 
                            0.007393089                             0.007094274 
             Lrnr_xgboost_20_1_15_4_0.2              Lrnr_xgboost_20_1_15_5_0.2 
                            0.006935360                             0.006898653 
[1] "done"
[1] "Lrnr_cv"
[1] "Lrnr_mean"
[1] "Lrnr_cv"
[1] "Lrnr_mean"
NULL
[1] "done"
[1] "gam_1"
[1] "xgboost"
[1] "rf"
[1] "all"
[1] "iter: 12"
[1] "Lrnr_cv"
[1] "Lrnr_earth_2_3_backward_0_1_0_0_100"    
[2] "Lrnr_gam_NULL_NULL_GCV.Cp"              
[3] "Lrnr_glmnet_NULL_deviance_10_1_100_TRUE"
[1] "Lrnr_cv_selector_NULL"
[1] "Lrnr_cv"
[1] "Lrnr_earth_2_3_backward_0_1_0_0_100"    
[2] "Lrnr_gam_NULL_NULL_GCV.Cp"              
[3] "Lrnr_glmnet_NULL_deviance_10_1_100_TRUE"
[1] "Lrnr_cv_selector_NULL"
    Lrnr_earth_2_3_backward_0_1_0_0_100               Lrnr_gam_NULL_NULL_GCV.Cp 
                            0.007761964                             0.007504390 
Lrnr_glmnet_NULL_deviance_10_1_100_TRUE 
                            0.007816478 
[1] "done"
[1] "Lrnr_cv"
[1] "Lrnr_xgboost_20_1_15_2_0.2" "Lrnr_xgboost_20_1_15_3_0.2"
[3] "Lrnr_xgboost_20_1_15_4_0.2" "Lrnr_xgboost_20_1_15_5_0.2"
[5] "Lrnr_xgboost_10_1_15_2_0.2" "Lrnr_xgboost_10_1_15_3_0.2"
[7] "Lrnr_xgboost_10_1_15_4_0.2" "Lrnr_xgboost_10_1_15_5_0.2"
[1] "Lrnr_cv_selector_NULL"
[1] "Lrnr_cv"
[1] "Lrnr_xgboost_20_1_15_2_0.2" "Lrnr_xgboost_20_1_15_3_0.2"
[3] "Lrnr_xgboost_20_1_15_4_0.2" "Lrnr_xgboost_20_1_15_5_0.2"
[5] "Lrnr_xgboost_10_1_15_2_0.2" "Lrnr_xgboost_10_1_15_3_0.2"
[7] "Lrnr_xgboost_10_1_15_4_0.2" "Lrnr_xgboost_10_1_15_5_0.2"
[1] "Lrnr_cv_selector_NULL"
Lrnr_xgboost_20_1_15_2_0.2 Lrnr_xgboost_20_1_15_3_0.2 
               0.008020570                0.007737056 
Lrnr_xgboost_20_1_15_4_0.2 Lrnr_xgboost_20_1_15_5_0.2 
               0.007685162                0.007655470 
Lrnr_xgboost_10_1_15_2_0.2 Lrnr_xgboost_10_1_15_3_0.2 
               0.012091374                0.011696342 
Lrnr_xgboost_10_1_15_4_0.2 Lrnr_xgboost_10_1_15_5_0.2 
               0.011556725                0.011470321 
[1] "done"
[1] "Lrnr_cv"
[1] "Lrnr_ranger_500_TRUE_none_1_10"
[1] "Lrnr_cv_selector_NULL"
[1] "Lrnr_cv"
[1] "Lrnr_ranger_500_TRUE_none_1_10"
[1] "Lrnr_cv_selector_NULL"
predictions 
0.007657781 
[1] "done"
[1] "Lrnr_cv"
[1] "Lrnr_ranger_500_TRUE_none_1_10"         
[2] "Lrnr_earth_2_3_backward_0_1_0_0_100"    
[3] "Lrnr_gam_NULL_NULL_GCV.Cp"              
[4] "Lrnr_glmnet_NULL_deviance_10_1_100_TRUE"
[5] "Lrnr_xgboost_20_1_15_2_0.2"             
[6] "Lrnr_xgboost_20_1_15_3_0.2"             
[7] "Lrnr_xgboost_20_1_15_4_0.2"             
[8] "Lrnr_xgboost_20_1_15_5_0.2"             
[1] "Lrnr_cv_selector_NULL"
[1] "Lrnr_cv"
[1] "Lrnr_ranger_500_TRUE_none_1_10"         
[2] "Lrnr_earth_2_3_backward_0_1_0_0_100"    
[3] "Lrnr_gam_NULL_NULL_GCV.Cp"              
[4] "Lrnr_glmnet_NULL_deviance_10_1_100_TRUE"
[5] "Lrnr_xgboost_20_1_15_2_0.2"             
[6] "Lrnr_xgboost_20_1_15_3_0.2"             
[7] "Lrnr_xgboost_20_1_15_4_0.2"             
[8] "Lrnr_xgboost_20_1_15_5_0.2"             
[1] "Lrnr_cv_selector_NULL"
         Lrnr_ranger_500_TRUE_none_1_10     Lrnr_earth_2_3_backward_0_1_0_0_100 
                            0.007642910                             0.007761964 
              Lrnr_gam_NULL_NULL_GCV.Cp Lrnr_glmnet_NULL_deviance_10_1_100_TRUE 
                            0.007504390                             0.007821987 
             Lrnr_xgboost_20_1_15_2_0.2              Lrnr_xgboost_20_1_15_3_0.2 
                            0.008020570                             0.007737056 
             Lrnr_xgboost_20_1_15_4_0.2              Lrnr_xgboost_20_1_15_5_0.2 
                            0.007685162                             0.007655470 
[1] "done"
[1] "Lrnr_cv"
[1] "Lrnr_mean"
[1] "Lrnr_cv"
[1] "Lrnr_mean"
NULL
[1] "done"
[1] "gam_1"
[1] "xgboost"
[1] "rf"
[1] "all"
[1] "iter: 13"
[1] "Lrnr_cv"
[1] "Lrnr_earth_2_3_backward_0_1_0_0_100"    
[2] "Lrnr_gam_NULL_NULL_GCV.Cp"              
[3] "Lrnr_glmnet_NULL_deviance_10_1_100_TRUE"
[1] "Lrnr_cv_selector_NULL"
[1] "Lrnr_cv"
[1] "Lrnr_earth_2_3_backward_0_1_0_0_100"    
[2] "Lrnr_gam_NULL_NULL_GCV.Cp"              
[3] "Lrnr_glmnet_NULL_deviance_10_1_100_TRUE"
[1] "Lrnr_cv_selector_NULL"
    Lrnr_earth_2_3_backward_0_1_0_0_100               Lrnr_gam_NULL_NULL_GCV.Cp 
                            0.007917059                             0.007756902 
Lrnr_glmnet_NULL_deviance_10_1_100_TRUE 
                            0.008200126 
[1] "done"
[1] "Lrnr_cv"
[1] "Lrnr_xgboost_20_1_15_2_0.2" "Lrnr_xgboost_20_1_15_3_0.2"
[3] "Lrnr_xgboost_20_1_15_4_0.2" "Lrnr_xgboost_20_1_15_5_0.2"
[5] "Lrnr_xgboost_10_1_15_2_0.2" "Lrnr_xgboost_10_1_15_3_0.2"
[7] "Lrnr_xgboost_10_1_15_4_0.2" "Lrnr_xgboost_10_1_15_5_0.2"
[1] "Lrnr_cv_selector_NULL"
[1] "Lrnr_cv"
[1] "Lrnr_xgboost_20_1_15_2_0.2" "Lrnr_xgboost_20_1_15_3_0.2"
[3] "Lrnr_xgboost_20_1_15_4_0.2" "Lrnr_xgboost_20_1_15_5_0.2"
[5] "Lrnr_xgboost_10_1_15_2_0.2" "Lrnr_xgboost_10_1_15_3_0.2"
[7] "Lrnr_xgboost_10_1_15_4_0.2" "Lrnr_xgboost_10_1_15_5_0.2"
[1] "Lrnr_cv_selector_NULL"
Lrnr_xgboost_20_1_15_2_0.2 Lrnr_xgboost_20_1_15_3_0.2 
               0.008460187                0.008181767 
Lrnr_xgboost_20_1_15_4_0.2 Lrnr_xgboost_20_1_15_5_0.2 
               0.008082265                0.008061150 
Lrnr_xgboost_10_1_15_2_0.2 Lrnr_xgboost_10_1_15_3_0.2 
               0.012650792                0.012144654 
Lrnr_xgboost_10_1_15_4_0.2 Lrnr_xgboost_10_1_15_5_0.2 
               0.012029770                0.011895530 
[1] "done"
[1] "Lrnr_cv"
[1] "Lrnr_ranger_500_TRUE_none_1_10"
[1] "Lrnr_cv_selector_NULL"
[1] "Lrnr_cv"
[1] "Lrnr_ranger_500_TRUE_none_1_10"
[1] "Lrnr_cv_selector_NULL"
predictions 
0.008131096 
[1] "done"
[1] "Lrnr_cv"
[1] "Lrnr_ranger_500_TRUE_none_1_10"         
[2] "Lrnr_earth_2_3_backward_0_1_0_0_100"    
[3] "Lrnr_gam_NULL_NULL_GCV.Cp"              
[4] "Lrnr_glmnet_NULL_deviance_10_1_100_TRUE"
[5] "Lrnr_xgboost_20_1_15_2_0.2"             
[6] "Lrnr_xgboost_20_1_15_3_0.2"             
[7] "Lrnr_xgboost_20_1_15_4_0.2"             
[8] "Lrnr_xgboost_20_1_15_5_0.2"             
[1] "Lrnr_cv_selector_NULL"
[1] "Lrnr_cv"
[1] "Lrnr_ranger_500_TRUE_none_1_10"         
[2] "Lrnr_earth_2_3_backward_0_1_0_0_100"    
[3] "Lrnr_gam_NULL_NULL_GCV.Cp"              
[4] "Lrnr_glmnet_NULL_deviance_10_1_100_TRUE"
[5] "Lrnr_xgboost_20_1_15_2_0.2"             
[6] "Lrnr_xgboost_20_1_15_3_0.2"             
[7] "Lrnr_xgboost_20_1_15_4_0.2"             
[8] "Lrnr_xgboost_20_1_15_5_0.2"             
[1] "Lrnr_cv_selector_NULL"
         Lrnr_ranger_500_TRUE_none_1_10     Lrnr_earth_2_3_backward_0_1_0_0_100 
                            0.008134143                             0.007917059 
              Lrnr_gam_NULL_NULL_GCV.Cp Lrnr_glmnet_NULL_deviance_10_1_100_TRUE 
                            0.007756902                             0.008199345 
             Lrnr_xgboost_20_1_15_2_0.2              Lrnr_xgboost_20_1_15_3_0.2 
                            0.008460187                             0.008181767 
             Lrnr_xgboost_20_1_15_4_0.2              Lrnr_xgboost_20_1_15_5_0.2 
                            0.008082265                             0.008061150 
[1] "done"
[1] "Lrnr_cv"
[1] "Lrnr_mean"
[1] "Lrnr_cv"
[1] "Lrnr_mean"
NULL
[1] "done"
[1] "gam_1"
[1] "xgboost"
[1] "rf"
[1] "all"
[1] "iter: 14"
[1] "Lrnr_cv"
[1] "Lrnr_earth_2_3_backward_0_1_0_0_100"    
[2] "Lrnr_gam_NULL_NULL_GCV.Cp"              
[3] "Lrnr_glmnet_NULL_deviance_10_1_100_TRUE"
[1] "Lrnr_cv_selector_NULL"
[1] "Lrnr_cv"
[1] "Lrnr_earth_2_3_backward_0_1_0_0_100"    
[2] "Lrnr_gam_NULL_NULL_GCV.Cp"              
[3] "Lrnr_glmnet_NULL_deviance_10_1_100_TRUE"
[1] "Lrnr_cv_selector_NULL"
    Lrnr_earth_2_3_backward_0_1_0_0_100               Lrnr_gam_NULL_NULL_GCV.Cp 
                            0.007131116                             0.006765220 
Lrnr_glmnet_NULL_deviance_10_1_100_TRUE 
                            0.007175303 
[1] "done"
[1] "Lrnr_cv"
[1] "Lrnr_xgboost_20_1_15_2_0.2" "Lrnr_xgboost_20_1_15_3_0.2"
[3] "Lrnr_xgboost_20_1_15_4_0.2" "Lrnr_xgboost_20_1_15_5_0.2"
[5] "Lrnr_xgboost_10_1_15_2_0.2" "Lrnr_xgboost_10_1_15_3_0.2"
[7] "Lrnr_xgboost_10_1_15_4_0.2" "Lrnr_xgboost_10_1_15_5_0.2"
[1] "Lrnr_cv_selector_NULL"
[1] "Lrnr_cv"
[1] "Lrnr_xgboost_20_1_15_2_0.2" "Lrnr_xgboost_20_1_15_3_0.2"
[3] "Lrnr_xgboost_20_1_15_4_0.2" "Lrnr_xgboost_20_1_15_5_0.2"
[5] "Lrnr_xgboost_10_1_15_2_0.2" "Lrnr_xgboost_10_1_15_3_0.2"
[7] "Lrnr_xgboost_10_1_15_4_0.2" "Lrnr_xgboost_10_1_15_5_0.2"
[1] "Lrnr_cv_selector_NULL"
Lrnr_xgboost_20_1_15_2_0.2 Lrnr_xgboost_20_1_15_3_0.2 
               0.007361668                0.007075929 
Lrnr_xgboost_20_1_15_4_0.2 Lrnr_xgboost_20_1_15_5_0.2 
               0.006899088                0.006892056 
Lrnr_xgboost_10_1_15_2_0.2 Lrnr_xgboost_10_1_15_3_0.2 
               0.011515278                0.011031654 
Lrnr_xgboost_10_1_15_4_0.2 Lrnr_xgboost_10_1_15_5_0.2 
               0.010843059                0.010772094 
[1] "done"
[1] "Lrnr_cv"
[1] "Lrnr_ranger_500_TRUE_none_1_10"
[1] "Lrnr_cv_selector_NULL"
[1] "Lrnr_cv"
[1] "Lrnr_ranger_500_TRUE_none_1_10"
[1] "Lrnr_cv_selector_NULL"
predictions 
0.007009844 
[1] "done"
[1] "Lrnr_cv"
[1] "Lrnr_ranger_500_TRUE_none_1_10"         
[2] "Lrnr_earth_2_3_backward_0_1_0_0_100"    
[3] "Lrnr_gam_NULL_NULL_GCV.Cp"              
[4] "Lrnr_glmnet_NULL_deviance_10_1_100_TRUE"
[5] "Lrnr_xgboost_20_1_15_2_0.2"             
[6] "Lrnr_xgboost_20_1_15_3_0.2"             
[7] "Lrnr_xgboost_20_1_15_4_0.2"             
[8] "Lrnr_xgboost_20_1_15_5_0.2"             
[1] "Lrnr_cv_selector_NULL"
[1] "Lrnr_cv"
[1] "Lrnr_ranger_500_TRUE_none_1_10"         
[2] "Lrnr_earth_2_3_backward_0_1_0_0_100"    
[3] "Lrnr_gam_NULL_NULL_GCV.Cp"              
[4] "Lrnr_glmnet_NULL_deviance_10_1_100_TRUE"
[5] "Lrnr_xgboost_20_1_15_2_0.2"             
[6] "Lrnr_xgboost_20_1_15_3_0.2"             
[7] "Lrnr_xgboost_20_1_15_4_0.2"             
[8] "Lrnr_xgboost_20_1_15_5_0.2"             
[1] "Lrnr_cv_selector_NULL"
         Lrnr_ranger_500_TRUE_none_1_10     Lrnr_earth_2_3_backward_0_1_0_0_100 
                            0.006981042                             0.007131116 
              Lrnr_gam_NULL_NULL_GCV.Cp Lrnr_glmnet_NULL_deviance_10_1_100_TRUE 
                            0.006765220                             0.007173845 
             Lrnr_xgboost_20_1_15_2_0.2              Lrnr_xgboost_20_1_15_3_0.2 
                            0.007361668                             0.007075929 
             Lrnr_xgboost_20_1_15_4_0.2              Lrnr_xgboost_20_1_15_5_0.2 
                            0.006899088                             0.006892056 
[1] "done"
[1] "Lrnr_cv"
[1] "Lrnr_mean"
[1] "Lrnr_cv"
[1] "Lrnr_mean"
NULL
[1] "done"
[1] "gam_1"
[1] "xgboost"
[1] "rf"
[1] "all"
[1] "iter: 15"
[1] "Lrnr_cv"
[1] "Lrnr_earth_2_3_backward_0_1_0_0_100"    
[2] "Lrnr_gam_NULL_NULL_GCV.Cp"              
[3] "Lrnr_glmnet_NULL_deviance_10_1_100_TRUE"
[1] "Lrnr_cv_selector_NULL"
[1] "Lrnr_cv"
[1] "Lrnr_earth_2_3_backward_0_1_0_0_100"    
[2] "Lrnr_gam_NULL_NULL_GCV.Cp"              
[3] "Lrnr_glmnet_NULL_deviance_10_1_100_TRUE"
[1] "Lrnr_cv_selector_NULL"
    Lrnr_earth_2_3_backward_0_1_0_0_100               Lrnr_gam_NULL_NULL_GCV.Cp 
                            0.007788929                             0.007633701 
Lrnr_glmnet_NULL_deviance_10_1_100_TRUE 
                            0.008187141 
[1] "done"
[1] "Lrnr_cv"
[1] "Lrnr_xgboost_20_1_15_2_0.2" "Lrnr_xgboost_20_1_15_3_0.2"
[3] "Lrnr_xgboost_20_1_15_4_0.2" "Lrnr_xgboost_20_1_15_5_0.2"
[5] "Lrnr_xgboost_10_1_15_2_0.2" "Lrnr_xgboost_10_1_15_3_0.2"
[7] "Lrnr_xgboost_10_1_15_4_0.2" "Lrnr_xgboost_10_1_15_5_0.2"
[1] "Lrnr_cv_selector_NULL"
[1] "Lrnr_cv"
[1] "Lrnr_xgboost_20_1_15_2_0.2" "Lrnr_xgboost_20_1_15_3_0.2"
[3] "Lrnr_xgboost_20_1_15_4_0.2" "Lrnr_xgboost_20_1_15_5_0.2"
[5] "Lrnr_xgboost_10_1_15_2_0.2" "Lrnr_xgboost_10_1_15_3_0.2"
[7] "Lrnr_xgboost_10_1_15_4_0.2" "Lrnr_xgboost_10_1_15_5_0.2"
[1] "Lrnr_cv_selector_NULL"
Lrnr_xgboost_20_1_15_2_0.2 Lrnr_xgboost_20_1_15_3_0.2 
               0.008527645                0.008103988 
Lrnr_xgboost_20_1_15_4_0.2 Lrnr_xgboost_20_1_15_5_0.2 
               0.008007550                0.007919845 
Lrnr_xgboost_10_1_15_2_0.2 Lrnr_xgboost_10_1_15_3_0.2 
               0.012546361                0.012080254 
Lrnr_xgboost_10_1_15_4_0.2 Lrnr_xgboost_10_1_15_5_0.2 
               0.011978420                0.011851977 
[1] "done"
[1] "Lrnr_cv"
[1] "Lrnr_ranger_500_TRUE_none_1_10"
[1] "Lrnr_cv_selector_NULL"
[1] "Lrnr_cv"
[1] "Lrnr_ranger_500_TRUE_none_1_10"
[1] "Lrnr_cv_selector_NULL"
predictions 
0.007957929 
[1] "done"
[1] "Lrnr_cv"
[1] "Lrnr_ranger_500_TRUE_none_1_10"         
[2] "Lrnr_earth_2_3_backward_0_1_0_0_100"    
[3] "Lrnr_gam_NULL_NULL_GCV.Cp"              
[4] "Lrnr_glmnet_NULL_deviance_10_1_100_TRUE"
[5] "Lrnr_xgboost_20_1_15_2_0.2"             
[6] "Lrnr_xgboost_20_1_15_3_0.2"             
[7] "Lrnr_xgboost_20_1_15_4_0.2"             
[8] "Lrnr_xgboost_20_1_15_5_0.2"             
[1] "Lrnr_cv_selector_NULL"
[1] "Lrnr_cv"
[1] "Lrnr_ranger_500_TRUE_none_1_10"         
[2] "Lrnr_earth_2_3_backward_0_1_0_0_100"    
[3] "Lrnr_gam_NULL_NULL_GCV.Cp"              
[4] "Lrnr_glmnet_NULL_deviance_10_1_100_TRUE"
[5] "Lrnr_xgboost_20_1_15_2_0.2"             
[6] "Lrnr_xgboost_20_1_15_3_0.2"             
[7] "Lrnr_xgboost_20_1_15_4_0.2"             
[8] "Lrnr_xgboost_20_1_15_5_0.2"             
[1] "Lrnr_cv_selector_NULL"
         Lrnr_ranger_500_TRUE_none_1_10     Lrnr_earth_2_3_backward_0_1_0_0_100 
                            0.007962808                             0.007788929 
              Lrnr_gam_NULL_NULL_GCV.Cp Lrnr_glmnet_NULL_deviance_10_1_100_TRUE 
                            0.007633701                             0.008189559 
             Lrnr_xgboost_20_1_15_2_0.2              Lrnr_xgboost_20_1_15_3_0.2 
                            0.008527645                             0.008103988 
             Lrnr_xgboost_20_1_15_4_0.2              Lrnr_xgboost_20_1_15_5_0.2 
                            0.008007550                             0.007919845 
[1] "done"
[1] "Lrnr_cv"
[1] "Lrnr_mean"
[1] "Lrnr_cv"
[1] "Lrnr_mean"
NULL
[1] "done"
[1] "gam_1"
[1] "xgboost"
[1] "rf"
