LOADING R
R LOADED
[1] "/home/lvanderl/Rlibs2"                         
[2] "/app/software/R/4.3.1-gfbf-2022b/lib/R/library"
[1] "/home/lvanderl/sieveSims"
[1] "ihdp"
  [1]   1   2   3   4   5   6   7   8   9  10  11  12  13  14  15  16  17  18
 [19]  19  20  21  22  23  24  25  26  27  28  29  30  31  32  33  34  35  36
 [37]  37  38  39  40  41  42  43  44  45  46  47  48  49  50  51  52  53  54
 [55]  55  56  57  58  59  60  61  62  63  64  65  66  67  68  69  70  71  72
 [73]  73  74  75  76  77  78  79  80  81  82  83  84  85  86  87  88  89  90
 [91]  91  92  93  94  95  96  97  98  99 100
[1] "iter: 1"
[1] 672  25
 Lrnr_ranger_500_TRUE_none_1_8 Lrnr_ranger_500_TRUE_none_1_10 
                      1.290444                       1.269164 
Lrnr_ranger_500_TRUE_none_1_12 
                      1.276747 
 Lrnr_ranger_500_TRUE_none_1_8 Lrnr_ranger_500_TRUE_none_1_10 
                      1.212885                       1.200111 
Lrnr_ranger_500_TRUE_none_1_12 
                      1.207869 
 Lrnr_ranger_500_TRUE_none_1_8 Lrnr_ranger_500_TRUE_none_1_10 
                     0.1511275                      0.1531563 
Lrnr_ranger_500_TRUE_none_1_12 
                     0.1534669 
[1] "done"
NULL
NULL
NULL
[1] "done"
[1] "all"
[1] -0.05685932 -0.03427453
[1] "iter: 2"
[1] 672  25
 Lrnr_ranger_500_TRUE_none_1_8 Lrnr_ranger_500_TRUE_none_1_10 
                      1.208379                       1.208912 
Lrnr_ranger_500_TRUE_none_1_12 
                      1.213041 
 Lrnr_ranger_500_TRUE_none_1_8 Lrnr_ranger_500_TRUE_none_1_10 
                      1.029375                       1.023925 
Lrnr_ranger_500_TRUE_none_1_12 
                      1.032553 
 Lrnr_ranger_500_TRUE_none_1_8 Lrnr_ranger_500_TRUE_none_1_10 
                     0.1541100                      0.1543860 
Lrnr_ranger_500_TRUE_none_1_12 
                     0.1551806 
[1] "done"
NULL
NULL
NULL
[1] "done"
[1] "all"
[1] 0.02376344 0.02485395
[1] "iter: 3"
[1] 672  25
 Lrnr_ranger_500_TRUE_none_1_8 Lrnr_ranger_500_TRUE_none_1_10 
                      1.250776                       1.251130 
Lrnr_ranger_500_TRUE_none_1_12 
                      1.245696 
 Lrnr_ranger_500_TRUE_none_1_8 Lrnr_ranger_500_TRUE_none_1_10 
                      1.016050                       1.008219 
Lrnr_ranger_500_TRUE_none_1_12 
                      1.019055 
 Lrnr_ranger_500_TRUE_none_1_8 Lrnr_ranger_500_TRUE_none_1_10 
                     0.1471475                      0.1478666 
Lrnr_ranger_500_TRUE_none_1_12 
                     0.1479614 
[1] "done"
NULL
NULL
NULL
[1] "done"
[1] "all"
[1] 0.06411109 0.06175854
[1] "iter: 4"
[1] 672  25
 Lrnr_ranger_500_TRUE_none_1_8 Lrnr_ranger_500_TRUE_none_1_10 
                      2.129890                       2.026298 
Lrnr_ranger_500_TRUE_none_1_12 
                      2.016007 
 Lrnr_ranger_500_TRUE_none_1_8 Lrnr_ranger_500_TRUE_none_1_10 
                      1.245700                       1.253592 
Lrnr_ranger_500_TRUE_none_1_12 
                      1.252211 
 Lrnr_ranger_500_TRUE_none_1_8 Lrnr_ranger_500_TRUE_none_1_10 
                     0.1541092                      0.1550967 
Lrnr_ranger_500_TRUE_none_1_12 
                     0.1555232 
[1] "done"
NULL
NULL
NULL
[1] "done"
[1] "all"
[1] 0.2600384 0.2585253
[1] "iter: 5"
[1] 672  25
 Lrnr_ranger_500_TRUE_none_1_8 Lrnr_ranger_500_TRUE_none_1_10 
                      3.460132                       3.286664 
Lrnr_ranger_500_TRUE_none_1_12 
                      3.268725 
 Lrnr_ranger_500_TRUE_none_1_8 Lrnr_ranger_500_TRUE_none_1_10 
                      1.136582                       1.133988 
Lrnr_ranger_500_TRUE_none_1_12 
                      1.153396 
 Lrnr_ranger_500_TRUE_none_1_8 Lrnr_ranger_500_TRUE_none_1_10 
                     0.1520790                      0.1528665 
Lrnr_ranger_500_TRUE_none_1_12 
                     0.1542418 
[1] "done"
NULL
NULL
NULL
[1] "done"
[1] "all"
[1] 0.1998472 0.1921748
[1] "iter: 6"
[1] 672  25
 Lrnr_ranger_500_TRUE_none_1_8 Lrnr_ranger_500_TRUE_none_1_10 
                      1.200519                       1.189325 
Lrnr_ranger_500_TRUE_none_1_12 
                      1.193048 
 Lrnr_ranger_500_TRUE_none_1_8 Lrnr_ranger_500_TRUE_none_1_10 
                      1.087346                       1.071811 
Lrnr_ranger_500_TRUE_none_1_12 
                      1.098461 
 Lrnr_ranger_500_TRUE_none_1_8 Lrnr_ranger_500_TRUE_none_1_10 
                     0.1554146                      0.1566796 
Lrnr_ranger_500_TRUE_none_1_12 
                     0.1576658 
[1] "done"
NULL
NULL
NULL
[1] "done"
[1] "all"
[1] 0.06771419 0.06243871
[1] "iter: 7"
[1] 672  25
 Lrnr_ranger_500_TRUE_none_1_8 Lrnr_ranger_500_TRUE_none_1_10 
                      1.042875                       1.048249 
Lrnr_ranger_500_TRUE_none_1_12 
                      1.047710 
 Lrnr_ranger_500_TRUE_none_1_8 Lrnr_ranger_500_TRUE_none_1_10 
                      1.097936                       1.094132 
Lrnr_ranger_500_TRUE_none_1_12 
                      1.087789 
 Lrnr_ranger_500_TRUE_none_1_8 Lrnr_ranger_500_TRUE_none_1_10 
                     0.1501113                      0.1506620 
Lrnr_ranger_500_TRUE_none_1_12 
                     0.1514267 
[1] "done"
NULL
NULL
NULL
[1] "done"
[1] "all"
[1] -0.2185616 -0.2280931
[1] "iter: 8"
[1] 672  25
 Lrnr_ranger_500_TRUE_none_1_8 Lrnr_ranger_500_TRUE_none_1_10 
                      2.059443                       1.999537 
Lrnr_ranger_500_TRUE_none_1_12 
                      1.972042 
 Lrnr_ranger_500_TRUE_none_1_8 Lrnr_ranger_500_TRUE_none_1_10 
                      1.374690                       1.375733 
Lrnr_ranger_500_TRUE_none_1_12 
                      1.382171 
 Lrnr_ranger_500_TRUE_none_1_8 Lrnr_ranger_500_TRUE_none_1_10 
                     0.1516982                      0.1532262 
Lrnr_ranger_500_TRUE_none_1_12 
                     0.1523013 
[1] "done"
NULL
NULL
NULL
[1] "done"
[1] "all"
[1] -0.2685957 -0.2668314
[1] "iter: 9"
[1] 672  25
 Lrnr_ranger_500_TRUE_none_1_8 Lrnr_ranger_500_TRUE_none_1_10 
                      145.0983                       138.0399 
Lrnr_ranger_500_TRUE_none_1_12 
                      136.1578 
 Lrnr_ranger_500_TRUE_none_1_8 Lrnr_ranger_500_TRUE_none_1_10 
                      1.009286                       1.008196 
Lrnr_ranger_500_TRUE_none_1_12 
                      1.005037 
 Lrnr_ranger_500_TRUE_none_1_8 Lrnr_ranger_500_TRUE_none_1_10 
                     0.1514097                      0.1511575 
Lrnr_ranger_500_TRUE_none_1_12 
                     0.1510266 
[1] "done"
NULL
NULL
NULL
[1] "done"
[1] "all"
[1] 6.272018 6.582314
[1] "iter: 10"
[1] 672  25
 Lrnr_ranger_500_TRUE_none_1_8 Lrnr_ranger_500_TRUE_none_1_10 
                      21.50114                       19.39858 
Lrnr_ranger_500_TRUE_none_1_12 
                      19.09926 
 Lrnr_ranger_500_TRUE_none_1_8 Lrnr_ranger_500_TRUE_none_1_10 
                     0.9351265                      0.9513498 
Lrnr_ranger_500_TRUE_none_1_12 
                     0.9340880 
 Lrnr_ranger_500_TRUE_none_1_8 Lrnr_ranger_500_TRUE_none_1_10 
                     0.1449321                      0.1451416 
Lrnr_ranger_500_TRUE_none_1_12 
                     0.1443386 
[1] "done"
NULL
NULL
NULL
[1] "done"
[1] "all"
[1] 0.5942374 0.6473850
[1] "iter: 11"
[1] 672  25
 Lrnr_ranger_500_TRUE_none_1_8 Lrnr_ranger_500_TRUE_none_1_10 
                      2.512045                       2.434511 
Lrnr_ranger_500_TRUE_none_1_12 
                      2.414622 
 Lrnr_ranger_500_TRUE_none_1_8 Lrnr_ranger_500_TRUE_none_1_10 
                      1.086097                       1.102897 
Lrnr_ranger_500_TRUE_none_1_12 
                      1.094653 
 Lrnr_ranger_500_TRUE_none_1_8 Lrnr_ranger_500_TRUE_none_1_10 
                     0.1510042                      0.1518413 
Lrnr_ranger_500_TRUE_none_1_12 
                     0.1521515 
[1] "done"
NULL
NULL
NULL
[1] "done"
[1] "all"
[1] -0.06000292 -0.06883498
[1] "iter: 12"
[1] 672  25
 Lrnr_ranger_500_TRUE_none_1_8 Lrnr_ranger_500_TRUE_none_1_10 
                      7.270708                       7.024384 
Lrnr_ranger_500_TRUE_none_1_12 
                      6.909368 
 Lrnr_ranger_500_TRUE_none_1_8 Lrnr_ranger_500_TRUE_none_1_10 
                      1.309802                       1.292330 
Lrnr_ranger_500_TRUE_none_1_12 
                      1.285542 
 Lrnr_ranger_500_TRUE_none_1_8 Lrnr_ranger_500_TRUE_none_1_10 
                     0.1484203                      0.1481754 
Lrnr_ranger_500_TRUE_none_1_12 
                     0.1493983 
[1] "done"
NULL
NULL
NULL
[1] "done"
[1] "all"
[1] 0.06962170 0.04846018
[1] "iter: 13"
[1] 672  25
 Lrnr_ranger_500_TRUE_none_1_8 Lrnr_ranger_500_TRUE_none_1_10 
                      441.8263                       419.2887 
Lrnr_ranger_500_TRUE_none_1_12 
                      415.8084 
 Lrnr_ranger_500_TRUE_none_1_8 Lrnr_ranger_500_TRUE_none_1_10 
                      1.196852                       1.182919 
Lrnr_ranger_500_TRUE_none_1_12 
                      1.192434 
 Lrnr_ranger_500_TRUE_none_1_8 Lrnr_ranger_500_TRUE_none_1_10 
                     0.1470176                      0.1482635 
Lrnr_ranger_500_TRUE_none_1_12 
                     0.1478312 
[1] "done"
NULL
NULL
NULL
[1] "done"
[1] "all"
[1] 9.608952 9.920500
[1] "iter: 14"
[1] 672  25
 Lrnr_ranger_500_TRUE_none_1_8 Lrnr_ranger_500_TRUE_none_1_10 
                      1.055946                       1.053351 
Lrnr_ranger_500_TRUE_none_1_12 
                      1.053061 
 Lrnr_ranger_500_TRUE_none_1_8 Lrnr_ranger_500_TRUE_none_1_10 
                      1.299290                       1.342347 
Lrnr_ranger_500_TRUE_none_1_12 
                      1.337021 
 Lrnr_ranger_500_TRUE_none_1_8 Lrnr_ranger_500_TRUE_none_1_10 
                     0.1452778                      0.1452327 
Lrnr_ranger_500_TRUE_none_1_12 
                     0.1458906 
[1] "done"
NULL
NULL
NULL
[1] "done"
[1] "all"
[1] -0.1744787 -0.1655469
[1] "iter: 15"
[1] 672  25
 Lrnr_ranger_500_TRUE_none_1_8 Lrnr_ranger_500_TRUE_none_1_10 
                      4.360107                       4.214423 
Lrnr_ranger_500_TRUE_none_1_12 
                      4.072424 
 Lrnr_ranger_500_TRUE_none_1_8 Lrnr_ranger_500_TRUE_none_1_10 
                      1.250116                       1.247004 
Lrnr_ranger_500_TRUE_none_1_12 
                      1.235777 
 Lrnr_ranger_500_TRUE_none_1_8 Lrnr_ranger_500_TRUE_none_1_10 
                     0.1493221                      0.1488972 
Lrnr_ranger_500_TRUE_none_1_12 
                     0.1499753 
[1] "done"
NULL
NULL
NULL
[1] "done"
[1] "all"
[1] 0.0837344 0.1077944
[1] "iter: 16"
[1] 672  25
 Lrnr_ranger_500_TRUE_none_1_8 Lrnr_ranger_500_TRUE_none_1_10 
                      1.670866                       1.654305 
Lrnr_ranger_500_TRUE_none_1_12 
                      1.641843 
 Lrnr_ranger_500_TRUE_none_1_8 Lrnr_ranger_500_TRUE_none_1_10 
                     0.9758388                      0.9760131 
Lrnr_ranger_500_TRUE_none_1_12 
                     0.9847275 
 Lrnr_ranger_500_TRUE_none_1_8 Lrnr_ranger_500_TRUE_none_1_10 
                     0.1525225                      0.1528948 
Lrnr_ranger_500_TRUE_none_1_12 
                     0.1539251 
[1] "done"
NULL
NULL
NULL
[1] "done"
[1] "all"
[1] 0.6699836 0.7043923
[1] "iter: 17"
[1] 672  25
 Lrnr_ranger_500_TRUE_none_1_8 Lrnr_ranger_500_TRUE_none_1_10 
                      9.469371                       8.857003 
Lrnr_ranger_500_TRUE_none_1_12 
                      8.628987 
 Lrnr_ranger_500_TRUE_none_1_8 Lrnr_ranger_500_TRUE_none_1_10 
                      1.055054                       1.051008 
Lrnr_ranger_500_TRUE_none_1_12 
                      1.042136 
 Lrnr_ranger_500_TRUE_none_1_8 Lrnr_ranger_500_TRUE_none_1_10 
                     0.1483988                      0.1499828 
Lrnr_ranger_500_TRUE_none_1_12 
                     0.1494512 
[1] "done"
NULL
NULL
NULL
[1] "done"
[1] "all"
[1] -0.2955383 -0.3103064
[1] "iter: 18"
[1] 672  25
 Lrnr_ranger_500_TRUE_none_1_8 Lrnr_ranger_500_TRUE_none_1_10 
                      4.179096                       3.903068 
Lrnr_ranger_500_TRUE_none_1_12 
                      3.840910 
 Lrnr_ranger_500_TRUE_none_1_8 Lrnr_ranger_500_TRUE_none_1_10 
                      1.068019                       1.066272 
Lrnr_ranger_500_TRUE_none_1_12 
                      1.075257 
 Lrnr_ranger_500_TRUE_none_1_8 Lrnr_ranger_500_TRUE_none_1_10 
                     0.1538036                      0.1552973 
Lrnr_ranger_500_TRUE_none_1_12 
                     0.1554173 
[1] "done"
NULL
NULL
NULL
[1] "done"
[1] "all"
[1] -0.4002059 -0.3911290
[1] "iter: 19"
[1] 672  25
 Lrnr_ranger_500_TRUE_none_1_8 Lrnr_ranger_500_TRUE_none_1_10 
                      4.281998                       4.086728 
Lrnr_ranger_500_TRUE_none_1_12 
                      3.950983 
 Lrnr_ranger_500_TRUE_none_1_8 Lrnr_ranger_500_TRUE_none_1_10 
                      1.301124                       1.325239 
Lrnr_ranger_500_TRUE_none_1_12 
                      1.309941 
 Lrnr_ranger_500_TRUE_none_1_8 Lrnr_ranger_500_TRUE_none_1_10 
                     0.1530602                      0.1534897 
Lrnr_ranger_500_TRUE_none_1_12 
                     0.1544647 
[1] "done"
NULL
NULL
NULL
[1] "done"
[1] "all"
[1] -0.08693295 -0.09564712
[1] "iter: 20"
[1] 672  25
 Lrnr_ranger_500_TRUE_none_1_8 Lrnr_ranger_500_TRUE_none_1_10 
                      1.462281                       1.440999 
Lrnr_ranger_500_TRUE_none_1_12 
                      1.450663 
 Lrnr_ranger_500_TRUE_none_1_8 Lrnr_ranger_500_TRUE_none_1_10 
                     0.8580163                      0.8659947 
Lrnr_ranger_500_TRUE_none_1_12 
                     0.8504601 
 Lrnr_ranger_500_TRUE_none_1_8 Lrnr_ranger_500_TRUE_none_1_10 
                     0.1462120                      0.1471103 
Lrnr_ranger_500_TRUE_none_1_12 
                     0.1478103 
[1] "done"
NULL
NULL
NULL
[1] "done"
[1] "all"
[1] 0.09920899 0.14427344
[1] "iter: 21"
[1] 672  25
 Lrnr_ranger_500_TRUE_none_1_8 Lrnr_ranger_500_TRUE_none_1_10 
                      24.21287                       22.86373 
Lrnr_ranger_500_TRUE_none_1_12 
                      22.81204 
 Lrnr_ranger_500_TRUE_none_1_8 Lrnr_ranger_500_TRUE_none_1_10 
                      1.232127                       1.211916 
Lrnr_ranger_500_TRUE_none_1_12 
                      1.222154 
 Lrnr_ranger_500_TRUE_none_1_8 Lrnr_ranger_500_TRUE_none_1_10 
                     0.1520034                      0.1533580 
Lrnr_ranger_500_TRUE_none_1_12 
                     0.1548850 
[1] "done"
NULL
NULL
NULL
[1] "done"
[1] "all"
[1] -1.293688 -1.361279
[1] "iter: 22"
[1] 672  25
 Lrnr_ranger_500_TRUE_none_1_8 Lrnr_ranger_500_TRUE_none_1_10 
                      1.415069                       1.401453 
Lrnr_ranger_500_TRUE_none_1_12 
                      1.409424 
 Lrnr_ranger_500_TRUE_none_1_8 Lrnr_ranger_500_TRUE_none_1_10 
                      1.328591                       1.359312 
Lrnr_ranger_500_TRUE_none_1_12 
                      1.342479 
 Lrnr_ranger_500_TRUE_none_1_8 Lrnr_ranger_500_TRUE_none_1_10 
                     0.1456434                      0.1460961 
Lrnr_ranger_500_TRUE_none_1_12 
                     0.1466830 
[1] "done"
NULL
NULL
NULL
[1] "done"
[1] "all"
[1] 0.11309240 0.08075798
[1] "iter: 23"
[1] 672  25
 Lrnr_ranger_500_TRUE_none_1_8 Lrnr_ranger_500_TRUE_none_1_10 
                      4.946347                       4.735776 
Lrnr_ranger_500_TRUE_none_1_12 
                      4.686677 
 Lrnr_ranger_500_TRUE_none_1_8 Lrnr_ranger_500_TRUE_none_1_10 
                      1.364923                       1.353102 
Lrnr_ranger_500_TRUE_none_1_12 
                      1.368851 
 Lrnr_ranger_500_TRUE_none_1_8 Lrnr_ranger_500_TRUE_none_1_10 
                     0.1480027                      0.1482017 
Lrnr_ranger_500_TRUE_none_1_12 
                     0.1495663 
[1] "done"
NULL
NULL
NULL
[1] "done"
[1] "all"
[1] 0.3526110 0.4024935
[1] "iter: 24"
[1] 672  25
 Lrnr_ranger_500_TRUE_none_1_8 Lrnr_ranger_500_TRUE_none_1_10 
                      12.34974                       11.71098 
Lrnr_ranger_500_TRUE_none_1_12 
                      11.66255 
 Lrnr_ranger_500_TRUE_none_1_8 Lrnr_ranger_500_TRUE_none_1_10 
                      1.327309                       1.323020 
Lrnr_ranger_500_TRUE_none_1_12 
                      1.334344 
 Lrnr_ranger_500_TRUE_none_1_8 Lrnr_ranger_500_TRUE_none_1_10 
                     0.1491386                      0.1491725 
Lrnr_ranger_500_TRUE_none_1_12 
                     0.1500214 
[1] "done"
NULL
NULL
NULL
[1] "done"
[1] "all"
[1] -0.03984452 -0.10984951
[1] "iter: 25"
[1] 672  25
 Lrnr_ranger_500_TRUE_none_1_8 Lrnr_ranger_500_TRUE_none_1_10 
                      3.320907                       3.225527 
Lrnr_ranger_500_TRUE_none_1_12 
                      3.136991 
 Lrnr_ranger_500_TRUE_none_1_8 Lrnr_ranger_500_TRUE_none_1_10 
                      1.059841                       1.072056 
Lrnr_ranger_500_TRUE_none_1_12 
                      1.057656 
 Lrnr_ranger_500_TRUE_none_1_8 Lrnr_ranger_500_TRUE_none_1_10 
                     0.1485937                      0.1499641 
Lrnr_ranger_500_TRUE_none_1_12 
                     0.1501570 
[1] "done"
NULL
NULL
NULL
[1] "done"
[1] "all"
[1] 0.8698213 0.8592115
[1] "iter: 26"
[1] 672  25
 Lrnr_ranger_500_TRUE_none_1_8 Lrnr_ranger_500_TRUE_none_1_10 
                      76.76473                       72.91834 
Lrnr_ranger_500_TRUE_none_1_12 
                      72.18062 
 Lrnr_ranger_500_TRUE_none_1_8 Lrnr_ranger_500_TRUE_none_1_10 
                      1.192550                       1.211793 
Lrnr_ranger_500_TRUE_none_1_12 
                      1.192931 
 Lrnr_ranger_500_TRUE_none_1_8 Lrnr_ranger_500_TRUE_none_1_10 
                     0.1414570                      0.1418173 
Lrnr_ranger_500_TRUE_none_1_12 
                     0.1425499 
[1] "done"
NULL
NULL
NULL
[1] "done"
[1] "all"
[1] 0.5325150 0.4505277
[1] "iter: 27"
[1] 672  25
 Lrnr_ranger_500_TRUE_none_1_8 Lrnr_ranger_500_TRUE_none_1_10 
                      1.822742                       1.786825 
Lrnr_ranger_500_TRUE_none_1_12 
                      1.745398 
 Lrnr_ranger_500_TRUE_none_1_8 Lrnr_ranger_500_TRUE_none_1_10 
                     1.0023108                      1.0148433 
Lrnr_ranger_500_TRUE_none_1_12 
                     0.9898658 
 Lrnr_ranger_500_TRUE_none_1_8 Lrnr_ranger_500_TRUE_none_1_10 
                     0.1488100                      0.1497793 
Lrnr_ranger_500_TRUE_none_1_12 
                     0.1507804 
[1] "done"
NULL
NULL
NULL
[1] "done"
[1] "all"
[1] -0.1388005 -0.1684485
[1] "iter: 28"
[1] 672  25
 Lrnr_ranger_500_TRUE_none_1_8 Lrnr_ranger_500_TRUE_none_1_10 
                      647.8338                       613.7213 
Lrnr_ranger_500_TRUE_none_1_12 
                      606.9610 
 Lrnr_ranger_500_TRUE_none_1_8 Lrnr_ranger_500_TRUE_none_1_10 
                      1.200630                       1.221784 
Lrnr_ranger_500_TRUE_none_1_12 
                      1.211686 
 Lrnr_ranger_500_TRUE_none_1_8 Lrnr_ranger_500_TRUE_none_1_10 
                     0.1490111                      0.1503563 
Lrnr_ranger_500_TRUE_none_1_12 
                     0.1501230 
[1] "done"
NULL
NULL
NULL
[1] "done"
[1] "all"
[1] 7.540541 8.104765
[1] "iter: 29"
[1] 672  25
 Lrnr_ranger_500_TRUE_none_1_8 Lrnr_ranger_500_TRUE_none_1_10 
                      3.182080                       3.001253 
Lrnr_ranger_500_TRUE_none_1_12 
                      2.999454 
 Lrnr_ranger_500_TRUE_none_1_8 Lrnr_ranger_500_TRUE_none_1_10 
                      1.215638                       1.225774 
Lrnr_ranger_500_TRUE_none_1_12 
                      1.222586 
 Lrnr_ranger_500_TRUE_none_1_8 Lrnr_ranger_500_TRUE_none_1_10 
                     0.1531980                      0.1536982 
Lrnr_ranger_500_TRUE_none_1_12 
                     0.1543552 
[1] "done"
NULL
NULL
NULL
[1] "done"
[1] "all"
[1] -0.1870730 -0.1926527
[1] "iter: 30"
[1] 672  25
 Lrnr_ranger_500_TRUE_none_1_8 Lrnr_ranger_500_TRUE_none_1_10 
                      4.449736                       4.319840 
Lrnr_ranger_500_TRUE_none_1_12 
                      4.221856 
 Lrnr_ranger_500_TRUE_none_1_8 Lrnr_ranger_500_TRUE_none_1_10 
                     0.9500151                      0.9549835 
Lrnr_ranger_500_TRUE_none_1_12 
                     0.9530615 
 Lrnr_ranger_500_TRUE_none_1_8 Lrnr_ranger_500_TRUE_none_1_10 
                     0.1500700                      0.1505295 
Lrnr_ranger_500_TRUE_none_1_12 
                     0.1507532 
[1] "done"
NULL
NULL
NULL
[1] "done"
[1] "all"
[1] 0.3293596 0.3612328
[1] "iter: 31"
[1] 672  25
 Lrnr_ranger_500_TRUE_none_1_8 Lrnr_ranger_500_TRUE_none_1_10 
                      3.727928                       3.529634 
Lrnr_ranger_500_TRUE_none_1_12 
                      3.467681 
 Lrnr_ranger_500_TRUE_none_1_8 Lrnr_ranger_500_TRUE_none_1_10 
                     0.9792224                      0.9834243 
Lrnr_ranger_500_TRUE_none_1_12 
                     0.9737813 
 Lrnr_ranger_500_TRUE_none_1_8 Lrnr_ranger_500_TRUE_none_1_10 
                     0.1485959                      0.1492176 
Lrnr_ranger_500_TRUE_none_1_12 
                     0.1493579 
[1] "done"
NULL
NULL
NULL
[1] "done"
[1] "all"
[1] 0.3737376 0.4068358
[1] "iter: 32"
[1] 672  25
 Lrnr_ranger_500_TRUE_none_1_8 Lrnr_ranger_500_TRUE_none_1_10 
                      1.056951                       1.059571 
Lrnr_ranger_500_TRUE_none_1_12 
                      1.055108 
 Lrnr_ranger_500_TRUE_none_1_8 Lrnr_ranger_500_TRUE_none_1_10 
                      1.018385                       1.019843 
Lrnr_ranger_500_TRUE_none_1_12 
                      1.023309 
 Lrnr_ranger_500_TRUE_none_1_8 Lrnr_ranger_500_TRUE_none_1_10 
                     0.1510632                      0.1515473 
Lrnr_ranger_500_TRUE_none_1_12 
                     0.1536571 
[1] "done"
NULL
NULL
NULL
[1] "done"
[1] "all"
[1] 0.02346701 0.02676518
[1] "iter: 33"
[1] 672  25
 Lrnr_ranger_500_TRUE_none_1_8 Lrnr_ranger_500_TRUE_none_1_10 
                      4.918188                       4.680798 
Lrnr_ranger_500_TRUE_none_1_12 
                      4.644638 
 Lrnr_ranger_500_TRUE_none_1_8 Lrnr_ranger_500_TRUE_none_1_10 
                      1.060589                       1.063831 
Lrnr_ranger_500_TRUE_none_1_12 
                      1.067691 
 Lrnr_ranger_500_TRUE_none_1_8 Lrnr_ranger_500_TRUE_none_1_10 
                     0.1457076                      0.1467991 
Lrnr_ranger_500_TRUE_none_1_12 
                     0.1468680 
[1] "done"
NULL
NULL
NULL
[1] "done"
[1] "all"
[1] 0.1558977 0.1626248
[1] "iter: 34"
[1] 672  25
 Lrnr_ranger_500_TRUE_none_1_8 Lrnr_ranger_500_TRUE_none_1_10 
                      432.1443                       418.6964 
Lrnr_ranger_500_TRUE_none_1_12 
                      412.7931 
 Lrnr_ranger_500_TRUE_none_1_8 Lrnr_ranger_500_TRUE_none_1_10 
                      1.289441                       1.289075 
Lrnr_ranger_500_TRUE_none_1_12 
                      1.303448 
 Lrnr_ranger_500_TRUE_none_1_8 Lrnr_ranger_500_TRUE_none_1_10 
                     0.1461550                      0.1475715 
Lrnr_ranger_500_TRUE_none_1_12 
                     0.1479497 
[1] "done"
NULL
NULL
NULL
[1] "done"
[1] "all"
[1] 2.924107 3.254114
[1] "iter: 35"
[1] 672  25
 Lrnr_ranger_500_TRUE_none_1_8 Lrnr_ranger_500_TRUE_none_1_10 
                      12.26903                       11.58300 
Lrnr_ranger_500_TRUE_none_1_12 
                      11.42118 
 Lrnr_ranger_500_TRUE_none_1_8 Lrnr_ranger_500_TRUE_none_1_10 
                      1.253925                       1.265959 
Lrnr_ranger_500_TRUE_none_1_12 
                      1.254501 
 Lrnr_ranger_500_TRUE_none_1_8 Lrnr_ranger_500_TRUE_none_1_10 
                     0.1502525                      0.1507915 
Lrnr_ranger_500_TRUE_none_1_12 
                     0.1526310 
[1] "done"
NULL
NULL
NULL
[1] "done"
[1] "all"
[1] -0.2219215 -0.2270086
[1] "iter: 36"
[1] 672  25
 Lrnr_ranger_500_TRUE_none_1_8 Lrnr_ranger_500_TRUE_none_1_10 
                      7.628241                       7.023547 
Lrnr_ranger_500_TRUE_none_1_12 
                      6.828399 
 Lrnr_ranger_500_TRUE_none_1_8 Lrnr_ranger_500_TRUE_none_1_10 
                     0.9991409                      1.0055955 
Lrnr_ranger_500_TRUE_none_1_12 
                     1.0070574 
 Lrnr_ranger_500_TRUE_none_1_8 Lrnr_ranger_500_TRUE_none_1_10 
                     0.1496744                      0.1509905 
Lrnr_ranger_500_TRUE_none_1_12 
                     0.1514551 
[1] "done"
NULL
NULL
NULL
[1] "done"
[1] "all"
[1] 0.7984230 0.8582113
[1] "iter: 37"
[1] 672  25
 Lrnr_ranger_500_TRUE_none_1_8 Lrnr_ranger_500_TRUE_none_1_10 
                      22.94382                       21.73757 
Lrnr_ranger_500_TRUE_none_1_12 
                      21.24586 
 Lrnr_ranger_500_TRUE_none_1_8 Lrnr_ranger_500_TRUE_none_1_10 
                      1.021685                       1.059705 
Lrnr_ranger_500_TRUE_none_1_12 
                      1.040323 
 Lrnr_ranger_500_TRUE_none_1_8 Lrnr_ranger_500_TRUE_none_1_10 
                     0.1487941                      0.1502323 
Lrnr_ranger_500_TRUE_none_1_12 
                     0.1504574 
[1] "done"
NULL
NULL
NULL
[1] "done"
[1] "all"
[1] -0.6779744 -0.6857690
[1] "iter: 38"
[1] 672  25
 Lrnr_ranger_500_TRUE_none_1_8 Lrnr_ranger_500_TRUE_none_1_10 
                      4.404545                       4.227353 
Lrnr_ranger_500_TRUE_none_1_12 
                      4.119552 
 Lrnr_ranger_500_TRUE_none_1_8 Lrnr_ranger_500_TRUE_none_1_10 
                      1.202193                       1.192277 
Lrnr_ranger_500_TRUE_none_1_12 
                      1.196327 
 Lrnr_ranger_500_TRUE_none_1_8 Lrnr_ranger_500_TRUE_none_1_10 
                     0.1485065                      0.1486615 
Lrnr_ranger_500_TRUE_none_1_12 
                     0.1494120 
[1] "done"
NULL
NULL
NULL
[1] "done"
[1] "all"
[1] 0.1951092 0.2098655
[1] "iter: 39"
[1] 672  25
 Lrnr_ranger_500_TRUE_none_1_8 Lrnr_ranger_500_TRUE_none_1_10 
                      21.50350                       20.07448 
Lrnr_ranger_500_TRUE_none_1_12 
                      19.82284 
 Lrnr_ranger_500_TRUE_none_1_8 Lrnr_ranger_500_TRUE_none_1_10 
                     0.9463038                      0.9474945 
Lrnr_ranger_500_TRUE_none_1_12 
                     0.9470572 
 Lrnr_ranger_500_TRUE_none_1_8 Lrnr_ranger_500_TRUE_none_1_10 
                     0.1513874                      0.1518270 
Lrnr_ranger_500_TRUE_none_1_12 
                     0.1527363 
[1] "done"
NULL
NULL
NULL
[1] "done"
[1] "all"
[1] 2.021423 2.152488
[1] "iter: 40"
[1] 672  25
 Lrnr_ranger_500_TRUE_none_1_8 Lrnr_ranger_500_TRUE_none_1_10 
                      6.732927                       6.439121 
Lrnr_ranger_500_TRUE_none_1_12 
                      6.403152 
 Lrnr_ranger_500_TRUE_none_1_8 Lrnr_ranger_500_TRUE_none_1_10 
                      1.076350                       1.089913 
Lrnr_ranger_500_TRUE_none_1_12 
                      1.083366 
 Lrnr_ranger_500_TRUE_none_1_8 Lrnr_ranger_500_TRUE_none_1_10 
                     0.1478435                      0.1491012 
Lrnr_ranger_500_TRUE_none_1_12 
                     0.1494484 
[1] "done"
NULL
NULL
NULL
[1] "done"
[1] "all"
[1] 0.2063808 0.2224161
[1] "iter: 41"
[1] 672  25
 Lrnr_ranger_500_TRUE_none_1_8 Lrnr_ranger_500_TRUE_none_1_10 
                      1.352375                       1.338752 
Lrnr_ranger_500_TRUE_none_1_12 
                      1.322308 
 Lrnr_ranger_500_TRUE_none_1_8 Lrnr_ranger_500_TRUE_none_1_10 
                      1.238774                       1.240709 
Lrnr_ranger_500_TRUE_none_1_12 
                      1.258557 
 Lrnr_ranger_500_TRUE_none_1_8 Lrnr_ranger_500_TRUE_none_1_10 
                     0.1479171                      0.1493007 
Lrnr_ranger_500_TRUE_none_1_12 
                     0.1493732 
[1] "done"
NULL
NULL
NULL
[1] "done"
[1] "all"
[1] 0.3296190 0.3217587
[1] "iter: 42"
[1] 672  25
 Lrnr_ranger_500_TRUE_none_1_8 Lrnr_ranger_500_TRUE_none_1_10 
                      1.344300                       1.350424 
Lrnr_ranger_500_TRUE_none_1_12 
                      1.360283 
 Lrnr_ranger_500_TRUE_none_1_8 Lrnr_ranger_500_TRUE_none_1_10 
                      1.071990                       1.058839 
Lrnr_ranger_500_TRUE_none_1_12 
                      1.069965 
 Lrnr_ranger_500_TRUE_none_1_8 Lrnr_ranger_500_TRUE_none_1_10 
                     0.1559790                      0.1572205 
Lrnr_ranger_500_TRUE_none_1_12 
                     0.1572307 
[1] "done"
NULL
NULL
NULL
[1] "done"
[1] "all"
[1] 0.02672928 0.04354272
[1] "iter: 43"
[1] 672  25
 Lrnr_ranger_500_TRUE_none_1_8 Lrnr_ranger_500_TRUE_none_1_10 
                      2.081989                       2.033874 
Lrnr_ranger_500_TRUE_none_1_12 
                      2.044285 
 Lrnr_ranger_500_TRUE_none_1_8 Lrnr_ranger_500_TRUE_none_1_10 
                      1.187732                       1.206053 
Lrnr_ranger_500_TRUE_none_1_12 
                      1.211454 
 Lrnr_ranger_500_TRUE_none_1_8 Lrnr_ranger_500_TRUE_none_1_10 
                     0.1456862                      0.1463302 
Lrnr_ranger_500_TRUE_none_1_12 
                     0.1472176 
[1] "done"
NULL
NULL
NULL
[1] "done"
[1] "all"
[1] 0.5680054 0.5585552
[1] "iter: 44"
[1] 672  25
 Lrnr_ranger_500_TRUE_none_1_8 Lrnr_ranger_500_TRUE_none_1_10 
                      2.160894                       2.109677 
Lrnr_ranger_500_TRUE_none_1_12 
                      2.103199 
 Lrnr_ranger_500_TRUE_none_1_8 Lrnr_ranger_500_TRUE_none_1_10 
                     0.9413356                      0.9398950 
Lrnr_ranger_500_TRUE_none_1_12 
                     0.9518051 
 Lrnr_ranger_500_TRUE_none_1_8 Lrnr_ranger_500_TRUE_none_1_10 
                     0.1507910                      0.1517246 
Lrnr_ranger_500_TRUE_none_1_12 
                     0.1524293 
[1] "done"
NULL
NULL
NULL
[1] "done"
[1] "all"
[1] -0.07822824 -0.05684620
[1] "iter: 45"
[1] 672  25
 Lrnr_ranger_500_TRUE_none_1_8 Lrnr_ranger_500_TRUE_none_1_10 
                      5.750296                       5.244027 
Lrnr_ranger_500_TRUE_none_1_12 
                      5.233294 
 Lrnr_ranger_500_TRUE_none_1_8 Lrnr_ranger_500_TRUE_none_1_10 
                      1.169464                       1.166940 
Lrnr_ranger_500_TRUE_none_1_12 
                      1.164657 
 Lrnr_ranger_500_TRUE_none_1_8 Lrnr_ranger_500_TRUE_none_1_10 
                     0.1432603                      0.1434112 
Lrnr_ranger_500_TRUE_none_1_12 
                     0.1444107 
[1] "done"
NULL
NULL
NULL
[1] "done"
[1] "all"
[1] -0.6301912 -0.6708321
[1] "iter: 46"
[1] 672  25
 Lrnr_ranger_500_TRUE_none_1_8 Lrnr_ranger_500_TRUE_none_1_10 
                      4.675059                       4.380313 
Lrnr_ranger_500_TRUE_none_1_12 
                      4.306169 
 Lrnr_ranger_500_TRUE_none_1_8 Lrnr_ranger_500_TRUE_none_1_10 
                     0.9175527                      0.9232891 
Lrnr_ranger_500_TRUE_none_1_12 
                     0.9218513 
 Lrnr_ranger_500_TRUE_none_1_8 Lrnr_ranger_500_TRUE_none_1_10 
                     0.1558726                      0.1564345 
Lrnr_ranger_500_TRUE_none_1_12 
                     0.1560836 
[1] "done"
NULL
NULL
NULL
[1] "done"
[1] "all"
[1] 0.8342924 0.9036189
[1] "iter: 47"
[1] 672  25
 Lrnr_ranger_500_TRUE_none_1_8 Lrnr_ranger_500_TRUE_none_1_10 
                      7.190048                       6.761140 
Lrnr_ranger_500_TRUE_none_1_12 
                      6.653980 
 Lrnr_ranger_500_TRUE_none_1_8 Lrnr_ranger_500_TRUE_none_1_10 
                      1.059986                       1.070648 
Lrnr_ranger_500_TRUE_none_1_12 
                      1.081416 
 Lrnr_ranger_500_TRUE_none_1_8 Lrnr_ranger_500_TRUE_none_1_10 
                     0.1491903                      0.1496820 
Lrnr_ranger_500_TRUE_none_1_12 
                     0.1499233 
[1] "done"
NULL
NULL
NULL
[1] "done"
[1] "all"
[1] 1.099396 1.111323
[1] "iter: 48"
[1] 672  25
 Lrnr_ranger_500_TRUE_none_1_8 Lrnr_ranger_500_TRUE_none_1_10 
                      1.585188                       1.564364 
Lrnr_ranger_500_TRUE_none_1_12 
                      1.540543 
 Lrnr_ranger_500_TRUE_none_1_8 Lrnr_ranger_500_TRUE_none_1_10 
                     0.9920026                      0.9849999 
Lrnr_ranger_500_TRUE_none_1_12 
                     0.9714558 
 Lrnr_ranger_500_TRUE_none_1_8 Lrnr_ranger_500_TRUE_none_1_10 
                     0.1399499                      0.1403847 
Lrnr_ranger_500_TRUE_none_1_12 
                     0.1401993 
[1] "done"
NULL
NULL
NULL
[1] "done"
[1] "all"
[1] -0.1993780 -0.2125924
[1] "iter: 49"
[1] 672  25
 Lrnr_ranger_500_TRUE_none_1_8 Lrnr_ranger_500_TRUE_none_1_10 
                      4.842185                       4.475578 
Lrnr_ranger_500_TRUE_none_1_12 
                      4.407722 
 Lrnr_ranger_500_TRUE_none_1_8 Lrnr_ranger_500_TRUE_none_1_10 
                      1.067572                       1.081192 
Lrnr_ranger_500_TRUE_none_1_12 
                      1.087701 
 Lrnr_ranger_500_TRUE_none_1_8 Lrnr_ranger_500_TRUE_none_1_10 
                     0.1477202                      0.1484471 
Lrnr_ranger_500_TRUE_none_1_12 
                     0.1489510 
[1] "done"
NULL
NULL
NULL
[1] "done"
[1] "all"
[1] 0.4100801 0.3807072
[1] "iter: 50"
[1] 672  25
 Lrnr_ranger_500_TRUE_none_1_8 Lrnr_ranger_500_TRUE_none_1_10 
                      2.747490                       2.713469 
Lrnr_ranger_500_TRUE_none_1_12 
                      2.656380 
 Lrnr_ranger_500_TRUE_none_1_8 Lrnr_ranger_500_TRUE_none_1_10 
                      1.032171                       1.036219 
Lrnr_ranger_500_TRUE_none_1_12 
                      1.030664 
 Lrnr_ranger_500_TRUE_none_1_8 Lrnr_ranger_500_TRUE_none_1_10 
                     0.1517060                      0.1523620 
Lrnr_ranger_500_TRUE_none_1_12 
                     0.1531435 
[1] "done"
NULL
NULL
NULL
[1] "done"
[1] "all"
[1] -0.2530440 -0.2315164
[1] "iter: 51"
[1] 672  25
 Lrnr_ranger_500_TRUE_none_1_8 Lrnr_ranger_500_TRUE_none_1_10 
                      1.525845                       1.490644 
Lrnr_ranger_500_TRUE_none_1_12 
                      1.455985 
 Lrnr_ranger_500_TRUE_none_1_8 Lrnr_ranger_500_TRUE_none_1_10 
                     0.8576572                      0.8398469 
Lrnr_ranger_500_TRUE_none_1_12 
                     0.8466877 
 Lrnr_ranger_500_TRUE_none_1_8 Lrnr_ranger_500_TRUE_none_1_10 
                     0.1491730                      0.1493676 
Lrnr_ranger_500_TRUE_none_1_12 
                     0.1500431 
[1] "done"
NULL
NULL
NULL
[1] "done"
[1] "all"
[1] 0.4717803 0.4667550
[1] "iter: 52"
[1] 672  25
 Lrnr_ranger_500_TRUE_none_1_8 Lrnr_ranger_500_TRUE_none_1_10 
                      5.080044                       4.751940 
Lrnr_ranger_500_TRUE_none_1_12 
                      4.635851 
 Lrnr_ranger_500_TRUE_none_1_8 Lrnr_ranger_500_TRUE_none_1_10 
                      1.007597                       1.030125 
Lrnr_ranger_500_TRUE_none_1_12 
                      1.012712 
 Lrnr_ranger_500_TRUE_none_1_8 Lrnr_ranger_500_TRUE_none_1_10 
                     0.1498043                      0.1500601 
Lrnr_ranger_500_TRUE_none_1_12 
                     0.1515878 
[1] "done"
NULL
NULL
NULL
[1] "done"
[1] "all"
[1] 0.07786519 0.11731887
[1] "iter: 53"
[1] 672  25
 Lrnr_ranger_500_TRUE_none_1_8 Lrnr_ranger_500_TRUE_none_1_10 
                      46.37074                       44.13475 
Lrnr_ranger_500_TRUE_none_1_12 
                      43.77669 
 Lrnr_ranger_500_TRUE_none_1_8 Lrnr_ranger_500_TRUE_none_1_10 
                      1.247165                       1.252578 
Lrnr_ranger_500_TRUE_none_1_12 
                      1.265807 
 Lrnr_ranger_500_TRUE_none_1_8 Lrnr_ranger_500_TRUE_none_1_10 
                     0.1488911                      0.1510269 
Lrnr_ranger_500_TRUE_none_1_12 
                     0.1499020 
[1] "done"
NULL
NULL
NULL
[1] "done"
[1] "all"
[1] 1.911739 1.968643
[1] "iter: 54"
[1] 672  25
 Lrnr_ranger_500_TRUE_none_1_8 Lrnr_ranger_500_TRUE_none_1_10 
                      17.61517                       16.75780 
Lrnr_ranger_500_TRUE_none_1_12 
                      16.77288 
 Lrnr_ranger_500_TRUE_none_1_8 Lrnr_ranger_500_TRUE_none_1_10 
                      1.194823                       1.203265 
Lrnr_ranger_500_TRUE_none_1_12 
                      1.209006 
 Lrnr_ranger_500_TRUE_none_1_8 Lrnr_ranger_500_TRUE_none_1_10 
                     0.1489141                      0.1500920 
Lrnr_ranger_500_TRUE_none_1_12 
                     0.1499055 
[1] "done"
NULL
NULL
NULL
[1] "done"
[1] "all"
[1] 0.5207101 0.5432009
[1] "iter: 55"
[1] 672  25
 Lrnr_ranger_500_TRUE_none_1_8 Lrnr_ranger_500_TRUE_none_1_10 
                      1.688537                       1.669338 
Lrnr_ranger_500_TRUE_none_1_12 
                      1.661531 
 Lrnr_ranger_500_TRUE_none_1_8 Lrnr_ranger_500_TRUE_none_1_10 
                      1.282570                       1.272346 
Lrnr_ranger_500_TRUE_none_1_12 
                      1.277545 
 Lrnr_ranger_500_TRUE_none_1_8 Lrnr_ranger_500_TRUE_none_1_10 
                     0.1511217                      0.1523473 
Lrnr_ranger_500_TRUE_none_1_12 
                     0.1530083 
[1] "done"
NULL
NULL
NULL
[1] "done"
[1] "all"
[1] -0.3536355 -0.3449657
[1] "iter: 56"
[1] 672  25
 Lrnr_ranger_500_TRUE_none_1_8 Lrnr_ranger_500_TRUE_none_1_10 
                      1.039818                       1.047992 
Lrnr_ranger_500_TRUE_none_1_12 
                      1.040830 
 Lrnr_ranger_500_TRUE_none_1_8 Lrnr_ranger_500_TRUE_none_1_10 
                      1.124236                       1.132675 
Lrnr_ranger_500_TRUE_none_1_12 
                      1.125375 
 Lrnr_ranger_500_TRUE_none_1_8 Lrnr_ranger_500_TRUE_none_1_10 
                     0.1480872                      0.1491320 
Lrnr_ranger_500_TRUE_none_1_12 
                     0.1485910 
[1] "done"
NULL
NULL
NULL
[1] "done"
[1] "all"
[1] -0.04756034 -0.06141115
[1] "iter: 57"
[1] 672  25
 Lrnr_ranger_500_TRUE_none_1_8 Lrnr_ranger_500_TRUE_none_1_10 
                      1.185390                       1.178053 
Lrnr_ranger_500_TRUE_none_1_12 
                      1.177821 
 Lrnr_ranger_500_TRUE_none_1_8 Lrnr_ranger_500_TRUE_none_1_10 
                     0.8904385                      0.8986988 
Lrnr_ranger_500_TRUE_none_1_12 
                     0.8859981 
 Lrnr_ranger_500_TRUE_none_1_8 Lrnr_ranger_500_TRUE_none_1_10 
                     0.1473689                      0.1490934 
Lrnr_ranger_500_TRUE_none_1_12 
                     0.1493243 
[1] "done"
NULL
NULL
NULL
[1] "done"
[1] "all"
[1] 0.2248025 0.2033512
[1] "iter: 58"
[1] 672  25
 Lrnr_ranger_500_TRUE_none_1_8 Lrnr_ranger_500_TRUE_none_1_10 
                      3.614454                       3.403510 
Lrnr_ranger_500_TRUE_none_1_12 
                      3.297459 
 Lrnr_ranger_500_TRUE_none_1_8 Lrnr_ranger_500_TRUE_none_1_10 
                     0.9990783                      1.0229988 
Lrnr_ranger_500_TRUE_none_1_12 
                     1.0006811 
 Lrnr_ranger_500_TRUE_none_1_8 Lrnr_ranger_500_TRUE_none_1_10 
                     0.1528715                      0.1535362 
Lrnr_ranger_500_TRUE_none_1_12 
                     0.1541286 
[1] "done"
NULL
NULL
NULL
[1] "done"
[1] "all"
[1] 0.2530909 0.3125212
[1] "iter: 59"
[1] 672  25
 Lrnr_ranger_500_TRUE_none_1_8 Lrnr_ranger_500_TRUE_none_1_10 
                      1.479128                       1.480056 
Lrnr_ranger_500_TRUE_none_1_12 
                      1.471737 
 Lrnr_ranger_500_TRUE_none_1_8 Lrnr_ranger_500_TRUE_none_1_10 
                      1.175210                       1.171017 
Lrnr_ranger_500_TRUE_none_1_12 
                      1.173622 
 Lrnr_ranger_500_TRUE_none_1_8 Lrnr_ranger_500_TRUE_none_1_10 
                     0.1477310                      0.1490669 
Lrnr_ranger_500_TRUE_none_1_12 
                     0.1487668 
[1] "done"
NULL
NULL
NULL
[1] "done"
[1] "all"
[1] 0.2361112 0.2454445
[1] "iter: 60"
[1] 672  25
 Lrnr_ranger_500_TRUE_none_1_8 Lrnr_ranger_500_TRUE_none_1_10 
                      40.84006                       38.61091 
Lrnr_ranger_500_TRUE_none_1_12 
                      38.04326 
 Lrnr_ranger_500_TRUE_none_1_8 Lrnr_ranger_500_TRUE_none_1_10 
                      1.215609                       1.218048 
Lrnr_ranger_500_TRUE_none_1_12 
                      1.231852 
 Lrnr_ranger_500_TRUE_none_1_8 Lrnr_ranger_500_TRUE_none_1_10 
                     0.1499722                      0.1517100 
Lrnr_ranger_500_TRUE_none_1_12 
                     0.1515856 
[1] "done"
NULL
NULL
NULL
[1] "done"
[1] "all"
[1] -0.1236860 -0.1453584
[1] "iter: 61"
[1] 672  25
 Lrnr_ranger_500_TRUE_none_1_8 Lrnr_ranger_500_TRUE_none_1_10 
                      1.515996                       1.507799 
Lrnr_ranger_500_TRUE_none_1_12 
                      1.519982 
 Lrnr_ranger_500_TRUE_none_1_8 Lrnr_ranger_500_TRUE_none_1_10 
                      1.139105                       1.135665 
Lrnr_ranger_500_TRUE_none_1_12 
                      1.144213 
 Lrnr_ranger_500_TRUE_none_1_8 Lrnr_ranger_500_TRUE_none_1_10 
                     0.1527056                      0.1539594 
Lrnr_ranger_500_TRUE_none_1_12 
                     0.1547834 
[1] "done"
NULL
NULL
NULL
[1] "done"
[1] "all"
[1] 0.09156708 0.09302509
[1] "iter: 62"
[1] 672  25
 Lrnr_ranger_500_TRUE_none_1_8 Lrnr_ranger_500_TRUE_none_1_10 
                      2.714407                       2.609058 
Lrnr_ranger_500_TRUE_none_1_12 
                      2.578695 
 Lrnr_ranger_500_TRUE_none_1_8 Lrnr_ranger_500_TRUE_none_1_10 
                      1.259422                       1.259378 
Lrnr_ranger_500_TRUE_none_1_12 
                      1.271131 
 Lrnr_ranger_500_TRUE_none_1_8 Lrnr_ranger_500_TRUE_none_1_10 
                     0.1447788                      0.1455838 
Lrnr_ranger_500_TRUE_none_1_12 
                     0.1462738 
[1] "done"
NULL
NULL
NULL
[1] "done"
[1] "all"
[1] -0.03376655 -0.03349451
[1] "iter: 63"
[1] 672  25
 Lrnr_ranger_500_TRUE_none_1_8 Lrnr_ranger_500_TRUE_none_1_10 
                      3.346548                       3.223660 
Lrnr_ranger_500_TRUE_none_1_12 
                      3.212198 
 Lrnr_ranger_500_TRUE_none_1_8 Lrnr_ranger_500_TRUE_none_1_10 
                     0.9160779                      0.9125214 
Lrnr_ranger_500_TRUE_none_1_12 
                     0.9091938 
 Lrnr_ranger_500_TRUE_none_1_8 Lrnr_ranger_500_TRUE_none_1_10 
                     0.1510184                      0.1519461 
Lrnr_ranger_500_TRUE_none_1_12 
                     0.1517215 
[1] "done"
NULL
NULL
NULL
[1] "done"
[1] "all"
[1] 0.5253148 0.5502236
[1] "iter: 64"
[1] 672  25
 Lrnr_ranger_500_TRUE_none_1_8 Lrnr_ranger_500_TRUE_none_1_10 
                      2.722546                       2.626112 
Lrnr_ranger_500_TRUE_none_1_12 
                      2.623575 
 Lrnr_ranger_500_TRUE_none_1_8 Lrnr_ranger_500_TRUE_none_1_10 
                     0.9242356                      0.9236232 
Lrnr_ranger_500_TRUE_none_1_12 
                     0.9267410 
 Lrnr_ranger_500_TRUE_none_1_8 Lrnr_ranger_500_TRUE_none_1_10 
                     0.1492222                      0.1492970 
Lrnr_ranger_500_TRUE_none_1_12 
                     0.1500804 
[1] "done"
NULL
NULL
NULL
[1] "done"
[1] "all"
[1] -0.8092022 -0.8237801
[1] "iter: 65"
[1] 672  25
 Lrnr_ranger_500_TRUE_none_1_8 Lrnr_ranger_500_TRUE_none_1_10 
                      6.201516                       5.923898 
Lrnr_ranger_500_TRUE_none_1_12 
                      5.760967 
 Lrnr_ranger_500_TRUE_none_1_8 Lrnr_ranger_500_TRUE_none_1_10 
                      1.142656                       1.137218 
Lrnr_ranger_500_TRUE_none_1_12 
                      1.134500 
 Lrnr_ranger_500_TRUE_none_1_8 Lrnr_ranger_500_TRUE_none_1_10 
                     0.1529490                      0.1539602 
Lrnr_ranger_500_TRUE_none_1_12 
                     0.1542986 
[1] "done"
NULL
NULL
NULL
[1] "done"
[1] "all"
[1] 0.1804329 0.1690019
[1] "iter: 66"
[1] 672  25
 Lrnr_ranger_500_TRUE_none_1_8 Lrnr_ranger_500_TRUE_none_1_10 
                      1.988670                       1.966257 
Lrnr_ranger_500_TRUE_none_1_12 
                      1.947085 
 Lrnr_ranger_500_TRUE_none_1_8 Lrnr_ranger_500_TRUE_none_1_10 
                      1.095349                       1.118787 
Lrnr_ranger_500_TRUE_none_1_12 
                      1.113054 
 Lrnr_ranger_500_TRUE_none_1_8 Lrnr_ranger_500_TRUE_none_1_10 
                     0.1513002                      0.1525736 
Lrnr_ranger_500_TRUE_none_1_12 
                     0.1531300 
[1] "done"
NULL
NULL
NULL
[1] "done"
[1] "all"
[1] 0.2781166 0.2773639
[1] "iter: 67"
[1] 672  25
 Lrnr_ranger_500_TRUE_none_1_8 Lrnr_ranger_500_TRUE_none_1_10 
                      1.088695                       1.089368 
Lrnr_ranger_500_TRUE_none_1_12 
                      1.099293 
 Lrnr_ranger_500_TRUE_none_1_8 Lrnr_ranger_500_TRUE_none_1_10 
                     0.9940345                      0.9851014 
Lrnr_ranger_500_TRUE_none_1_12 
                     0.9942172 
 Lrnr_ranger_500_TRUE_none_1_8 Lrnr_ranger_500_TRUE_none_1_10 
                     0.1470909                      0.1478397 
Lrnr_ranger_500_TRUE_none_1_12 
                     0.1483730 
[1] "done"
NULL
NULL
NULL
[1] "done"
[1] "all"
[1] 0.1325129 0.1275281
[1] "iter: 68"
[1] 672  25
 Lrnr_ranger_500_TRUE_none_1_8 Lrnr_ranger_500_TRUE_none_1_10 
                      138.6899                       133.8438 
Lrnr_ranger_500_TRUE_none_1_12 
                      131.2389 
 Lrnr_ranger_500_TRUE_none_1_8 Lrnr_ranger_500_TRUE_none_1_10 
                     0.8483686                      0.8356113 
Lrnr_ranger_500_TRUE_none_1_12 
                     0.8444235 
 Lrnr_ranger_500_TRUE_none_1_8 Lrnr_ranger_500_TRUE_none_1_10 
                     0.1506854                      0.1518006 
Lrnr_ranger_500_TRUE_none_1_12 
                     0.1521296 
[1] "done"
NULL
NULL
NULL
[1] "done"
[1] "all"
[1] 5.203066 5.586605
[1] "iter: 69"
[1] 672  25
 Lrnr_ranger_500_TRUE_none_1_8 Lrnr_ranger_500_TRUE_none_1_10 
                      1.335344                       1.308003 
Lrnr_ranger_500_TRUE_none_1_12 
                      1.325517 
 Lrnr_ranger_500_TRUE_none_1_8 Lrnr_ranger_500_TRUE_none_1_10 
                      1.057776                       1.032660 
Lrnr_ranger_500_TRUE_none_1_12 
                      1.041358 
 Lrnr_ranger_500_TRUE_none_1_8 Lrnr_ranger_500_TRUE_none_1_10 
                     0.1520337                      0.1537521 
Lrnr_ranger_500_TRUE_none_1_12 
                     0.1542043 
[1] "done"
NULL
NULL
NULL
[1] "done"
[1] "all"
[1] -0.2189505 -0.2469789
[1] "iter: 70"
[1] 672  25
 Lrnr_ranger_500_TRUE_none_1_8 Lrnr_ranger_500_TRUE_none_1_10 
                      1.061362                       1.071786 
Lrnr_ranger_500_TRUE_none_1_12 
                      1.071165 
 Lrnr_ranger_500_TRUE_none_1_8 Lrnr_ranger_500_TRUE_none_1_10 
                     0.9649907                      0.9699407 
Lrnr_ranger_500_TRUE_none_1_12 
                     0.9608468 
 Lrnr_ranger_500_TRUE_none_1_8 Lrnr_ranger_500_TRUE_none_1_10 
                     0.1511051                      0.1519459 
Lrnr_ranger_500_TRUE_none_1_12 
                     0.1523756 
[1] "done"
NULL
NULL
NULL
[1] "done"
[1] "all"
[1] 0.08533391 0.08076599
[1] "iter: 71"
[1] 672  25
 Lrnr_ranger_500_TRUE_none_1_8 Lrnr_ranger_500_TRUE_none_1_10 
                      20.02197                       19.31019 
Lrnr_ranger_500_TRUE_none_1_12 
                      19.03928 
 Lrnr_ranger_500_TRUE_none_1_8 Lrnr_ranger_500_TRUE_none_1_10 
                     0.9763653                      0.9934758 
Lrnr_ranger_500_TRUE_none_1_12 
                     0.9952300 
 Lrnr_ranger_500_TRUE_none_1_8 Lrnr_ranger_500_TRUE_none_1_10 
                     0.1481110                      0.1491850 
Lrnr_ranger_500_TRUE_none_1_12 
                     0.1502715 
[1] "done"
NULL
NULL
NULL
[1] "done"
[1] "all"
[1] 2.011657 2.100259
[1] "iter: 72"
[1] 672  25
 Lrnr_ranger_500_TRUE_none_1_8 Lrnr_ranger_500_TRUE_none_1_10 
                      1.080581                       1.091577 
Lrnr_ranger_500_TRUE_none_1_12 
                      1.098947 
 Lrnr_ranger_500_TRUE_none_1_8 Lrnr_ranger_500_TRUE_none_1_10 
                      1.015155                       1.012782 
Lrnr_ranger_500_TRUE_none_1_12 
                      1.010784 
 Lrnr_ranger_500_TRUE_none_1_8 Lrnr_ranger_500_TRUE_none_1_10 
                     0.1450534                      0.1451826 
Lrnr_ranger_500_TRUE_none_1_12 
                     0.1463709 
[1] "done"
NULL
NULL
NULL
[1] "done"
[1] "all"
[1] -0.0006864738  0.0213751096
[1] "iter: 73"
[1] 672  25
 Lrnr_ranger_500_TRUE_none_1_8 Lrnr_ranger_500_TRUE_none_1_10 
                      1.239121                       1.210165 
Lrnr_ranger_500_TRUE_none_1_12 
                      1.194767 
 Lrnr_ranger_500_TRUE_none_1_8 Lrnr_ranger_500_TRUE_none_1_10 
                      1.149449                       1.145347 
Lrnr_ranger_500_TRUE_none_1_12 
                      1.161160 
 Lrnr_ranger_500_TRUE_none_1_8 Lrnr_ranger_500_TRUE_none_1_10 
                     0.1466228                      0.1480444 
Lrnr_ranger_500_TRUE_none_1_12 
                     0.1492379 
[1] "done"
NULL
NULL
NULL
[1] "done"
[1] "all"
[1] -0.2327611 -0.2417214
[1] "iter: 74"
[1] 672  25
 Lrnr_ranger_500_TRUE_none_1_8 Lrnr_ranger_500_TRUE_none_1_10 
                      1.189427                       1.199438 
Lrnr_ranger_500_TRUE_none_1_12 
                      1.206599 
 Lrnr_ranger_500_TRUE_none_1_8 Lrnr_ranger_500_TRUE_none_1_10 
                      1.161072                       1.173522 
Lrnr_ranger_500_TRUE_none_1_12 
                      1.158737 
 Lrnr_ranger_500_TRUE_none_1_8 Lrnr_ranger_500_TRUE_none_1_10 
                     0.1470582                      0.1481419 
Lrnr_ranger_500_TRUE_none_1_12 
                     0.1483291 
[1] "done"
NULL
NULL
NULL
[1] "done"
[1] "all"
[1] 0.02903095 0.04184054
[1] "iter: 75"
[1] 672  25
 Lrnr_ranger_500_TRUE_none_1_8 Lrnr_ranger_500_TRUE_none_1_10 
                      1.092483                       1.098792 
Lrnr_ranger_500_TRUE_none_1_12 
                      1.102647 
 Lrnr_ranger_500_TRUE_none_1_8 Lrnr_ranger_500_TRUE_none_1_10 
                      1.050964                       1.049697 
Lrnr_ranger_500_TRUE_none_1_12 
                      1.038672 
 Lrnr_ranger_500_TRUE_none_1_8 Lrnr_ranger_500_TRUE_none_1_10 
                     0.1504373                      0.1518443 
Lrnr_ranger_500_TRUE_none_1_12 
                     0.1526458 
[1] "done"
NULL
NULL
NULL
[1] "done"
[1] "all"
[1] -0.02715159 -0.03522720
[1] "iter: 76"
[1] 672  25
 Lrnr_ranger_500_TRUE_none_1_8 Lrnr_ranger_500_TRUE_none_1_10 
                      16.67178                       15.92613 
Lrnr_ranger_500_TRUE_none_1_12 
                      15.44752 
 Lrnr_ranger_500_TRUE_none_1_8 Lrnr_ranger_500_TRUE_none_1_10 
                      1.144158                       1.135645 
Lrnr_ranger_500_TRUE_none_1_12 
                      1.137031 
 Lrnr_ranger_500_TRUE_none_1_8 Lrnr_ranger_500_TRUE_none_1_10 
                     0.1432177                      0.1446356 
Lrnr_ranger_500_TRUE_none_1_12 
                     0.1453113 
[1] "done"
NULL
NULL
NULL
[1] "done"
[1] "all"
[1] 1.340879 1.369616
[1] "iter: 77"
[1] 672  25
 Lrnr_ranger_500_TRUE_none_1_8 Lrnr_ranger_500_TRUE_none_1_10 
                      1.361722                       1.341222 
Lrnr_ranger_500_TRUE_none_1_12 
                      1.337915 
 Lrnr_ranger_500_TRUE_none_1_8 Lrnr_ranger_500_TRUE_none_1_10 
                     0.9486876                      0.9422276 
Lrnr_ranger_500_TRUE_none_1_12 
                     0.9447324 
 Lrnr_ranger_500_TRUE_none_1_8 Lrnr_ranger_500_TRUE_none_1_10 
                     0.1463198                      0.1474603 
Lrnr_ranger_500_TRUE_none_1_12 
                     0.1477893 
[1] "done"
NULL
NULL
NULL
[1] "done"
[1] "all"
[1] 0.04283701 0.03117326
[1] "iter: 78"
[1] 672  25
 Lrnr_ranger_500_TRUE_none_1_8 Lrnr_ranger_500_TRUE_none_1_10 
                      1.063111                       1.055520 
Lrnr_ranger_500_TRUE_none_1_12 
                      1.056428 
 Lrnr_ranger_500_TRUE_none_1_8 Lrnr_ranger_500_TRUE_none_1_10 
                      1.261270                       1.278512 
Lrnr_ranger_500_TRUE_none_1_12 
                      1.288392 
 Lrnr_ranger_500_TRUE_none_1_8 Lrnr_ranger_500_TRUE_none_1_10 
                     0.1545667                      0.1553887 
Lrnr_ranger_500_TRUE_none_1_12 
                     0.1562802 
[1] "done"
NULL
NULL
NULL
[1] "done"
[1] "all"
[1] 0.1923345 0.1814250
[1] "iter: 79"
[1] 672  25
 Lrnr_ranger_500_TRUE_none_1_8 Lrnr_ranger_500_TRUE_none_1_10 
                      1.254239                       1.253340 
Lrnr_ranger_500_TRUE_none_1_12 
                      1.251255 
 Lrnr_ranger_500_TRUE_none_1_8 Lrnr_ranger_500_TRUE_none_1_10 
                      1.119891                       1.124756 
Lrnr_ranger_500_TRUE_none_1_12 
                      1.136680 
 Lrnr_ranger_500_TRUE_none_1_8 Lrnr_ranger_500_TRUE_none_1_10 
                     0.1517716                      0.1525769 
Lrnr_ranger_500_TRUE_none_1_12 
                     0.1546176 
[1] "done"
NULL
NULL
NULL
[1] "done"
[1] "all"
[1] 0.1764699 0.1535842
[1] "iter: 80"
[1] 672  25
 Lrnr_ranger_500_TRUE_none_1_8 Lrnr_ranger_500_TRUE_none_1_10 
                      1.197020                       1.207016 
Lrnr_ranger_500_TRUE_none_1_12 
                      1.214644 
 Lrnr_ranger_500_TRUE_none_1_8 Lrnr_ranger_500_TRUE_none_1_10 
                      1.131088                       1.128714 
Lrnr_ranger_500_TRUE_none_1_12 
                      1.122541 
 Lrnr_ranger_500_TRUE_none_1_8 Lrnr_ranger_500_TRUE_none_1_10 
                     0.1508070                      0.1515877 
Lrnr_ranger_500_TRUE_none_1_12 
                     0.1526444 
[1] "done"
NULL
NULL
NULL
[1] "done"
[1] "all"
[1] 0.1207145 0.1490721
[1] "iter: 81"
[1] 672  25
 Lrnr_ranger_500_TRUE_none_1_8 Lrnr_ranger_500_TRUE_none_1_10 
                      159.7005                       148.9179 
Lrnr_ranger_500_TRUE_none_1_12 
                      147.6991 
 Lrnr_ranger_500_TRUE_none_1_8 Lrnr_ranger_500_TRUE_none_1_10 
                     0.9943676                      0.9974843 
Lrnr_ranger_500_TRUE_none_1_12 
                     1.0022128 
 Lrnr_ranger_500_TRUE_none_1_8 Lrnr_ranger_500_TRUE_none_1_10 
                     0.1502697                      0.1514523 
Lrnr_ranger_500_TRUE_none_1_12 
                     0.1517820 
[1] "done"
NULL
NULL
NULL
[1] "done"
[1] "all"
[1] 5.834419 6.034560
[1] "iter: 82"
[1] 672  25
 Lrnr_ranger_500_TRUE_none_1_8 Lrnr_ranger_500_TRUE_none_1_10 
                      29.57030                       28.27972 
Lrnr_ranger_500_TRUE_none_1_12 
                      27.62438 
 Lrnr_ranger_500_TRUE_none_1_8 Lrnr_ranger_500_TRUE_none_1_10 
                      1.123928                       1.146699 
Lrnr_ranger_500_TRUE_none_1_12 
                      1.139420 
 Lrnr_ranger_500_TRUE_none_1_8 Lrnr_ranger_500_TRUE_none_1_10 
                     0.1503633                      0.1510897 
Lrnr_ranger_500_TRUE_none_1_12 
                     0.1517070 
[1] "done"
NULL
NULL
NULL
[1] "done"
[1] "all"
[1] -1.202285 -1.245933
[1] "iter: 83"
[1] 672  25
 Lrnr_ranger_500_TRUE_none_1_8 Lrnr_ranger_500_TRUE_none_1_10 
                      5.884060                       5.507365 
Lrnr_ranger_500_TRUE_none_1_12 
                      5.549893 
 Lrnr_ranger_500_TRUE_none_1_8 Lrnr_ranger_500_TRUE_none_1_10 
                     0.9509747                      0.9395968 
Lrnr_ranger_500_TRUE_none_1_12 
                     0.9537975 
 Lrnr_ranger_500_TRUE_none_1_8 Lrnr_ranger_500_TRUE_none_1_10 
                     0.1489806                      0.1494041 
Lrnr_ranger_500_TRUE_none_1_12 
                     0.1504321 
[1] "done"
NULL
NULL
NULL
[1] "done"
[1] "all"
[1] -0.01624133 -0.01963490
[1] "iter: 84"
[1] 672  25
 Lrnr_ranger_500_TRUE_none_1_8 Lrnr_ranger_500_TRUE_none_1_10 
                      61.69415                       60.37609 
Lrnr_ranger_500_TRUE_none_1_12 
                      59.82723 
 Lrnr_ranger_500_TRUE_none_1_8 Lrnr_ranger_500_TRUE_none_1_10 
                     0.9317183                      0.9343380 
Lrnr_ranger_500_TRUE_none_1_12 
                     0.9445507 
 Lrnr_ranger_500_TRUE_none_1_8 Lrnr_ranger_500_TRUE_none_1_10 
                     0.1498176                      0.1498244 
Lrnr_ranger_500_TRUE_none_1_12 
                     0.1505394 
[1] "done"
NULL
NULL
NULL
[1] "done"
[1] "all"
[1] -1.125485 -1.289937
[1] "iter: 85"
[1] 672  25
 Lrnr_ranger_500_TRUE_none_1_8 Lrnr_ranger_500_TRUE_none_1_10 
                      177.4283                       176.0538 
Lrnr_ranger_500_TRUE_none_1_12 
                      167.8131 
 Lrnr_ranger_500_TRUE_none_1_8 Lrnr_ranger_500_TRUE_none_1_10 
                      1.382446                       1.377895 
Lrnr_ranger_500_TRUE_none_1_12 
                      1.390473 
 Lrnr_ranger_500_TRUE_none_1_8 Lrnr_ranger_500_TRUE_none_1_10 
                     0.1527154                      0.1528970 
Lrnr_ranger_500_TRUE_none_1_12 
                     0.1529948 
[1] "done"
NULL
NULL
NULL
[1] "done"
[1] "all"
[1] -4.738036 -4.862872
[1] "iter: 86"
[1] 672  25
 Lrnr_ranger_500_TRUE_none_1_8 Lrnr_ranger_500_TRUE_none_1_10 
                     103.21561                       97.89389 
Lrnr_ranger_500_TRUE_none_1_12 
                      96.00106 
 Lrnr_ranger_500_TRUE_none_1_8 Lrnr_ranger_500_TRUE_none_1_10 
                      1.148119                       1.168727 
Lrnr_ranger_500_TRUE_none_1_12 
                      1.170673 
 Lrnr_ranger_500_TRUE_none_1_8 Lrnr_ranger_500_TRUE_none_1_10 
                     0.1508323                      0.1511931 
Lrnr_ranger_500_TRUE_none_1_12 
                     0.1512806 
[1] "done"
NULL
NULL
NULL
[1] "done"
[1] "all"
[1] 2.606650 2.661053
[1] "iter: 87"
[1] 672  25
 Lrnr_ranger_500_TRUE_none_1_8 Lrnr_ranger_500_TRUE_none_1_10 
                      3.179774                       3.070850 
Lrnr_ranger_500_TRUE_none_1_12 
                      3.038631 
 Lrnr_ranger_500_TRUE_none_1_8 Lrnr_ranger_500_TRUE_none_1_10 
                      1.100499                       1.092581 
Lrnr_ranger_500_TRUE_none_1_12 
                      1.100310 
 Lrnr_ranger_500_TRUE_none_1_8 Lrnr_ranger_500_TRUE_none_1_10 
                     0.1482663                      0.1500169 
Lrnr_ranger_500_TRUE_none_1_12 
                     0.1508791 
[1] "done"
NULL
NULL
NULL
[1] "done"
[1] "all"
[1] 0.8716638 0.9333177
[1] "iter: 88"
[1] 672  25
 Lrnr_ranger_500_TRUE_none_1_8 Lrnr_ranger_500_TRUE_none_1_10 
                      1.007823                       1.015017 
Lrnr_ranger_500_TRUE_none_1_12 
                      1.021097 
 Lrnr_ranger_500_TRUE_none_1_8 Lrnr_ranger_500_TRUE_none_1_10 
                      1.159286                       1.163241 
Lrnr_ranger_500_TRUE_none_1_12 
                      1.154526 
 Lrnr_ranger_500_TRUE_none_1_8 Lrnr_ranger_500_TRUE_none_1_10 
                     0.1448531                      0.1451429 
Lrnr_ranger_500_TRUE_none_1_12 
                     0.1457124 
[1] "done"
NULL
NULL
NULL
[1] "done"
[1] "all"
[1] -0.1440527 -0.1345028
[1] "iter: 89"
[1] 672  25
 Lrnr_ranger_500_TRUE_none_1_8 Lrnr_ranger_500_TRUE_none_1_10 
                      4.261941                       4.038512 
Lrnr_ranger_500_TRUE_none_1_12 
                      4.001797 
 Lrnr_ranger_500_TRUE_none_1_8 Lrnr_ranger_500_TRUE_none_1_10 
                     0.9546417                      0.9682779 
Lrnr_ranger_500_TRUE_none_1_12 
                     0.9751559 
 Lrnr_ranger_500_TRUE_none_1_8 Lrnr_ranger_500_TRUE_none_1_10 
                     0.1531263                      0.1543226 
Lrnr_ranger_500_TRUE_none_1_12 
                     0.1551203 
[1] "done"
NULL
NULL
NULL
[1] "done"
[1] "all"
[1] -0.08613393 -0.11482729
[1] "iter: 90"
[1] 672  25
 Lrnr_ranger_500_TRUE_none_1_8 Lrnr_ranger_500_TRUE_none_1_10 
                      1.613529                       1.548224 
Lrnr_ranger_500_TRUE_none_1_12 
                      1.525024 
 Lrnr_ranger_500_TRUE_none_1_8 Lrnr_ranger_500_TRUE_none_1_10 
                      1.063486                       1.064066 
Lrnr_ranger_500_TRUE_none_1_12 
                      1.081442 
 Lrnr_ranger_500_TRUE_none_1_8 Lrnr_ranger_500_TRUE_none_1_10 
                     0.1457253                      0.1463539 
Lrnr_ranger_500_TRUE_none_1_12 
                     0.1472586 
[1] "done"
NULL
NULL
NULL
[1] "done"
[1] "all"
[1] 0.01096350 0.02020974
[1] "iter: 91"
[1] 672  25
 Lrnr_ranger_500_TRUE_none_1_8 Lrnr_ranger_500_TRUE_none_1_10 
                      1.202065                       1.197342 
Lrnr_ranger_500_TRUE_none_1_12 
                      1.190347 
 Lrnr_ranger_500_TRUE_none_1_8 Lrnr_ranger_500_TRUE_none_1_10 
                      1.023568                       1.027038 
Lrnr_ranger_500_TRUE_none_1_12 
                      1.043273 
 Lrnr_ranger_500_TRUE_none_1_8 Lrnr_ranger_500_TRUE_none_1_10 
                     0.1451106                      0.1449223 
Lrnr_ranger_500_TRUE_none_1_12 
                     0.1453481 
[1] "done"
NULL
NULL
NULL
[1] "done"
[1] "all"
[1] -0.3856676 -0.4348572
[1] "iter: 92"
[1] 672  25
 Lrnr_ranger_500_TRUE_none_1_8 Lrnr_ranger_500_TRUE_none_1_10 
                      3.675343                       3.432806 
Lrnr_ranger_500_TRUE_none_1_12 
                      3.358320 
 Lrnr_ranger_500_TRUE_none_1_8 Lrnr_ranger_500_TRUE_none_1_10 
                      1.271184                       1.254910 
Lrnr_ranger_500_TRUE_none_1_12 
                      1.255311 
 Lrnr_ranger_500_TRUE_none_1_8 Lrnr_ranger_500_TRUE_none_1_10 
                     0.1445360                      0.1463677 
Lrnr_ranger_500_TRUE_none_1_12 
                     0.1463108 
[1] "done"
NULL
NULL
NULL
[1] "done"
[1] "all"
[1] -0.5609556 -0.5873938
[1] "iter: 93"
[1] 672  25
 Lrnr_ranger_500_TRUE_none_1_8 Lrnr_ranger_500_TRUE_none_1_10 
                      69.59448                       66.07492 
Lrnr_ranger_500_TRUE_none_1_12 
                      65.45910 
 Lrnr_ranger_500_TRUE_none_1_8 Lrnr_ranger_500_TRUE_none_1_10 
                      1.046513                       1.037420 
Lrnr_ranger_500_TRUE_none_1_12 
                      1.049346 
 Lrnr_ranger_500_TRUE_none_1_8 Lrnr_ranger_500_TRUE_none_1_10 
                     0.1489104                      0.1495106 
Lrnr_ranger_500_TRUE_none_1_12 
                     0.1499306 
[1] "done"
NULL
NULL
NULL
[1] "done"
[1] "all"
[1] 4.831346 4.824024
[1] "iter: 94"
[1] 672  25
 Lrnr_ranger_500_TRUE_none_1_8 Lrnr_ranger_500_TRUE_none_1_10 
                      1.553900                       1.515616 
Lrnr_ranger_500_TRUE_none_1_12 
                      1.506408 
 Lrnr_ranger_500_TRUE_none_1_8 Lrnr_ranger_500_TRUE_none_1_10 
                     0.9236140                      0.9339018 
Lrnr_ranger_500_TRUE_none_1_12 
                     0.9442758 
 Lrnr_ranger_500_TRUE_none_1_8 Lrnr_ranger_500_TRUE_none_1_10 
                     0.1477639                      0.1471093 
Lrnr_ranger_500_TRUE_none_1_12 
                     0.1483364 
[1] "done"
NULL
NULL
NULL
[1] "done"
[1] "all"
[1] 0.2368901 0.2482812
[1] "iter: 95"
[1] 672  25
 Lrnr_ranger_500_TRUE_none_1_8 Lrnr_ranger_500_TRUE_none_1_10 
                      1.385979                       1.356921 
Lrnr_ranger_500_TRUE_none_1_12 
                      1.352984 
 Lrnr_ranger_500_TRUE_none_1_8 Lrnr_ranger_500_TRUE_none_1_10 
                      1.081140                       1.079391 
Lrnr_ranger_500_TRUE_none_1_12 
                      1.082860 
 Lrnr_ranger_500_TRUE_none_1_8 Lrnr_ranger_500_TRUE_none_1_10 
                     0.1487600                      0.1494002 
Lrnr_ranger_500_TRUE_none_1_12 
                     0.1498222 
[1] "done"
NULL
NULL
NULL
[1] "done"
[1] "all"
[1] -0.02522272  0.01091615
[1] "iter: 96"
[1] 672  25
 Lrnr_ranger_500_TRUE_none_1_8 Lrnr_ranger_500_TRUE_none_1_10 
                      2.577510                       2.479093 
Lrnr_ranger_500_TRUE_none_1_12 
                      2.433010 
 Lrnr_ranger_500_TRUE_none_1_8 Lrnr_ranger_500_TRUE_none_1_10 
                      1.065496                       1.064983 
Lrnr_ranger_500_TRUE_none_1_12 
                      1.069932 
 Lrnr_ranger_500_TRUE_none_1_8 Lrnr_ranger_500_TRUE_none_1_10 
                     0.1471595                      0.1478830 
Lrnr_ranger_500_TRUE_none_1_12 
                     0.1474139 
[1] "done"
NULL
NULL
NULL
[1] "done"
[1] "all"
[1] 0.1739040 0.1842865
[1] "iter: 97"
[1] 672  25
 Lrnr_ranger_500_TRUE_none_1_8 Lrnr_ranger_500_TRUE_none_1_10 
                      2.265379                       2.209097 
Lrnr_ranger_500_TRUE_none_1_12 
                      2.209482 
 Lrnr_ranger_500_TRUE_none_1_8 Lrnr_ranger_500_TRUE_none_1_10 
                      1.320276                       1.314599 
Lrnr_ranger_500_TRUE_none_1_12 
                      1.308167 
 Lrnr_ranger_500_TRUE_none_1_8 Lrnr_ranger_500_TRUE_none_1_10 
                     0.1491899                      0.1504781 
Lrnr_ranger_500_TRUE_none_1_12 
                     0.1497287 
[1] "done"
NULL
NULL
NULL
[1] "done"
[1] "all"
[1] 0.4398487 0.4447416
[1] "iter: 98"
[1] 672  25
 Lrnr_ranger_500_TRUE_none_1_8 Lrnr_ranger_500_TRUE_none_1_10 
                      30.53493                       29.43721 
Lrnr_ranger_500_TRUE_none_1_12 
                      28.33762 
 Lrnr_ranger_500_TRUE_none_1_8 Lrnr_ranger_500_TRUE_none_1_10 
                      1.233925                       1.217000 
Lrnr_ranger_500_TRUE_none_1_12 
                      1.233636 
 Lrnr_ranger_500_TRUE_none_1_8 Lrnr_ranger_500_TRUE_none_1_10 
                     0.1484187                      0.1496066 
Lrnr_ranger_500_TRUE_none_1_12 
                     0.1498255 
[1] "done"
NULL
NULL
NULL
[1] "done"
[1] "all"
[1] 3.052013 3.238147
[1] "iter: 99"
[1] 672  25
 Lrnr_ranger_500_TRUE_none_1_8 Lrnr_ranger_500_TRUE_none_1_10 
                      5.372568                       5.146272 
Lrnr_ranger_500_TRUE_none_1_12 
                      5.053346 
 Lrnr_ranger_500_TRUE_none_1_8 Lrnr_ranger_500_TRUE_none_1_10 
                      1.238738                       1.235944 
Lrnr_ranger_500_TRUE_none_1_12 
                      1.229022 
 Lrnr_ranger_500_TRUE_none_1_8 Lrnr_ranger_500_TRUE_none_1_10 
                     0.1505296                      0.1516489 
Lrnr_ranger_500_TRUE_none_1_12 
                     0.1529035 
[1] "done"
NULL
NULL
NULL
[1] "done"
[1] "all"
[1] 0.1236747 0.1280327
[1] "iter: 100"
[1] 672  25
 Lrnr_ranger_500_TRUE_none_1_8 Lrnr_ranger_500_TRUE_none_1_10 
                      2.133258                       2.083120 
Lrnr_ranger_500_TRUE_none_1_12 
                      2.062287 
 Lrnr_ranger_500_TRUE_none_1_8 Lrnr_ranger_500_TRUE_none_1_10 
                      1.316336                       1.319934 
Lrnr_ranger_500_TRUE_none_1_12 
                      1.318189 
 Lrnr_ranger_500_TRUE_none_1_8 Lrnr_ranger_500_TRUE_none_1_10 
                     0.1506678                      0.1510619 
Lrnr_ranger_500_TRUE_none_1_12 
                     0.1521099 
[1] "done"
NULL
NULL
NULL
[1] "done"
[1] "all"
[1] -0.1636956 -0.1542996
     estimate  CI_left CI_right misp estimator lrnr   n ATE iter
  1: 3.938446 3.710880 4.170022    1     auDRI  all 672   4    1
  2: 3.973525 3.756999 4.190052    1      AIPW  all 672   4    1
  3: 3.949172 3.682075 4.227425    2     auDRI  all 672   4    1
  4: 3.987636 3.747751 4.227521    2      AIPW  all 672   4    1
  5: 3.943141 3.706103 4.154826    3     auDRI  all 672   4    1
 ---                                                            
596: 3.844973 3.556470 4.133476    1      AIPW  all 672   4  100
597: 3.865639 3.494406 4.278325    2     auDRI  all 672   4  100
598: 3.804695 3.492379 4.117012    2      AIPW  all 672   4  100
599: 3.836304 3.559653 4.102296    3     auDRI  all 672   4  100
600: 3.845700 3.554111 4.137290    3      AIPW  all 672   4  100
