LOADING R
R LOADED
[1] "/home/lvanderl/Rlibs2"                         
[2] "/app/software/R/4.3.1-gfbf-2022b/lib/R/library"
[1] "/home/lvanderl/sieveSims"
[1] "iter: 1"
[1] "Lrnr_cv"
[1] "Lrnr_earth_2_3_backward_0_1_0_0_binomial_100"
[1] "Lrnr_cv_selector_NULL"
[1] "Lrnr_cv"
[1] "Lrnr_earth_2_3_backward_0_1_0_0_binomial_100"
[1] "Lrnr_cv_selector_NULL"
predictions 
  0.1474429 
[1] "done"
[1] "Lrnr_cv"
[1] "Lrnr_gam_Y~s(W1, k = 40, bs='bs',m=c(1,1)) + s(W2, k = 40, bs='bs',m=c(1,1)) + s(W3, k = 40, bs='bs',m=c(1,1))_binomial_GCV.Cp"
[1] "Lrnr_cv_selector_NULL"
[1] "Lrnr_cv"
[1] "Lrnr_gam_A~s(W1, k = 40, bs='bs',m=c(1,1)) + s(W2, k = 40, bs='bs',m=c(1,1)) + s(W3, k = 40, bs='bs',m=c(1,1))_binomial_GCV.Cp"
[1] "Lrnr_cv_selector_NULL"
predictions 
  0.1423279 
[1] "done"
[1] "Lrnr_cv"
[1] "Lrnr_xgboost_20_1_5_6_0.25" "Lrnr_xgboost_20_1_5_4_0.25"
[3] "Lrnr_xgboost_20_1_5_5_0.25"
[1] "Lrnr_cv_selector_NULL"
[1] "Lrnr_cv"
[1] "Lrnr_xgboost_20_1_5_6_0.25" "Lrnr_xgboost_20_1_5_4_0.25"
[3] "Lrnr_xgboost_20_1_5_5_0.25"
[1] "Lrnr_cv_selector_NULL"
Lrnr_xgboost_20_1_5_6_0.25 Lrnr_xgboost_20_1_5_4_0.25 
                 0.1488855                  0.1465125 
Lrnr_xgboost_20_1_5_5_0.25 
                 0.1483349 
[1] "done"
[1] "Lrnr_cv"
[1] "Lrnr_ranger_500_TRUE_none_1_10_10"
[1] "Lrnr_cv_selector_NULL"
[1] "Lrnr_cv"
[1] "Lrnr_ranger_500_TRUE_none_1_10_10"
[1] "Lrnr_cv_selector_NULL"
predictions 
  0.1488359 
[1] "done"
[1] "Lrnr_cv"
[1] "Lrnr_mean"
[1] "Lrnr_cv"
[1] "Lrnr_mean"
NULL
[1] "done"
[1] "earth"
[1] "gam_1"
[1] "xgboost"
[1] "rf"
[1] "iter: 2"
[1] "Lrnr_cv"
[1] "Lrnr_earth_2_3_backward_0_1_0_0_binomial_100"
[1] "Lrnr_cv_selector_NULL"
[1] "Lrnr_cv"
[1] "Lrnr_earth_2_3_backward_0_1_0_0_binomial_100"
[1] "Lrnr_cv_selector_NULL"
predictions 
  0.1489001 
[1] "done"
[1] "Lrnr_cv"
[1] "Lrnr_gam_Y~s(W1, k = 40, bs='bs',m=c(1,1)) + s(W2, k = 40, bs='bs',m=c(1,1)) + s(W3, k = 40, bs='bs',m=c(1,1))_binomial_GCV.Cp"
[1] "Lrnr_cv_selector_NULL"
[1] "Lrnr_cv"
[1] "Lrnr_gam_A~s(W1, k = 40, bs='bs',m=c(1,1)) + s(W2, k = 40, bs='bs',m=c(1,1)) + s(W3, k = 40, bs='bs',m=c(1,1))_binomial_GCV.Cp"
[1] "Lrnr_cv_selector_NULL"
predictions 
  0.1473391 
[1] "done"
[1] "Lrnr_cv"
[1] "Lrnr_xgboost_20_1_5_6_0.25" "Lrnr_xgboost_20_1_5_4_0.25"
[3] "Lrnr_xgboost_20_1_5_5_0.25"
[1] "Lrnr_cv_selector_NULL"
[1] "Lrnr_cv"
[1] "Lrnr_xgboost_20_1_5_6_0.25" "Lrnr_xgboost_20_1_5_4_0.25"
[3] "Lrnr_xgboost_20_1_5_5_0.25"
[1] "Lrnr_cv_selector_NULL"
Lrnr_xgboost_20_1_5_6_0.25 Lrnr_xgboost_20_1_5_4_0.25 
                 0.1598573                  0.1567217 
Lrnr_xgboost_20_1_5_5_0.25 
                 0.1586159 
[1] "done"
[1] "Lrnr_cv"
[1] "Lrnr_ranger_500_TRUE_none_1_10_10"
[1] "Lrnr_cv_selector_NULL"
[1] "Lrnr_cv"
[1] "Lrnr_ranger_500_TRUE_none_1_10_10"
[1] "Lrnr_cv_selector_NULL"
predictions 
  0.1544895 
[1] "done"
[1] "Lrnr_cv"
[1] "Lrnr_mean"
[1] "Lrnr_cv"
[1] "Lrnr_mean"
NULL
[1] "done"
[1] "earth"
[1] "gam_1"
[1] "xgboost"
[1] "rf"
[1] "iter: 3"
[1] "Lrnr_cv"
[1] "Lrnr_earth_2_3_backward_0_1_0_0_binomial_100"
[1] "Lrnr_cv_selector_NULL"
[1] "Lrnr_cv"
[1] "Lrnr_earth_2_3_backward_0_1_0_0_binomial_100"
[1] "Lrnr_cv_selector_NULL"
predictions 
  0.1478267 
[1] "done"
[1] "Lrnr_cv"
[1] "Lrnr_gam_Y~s(W1, k = 40, bs='bs',m=c(1,1)) + s(W2, k = 40, bs='bs',m=c(1,1)) + s(W3, k = 40, bs='bs',m=c(1,1))_binomial_GCV.Cp"
[1] "Lrnr_cv_selector_NULL"
[1] "Lrnr_cv"
[1] "Lrnr_gam_A~s(W1, k = 40, bs='bs',m=c(1,1)) + s(W2, k = 40, bs='bs',m=c(1,1)) + s(W3, k = 40, bs='bs',m=c(1,1))_binomial_GCV.Cp"
[1] "Lrnr_cv_selector_NULL"
predictions 
   0.143703 
[1] "done"
[1] "Lrnr_cv"
[1] "Lrnr_xgboost_20_1_5_6_0.25" "Lrnr_xgboost_20_1_5_4_0.25"
[3] "Lrnr_xgboost_20_1_5_5_0.25"
[1] "Lrnr_cv_selector_NULL"
[1] "Lrnr_cv"
[1] "Lrnr_xgboost_20_1_5_6_0.25" "Lrnr_xgboost_20_1_5_4_0.25"
[3] "Lrnr_xgboost_20_1_5_5_0.25"
[1] "Lrnr_cv_selector_NULL"
Lrnr_xgboost_20_1_5_6_0.25 Lrnr_xgboost_20_1_5_4_0.25 
                 0.1589073                  0.1527905 
Lrnr_xgboost_20_1_5_5_0.25 
                 0.1560729 
[1] "done"
[1] "Lrnr_cv"
[1] "Lrnr_ranger_500_TRUE_none_1_10_10"
[1] "Lrnr_cv_selector_NULL"
[1] "Lrnr_cv"
[1] "Lrnr_ranger_500_TRUE_none_1_10_10"
[1] "Lrnr_cv_selector_NULL"
predictions 
  0.1560897 
[1] "done"
[1] "Lrnr_cv"
[1] "Lrnr_mean"
