LOADING R
R LOADED
[1] "/home/lvanderl/Rlibs2"                         
[2] "/app/software/R/4.3.1-gfbf-2022b/lib/R/library"
[1] "/home/lvanderl/sieveSims"
[1] "acic2017_20"
  [1]   1   2   3   4   5   6   7   8   9  10  11  12  13  14  15  16  17  18
 [19]  19  20  21  22  23  24  25  26  27  28  29  30  31  32  33  34  35  36
 [37]  37  38  39  40  41  42  43  44  45  46  47  48  49  50  51  52  53  54
 [55]  55  56  57  58  59  60  61  62  63  64  65  66  67  68  69  70  71  72
 [73]  73  74  75  76  77  78  79  80  81  82  83  84  85  86  87  88  89  90
 [91]  91  92  93  94  95  96  97  98  99 100 101 102 103 104 105 106 107 108
[109] 109 110 111 112 113 114 115 116 117 118 119 120 121 122 123 124 125 126
[127] 127 128 129 130 131 132 133 134 135 136 137 138 139 140 141 142 143 144
[145] 145 146 147 148 149 150 151 152 153 154 155 156 157 158 159 160 161 162
[163] 163 164 165 166 167 168 169 170 171 172 173 174 175 176 177 178 179 180
[181] 181 182 183 184 185 186 187 188 189 190 191 192 193 194 195 196 197 198
[199] 199 200 201 202 203 204 205 206 207 208 209 210 211 212 213 214 215 216
[217] 217 218 219 220 221 222 223 224 225 226 227 228 229 230 231 232 233 234
[235] 235 236 237 238 239 240 241 242 243 244 245 246 247 248 249 250
[1] "iter: 1"
[1] 20
[1] 4302   58
Lrnr_xgboost_10_1_10_3_0.2 Lrnr_xgboost_10_1_10_4_0.2 
                  3.060315                   3.056506 
Lrnr_xgboost_10_1_10_5_0.2 Lrnr_xgboost_10_1_10_6_0.2 
                  3.087606                   3.105742 
Lrnr_xgboost_20_1_10_3_0.2 Lrnr_xgboost_20_1_10_4_0.2 
                  3.060346                   3.066791 
Lrnr_xgboost_20_1_10_5_0.2 Lrnr_xgboost_20_1_10_6_0.2 
                  3.111020                   3.128609 
Lrnr_xgboost_30_1_10_3_0.2 Lrnr_xgboost_30_1_10_4_0.2 
                  3.068908                   3.082380 
Lrnr_xgboost_30_1_10_5_0.2 Lrnr_xgboost_30_1_10_6_0.2 
                  3.121252                   3.144387 
Lrnr_xgboost_10_1_10_3_0.2 Lrnr_xgboost_10_1_10_4_0.2 
                  3.387687                   3.401072 
Lrnr_xgboost_10_1_10_5_0.2 Lrnr_xgboost_10_1_10_6_0.2 
                  3.433038                   3.479513 
Lrnr_xgboost_20_1_10_3_0.2 Lrnr_xgboost_20_1_10_4_0.2 
                  3.366830                   3.405859 
Lrnr_xgboost_20_1_10_5_0.2 Lrnr_xgboost_20_1_10_6_0.2 
                  3.454930                   3.493685 
Lrnr_xgboost_30_1_10_3_0.2 Lrnr_xgboost_30_1_10_4_0.2 
                  3.387877                   3.436022 
Lrnr_xgboost_30_1_10_5_0.2 Lrnr_xgboost_30_1_10_6_0.2 
                  3.466201                   3.507650 
Lrnr_xgboost_10_1_10_3_0.2 Lrnr_xgboost_10_1_10_4_0.2 
                0.09309218                 0.08880734 
Lrnr_xgboost_10_1_10_5_0.2 Lrnr_xgboost_10_1_10_6_0.2 
                0.08771621                 0.08774021 
Lrnr_xgboost_20_1_10_3_0.2 Lrnr_xgboost_20_1_10_4_0.2 
                0.08517810                 0.08463463 
Lrnr_xgboost_20_1_10_5_0.2 Lrnr_xgboost_20_1_10_6_0.2 
                0.08431903                 0.08452404 
Lrnr_xgboost_30_1_10_3_0.2 Lrnr_xgboost_30_1_10_4_0.2 
                0.08421163                 0.08447069 
Lrnr_xgboost_30_1_10_5_0.2 Lrnr_xgboost_30_1_10_6_0.2 
                0.08443175                 0.08470329 
[1] "done"
NULL
NULL
NULL
[1] "done"
[1] "all"
[1] -0.7102633 -0.7497785
[1] "iter: 2"
[1] 20
[1] 4302   58
Lrnr_xgboost_10_1_10_3_0.2 Lrnr_xgboost_10_1_10_4_0.2 
                  3.232053                   3.245937 
Lrnr_xgboost_10_1_10_5_0.2 Lrnr_xgboost_10_1_10_6_0.2 
                  3.248200                   3.254049 
Lrnr_xgboost_20_1_10_3_0.2 Lrnr_xgboost_20_1_10_4_0.2 
                  3.230272                   3.239181 
Lrnr_xgboost_20_1_10_5_0.2 Lrnr_xgboost_20_1_10_6_0.2 
                  3.246219                   3.245864 
Lrnr_xgboost_30_1_10_3_0.2 Lrnr_xgboost_30_1_10_4_0.2 
                  3.234768                   3.243539 
Lrnr_xgboost_30_1_10_5_0.2 Lrnr_xgboost_30_1_10_6_0.2 
                  3.248639                   3.247928 
Lrnr_xgboost_10_1_10_3_0.2 Lrnr_xgboost_10_1_10_4_0.2 
                  3.352307                   3.358261 
Lrnr_xgboost_10_1_10_5_0.2 Lrnr_xgboost_10_1_10_6_0.2 
                  3.375927                   3.395465 
Lrnr_xgboost_20_1_10_3_0.2 Lrnr_xgboost_20_1_10_4_0.2 
                  3.336007                   3.351591 
Lrnr_xgboost_20_1_10_5_0.2 Lrnr_xgboost_20_1_10_6_0.2 
                  3.378192                   3.415802 
Lrnr_xgboost_30_1_10_3_0.2 Lrnr_xgboost_30_1_10_4_0.2 
                  3.354872                   3.370711 
Lrnr_xgboost_30_1_10_5_0.2 Lrnr_xgboost_30_1_10_6_0.2 
                  3.397759                   3.431290 
Lrnr_xgboost_10_1_10_3_0.2 Lrnr_xgboost_10_1_10_4_0.2 
                0.09638231                 0.09255588 
Lrnr_xgboost_10_1_10_5_0.2 Lrnr_xgboost_10_1_10_6_0.2 
                0.09257230                 0.09258412 
Lrnr_xgboost_20_1_10_3_0.2 Lrnr_xgboost_20_1_10_4_0.2 
                0.08937342                 0.08887153 
Lrnr_xgboost_20_1_10_5_0.2 Lrnr_xgboost_20_1_10_6_0.2 
                0.08941065                 0.08949661 
Lrnr_xgboost_30_1_10_3_0.2 Lrnr_xgboost_30_1_10_4_0.2 
                0.08847136                 0.08824049 
Lrnr_xgboost_30_1_10_5_0.2 Lrnr_xgboost_30_1_10_6_0.2 
                0.08942698                 0.08936652 
[1] "done"
NULL
NULL
NULL
[1] "done"
[1] "all"
[1] -0.9274395 -0.9376043
[1] "iter: 3"
[1] 20
[1] 4302   58
