LOADING R
R LOADED
[1] "/home/lvanderl/Rlibs2"                         
[2] "/app/software/R/4.3.1-gfbf-2022b/lib/R/library"
[1] "/home/lvanderl/sieveSims"
[1] "iter: 1"
[1] "Lrnr_cv"
[1] "Lrnr_earth_2_3_cv_5_1_0_0_binomial_100"
[1] "Lrnr_cv_selector_NULL"
predictions 
  0.1877775 
predictions 
  0.1573882 
[1] "done"
[1] "Lrnr_cv"
[1] "Lrnr_gam_Y~s(W1, k = 40, bs='bs',m=c(1,1)) + s(W2, k = 40, bs='bs',m=c(1,1)) + s(W3, k = 40, bs='bs',m=c(1,1))_binomial_GCV.Cp"
[1] "Lrnr_cv_selector_NULL"
predictions 
  0.1847255 
predictions 
  0.1533953 
[1] "done"
[1] "Lrnr_cv"
[1] "Lrnr_xgboost_10_1_15_5_0.2" "Lrnr_xgboost_10_1_15_2_0.2"
[3] "Lrnr_xgboost_10_1_15_3_0.2" "Lrnr_xgboost_10_1_15_4_0.2"
[1] "Lrnr_cv_selector_NULL"
Lrnr_xgboost_10_1_15_5_0.2 Lrnr_xgboost_10_1_15_2_0.2 
                 0.1894705                  0.1928386 
Lrnr_xgboost_10_1_15_3_0.2 Lrnr_xgboost_10_1_15_4_0.2 
                 0.1894121                  0.1892392 
Lrnr_xgboost_10_1_15_5_0.2 Lrnr_xgboost_10_1_15_2_0.2 
                 0.1563910                  0.1633595 
Lrnr_xgboost_10_1_15_3_0.2 Lrnr_xgboost_10_1_15_4_0.2 
                 0.1576453                  0.1560075 
[1] "done"
[1] "Lrnr_cv"
[1] "Lrnr_ranger_500_TRUE_none_1_10_5"
[1] "Lrnr_cv_selector_NULL"
predictions 
  0.1922801 
predictions 
  0.1553688 
[1] "done"
[1] "Lrnr_cv"
[1] "Lrnr_mean"
NULL
NULL
[1] "done"
[1] "earth"
[1] "gam_1"
[1] "xgboost"
[1] "rf"
[1] "iter: 2"
[1] "Lrnr_cv"
[1] "Lrnr_earth_2_3_cv_5_1_0_0_binomial_100"
[1] "Lrnr_cv_selector_NULL"
predictions 
  0.1905791 
predictions 
   0.162434 
[1] "done"
[1] "Lrnr_cv"
[1] "Lrnr_gam_Y~s(W1, k = 40, bs='bs',m=c(1,1)) + s(W2, k = 40, bs='bs',m=c(1,1)) + s(W3, k = 40, bs='bs',m=c(1,1))_binomial_GCV.Cp"
[1] "Lrnr_cv_selector_NULL"
predictions 
  0.1889861 
predictions 
  0.1589724 
[1] "done"
[1] "Lrnr_cv"
[1] "Lrnr_xgboost_10_1_15_5_0.2" "Lrnr_xgboost_10_1_15_2_0.2"
[3] "Lrnr_xgboost_10_1_15_3_0.2" "Lrnr_xgboost_10_1_15_4_0.2"
[1] "Lrnr_cv_selector_NULL"
Lrnr_xgboost_10_1_15_5_0.2 Lrnr_xgboost_10_1_15_2_0.2 
                 0.1914046                  0.1971399 
Lrnr_xgboost_10_1_15_3_0.2 Lrnr_xgboost_10_1_15_4_0.2 
                 0.1933502                  0.1927355 
Lrnr_xgboost_10_1_15_5_0.2 Lrnr_xgboost_10_1_15_2_0.2 
                 0.1625623                  0.1693947 
Lrnr_xgboost_10_1_15_3_0.2 Lrnr_xgboost_10_1_15_4_0.2 
                 0.1644932                  0.1624670 
[1] "done"
[1] "Lrnr_cv"
[1] "Lrnr_ranger_500_TRUE_none_1_10_5"
[1] "Lrnr_cv_selector_NULL"
predictions 
  0.1960342 
predictions 
  0.1662066 
[1] "done"
[1] "Lrnr_cv"
[1] "Lrnr_mean"
NULL
NULL
[1] "done"
[1] "earth"
[1] "gam_1"
[1] "xgboost"
[1] "rf"
[1] "iter: 3"
[1] "Lrnr_cv"
[1] "Lrnr_earth_2_3_cv_5_1_0_0_binomial_100"
[1] "Lrnr_cv_selector_NULL"
predictions 
   0.194651 
predictions 
  0.1636668 
[1] "done"
[1] "Lrnr_cv"
[1] "Lrnr_gam_Y~s(W1, k = 40, bs='bs',m=c(1,1)) + s(W2, k = 40, bs='bs',m=c(1,1)) + s(W3, k = 40, bs='bs',m=c(1,1))_binomial_GCV.Cp"
[1] "Lrnr_cv_selector_NULL"
predictions 
  0.1932549 
predictions 
   0.162743 
[1] "done"
[1] "Lrnr_cv"
[1] "Lrnr_xgboost_10_1_15_5_0.2" "Lrnr_xgboost_10_1_15_2_0.2"
[3] "Lrnr_xgboost_10_1_15_3_0.2" "Lrnr_xgboost_10_1_15_4_0.2"
[1] "Lrnr_cv_selector_NULL"
Lrnr_xgboost_10_1_15_5_0.2 Lrnr_xgboost_10_1_15_2_0.2 
                 0.1974654                  0.1995948 
Lrnr_xgboost_10_1_15_3_0.2 Lrnr_xgboost_10_1_15_4_0.2 
                 0.1962271                  0.1964509 
Lrnr_xgboost_10_1_15_5_0.2 Lrnr_xgboost_10_1_15_2_0.2 
                 0.1665277                  0.1736596 
Lrnr_xgboost_10_1_15_3_0.2 Lrnr_xgboost_10_1_15_4_0.2 
                 0.1691533                  0.1670907 
[1] "done"
[1] "Lrnr_cv"
[1] "Lrnr_ranger_500_TRUE_none_1_10_5"
[1] "Lrnr_cv_selector_NULL"
predictions 
  0.1996738 
predictions 
  0.1701817 
[1] "done"
[1] "Lrnr_cv"
[1] "Lrnr_mean"
NULL
NULL
[1] "done"
[1] "earth"
[1] "gam_1"
[1] "xgboost"
