LOADING R
R LOADED
[1] "/home/lvanderl/Rlibs2"                         
[2] "/app/software/R/4.3.1-gfbf-2022b/lib/R/library"
[1] "/home/lvanderl/sieveSims"
[1] "ihdp"
  [1]   1   2   3   4   5   6   7   8   9  10  11  12  13  14  15  16  17  18
 [19]  19  20  21  22  23  24  25  26  27  28  29  30  31  32  33  34  35  36
 [37]  37  38  39  40  41  42  43  44  45  46  47  48  49  50  51  52  53  54
 [55]  55  56  57  58  59  60  61  62  63  64  65  66  67  68  69  70  71  72
 [73]  73  74  75  76  77  78  79  80  81  82  83  84  85  86  87  88  89  90
 [91]  91  92  93  94  95  96  97  98  99 100
[1] "iter: 1"
[1] "iter: 2"
[1] "iter: 3"
[1] "iter: 4"
[1] "iter: 5"
[1] "iter: 6"
[1] "iter: 7"
[1] "iter: 8"
[1] "iter: 9"
[1] "iter: 10"
[1] "iter: 11"
[1] "iter: 12"
[1] "iter: 13"
[1] "iter: 14"
[1] "iter: 15"
[1] "iter: 16"
[1] "iter: 17"
[1] "iter: 18"
[1] "iter: 19"
[1] "iter: 20"
[1] "iter: 21"
[1] "iter: 22"
[1] "iter: 23"
[1] "iter: 24"
[1] "iter: 25"
[1] "iter: 26"
[1] "iter: 27"
[1] "iter: 28"
[1] "iter: 29"
[1] "iter: 30"
[1] "iter: 31"
[1] "iter: 32"
[1] "iter: 33"
[1] "iter: 34"
[1] "iter: 35"
[1] "iter: 36"
[1] "iter: 37"
[1] "iter: 38"
[1] "iter: 39"
[1] "iter: 40"
[1] "iter: 41"
[1] "iter: 42"
[1] "iter: 43"
[1] "iter: 44"
[1] "iter: 45"
[1] "iter: 46"
[1] "iter: 47"
[1] "iter: 48"
[1] "iter: 49"
[1] "iter: 50"
[1] "iter: 51"
[1] "iter: 52"
[1] "iter: 53"
[1] "iter: 54"
[1] "iter: 55"
[1] "iter: 56"
[1] "iter: 57"
[1] "iter: 58"
[1] "iter: 59"
[1] "iter: 60"
[1] "iter: 61"
[1] "iter: 62"
[1] "iter: 63"
[1] "iter: 64"
[1] "iter: 65"
[1] "iter: 66"
[1] "iter: 67"
[1] "iter: 68"
[1] "iter: 69"
[1] "iter: 70"
[1] "iter: 71"
[1] "iter: 72"
[1] "iter: 73"
[1] "iter: 74"
[1] "iter: 75"
[1] "iter: 76"
[1] "iter: 77"
[1] "iter: 78"
[1] "iter: 79"
[1] "iter: 80"
[1] "iter: 81"
[1] "iter: 82"
[1] "iter: 83"
[1] "iter: 84"
[1] "iter: 85"
[1] "iter: 86"
[1] "iter: 87"
[1] "iter: 88"
[1] "iter: 89"
[1] "iter: 90"
[1] "iter: 91"
[1] "iter: 92"
[1] "iter: 93"
[1] "iter: 94"
[1] "iter: 95"
[1] "iter: 96"
[1] "iter: 97"
[1] "iter: 98"
[1] "iter: 99"
[1] "iter: 100"
Null data.table (0 rows and 0 cols)
