Loading required package: nnls
Loading required package: gam
Loading required package: splines
Loading required package: foreach
Loaded gam 1.22-2

Super Learner
Version: 2.0-28.1
Package created on 2021-05-04

Loading required package: np
Nonparametric Kernel Methods for Mixed Datatypes (version 0.60-17)
[vignette("np_faq",package="np") provides answers to frequently asked questions]
[vignette("np",package="np") an overview]
[vignette("entropy_np",package="np") an overview of entropy-based methods]
Loading required package: drtmle
drtmle: TMLE with doubly robust inference
Version: 1.1.2
Loading required package: Rcpp
origami v1.0.7: Generalized Framework for Cross-Validation
Error in while (max(abs(c(unlist(PnDQnStar), unlist(PnDgnStar), unlist(PnDnoStar)))) >  : 
  missing value where TRUE/FALSE needed
Error in while (max(abs(c(unlist(PnDQnStar), unlist(PnDgnStar), unlist(PnDnoStar)))) >  : 
  missing value where TRUE/FALSE needed
Error in while (max(abs(c(unlist(PnDQnStar), unlist(PnDgnStar), unlist(PnDnoStar)))) >  : 
  missing value where TRUE/FALSE needed
Error in while (max(abs(c(unlist(PnDQnStar), unlist(PnDgnStar), unlist(PnDnoStar)))) >  : 
  missing value where TRUE/FALSE needed
Error in while (max(abs(c(unlist(PnDQnStar), unlist(PnDgnStar), unlist(PnDnoStar)))) >  : 
  missing value where TRUE/FALSE needed
Error in while (max(abs(c(unlist(PnDQnStar), unlist(PnDgnStar), unlist(PnDnoStar)))) >  : 
  missing value where TRUE/FALSE needed
Error in while (max(abs(c(unlist(PnDQnStar), unlist(PnDgnStar), unlist(PnDnoStar)))) >  : 
  missing value where TRUE/FALSE needed
Error in while (max(abs(c(unlist(PnDQnStar), unlist(PnDgnStar), unlist(PnDnoStar)))) >  : 
  missing value where TRUE/FALSE needed
Error in while (max(abs(c(unlist(PnDQnStar), unlist(PnDgnStar), unlist(PnDnoStar)))) >  : 
  missing value where TRUE/FALSE needed
Error in if (!all(H2 < 1e-07)) { : missing value where TRUE/FALSE needed
Error in if (!all(H2 < 1e-07)) { : missing value where TRUE/FALSE needed
