LOADING R
R LOADED
[1] "/home/lvanderl/Rlibs2"                         
[2] "/app/software/R/4.3.1-gfbf-2022b/lib/R/library"
[1] "/home/lvanderl/sieveSims"
[1] "acic2017_19"
  [1]   1   2   3   4   5   6   7   8   9  10  11  12  13  14  15  16  17  18
 [19]  19  20  21  22  23  24  25  26  27  28  29  30  31  32  33  34  35  36
 [37]  37  38  39  40  41  42  43  44  45  46  47  48  49  50  51  52  53  54
 [55]  55  56  57  58  59  60  61  62  63  64  65  66  67  68  69  70  71  72
 [73]  73  74  75  76  77  78  79  80  81  82  83  84  85  86  87  88  89  90
 [91]  91  92  93  94  95  96  97  98  99 100 101 102 103 104 105 106 107 108
[109] 109 110 111 112 113 114 115 116 117 118 119 120 121 122 123 124 125 126
[127] 127 128 129 130 131 132 133 134 135 136 137 138 139 140 141 142 143 144
[145] 145 146 147 148 149 150 151 152 153 154 155 156 157 158 159 160 161 162
[163] 163 164 165 166 167 168 169 170 171 172 173 174 175 176 177 178 179 180
[181] 181 182 183 184 185 186 187 188 189 190 191 192 193 194 195 196 197 198
[199] 199 200 201 202 203 204 205 206 207 208 209 210 211 212 213 214 215 216
[217] 217 218 219 220 221 222 223 224 225 226 227 228 229 230 231 232 233 234
[235] 235 236 237 238 239 240 241 242 243 244 245 246 247 248 249 250
[1] "iter: 1"
[1] 19
[1] 4302   58
 Lrnr_xgboost_20_1_3_1_0.3  Lrnr_xgboost_20_1_3_2_0.3 
                  2.752253                   2.734810 
 Lrnr_xgboost_20_1_3_3_0.3  Lrnr_xgboost_20_1_3_4_0.3 
                  2.745972                   2.777601 
 Lrnr_xgboost_20_1_3_5_0.3  Lrnr_xgboost_20_1_3_6_0.3 
                  2.834418                   2.896062 
Lrnr_xgboost_20_1_3_1_0.25 Lrnr_xgboost_20_1_3_2_0.25 
                  2.766223                   2.734615 
Lrnr_xgboost_20_1_3_3_0.25 Lrnr_xgboost_20_1_3_4_0.25 
                  2.746190                   2.781790 
Lrnr_xgboost_20_1_3_5_0.25 Lrnr_xgboost_20_1_3_6_0.25 
                  2.827680                   2.874270 
 Lrnr_xgboost_20_1_3_1_0.2  Lrnr_xgboost_20_1_3_2_0.2 
                  2.789993                   2.737321 
 Lrnr_xgboost_20_1_3_3_0.2  Lrnr_xgboost_20_1_3_4_0.2 
                  2.741283                   2.763535 
 Lrnr_xgboost_20_1_3_5_0.2  Lrnr_xgboost_20_1_3_6_0.2 
                  2.808268                   2.872270 
Lrnr_xgboost_20_1_3_1_0.15 Lrnr_xgboost_20_1_3_2_0.15 
                  2.839435                   2.748768 
Lrnr_xgboost_20_1_3_3_0.15 Lrnr_xgboost_20_1_3_4_0.15 
                  2.738318                   2.763731 
Lrnr_xgboost_20_1_3_5_0.15 Lrnr_xgboost_20_1_3_6_0.15 
                  2.790772                   2.838947 
 Lrnr_xgboost_20_1_3_1_0.3  Lrnr_xgboost_20_1_3_2_0.3 
                  2.870759                   2.868797 
 Lrnr_xgboost_20_1_3_3_0.3  Lrnr_xgboost_20_1_3_4_0.3 
                  2.872765                   2.932006 
 Lrnr_xgboost_20_1_3_5_0.3  Lrnr_xgboost_20_1_3_6_0.3 
                  2.973044                   3.063538 
Lrnr_xgboost_20_1_3_1_0.25 Lrnr_xgboost_20_1_3_2_0.25 
                  2.873806                   2.847107 
Lrnr_xgboost_20_1_3_3_0.25 Lrnr_xgboost_20_1_3_4_0.25 
                  2.861778                   2.898089 
Lrnr_xgboost_20_1_3_5_0.25 Lrnr_xgboost_20_1_3_6_0.25 
                  2.965694                   3.012888 
 Lrnr_xgboost_20_1_3_1_0.2  Lrnr_xgboost_20_1_3_2_0.2 
                  2.875715                   2.857577 
 Lrnr_xgboost_20_1_3_3_0.2  Lrnr_xgboost_20_1_3_4_0.2 
                  2.863594                   2.880604 
 Lrnr_xgboost_20_1_3_5_0.2  Lrnr_xgboost_20_1_3_6_0.2 
                  2.944590                   3.008490 
Lrnr_xgboost_20_1_3_1_0.15 Lrnr_xgboost_20_1_3_2_0.15 
                  2.915099                   2.862115 
Lrnr_xgboost_20_1_3_3_0.15 Lrnr_xgboost_20_1_3_4_0.15 
                  2.860497                   2.871994 
Lrnr_xgboost_20_1_3_5_0.15 Lrnr_xgboost_20_1_3_6_0.15 
                  2.914213                   2.971955 
 Lrnr_xgboost_20_1_3_1_0.3  Lrnr_xgboost_20_1_3_2_0.3 
                 0.2267709                  0.2268556 
 Lrnr_xgboost_20_1_3_3_0.3  Lrnr_xgboost_20_1_3_4_0.3 
                 0.2276412                  0.2285194 
 Lrnr_xgboost_20_1_3_5_0.3  Lrnr_xgboost_20_1_3_6_0.3 
                 0.2300339                  0.2313658 
Lrnr_xgboost_20_1_3_1_0.25 Lrnr_xgboost_20_1_3_2_0.25 
                 0.2271778                  0.2265531 
Lrnr_xgboost_20_1_3_3_0.25 Lrnr_xgboost_20_1_3_4_0.25 
                 0.2274144                  0.2279561 
Lrnr_xgboost_20_1_3_5_0.25 Lrnr_xgboost_20_1_3_6_0.25 
                 0.2297711                  0.2314236 
 Lrnr_xgboost_20_1_3_1_0.2  Lrnr_xgboost_20_1_3_2_0.2 
                 0.2278593                  0.2266024 
 Lrnr_xgboost_20_1_3_3_0.2  Lrnr_xgboost_20_1_3_4_0.2 
                 0.2271738                  0.2280333 
 Lrnr_xgboost_20_1_3_5_0.2  Lrnr_xgboost_20_1_3_6_0.2 
                 0.2292994                  0.2306362 
Lrnr_xgboost_20_1_3_1_0.15 Lrnr_xgboost_20_1_3_2_0.15 
                 0.2295934                  0.2271693 
Lrnr_xgboost_20_1_3_3_0.15 Lrnr_xgboost_20_1_3_4_0.15 
                 0.2269704                  0.2275194 
Lrnr_xgboost_20_1_3_5_0.15 Lrnr_xgboost_20_1_3_6_0.15 
                 0.2284641                  0.2303776 
[1] "done"
NULL
NULL
NULL
[1] "done"
[1] "all"
[1] -0.03880207 -0.05604385
[1] "iter: 2"
[1] 19
[1] 4302   58
 Lrnr_xgboost_20_1_3_1_0.3  Lrnr_xgboost_20_1_3_2_0.3 
                  2.870688                   2.860596 
 Lrnr_xgboost_20_1_3_3_0.3  Lrnr_xgboost_20_1_3_4_0.3 
                  2.887260                   2.958375 
 Lrnr_xgboost_20_1_3_5_0.3  Lrnr_xgboost_20_1_3_6_0.3 
                  2.995991                   3.092791 
Lrnr_xgboost_20_1_3_1_0.25 Lrnr_xgboost_20_1_3_2_0.25 
                  2.885140                   2.860191 
Lrnr_xgboost_20_1_3_3_0.25 Lrnr_xgboost_20_1_3_4_0.25 
                  2.886839                   2.931862 
Lrnr_xgboost_20_1_3_5_0.25 Lrnr_xgboost_20_1_3_6_0.25 
                  2.991722                   3.075142 
 Lrnr_xgboost_20_1_3_1_0.2  Lrnr_xgboost_20_1_3_2_0.2 
                  2.918865                   2.860664 
 Lrnr_xgboost_20_1_3_3_0.2  Lrnr_xgboost_20_1_3_4_0.2 
                  2.876490                   2.927091 
 Lrnr_xgboost_20_1_3_5_0.2  Lrnr_xgboost_20_1_3_6_0.2 
                  2.978124                   3.049228 
Lrnr_xgboost_20_1_3_1_0.15 Lrnr_xgboost_20_1_3_2_0.15 
                  2.990374                   2.864437 
Lrnr_xgboost_20_1_3_3_0.15 Lrnr_xgboost_20_1_3_4_0.15 
                  2.869075                   2.904535 
Lrnr_xgboost_20_1_3_5_0.15 Lrnr_xgboost_20_1_3_6_0.15 
                  2.954006                   3.022431 
 Lrnr_xgboost_20_1_3_1_0.3  Lrnr_xgboost_20_1_3_2_0.3 
                  2.668814                   2.665947 
 Lrnr_xgboost_20_1_3_3_0.3  Lrnr_xgboost_20_1_3_4_0.3 
                  2.681007                   2.731104 
 Lrnr_xgboost_20_1_3_5_0.3  Lrnr_xgboost_20_1_3_6_0.3 
                  2.763025                   2.826762 
Lrnr_xgboost_20_1_3_1_0.25 Lrnr_xgboost_20_1_3_2_0.25 
                  2.669423                   2.646591 
Lrnr_xgboost_20_1_3_3_0.25 Lrnr_xgboost_20_1_3_4_0.25 
                  2.663785                   2.697600 
Lrnr_xgboost_20_1_3_5_0.25 Lrnr_xgboost_20_1_3_6_0.25 
                  2.747477                   2.813653 
 Lrnr_xgboost_20_1_3_1_0.2  Lrnr_xgboost_20_1_3_2_0.2 
                  2.678949                   2.645399 
 Lrnr_xgboost_20_1_3_3_0.2  Lrnr_xgboost_20_1_3_4_0.2 
                  2.659457                   2.688167 
 Lrnr_xgboost_20_1_3_5_0.2  Lrnr_xgboost_20_1_3_6_0.2 
                  2.726881                   2.807024 
Lrnr_xgboost_20_1_3_1_0.15 Lrnr_xgboost_20_1_3_2_0.15 
                  2.719386                   2.647731 
Lrnr_xgboost_20_1_3_3_0.15 Lrnr_xgboost_20_1_3_4_0.15 
                  2.648639                   2.675193 
Lrnr_xgboost_20_1_3_5_0.15 Lrnr_xgboost_20_1_3_6_0.15 
                  2.720782                   2.768008 
