LOADING R
R LOADED
[1] "/home/lvanderl/Rlibs2"                         
[2] "/app/software/R/4.3.1-gfbf-2022b/lib/R/library"
[1] "/home/lvanderl/sieveSims"
[1] "twins"
  [1]  0  1  2  3  4  5  6  7  8  9 10 11 12 13 14 15 16 17 18 19 20 21 22 23 24
 [26] 25 26 27 28 29 30 31 32 33 34 35 36 37 38 39 40 41 42 43 44 45 46 47 48 49
 [51] 50 51 52 53 54 55 56 57 58 59 60 61 62 63 64 65 66 67 68 69 70 71 72 73 74
 [76] 75 76 77 78 79 80 81 82 83 84 85 86 87 88 89 90 91 92 93 94 95 96 97 98 99
[1] "iter: 0"
[1] 11984    75
 Lrnr_xgboost_20_1_3_1_0.3  Lrnr_xgboost_20_1_3_2_0.3 
                 0.1798287                  0.1790863 
 Lrnr_xgboost_20_1_3_3_0.3  Lrnr_xgboost_20_1_3_4_0.3 
                 0.1805441                  0.1809179 
 Lrnr_xgboost_20_1_3_5_0.3  Lrnr_xgboost_20_1_3_6_0.3 
                 0.1812829                  0.1821704 
Lrnr_xgboost_20_1_3_1_0.25 Lrnr_xgboost_20_1_3_2_0.25 
                 0.1802468                  0.1794263 
Lrnr_xgboost_20_1_3_3_0.25 Lrnr_xgboost_20_1_3_4_0.25 
                 0.1799882                  0.1806375 
Lrnr_xgboost_20_1_3_5_0.25 Lrnr_xgboost_20_1_3_6_0.25 
                 0.1811403                  0.1815865 
 Lrnr_xgboost_20_1_3_1_0.2  Lrnr_xgboost_20_1_3_2_0.2 
                 0.1812562                  0.1798713 
 Lrnr_xgboost_20_1_3_3_0.2  Lrnr_xgboost_20_1_3_4_0.2 
                 0.1799493                  0.1803961 
 Lrnr_xgboost_20_1_3_5_0.2  Lrnr_xgboost_20_1_3_6_0.2 
                 0.1810392                  0.1815278 
Lrnr_xgboost_20_1_3_1_0.15 Lrnr_xgboost_20_1_3_2_0.15 
                 0.1826564                  0.1804816 
Lrnr_xgboost_20_1_3_3_0.15 Lrnr_xgboost_20_1_3_4_0.15 
                 0.1803250                  0.1803363 
Lrnr_xgboost_20_1_3_5_0.15 Lrnr_xgboost_20_1_3_6_0.15 
                 0.1802808                  0.1808211 
 Lrnr_xgboost_20_1_3_1_0.3  Lrnr_xgboost_20_1_3_2_0.3 
                 0.1084057                  0.1079567 
 Lrnr_xgboost_20_1_3_3_0.3  Lrnr_xgboost_20_1_3_4_0.3 
                 0.1076537                  0.1076083 
 Lrnr_xgboost_20_1_3_5_0.3  Lrnr_xgboost_20_1_3_6_0.3 
                 0.1081866                  0.1088854 
Lrnr_xgboost_20_1_3_1_0.25 Lrnr_xgboost_20_1_3_2_0.25 
                 0.1087003                  0.1079297 
Lrnr_xgboost_20_1_3_3_0.25 Lrnr_xgboost_20_1_3_4_0.25 
                 0.1076585                  0.1075278 
Lrnr_xgboost_20_1_3_5_0.25 Lrnr_xgboost_20_1_3_6_0.25 
                 0.1081438                  0.1086838 
 Lrnr_xgboost_20_1_3_1_0.2  Lrnr_xgboost_20_1_3_2_0.2 
                 0.1090133                  0.1080812 
 Lrnr_xgboost_20_1_3_3_0.2  Lrnr_xgboost_20_1_3_4_0.2 
                 0.1077716                  0.1079030 
 Lrnr_xgboost_20_1_3_5_0.2  Lrnr_xgboost_20_1_3_6_0.2 
                 0.1080298                  0.1083376 
Lrnr_xgboost_20_1_3_1_0.15 Lrnr_xgboost_20_1_3_2_0.15 
                 0.1100025                  0.1086552 
Lrnr_xgboost_20_1_3_3_0.15 Lrnr_xgboost_20_1_3_4_0.15 
                 0.1081715                  0.1081794 
Lrnr_xgboost_20_1_3_5_0.15 Lrnr_xgboost_20_1_3_6_0.15 
                 0.1082088                  0.1084070 
 Lrnr_xgboost_20_1_3_1_0.3  Lrnr_xgboost_20_1_3_2_0.3 
                 0.1871601                  0.1871328 
 Lrnr_xgboost_20_1_3_3_0.3  Lrnr_xgboost_20_1_3_4_0.3 
                 0.1874464                  0.1880288 
 Lrnr_xgboost_20_1_3_5_0.3  Lrnr_xgboost_20_1_3_6_0.3 
                 0.1890421                  0.1900533 
Lrnr_xgboost_20_1_3_1_0.25 Lrnr_xgboost_20_1_3_2_0.25 
                 0.1872312                  0.1871875 
Lrnr_xgboost_20_1_3_3_0.25 Lrnr_xgboost_20_1_3_4_0.25 
                 0.1872499                  0.1879969 
Lrnr_xgboost_20_1_3_5_0.25 Lrnr_xgboost_20_1_3_6_0.25 
                 0.1884634                  0.1895286 
 Lrnr_xgboost_20_1_3_1_0.2  Lrnr_xgboost_20_1_3_2_0.2 
                 0.1873719                  0.1871955 
 Lrnr_xgboost_20_1_3_3_0.2  Lrnr_xgboost_20_1_3_4_0.2 
                 0.1871883                  0.1875750 
 Lrnr_xgboost_20_1_3_5_0.2  Lrnr_xgboost_20_1_3_6_0.2 
                 0.1882428                  0.1890216 
Lrnr_xgboost_20_1_3_1_0.15 Lrnr_xgboost_20_1_3_2_0.15 
                 0.1876746                  0.1873426 
Lrnr_xgboost_20_1_3_3_0.15 Lrnr_xgboost_20_1_3_4_0.15 
                 0.1872140                  0.1874501 
Lrnr_xgboost_20_1_3_5_0.15 Lrnr_xgboost_20_1_3_6_0.15 
                 0.1880579                  0.1884144 
[1] "done"
NULL
NULL
NULL
[1] "done"
[1] "all"
[1] -0.02908801 -0.02958221
[1] "iter: 1"
[1] 11984    75
 Lrnr_xgboost_20_1_3_1_0.3  Lrnr_xgboost_20_1_3_2_0.3 
                 0.1719145                  0.1708976 
 Lrnr_xgboost_20_1_3_3_0.3  Lrnr_xgboost_20_1_3_4_0.3 
                 0.1714881                  0.1718978 
 Lrnr_xgboost_20_1_3_5_0.3  Lrnr_xgboost_20_1_3_6_0.3 
                 0.1728209                  0.1737559 
Lrnr_xgboost_20_1_3_1_0.25 Lrnr_xgboost_20_1_3_2_0.25 
                 0.1724973                  0.1710008 
Lrnr_xgboost_20_1_3_3_0.25 Lrnr_xgboost_20_1_3_4_0.25 
                 0.1714382                  0.1713149 
Lrnr_xgboost_20_1_3_5_0.25 Lrnr_xgboost_20_1_3_6_0.25 
                 0.1723924                  0.1730114 
 Lrnr_xgboost_20_1_3_1_0.2  Lrnr_xgboost_20_1_3_2_0.2 
                 0.1734347                  0.1712968 
 Lrnr_xgboost_20_1_3_3_0.2  Lrnr_xgboost_20_1_3_4_0.2 
                 0.1711772                  0.1712939 
 Lrnr_xgboost_20_1_3_5_0.2  Lrnr_xgboost_20_1_3_6_0.2 
                 0.1716880                  0.1722243 
Lrnr_xgboost_20_1_3_1_0.15 Lrnr_xgboost_20_1_3_2_0.15 
                 0.1749386                  0.1721859 
Lrnr_xgboost_20_1_3_3_0.15 Lrnr_xgboost_20_1_3_4_0.15 
                 0.1714515                  0.1711880 
Lrnr_xgboost_20_1_3_5_0.15 Lrnr_xgboost_20_1_3_6_0.15 
                 0.1713420                  0.1722692 
 Lrnr_xgboost_20_1_3_1_0.3  Lrnr_xgboost_20_1_3_2_0.3 
                 0.1127232                  0.1120509 
 Lrnr_xgboost_20_1_3_3_0.3  Lrnr_xgboost_20_1_3_4_0.3 
                 0.1115388                  0.1115313 
 Lrnr_xgboost_20_1_3_5_0.3  Lrnr_xgboost_20_1_3_6_0.3 
                 0.1124662                  0.1128799 
Lrnr_xgboost_20_1_3_1_0.25 Lrnr_xgboost_20_1_3_2_0.25 
                 0.1130148                  0.1121507 
Lrnr_xgboost_20_1_3_3_0.25 Lrnr_xgboost_20_1_3_4_0.25 
                 0.1116462                  0.1119827 
Lrnr_xgboost_20_1_3_5_0.25 Lrnr_xgboost_20_1_3_6_0.25 
                 0.1117821                  0.1123963 
 Lrnr_xgboost_20_1_3_1_0.2  Lrnr_xgboost_20_1_3_2_0.2 
                 0.1135319                  0.1123884 
 Lrnr_xgboost_20_1_3_3_0.2  Lrnr_xgboost_20_1_3_4_0.2 
                 0.1120146                  0.1120211 
 Lrnr_xgboost_20_1_3_5_0.2  Lrnr_xgboost_20_1_3_6_0.2 
                 0.1119373                  0.1119424 
Lrnr_xgboost_20_1_3_1_0.15 Lrnr_xgboost_20_1_3_2_0.15 
                 0.1146910                  0.1130520 
Lrnr_xgboost_20_1_3_3_0.15 Lrnr_xgboost_20_1_3_4_0.15 
                 0.1124708                  0.1124805 
Lrnr_xgboost_20_1_3_5_0.15 Lrnr_xgboost_20_1_3_6_0.15 
                 0.1123390                  0.1127494 
 Lrnr_xgboost_20_1_3_1_0.3  Lrnr_xgboost_20_1_3_2_0.3 
                 0.1891937                  0.1888680 
 Lrnr_xgboost_20_1_3_3_0.3  Lrnr_xgboost_20_1_3_4_0.3 
                 0.1894589                  0.1903046 
 Lrnr_xgboost_20_1_3_5_0.3  Lrnr_xgboost_20_1_3_6_0.3 
                 0.1915685                  0.1934060 
Lrnr_xgboost_20_1_3_1_0.25 Lrnr_xgboost_20_1_3_2_0.25 
                 0.1893203                  0.1890006 
Lrnr_xgboost_20_1_3_3_0.25 Lrnr_xgboost_20_1_3_4_0.25 
                 0.1892586                  0.1901609 
Lrnr_xgboost_20_1_3_5_0.25 Lrnr_xgboost_20_1_3_6_0.25 
                 0.1912198                  0.1926756 
 Lrnr_xgboost_20_1_3_1_0.2  Lrnr_xgboost_20_1_3_2_0.2 
                 0.1895926                  0.1891391 
 Lrnr_xgboost_20_1_3_3_0.2  Lrnr_xgboost_20_1_3_4_0.2 
                 0.1892205                  0.1896670 
 Lrnr_xgboost_20_1_3_5_0.2  Lrnr_xgboost_20_1_3_6_0.2 
                 0.1904537                  0.1913685 
Lrnr_xgboost_20_1_3_1_0.15 Lrnr_xgboost_20_1_3_2_0.15 
                 0.1898862                  0.1894529 
Lrnr_xgboost_20_1_3_3_0.15 Lrnr_xgboost_20_1_3_4_0.15 
                 0.1895072                  0.1895734 
Lrnr_xgboost_20_1_3_5_0.15 Lrnr_xgboost_20_1_3_6_0.15 
                 0.1901919                  0.1908123 
[1] "done"
NULL
NULL
NULL
[1] "done"
[1] "all"
[1] -0.01680842 -0.01746531
[1] "iter: 2"
[1] 11984    75
 Lrnr_xgboost_20_1_3_1_0.3  Lrnr_xgboost_20_1_3_2_0.3 
                 0.1758725                  0.1754449 
 Lrnr_xgboost_20_1_3_3_0.3  Lrnr_xgboost_20_1_3_4_0.3 
                 0.1761960                  0.1762598 
 Lrnr_xgboost_20_1_3_5_0.3  Lrnr_xgboost_20_1_3_6_0.3 
                 0.1776934                  0.1784463 
Lrnr_xgboost_20_1_3_1_0.25 Lrnr_xgboost_20_1_3_2_0.25 
                 0.1765912                  0.1755622 
Lrnr_xgboost_20_1_3_3_0.25 Lrnr_xgboost_20_1_3_4_0.25 
                 0.1757708                  0.1763376 
Lrnr_xgboost_20_1_3_5_0.25 Lrnr_xgboost_20_1_3_6_0.25 
                 0.1773269                  0.1780417 
 Lrnr_xgboost_20_1_3_1_0.2  Lrnr_xgboost_20_1_3_2_0.2 
                 0.1773872                  0.1757638 
 Lrnr_xgboost_20_1_3_3_0.2  Lrnr_xgboost_20_1_3_4_0.2 
                 0.1759847                  0.1760217 
 Lrnr_xgboost_20_1_3_5_0.2  Lrnr_xgboost_20_1_3_6_0.2 
                 0.1768026                  0.1776411 
Lrnr_xgboost_20_1_3_1_0.15 Lrnr_xgboost_20_1_3_2_0.15 
                 0.1789473                  0.1763164 
Lrnr_xgboost_20_1_3_3_0.15 Lrnr_xgboost_20_1_3_4_0.15 
                 0.1758274                  0.1759287 
Lrnr_xgboost_20_1_3_5_0.15 Lrnr_xgboost_20_1_3_6_0.15 
                 0.1765242                  0.1770801 
 Lrnr_xgboost_20_1_3_1_0.3  Lrnr_xgboost_20_1_3_2_0.3 
                 0.1088124                  0.1073726 
 Lrnr_xgboost_20_1_3_3_0.3  Lrnr_xgboost_20_1_3_4_0.3 
                 0.1072344                  0.1077984 
 Lrnr_xgboost_20_1_3_5_0.3  Lrnr_xgboost_20_1_3_6_0.3 
                 0.1075890                  0.1089650 
Lrnr_xgboost_20_1_3_1_0.25 Lrnr_xgboost_20_1_3_2_0.25 
                 0.1091814                  0.1078779 
Lrnr_xgboost_20_1_3_3_0.25 Lrnr_xgboost_20_1_3_4_0.25 
                 0.1072673                  0.1076207 
Lrnr_xgboost_20_1_3_5_0.25 Lrnr_xgboost_20_1_3_6_0.25 
                 0.1074357                  0.1084217 
 Lrnr_xgboost_20_1_3_1_0.2  Lrnr_xgboost_20_1_3_2_0.2 
                 0.1095888                  0.1082701 
 Lrnr_xgboost_20_1_3_3_0.2  Lrnr_xgboost_20_1_3_4_0.2 
                 0.1075833                  0.1076803 
 Lrnr_xgboost_20_1_3_5_0.2  Lrnr_xgboost_20_1_3_6_0.2 
                 0.1074931                  0.1081424 
Lrnr_xgboost_20_1_3_1_0.15 Lrnr_xgboost_20_1_3_2_0.15 
                 0.1103874                  0.1090564 
Lrnr_xgboost_20_1_3_3_0.15 Lrnr_xgboost_20_1_3_4_0.15 
                 0.1083566                  0.1080274 
Lrnr_xgboost_20_1_3_5_0.15 Lrnr_xgboost_20_1_3_6_0.15 
                 0.1080424                  0.1082704 
 Lrnr_xgboost_20_1_3_1_0.3  Lrnr_xgboost_20_1_3_2_0.3 
                 0.1880270                  0.1875489 
 Lrnr_xgboost_20_1_3_3_0.3  Lrnr_xgboost_20_1_3_4_0.3 
                 0.1877825                  0.1883037 
 Lrnr_xgboost_20_1_3_5_0.3  Lrnr_xgboost_20_1_3_6_0.3 
                 0.1886990                  0.1896849 
Lrnr_xgboost_20_1_3_1_0.25 Lrnr_xgboost_20_1_3_2_0.25 
                 0.1880964                  0.1877030 
Lrnr_xgboost_20_1_3_3_0.25 Lrnr_xgboost_20_1_3_4_0.25 
                 0.1877236                  0.1880636 
Lrnr_xgboost_20_1_3_5_0.25 Lrnr_xgboost_20_1_3_6_0.25 
                 0.1883277                  0.1891895 
 Lrnr_xgboost_20_1_3_1_0.2  Lrnr_xgboost_20_1_3_2_0.2 
                 0.1882815                  0.1878241 
 Lrnr_xgboost_20_1_3_3_0.2  Lrnr_xgboost_20_1_3_4_0.2 
                 0.1877423                  0.1877968 
 Lrnr_xgboost_20_1_3_5_0.2  Lrnr_xgboost_20_1_3_6_0.2 
                 0.1881015                  0.1888496 
Lrnr_xgboost_20_1_3_1_0.15 Lrnr_xgboost_20_1_3_2_0.15 
                 0.1886024                  0.1879955 
Lrnr_xgboost_20_1_3_3_0.15 Lrnr_xgboost_20_1_3_4_0.15 
                 0.1879429                  0.1878212 
Lrnr_xgboost_20_1_3_5_0.15 Lrnr_xgboost_20_1_3_6_0.15 
                 0.1879520                  0.1883673 
[1] "done"
NULL
NULL
NULL
[1] "done"
[1] "all"
[1] -0.02442754 -0.02424359
[1] "iter: 3"
[1] 11984    75
 Lrnr_xgboost_20_1_3_1_0.3  Lrnr_xgboost_20_1_3_2_0.3 
                 0.1787417                  0.1782936 
 Lrnr_xgboost_20_1_3_3_0.3  Lrnr_xgboost_20_1_3_4_0.3 
                 0.1791800                  0.1804465 
 Lrnr_xgboost_20_1_3_5_0.3  Lrnr_xgboost_20_1_3_6_0.3 
                 0.1808595                  0.1812149 
Lrnr_xgboost_20_1_3_1_0.25 Lrnr_xgboost_20_1_3_2_0.25 
                 0.1794751                  0.1784330 
Lrnr_xgboost_20_1_3_3_0.25 Lrnr_xgboost_20_1_3_4_0.25 
                 0.1791824                  0.1800928 
Lrnr_xgboost_20_1_3_5_0.25 Lrnr_xgboost_20_1_3_6_0.25 
                 0.1805154                  0.1810866 
 Lrnr_xgboost_20_1_3_1_0.2  Lrnr_xgboost_20_1_3_2_0.2 
                 0.1802186                  0.1787961 
 Lrnr_xgboost_20_1_3_3_0.2  Lrnr_xgboost_20_1_3_4_0.2 
                 0.1791976                  0.1798592 
 Lrnr_xgboost_20_1_3_5_0.2  Lrnr_xgboost_20_1_3_6_0.2 
                 0.1801928                  0.1810851 
Lrnr_xgboost_20_1_3_1_0.15 Lrnr_xgboost_20_1_3_2_0.15 
                 0.1814771                  0.1794530 
Lrnr_xgboost_20_1_3_3_0.15 Lrnr_xgboost_20_1_3_4_0.15 
                 0.1793443                  0.1799932 
Lrnr_xgboost_20_1_3_5_0.15 Lrnr_xgboost_20_1_3_6_0.15 
                 0.1803009                  0.1808532 
 Lrnr_xgboost_20_1_3_1_0.3  Lrnr_xgboost_20_1_3_2_0.3 
                 0.1071007                  0.1063918 
 Lrnr_xgboost_20_1_3_3_0.3  Lrnr_xgboost_20_1_3_4_0.3 
                 0.1059122                  0.1060811 
 Lrnr_xgboost_20_1_3_5_0.3  Lrnr_xgboost_20_1_3_6_0.3 
                 0.1071385                  0.1074415 
Lrnr_xgboost_20_1_3_1_0.25 Lrnr_xgboost_20_1_3_2_0.25 
                 0.1073715                  0.1065596 
Lrnr_xgboost_20_1_3_3_0.25 Lrnr_xgboost_20_1_3_4_0.25 
                 0.1061721                  0.1064142 
Lrnr_xgboost_20_1_3_5_0.25 Lrnr_xgboost_20_1_3_6_0.25 
                 0.1067047                  0.1070008 
 Lrnr_xgboost_20_1_3_1_0.2  Lrnr_xgboost_20_1_3_2_0.2 
                 0.1077573                  0.1069350 
 Lrnr_xgboost_20_1_3_3_0.2  Lrnr_xgboost_20_1_3_4_0.2 
                 0.1065717                  0.1063242 
 Lrnr_xgboost_20_1_3_5_0.2  Lrnr_xgboost_20_1_3_6_0.2 
                 0.1067329                  0.1069659 
Lrnr_xgboost_20_1_3_1_0.15 Lrnr_xgboost_20_1_3_2_0.15 
                 0.1086557                  0.1074319 
Lrnr_xgboost_20_1_3_3_0.15 Lrnr_xgboost_20_1_3_4_0.15 
                 0.1069732                  0.1067112 
Lrnr_xgboost_20_1_3_5_0.15 Lrnr_xgboost_20_1_3_6_0.15 
                 0.1068221                  0.1073485 
 Lrnr_xgboost_20_1_3_1_0.3  Lrnr_xgboost_20_1_3_2_0.3 
                 0.1857508                  0.1858049 
 Lrnr_xgboost_20_1_3_3_0.3  Lrnr_xgboost_20_1_3_4_0.3 
                 0.1862132                  0.1871588 
 Lrnr_xgboost_20_1_3_5_0.3  Lrnr_xgboost_20_1_3_6_0.3 
                 0.1886190                  0.1901157 
Lrnr_xgboost_20_1_3_1_0.25 Lrnr_xgboost_20_1_3_2_0.25 
                 0.1859628                  0.1858008 
Lrnr_xgboost_20_1_3_3_0.25 Lrnr_xgboost_20_1_3_4_0.25 
                 0.1862180                  0.1867046 
Lrnr_xgboost_20_1_3_5_0.25 Lrnr_xgboost_20_1_3_6_0.25 
                 0.1875063                  0.1891863 
 Lrnr_xgboost_20_1_3_1_0.2  Lrnr_xgboost_20_1_3_2_0.2 
                 0.1861641                  0.1858825 
 Lrnr_xgboost_20_1_3_3_0.2  Lrnr_xgboost_20_1_3_4_0.2 
                 0.1859306                  0.1864925 
 Lrnr_xgboost_20_1_3_5_0.2  Lrnr_xgboost_20_1_3_6_0.2 
                 0.1873224                  0.1882101 
Lrnr_xgboost_20_1_3_1_0.15 Lrnr_xgboost_20_1_3_2_0.15 
                 0.1865492                  0.1861378 
Lrnr_xgboost_20_1_3_3_0.15 Lrnr_xgboost_20_1_3_4_0.15 
                 0.1861084                  0.1863365 
Lrnr_xgboost_20_1_3_5_0.15 Lrnr_xgboost_20_1_3_6_0.15 
                 0.1870352                  0.1879256 
[1] "done"
NULL
NULL
NULL
[1] "done"
[1] "all"
[1] -0.02668209 -0.02757079
[1] "iter: 4"
[1] 11984    75
 Lrnr_xgboost_20_1_3_1_0.3  Lrnr_xgboost_20_1_3_2_0.3 
                 0.1737633                  0.1743956 
 Lrnr_xgboost_20_1_3_3_0.3  Lrnr_xgboost_20_1_3_4_0.3 
                 0.1756061                  0.1760771 
 Lrnr_xgboost_20_1_3_5_0.3  Lrnr_xgboost_20_1_3_6_0.3 
                 0.1773766                  0.1789807 
Lrnr_xgboost_20_1_3_1_0.25 Lrnr_xgboost_20_1_3_2_0.25 
                 0.1745564                  0.1742583 
Lrnr_xgboost_20_1_3_3_0.25 Lrnr_xgboost_20_1_3_4_0.25 
                 0.1753381                  0.1753303 
Lrnr_xgboost_20_1_3_5_0.25 Lrnr_xgboost_20_1_3_6_0.25 
                 0.1773400                  0.1776974 
 Lrnr_xgboost_20_1_3_1_0.2  Lrnr_xgboost_20_1_3_2_0.2 
                 0.1753652                  0.1744074 
 Lrnr_xgboost_20_1_3_3_0.2  Lrnr_xgboost_20_1_3_4_0.2 
                 0.1751673                  0.1753202 
 Lrnr_xgboost_20_1_3_5_0.2  Lrnr_xgboost_20_1_3_6_0.2 
                 0.1765077                  0.1771372 
Lrnr_xgboost_20_1_3_1_0.15 Lrnr_xgboost_20_1_3_2_0.15 
                 0.1765600                  0.1751348 
Lrnr_xgboost_20_1_3_3_0.15 Lrnr_xgboost_20_1_3_4_0.15 
                 0.1754475                  0.1750086 
Lrnr_xgboost_20_1_3_5_0.15 Lrnr_xgboost_20_1_3_6_0.15 
                 0.1760395                  0.1766334 
 Lrnr_xgboost_20_1_3_1_0.3  Lrnr_xgboost_20_1_3_2_0.3 
                 0.1077857                  0.1068679 
 Lrnr_xgboost_20_1_3_3_0.3  Lrnr_xgboost_20_1_3_4_0.3 
                 0.1064356                  0.1064242 
 Lrnr_xgboost_20_1_3_5_0.3  Lrnr_xgboost_20_1_3_6_0.3 
                 0.1063417                  0.1073677 
Lrnr_xgboost_20_1_3_1_0.25 Lrnr_xgboost_20_1_3_2_0.25 
                 0.1081854                  0.1070583 
Lrnr_xgboost_20_1_3_3_0.25 Lrnr_xgboost_20_1_3_4_0.25 
                 0.1063873                  0.1062662 
Lrnr_xgboost_20_1_3_5_0.25 Lrnr_xgboost_20_1_3_6_0.25 
                 0.1065513                  0.1067482 
 Lrnr_xgboost_20_1_3_1_0.2  Lrnr_xgboost_20_1_3_2_0.2 
                 0.1087321                  0.1074437 
 Lrnr_xgboost_20_1_3_3_0.2  Lrnr_xgboost_20_1_3_4_0.2 
                 0.1065283                  0.1064661 
 Lrnr_xgboost_20_1_3_5_0.2  Lrnr_xgboost_20_1_3_6_0.2 
                 0.1066024                  0.1071864 
Lrnr_xgboost_20_1_3_1_0.15 Lrnr_xgboost_20_1_3_2_0.15 
                 0.1100125                  0.1081886 
Lrnr_xgboost_20_1_3_3_0.15 Lrnr_xgboost_20_1_3_4_0.15 
                 0.1070910                  0.1068878 
Lrnr_xgboost_20_1_3_5_0.15 Lrnr_xgboost_20_1_3_6_0.15 
                 0.1070924                  0.1072775 
 Lrnr_xgboost_20_1_3_1_0.3  Lrnr_xgboost_20_1_3_2_0.3 
                 0.1828862                  0.1827964 
 Lrnr_xgboost_20_1_3_3_0.3  Lrnr_xgboost_20_1_3_4_0.3 
                 0.1831010                  0.1836237 
 Lrnr_xgboost_20_1_3_5_0.3  Lrnr_xgboost_20_1_3_6_0.3 
                 0.1844454                  0.1862028 
Lrnr_xgboost_20_1_3_1_0.25 Lrnr_xgboost_20_1_3_2_0.25 
                 0.1829877                  0.1828143 
Lrnr_xgboost_20_1_3_3_0.25 Lrnr_xgboost_20_1_3_4_0.25 
                 0.1830171                  0.1834491 
Lrnr_xgboost_20_1_3_5_0.25 Lrnr_xgboost_20_1_3_6_0.25 
                 0.1843275                  0.1857007 
 Lrnr_xgboost_20_1_3_1_0.2  Lrnr_xgboost_20_1_3_2_0.2 
                 0.1831617                  0.1829383 
 Lrnr_xgboost_20_1_3_3_0.2  Lrnr_xgboost_20_1_3_4_0.2 
                 0.1830627                  0.1832765 
 Lrnr_xgboost_20_1_3_5_0.2  Lrnr_xgboost_20_1_3_6_0.2 
                 0.1838872                  0.1848257 
Lrnr_xgboost_20_1_3_1_0.15 Lrnr_xgboost_20_1_3_2_0.15 
                 0.1834298                  0.1831921 
Lrnr_xgboost_20_1_3_3_0.15 Lrnr_xgboost_20_1_3_4_0.15 
                 0.1831632                  0.1832679 
Lrnr_xgboost_20_1_3_5_0.15 Lrnr_xgboost_20_1_3_6_0.15 
                 0.1838113                  0.1847084 
[1] "done"
NULL
NULL
NULL
[1] "done"
[1] "all"
[1] -0.02269160 -0.02519963
[1] "iter: 5"
[1] 11984    75
 Lrnr_xgboost_20_1_3_1_0.3  Lrnr_xgboost_20_1_3_2_0.3 
                 0.1739482                  0.1729033 
 Lrnr_xgboost_20_1_3_3_0.3  Lrnr_xgboost_20_1_3_4_0.3 
                 0.1722497                  0.1740871 
 Lrnr_xgboost_20_1_3_5_0.3  Lrnr_xgboost_20_1_3_6_0.3 
                 0.1751927                  0.1775070 
Lrnr_xgboost_20_1_3_1_0.25 Lrnr_xgboost_20_1_3_2_0.25 
                 0.1750371                  0.1737462 
Lrnr_xgboost_20_1_3_3_0.25 Lrnr_xgboost_20_1_3_4_0.25 
                 0.1728584                  0.1736507 
Lrnr_xgboost_20_1_3_5_0.25 Lrnr_xgboost_20_1_3_6_0.25 
                 0.1753445                  0.1772506 
 Lrnr_xgboost_20_1_3_1_0.2  Lrnr_xgboost_20_1_3_2_0.2 
                 0.1765814                  0.1744818 
 Lrnr_xgboost_20_1_3_3_0.2  Lrnr_xgboost_20_1_3_4_0.2 
                 0.1728647                  0.1733444 
 Lrnr_xgboost_20_1_3_5_0.2  Lrnr_xgboost_20_1_3_6_0.2 
                 0.1738338                  0.1753076 
Lrnr_xgboost_20_1_3_1_0.15 Lrnr_xgboost_20_1_3_2_0.15 
                 0.1785301                  0.1757670 
Lrnr_xgboost_20_1_3_3_0.15 Lrnr_xgboost_20_1_3_4_0.15 
                 0.1739114                  0.1736499 
Lrnr_xgboost_20_1_3_5_0.15 Lrnr_xgboost_20_1_3_6_0.15 
                 0.1740050                  0.1745073 
 Lrnr_xgboost_20_1_3_1_0.3  Lrnr_xgboost_20_1_3_2_0.3 
                 0.1127708                  0.1121318 
 Lrnr_xgboost_20_1_3_3_0.3  Lrnr_xgboost_20_1_3_4_0.3 
                 0.1124232                  0.1125928 
 Lrnr_xgboost_20_1_3_5_0.3  Lrnr_xgboost_20_1_3_6_0.3 
                 0.1133011                  0.1134081 
Lrnr_xgboost_20_1_3_1_0.25 Lrnr_xgboost_20_1_3_2_0.25 
                 0.1129870                  0.1122209 
Lrnr_xgboost_20_1_3_3_0.25 Lrnr_xgboost_20_1_3_4_0.25 
                 0.1122051                  0.1124168 
Lrnr_xgboost_20_1_3_5_0.25 Lrnr_xgboost_20_1_3_6_0.25 
                 0.1129370                  0.1134914 
 Lrnr_xgboost_20_1_3_1_0.2  Lrnr_xgboost_20_1_3_2_0.2 
                 0.1134589                  0.1125081 
 Lrnr_xgboost_20_1_3_3_0.2  Lrnr_xgboost_20_1_3_4_0.2 
                 0.1123926                  0.1125116 
 Lrnr_xgboost_20_1_3_5_0.2  Lrnr_xgboost_20_1_3_6_0.2 
                 0.1127206                  0.1132922 
Lrnr_xgboost_20_1_3_1_0.15 Lrnr_xgboost_20_1_3_2_0.15 
                 0.1142718                  0.1130020 
Lrnr_xgboost_20_1_3_3_0.15 Lrnr_xgboost_20_1_3_4_0.15 
                 0.1126789                  0.1127136 
Lrnr_xgboost_20_1_3_5_0.15 Lrnr_xgboost_20_1_3_6_0.15 
                 0.1129761                  0.1132817 
 Lrnr_xgboost_20_1_3_1_0.3  Lrnr_xgboost_20_1_3_2_0.3 
                 0.1852248                  0.1852582 
 Lrnr_xgboost_20_1_3_3_0.3  Lrnr_xgboost_20_1_3_4_0.3 
                 0.1854591                  0.1858930 
 Lrnr_xgboost_20_1_3_5_0.3  Lrnr_xgboost_20_1_3_6_0.3 
                 0.1862714                  0.1868317 
Lrnr_xgboost_20_1_3_1_0.25 Lrnr_xgboost_20_1_3_2_0.25 
                 0.1852676                  0.1851814 
Lrnr_xgboost_20_1_3_3_0.25 Lrnr_xgboost_20_1_3_4_0.25 
                 0.1854091                  0.1857263 
Lrnr_xgboost_20_1_3_5_0.25 Lrnr_xgboost_20_1_3_6_0.25 
                 0.1860971                  0.1867738 
 Lrnr_xgboost_20_1_3_1_0.2  Lrnr_xgboost_20_1_3_2_0.2 
                 0.1853355                  0.1852141 
 Lrnr_xgboost_20_1_3_3_0.2  Lrnr_xgboost_20_1_3_4_0.2 
                 0.1852602                  0.1856259 
 Lrnr_xgboost_20_1_3_5_0.2  Lrnr_xgboost_20_1_3_6_0.2 
                 0.1860085                  0.1863419 
Lrnr_xgboost_20_1_3_1_0.15 Lrnr_xgboost_20_1_3_2_0.15 
                 0.1855326                  0.1852880 
Lrnr_xgboost_20_1_3_3_0.15 Lrnr_xgboost_20_1_3_4_0.15 
                 0.1852930                  0.1855936 
Lrnr_xgboost_20_1_3_5_0.15 Lrnr_xgboost_20_1_3_6_0.15 
                 0.1857965                  0.1863342 
[1] "done"
NULL
NULL
NULL
[1] "done"
[1] "all"
[1] -0.01633235 -0.01697904
[1] "iter: 6"
[1] 11984    75
 Lrnr_xgboost_20_1_3_1_0.3  Lrnr_xgboost_20_1_3_2_0.3 
                 0.1636405                  0.1644969 
 Lrnr_xgboost_20_1_3_3_0.3  Lrnr_xgboost_20_1_3_4_0.3 
                 0.1649327                  0.1655392 
 Lrnr_xgboost_20_1_3_5_0.3  Lrnr_xgboost_20_1_3_6_0.3 
                 0.1660488                  0.1668516 
Lrnr_xgboost_20_1_3_1_0.25 Lrnr_xgboost_20_1_3_2_0.25 
                 0.1639631                  0.1642128 
Lrnr_xgboost_20_1_3_3_0.25 Lrnr_xgboost_20_1_3_4_0.25 
                 0.1648369                  0.1653213 
Lrnr_xgboost_20_1_3_5_0.25 Lrnr_xgboost_20_1_3_6_0.25 
                 0.1657248                  0.1665684 
 Lrnr_xgboost_20_1_3_1_0.2  Lrnr_xgboost_20_1_3_2_0.2 
                 0.1648179                  0.1643192 
 Lrnr_xgboost_20_1_3_3_0.2  Lrnr_xgboost_20_1_3_4_0.2 
                 0.1647535                  0.1650772 
 Lrnr_xgboost_20_1_3_5_0.2  Lrnr_xgboost_20_1_3_6_0.2 
                 0.1655176                  0.1660133 
Lrnr_xgboost_20_1_3_1_0.15 Lrnr_xgboost_20_1_3_2_0.15 
                 0.1661119                  0.1644501 
Lrnr_xgboost_20_1_3_3_0.15 Lrnr_xgboost_20_1_3_4_0.15 
                 0.1646769                  0.1648070 
Lrnr_xgboost_20_1_3_5_0.15 Lrnr_xgboost_20_1_3_6_0.15 
                 0.1655097                  0.1658895 
 Lrnr_xgboost_20_1_3_1_0.3  Lrnr_xgboost_20_1_3_2_0.3 
                 0.1129426                  0.1118351 
 Lrnr_xgboost_20_1_3_3_0.3  Lrnr_xgboost_20_1_3_4_0.3 
                 0.1117988                  0.1122257 
 Lrnr_xgboost_20_1_3_5_0.3  Lrnr_xgboost_20_1_3_6_0.3 
                 0.1129563                  0.1143132 
Lrnr_xgboost_20_1_3_1_0.25 Lrnr_xgboost_20_1_3_2_0.25 
                 0.1134373                  0.1122084 
Lrnr_xgboost_20_1_3_3_0.25 Lrnr_xgboost_20_1_3_4_0.25 
                 0.1116984                  0.1118367 
Lrnr_xgboost_20_1_3_5_0.25 Lrnr_xgboost_20_1_3_6_0.25 
                 0.1125578                  0.1143679 
 Lrnr_xgboost_20_1_3_1_0.2  Lrnr_xgboost_20_1_3_2_0.2 
                 0.1142900                  0.1126058 
 Lrnr_xgboost_20_1_3_3_0.2  Lrnr_xgboost_20_1_3_4_0.2 
                 0.1120855                  0.1120882 
 Lrnr_xgboost_20_1_3_5_0.2  Lrnr_xgboost_20_1_3_6_0.2 
                 0.1125674                  0.1135494 
Lrnr_xgboost_20_1_3_1_0.15 Lrnr_xgboost_20_1_3_2_0.15 
                 0.1154335                  0.1133445 
Lrnr_xgboost_20_1_3_3_0.15 Lrnr_xgboost_20_1_3_4_0.15 
                 0.1127858                  0.1126429 
Lrnr_xgboost_20_1_3_5_0.15 Lrnr_xgboost_20_1_3_6_0.15 
                 0.1128391                  0.1136936 
 Lrnr_xgboost_20_1_3_1_0.3  Lrnr_xgboost_20_1_3_2_0.3 
                 0.1865440                  0.1864693 
 Lrnr_xgboost_20_1_3_3_0.3  Lrnr_xgboost_20_1_3_4_0.3 
                 0.1866727                  0.1870294 
 Lrnr_xgboost_20_1_3_5_0.3  Lrnr_xgboost_20_1_3_6_0.3 
                 0.1879696                  0.1889380 
Lrnr_xgboost_20_1_3_1_0.25 Lrnr_xgboost_20_1_3_2_0.25 
                 0.1866408                  0.1865126 
Lrnr_xgboost_20_1_3_3_0.25 Lrnr_xgboost_20_1_3_4_0.25 
                 0.1865498                  0.1870342 
Lrnr_xgboost_20_1_3_5_0.25 Lrnr_xgboost_20_1_3_6_0.25 
                 0.1875842                  0.1884285 
 Lrnr_xgboost_20_1_3_1_0.2  Lrnr_xgboost_20_1_3_2_0.2 
                 0.1867647                  0.1864729 
 Lrnr_xgboost_20_1_3_3_0.2  Lrnr_xgboost_20_1_3_4_0.2 
                 0.1864256                  0.1866847 
 Lrnr_xgboost_20_1_3_5_0.2  Lrnr_xgboost_20_1_3_6_0.2 
                 0.1874675                  0.1881833 
Lrnr_xgboost_20_1_3_1_0.15 Lrnr_xgboost_20_1_3_2_0.15 
                 0.1869821                  0.1865979 
Lrnr_xgboost_20_1_3_3_0.15 Lrnr_xgboost_20_1_3_4_0.15 
                 0.1865909                  0.1866660 
Lrnr_xgboost_20_1_3_5_0.15 Lrnr_xgboost_20_1_3_6_0.15 
                 0.1872088                  0.1879560 
[1] "done"
NULL
NULL
NULL
[1] "done"
[1] "all"
[1] -0.006685998 -0.008592141
[1] "iter: 7"
[1] 11984    75
 Lrnr_xgboost_20_1_3_1_0.3  Lrnr_xgboost_20_1_3_2_0.3 
                 0.1704218                  0.1705577 
 Lrnr_xgboost_20_1_3_3_0.3  Lrnr_xgboost_20_1_3_4_0.3 
                 0.1720096                  0.1725313 
 Lrnr_xgboost_20_1_3_5_0.3  Lrnr_xgboost_20_1_3_6_0.3 
                 0.1725998                  0.1727512 
Lrnr_xgboost_20_1_3_1_0.25 Lrnr_xgboost_20_1_3_2_0.25 
                 0.1709024                  0.1705401 
Lrnr_xgboost_20_1_3_3_0.25 Lrnr_xgboost_20_1_3_4_0.25 
                 0.1715648                  0.1721098 
Lrnr_xgboost_20_1_3_5_0.25 Lrnr_xgboost_20_1_3_6_0.25 
                 0.1723925                  0.1726573 
 Lrnr_xgboost_20_1_3_1_0.2  Lrnr_xgboost_20_1_3_2_0.2 
                 0.1717725                  0.1710424 
 Lrnr_xgboost_20_1_3_3_0.2  Lrnr_xgboost_20_1_3_4_0.2 
                 0.1715789                  0.1720622 
 Lrnr_xgboost_20_1_3_5_0.2  Lrnr_xgboost_20_1_3_6_0.2 
                 0.1722256                  0.1729247 
Lrnr_xgboost_20_1_3_1_0.15 Lrnr_xgboost_20_1_3_2_0.15 
                 0.1726170                  0.1714751 
Lrnr_xgboost_20_1_3_3_0.15 Lrnr_xgboost_20_1_3_4_0.15 
                 0.1717928                  0.1718424 
Lrnr_xgboost_20_1_3_5_0.15 Lrnr_xgboost_20_1_3_6_0.15 
                 0.1722056                  0.1726781 
 Lrnr_xgboost_20_1_3_1_0.3  Lrnr_xgboost_20_1_3_2_0.3 
                 0.1115898                  0.1105320 
 Lrnr_xgboost_20_1_3_3_0.3  Lrnr_xgboost_20_1_3_4_0.3 
                 0.1104976                  0.1106723 
 Lrnr_xgboost_20_1_3_5_0.3  Lrnr_xgboost_20_1_3_6_0.3 
                 0.1112242                  0.1124557 
Lrnr_xgboost_20_1_3_1_0.25 Lrnr_xgboost_20_1_3_2_0.25 
                 0.1117789                  0.1107137 
Lrnr_xgboost_20_1_3_3_0.25 Lrnr_xgboost_20_1_3_4_0.25 
                 0.1104997                  0.1105521 
Lrnr_xgboost_20_1_3_5_0.25 Lrnr_xgboost_20_1_3_6_0.25 
                 0.1112167                  0.1118174 
 Lrnr_xgboost_20_1_3_1_0.2  Lrnr_xgboost_20_1_3_2_0.2 
                 0.1124080                  0.1111463 
 Lrnr_xgboost_20_1_3_3_0.2  Lrnr_xgboost_20_1_3_4_0.2 
                 0.1104643                  0.1105582 
 Lrnr_xgboost_20_1_3_5_0.2  Lrnr_xgboost_20_1_3_6_0.2 
                 0.1107542                  0.1112514 
Lrnr_xgboost_20_1_3_1_0.15 Lrnr_xgboost_20_1_3_2_0.15 
                 0.1134807                  0.1117501 
Lrnr_xgboost_20_1_3_3_0.15 Lrnr_xgboost_20_1_3_4_0.15 
                 0.1112466                  0.1110643 
Lrnr_xgboost_20_1_3_5_0.15 Lrnr_xgboost_20_1_3_6_0.15 
                 0.1112170                  0.1113561 
 Lrnr_xgboost_20_1_3_1_0.3  Lrnr_xgboost_20_1_3_2_0.3 
                 0.1846187                  0.1845780 
 Lrnr_xgboost_20_1_3_3_0.3  Lrnr_xgboost_20_1_3_4_0.3 
                 0.1848885                  0.1851763 
 Lrnr_xgboost_20_1_3_5_0.3  Lrnr_xgboost_20_1_3_6_0.3 
                 0.1855733                  0.1857462 
Lrnr_xgboost_20_1_3_1_0.25 Lrnr_xgboost_20_1_3_2_0.25 
                 0.1846513                  0.1845534 
Lrnr_xgboost_20_1_3_3_0.25 Lrnr_xgboost_20_1_3_4_0.25 
                 0.1847774                  0.1850521 
Lrnr_xgboost_20_1_3_5_0.25 Lrnr_xgboost_20_1_3_6_0.25 
                 0.1854662                  0.1856697 
 Lrnr_xgboost_20_1_3_1_0.2  Lrnr_xgboost_20_1_3_2_0.2 
                 0.1847502                  0.1845503 
 Lrnr_xgboost_20_1_3_3_0.2  Lrnr_xgboost_20_1_3_4_0.2 
                 0.1847461                  0.1850135 
 Lrnr_xgboost_20_1_3_5_0.2  Lrnr_xgboost_20_1_3_6_0.2 
                 0.1853348                  0.1854683 
Lrnr_xgboost_20_1_3_1_0.15 Lrnr_xgboost_20_1_3_2_0.15 
                 0.1850121                  0.1846555 
Lrnr_xgboost_20_1_3_3_0.15 Lrnr_xgboost_20_1_3_4_0.15 
                 0.1848072                  0.1849805 
Lrnr_xgboost_20_1_3_5_0.15 Lrnr_xgboost_20_1_3_6_0.15 
                 0.1853119                  0.1854928 
[1] "done"
NULL
NULL
NULL
[1] "done"
[1] "all"
[1] -0.008700385 -0.012732827
[1] "iter: 8"
[1] 11984    75
 Lrnr_xgboost_20_1_3_1_0.3  Lrnr_xgboost_20_1_3_2_0.3 
                 0.1760010                  0.1740911 
 Lrnr_xgboost_20_1_3_3_0.3  Lrnr_xgboost_20_1_3_4_0.3 
                 0.1751707                  0.1762116 
 Lrnr_xgboost_20_1_3_5_0.3  Lrnr_xgboost_20_1_3_6_0.3 
                 0.1786809                  0.1817260 
Lrnr_xgboost_20_1_3_1_0.25 Lrnr_xgboost_20_1_3_2_0.25 
                 0.1771017                  0.1740218 
Lrnr_xgboost_20_1_3_3_0.25 Lrnr_xgboost_20_1_3_4_0.25 
                 0.1736373                  0.1759839 
Lrnr_xgboost_20_1_3_5_0.25 Lrnr_xgboost_20_1_3_6_0.25 
                 0.1783052                  0.1813326 
 Lrnr_xgboost_20_1_3_1_0.2  Lrnr_xgboost_20_1_3_2_0.2 
                 0.1788887                  0.1748601 
 Lrnr_xgboost_20_1_3_3_0.2  Lrnr_xgboost_20_1_3_4_0.2 
                 0.1742813                  0.1753212 
 Lrnr_xgboost_20_1_3_5_0.2  Lrnr_xgboost_20_1_3_6_0.2 
                 0.1776931                  0.1791518 
Lrnr_xgboost_20_1_3_1_0.15 Lrnr_xgboost_20_1_3_2_0.15 
                 0.1806947                  0.1765436 
Lrnr_xgboost_20_1_3_3_0.15 Lrnr_xgboost_20_1_3_4_0.15 
                 0.1752857                  0.1752073 
Lrnr_xgboost_20_1_3_5_0.15 Lrnr_xgboost_20_1_3_6_0.15 
                 0.1769720                  0.1787339 
 Lrnr_xgboost_20_1_3_1_0.3  Lrnr_xgboost_20_1_3_2_0.3 
                 0.1040849                  0.1035358 
 Lrnr_xgboost_20_1_3_3_0.3  Lrnr_xgboost_20_1_3_4_0.3 
                 0.1033097                  0.1036124 
 Lrnr_xgboost_20_1_3_5_0.3  Lrnr_xgboost_20_1_3_6_0.3 
                 0.1039880                  0.1048371 
Lrnr_xgboost_20_1_3_1_0.25 Lrnr_xgboost_20_1_3_2_0.25 
                 0.1042623                  0.1037273 
Lrnr_xgboost_20_1_3_3_0.25 Lrnr_xgboost_20_1_3_4_0.25 
                 0.1033065                  0.1033496 
Lrnr_xgboost_20_1_3_5_0.25 Lrnr_xgboost_20_1_3_6_0.25 
                 0.1035932                  0.1043799 
 Lrnr_xgboost_20_1_3_1_0.2  Lrnr_xgboost_20_1_3_2_0.2 
                 0.1048295                  0.1038391 
 Lrnr_xgboost_20_1_3_3_0.2  Lrnr_xgboost_20_1_3_4_0.2 
                 0.1033714                  0.1034226 
 Lrnr_xgboost_20_1_3_5_0.2  Lrnr_xgboost_20_1_3_6_0.2 
                 0.1038461                  0.1041959 
Lrnr_xgboost_20_1_3_1_0.15 Lrnr_xgboost_20_1_3_2_0.15 
                 0.1056813                  0.1044847 
Lrnr_xgboost_20_1_3_3_0.15 Lrnr_xgboost_20_1_3_4_0.15 
                 0.1040602                  0.1039847 
Lrnr_xgboost_20_1_3_5_0.15 Lrnr_xgboost_20_1_3_6_0.15 
                 0.1041909                  0.1046917 
 Lrnr_xgboost_20_1_3_1_0.3  Lrnr_xgboost_20_1_3_2_0.3 
                 0.1863277                  0.1862842 
 Lrnr_xgboost_20_1_3_3_0.3  Lrnr_xgboost_20_1_3_4_0.3 
                 0.1864975                  0.1870027 
 Lrnr_xgboost_20_1_3_5_0.3  Lrnr_xgboost_20_1_3_6_0.3 
                 0.1884663                  0.1895063 
Lrnr_xgboost_20_1_3_1_0.25 Lrnr_xgboost_20_1_3_2_0.25 
                 0.1864116                  0.1862884 
Lrnr_xgboost_20_1_3_3_0.25 Lrnr_xgboost_20_1_3_4_0.25 
                 0.1863409                  0.1869745 
Lrnr_xgboost_20_1_3_5_0.25 Lrnr_xgboost_20_1_3_6_0.25 
                 0.1880808                  0.1888931 
 Lrnr_xgboost_20_1_3_1_0.2  Lrnr_xgboost_20_1_3_2_0.2 
                 0.1865712                  0.1863623 
 Lrnr_xgboost_20_1_3_3_0.2  Lrnr_xgboost_20_1_3_4_0.2 
                 0.1863846                  0.1867093 
 Lrnr_xgboost_20_1_3_5_0.2  Lrnr_xgboost_20_1_3_6_0.2 
                 0.1874007                  0.1879762 
Lrnr_xgboost_20_1_3_1_0.15 Lrnr_xgboost_20_1_3_2_0.15 
                 0.1868777                  0.1865034 
Lrnr_xgboost_20_1_3_3_0.15 Lrnr_xgboost_20_1_3_4_0.15 
                 0.1863739                  0.1865919 
Lrnr_xgboost_20_1_3_5_0.15 Lrnr_xgboost_20_1_3_6_0.15 
                 0.1870087                  0.1876165 
[1] "done"
NULL
NULL
NULL
[1] "done"
[1] "all"
[1] -0.02498468 -0.02620900
[1] "iter: 9"
[1] 11984    75
 Lrnr_xgboost_20_1_3_1_0.3  Lrnr_xgboost_20_1_3_2_0.3 
                 0.1720364                  0.1721112 
 Lrnr_xgboost_20_1_3_3_0.3  Lrnr_xgboost_20_1_3_4_0.3 
                 0.1733392                  0.1743028 
 Lrnr_xgboost_20_1_3_5_0.3  Lrnr_xgboost_20_1_3_6_0.3 
                 0.1763611                  0.1777688 
Lrnr_xgboost_20_1_3_1_0.25 Lrnr_xgboost_20_1_3_2_0.25 
                 0.1723870                  0.1721849 
Lrnr_xgboost_20_1_3_3_0.25 Lrnr_xgboost_20_1_3_4_0.25 
                 0.1730328                  0.1735998 
Lrnr_xgboost_20_1_3_5_0.25 Lrnr_xgboost_20_1_3_6_0.25 
                 0.1744718                  0.1767413 
 Lrnr_xgboost_20_1_3_1_0.2  Lrnr_xgboost_20_1_3_2_0.2 
                 0.1730765                  0.1721356 
 Lrnr_xgboost_20_1_3_3_0.2  Lrnr_xgboost_20_1_3_4_0.2 
                 0.1722550                  0.1729138 
 Lrnr_xgboost_20_1_3_5_0.2  Lrnr_xgboost_20_1_3_6_0.2 
                 0.1739132                  0.1750175 
Lrnr_xgboost_20_1_3_1_0.15 Lrnr_xgboost_20_1_3_2_0.15 
                 0.1738402                  0.1727016 
Lrnr_xgboost_20_1_3_3_0.15 Lrnr_xgboost_20_1_3_4_0.15 
                 0.1726665                  0.1725630 
Lrnr_xgboost_20_1_3_5_0.15 Lrnr_xgboost_20_1_3_6_0.15 
                 0.1728990                  0.1744162 
 Lrnr_xgboost_20_1_3_1_0.3  Lrnr_xgboost_20_1_3_2_0.3 
                 0.1104969                  0.1098173 
 Lrnr_xgboost_20_1_3_3_0.3  Lrnr_xgboost_20_1_3_4_0.3 
                 0.1099370                  0.1104268 
 Lrnr_xgboost_20_1_3_5_0.3  Lrnr_xgboost_20_1_3_6_0.3 
                 0.1109000                  0.1119055 
Lrnr_xgboost_20_1_3_1_0.25 Lrnr_xgboost_20_1_3_2_0.25 
                 0.1107816                  0.1099147 
Lrnr_xgboost_20_1_3_3_0.25 Lrnr_xgboost_20_1_3_4_0.25 
                 0.1099472                  0.1101854 
Lrnr_xgboost_20_1_3_5_0.25 Lrnr_xgboost_20_1_3_6_0.25 
                 0.1104433                  0.1114245 
 Lrnr_xgboost_20_1_3_1_0.2  Lrnr_xgboost_20_1_3_2_0.2 
                 0.1112834                  0.1103826 
 Lrnr_xgboost_20_1_3_3_0.2  Lrnr_xgboost_20_1_3_4_0.2 
                 0.1099611                  0.1100429 
 Lrnr_xgboost_20_1_3_5_0.2  Lrnr_xgboost_20_1_3_6_0.2 
                 0.1102259                  0.1108896 
Lrnr_xgboost_20_1_3_1_0.15 Lrnr_xgboost_20_1_3_2_0.15 
                 0.1123429                  0.1108877 
Lrnr_xgboost_20_1_3_3_0.15 Lrnr_xgboost_20_1_3_4_0.15 
                 0.1104833                  0.1101872 
Lrnr_xgboost_20_1_3_5_0.15 Lrnr_xgboost_20_1_3_6_0.15 
                 0.1103478                  0.1111790 
 Lrnr_xgboost_20_1_3_1_0.3  Lrnr_xgboost_20_1_3_2_0.3 
                 0.1852931                  0.1850698 
 Lrnr_xgboost_20_1_3_3_0.3  Lrnr_xgboost_20_1_3_4_0.3 
                 0.1856277                  0.1862488 
 Lrnr_xgboost_20_1_3_5_0.3  Lrnr_xgboost_20_1_3_6_0.3 
                 0.1869327                  0.1879750 
Lrnr_xgboost_20_1_3_1_0.25 Lrnr_xgboost_20_1_3_2_0.25 
                 0.1854797                  0.1851544 
Lrnr_xgboost_20_1_3_3_0.25 Lrnr_xgboost_20_1_3_4_0.25 
                 0.1855269                  0.1859679 
Lrnr_xgboost_20_1_3_5_0.25 Lrnr_xgboost_20_1_3_6_0.25 
                 0.1864455                  0.1875349 
 Lrnr_xgboost_20_1_3_1_0.2  Lrnr_xgboost_20_1_3_2_0.2 
                 0.1856345                  0.1852168 
 Lrnr_xgboost_20_1_3_3_0.2  Lrnr_xgboost_20_1_3_4_0.2 
                 0.1853647                  0.1856199 
 Lrnr_xgboost_20_1_3_5_0.2  Lrnr_xgboost_20_1_3_6_0.2 
                 0.1862416                  0.1867769 
Lrnr_xgboost_20_1_3_1_0.15 Lrnr_xgboost_20_1_3_2_0.15 
                 0.1859473                  0.1855454 
Lrnr_xgboost_20_1_3_3_0.15 Lrnr_xgboost_20_1_3_4_0.15 
                 0.1854229                  0.1855702 
Lrnr_xgboost_20_1_3_5_0.15 Lrnr_xgboost_20_1_3_6_0.15 
                 0.1857511                  0.1862067 
[1] "done"
NULL
NULL
NULL
[1] "done"
[1] "all"
[1] -0.008515461 -0.011454955
[1] "iter: 10"
[1] 11984    75
 Lrnr_xgboost_20_1_3_1_0.3  Lrnr_xgboost_20_1_3_2_0.3 
                 0.1711825                  0.1699748 
 Lrnr_xgboost_20_1_3_3_0.3  Lrnr_xgboost_20_1_3_4_0.3 
                 0.1709979                  0.1715211 
 Lrnr_xgboost_20_1_3_5_0.3  Lrnr_xgboost_20_1_3_6_0.3 
                 0.1727509                  0.1739513 
Lrnr_xgboost_20_1_3_1_0.25 Lrnr_xgboost_20_1_3_2_0.25 
                 0.1722585                  0.1704726 
Lrnr_xgboost_20_1_3_3_0.25 Lrnr_xgboost_20_1_3_4_0.25 
                 0.1710373                  0.1714270 
Lrnr_xgboost_20_1_3_5_0.25 Lrnr_xgboost_20_1_3_6_0.25 
                 0.1719788                  0.1729579 
 Lrnr_xgboost_20_1_3_1_0.2  Lrnr_xgboost_20_1_3_2_0.2 
                 0.1733158                  0.1708206 
 Lrnr_xgboost_20_1_3_3_0.2  Lrnr_xgboost_20_1_3_4_0.2 
                 0.1707431                  0.1713509 
 Lrnr_xgboost_20_1_3_5_0.2  Lrnr_xgboost_20_1_3_6_0.2 
                 0.1717994                  0.1725223 
Lrnr_xgboost_20_1_3_1_0.15 Lrnr_xgboost_20_1_3_2_0.15 
                 0.1752374                  0.1720743 
Lrnr_xgboost_20_1_3_3_0.15 Lrnr_xgboost_20_1_3_4_0.15 
                 0.1713929                  0.1714428 
Lrnr_xgboost_20_1_3_5_0.15 Lrnr_xgboost_20_1_3_6_0.15 
                 0.1716319                  0.1720743 
 Lrnr_xgboost_20_1_3_1_0.3  Lrnr_xgboost_20_1_3_2_0.3 
                 0.1053951                  0.1049518 
 Lrnr_xgboost_20_1_3_3_0.3  Lrnr_xgboost_20_1_3_4_0.3 
                 0.1050941                  0.1057875 
 Lrnr_xgboost_20_1_3_5_0.3  Lrnr_xgboost_20_1_3_6_0.3 
                 0.1061120                  0.1070041 
Lrnr_xgboost_20_1_3_1_0.25 Lrnr_xgboost_20_1_3_2_0.25 
                 0.1057316                  0.1050981 
Lrnr_xgboost_20_1_3_3_0.25 Lrnr_xgboost_20_1_3_4_0.25 
                 0.1051514                  0.1054121 
Lrnr_xgboost_20_1_3_5_0.25 Lrnr_xgboost_20_1_3_6_0.25 
                 0.1057788                  0.1071921 
 Lrnr_xgboost_20_1_3_1_0.2  Lrnr_xgboost_20_1_3_2_0.2 
                 0.1062095                  0.1054296 
 Lrnr_xgboost_20_1_3_3_0.2  Lrnr_xgboost_20_1_3_4_0.2 
                 0.1051791                  0.1054995 
 Lrnr_xgboost_20_1_3_5_0.2  Lrnr_xgboost_20_1_3_6_0.2 
                 0.1059271                  0.1063930 
Lrnr_xgboost_20_1_3_1_0.15 Lrnr_xgboost_20_1_3_2_0.15 
                 0.1070013                  0.1058789 
Lrnr_xgboost_20_1_3_3_0.15 Lrnr_xgboost_20_1_3_4_0.15 
                 0.1056889                  0.1058350 
Lrnr_xgboost_20_1_3_5_0.15 Lrnr_xgboost_20_1_3_6_0.15 
                 0.1061576                  0.1067470 
 Lrnr_xgboost_20_1_3_1_0.3  Lrnr_xgboost_20_1_3_2_0.3 
                 0.1875260                  0.1875091 
 Lrnr_xgboost_20_1_3_3_0.3  Lrnr_xgboost_20_1_3_4_0.3 
                 0.1877884                  0.1884804 
 Lrnr_xgboost_20_1_3_5_0.3  Lrnr_xgboost_20_1_3_6_0.3 
                 0.1891655                  0.1905203 
Lrnr_xgboost_20_1_3_1_0.25 Lrnr_xgboost_20_1_3_2_0.25 
                 0.1876575                  0.1874518 
Lrnr_xgboost_20_1_3_3_0.25 Lrnr_xgboost_20_1_3_4_0.25 
                 0.1875981                  0.1882093 
Lrnr_xgboost_20_1_3_5_0.25 Lrnr_xgboost_20_1_3_6_0.25 
                 0.1889528                  0.1899334 
 Lrnr_xgboost_20_1_3_1_0.2  Lrnr_xgboost_20_1_3_2_0.2 
                 0.1877999                  0.1875106 
 Lrnr_xgboost_20_1_3_3_0.2  Lrnr_xgboost_20_1_3_4_0.2 
                 0.1875543                  0.1877731 
 Lrnr_xgboost_20_1_3_5_0.2  Lrnr_xgboost_20_1_3_6_0.2 
                 0.1886381                  0.1894206 
Lrnr_xgboost_20_1_3_1_0.15 Lrnr_xgboost_20_1_3_2_0.15 
                 0.1881061                  0.1876875 
Lrnr_xgboost_20_1_3_3_0.15 Lrnr_xgboost_20_1_3_4_0.15 
                 0.1875724                  0.1879605 
Lrnr_xgboost_20_1_3_5_0.15 Lrnr_xgboost_20_1_3_6_0.15 
                 0.1883948                  0.1889488 
[1] "done"
NULL
NULL
NULL
[1] "done"
[1] "all"
[1] -0.01531979 -0.01738637
[1] "iter: 11"
[1] 11984    75
 Lrnr_xgboost_20_1_3_1_0.3  Lrnr_xgboost_20_1_3_2_0.3 
                 0.1705797                  0.1698837 
 Lrnr_xgboost_20_1_3_3_0.3  Lrnr_xgboost_20_1_3_4_0.3 
                 0.1701712                  0.1709501 
 Lrnr_xgboost_20_1_3_5_0.3  Lrnr_xgboost_20_1_3_6_0.3 
                 0.1711625                  0.1727192 
Lrnr_xgboost_20_1_3_1_0.25 Lrnr_xgboost_20_1_3_2_0.25 
                 0.1714700                  0.1701763 
Lrnr_xgboost_20_1_3_3_0.25 Lrnr_xgboost_20_1_3_4_0.25 
                 0.1696610                  0.1700975 
Lrnr_xgboost_20_1_3_5_0.25 Lrnr_xgboost_20_1_3_6_0.25 
                 0.1711084                  0.1719348 
 Lrnr_xgboost_20_1_3_1_0.2  Lrnr_xgboost_20_1_3_2_0.2 
                 0.1723960                  0.1705173 
 Lrnr_xgboost_20_1_3_3_0.2  Lrnr_xgboost_20_1_3_4_0.2 
                 0.1700558                  0.1698266 
 Lrnr_xgboost_20_1_3_5_0.2  Lrnr_xgboost_20_1_3_6_0.2 
                 0.1709174                  0.1720764 
Lrnr_xgboost_20_1_3_1_0.15 Lrnr_xgboost_20_1_3_2_0.15 
                 0.1741695                  0.1714988 
Lrnr_xgboost_20_1_3_3_0.15 Lrnr_xgboost_20_1_3_4_0.15 
                 0.1706388                  0.1704125 
Lrnr_xgboost_20_1_3_5_0.15 Lrnr_xgboost_20_1_3_6_0.15 
                 0.1706096                  0.1714846 
 Lrnr_xgboost_20_1_3_1_0.3  Lrnr_xgboost_20_1_3_2_0.3 
                 0.1045017                  0.1036577 
 Lrnr_xgboost_20_1_3_3_0.3  Lrnr_xgboost_20_1_3_4_0.3 
                 0.1033161                  0.1034467 
 Lrnr_xgboost_20_1_3_5_0.3  Lrnr_xgboost_20_1_3_6_0.3 
                 0.1037426                  0.1049305 
Lrnr_xgboost_20_1_3_1_0.25 Lrnr_xgboost_20_1_3_2_0.25 
                 0.1048365                  0.1036535 
Lrnr_xgboost_20_1_3_3_0.25 Lrnr_xgboost_20_1_3_4_0.25 
                 0.1034812                  0.1033265 
Lrnr_xgboost_20_1_3_5_0.25 Lrnr_xgboost_20_1_3_6_0.25 
                 0.1039062                  0.1045871 
 Lrnr_xgboost_20_1_3_1_0.2  Lrnr_xgboost_20_1_3_2_0.2 
                 0.1052839                  0.1041183 
 Lrnr_xgboost_20_1_3_3_0.2  Lrnr_xgboost_20_1_3_4_0.2 
                 0.1036765                  0.1035881 
 Lrnr_xgboost_20_1_3_5_0.2  Lrnr_xgboost_20_1_3_6_0.2 
                 0.1038434                  0.1040954 
Lrnr_xgboost_20_1_3_1_0.15 Lrnr_xgboost_20_1_3_2_0.15 
                 0.1060806                  0.1046957 
Lrnr_xgboost_20_1_3_3_0.15 Lrnr_xgboost_20_1_3_4_0.15 
                 0.1043192                  0.1041010 
Lrnr_xgboost_20_1_3_5_0.15 Lrnr_xgboost_20_1_3_6_0.15 
                 0.1040206                  0.1046295 
 Lrnr_xgboost_20_1_3_1_0.3  Lrnr_xgboost_20_1_3_2_0.3 
                 0.1894001                  0.1887099 
 Lrnr_xgboost_20_1_3_3_0.3  Lrnr_xgboost_20_1_3_4_0.3 
                 0.1890449                  0.1897618 
 Lrnr_xgboost_20_1_3_5_0.3  Lrnr_xgboost_20_1_3_6_0.3 
                 0.1909733                  0.1920231 
Lrnr_xgboost_20_1_3_1_0.25 Lrnr_xgboost_20_1_3_2_0.25 
                 0.1894832                  0.1888866 
Lrnr_xgboost_20_1_3_3_0.25 Lrnr_xgboost_20_1_3_4_0.25 
                 0.1889424                  0.1895049 
Lrnr_xgboost_20_1_3_5_0.25 Lrnr_xgboost_20_1_3_6_0.25 
                 0.1900391                  0.1907500 
 Lrnr_xgboost_20_1_3_1_0.2  Lrnr_xgboost_20_1_3_2_0.2 
                 0.1895814                  0.1890050 
 Lrnr_xgboost_20_1_3_3_0.2  Lrnr_xgboost_20_1_3_4_0.2 
                 0.1889847                  0.1893952 
 Lrnr_xgboost_20_1_3_5_0.2  Lrnr_xgboost_20_1_3_6_0.2 
                 0.1898318                  0.1907776 
Lrnr_xgboost_20_1_3_1_0.15 Lrnr_xgboost_20_1_3_2_0.15 
                 0.1897833                  0.1892665 
Lrnr_xgboost_20_1_3_3_0.15 Lrnr_xgboost_20_1_3_4_0.15 
                 0.1890668                  0.1893823 
Lrnr_xgboost_20_1_3_5_0.15 Lrnr_xgboost_20_1_3_6_0.15 
                 0.1897293                  0.1901481 
[1] "done"
NULL
NULL
NULL
[1] "done"
[1] "all"
[1] -0.01610739 -0.01632560
[1] "iter: 12"
[1] 11984    75
 Lrnr_xgboost_20_1_3_1_0.3  Lrnr_xgboost_20_1_3_2_0.3 
                 0.1730375                  0.1729694 
 Lrnr_xgboost_20_1_3_3_0.3  Lrnr_xgboost_20_1_3_4_0.3 
                 0.1721554                  0.1719497 
 Lrnr_xgboost_20_1_3_5_0.3  Lrnr_xgboost_20_1_3_6_0.3 
                 0.1725920                  0.1730147 
Lrnr_xgboost_20_1_3_1_0.25 Lrnr_xgboost_20_1_3_2_0.25 
                 0.1739987                  0.1729936 
Lrnr_xgboost_20_1_3_3_0.25 Lrnr_xgboost_20_1_3_4_0.25 
                 0.1723094                  0.1722524 
Lrnr_xgboost_20_1_3_5_0.25 Lrnr_xgboost_20_1_3_6_0.25 
                 0.1723944                  0.1726236 
 Lrnr_xgboost_20_1_3_1_0.2  Lrnr_xgboost_20_1_3_2_0.2 
                 0.1755539                  0.1734503 
 Lrnr_xgboost_20_1_3_3_0.2  Lrnr_xgboost_20_1_3_4_0.2 
                 0.1723238                  0.1719474 
 Lrnr_xgboost_20_1_3_5_0.2  Lrnr_xgboost_20_1_3_6_0.2 
                 0.1719886                  0.1722649 
Lrnr_xgboost_20_1_3_1_0.15 Lrnr_xgboost_20_1_3_2_0.15 
                 0.1775960                  0.1745514 
Lrnr_xgboost_20_1_3_3_0.15 Lrnr_xgboost_20_1_3_4_0.15 
                 0.1729897                  0.1719152 
Lrnr_xgboost_20_1_3_5_0.15 Lrnr_xgboost_20_1_3_6_0.15 
                 0.1719634                  0.1723484 
 Lrnr_xgboost_20_1_3_1_0.3  Lrnr_xgboost_20_1_3_2_0.3 
                 0.1072960                  0.1066485 
 Lrnr_xgboost_20_1_3_3_0.3  Lrnr_xgboost_20_1_3_4_0.3 
                 0.1064203                  0.1066095 
 Lrnr_xgboost_20_1_3_5_0.3  Lrnr_xgboost_20_1_3_6_0.3 
                 0.1069494                  0.1073555 
Lrnr_xgboost_20_1_3_1_0.25 Lrnr_xgboost_20_1_3_2_0.25 
                 0.1074995                  0.1067563 
Lrnr_xgboost_20_1_3_3_0.25 Lrnr_xgboost_20_1_3_4_0.25 
                 0.1065953                  0.1066710 
Lrnr_xgboost_20_1_3_5_0.25 Lrnr_xgboost_20_1_3_6_0.25 
                 0.1067131                  0.1073266 
 Lrnr_xgboost_20_1_3_1_0.2  Lrnr_xgboost_20_1_3_2_0.2 
                 0.1078367                  0.1071680 
 Lrnr_xgboost_20_1_3_3_0.2  Lrnr_xgboost_20_1_3_4_0.2 
                 0.1067980                  0.1066952 
 Lrnr_xgboost_20_1_3_5_0.2  Lrnr_xgboost_20_1_3_6_0.2 
                 0.1066526                  0.1069529 
Lrnr_xgboost_20_1_3_1_0.15 Lrnr_xgboost_20_1_3_2_0.15 
                 0.1085155                  0.1076297 
Lrnr_xgboost_20_1_3_3_0.15 Lrnr_xgboost_20_1_3_4_0.15 
                 0.1071755                  0.1071544 
Lrnr_xgboost_20_1_3_5_0.15 Lrnr_xgboost_20_1_3_6_0.15 
                 0.1070642                  0.1072558 
 Lrnr_xgboost_20_1_3_1_0.3  Lrnr_xgboost_20_1_3_2_0.3 
                 0.1858991                  0.1858902 
 Lrnr_xgboost_20_1_3_3_0.3  Lrnr_xgboost_20_1_3_4_0.3 
                 0.1863404                  0.1869584 
 Lrnr_xgboost_20_1_3_5_0.3  Lrnr_xgboost_20_1_3_6_0.3 
                 0.1878817                  0.1888133 
Lrnr_xgboost_20_1_3_1_0.25 Lrnr_xgboost_20_1_3_2_0.25 
                 0.1860273                  0.1858678 
Lrnr_xgboost_20_1_3_3_0.25 Lrnr_xgboost_20_1_3_4_0.25 
                 0.1862012                  0.1863120 
Lrnr_xgboost_20_1_3_5_0.25 Lrnr_xgboost_20_1_3_6_0.25 
                 0.1873674                  0.1881622 
 Lrnr_xgboost_20_1_3_1_0.2  Lrnr_xgboost_20_1_3_2_0.2 
                 0.1861097                  0.1859036 
 Lrnr_xgboost_20_1_3_3_0.2  Lrnr_xgboost_20_1_3_4_0.2 
                 0.1861373                  0.1862522 
 Lrnr_xgboost_20_1_3_5_0.2  Lrnr_xgboost_20_1_3_6_0.2 
                 0.1870234                  0.1877788 
Lrnr_xgboost_20_1_3_1_0.15 Lrnr_xgboost_20_1_3_2_0.15 
                 0.1864473                  0.1860865 
Lrnr_xgboost_20_1_3_3_0.15 Lrnr_xgboost_20_1_3_4_0.15 
                 0.1860437                  0.1863323 
Lrnr_xgboost_20_1_3_5_0.15 Lrnr_xgboost_20_1_3_6_0.15 
                 0.1867090                  0.1872208 
[1] "done"
NULL
NULL
NULL
[1] "done"
[1] "all"
[1] -0.02897813 -0.03083227
[1] "iter: 13"
[1] 11984    75
 Lrnr_xgboost_20_1_3_1_0.3  Lrnr_xgboost_20_1_3_2_0.3 
                 0.1758264                  0.1750272 
 Lrnr_xgboost_20_1_3_3_0.3  Lrnr_xgboost_20_1_3_4_0.3 
                 0.1752702                  0.1765742 
 Lrnr_xgboost_20_1_3_5_0.3  Lrnr_xgboost_20_1_3_6_0.3 
                 0.1786000                  0.1805707 
Lrnr_xgboost_20_1_3_1_0.25 Lrnr_xgboost_20_1_3_2_0.25 
                 0.1766207                  0.1754865 
Lrnr_xgboost_20_1_3_3_0.25 Lrnr_xgboost_20_1_3_4_0.25 
                 0.1753557                  0.1761792 
Lrnr_xgboost_20_1_3_5_0.25 Lrnr_xgboost_20_1_3_6_0.25 
                 0.1779026                  0.1798628 
 Lrnr_xgboost_20_1_3_1_0.2  Lrnr_xgboost_20_1_3_2_0.2 
                 0.1782160                  0.1758274 
 Lrnr_xgboost_20_1_3_3_0.2  Lrnr_xgboost_20_1_3_4_0.2 
                 0.1752881                  0.1757167 
 Lrnr_xgboost_20_1_3_5_0.2  Lrnr_xgboost_20_1_3_6_0.2 
                 0.1770670                  0.1782592 
Lrnr_xgboost_20_1_3_1_0.15 Lrnr_xgboost_20_1_3_2_0.15 
                 0.1797746                  0.1768974 
Lrnr_xgboost_20_1_3_3_0.15 Lrnr_xgboost_20_1_3_4_0.15 
                 0.1760661                  0.1760102 
Lrnr_xgboost_20_1_3_5_0.15 Lrnr_xgboost_20_1_3_6_0.15 
                 0.1769809                  0.1780936 
 Lrnr_xgboost_20_1_3_1_0.3  Lrnr_xgboost_20_1_3_2_0.3 
                 0.1070857                  0.1065968 
 Lrnr_xgboost_20_1_3_3_0.3  Lrnr_xgboost_20_1_3_4_0.3 
                 0.1063273                  0.1066670 
 Lrnr_xgboost_20_1_3_5_0.3  Lrnr_xgboost_20_1_3_6_0.3 
                 0.1073683                  0.1080081 
Lrnr_xgboost_20_1_3_1_0.25 Lrnr_xgboost_20_1_3_2_0.25 
                 0.1074068                  0.1066099 
Lrnr_xgboost_20_1_3_3_0.25 Lrnr_xgboost_20_1_3_4_0.25 
                 0.1065047                  0.1066663 
Lrnr_xgboost_20_1_3_5_0.25 Lrnr_xgboost_20_1_3_6_0.25 
                 0.1070919                  0.1075019 
 Lrnr_xgboost_20_1_3_1_0.2  Lrnr_xgboost_20_1_3_2_0.2 
                 0.1077328                  0.1068411 
 Lrnr_xgboost_20_1_3_3_0.2  Lrnr_xgboost_20_1_3_4_0.2 
                 0.1067465                  0.1066299 
 Lrnr_xgboost_20_1_3_5_0.2  Lrnr_xgboost_20_1_3_6_0.2 
                 0.1067129                  0.1071641 
Lrnr_xgboost_20_1_3_1_0.15 Lrnr_xgboost_20_1_3_2_0.15 
                 0.1085094                  0.1075030 
Lrnr_xgboost_20_1_3_3_0.15 Lrnr_xgboost_20_1_3_4_0.15 
                 0.1070532                  0.1070364 
Lrnr_xgboost_20_1_3_5_0.15 Lrnr_xgboost_20_1_3_6_0.15 
                 0.1071363                  0.1072171 
 Lrnr_xgboost_20_1_3_1_0.3  Lrnr_xgboost_20_1_3_2_0.3 
                 0.1863040                  0.1860574 
 Lrnr_xgboost_20_1_3_3_0.3  Lrnr_xgboost_20_1_3_4_0.3 
                 0.1864493                  0.1870396 
 Lrnr_xgboost_20_1_3_5_0.3  Lrnr_xgboost_20_1_3_6_0.3 
                 0.1882116                  0.1895354 
Lrnr_xgboost_20_1_3_1_0.25 Lrnr_xgboost_20_1_3_2_0.25 
                 0.1864919                  0.1860720 
Lrnr_xgboost_20_1_3_3_0.25 Lrnr_xgboost_20_1_3_4_0.25 
                 0.1864212                  0.1869731 
Lrnr_xgboost_20_1_3_5_0.25 Lrnr_xgboost_20_1_3_6_0.25 
                 0.1874851                  0.1882158 
 Lrnr_xgboost_20_1_3_1_0.2  Lrnr_xgboost_20_1_3_2_0.2 
                 0.1867136                  0.1861176 
 Lrnr_xgboost_20_1_3_3_0.2  Lrnr_xgboost_20_1_3_4_0.2 
                 0.1863021                  0.1864923 
 Lrnr_xgboost_20_1_3_5_0.2  Lrnr_xgboost_20_1_3_6_0.2 
                 0.1871769                  0.1880116 
Lrnr_xgboost_20_1_3_1_0.15 Lrnr_xgboost_20_1_3_2_0.15 
                 0.1871767                  0.1862774 
Lrnr_xgboost_20_1_3_3_0.15 Lrnr_xgboost_20_1_3_4_0.15 
                 0.1862952                  0.1864013 
Lrnr_xgboost_20_1_3_5_0.15 Lrnr_xgboost_20_1_3_6_0.15 
                 0.1869877                  0.1874557 
[1] "done"
NULL
NULL
NULL
[1] "done"
[1] "all"
[1] -0.02025160 -0.02218007
[1] "iter: 14"
[1] 11984    75
 Lrnr_xgboost_20_1_3_1_0.3  Lrnr_xgboost_20_1_3_2_0.3 
                 0.1709827                  0.1709102 
 Lrnr_xgboost_20_1_3_3_0.3  Lrnr_xgboost_20_1_3_4_0.3 
                 0.1724668                  0.1733653 
 Lrnr_xgboost_20_1_3_5_0.3  Lrnr_xgboost_20_1_3_6_0.3 
                 0.1741519                  0.1769233 
Lrnr_xgboost_20_1_3_1_0.25 Lrnr_xgboost_20_1_3_2_0.25 
                 0.1716126                  0.1713085 
Lrnr_xgboost_20_1_3_3_0.25 Lrnr_xgboost_20_1_3_4_0.25 
                 0.1720224                  0.1729200 
Lrnr_xgboost_20_1_3_5_0.25 Lrnr_xgboost_20_1_3_6_0.25 
                 0.1736420                  0.1750356 
 Lrnr_xgboost_20_1_3_1_0.2  Lrnr_xgboost_20_1_3_2_0.2 
                 0.1725028                  0.1717399 
 Lrnr_xgboost_20_1_3_3_0.2  Lrnr_xgboost_20_1_3_4_0.2 
                 0.1720829                  0.1724306 
 Lrnr_xgboost_20_1_3_5_0.2  Lrnr_xgboost_20_1_3_6_0.2 
                 0.1722202                  0.1737176 
Lrnr_xgboost_20_1_3_1_0.15 Lrnr_xgboost_20_1_3_2_0.15 
                 0.1738001                  0.1722211 
Lrnr_xgboost_20_1_3_3_0.15 Lrnr_xgboost_20_1_3_4_0.15 
                 0.1720735                  0.1722037 
Lrnr_xgboost_20_1_3_5_0.15 Lrnr_xgboost_20_1_3_6_0.15 
                 0.1721435                  0.1728620 
 Lrnr_xgboost_20_1_3_1_0.3  Lrnr_xgboost_20_1_3_2_0.3 
                 0.1075514                  0.1070042 
 Lrnr_xgboost_20_1_3_3_0.3  Lrnr_xgboost_20_1_3_4_0.3 
                 0.1067399                  0.1070690 
 Lrnr_xgboost_20_1_3_5_0.3  Lrnr_xgboost_20_1_3_6_0.3 
                 0.1077527                  0.1087253 
Lrnr_xgboost_20_1_3_1_0.25 Lrnr_xgboost_20_1_3_2_0.25 
                 0.1079291                  0.1071595 
Lrnr_xgboost_20_1_3_3_0.25 Lrnr_xgboost_20_1_3_4_0.25 
                 0.1068117                  0.1069799 
Lrnr_xgboost_20_1_3_5_0.25 Lrnr_xgboost_20_1_3_6_0.25 
                 0.1076914                  0.1085957 
 Lrnr_xgboost_20_1_3_1_0.2  Lrnr_xgboost_20_1_3_2_0.2 
                 0.1083301                  0.1074540 
 Lrnr_xgboost_20_1_3_3_0.2  Lrnr_xgboost_20_1_3_4_0.2 
                 0.1069370                  0.1070490 
 Lrnr_xgboost_20_1_3_5_0.2  Lrnr_xgboost_20_1_3_6_0.2 
                 0.1075546                  0.1081408 
Lrnr_xgboost_20_1_3_1_0.15 Lrnr_xgboost_20_1_3_2_0.15 
                 0.1091262                  0.1078696 
Lrnr_xgboost_20_1_3_3_0.15 Lrnr_xgboost_20_1_3_4_0.15 
                 0.1073548                  0.1074945 
Lrnr_xgboost_20_1_3_5_0.15 Lrnr_xgboost_20_1_3_6_0.15 
                 0.1079788                  0.1083332 
 Lrnr_xgboost_20_1_3_1_0.3  Lrnr_xgboost_20_1_3_2_0.3 
                 0.1877660                  0.1876614 
 Lrnr_xgboost_20_1_3_3_0.3  Lrnr_xgboost_20_1_3_4_0.3 
                 0.1882084                  0.1888231 
 Lrnr_xgboost_20_1_3_5_0.3  Lrnr_xgboost_20_1_3_6_0.3 
                 0.1898314                  0.1913840 
Lrnr_xgboost_20_1_3_1_0.25 Lrnr_xgboost_20_1_3_2_0.25 
                 0.1878380                  0.1875833 
Lrnr_xgboost_20_1_3_3_0.25 Lrnr_xgboost_20_1_3_4_0.25 
                 0.1879033                  0.1886465 
Lrnr_xgboost_20_1_3_5_0.25 Lrnr_xgboost_20_1_3_6_0.25 
                 0.1893406                  0.1905672 
 Lrnr_xgboost_20_1_3_1_0.2  Lrnr_xgboost_20_1_3_2_0.2 
                 0.1879641                  0.1876602 
 Lrnr_xgboost_20_1_3_3_0.2  Lrnr_xgboost_20_1_3_4_0.2 
                 0.1878618                  0.1884576 
 Lrnr_xgboost_20_1_3_5_0.2  Lrnr_xgboost_20_1_3_6_0.2 
                 0.1891354                  0.1900022 
Lrnr_xgboost_20_1_3_1_0.15 Lrnr_xgboost_20_1_3_2_0.15 
                 0.1881932                  0.1878158 
Lrnr_xgboost_20_1_3_3_0.15 Lrnr_xgboost_20_1_3_4_0.15 
                 0.1878530                  0.1882227 
Lrnr_xgboost_20_1_3_5_0.15 Lrnr_xgboost_20_1_3_6_0.15 
                 0.1886966                  0.1895031 
[1] "done"
NULL
NULL
NULL
[1] "done"
[1] "all"
[1] -0.02024603 -0.02155673
[1] "iter: 15"
[1] 11984    75
 Lrnr_xgboost_20_1_3_1_0.3  Lrnr_xgboost_20_1_3_2_0.3 
                 0.1724517                  0.1721221 
 Lrnr_xgboost_20_1_3_3_0.3  Lrnr_xgboost_20_1_3_4_0.3 
                 0.1728047                  0.1745456 
 Lrnr_xgboost_20_1_3_5_0.3  Lrnr_xgboost_20_1_3_6_0.3 
                 0.1774053                  0.1793222 
Lrnr_xgboost_20_1_3_1_0.25 Lrnr_xgboost_20_1_3_2_0.25 
                 0.1728730                  0.1720582 
Lrnr_xgboost_20_1_3_3_0.25 Lrnr_xgboost_20_1_3_4_0.25 
                 0.1725380                  0.1736680 
Lrnr_xgboost_20_1_3_5_0.25 Lrnr_xgboost_20_1_3_6_0.25 
                 0.1758131                  0.1788429 
 Lrnr_xgboost_20_1_3_1_0.2  Lrnr_xgboost_20_1_3_2_0.2 
                 0.1735243                  0.1723998 
 Lrnr_xgboost_20_1_3_3_0.2  Lrnr_xgboost_20_1_3_4_0.2 
                 0.1727510                  0.1736132 
 Lrnr_xgboost_20_1_3_5_0.2  Lrnr_xgboost_20_1_3_6_0.2 
                 0.1757976                  0.1783197 
Lrnr_xgboost_20_1_3_1_0.15 Lrnr_xgboost_20_1_3_2_0.15 
                 0.1747667                  0.1733068 
Lrnr_xgboost_20_1_3_3_0.15 Lrnr_xgboost_20_1_3_4_0.15 
                 0.1730449                  0.1736325 
Lrnr_xgboost_20_1_3_5_0.15 Lrnr_xgboost_20_1_3_6_0.15 
                 0.1753803                  0.1764979 
 Lrnr_xgboost_20_1_3_1_0.3  Lrnr_xgboost_20_1_3_2_0.3 
                 0.1127558                  0.1115437 
 Lrnr_xgboost_20_1_3_3_0.3  Lrnr_xgboost_20_1_3_4_0.3 
                 0.1115748                  0.1117065 
 Lrnr_xgboost_20_1_3_5_0.3  Lrnr_xgboost_20_1_3_6_0.3 
                 0.1121184                  0.1128712 
Lrnr_xgboost_20_1_3_1_0.25 Lrnr_xgboost_20_1_3_2_0.25 
                 0.1130555                  0.1117085 
Lrnr_xgboost_20_1_3_3_0.25 Lrnr_xgboost_20_1_3_4_0.25 
                 0.1115597                  0.1116187 
Lrnr_xgboost_20_1_3_5_0.25 Lrnr_xgboost_20_1_3_6_0.25 
                 0.1120048                  0.1122889 
 Lrnr_xgboost_20_1_3_1_0.2  Lrnr_xgboost_20_1_3_2_0.2 
                 0.1135010                  0.1121765 
 Lrnr_xgboost_20_1_3_3_0.2  Lrnr_xgboost_20_1_3_4_0.2 
                 0.1118640                  0.1117451 
 Lrnr_xgboost_20_1_3_5_0.2  Lrnr_xgboost_20_1_3_6_0.2 
                 0.1119099                  0.1122313 
Lrnr_xgboost_20_1_3_1_0.15 Lrnr_xgboost_20_1_3_2_0.15 
                 0.1142908                  0.1129253 
Lrnr_xgboost_20_1_3_3_0.15 Lrnr_xgboost_20_1_3_4_0.15 
                 0.1123677                  0.1122704 
Lrnr_xgboost_20_1_3_5_0.15 Lrnr_xgboost_20_1_3_6_0.15 
                 0.1123196                  0.1123724 
 Lrnr_xgboost_20_1_3_1_0.3  Lrnr_xgboost_20_1_3_2_0.3 
                 0.1890122                  0.1891119 
 Lrnr_xgboost_20_1_3_3_0.3  Lrnr_xgboost_20_1_3_4_0.3 
                 0.1893386                  0.1898033 
 Lrnr_xgboost_20_1_3_5_0.3  Lrnr_xgboost_20_1_3_6_0.3 
                 0.1908400                  0.1926784 
Lrnr_xgboost_20_1_3_1_0.25 Lrnr_xgboost_20_1_3_2_0.25 
                 0.1891560                  0.1890837 
Lrnr_xgboost_20_1_3_3_0.25 Lrnr_xgboost_20_1_3_4_0.25 
                 0.1892477                  0.1895204 
Lrnr_xgboost_20_1_3_5_0.25 Lrnr_xgboost_20_1_3_6_0.25 
                 0.1902033                  0.1921604 
 Lrnr_xgboost_20_1_3_1_0.2  Lrnr_xgboost_20_1_3_2_0.2 
                 0.1893112                  0.1891266 
 Lrnr_xgboost_20_1_3_3_0.2  Lrnr_xgboost_20_1_3_4_0.2 
                 0.1892030                  0.1895043 
 Lrnr_xgboost_20_1_3_5_0.2  Lrnr_xgboost_20_1_3_6_0.2 
                 0.1900284                  0.1913902 
Lrnr_xgboost_20_1_3_1_0.15 Lrnr_xgboost_20_1_3_2_0.15 
                 0.1895545                  0.1892737 
Lrnr_xgboost_20_1_3_3_0.15 Lrnr_xgboost_20_1_3_4_0.15 
                 0.1892815                  0.1894502 
Lrnr_xgboost_20_1_3_5_0.15 Lrnr_xgboost_20_1_3_6_0.15 
                 0.1899477                  0.1906637 
[1] "done"
NULL
NULL
NULL
[1] "done"
[1] "all"
[1] -0.02305209 -0.02413284
[1] "iter: 16"
[1] 11984    75
 Lrnr_xgboost_20_1_3_1_0.3  Lrnr_xgboost_20_1_3_2_0.3 
                 0.1653601                  0.1651259 
 Lrnr_xgboost_20_1_3_3_0.3  Lrnr_xgboost_20_1_3_4_0.3 
                 0.1653729                  0.1661022 
 Lrnr_xgboost_20_1_3_5_0.3  Lrnr_xgboost_20_1_3_6_0.3 
                 0.1665583                  0.1677426 
Lrnr_xgboost_20_1_3_1_0.25 Lrnr_xgboost_20_1_3_2_0.25 
                 0.1659854                  0.1651409 
Lrnr_xgboost_20_1_3_3_0.25 Lrnr_xgboost_20_1_3_4_0.25 
                 0.1655430                  0.1660112 
Lrnr_xgboost_20_1_3_5_0.25 Lrnr_xgboost_20_1_3_6_0.25 
                 0.1664510                  0.1670541 
 Lrnr_xgboost_20_1_3_1_0.2  Lrnr_xgboost_20_1_3_2_0.2 
                 0.1669234                  0.1656944 
 Lrnr_xgboost_20_1_3_3_0.2  Lrnr_xgboost_20_1_3_4_0.2 
                 0.1655752                  0.1656592 
 Lrnr_xgboost_20_1_3_5_0.2  Lrnr_xgboost_20_1_3_6_0.2 
                 0.1661213                  0.1666631 
Lrnr_xgboost_20_1_3_1_0.15 Lrnr_xgboost_20_1_3_2_0.15 
                 0.1682811                  0.1666241 
Lrnr_xgboost_20_1_3_3_0.15 Lrnr_xgboost_20_1_3_4_0.15 
                 0.1660988                  0.1658689 
Lrnr_xgboost_20_1_3_5_0.15 Lrnr_xgboost_20_1_3_6_0.15 
                 0.1660098                  0.1662711 
 Lrnr_xgboost_20_1_3_1_0.3  Lrnr_xgboost_20_1_3_2_0.3 
                 0.1055892                  0.1053330 
 Lrnr_xgboost_20_1_3_3_0.3  Lrnr_xgboost_20_1_3_4_0.3 
                 0.1055275                  0.1057853 
 Lrnr_xgboost_20_1_3_5_0.3  Lrnr_xgboost_20_1_3_6_0.3 
                 0.1062976                  0.1068452 
Lrnr_xgboost_20_1_3_1_0.25 Lrnr_xgboost_20_1_3_2_0.25 
                 0.1057123                  0.1054934 
Lrnr_xgboost_20_1_3_3_0.25 Lrnr_xgboost_20_1_3_4_0.25 
                 0.1053886                  0.1056917 
Lrnr_xgboost_20_1_3_5_0.25 Lrnr_xgboost_20_1_3_6_0.25 
                 0.1059622                  0.1065884 
 Lrnr_xgboost_20_1_3_1_0.2  Lrnr_xgboost_20_1_3_2_0.2 
                 0.1061339                  0.1054124 
 Lrnr_xgboost_20_1_3_3_0.2  Lrnr_xgboost_20_1_3_4_0.2 
                 0.1054416                  0.1055684 
 Lrnr_xgboost_20_1_3_5_0.2  Lrnr_xgboost_20_1_3_6_0.2 
                 0.1059910                  0.1062691 
Lrnr_xgboost_20_1_3_1_0.15 Lrnr_xgboost_20_1_3_2_0.15 
                 0.1069554                  0.1059046 
Lrnr_xgboost_20_1_3_3_0.15 Lrnr_xgboost_20_1_3_4_0.15 
                 0.1057572                  0.1057448 
Lrnr_xgboost_20_1_3_5_0.15 Lrnr_xgboost_20_1_3_6_0.15 
                 0.1059369                  0.1065422 
 Lrnr_xgboost_20_1_3_1_0.3  Lrnr_xgboost_20_1_3_2_0.3 
                 0.1880739                  0.1882339 
 Lrnr_xgboost_20_1_3_3_0.3  Lrnr_xgboost_20_1_3_4_0.3 
                 0.1885717                  0.1891647 
 Lrnr_xgboost_20_1_3_5_0.3  Lrnr_xgboost_20_1_3_6_0.3 
                 0.1900511                  0.1916334 
Lrnr_xgboost_20_1_3_1_0.25 Lrnr_xgboost_20_1_3_2_0.25 
                 0.1881873                  0.1882336 
Lrnr_xgboost_20_1_3_3_0.25 Lrnr_xgboost_20_1_3_4_0.25 
                 0.1884936                  0.1891452 
Lrnr_xgboost_20_1_3_5_0.25 Lrnr_xgboost_20_1_3_6_0.25 
                 0.1898493                  0.1908055 
 Lrnr_xgboost_20_1_3_1_0.2  Lrnr_xgboost_20_1_3_2_0.2 
                 0.1883720                  0.1882185 
 Lrnr_xgboost_20_1_3_3_0.2  Lrnr_xgboost_20_1_3_4_0.2 
                 0.1884769                  0.1888712 
 Lrnr_xgboost_20_1_3_5_0.2  Lrnr_xgboost_20_1_3_6_0.2 
                 0.1894830                  0.1903278 
Lrnr_xgboost_20_1_3_1_0.15 Lrnr_xgboost_20_1_3_2_0.15 
                 0.1887561                  0.1883188 
Lrnr_xgboost_20_1_3_3_0.15 Lrnr_xgboost_20_1_3_4_0.15 
                 0.1884970                  0.1888319 
Lrnr_xgboost_20_1_3_5_0.15 Lrnr_xgboost_20_1_3_6_0.15 
                 0.1892340                  0.1898627 
[1] "done"
NULL
NULL
NULL
[1] "done"
[1] "all"
[1] -0.01091510 -0.01249324
[1] "iter: 17"
[1] 11984    75
 Lrnr_xgboost_20_1_3_1_0.3  Lrnr_xgboost_20_1_3_2_0.3 
                 0.1727156                  0.1722020 
 Lrnr_xgboost_20_1_3_3_0.3  Lrnr_xgboost_20_1_3_4_0.3 
                 0.1735432                  0.1734483 
 Lrnr_xgboost_20_1_3_5_0.3  Lrnr_xgboost_20_1_3_6_0.3 
                 0.1741953                  0.1745855 
Lrnr_xgboost_20_1_3_1_0.25 Lrnr_xgboost_20_1_3_2_0.25 
                 0.1737349                  0.1720976 
Lrnr_xgboost_20_1_3_3_0.25 Lrnr_xgboost_20_1_3_4_0.25 
                 0.1728323                  0.1737714 
Lrnr_xgboost_20_1_3_5_0.25 Lrnr_xgboost_20_1_3_6_0.25 
                 0.1739487                  0.1745173 
 Lrnr_xgboost_20_1_3_1_0.2  Lrnr_xgboost_20_1_3_2_0.2 
                 0.1747535                  0.1727115 
 Lrnr_xgboost_20_1_3_3_0.2  Lrnr_xgboost_20_1_3_4_0.2 
                 0.1724524                  0.1732759 
 Lrnr_xgboost_20_1_3_5_0.2  Lrnr_xgboost_20_1_3_6_0.2 
                 0.1736491                  0.1740564 
Lrnr_xgboost_20_1_3_1_0.15 Lrnr_xgboost_20_1_3_2_0.15 
                 0.1767977                  0.1732887 
Lrnr_xgboost_20_1_3_3_0.15 Lrnr_xgboost_20_1_3_4_0.15 
                 0.1732290                  0.1733587 
Lrnr_xgboost_20_1_3_5_0.15 Lrnr_xgboost_20_1_3_6_0.15 
                 0.1736096                  0.1736699 
 Lrnr_xgboost_20_1_3_1_0.3  Lrnr_xgboost_20_1_3_2_0.3 
                 0.1102998                  0.1097509 
 Lrnr_xgboost_20_1_3_3_0.3  Lrnr_xgboost_20_1_3_4_0.3 
                 0.1097818                  0.1100578 
 Lrnr_xgboost_20_1_3_5_0.3  Lrnr_xgboost_20_1_3_6_0.3 
                 0.1103535                  0.1111683 
Lrnr_xgboost_20_1_3_1_0.25 Lrnr_xgboost_20_1_3_2_0.25 
                 0.1103682                  0.1097643 
Lrnr_xgboost_20_1_3_3_0.25 Lrnr_xgboost_20_1_3_4_0.25 
                 0.1097602                  0.1100318 
Lrnr_xgboost_20_1_3_5_0.25 Lrnr_xgboost_20_1_3_6_0.25 
                 0.1105654                  0.1107176 
 Lrnr_xgboost_20_1_3_1_0.2  Lrnr_xgboost_20_1_3_2_0.2 
                 0.1107361                  0.1100703 
 Lrnr_xgboost_20_1_3_3_0.2  Lrnr_xgboost_20_1_3_4_0.2 
                 0.1098154                  0.1101394 
 Lrnr_xgboost_20_1_3_5_0.2  Lrnr_xgboost_20_1_3_6_0.2 
                 0.1105410                  0.1111060 
Lrnr_xgboost_20_1_3_1_0.15 Lrnr_xgboost_20_1_3_2_0.15 
                 0.1114777                  0.1105968 
Lrnr_xgboost_20_1_3_3_0.15 Lrnr_xgboost_20_1_3_4_0.15 
                 0.1102036                  0.1104180 
Lrnr_xgboost_20_1_3_5_0.15 Lrnr_xgboost_20_1_3_6_0.15 
                 0.1108482                  0.1112082 
 Lrnr_xgboost_20_1_3_1_0.3  Lrnr_xgboost_20_1_3_2_0.3 
                 0.1888523                  0.1890574 
 Lrnr_xgboost_20_1_3_3_0.3  Lrnr_xgboost_20_1_3_4_0.3 
                 0.1891998                  0.1897030 
 Lrnr_xgboost_20_1_3_5_0.3  Lrnr_xgboost_20_1_3_6_0.3 
                 0.1903329                  0.1909904 
Lrnr_xgboost_20_1_3_1_0.25 Lrnr_xgboost_20_1_3_2_0.25 
                 0.1889131                  0.1889800 
Lrnr_xgboost_20_1_3_3_0.25 Lrnr_xgboost_20_1_3_4_0.25 
                 0.1892085                  0.1896134 
Lrnr_xgboost_20_1_3_5_0.25 Lrnr_xgboost_20_1_3_6_0.25 
                 0.1899981                  0.1907301 
 Lrnr_xgboost_20_1_3_1_0.2  Lrnr_xgboost_20_1_3_2_0.2 
                 0.1890000                  0.1889950 
 Lrnr_xgboost_20_1_3_3_0.2  Lrnr_xgboost_20_1_3_4_0.2 
                 0.1890535                  0.1893108 
 Lrnr_xgboost_20_1_3_5_0.2  Lrnr_xgboost_20_1_3_6_0.2 
                 0.1897953                  0.1904152 
Lrnr_xgboost_20_1_3_1_0.15 Lrnr_xgboost_20_1_3_2_0.15 
                 0.1892299                  0.1890775 
Lrnr_xgboost_20_1_3_3_0.15 Lrnr_xgboost_20_1_3_4_0.15 
                 0.1890495                  0.1892757 
Lrnr_xgboost_20_1_3_5_0.15 Lrnr_xgboost_20_1_3_6_0.15 
                 0.1897014                  0.1901464 
[1] "done"
NULL
NULL
NULL
[1] "done"
[1] "all"
