LOADING R
R LOADED
[1] "/home/lvanderl/Rlibs2"                         
[2] "/app/software/R/4.3.1-gfbf-2022b/lib/R/library"
[1] "/home/lvanderl/sieveSims"
[1] "iter: 1"
[1] "Lrnr_cv"
[1] "Lrnr_earth_1_3_backward_0_1_0_0"                                                                                                                             
[2] "Lrnr_earth_2_3_backward_0_1_0_0"                                                                                                                             
[3] "Lrnr_earth_3_3_backward_0_1_0_0"                                                                                                                             
[4] "Lrnr_gam_A~s(W1, k = 25, bs='bs',m=c(1,1)) + s(W2, k = 25, bs='bs',m=c(1,1)) + s(W3, k = 25, bs='bs',m=c(1,1)) + s(W4, k = 25, bs='bs',m=c(1,1))_NULL_GCV.Cp"
[5] "Lrnr_gam_Y~s(W1, k = 25, bs='bs',m=c(1,1)) + s(W2, k = 25, bs='bs',m=c(1,1)) + s(W3, k = 25, bs='bs',m=c(1,1)) + s(W4, k = 25, bs='bs',m=c(1,1))_NULL_GCV.Cp"
[6] "Lrnr_glm_TRUE"                                                                                                                                               
[7] "Lrnr_glmnet_NULL_deviance_10_1_100_TRUE"                                                                                                                     
[1] "Lrnr_cv_selector_NULL"
                                                                                                                             Lrnr_earth_1_3_backward_0_1_0_0 
                                                                                                                                                   148.10292 
                                                                                                                             Lrnr_earth_2_3_backward_0_1_0_0 
                                                                                                                                                    53.40265 
                                                                                                                             Lrnr_earth_3_3_backward_0_1_0_0 
                                                                                                                                                    53.40265 
Lrnr_gam_Y~s(W1, k = 25, bs='bs',m=c(1,1)) + s(W2, k = 25, bs='bs',m=c(1,1)) + s(W3, k = 25, bs='bs',m=c(1,1)) + s(W4, k = 25, bs='bs',m=c(1,1))_NULL_GCV.Cp 
                                                                                                                                                   156.22721 
                                                                                                                                               Lrnr_glm_TRUE 
                                                                                                                                                   224.20534 
                                                                                                                     Lrnr_glmnet_NULL_deviance_10_1_100_TRUE 
                                                                                                                                                   235.11447 
                                                                                                                             Lrnr_earth_1_3_backward_0_1_0_0 
                                                                                                                                                   166.45402 
                                                                                                                             Lrnr_earth_2_3_backward_0_1_0_0 
                                                                                                                                                    51.98947 
                                                                                                                             Lrnr_earth_3_3_backward_0_1_0_0 
                                                                                                                                                    51.98947 
Lrnr_gam_Y~s(W1, k = 25, bs='bs',m=c(1,1)) + s(W2, k = 25, bs='bs',m=c(1,1)) + s(W3, k = 25, bs='bs',m=c(1,1)) + s(W4, k = 25, bs='bs',m=c(1,1))_NULL_GCV.Cp 
                                                                                                                                                   172.97430 
                                                                                                                                               Lrnr_glm_TRUE 
                                                                                                                                                   208.29669 
                                                                                                                     Lrnr_glmnet_NULL_deviance_10_1_100_TRUE 
                                                                                                                                                   159.73071 
[1] "done"
[1] "Lrnr_cv"
 [1] "Lrnr_xgboost_20_1_5_2_0.3"  "Lrnr_xgboost_20_1_5_3_0.3" 
 [3] "Lrnr_xgboost_20_1_5_4_0.3"  "Lrnr_xgboost_20_1_5_5_0.3" 
 [5] "Lrnr_xgboost_20_1_5_6_0.3"  "Lrnr_xgboost_20_1_5_2_0.25"
 [7] "Lrnr_xgboost_20_1_5_3_0.25" "Lrnr_xgboost_20_1_5_4_0.25"
 [9] "Lrnr_xgboost_20_1_5_5_0.25" "Lrnr_xgboost_20_1_5_6_0.25"
[11] "Lrnr_xgboost_20_1_5_2_0.2"  "Lrnr_xgboost_20_1_5_3_0.2" 
[13] "Lrnr_xgboost_20_1_5_4_0.2"  "Lrnr_xgboost_20_1_5_5_0.2" 
[15] "Lrnr_xgboost_20_1_5_6_0.2"  "Lrnr_xgboost_20_1_5_2_0.15"
[17] "Lrnr_xgboost_20_1_5_3_0.15" "Lrnr_xgboost_20_1_5_4_0.15"
[19] "Lrnr_xgboost_20_1_5_5_0.15" "Lrnr_xgboost_20_1_5_6_0.15"
[1] "Lrnr_cv_selector_NULL"
 Lrnr_xgboost_20_1_5_2_0.3  Lrnr_xgboost_20_1_5_3_0.3 
                 124.75762                   83.92564 
 Lrnr_xgboost_20_1_5_4_0.3  Lrnr_xgboost_20_1_5_5_0.3 
                  64.84125                   60.41521 
 Lrnr_xgboost_20_1_5_6_0.3 Lrnr_xgboost_20_1_5_2_0.25 
                  50.87514                  134.29956 
Lrnr_xgboost_20_1_5_3_0.25 Lrnr_xgboost_20_1_5_4_0.25 
                  83.87377                   69.67400 
Lrnr_xgboost_20_1_5_5_0.25 Lrnr_xgboost_20_1_5_6_0.25 
                  65.43959                   57.53918 
 Lrnr_xgboost_20_1_5_2_0.2  Lrnr_xgboost_20_1_5_3_0.2 
                 164.95050                   99.88044 
 Lrnr_xgboost_20_1_5_4_0.2  Lrnr_xgboost_20_1_5_5_0.2 
                  83.17080                   71.37057 
 Lrnr_xgboost_20_1_5_6_0.2 Lrnr_xgboost_20_1_5_2_0.15 
                  63.51933                  262.23793 
Lrnr_xgboost_20_1_5_3_0.15 Lrnr_xgboost_20_1_5_4_0.15 
                 191.40855                  165.68118 
Lrnr_xgboost_20_1_5_5_0.15 Lrnr_xgboost_20_1_5_6_0.15 
                 154.67682                  146.15719 
 Lrnr_xgboost_20_1_5_2_0.3  Lrnr_xgboost_20_1_5_3_0.3 
                 129.10931                   99.30493 
 Lrnr_xgboost_20_1_5_4_0.3  Lrnr_xgboost_20_1_5_5_0.3 
                  79.53355                   69.80333 
 Lrnr_xgboost_20_1_5_6_0.3 Lrnr_xgboost_20_1_5_2_0.25 
                  64.30259                  135.10579 
Lrnr_xgboost_20_1_5_3_0.25 Lrnr_xgboost_20_1_5_4_0.25 
                  97.99531                   75.69432 
Lrnr_xgboost_20_1_5_5_0.25 Lrnr_xgboost_20_1_5_6_0.25 
                  64.88024                   62.46233 
 Lrnr_xgboost_20_1_5_2_0.2  Lrnr_xgboost_20_1_5_3_0.2 
                 163.26785                  113.60652 
 Lrnr_xgboost_20_1_5_4_0.2  Lrnr_xgboost_20_1_5_5_0.2 
                  86.78642                   74.23373 
 Lrnr_xgboost_20_1_5_6_0.2 Lrnr_xgboost_20_1_5_2_0.15 
                  68.75733                  267.85253 
Lrnr_xgboost_20_1_5_3_0.15 Lrnr_xgboost_20_1_5_4_0.15 
                 196.22094                  160.19814 
Lrnr_xgboost_20_1_5_5_0.15 Lrnr_xgboost_20_1_5_6_0.15 
                 148.98715                  141.82358 
[1] "done"
[1] "Lrnr_cv"
[1] "Lrnr_ranger_500_TRUE_none_1_12"
[1] "Lrnr_cv_selector_NULL"
predictions 
   62.63973 
predictions 
   69.44968 
[1] "done"
[1] "Lrnr_cv"
[1] "Lrnr_glm_TRUE"
NULL
NULL
[1] "done"
[1] "iter: 2"
[1] "Lrnr_cv"
[1] "Lrnr_earth_1_3_backward_0_1_0_0"                                                                                                                             
[2] "Lrnr_earth_2_3_backward_0_1_0_0"                                                                                                                             
[3] "Lrnr_earth_3_3_backward_0_1_0_0"                                                                                                                             
[4] "Lrnr_gam_A~s(W1, k = 25, bs='bs',m=c(1,1)) + s(W2, k = 25, bs='bs',m=c(1,1)) + s(W3, k = 25, bs='bs',m=c(1,1)) + s(W4, k = 25, bs='bs',m=c(1,1))_NULL_GCV.Cp"
[5] "Lrnr_gam_Y~s(W1, k = 25, bs='bs',m=c(1,1)) + s(W2, k = 25, bs='bs',m=c(1,1)) + s(W3, k = 25, bs='bs',m=c(1,1)) + s(W4, k = 25, bs='bs',m=c(1,1))_NULL_GCV.Cp"
[6] "Lrnr_glm_TRUE"                                                                                                                                               
[7] "Lrnr_glmnet_NULL_deviance_10_1_100_TRUE"                                                                                                                     
[1] "Lrnr_cv_selector_NULL"
                                                                                                                             Lrnr_earth_1_3_backward_0_1_0_0 
                                                                                                                                                   168.69924 
                                                                                                                             Lrnr_earth_2_3_backward_0_1_0_0 
                                                                                                                                                    39.50825 
                                                                                                                             Lrnr_earth_3_3_backward_0_1_0_0 
                                                                                                                                                    39.50825 
Lrnr_gam_Y~s(W1, k = 25, bs='bs',m=c(1,1)) + s(W2, k = 25, bs='bs',m=c(1,1)) + s(W3, k = 25, bs='bs',m=c(1,1)) + s(W4, k = 25, bs='bs',m=c(1,1))_NULL_GCV.Cp 
                                                                                                                                                   171.37107 
                                                                                                                                               Lrnr_glm_TRUE 
                                                                                                                                                   218.95503 
                                                                                                                     Lrnr_glmnet_NULL_deviance_10_1_100_TRUE 
                                                                                                                                                   211.04065 
                                                                                                                             Lrnr_earth_1_3_backward_0_1_0_0 
                                                                                                                                                   169.37172 
                                                                                                                             Lrnr_earth_2_3_backward_0_1_0_0 
                                                                                                                                                    41.70030 
                                                                                                                             Lrnr_earth_3_3_backward_0_1_0_0 
                                                                                                                                                    42.74226 
Lrnr_gam_Y~s(W1, k = 25, bs='bs',m=c(1,1)) + s(W2, k = 25, bs='bs',m=c(1,1)) + s(W3, k = 25, bs='bs',m=c(1,1)) + s(W4, k = 25, bs='bs',m=c(1,1))_NULL_GCV.Cp 
                                                                                                                                                   174.13523 
                                                                                                                                               Lrnr_glm_TRUE 
                                                                                                                                                   223.36743 
                                                                                                                     Lrnr_glmnet_NULL_deviance_10_1_100_TRUE 
                                                                                                                                                   152.43664 
[1] "done"
[1] "Lrnr_cv"
 [1] "Lrnr_xgboost_20_1_5_2_0.3"  "Lrnr_xgboost_20_1_5_3_0.3" 
 [3] "Lrnr_xgboost_20_1_5_4_0.3"  "Lrnr_xgboost_20_1_5_5_0.3" 
 [5] "Lrnr_xgboost_20_1_5_6_0.3"  "Lrnr_xgboost_20_1_5_2_0.25"
 [7] "Lrnr_xgboost_20_1_5_3_0.25" "Lrnr_xgboost_20_1_5_4_0.25"
 [9] "Lrnr_xgboost_20_1_5_5_0.25" "Lrnr_xgboost_20_1_5_6_0.25"
[11] "Lrnr_xgboost_20_1_5_2_0.2"  "Lrnr_xgboost_20_1_5_3_0.2" 
[13] "Lrnr_xgboost_20_1_5_4_0.2"  "Lrnr_xgboost_20_1_5_5_0.2" 
[15] "Lrnr_xgboost_20_1_5_6_0.2"  "Lrnr_xgboost_20_1_5_2_0.15"
[17] "Lrnr_xgboost_20_1_5_3_0.15" "Lrnr_xgboost_20_1_5_4_0.15"
[19] "Lrnr_xgboost_20_1_5_5_0.15" "Lrnr_xgboost_20_1_5_6_0.15"
[1] "Lrnr_cv_selector_NULL"
 Lrnr_xgboost_20_1_5_2_0.3  Lrnr_xgboost_20_1_5_3_0.3 
                 143.10699                   79.19136 
 Lrnr_xgboost_20_1_5_4_0.3  Lrnr_xgboost_20_1_5_5_0.3 
                  75.00739                   73.77631 
 Lrnr_xgboost_20_1_5_6_0.3 Lrnr_xgboost_20_1_5_2_0.25 
                  60.22644                  131.07791 
Lrnr_xgboost_20_1_5_3_0.25 Lrnr_xgboost_20_1_5_4_0.25 
                  87.15949                   74.18133 
Lrnr_xgboost_20_1_5_5_0.25 Lrnr_xgboost_20_1_5_6_0.25 
                  69.27318                   60.83272 
 Lrnr_xgboost_20_1_5_2_0.2  Lrnr_xgboost_20_1_5_3_0.2 
                 159.84691                  105.30759 
 Lrnr_xgboost_20_1_5_4_0.2  Lrnr_xgboost_20_1_5_5_0.2 
                  90.28086                   79.07034 
 Lrnr_xgboost_20_1_5_6_0.2 Lrnr_xgboost_20_1_5_2_0.15 
                  69.36355                  281.10663 
Lrnr_xgboost_20_1_5_3_0.15 Lrnr_xgboost_20_1_5_4_0.15 
                 199.82341                  178.59174 
Lrnr_xgboost_20_1_5_5_0.15 Lrnr_xgboost_20_1_5_6_0.15 
                 163.20006                  153.53186 
 Lrnr_xgboost_20_1_5_2_0.3  Lrnr_xgboost_20_1_5_3_0.3 
                 141.28008                   87.99846 
 Lrnr_xgboost_20_1_5_4_0.3  Lrnr_xgboost_20_1_5_5_0.3 
                  64.35177                   53.06815 
 Lrnr_xgboost_20_1_5_6_0.3 Lrnr_xgboost_20_1_5_2_0.25 
                  46.86483                  149.70806 
Lrnr_xgboost_20_1_5_3_0.25 Lrnr_xgboost_20_1_5_4_0.25 
                  89.21329                   69.13658 
Lrnr_xgboost_20_1_5_5_0.25 Lrnr_xgboost_20_1_5_6_0.25 
                  56.10115                   49.85013 
 Lrnr_xgboost_20_1_5_2_0.2  Lrnr_xgboost_20_1_5_3_0.2 
                 166.88659                  104.22578 
 Lrnr_xgboost_20_1_5_4_0.2  Lrnr_xgboost_20_1_5_5_0.2 
                  80.45434                   65.64360 
 Lrnr_xgboost_20_1_5_6_0.2 Lrnr_xgboost_20_1_5_2_0.15 
                  61.78230                  259.73879 
Lrnr_xgboost_20_1_5_3_0.15 Lrnr_xgboost_20_1_5_4_0.15 
                 181.83399                  151.62423 
Lrnr_xgboost_20_1_5_5_0.15 Lrnr_xgboost_20_1_5_6_0.15 
                 139.33612                  131.88021 
[1] "done"
[1] "Lrnr_cv"
[1] "Lrnr_ranger_500_TRUE_none_1_12"
[1] "Lrnr_cv_selector_NULL"
predictions 
   64.38088 
predictions 
    68.7905 
[1] "done"
[1] "Lrnr_cv"
[1] "Lrnr_glm_TRUE"
NULL
NULL
[1] "done"
[1] "iter: 3"
[1] "Lrnr_cv"
[1] "Lrnr_earth_1_3_backward_0_1_0_0"                                                                                                                             
[2] "Lrnr_earth_2_3_backward_0_1_0_0"                                                                                                                             
[3] "Lrnr_earth_3_3_backward_0_1_0_0"                                                                                                                             
[4] "Lrnr_gam_A~s(W1, k = 25, bs='bs',m=c(1,1)) + s(W2, k = 25, bs='bs',m=c(1,1)) + s(W3, k = 25, bs='bs',m=c(1,1)) + s(W4, k = 25, bs='bs',m=c(1,1))_NULL_GCV.Cp"
[5] "Lrnr_gam_Y~s(W1, k = 25, bs='bs',m=c(1,1)) + s(W2, k = 25, bs='bs',m=c(1,1)) + s(W3, k = 25, bs='bs',m=c(1,1)) + s(W4, k = 25, bs='bs',m=c(1,1))_NULL_GCV.Cp"
[6] "Lrnr_glm_TRUE"                                                                                                                                               
[7] "Lrnr_glmnet_NULL_deviance_10_1_100_TRUE"                                                                                                                     
[1] "Lrnr_cv_selector_NULL"
                                                                                                                             Lrnr_earth_1_3_backward_0_1_0_0 
                                                                                                                                                   162.64368 
                                                                                                                             Lrnr_earth_2_3_backward_0_1_0_0 
                                                                                                                                                    51.99223 
                                                                                                                             Lrnr_earth_3_3_backward_0_1_0_0 
                                                                                                                                                    51.99223 
Lrnr_gam_Y~s(W1, k = 25, bs='bs',m=c(1,1)) + s(W2, k = 25, bs='bs',m=c(1,1)) + s(W3, k = 25, bs='bs',m=c(1,1)) + s(W4, k = 25, bs='bs',m=c(1,1))_NULL_GCV.Cp 
                                                                                                                                                   203.58120 
                                                                                                                                               Lrnr_glm_TRUE 
                                                                                                                                                   229.93244 
                                                                                                                     Lrnr_glmnet_NULL_deviance_10_1_100_TRUE 
                                                                                                                                                   227.55366 
                                                                                                                             Lrnr_earth_1_3_backward_0_1_0_0 
                                                                                                                                                   168.39793 
                                                                                                                             Lrnr_earth_2_3_backward_0_1_0_0 
                                                                                                                                                    58.80162 
                                                                                                                             Lrnr_earth_3_3_backward_0_1_0_0 
                                                                                                                                                    58.80162 
Lrnr_gam_Y~s(W1, k = 25, bs='bs',m=c(1,1)) + s(W2, k = 25, bs='bs',m=c(1,1)) + s(W3, k = 25, bs='bs',m=c(1,1)) + s(W4, k = 25, bs='bs',m=c(1,1))_NULL_GCV.Cp 
                                                                                                                                                   200.61648 
                                                                                                                                               Lrnr_glm_TRUE 
                                                                                                                                                   216.12332 
                                                                                                                     Lrnr_glmnet_NULL_deviance_10_1_100_TRUE 
                                                                                                                                                   165.67412 
[1] "done"
[1] "Lrnr_cv"
 [1] "Lrnr_xgboost_20_1_5_2_0.3"  "Lrnr_xgboost_20_1_5_3_0.3" 
 [3] "Lrnr_xgboost_20_1_5_4_0.3"  "Lrnr_xgboost_20_1_5_5_0.3" 
 [5] "Lrnr_xgboost_20_1_5_6_0.3"  "Lrnr_xgboost_20_1_5_2_0.25"
 [7] "Lrnr_xgboost_20_1_5_3_0.25" "Lrnr_xgboost_20_1_5_4_0.25"
 [9] "Lrnr_xgboost_20_1_5_5_0.25" "Lrnr_xgboost_20_1_5_6_0.25"
[11] "Lrnr_xgboost_20_1_5_2_0.2"  "Lrnr_xgboost_20_1_5_3_0.2" 
[13] "Lrnr_xgboost_20_1_5_4_0.2"  "Lrnr_xgboost_20_1_5_5_0.2" 
[15] "Lrnr_xgboost_20_1_5_6_0.2"  "Lrnr_xgboost_20_1_5_2_0.15"
[17] "Lrnr_xgboost_20_1_5_3_0.15" "Lrnr_xgboost_20_1_5_4_0.15"
[19] "Lrnr_xgboost_20_1_5_5_0.15" "Lrnr_xgboost_20_1_5_6_0.15"
[1] "Lrnr_cv_selector_NULL"
 Lrnr_xgboost_20_1_5_2_0.3  Lrnr_xgboost_20_1_5_3_0.3 
                 124.65449                   86.62704 
 Lrnr_xgboost_20_1_5_4_0.3  Lrnr_xgboost_20_1_5_5_0.3 
                  65.27922                   61.61036 
 Lrnr_xgboost_20_1_5_6_0.3 Lrnr_xgboost_20_1_5_2_0.25 
                  52.60190                  142.93530 
Lrnr_xgboost_20_1_5_3_0.25 Lrnr_xgboost_20_1_5_4_0.25 
                  87.50333                   68.11066 
Lrnr_xgboost_20_1_5_5_0.25 Lrnr_xgboost_20_1_5_6_0.25 
                  64.20763                   54.97728 
 Lrnr_xgboost_20_1_5_2_0.2  Lrnr_xgboost_20_1_5_3_0.2 
                 160.75729                   98.05778 
 Lrnr_xgboost_20_1_5_4_0.2  Lrnr_xgboost_20_1_5_5_0.2 
                  85.29035                   74.90213 
 Lrnr_xgboost_20_1_5_6_0.2 Lrnr_xgboost_20_1_5_2_0.15 
                  67.64736                  275.36685 
Lrnr_xgboost_20_1_5_3_0.15 Lrnr_xgboost_20_1_5_4_0.15 
                 196.58673                  171.12359 
Lrnr_xgboost_20_1_5_5_0.15 Lrnr_xgboost_20_1_5_6_0.15 
                 156.05404                  146.93246 
 Lrnr_xgboost_20_1_5_2_0.3  Lrnr_xgboost_20_1_5_3_0.3 
                 118.58530                   86.69423 
 Lrnr_xgboost_20_1_5_4_0.3  Lrnr_xgboost_20_1_5_5_0.3 
                  74.43369                   62.32514 
 Lrnr_xgboost_20_1_5_6_0.3 Lrnr_xgboost_20_1_5_2_0.25 
                  57.64098                  136.67816 
Lrnr_xgboost_20_1_5_3_0.25 Lrnr_xgboost_20_1_5_4_0.25 
                  96.00068                   72.01701 
Lrnr_xgboost_20_1_5_5_0.25 Lrnr_xgboost_20_1_5_6_0.25 
                  61.15587                   58.10309 
 Lrnr_xgboost_20_1_5_2_0.2  Lrnr_xgboost_20_1_5_3_0.2 
                 160.27932                  108.90375 
 Lrnr_xgboost_20_1_5_4_0.2  Lrnr_xgboost_20_1_5_5_0.2 
                  81.44018                   70.21130 
 Lrnr_xgboost_20_1_5_6_0.2 Lrnr_xgboost_20_1_5_2_0.15 
                  68.46302                  257.47900 
Lrnr_xgboost_20_1_5_3_0.15 Lrnr_xgboost_20_1_5_4_0.15 
                 183.36602                  154.27897 
Lrnr_xgboost_20_1_5_5_0.15 Lrnr_xgboost_20_1_5_6_0.15 
                 142.11658                  139.55831 
[1] "done"
[1] "Lrnr_cv"
[1] "Lrnr_ranger_500_TRUE_none_1_12"
[1] "Lrnr_cv_selector_NULL"
predictions 
   61.41042 
predictions 
   69.43356 
[1] "done"
[1] "Lrnr_cv"
[1] "Lrnr_glm_TRUE"
NULL
NULL
[1] "done"
[1] "iter: 4"
[1] "Lrnr_cv"
[1] "Lrnr_earth_1_3_backward_0_1_0_0"                                                                                                                             
[2] "Lrnr_earth_2_3_backward_0_1_0_0"                                                                                                                             
[3] "Lrnr_earth_3_3_backward_0_1_0_0"                                                                                                                             
[4] "Lrnr_gam_A~s(W1, k = 25, bs='bs',m=c(1,1)) + s(W2, k = 25, bs='bs',m=c(1,1)) + s(W3, k = 25, bs='bs',m=c(1,1)) + s(W4, k = 25, bs='bs',m=c(1,1))_NULL_GCV.Cp"
[5] "Lrnr_gam_Y~s(W1, k = 25, bs='bs',m=c(1,1)) + s(W2, k = 25, bs='bs',m=c(1,1)) + s(W3, k = 25, bs='bs',m=c(1,1)) + s(W4, k = 25, bs='bs',m=c(1,1))_NULL_GCV.Cp"
[6] "Lrnr_glm_TRUE"                                                                                                                                               
[7] "Lrnr_glmnet_NULL_deviance_10_1_100_TRUE"                                                                                                                     
[1] "Lrnr_cv_selector_NULL"
                                                                                                                             Lrnr_earth_1_3_backward_0_1_0_0 
                                                                                                                                                   160.60920 
                                                                                                                             Lrnr_earth_2_3_backward_0_1_0_0 
                                                                                                                                                    59.15531 
                                                                                                                             Lrnr_earth_3_3_backward_0_1_0_0 
                                                                                                                                                    59.15531 
Lrnr_gam_Y~s(W1, k = 25, bs='bs',m=c(1,1)) + s(W2, k = 25, bs='bs',m=c(1,1)) + s(W3, k = 25, bs='bs',m=c(1,1)) + s(W4, k = 25, bs='bs',m=c(1,1))_NULL_GCV.Cp 
                                                                                                                                                   184.62101 
                                                                                                                                               Lrnr_glm_TRUE 
                                                                                                                                                   227.39827 
                                                                                                                     Lrnr_glmnet_NULL_deviance_10_1_100_TRUE 
                                                                                                                                                   299.81897 
                                                                                                                             Lrnr_earth_1_3_backward_0_1_0_0 
                                                                                                                                                   175.54229 
                                                                                                                             Lrnr_earth_2_3_backward_0_1_0_0 
                                                                                                                                                    46.87222 
                                                                                                                             Lrnr_earth_3_3_backward_0_1_0_0 
                                                                                                                                                    46.87222 
Lrnr_gam_Y~s(W1, k = 25, bs='bs',m=c(1,1)) + s(W2, k = 25, bs='bs',m=c(1,1)) + s(W3, k = 25, bs='bs',m=c(1,1)) + s(W4, k = 25, bs='bs',m=c(1,1))_NULL_GCV.Cp 
                                                                                                                                                   176.93961 
                                                                                                                                               Lrnr_glm_TRUE 
                                                                                                                                                   227.25745 
                                                                                                                     Lrnr_glmnet_NULL_deviance_10_1_100_TRUE 
                                                                                                                                                   187.46647 
[1] "done"
[1] "Lrnr_cv"
 [1] "Lrnr_xgboost_20_1_5_2_0.3"  "Lrnr_xgboost_20_1_5_3_0.3" 
 [3] "Lrnr_xgboost_20_1_5_4_0.3"  "Lrnr_xgboost_20_1_5_5_0.3" 
 [5] "Lrnr_xgboost_20_1_5_6_0.3"  "Lrnr_xgboost_20_1_5_2_0.25"
 [7] "Lrnr_xgboost_20_1_5_3_0.25" "Lrnr_xgboost_20_1_5_4_0.25"
 [9] "Lrnr_xgboost_20_1_5_5_0.25" "Lrnr_xgboost_20_1_5_6_0.25"
[11] "Lrnr_xgboost_20_1_5_2_0.2"  "Lrnr_xgboost_20_1_5_3_0.2" 
[13] "Lrnr_xgboost_20_1_5_4_0.2"  "Lrnr_xgboost_20_1_5_5_0.2" 
[15] "Lrnr_xgboost_20_1_5_6_0.2"  "Lrnr_xgboost_20_1_5_2_0.15"
[17] "Lrnr_xgboost_20_1_5_3_0.15" "Lrnr_xgboost_20_1_5_4_0.15"
[19] "Lrnr_xgboost_20_1_5_5_0.15" "Lrnr_xgboost_20_1_5_6_0.15"
[1] "Lrnr_cv_selector_NULL"
 Lrnr_xgboost_20_1_5_2_0.3  Lrnr_xgboost_20_1_5_3_0.3 
                 134.39206                   81.87722 
 Lrnr_xgboost_20_1_5_4_0.3  Lrnr_xgboost_20_1_5_5_0.3 
                  75.04811                   62.74584 
 Lrnr_xgboost_20_1_5_6_0.3 Lrnr_xgboost_20_1_5_2_0.25 
                  56.09042                  142.54109 
Lrnr_xgboost_20_1_5_3_0.25 Lrnr_xgboost_20_1_5_4_0.25 
                  95.42653                   74.87662 
Lrnr_xgboost_20_1_5_5_0.25 Lrnr_xgboost_20_1_5_6_0.25 
                  68.51419                   59.31735 
 Lrnr_xgboost_20_1_5_2_0.2  Lrnr_xgboost_20_1_5_3_0.2 
                 180.46350                  104.64593 
 Lrnr_xgboost_20_1_5_4_0.2  Lrnr_xgboost_20_1_5_5_0.2 
                  91.91089                   77.40583 
 Lrnr_xgboost_20_1_5_6_0.2 Lrnr_xgboost_20_1_5_2_0.15 
                  68.12301                  293.03091 
Lrnr_xgboost_20_1_5_3_0.15 Lrnr_xgboost_20_1_5_4_0.15 
                 197.77527                  177.49707 
Lrnr_xgboost_20_1_5_5_0.15 Lrnr_xgboost_20_1_5_6_0.15 
                 161.86627                  153.09995 
 Lrnr_xgboost_20_1_5_2_0.3  Lrnr_xgboost_20_1_5_3_0.3 
                 138.49728                   87.17088 
 Lrnr_xgboost_20_1_5_4_0.3  Lrnr_xgboost_20_1_5_5_0.3 
                  68.06136                   58.47602 
 Lrnr_xgboost_20_1_5_6_0.3 Lrnr_xgboost_20_1_5_2_0.25 
                  52.36424                  140.27739 
Lrnr_xgboost_20_1_5_3_0.25 Lrnr_xgboost_20_1_5_4_0.25 
                  92.36599                   73.14952 
Lrnr_xgboost_20_1_5_5_0.25 Lrnr_xgboost_20_1_5_6_0.25 
                  62.56924                   54.31403 
 Lrnr_xgboost_20_1_5_2_0.2  Lrnr_xgboost_20_1_5_3_0.2 
                 165.81738                  104.19403 
 Lrnr_xgboost_20_1_5_4_0.2  Lrnr_xgboost_20_1_5_5_0.2 
                  85.27798                   76.94084 
 Lrnr_xgboost_20_1_5_6_0.2 Lrnr_xgboost_20_1_5_2_0.15 
                  67.87978                  274.94026 
Lrnr_xgboost_20_1_5_3_0.15 Lrnr_xgboost_20_1_5_4_0.15 
                 186.80052                  158.75346 
Lrnr_xgboost_20_1_5_5_0.15 Lrnr_xgboost_20_1_5_6_0.15 
                 144.71962                  139.26328 
[1] "done"
[1] "Lrnr_cv"
[1] "Lrnr_ranger_500_TRUE_none_1_12"
[1] "Lrnr_cv_selector_NULL"
predictions 
   62.99949 
predictions 
   69.83767 
[1] "done"
[1] "Lrnr_cv"
[1] "Lrnr_glm_TRUE"
NULL
NULL
[1] "done"
[1] "iter: 5"
[1] "Lrnr_cv"
[1] "Lrnr_earth_1_3_backward_0_1_0_0"                                                                                                                             
[2] "Lrnr_earth_2_3_backward_0_1_0_0"                                                                                                                             
[3] "Lrnr_earth_3_3_backward_0_1_0_0"                                                                                                                             
[4] "Lrnr_gam_A~s(W1, k = 25, bs='bs',m=c(1,1)) + s(W2, k = 25, bs='bs',m=c(1,1)) + s(W3, k = 25, bs='bs',m=c(1,1)) + s(W4, k = 25, bs='bs',m=c(1,1))_NULL_GCV.Cp"
[5] "Lrnr_gam_Y~s(W1, k = 25, bs='bs',m=c(1,1)) + s(W2, k = 25, bs='bs',m=c(1,1)) + s(W3, k = 25, bs='bs',m=c(1,1)) + s(W4, k = 25, bs='bs',m=c(1,1))_NULL_GCV.Cp"
[6] "Lrnr_glm_TRUE"                                                                                                                                               
[7] "Lrnr_glmnet_NULL_deviance_10_1_100_TRUE"                                                                                                                     
[1] "Lrnr_cv_selector_NULL"
                                                                                                                             Lrnr_earth_1_3_backward_0_1_0_0 
                                                                                                                                                   160.34103 
                                                                                                                             Lrnr_earth_2_3_backward_0_1_0_0 
                                                                                                                                                    48.68539 
                                                                                                                             Lrnr_earth_3_3_backward_0_1_0_0 
                                                                                                                                                    48.68539 
Lrnr_gam_Y~s(W1, k = 25, bs='bs',m=c(1,1)) + s(W2, k = 25, bs='bs',m=c(1,1)) + s(W3, k = 25, bs='bs',m=c(1,1)) + s(W4, k = 25, bs='bs',m=c(1,1))_NULL_GCV.Cp 
                                                                                                                                                   159.52510 
                                                                                                                                               Lrnr_glm_TRUE 
                                                                                                                                                   203.00191 
                                                                                                                     Lrnr_glmnet_NULL_deviance_10_1_100_TRUE 
                                                                                                                                                   198.20243 
                                                                                                                             Lrnr_earth_1_3_backward_0_1_0_0 
                                                                                                                                                    156.5168 
                                                                                                                             Lrnr_earth_2_3_backward_0_1_0_0 
                                                                                                                                                     60.7733 
                                                                                                                             Lrnr_earth_3_3_backward_0_1_0_0 
                                                                                                                                                     60.7733 
Lrnr_gam_Y~s(W1, k = 25, bs='bs',m=c(1,1)) + s(W2, k = 25, bs='bs',m=c(1,1)) + s(W3, k = 25, bs='bs',m=c(1,1)) + s(W4, k = 25, bs='bs',m=c(1,1))_NULL_GCV.Cp 
                                                                                                                                                    159.4200 
                                                                                                                                               Lrnr_glm_TRUE 
                                                                                                                                                    206.3751 
                                                                                                                     Lrnr_glmnet_NULL_deviance_10_1_100_TRUE 
                                                                                                                                                    174.6722 
[1] "done"
[1] "Lrnr_cv"
 [1] "Lrnr_xgboost_20_1_5_2_0.3"  "Lrnr_xgboost_20_1_5_3_0.3" 
 [3] "Lrnr_xgboost_20_1_5_4_0.3"  "Lrnr_xgboost_20_1_5_5_0.3" 
 [5] "Lrnr_xgboost_20_1_5_6_0.3"  "Lrnr_xgboost_20_1_5_2_0.25"
 [7] "Lrnr_xgboost_20_1_5_3_0.25" "Lrnr_xgboost_20_1_5_4_0.25"
 [9] "Lrnr_xgboost_20_1_5_5_0.25" "Lrnr_xgboost_20_1_5_6_0.25"
[11] "Lrnr_xgboost_20_1_5_2_0.2"  "Lrnr_xgboost_20_1_5_3_0.2" 
[13] "Lrnr_xgboost_20_1_5_4_0.2"  "Lrnr_xgboost_20_1_5_5_0.2" 
[15] "Lrnr_xgboost_20_1_5_6_0.2"  "Lrnr_xgboost_20_1_5_2_0.15"
[17] "Lrnr_xgboost_20_1_5_3_0.15" "Lrnr_xgboost_20_1_5_4_0.15"
[19] "Lrnr_xgboost_20_1_5_5_0.15" "Lrnr_xgboost_20_1_5_6_0.15"
[1] "Lrnr_cv_selector_NULL"
 Lrnr_xgboost_20_1_5_2_0.3  Lrnr_xgboost_20_1_5_3_0.3 
                 117.46447                   80.36525 
 Lrnr_xgboost_20_1_5_4_0.3  Lrnr_xgboost_20_1_5_5_0.3 
                  64.95928                   55.31966 
 Lrnr_xgboost_20_1_5_6_0.3 Lrnr_xgboost_20_1_5_2_0.25 
                  50.33123                  129.73672 
Lrnr_xgboost_20_1_5_3_0.25 Lrnr_xgboost_20_1_5_4_0.25 
                  82.27696                   66.69985 
Lrnr_xgboost_20_1_5_5_0.25 Lrnr_xgboost_20_1_5_6_0.25 
                  60.94768                   58.14398 
 Lrnr_xgboost_20_1_5_2_0.2  Lrnr_xgboost_20_1_5_3_0.2 
                 151.60224                  101.69431 
 Lrnr_xgboost_20_1_5_4_0.2  Lrnr_xgboost_20_1_5_5_0.2 
                  81.73892                   71.25817 
 Lrnr_xgboost_20_1_5_6_0.2 Lrnr_xgboost_20_1_5_2_0.15 
                  62.35189                  270.87151 
Lrnr_xgboost_20_1_5_3_0.15 Lrnr_xgboost_20_1_5_4_0.15 
                 189.10025                  166.81717 
Lrnr_xgboost_20_1_5_5_0.15 Lrnr_xgboost_20_1_5_6_0.15 
                 153.57324                  143.04080 
 Lrnr_xgboost_20_1_5_2_0.3  Lrnr_xgboost_20_1_5_3_0.3 
                 113.36793                   80.82003 
 Lrnr_xgboost_20_1_5_4_0.3  Lrnr_xgboost_20_1_5_5_0.3 
                  67.07813                   57.41124 
 Lrnr_xgboost_20_1_5_6_0.3 Lrnr_xgboost_20_1_5_2_0.25 
                  52.29821                  119.88366 
Lrnr_xgboost_20_1_5_3_0.25 Lrnr_xgboost_20_1_5_4_0.25 
                  81.42621                   67.09346 
Lrnr_xgboost_20_1_5_5_0.25 Lrnr_xgboost_20_1_5_6_0.25 
                  58.78872                   50.63200 
 Lrnr_xgboost_20_1_5_2_0.2  Lrnr_xgboost_20_1_5_3_0.2 
                 150.43022                   98.72890 
 Lrnr_xgboost_20_1_5_4_0.2  Lrnr_xgboost_20_1_5_5_0.2 
                  78.31828                   67.16108 
 Lrnr_xgboost_20_1_5_6_0.2 Lrnr_xgboost_20_1_5_2_0.15 
                  60.66213                  255.64395 
Lrnr_xgboost_20_1_5_3_0.15 Lrnr_xgboost_20_1_5_4_0.15 
                 185.81613                  148.28276 
Lrnr_xgboost_20_1_5_5_0.15 Lrnr_xgboost_20_1_5_6_0.15 
                 135.38912                  130.67424 
[1] "done"
[1] "Lrnr_cv"
[1] "Lrnr_ranger_500_TRUE_none_1_12"
[1] "Lrnr_cv_selector_NULL"
predictions 
   57.19599 
predictions 
    56.4371 
[1] "done"
[1] "Lrnr_cv"
[1] "Lrnr_glm_TRUE"
NULL
NULL
[1] "done"
[1] "iter: 6"
[1] "Lrnr_cv"
[1] "Lrnr_earth_1_3_backward_0_1_0_0"                                                                                                                             
[2] "Lrnr_earth_2_3_backward_0_1_0_0"                                                                                                                             
[3] "Lrnr_earth_3_3_backward_0_1_0_0"                                                                                                                             
[4] "Lrnr_gam_A~s(W1, k = 25, bs='bs',m=c(1,1)) + s(W2, k = 25, bs='bs',m=c(1,1)) + s(W3, k = 25, bs='bs',m=c(1,1)) + s(W4, k = 25, bs='bs',m=c(1,1))_NULL_GCV.Cp"
[5] "Lrnr_gam_Y~s(W1, k = 25, bs='bs',m=c(1,1)) + s(W2, k = 25, bs='bs',m=c(1,1)) + s(W3, k = 25, bs='bs',m=c(1,1)) + s(W4, k = 25, bs='bs',m=c(1,1))_NULL_GCV.Cp"
[6] "Lrnr_glm_TRUE"                                                                                                                                               
[7] "Lrnr_glmnet_NULL_deviance_10_1_100_TRUE"                                                                                                                     
[1] "Lrnr_cv_selector_NULL"
                                                                                                                             Lrnr_earth_1_3_backward_0_1_0_0 
                                                                                                                                                   177.11967 
                                                                                                                             Lrnr_earth_2_3_backward_0_1_0_0 
                                                                                                                                                    62.95883 
                                                                                                                             Lrnr_earth_3_3_backward_0_1_0_0 
                                                                                                                                                    62.95883 
Lrnr_gam_Y~s(W1, k = 25, bs='bs',m=c(1,1)) + s(W2, k = 25, bs='bs',m=c(1,1)) + s(W3, k = 25, bs='bs',m=c(1,1)) + s(W4, k = 25, bs='bs',m=c(1,1))_NULL_GCV.Cp 
                                                                                                                                                   173.41035 
                                                                                                                                               Lrnr_glm_TRUE 
                                                                                                                                                   219.29134 
                                                                                                                     Lrnr_glmnet_NULL_deviance_10_1_100_TRUE 
                                                                                                                                                   214.11923 
                                                                                                                             Lrnr_earth_1_3_backward_0_1_0_0 
                                                                                                                                                   170.84051 
                                                                                                                             Lrnr_earth_2_3_backward_0_1_0_0 
                                                                                                                                                    45.56275 
                                                                                                                             Lrnr_earth_3_3_backward_0_1_0_0 
                                                                                                                                                    45.56275 
Lrnr_gam_Y~s(W1, k = 25, bs='bs',m=c(1,1)) + s(W2, k = 25, bs='bs',m=c(1,1)) + s(W3, k = 25, bs='bs',m=c(1,1)) + s(W4, k = 25, bs='bs',m=c(1,1))_NULL_GCV.Cp 
                                                                                                                                                   172.52727 
                                                                                                                                               Lrnr_glm_TRUE 
                                                                                                                                                   215.82100 
                                                                                                                     Lrnr_glmnet_NULL_deviance_10_1_100_TRUE 
                                                                                                                                                   154.16359 
[1] "done"
[1] "Lrnr_cv"
 [1] "Lrnr_xgboost_20_1_5_2_0.3"  "Lrnr_xgboost_20_1_5_3_0.3" 
 [3] "Lrnr_xgboost_20_1_5_4_0.3"  "Lrnr_xgboost_20_1_5_5_0.3" 
 [5] "Lrnr_xgboost_20_1_5_6_0.3"  "Lrnr_xgboost_20_1_5_2_0.25"
 [7] "Lrnr_xgboost_20_1_5_3_0.25" "Lrnr_xgboost_20_1_5_4_0.25"
 [9] "Lrnr_xgboost_20_1_5_5_0.25" "Lrnr_xgboost_20_1_5_6_0.25"
[11] "Lrnr_xgboost_20_1_5_2_0.2"  "Lrnr_xgboost_20_1_5_3_0.2" 
[13] "Lrnr_xgboost_20_1_5_4_0.2"  "Lrnr_xgboost_20_1_5_5_0.2" 
[15] "Lrnr_xgboost_20_1_5_6_0.2"  "Lrnr_xgboost_20_1_5_2_0.15"
[17] "Lrnr_xgboost_20_1_5_3_0.15" "Lrnr_xgboost_20_1_5_4_0.15"
[19] "Lrnr_xgboost_20_1_5_5_0.15" "Lrnr_xgboost_20_1_5_6_0.15"
[1] "Lrnr_cv_selector_NULL"
 Lrnr_xgboost_20_1_5_2_0.3  Lrnr_xgboost_20_1_5_3_0.3 
                 132.26368                   90.38767 
 Lrnr_xgboost_20_1_5_4_0.3  Lrnr_xgboost_20_1_5_5_0.3 
                  75.22756                   62.66272 
 Lrnr_xgboost_20_1_5_6_0.3 Lrnr_xgboost_20_1_5_2_0.25 
                  52.41808                  133.86353 
Lrnr_xgboost_20_1_5_3_0.25 Lrnr_xgboost_20_1_5_4_0.25 
                  95.26210                   83.06157 
Lrnr_xgboost_20_1_5_5_0.25 Lrnr_xgboost_20_1_5_6_0.25 
                  67.64684                   58.66456 
 Lrnr_xgboost_20_1_5_2_0.2  Lrnr_xgboost_20_1_5_3_0.2 
                 172.47394                  107.13490 
 Lrnr_xgboost_20_1_5_4_0.2  Lrnr_xgboost_20_1_5_5_0.2 
                  94.15020                   77.87641 
 Lrnr_xgboost_20_1_5_6_0.2 Lrnr_xgboost_20_1_5_2_0.15 
                  66.66939                  287.22591 
Lrnr_xgboost_20_1_5_3_0.15 Lrnr_xgboost_20_1_5_4_0.15 
                 198.62315                  181.13107 
Lrnr_xgboost_20_1_5_5_0.15 Lrnr_xgboost_20_1_5_6_0.15 
                 158.60122                  149.09787 
 Lrnr_xgboost_20_1_5_2_0.3  Lrnr_xgboost_20_1_5_3_0.3 
                 120.29388                   92.27937 
 Lrnr_xgboost_20_1_5_4_0.3  Lrnr_xgboost_20_1_5_5_0.3 
                  66.09294                   54.94753 
 Lrnr_xgboost_20_1_5_6_0.3 Lrnr_xgboost_20_1_5_2_0.25 
                  49.24256                  127.56928 
Lrnr_xgboost_20_1_5_3_0.25 Lrnr_xgboost_20_1_5_4_0.25 
                  96.12187                   69.30392 
Lrnr_xgboost_20_1_5_5_0.25 Lrnr_xgboost_20_1_5_6_0.25 
                  62.65369                   50.70548 
 Lrnr_xgboost_20_1_5_2_0.2  Lrnr_xgboost_20_1_5_3_0.2 
                 155.85903                  108.36625 
 Lrnr_xgboost_20_1_5_4_0.2  Lrnr_xgboost_20_1_5_5_0.2 
                  81.69193                   73.37742 
 Lrnr_xgboost_20_1_5_6_0.2 Lrnr_xgboost_20_1_5_2_0.15 
                  64.99223                  255.65878 
Lrnr_xgboost_20_1_5_3_0.15 Lrnr_xgboost_20_1_5_4_0.15 
                 184.98749                  154.68350 
Lrnr_xgboost_20_1_5_5_0.15 Lrnr_xgboost_20_1_5_6_0.15 
                 141.16544                  135.12927 
[1] "done"
[1] "Lrnr_cv"
[1] "Lrnr_ranger_500_TRUE_none_1_12"
[1] "Lrnr_cv_selector_NULL"
predictions 
   66.74371 
predictions 
   65.29508 
[1] "done"
[1] "Lrnr_cv"
[1] "Lrnr_glm_TRUE"
NULL
NULL
[1] "done"
[1] "iter: 7"
[1] "Lrnr_cv"
[1] "Lrnr_earth_1_3_backward_0_1_0_0"                                                                                                                             
[2] "Lrnr_earth_2_3_backward_0_1_0_0"                                                                                                                             
[3] "Lrnr_earth_3_3_backward_0_1_0_0"                                                                                                                             
[4] "Lrnr_gam_A~s(W1, k = 25, bs='bs',m=c(1,1)) + s(W2, k = 25, bs='bs',m=c(1,1)) + s(W3, k = 25, bs='bs',m=c(1,1)) + s(W4, k = 25, bs='bs',m=c(1,1))_NULL_GCV.Cp"
[5] "Lrnr_gam_Y~s(W1, k = 25, bs='bs',m=c(1,1)) + s(W2, k = 25, bs='bs',m=c(1,1)) + s(W3, k = 25, bs='bs',m=c(1,1)) + s(W4, k = 25, bs='bs',m=c(1,1))_NULL_GCV.Cp"
[6] "Lrnr_glm_TRUE"                                                                                                                                               
[7] "Lrnr_glmnet_NULL_deviance_10_1_100_TRUE"                                                                                                                     
[1] "Lrnr_cv_selector_NULL"
                                                                                                                             Lrnr_earth_1_3_backward_0_1_0_0 
                                                                                                                                                   163.82394 
                                                                                                                             Lrnr_earth_2_3_backward_0_1_0_0 
                                                                                                                                                    59.21631 
                                                                                                                             Lrnr_earth_3_3_backward_0_1_0_0 
                                                                                                                                                    59.21631 
Lrnr_gam_Y~s(W1, k = 25, bs='bs',m=c(1,1)) + s(W2, k = 25, bs='bs',m=c(1,1)) + s(W3, k = 25, bs='bs',m=c(1,1)) + s(W4, k = 25, bs='bs',m=c(1,1))_NULL_GCV.Cp 
                                                                                                                                                   171.06869 
                                                                                                                                               Lrnr_glm_TRUE 
                                                                                                                                                   236.85489 
                                                                                                                     Lrnr_glmnet_NULL_deviance_10_1_100_TRUE 
                                                                                                                                                   228.84519 
                                                                                                                             Lrnr_earth_1_3_backward_0_1_0_0 
                                                                                                                                                   173.26227 
                                                                                                                             Lrnr_earth_2_3_backward_0_1_0_0 
                                                                                                                                                    55.99051 
                                                                                                                             Lrnr_earth_3_3_backward_0_1_0_0 
                                                                                                                                                    55.99051 
Lrnr_gam_Y~s(W1, k = 25, bs='bs',m=c(1,1)) + s(W2, k = 25, bs='bs',m=c(1,1)) + s(W3, k = 25, bs='bs',m=c(1,1)) + s(W4, k = 25, bs='bs',m=c(1,1))_NULL_GCV.Cp 
                                                                                                                                                   174.42847 
                                                                                                                                               Lrnr_glm_TRUE 
                                                                                                                                                   235.25257 
                                                                                                                     Lrnr_glmnet_NULL_deviance_10_1_100_TRUE 
                                                                                                                                                   195.00817 
[1] "done"
[1] "Lrnr_cv"
 [1] "Lrnr_xgboost_20_1_5_2_0.3"  "Lrnr_xgboost_20_1_5_3_0.3" 
 [3] "Lrnr_xgboost_20_1_5_4_0.3"  "Lrnr_xgboost_20_1_5_5_0.3" 
 [5] "Lrnr_xgboost_20_1_5_6_0.3"  "Lrnr_xgboost_20_1_5_2_0.25"
 [7] "Lrnr_xgboost_20_1_5_3_0.25" "Lrnr_xgboost_20_1_5_4_0.25"
 [9] "Lrnr_xgboost_20_1_5_5_0.25" "Lrnr_xgboost_20_1_5_6_0.25"
[11] "Lrnr_xgboost_20_1_5_2_0.2"  "Lrnr_xgboost_20_1_5_3_0.2" 
[13] "Lrnr_xgboost_20_1_5_4_0.2"  "Lrnr_xgboost_20_1_5_5_0.2" 
[15] "Lrnr_xgboost_20_1_5_6_0.2"  "Lrnr_xgboost_20_1_5_2_0.15"
[17] "Lrnr_xgboost_20_1_5_3_0.15" "Lrnr_xgboost_20_1_5_4_0.15"
[19] "Lrnr_xgboost_20_1_5_5_0.15" "Lrnr_xgboost_20_1_5_6_0.15"
[1] "Lrnr_cv_selector_NULL"
 Lrnr_xgboost_20_1_5_2_0.3  Lrnr_xgboost_20_1_5_3_0.3 
                 134.67738                   92.38330 
 Lrnr_xgboost_20_1_5_4_0.3  Lrnr_xgboost_20_1_5_5_0.3 
                  72.05424                   68.73541 
 Lrnr_xgboost_20_1_5_6_0.3 Lrnr_xgboost_20_1_5_2_0.25 
                  54.02890                  135.09927 
Lrnr_xgboost_20_1_5_3_0.25 Lrnr_xgboost_20_1_5_4_0.25 
                  89.26234                   73.52109 
Lrnr_xgboost_20_1_5_5_0.25 Lrnr_xgboost_20_1_5_6_0.25 
                  70.89145                   55.99278 
 Lrnr_xgboost_20_1_5_2_0.2  Lrnr_xgboost_20_1_5_3_0.2 
                 169.35566                  105.05922 
 Lrnr_xgboost_20_1_5_4_0.2  Lrnr_xgboost_20_1_5_5_0.2 
                  86.21854                   74.44662 
 Lrnr_xgboost_20_1_5_6_0.2 Lrnr_xgboost_20_1_5_2_0.15 
                  63.11856                  283.21190 
Lrnr_xgboost_20_1_5_3_0.15 Lrnr_xgboost_20_1_5_4_0.15 
                 197.08544                  174.60826 
Lrnr_xgboost_20_1_5_5_0.15 Lrnr_xgboost_20_1_5_6_0.15 
                 160.94394                  149.72697 
 Lrnr_xgboost_20_1_5_2_0.3  Lrnr_xgboost_20_1_5_3_0.3 
                 113.43969                   86.84737 
 Lrnr_xgboost_20_1_5_4_0.3  Lrnr_xgboost_20_1_5_5_0.3 
                  63.64559                   50.22243 
 Lrnr_xgboost_20_1_5_6_0.3 Lrnr_xgboost_20_1_5_2_0.25 
                  49.40379                  126.28072 
Lrnr_xgboost_20_1_5_3_0.25 Lrnr_xgboost_20_1_5_4_0.25 
                  85.21134                   65.02632 
Lrnr_xgboost_20_1_5_5_0.25 Lrnr_xgboost_20_1_5_6_0.25 
                  55.89639                   51.02075 
 Lrnr_xgboost_20_1_5_2_0.2  Lrnr_xgboost_20_1_5_3_0.2 
                 156.62718                  102.74121 
 Lrnr_xgboost_20_1_5_4_0.2  Lrnr_xgboost_20_1_5_5_0.2 
                  76.08851                   69.39299 
 Lrnr_xgboost_20_1_5_6_0.2 Lrnr_xgboost_20_1_5_2_0.15 
                  62.18188                  261.39148 
Lrnr_xgboost_20_1_5_3_0.15 Lrnr_xgboost_20_1_5_4_0.15 
                 181.37567                  152.44525 
Lrnr_xgboost_20_1_5_5_0.15 Lrnr_xgboost_20_1_5_6_0.15 
                 140.87564                  136.83963 
[1] "done"
[1] "Lrnr_cv"
[1] "Lrnr_ranger_500_TRUE_none_1_12"
[1] "Lrnr_cv_selector_NULL"
predictions 
   63.68476 
predictions 
   61.21907 
[1] "done"
[1] "Lrnr_cv"
[1] "Lrnr_glm_TRUE"
NULL
NULL
[1] "done"
[1] "iter: 8"
[1] "Lrnr_cv"
[1] "Lrnr_earth_1_3_backward_0_1_0_0"                                                                                                                             
[2] "Lrnr_earth_2_3_backward_0_1_0_0"                                                                                                                             
[3] "Lrnr_earth_3_3_backward_0_1_0_0"                                                                                                                             
[4] "Lrnr_gam_A~s(W1, k = 25, bs='bs',m=c(1,1)) + s(W2, k = 25, bs='bs',m=c(1,1)) + s(W3, k = 25, bs='bs',m=c(1,1)) + s(W4, k = 25, bs='bs',m=c(1,1))_NULL_GCV.Cp"
[5] "Lrnr_gam_Y~s(W1, k = 25, bs='bs',m=c(1,1)) + s(W2, k = 25, bs='bs',m=c(1,1)) + s(W3, k = 25, bs='bs',m=c(1,1)) + s(W4, k = 25, bs='bs',m=c(1,1))_NULL_GCV.Cp"
[6] "Lrnr_glm_TRUE"                                                                                                                                               
[7] "Lrnr_glmnet_NULL_deviance_10_1_100_TRUE"                                                                                                                     
[1] "Lrnr_cv_selector_NULL"
                                                                                                                             Lrnr_earth_1_3_backward_0_1_0_0 
                                                                                                                                                   153.86413 
                                                                                                                             Lrnr_earth_2_3_backward_0_1_0_0 
                                                                                                                                                    52.17998 
                                                                                                                             Lrnr_earth_3_3_backward_0_1_0_0 
                                                                                                                                                    51.85605 
Lrnr_gam_Y~s(W1, k = 25, bs='bs',m=c(1,1)) + s(W2, k = 25, bs='bs',m=c(1,1)) + s(W3, k = 25, bs='bs',m=c(1,1)) + s(W4, k = 25, bs='bs',m=c(1,1))_NULL_GCV.Cp 
                                                                                                                                                   158.17848 
                                                                                                                                               Lrnr_glm_TRUE 
                                                                                                                                                   199.72546 
                                                                                                                     Lrnr_glmnet_NULL_deviance_10_1_100_TRUE 
                                                                                                                                                   191.73456 
                                                                                                                             Lrnr_earth_1_3_backward_0_1_0_0 
                                                                                                                                                   171.06626 
                                                                                                                             Lrnr_earth_2_3_backward_0_1_0_0 
                                                                                                                                                    48.45433 
                                                                                                                             Lrnr_earth_3_3_backward_0_1_0_0 
                                                                                                                                                    48.45433 
Lrnr_gam_Y~s(W1, k = 25, bs='bs',m=c(1,1)) + s(W2, k = 25, bs='bs',m=c(1,1)) + s(W3, k = 25, bs='bs',m=c(1,1)) + s(W4, k = 25, bs='bs',m=c(1,1))_NULL_GCV.Cp 
                                                                                                                                                   200.27416 
                                                                                                                                               Lrnr_glm_TRUE 
                                                                                                                                                   212.26943 
                                                                                                                     Lrnr_glmnet_NULL_deviance_10_1_100_TRUE 
                                                                                                                                                   189.53782 
[1] "done"
[1] "Lrnr_cv"
 [1] "Lrnr_xgboost_20_1_5_2_0.3"  "Lrnr_xgboost_20_1_5_3_0.3" 
 [3] "Lrnr_xgboost_20_1_5_4_0.3"  "Lrnr_xgboost_20_1_5_5_0.3" 
 [5] "Lrnr_xgboost_20_1_5_6_0.3"  "Lrnr_xgboost_20_1_5_2_0.25"
 [7] "Lrnr_xgboost_20_1_5_3_0.25" "Lrnr_xgboost_20_1_5_4_0.25"
 [9] "Lrnr_xgboost_20_1_5_5_0.25" "Lrnr_xgboost_20_1_5_6_0.25"
[11] "Lrnr_xgboost_20_1_5_2_0.2"  "Lrnr_xgboost_20_1_5_3_0.2" 
[13] "Lrnr_xgboost_20_1_5_4_0.2"  "Lrnr_xgboost_20_1_5_5_0.2" 
[15] "Lrnr_xgboost_20_1_5_6_0.2"  "Lrnr_xgboost_20_1_5_2_0.15"
[17] "Lrnr_xgboost_20_1_5_3_0.15" "Lrnr_xgboost_20_1_5_4_0.15"
[19] "Lrnr_xgboost_20_1_5_5_0.15" "Lrnr_xgboost_20_1_5_6_0.15"
[1] "Lrnr_cv_selector_NULL"
 Lrnr_xgboost_20_1_5_2_0.3  Lrnr_xgboost_20_1_5_3_0.3 
                 102.34848                   79.90729 
 Lrnr_xgboost_20_1_5_4_0.3  Lrnr_xgboost_20_1_5_5_0.3 
                  64.76139                   60.59839 
 Lrnr_xgboost_20_1_5_6_0.3 Lrnr_xgboost_20_1_5_2_0.25 
                  49.39455                  117.27322 
Lrnr_xgboost_20_1_5_3_0.25 Lrnr_xgboost_20_1_5_4_0.25 
                  83.68086                   68.65405 
Lrnr_xgboost_20_1_5_5_0.25 Lrnr_xgboost_20_1_5_6_0.25 
                  65.79349                   57.29833 
 Lrnr_xgboost_20_1_5_2_0.2  Lrnr_xgboost_20_1_5_3_0.2 
                 154.22947                  103.15505 
 Lrnr_xgboost_20_1_5_4_0.2  Lrnr_xgboost_20_1_5_5_0.2 
                  83.42126                   72.30714 
 Lrnr_xgboost_20_1_5_6_0.2 Lrnr_xgboost_20_1_5_2_0.15 
                  64.40496                  264.53513 
Lrnr_xgboost_20_1_5_3_0.15 Lrnr_xgboost_20_1_5_4_0.15 
                 186.61293                  171.45448 
Lrnr_xgboost_20_1_5_5_0.15 Lrnr_xgboost_20_1_5_6_0.15 
                 153.78402                  149.57068 
 Lrnr_xgboost_20_1_5_2_0.3  Lrnr_xgboost_20_1_5_3_0.3 
                 112.12103                   83.11466 
 Lrnr_xgboost_20_1_5_4_0.3  Lrnr_xgboost_20_1_5_5_0.3 
                  62.30346                   54.52558 
 Lrnr_xgboost_20_1_5_6_0.3 Lrnr_xgboost_20_1_5_2_0.25 
                  53.25138                  136.41481 
Lrnr_xgboost_20_1_5_3_0.25 Lrnr_xgboost_20_1_5_4_0.25 
                  84.30187                   65.53614 
Lrnr_xgboost_20_1_5_5_0.25 Lrnr_xgboost_20_1_5_6_0.25 
                  60.15204                   53.96929 
 Lrnr_xgboost_20_1_5_2_0.2  Lrnr_xgboost_20_1_5_3_0.2 
                 163.67779                  104.52041 
 Lrnr_xgboost_20_1_5_4_0.2  Lrnr_xgboost_20_1_5_5_0.2 
                  81.20354                   71.66784 
 Lrnr_xgboost_20_1_5_6_0.2 Lrnr_xgboost_20_1_5_2_0.15 
                  65.43005                  264.54172 
Lrnr_xgboost_20_1_5_3_0.15 Lrnr_xgboost_20_1_5_4_0.15 
                 183.87460                  156.76012 
Lrnr_xgboost_20_1_5_5_0.15 Lrnr_xgboost_20_1_5_6_0.15 
                 140.63303                  138.26831 
[1] "done"
[1] "Lrnr_cv"
[1] "Lrnr_ranger_500_TRUE_none_1_12"
[1] "Lrnr_cv_selector_NULL"
predictions 
   58.48959 
predictions 
   66.01921 
[1] "done"
[1] "Lrnr_cv"
[1] "Lrnr_glm_TRUE"
NULL
NULL
[1] "done"
[1] "iter: 9"
[1] "Lrnr_cv"
[1] "Lrnr_earth_1_3_backward_0_1_0_0"                                                                                                                             
[2] "Lrnr_earth_2_3_backward_0_1_0_0"                                                                                                                             
[3] "Lrnr_earth_3_3_backward_0_1_0_0"                                                                                                                             
[4] "Lrnr_gam_A~s(W1, k = 25, bs='bs',m=c(1,1)) + s(W2, k = 25, bs='bs',m=c(1,1)) + s(W3, k = 25, bs='bs',m=c(1,1)) + s(W4, k = 25, bs='bs',m=c(1,1))_NULL_GCV.Cp"
[5] "Lrnr_gam_Y~s(W1, k = 25, bs='bs',m=c(1,1)) + s(W2, k = 25, bs='bs',m=c(1,1)) + s(W3, k = 25, bs='bs',m=c(1,1)) + s(W4, k = 25, bs='bs',m=c(1,1))_NULL_GCV.Cp"
[6] "Lrnr_glm_TRUE"                                                                                                                                               
[7] "Lrnr_glmnet_NULL_deviance_10_1_100_TRUE"                                                                                                                     
[1] "Lrnr_cv_selector_NULL"
                                                                                                                             Lrnr_earth_1_3_backward_0_1_0_0 
                                                                                                                                                   169.93373 
                                                                                                                             Lrnr_earth_2_3_backward_0_1_0_0 
                                                                                                                                                    70.32103 
                                                                                                                             Lrnr_earth_3_3_backward_0_1_0_0 
                                                                                                                                                    70.32103 
Lrnr_gam_Y~s(W1, k = 25, bs='bs',m=c(1,1)) + s(W2, k = 25, bs='bs',m=c(1,1)) + s(W3, k = 25, bs='bs',m=c(1,1)) + s(W4, k = 25, bs='bs',m=c(1,1))_NULL_GCV.Cp 
                                                                                                                                                   171.46342 
                                                                                                                                               Lrnr_glm_TRUE 
                                                                                                                                                   230.17204 
                                                                                                                     Lrnr_glmnet_NULL_deviance_10_1_100_TRUE 
                                                                                                                                                   250.73048 
                                                                                                                             Lrnr_earth_1_3_backward_0_1_0_0 
                                                                                                                                                    154.1486 
                                                                                                                             Lrnr_earth_2_3_backward_0_1_0_0 
                                                                                                                                                     62.5388 
                                                                                                                             Lrnr_earth_3_3_backward_0_1_0_0 
                                                                                                                                                     62.5388 
Lrnr_gam_Y~s(W1, k = 25, bs='bs',m=c(1,1)) + s(W2, k = 25, bs='bs',m=c(1,1)) + s(W3, k = 25, bs='bs',m=c(1,1)) + s(W4, k = 25, bs='bs',m=c(1,1))_NULL_GCV.Cp 
                                                                                                                                                    157.2443 
                                                                                                                                               Lrnr_glm_TRUE 
                                                                                                                                                    225.9181 
                                                                                                                     Lrnr_glmnet_NULL_deviance_10_1_100_TRUE 
                                                                                                                                                    214.7492 
[1] "done"
[1] "Lrnr_cv"
 [1] "Lrnr_xgboost_20_1_5_2_0.3"  "Lrnr_xgboost_20_1_5_3_0.3" 
 [3] "Lrnr_xgboost_20_1_5_4_0.3"  "Lrnr_xgboost_20_1_5_5_0.3" 
 [5] "Lrnr_xgboost_20_1_5_6_0.3"  "Lrnr_xgboost_20_1_5_2_0.25"
 [7] "Lrnr_xgboost_20_1_5_3_0.25" "Lrnr_xgboost_20_1_5_4_0.25"
 [9] "Lrnr_xgboost_20_1_5_5_0.25" "Lrnr_xgboost_20_1_5_6_0.25"
[11] "Lrnr_xgboost_20_1_5_2_0.2"  "Lrnr_xgboost_20_1_5_3_0.2" 
[13] "Lrnr_xgboost_20_1_5_4_0.2"  "Lrnr_xgboost_20_1_5_5_0.2" 
[15] "Lrnr_xgboost_20_1_5_6_0.2"  "Lrnr_xgboost_20_1_5_2_0.15"
[17] "Lrnr_xgboost_20_1_5_3_0.15" "Lrnr_xgboost_20_1_5_4_0.15"
[19] "Lrnr_xgboost_20_1_5_5_0.15" "Lrnr_xgboost_20_1_5_6_0.15"
[1] "Lrnr_cv_selector_NULL"
 Lrnr_xgboost_20_1_5_2_0.3  Lrnr_xgboost_20_1_5_3_0.3 
                 143.04247                   89.24595 
 Lrnr_xgboost_20_1_5_4_0.3  Lrnr_xgboost_20_1_5_5_0.3 
                  75.22464                   67.16473 
 Lrnr_xgboost_20_1_5_6_0.3 Lrnr_xgboost_20_1_5_2_0.25 
                  59.93516                  151.20448 
Lrnr_xgboost_20_1_5_3_0.25 Lrnr_xgboost_20_1_5_4_0.25 
                  95.86589                   80.19694 
Lrnr_xgboost_20_1_5_5_0.25 Lrnr_xgboost_20_1_5_6_0.25 
                  70.38522                   61.76550 
 Lrnr_xgboost_20_1_5_2_0.2  Lrnr_xgboost_20_1_5_3_0.2 
                 178.05493                  119.07728 
 Lrnr_xgboost_20_1_5_4_0.2  Lrnr_xgboost_20_1_5_5_0.2 
                  91.39377                   82.39849 
 Lrnr_xgboost_20_1_5_6_0.2 Lrnr_xgboost_20_1_5_2_0.15 
                  74.17167                  292.45730 
Lrnr_xgboost_20_1_5_3_0.15 Lrnr_xgboost_20_1_5_4_0.15 
                 202.72456                  183.34173 
Lrnr_xgboost_20_1_5_5_0.15 Lrnr_xgboost_20_1_5_6_0.15 
                 167.85248                  157.92468 
 Lrnr_xgboost_20_1_5_2_0.3  Lrnr_xgboost_20_1_5_3_0.3 
                 116.45116                   82.86977 
 Lrnr_xgboost_20_1_5_4_0.3  Lrnr_xgboost_20_1_5_5_0.3 
                  63.89334                   57.42046 
 Lrnr_xgboost_20_1_5_6_0.3 Lrnr_xgboost_20_1_5_2_0.25 
                  48.17464                  116.96292 
Lrnr_xgboost_20_1_5_3_0.25 Lrnr_xgboost_20_1_5_4_0.25 
                  84.30749                   67.87580 
Lrnr_xgboost_20_1_5_5_0.25 Lrnr_xgboost_20_1_5_6_0.25 
                  59.22330                   57.13122 
 Lrnr_xgboost_20_1_5_2_0.2  Lrnr_xgboost_20_1_5_3_0.2 
                 157.80217                  102.77914 
 Lrnr_xgboost_20_1_5_4_0.2  Lrnr_xgboost_20_1_5_5_0.2 
                  79.31693                   67.28633 
 Lrnr_xgboost_20_1_5_6_0.2 Lrnr_xgboost_20_1_5_2_0.15 
                  62.19759                  259.52229 
Lrnr_xgboost_20_1_5_3_0.15 Lrnr_xgboost_20_1_5_4_0.15 
                 186.62526                  151.38261 
Lrnr_xgboost_20_1_5_5_0.15 Lrnr_xgboost_20_1_5_6_0.15 
                 142.15316                  133.38745 
[1] "done"
[1] "Lrnr_cv"
[1] "Lrnr_ranger_500_TRUE_none_1_12"
[1] "Lrnr_cv_selector_NULL"
predictions 
   71.95056 
predictions 
   63.05449 
[1] "done"
[1] "Lrnr_cv"
[1] "Lrnr_glm_TRUE"
NULL
NULL
[1] "done"
[1] "iter: 10"
[1] "Lrnr_cv"
[1] "Lrnr_earth_1_3_backward_0_1_0_0"                                                                                                                             
[2] "Lrnr_earth_2_3_backward_0_1_0_0"                                                                                                                             
[3] "Lrnr_earth_3_3_backward_0_1_0_0"                                                                                                                             
[4] "Lrnr_gam_A~s(W1, k = 25, bs='bs',m=c(1,1)) + s(W2, k = 25, bs='bs',m=c(1,1)) + s(W3, k = 25, bs='bs',m=c(1,1)) + s(W4, k = 25, bs='bs',m=c(1,1))_NULL_GCV.Cp"
[5] "Lrnr_gam_Y~s(W1, k = 25, bs='bs',m=c(1,1)) + s(W2, k = 25, bs='bs',m=c(1,1)) + s(W3, k = 25, bs='bs',m=c(1,1)) + s(W4, k = 25, bs='bs',m=c(1,1))_NULL_GCV.Cp"
[6] "Lrnr_glm_TRUE"                                                                                                                                               
[7] "Lrnr_glmnet_NULL_deviance_10_1_100_TRUE"                                                                                                                     
[1] "Lrnr_cv_selector_NULL"
                                                                                                                             Lrnr_earth_1_3_backward_0_1_0_0 
                                                                                                                                                   171.85127 
                                                                                                                             Lrnr_earth_2_3_backward_0_1_0_0 
                                                                                                                                                    66.64035 
                                                                                                                             Lrnr_earth_3_3_backward_0_1_0_0 
                                                                                                                                                    66.64035 
Lrnr_gam_Y~s(W1, k = 25, bs='bs',m=c(1,1)) + s(W2, k = 25, bs='bs',m=c(1,1)) + s(W3, k = 25, bs='bs',m=c(1,1)) + s(W4, k = 25, bs='bs',m=c(1,1))_NULL_GCV.Cp 
                                                                                                                                                   182.01884 
                                                                                                                                               Lrnr_glm_TRUE 
                                                                                                                                                   239.87166 
                                                                                                                     Lrnr_glmnet_NULL_deviance_10_1_100_TRUE 
                                                                                                                                                   314.60905 
                                                                                                                             Lrnr_earth_1_3_backward_0_1_0_0 
                                                                                                                                                   156.21400 
                                                                                                                             Lrnr_earth_2_3_backward_0_1_0_0 
                                                                                                                                                    69.04061 
                                                                                                                             Lrnr_earth_3_3_backward_0_1_0_0 
                                                                                                                                                    69.04061 
Lrnr_gam_Y~s(W1, k = 25, bs='bs',m=c(1,1)) + s(W2, k = 25, bs='bs',m=c(1,1)) + s(W3, k = 25, bs='bs',m=c(1,1)) + s(W4, k = 25, bs='bs',m=c(1,1))_NULL_GCV.Cp 
                                                                                                                                                   155.01156 
                                                                                                                                               Lrnr_glm_TRUE 
                                                                                                                                                   202.35056 
                                                                                                                     Lrnr_glmnet_NULL_deviance_10_1_100_TRUE 
                                                                                                                                                   164.35553 
[1] "done"
[1] "Lrnr_cv"
 [1] "Lrnr_xgboost_20_1_5_2_0.3"  "Lrnr_xgboost_20_1_5_3_0.3" 
 [3] "Lrnr_xgboost_20_1_5_4_0.3"  "Lrnr_xgboost_20_1_5_5_0.3" 
 [5] "Lrnr_xgboost_20_1_5_6_0.3"  "Lrnr_xgboost_20_1_5_2_0.25"
 [7] "Lrnr_xgboost_20_1_5_3_0.25" "Lrnr_xgboost_20_1_5_4_0.25"
 [9] "Lrnr_xgboost_20_1_5_5_0.25" "Lrnr_xgboost_20_1_5_6_0.25"
[11] "Lrnr_xgboost_20_1_5_2_0.2"  "Lrnr_xgboost_20_1_5_3_0.2" 
[13] "Lrnr_xgboost_20_1_5_4_0.2"  "Lrnr_xgboost_20_1_5_5_0.2" 
[15] "Lrnr_xgboost_20_1_5_6_0.2"  "Lrnr_xgboost_20_1_5_2_0.15"
[17] "Lrnr_xgboost_20_1_5_3_0.15" "Lrnr_xgboost_20_1_5_4_0.15"
[19] "Lrnr_xgboost_20_1_5_5_0.15" "Lrnr_xgboost_20_1_5_6_0.15"
[1] "Lrnr_cv_selector_NULL"
