LOADING R
R LOADED
[1] "/home/lvanderl/Rlibs2"                         
[2] "/app/software/R/4.3.1-gfbf-2022b/lib/R/library"
[1] "/home/lvanderl/sieveSims"
[1] "acic2017_19"
  [1]   1   2   3   4   5   6   7   8   9  10  11  12  13  14  15  16  17  18
 [19]  19  20  21  22  23  24  25  26  27  28  29  30  31  32  33  34  35  36
 [37]  37  38  39  40  41  42  43  44  45  46  47  48  49  50  51  52  53  54
 [55]  55  56  57  58  59  60  61  62  63  64  65  66  67  68  69  70  71  72
 [73]  73  74  75  76  77  78  79  80  81  82  83  84  85  86  87  88  89  90
 [91]  91  92  93  94  95  96  97  98  99 100 101 102 103 104 105 106 107 108
[109] 109 110 111 112 113 114 115 116 117 118 119 120 121 122 123 124 125 126
[127] 127 128 129 130 131 132 133 134 135 136 137 138 139 140 141 142 143 144
[145] 145 146 147 148 149 150 151 152 153 154 155 156 157 158 159 160 161 162
[163] 163 164 165 166 167 168 169 170 171 172 173 174 175 176 177 178 179 180
[181] 181 182 183 184 185 186 187 188 189 190 191 192 193 194 195 196 197 198
[199] 199 200 201 202 203 204 205 206 207 208 209 210 211 212 213 214 215 216
[217] 217 218 219 220 221 222 223 224 225 226 227 228 229 230 231 232 233 234
[235] 235 236 237 238 239 240 241 242 243 244 245 246 247 248 249 250
[1] "iter: 1"
[1] 19
[1] 4302   58
Lrnr_xgboost_10_1_10_3_0.2 Lrnr_xgboost_10_1_10_4_0.2 
                  2.756477                   2.760470 
Lrnr_xgboost_10_1_10_5_0.2 Lrnr_xgboost_10_1_10_6_0.2 
                  2.782630                   2.809808 
Lrnr_xgboost_20_1_10_3_0.2 Lrnr_xgboost_20_1_10_4_0.2 
                  2.737614                   2.762229 
Lrnr_xgboost_20_1_10_5_0.2 Lrnr_xgboost_20_1_10_6_0.2 
                  2.796842                   2.837699 
Lrnr_xgboost_30_1_10_3_0.2 Lrnr_xgboost_30_1_10_4_0.2 
                  2.745697                   2.779925 
Lrnr_xgboost_30_1_10_5_0.2 Lrnr_xgboost_30_1_10_6_0.2 
                  2.820745                   2.867833 
Lrnr_xgboost_10_1_10_3_0.2 Lrnr_xgboost_10_1_10_4_0.2 
                  2.878161                   2.888755 
Lrnr_xgboost_10_1_10_5_0.2 Lrnr_xgboost_10_1_10_6_0.2 
                  2.914683                   2.959177 
Lrnr_xgboost_20_1_10_3_0.2 Lrnr_xgboost_20_1_10_4_0.2 
                  2.871904                   2.904501 
Lrnr_xgboost_20_1_10_5_0.2 Lrnr_xgboost_20_1_10_6_0.2 
                  2.935883                   2.982115 
Lrnr_xgboost_30_1_10_3_0.2 Lrnr_xgboost_30_1_10_4_0.2 
                  2.888394                   2.928280 
Lrnr_xgboost_30_1_10_5_0.2 Lrnr_xgboost_30_1_10_6_0.2 
                  2.960001                   3.006182 
Lrnr_xgboost_10_1_10_3_0.2 Lrnr_xgboost_10_1_10_4_0.2 
                 0.2272149                  0.2270358 
Lrnr_xgboost_10_1_10_5_0.2 Lrnr_xgboost_10_1_10_6_0.2 
                 0.2274679                  0.2284034 
Lrnr_xgboost_20_1_10_3_0.2 Lrnr_xgboost_20_1_10_4_0.2 
                 0.2268076                  0.2275182 
Lrnr_xgboost_20_1_10_5_0.2 Lrnr_xgboost_20_1_10_6_0.2 
                 0.2279263                  0.2291338 
Lrnr_xgboost_30_1_10_3_0.2 Lrnr_xgboost_30_1_10_4_0.2 
                 0.2270866                  0.2280307 
Lrnr_xgboost_30_1_10_5_0.2 Lrnr_xgboost_30_1_10_6_0.2 
                 0.2285994                  0.2294895 
[1] "done"
NULL
NULL
NULL
[1] "done"
[1] "all"
[1] -0.05801124 -0.06107302
[1] "iter: 2"
[1] 19
[1] 4302   58
Lrnr_xgboost_10_1_10_3_0.2 Lrnr_xgboost_10_1_10_4_0.2 
                  2.876838                   2.895846 
Lrnr_xgboost_10_1_10_5_0.2 Lrnr_xgboost_10_1_10_6_0.2 
                  2.934594                   2.959197 
Lrnr_xgboost_20_1_10_3_0.2 Lrnr_xgboost_20_1_10_4_0.2 
                  2.876915                   2.912113 
Lrnr_xgboost_20_1_10_5_0.2 Lrnr_xgboost_20_1_10_6_0.2 
                  2.955640                   3.001834 
Lrnr_xgboost_30_1_10_3_0.2 Lrnr_xgboost_30_1_10_4_0.2 
                  2.892715                   2.929975 
Lrnr_xgboost_30_1_10_5_0.2 Lrnr_xgboost_30_1_10_6_0.2 
                  2.975913                   3.027004 
Lrnr_xgboost_10_1_10_3_0.2 Lrnr_xgboost_10_1_10_4_0.2 
                  2.668538                   2.679359 
Lrnr_xgboost_10_1_10_5_0.2 Lrnr_xgboost_10_1_10_6_0.2 
                  2.695696                   2.704093 
Lrnr_xgboost_20_1_10_3_0.2 Lrnr_xgboost_20_1_10_4_0.2 
                  2.652353                   2.665645 
Lrnr_xgboost_20_1_10_5_0.2 Lrnr_xgboost_20_1_10_6_0.2 
                  2.693130                   2.711066 
Lrnr_xgboost_30_1_10_3_0.2 Lrnr_xgboost_30_1_10_4_0.2 
                  2.666614                   2.675463 
Lrnr_xgboost_30_1_10_5_0.2 Lrnr_xgboost_30_1_10_6_0.2 
                  2.701853                   2.724355 
Lrnr_xgboost_10_1_10_3_0.2 Lrnr_xgboost_10_1_10_4_0.2 
                 0.2273145                  0.2273057 
Lrnr_xgboost_10_1_10_5_0.2 Lrnr_xgboost_10_1_10_6_0.2 
                 0.2285604                  0.2286802 
Lrnr_xgboost_20_1_10_3_0.2 Lrnr_xgboost_20_1_10_4_0.2 
                 0.2276863                  0.2283917 
Lrnr_xgboost_20_1_10_5_0.2 Lrnr_xgboost_20_1_10_6_0.2 
                 0.2293567                  0.2302029 
Lrnr_xgboost_30_1_10_3_0.2 Lrnr_xgboost_30_1_10_4_0.2 
                 0.2281825                  0.2291975 
Lrnr_xgboost_30_1_10_5_0.2 Lrnr_xgboost_30_1_10_6_0.2 
                 0.2300709                  0.2312906 
[1] "done"
NULL
NULL
NULL
[1] "done"
[1] "all"
[1] -0.04167119 -0.09700230
[1] "iter: 3"
[1] 19
[1] 4302   58
Lrnr_xgboost_10_1_10_3_0.2 Lrnr_xgboost_10_1_10_4_0.2 
                  2.815023                   2.816606 
Lrnr_xgboost_10_1_10_5_0.2 Lrnr_xgboost_10_1_10_6_0.2 
                  2.832599                   2.860961 
Lrnr_xgboost_20_1_10_3_0.2 Lrnr_xgboost_20_1_10_4_0.2 
                  2.802623                   2.813397 
Lrnr_xgboost_20_1_10_5_0.2 Lrnr_xgboost_20_1_10_6_0.2 
                  2.843519                   2.877962 
Lrnr_xgboost_30_1_10_3_0.2 Lrnr_xgboost_30_1_10_4_0.2 
                  2.809421                   2.824494 
Lrnr_xgboost_30_1_10_5_0.2 Lrnr_xgboost_30_1_10_6_0.2 
                  2.857334                   2.897376 
Lrnr_xgboost_10_1_10_3_0.2 Lrnr_xgboost_10_1_10_4_0.2 
                  2.939065                   2.980198 
Lrnr_xgboost_10_1_10_5_0.2 Lrnr_xgboost_10_1_10_6_0.2 
                  3.022266                   3.040759 
Lrnr_xgboost_20_1_10_3_0.2 Lrnr_xgboost_20_1_10_4_0.2 
                  2.935432                   2.982611 
Lrnr_xgboost_20_1_10_5_0.2 Lrnr_xgboost_20_1_10_6_0.2 
                  3.022038                   3.053885 
Lrnr_xgboost_30_1_10_3_0.2 Lrnr_xgboost_30_1_10_4_0.2 
                  2.950580                   3.009751 
Lrnr_xgboost_30_1_10_5_0.2 Lrnr_xgboost_30_1_10_6_0.2 
                  3.029946                   3.068627 
Lrnr_xgboost_10_1_10_3_0.2 Lrnr_xgboost_10_1_10_4_0.2 
                 0.2264274                  0.2265983 
Lrnr_xgboost_10_1_10_5_0.2 Lrnr_xgboost_10_1_10_6_0.2 
                 0.2265215                  0.2267647 
Lrnr_xgboost_20_1_10_3_0.2 Lrnr_xgboost_20_1_10_4_0.2 
                 0.2259258                  0.2265032 
Lrnr_xgboost_20_1_10_5_0.2 Lrnr_xgboost_20_1_10_6_0.2 
                 0.2269152                  0.2272567 
Lrnr_xgboost_30_1_10_3_0.2 Lrnr_xgboost_30_1_10_4_0.2 
                 0.2261561                  0.2270100 
Lrnr_xgboost_30_1_10_5_0.2 Lrnr_xgboost_30_1_10_6_0.2 
                 0.2276947                  0.2279609 
[1] "done"
NULL
NULL
NULL
[1] "done"
[1] "all"
[1] -0.02206375 -0.02578049
[1] "iter: 4"
[1] 19
[1] 4302   58
Lrnr_xgboost_10_1_10_3_0.2 Lrnr_xgboost_10_1_10_4_0.2 
                  2.835729                   2.831346 
Lrnr_xgboost_10_1_10_5_0.2 Lrnr_xgboost_10_1_10_6_0.2 
                  2.847317                   2.859538 
Lrnr_xgboost_20_1_10_3_0.2 Lrnr_xgboost_20_1_10_4_0.2 
                  2.808743                   2.827133 
Lrnr_xgboost_20_1_10_5_0.2 Lrnr_xgboost_20_1_10_6_0.2 
                  2.847637                   2.876089 
Lrnr_xgboost_30_1_10_3_0.2 Lrnr_xgboost_30_1_10_4_0.2 
                  2.811981                   2.840035 
Lrnr_xgboost_30_1_10_5_0.2 Lrnr_xgboost_30_1_10_6_0.2 
                  2.864907                   2.894123 
Lrnr_xgboost_10_1_10_3_0.2 Lrnr_xgboost_10_1_10_4_0.2 
                  2.785119                   2.787765 
Lrnr_xgboost_10_1_10_5_0.2 Lrnr_xgboost_10_1_10_6_0.2 
                  2.799974                   2.811669 
Lrnr_xgboost_20_1_10_3_0.2 Lrnr_xgboost_20_1_10_4_0.2 
                  2.761809                   2.786063 
Lrnr_xgboost_20_1_10_5_0.2 Lrnr_xgboost_20_1_10_6_0.2 
                  2.800749                   2.821063 
Lrnr_xgboost_30_1_10_3_0.2 Lrnr_xgboost_30_1_10_4_0.2 
                  2.769361                   2.800048 
Lrnr_xgboost_30_1_10_5_0.2 Lrnr_xgboost_30_1_10_6_0.2 
                  2.807191                   2.832262 
