LOADING R
R LOADED
[1] "/home/lvanderl/Rlibs2"                         
[2] "/app/software/R/4.3.1-gfbf-2022b/lib/R/library"
[1] "/home/lvanderl/sieveSims"
[1] "iter: 1"
[1] "Lrnr_cv"
[1] "Lrnr_earth_1_3_cv_5_1_0_0_binomial_100"
[1] "Lrnr_cv_selector_NULL"
predictions 
  0.1848808 
predictions 
  0.1552844 
[1] "done"
[1] "Lrnr_cv"
[1] "Lrnr_gam_Y~s(W1, k = 40, bs='bs',m=c(1,1)) + s(W2, k = 40, bs='bs',m=c(1,1)) + s(W3, k = 40, bs='bs',m=c(1,1))_binomial_GCV.Cp"
[1] "Lrnr_cv_selector_NULL"
predictions 
  0.1847255 
predictions 
  0.1533953 
[1] "done"
[1] "Lrnr_cv"
[1] "Lrnr_xgboost_10_1_10_5_0.2" "Lrnr_xgboost_10_1_10_2_0.2"
[3] "Lrnr_xgboost_10_1_10_3_0.2" "Lrnr_xgboost_10_1_10_4_0.2"
[5] "Lrnr_xgboost_20_1_10_5_0.2" "Lrnr_xgboost_20_1_10_2_0.2"
[7] "Lrnr_xgboost_20_1_10_3_0.2" "Lrnr_xgboost_20_1_10_4_0.2"
[1] "Lrnr_cv_selector_NULL"
Lrnr_xgboost_10_1_10_5_0.2 Lrnr_xgboost_10_1_10_2_0.2 
                 0.1897135                  0.1928255 
Lrnr_xgboost_10_1_10_3_0.2 Lrnr_xgboost_10_1_10_4_0.2 
                 0.1893863                  0.1888829 
Lrnr_xgboost_20_1_10_5_0.2 Lrnr_xgboost_20_1_10_2_0.2 
                 0.1910547                  0.1881846 
Lrnr_xgboost_20_1_10_3_0.2 Lrnr_xgboost_20_1_10_4_0.2 
                 0.1882091                  0.1893342 
Lrnr_xgboost_10_1_10_5_0.2 Lrnr_xgboost_10_1_10_2_0.2 
                 0.1566181                  0.1628042 
Lrnr_xgboost_10_1_10_3_0.2 Lrnr_xgboost_10_1_10_4_0.2 
                 0.1572867                  0.1554544 
Lrnr_xgboost_20_1_10_5_0.2 Lrnr_xgboost_20_1_10_2_0.2 
                 0.1560377                  0.1562024 
Lrnr_xgboost_20_1_10_3_0.2 Lrnr_xgboost_20_1_10_4_0.2 
                 0.1540694                  0.1548469 
[1] "done"
[1] "Lrnr_cv"
[1] "Lrnr_ranger_500_TRUE_none_1_8_10"
[1] "Lrnr_cv_selector_NULL"
predictions 
  0.1902696 
predictions 
  0.1543654 
[1] "done"
[1] "Lrnr_cv"
[1] "Lrnr_glmnet_NULL_deviance_10_1_100_TRUE"
[2] "Lrnr_gam_NULL_NULL_GCV.Cp"              
[3] "Lrnr_earth_2_3_backward_0_1_0_0"        
[4] "Lrnr_ranger_500_TRUE_none_1_10_5"       
[5] "Lrnr_xgboost_15_1_15_5_0.2"             
[6] "Lrnr_xgboost_15_1_15_2_0.2"             
[7] "Lrnr_xgboost_15_1_15_3_0.2"             
[8] "Lrnr_xgboost_15_1_15_4_0.2"             
[1] "Lrnr_cv_selector_NULL"
Lrnr_glmnet_NULL_deviance_10_1_100_TRUE               Lrnr_gam_NULL_NULL_GCV.Cp 
                              0.2079126                               0.1845759 
        Lrnr_earth_2_3_backward_0_1_0_0        Lrnr_ranger_500_TRUE_none_1_10_5 
                              0.1871322                               0.1922735 
             Lrnr_xgboost_15_1_15_5_0.2              Lrnr_xgboost_15_1_15_2_0.2 
                              0.1890721                               0.1896412 
             Lrnr_xgboost_15_1_15_3_0.2              Lrnr_xgboost_15_1_15_4_0.2 
                              0.1878583                               0.1884635 
Lrnr_glmnet_NULL_deviance_10_1_100_TRUE               Lrnr_gam_NULL_NULL_GCV.Cp 
                              0.1768112                               0.1528014 
        Lrnr_earth_2_3_backward_0_1_0_0        Lrnr_ranger_500_TRUE_none_1_10_5 
                              0.1556941                               0.1558369 
             Lrnr_xgboost_15_1_15_5_0.2              Lrnr_xgboost_15_1_15_2_0.2 
                              0.1545729                               0.1583736 
             Lrnr_xgboost_15_1_15_3_0.2              Lrnr_xgboost_15_1_15_4_0.2 
                              0.1549671                               0.1539451 
[1] "done"
[1] "Lrnr_cv"
[1] "Lrnr_mean"
NULL
NULL
[1] "done"
[1] "earth"
[1] "gam_1"
[1] "xgboost"
[1] "rf"
[1] "all"
[1] "iter: 2"
[1] "Lrnr_cv"
[1] "Lrnr_earth_1_3_cv_5_1_0_0_binomial_100"
[1] "Lrnr_cv_selector_NULL"
predictions 
  0.1900215 
predictions 
  0.1600005 
[1] "done"
[1] "Lrnr_cv"
[1] "Lrnr_gam_Y~s(W1, k = 40, bs='bs',m=c(1,1)) + s(W2, k = 40, bs='bs',m=c(1,1)) + s(W3, k = 40, bs='bs',m=c(1,1))_binomial_GCV.Cp"
[1] "Lrnr_cv_selector_NULL"
predictions 
  0.1889861 
predictions 
  0.1589724 
[1] "done"
[1] "Lrnr_cv"
[1] "Lrnr_xgboost_10_1_10_5_0.2" "Lrnr_xgboost_10_1_10_2_0.2"
[3] "Lrnr_xgboost_10_1_10_3_0.2" "Lrnr_xgboost_10_1_10_4_0.2"
[5] "Lrnr_xgboost_20_1_10_5_0.2" "Lrnr_xgboost_20_1_10_2_0.2"
[7] "Lrnr_xgboost_20_1_10_3_0.2" "Lrnr_xgboost_20_1_10_4_0.2"
[1] "Lrnr_cv_selector_NULL"
Lrnr_xgboost_10_1_10_5_0.2 Lrnr_xgboost_10_1_10_2_0.2 
                 0.1927645                  0.1972742 
Lrnr_xgboost_10_1_10_3_0.2 Lrnr_xgboost_10_1_10_4_0.2 
                 0.1936507                  0.1931282 
Lrnr_xgboost_20_1_10_5_0.2 Lrnr_xgboost_20_1_10_2_0.2 
                 0.1933096                  0.1924706 
Lrnr_xgboost_20_1_10_3_0.2 Lrnr_xgboost_20_1_10_4_0.2 
                 0.1919287                  0.1930391 
Lrnr_xgboost_10_1_10_5_0.2 Lrnr_xgboost_10_1_10_2_0.2 
                 0.1620396                  0.1692579 
Lrnr_xgboost_10_1_10_3_0.2 Lrnr_xgboost_10_1_10_4_0.2 
                 0.1640781                  0.1625837 
Lrnr_xgboost_20_1_10_5_0.2 Lrnr_xgboost_20_1_10_2_0.2 
                 0.1631219                  0.1627320 
Lrnr_xgboost_20_1_10_3_0.2 Lrnr_xgboost_20_1_10_4_0.2 
                 0.1610303                  0.1622759 
[1] "done"
[1] "Lrnr_cv"
[1] "Lrnr_ranger_500_TRUE_none_1_8_10"
[1] "Lrnr_cv_selector_NULL"
predictions 
  0.1934924 
predictions 
  0.1633833 
[1] "done"
[1] "Lrnr_cv"
[1] "Lrnr_glmnet_NULL_deviance_10_1_100_TRUE"
[2] "Lrnr_gam_NULL_NULL_GCV.Cp"              
[3] "Lrnr_earth_2_3_backward_0_1_0_0"        
[4] "Lrnr_ranger_500_TRUE_none_1_10_5"       
[5] "Lrnr_xgboost_15_1_15_5_0.2"             
[6] "Lrnr_xgboost_15_1_15_2_0.2"             
[7] "Lrnr_xgboost_15_1_15_3_0.2"             
[8] "Lrnr_xgboost_15_1_15_4_0.2"             
[1] "Lrnr_cv_selector_NULL"
Lrnr_glmnet_NULL_deviance_10_1_100_TRUE               Lrnr_gam_NULL_NULL_GCV.Cp 
                              0.2104683                               0.1884209 
        Lrnr_earth_2_3_backward_0_1_0_0        Lrnr_ranger_500_TRUE_none_1_10_5 
                              0.1908907                               0.1957834 
             Lrnr_xgboost_15_1_15_5_0.2              Lrnr_xgboost_15_1_15_2_0.2 
                              0.1911389                               0.1934670 
             Lrnr_xgboost_15_1_15_3_0.2              Lrnr_xgboost_15_1_15_4_0.2 
                              0.1923005                               0.1918161 
Lrnr_glmnet_NULL_deviance_10_1_100_TRUE               Lrnr_gam_NULL_NULL_GCV.Cp 
                              0.1804954                               0.1585170 
        Lrnr_earth_2_3_backward_0_1_0_0        Lrnr_ranger_500_TRUE_none_1_10_5 
                              0.1601804                               0.1664356 
             Lrnr_xgboost_15_1_15_5_0.2              Lrnr_xgboost_15_1_15_2_0.2 
                              0.1611746                               0.1646804 
             Lrnr_xgboost_15_1_15_3_0.2              Lrnr_xgboost_15_1_15_4_0.2 
                              0.1615363                               0.1609164 
[1] "done"
[1] "Lrnr_cv"
[1] "Lrnr_mean"
NULL
NULL
[1] "done"
[1] "earth"
[1] "gam_1"
[1] "xgboost"
[1] "rf"
[1] "all"
[1] "iter: 3"
[1] "Lrnr_cv"
[1] "Lrnr_earth_1_3_cv_5_1_0_0_binomial_100"
[1] "Lrnr_cv_selector_NULL"
predictions 
  0.1941128 
predictions 
  0.1621129 
[1] "done"
[1] "Lrnr_cv"
[1] "Lrnr_gam_Y~s(W1, k = 40, bs='bs',m=c(1,1)) + s(W2, k = 40, bs='bs',m=c(1,1)) + s(W3, k = 40, bs='bs',m=c(1,1))_binomial_GCV.Cp"
[1] "Lrnr_cv_selector_NULL"
predictions 
  0.1932549 
predictions 
   0.162743 
[1] "done"
[1] "Lrnr_cv"
[1] "Lrnr_xgboost_10_1_10_5_0.2" "Lrnr_xgboost_10_1_10_2_0.2"
[3] "Lrnr_xgboost_10_1_10_3_0.2" "Lrnr_xgboost_10_1_10_4_0.2"
[5] "Lrnr_xgboost_20_1_10_5_0.2" "Lrnr_xgboost_20_1_10_2_0.2"
[7] "Lrnr_xgboost_20_1_10_3_0.2" "Lrnr_xgboost_20_1_10_4_0.2"
[1] "Lrnr_cv_selector_NULL"
Lrnr_xgboost_10_1_10_5_0.2 Lrnr_xgboost_10_1_10_2_0.2 
                 0.1981980                  0.1997562 
Lrnr_xgboost_10_1_10_3_0.2 Lrnr_xgboost_10_1_10_4_0.2 
                 0.1962665                  0.1972259 
Lrnr_xgboost_20_1_10_5_0.2 Lrnr_xgboost_20_1_10_2_0.2 
                 0.2001631                  0.1953030 
Lrnr_xgboost_20_1_10_3_0.2 Lrnr_xgboost_20_1_10_4_0.2 
                 0.1954474                  0.1979440 
Lrnr_xgboost_10_1_10_5_0.2 Lrnr_xgboost_10_1_10_2_0.2 
                 0.1672944                  0.1733194 
Lrnr_xgboost_10_1_10_3_0.2 Lrnr_xgboost_10_1_10_4_0.2 
                 0.1687216                  0.1679566 
Lrnr_xgboost_20_1_10_5_0.2 Lrnr_xgboost_20_1_10_2_0.2 
                 0.1666640                  0.1670755 
Lrnr_xgboost_20_1_10_3_0.2 Lrnr_xgboost_20_1_10_4_0.2 
                 0.1653421                  0.1662682 
[1] "done"
[1] "Lrnr_cv"
[1] "Lrnr_ranger_500_TRUE_none_1_8_10"
[1] "Lrnr_cv_selector_NULL"
predictions 
  0.1970845 
predictions 
  0.1674972 
[1] "done"
[1] "Lrnr_cv"
[1] "Lrnr_glmnet_NULL_deviance_10_1_100_TRUE"
[2] "Lrnr_gam_NULL_NULL_GCV.Cp"              
[3] "Lrnr_earth_2_3_backward_0_1_0_0"        
[4] "Lrnr_ranger_500_TRUE_none_1_10_5"       
[5] "Lrnr_xgboost_15_1_15_5_0.2"             
[6] "Lrnr_xgboost_15_1_15_2_0.2"             
[7] "Lrnr_xgboost_15_1_15_3_0.2"             
[8] "Lrnr_xgboost_15_1_15_4_0.2"             
[1] "Lrnr_cv_selector_NULL"
Lrnr_glmnet_NULL_deviance_10_1_100_TRUE               Lrnr_gam_NULL_NULL_GCV.Cp 
                              0.2130426                               0.1927662 
        Lrnr_earth_2_3_backward_0_1_0_0        Lrnr_ranger_500_TRUE_none_1_10_5 
                              0.1946945                               0.1993876 
             Lrnr_xgboost_15_1_15_5_0.2              Lrnr_xgboost_15_1_15_2_0.2 
                              0.1974541                               0.1971559 
             Lrnr_xgboost_15_1_15_3_0.2              Lrnr_xgboost_15_1_15_4_0.2 
                              0.1954725                               0.1965503 
Lrnr_glmnet_NULL_deviance_10_1_100_TRUE               Lrnr_gam_NULL_NULL_GCV.Cp 
                              0.1849562                               0.1621546 
        Lrnr_earth_2_3_backward_0_1_0_0        Lrnr_ranger_500_TRUE_none_1_10_5 
                              0.1662352                               0.1699426 
             Lrnr_xgboost_15_1_15_5_0.2              Lrnr_xgboost_15_1_15_2_0.2 
                              0.1654034                               0.1697274 
             Lrnr_xgboost_15_1_15_3_0.2              Lrnr_xgboost_15_1_15_4_0.2 
                              0.1665559                               0.1651022 
[1] "done"
[1] "Lrnr_cv"
[1] "Lrnr_mean"
NULL
NULL
[1] "done"
[1] "earth"
[1] "gam_1"
[1] "xgboost"
[1] "rf"
[1] "all"
[1] "iter: 4"
[1] "Lrnr_cv"
[1] "Lrnr_earth_1_3_cv_5_1_0_0_binomial_100"
[1] "Lrnr_cv_selector_NULL"
predictions 
   0.189371 
predictions 
  0.1604196 
[1] "done"
[1] "Lrnr_cv"
[1] "Lrnr_gam_Y~s(W1, k = 40, bs='bs',m=c(1,1)) + s(W2, k = 40, bs='bs',m=c(1,1)) + s(W3, k = 40, bs='bs',m=c(1,1))_binomial_GCV.Cp"
[1] "Lrnr_cv_selector_NULL"
predictions 
  0.1869757 
predictions 
  0.1597399 
[1] "done"
[1] "Lrnr_cv"
[1] "Lrnr_xgboost_10_1_10_5_0.2" "Lrnr_xgboost_10_1_10_2_0.2"
[3] "Lrnr_xgboost_10_1_10_3_0.2" "Lrnr_xgboost_10_1_10_4_0.2"
[5] "Lrnr_xgboost_20_1_10_5_0.2" "Lrnr_xgboost_20_1_10_2_0.2"
[7] "Lrnr_xgboost_20_1_10_3_0.2" "Lrnr_xgboost_20_1_10_4_0.2"
[1] "Lrnr_cv_selector_NULL"
Lrnr_xgboost_10_1_10_5_0.2 Lrnr_xgboost_10_1_10_2_0.2 
                 0.1885259                  0.1935107 
Lrnr_xgboost_10_1_10_3_0.2 Lrnr_xgboost_10_1_10_4_0.2 
                 0.1883049                  0.1882101 
Lrnr_xgboost_20_1_10_5_0.2 Lrnr_xgboost_20_1_10_2_0.2 
                 0.1879364                  0.1880217 
Lrnr_xgboost_20_1_10_3_0.2 Lrnr_xgboost_20_1_10_4_0.2 
                 0.1856285                  0.1868177 
Lrnr_xgboost_10_1_10_5_0.2 Lrnr_xgboost_10_1_10_2_0.2 
                 0.1671619                  0.1698034 
Lrnr_xgboost_10_1_10_3_0.2 Lrnr_xgboost_10_1_10_4_0.2 
                 0.1663132                  0.1667826 
Lrnr_xgboost_20_1_10_5_0.2 Lrnr_xgboost_20_1_10_2_0.2 
                 0.1661408                  0.1634639 
Lrnr_xgboost_20_1_10_3_0.2 Lrnr_xgboost_20_1_10_4_0.2 
                 0.1628545                  0.1644693 
[1] "done"
[1] "Lrnr_cv"
[1] "Lrnr_ranger_500_TRUE_none_1_8_10"
[1] "Lrnr_cv_selector_NULL"
predictions 
  0.1894508 
predictions 
  0.1663402 
[1] "done"
[1] "Lrnr_cv"
[1] "Lrnr_glmnet_NULL_deviance_10_1_100_TRUE"
[2] "Lrnr_gam_NULL_NULL_GCV.Cp"              
[3] "Lrnr_earth_2_3_backward_0_1_0_0"        
[4] "Lrnr_ranger_500_TRUE_none_1_10_5"       
[5] "Lrnr_xgboost_15_1_15_5_0.2"             
[6] "Lrnr_xgboost_15_1_15_2_0.2"             
[7] "Lrnr_xgboost_15_1_15_3_0.2"             
[8] "Lrnr_xgboost_15_1_15_4_0.2"             
[1] "Lrnr_cv_selector_NULL"
Lrnr_glmnet_NULL_deviance_10_1_100_TRUE               Lrnr_gam_NULL_NULL_GCV.Cp 
                              0.2113319                               0.1874753 
        Lrnr_earth_2_3_backward_0_1_0_0        Lrnr_ranger_500_TRUE_none_1_10_5 
                              0.1903840                               0.1923515 
             Lrnr_xgboost_15_1_15_5_0.2              Lrnr_xgboost_15_1_15_2_0.2 
                              0.1866802                               0.1899290 
             Lrnr_xgboost_15_1_15_3_0.2              Lrnr_xgboost_15_1_15_4_0.2 
                              0.1866993                               0.1861728 
Lrnr_glmnet_NULL_deviance_10_1_100_TRUE               Lrnr_gam_NULL_NULL_GCV.Cp 
                              0.1846310                               0.1584992 
        Lrnr_earth_2_3_backward_0_1_0_0        Lrnr_ranger_500_TRUE_none_1_10_5 
                              0.1629270                               0.1696310 
             Lrnr_xgboost_15_1_15_5_0.2              Lrnr_xgboost_15_1_15_2_0.2 
                              0.1655108                               0.1654411 
             Lrnr_xgboost_15_1_15_3_0.2              Lrnr_xgboost_15_1_15_4_0.2 
                              0.1636687                               0.1645248 
[1] "done"
[1] "Lrnr_cv"
[1] "Lrnr_mean"
NULL
NULL
[1] "done"
[1] "earth"
[1] "gam_1"
[1] "xgboost"
[1] "rf"
[1] "all"
