Failed to query server: Failed to activate service 'org.freedesktop.timedate1': timed out (service_start_timeout=25000ms)
Warning message:
In system("timedatectl", intern = TRUE) :
  running command 'timedatectl' had status 1
Failed to query server: Failed to activate service 'org.freedesktop.timedate1': timed out (service_start_timeout=25000ms)
Failed to query server: Connection timed out
Failed to query server: Failed to activate service 'org.freedesktop.timedate1': timed out (service_start_timeout=25000ms)
Error in FUN(X[[i]], ...) : object 'nitial_estimators_all' not found
Error in FUN(X[[i]], ...) : object 'nitial_estimators_all' not found
Error in FUN(X[[i]], ...) : object 'nitial_estimators_all' not found
Error in FUN(X[[i]], ...) : object 'nitial_estimators_all' not found
Error in FUN(X[[i]], ...) : object 'nitial_estimators_all' not found
Error in FUN(X[[i]], ...) : object 'nitial_estimators_all' not found
Error in FUN(X[[i]], ...) : object 'nitial_estimators_all' not found
Error in FUN(X[[i]], ...) : object 'nitial_estimators_all' not found
Error in FUN(X[[i]], ...) : object 'nitial_estimators_all' not found
Error in FUN(X[[i]], ...) : object 'nitial_estimators_all' not found
Error in FUN(X[[i]], ...) : object 'nitial_estimators_all' not found
Error in FUN(X[[i]], ...) : object 'nitial_estimators_all' not found
Error in FUN(X[[i]], ...) : object 'nitial_estimators_all' not found
Error in FUN(X[[i]], ...) : object 'nitial_estimators_all' not found
Error in FUN(X[[i]], ...) : object 'nitial_estimators_all' not found
Error in FUN(X[[i]], ...) : object 'nitial_estimators_all' not found
Error in FUN(X[[i]], ...) : object 'nitial_estimators_all' not found
Error in FUN(X[[i]], ...) : object 'nitial_estimators_all' not found
Error in FUN(X[[i]], ...) : object 'nitial_estimators_all' not found
Error in FUN(X[[i]], ...) : object 'nitial_estimators_all' not found
Error in FUN(X[[i]], ...) : object 'nitial_estimators_all' not found
Error in FUN(X[[i]], ...) : object 'nitial_estimators_all' not found
Error in FUN(X[[i]], ...) : object 'nitial_estimators_all' not found
Error in FUN(X[[i]], ...) : object 'nitial_estimators_all' not found
Error in FUN(X[[i]], ...) : object 'nitial_estimators_all' not found
Error in FUN(X[[i]], ...) : object 'nitial_estimators_all' not found
Error in FUN(X[[i]], ...) : object 'nitial_estimators_all' not found
Error in FUN(X[[i]], ...) : object 'nitial_estimators_all' not found
Error in FUN(X[[i]], ...) : object 'nitial_estimators_all' not found
Error in FUN(X[[i]], ...) : object 'nitial_estimators_all' not found
Error in FUN(X[[i]], ...) : object 'nitial_estimators_all' not found
Error in FUN(X[[i]], ...) : object 'nitial_estimators_all' not found
Error in FUN(X[[i]], ...) : object 'nitial_estimators_all' not found
Error in FUN(X[[i]], ...) : object 'nitial_estimators_all' not found
Error in FUN(X[[i]], ...) : object 'nitial_estimators_all' not found
Error in FUN(X[[i]], ...) : object 'nitial_estimators_all' not found
Error in FUN(X[[i]], ...) : object 'nitial_estimators_all' not found
Error in FUN(X[[i]], ...) : object 'nitial_estimators_all' not found
Error in FUN(X[[i]], ...) : object 'nitial_estimators_all' not found
Error in FUN(X[[i]], ...) : object 'nitial_estimators_all' not found
Error in FUN(X[[i]], ...) : object 'nitial_estimators_all' not found
Error in FUN(X[[i]], ...) : object 'nitial_estimators_all' not found
Error in FUN(X[[i]], ...) : object 'nitial_estimators_all' not found
Error in FUN(X[[i]], ...) : object 'nitial_estimators_all' not found
Error in FUN(X[[i]], ...) : object 'nitial_estimators_all' not found
Error in FUN(X[[i]], ...) : object 'nitial_estimators_all' not found
Error in FUN(X[[i]], ...) : object 'nitial_estimators_all' not found
Error in FUN(X[[i]], ...) : object 'nitial_estimators_all' not found
Error in FUN(X[[i]], ...) : object 'nitial_estimators_all' not found
Error in FUN(X[[i]], ...) : object 'nitial_estimators_all' not found
Error in FUN(X[[i]], ...) : object 'nitial_estimators_all' not found
Error in FUN(X[[i]], ...) : object 'nitial_estimators_all' not found
Error in FUN(X[[i]], ...) : object 'nitial_estimators_all' not found
Error in FUN(X[[i]], ...) : object 'nitial_estimators_all' not found
Error in FUN(X[[i]], ...) : object 'nitial_estimators_all' not found
Error in FUN(X[[i]], ...) : object 'nitial_estimators_all' not found
Error in FUN(X[[i]], ...) : object 'nitial_estimators_all' not found
Error in FUN(X[[i]], ...) : object 'nitial_estimators_all' not found
Error in FUN(X[[i]], ...) : object 'nitial_estimators_all' not found
Error in FUN(X[[i]], ...) : object 'nitial_estimators_all' not found
Error in FUN(X[[i]], ...) : object 'nitial_estimators_all' not found
Error in FUN(X[[i]], ...) : object 'nitial_estimators_all' not found
Error in FUN(X[[i]], ...) : object 'nitial_estimators_all' not found
Error in FUN(X[[i]], ...) : object 'nitial_estimators_all' not found
Error in FUN(X[[i]], ...) : object 'nitial_estimators_all' not found
Error in FUN(X[[i]], ...) : object 'nitial_estimators_all' not found
Error in FUN(X[[i]], ...) : object 'nitial_estimators_all' not found
Error in FUN(X[[i]], ...) : object 'nitial_estimators_all' not found
Error in FUN(X[[i]], ...) : object 'nitial_estimators_all' not found
Error in FUN(X[[i]], ...) : object 'nitial_estimators_all' not found
Error in FUN(X[[i]], ...) : object 'nitial_estimators_all' not found
Error in FUN(X[[i]], ...) : object 'nitial_estimators_all' not found
Error in FUN(X[[i]], ...) : object 'nitial_estimators_all' not found
Error in FUN(X[[i]], ...) : object 'nitial_estimators_all' not found
Error in FUN(X[[i]], ...) : object 'nitial_estimators_all' not found
Error in FUN(X[[i]], ...) : object 'nitial_estimators_all' not found
Error in FUN(X[[i]], ...) : object 'nitial_estimators_all' not found
Error in FUN(X[[i]], ...) : object 'nitial_estimators_all' not found
Error in FUN(X[[i]], ...) : object 'nitial_estimators_all' not found
Error in FUN(X[[i]], ...) : object 'nitial_estimators_all' not found
Error in FUN(X[[i]], ...) : object 'nitial_estimators_all' not found
Error in FUN(X[[i]], ...) : object 'nitial_estimators_all' not found
Error in FUN(X[[i]], ...) : object 'nitial_estimators_all' not found
Error in FUN(X[[i]], ...) : object 'nitial_estimators_all' not found
Error in FUN(X[[i]], ...) : object 'nitial_estimators_all' not found
Error in FUN(X[[i]], ...) : object 'nitial_estimators_all' not found
Error in FUN(X[[i]], ...) : object 'nitial_estimators_all' not found
Error in FUN(X[[i]], ...) : object 'nitial_estimators_all' not found
Error in FUN(X[[i]], ...) : object 'nitial_estimators_all' not found
Error in FUN(X[[i]], ...) : object 'nitial_estimators_all' not found
Error in FUN(X[[i]], ...) : object 'nitial_estimators_all' not found
Error in FUN(X[[i]], ...) : object 'nitial_estimators_all' not found
Error in FUN(X[[i]], ...) : object 'nitial_estimators_all' not found
Error in FUN(X[[i]], ...) : object 'nitial_estimators_all' not found
Error in FUN(X[[i]], ...) : object 'nitial_estimators_all' not found
Error in FUN(X[[i]], ...) : object 'nitial_estimators_all' not found
Error in FUN(X[[i]], ...) : object 'nitial_estimators_all' not found
Error in FUN(X[[i]], ...) : object 'nitial_estimators_all' not found
Error in FUN(X[[i]], ...) : object 'nitial_estimators_all' not found
Error in FUN(X[[i]], ...) : object 'nitial_estimators_all' not found
Warning message:
In fwrite(sim_results, paste0("~/DRinference/simResultsDR/sim_results_",  :
  Input has no columns; doing nothing.
If you intended to overwrite the file at /home/lvanderl/DRinference/simResultsDR/sim_results_twins.csv with an empty one, please use file.remove first.
