LOADING R
R LOADED
[1] "/home/lvanderl/Rlibs2"                         
[2] "/app/software/R/4.3.1-gfbf-2022b/lib/R/library"
[1] "/home/lvanderl/sieveSims"
[1] "acic2017_20"
  [1]   1   2   3   4   5   6   7   8   9  10  11  12  13  14  15  16  17  18
 [19]  19  20  21  22  23  24  25  26  27  28  29  30  31  32  33  34  35  36
 [37]  37  38  39  40  41  42  43  44  45  46  47  48  49  50  51  52  53  54
 [55]  55  56  57  58  59  60  61  62  63  64  65  66  67  68  69  70  71  72
 [73]  73  74  75  76  77  78  79  80  81  82  83  84  85  86  87  88  89  90
 [91]  91  92  93  94  95  96  97  98  99 100 101 102 103 104 105 106 107 108
[109] 109 110 111 112 113 114 115 116 117 118 119 120 121 122 123 124 125 126
[127] 127 128 129 130 131 132 133 134 135 136 137 138 139 140 141 142 143 144
[145] 145 146 147 148 149 150 151 152 153 154 155 156 157 158 159 160 161 162
[163] 163 164 165 166 167 168 169 170 171 172 173 174 175 176 177 178 179 180
[181] 181 182 183 184 185 186 187 188 189 190 191 192 193 194 195 196 197 198
[199] 199 200 201 202 203 204 205 206 207 208 209 210 211 212 213 214 215 216
[217] 217 218 219 220 221 222 223 224 225 226 227 228 229 230 231 232 233 234
[235] 235 236 237 238 239 240 241 242 243 244 245 246 247 248 249 250
[1] "iter: 1"
[1] 20
[1] 4302   58
 Lrnr_ranger_500_TRUE_none_1_12 Lrnr_earth_1_3_backward_0_1_0_0 
                       3.116335                        3.159247 
Lrnr_earth_2_3_backward_0_1_0_0       Lrnr_gam_NULL_NULL_GCV.Cp 
                       3.065494                        3.140809 
                  Lrnr_glm_TRUE       Lrnr_xgboost_20_1_3_1_0.3 
                       3.206498                        3.150879 
      Lrnr_xgboost_20_1_3_2_0.3       Lrnr_xgboost_20_1_3_3_0.3 
                       3.061708                        3.067675 
      Lrnr_xgboost_20_1_3_4_0.3       Lrnr_xgboost_20_1_3_5_0.3 
                       3.111522                        3.138600 
      Lrnr_xgboost_20_1_3_6_0.3      Lrnr_xgboost_20_1_3_1_0.25 
                       3.201584                        3.152725 
     Lrnr_xgboost_20_1_3_2_0.25      Lrnr_xgboost_20_1_3_3_0.25 
                       3.067542                        3.060196 
     Lrnr_xgboost_20_1_3_4_0.25      Lrnr_xgboost_20_1_3_5_0.25 
                       3.095543                        3.145300 
     Lrnr_xgboost_20_1_3_6_0.25       Lrnr_xgboost_20_1_3_1_0.2 
                       3.177867                        3.150268 
      Lrnr_xgboost_20_1_3_2_0.2       Lrnr_xgboost_20_1_3_3_0.2 
                       3.068130                        3.049125 
      Lrnr_xgboost_20_1_3_4_0.2       Lrnr_xgboost_20_1_3_5_0.2 
                       3.080817                        3.131290 
      Lrnr_xgboost_20_1_3_6_0.2      Lrnr_xgboost_20_1_3_1_0.15 
                       3.172071                        3.165536 
     Lrnr_xgboost_20_1_3_2_0.15      Lrnr_xgboost_20_1_3_3_0.15 
                       3.079455                        3.042404 
     Lrnr_xgboost_20_1_3_4_0.15      Lrnr_xgboost_20_1_3_5_0.15 
                       3.081539                        3.113030 
     Lrnr_xgboost_20_1_3_6_0.15 
                       3.155976 
 Lrnr_ranger_500_TRUE_none_1_12 Lrnr_earth_1_3_backward_0_1_0_0 
                       3.441199                        3.346113 
Lrnr_earth_2_3_backward_0_1_0_0       Lrnr_gam_NULL_NULL_GCV.Cp 
                       3.355323                        3.339106 
                  Lrnr_glm_TRUE       Lrnr_xgboost_20_1_3_1_0.3 
                       3.341262                        3.370384 
      Lrnr_xgboost_20_1_3_2_0.3       Lrnr_xgboost_20_1_3_3_0.3 
                       3.390910                        3.416772 
      Lrnr_xgboost_20_1_3_4_0.3       Lrnr_xgboost_20_1_3_5_0.3 
                       3.442040                        3.516503 
      Lrnr_xgboost_20_1_3_6_0.3      Lrnr_xgboost_20_1_3_1_0.25 
                       3.575256                        3.372649 
     Lrnr_xgboost_20_1_3_2_0.25      Lrnr_xgboost_20_1_3_3_0.25 
                       3.394872                        3.419741 
     Lrnr_xgboost_20_1_3_4_0.25      Lrnr_xgboost_20_1_3_5_0.25 
                       3.432400                        3.493326 
     Lrnr_xgboost_20_1_3_6_0.25       Lrnr_xgboost_20_1_3_1_0.2 
                       3.592358                        3.386104 
      Lrnr_xgboost_20_1_3_2_0.2       Lrnr_xgboost_20_1_3_3_0.2 
                       3.381847                        3.385537 
      Lrnr_xgboost_20_1_3_4_0.2       Lrnr_xgboost_20_1_3_5_0.2 
                       3.427338                        3.495989 
      Lrnr_xgboost_20_1_3_6_0.2      Lrnr_xgboost_20_1_3_1_0.15 
                       3.554973                        3.396671 
     Lrnr_xgboost_20_1_3_2_0.15      Lrnr_xgboost_20_1_3_3_0.15 
                       3.374798                        3.389643 
     Lrnr_xgboost_20_1_3_4_0.15      Lrnr_xgboost_20_1_3_5_0.15 
                       3.426548                        3.458628 
     Lrnr_xgboost_20_1_3_6_0.15 
                       3.523513 
 Lrnr_ranger_500_TRUE_none_1_12 Lrnr_earth_1_3_backward_0_1_0_0 
                     0.08556041                      0.08419541 
Lrnr_earth_2_3_backward_0_1_0_0       Lrnr_gam_NULL_NULL_GCV.Cp 
                     0.08314626                      0.08314083 
                  Lrnr_glm_TRUE       Lrnr_xgboost_20_1_3_1_0.3 
                     0.09243960                      0.10501209 
      Lrnr_xgboost_20_1_3_2_0.3       Lrnr_xgboost_20_1_3_3_0.3 
                     0.08521222                      0.08402215 
      Lrnr_xgboost_20_1_3_4_0.3       Lrnr_xgboost_20_1_3_5_0.3 
                     0.08420108                      0.08426371 
      Lrnr_xgboost_20_1_3_6_0.3      Lrnr_xgboost_20_1_3_1_0.25 
                     0.08451704                      0.11008713 
     Lrnr_xgboost_20_1_3_2_0.25      Lrnr_xgboost_20_1_3_3_0.25 
                     0.08598973                      0.08412588 
     Lrnr_xgboost_20_1_3_4_0.25      Lrnr_xgboost_20_1_3_5_0.25 
                     0.08405380                      0.08421387 
     Lrnr_xgboost_20_1_3_6_0.25       Lrnr_xgboost_20_1_3_1_0.2 
                     0.08452213                      0.11802423 
      Lrnr_xgboost_20_1_3_2_0.2       Lrnr_xgboost_20_1_3_3_0.2 
                     0.08843913                      0.08517646 
      Lrnr_xgboost_20_1_3_4_0.2       Lrnr_xgboost_20_1_3_5_0.2 
                     0.08421441                      0.08405299 
      Lrnr_xgboost_20_1_3_6_0.2      Lrnr_xgboost_20_1_3_1_0.15 
                     0.08434507                      0.12917885 
     Lrnr_xgboost_20_1_3_2_0.15      Lrnr_xgboost_20_1_3_3_0.15 
                     0.09330218                      0.08705085 
     Lrnr_xgboost_20_1_3_4_0.15      Lrnr_xgboost_20_1_3_5_0.15 
                     0.08523136                      0.08463467 
     Lrnr_xgboost_20_1_3_6_0.15 
                     0.08466308 
[1] "done"
NULL
NULL
NULL
[1] "done"
[1] "all"
[1] -0.6416739 -0.6410075
[1] "iter: 2"
[1] 20
[1] 4302   58
 Lrnr_ranger_500_TRUE_none_1_12 Lrnr_earth_1_3_backward_0_1_0_0 
                       3.265098                        3.231212 
Lrnr_earth_2_3_backward_0_1_0_0       Lrnr_gam_NULL_NULL_GCV.Cp 
                       3.226335                        3.238493 
                  Lrnr_glm_TRUE       Lrnr_xgboost_20_1_3_1_0.3 
                       3.285870                        3.241348 
      Lrnr_xgboost_20_1_3_2_0.3       Lrnr_xgboost_20_1_3_3_0.3 
                       3.245455                        3.244357 
      Lrnr_xgboost_20_1_3_4_0.3       Lrnr_xgboost_20_1_3_5_0.3 
                       3.246006                        3.249245 
      Lrnr_xgboost_20_1_3_6_0.3      Lrnr_xgboost_20_1_3_1_0.25 
                       3.252145                        3.240530 
     Lrnr_xgboost_20_1_3_2_0.25      Lrnr_xgboost_20_1_3_3_0.25 
                       3.245054                        3.238734 
     Lrnr_xgboost_20_1_3_4_0.25      Lrnr_xgboost_20_1_3_5_0.25 
                       3.246462                        3.243932 
     Lrnr_xgboost_20_1_3_6_0.25       Lrnr_xgboost_20_1_3_1_0.2 
                       3.250082                        3.238235 
      Lrnr_xgboost_20_1_3_2_0.2       Lrnr_xgboost_20_1_3_3_0.2 
                       3.238818                        3.238680 
      Lrnr_xgboost_20_1_3_4_0.2       Lrnr_xgboost_20_1_3_5_0.2 
                       3.241850                        3.238214 
      Lrnr_xgboost_20_1_3_6_0.2      Lrnr_xgboost_20_1_3_1_0.15 
                       3.246689                        3.249128 
     Lrnr_xgboost_20_1_3_2_0.15      Lrnr_xgboost_20_1_3_3_0.15 
                       3.235744                        3.235748 
     Lrnr_xgboost_20_1_3_4_0.15      Lrnr_xgboost_20_1_3_5_0.15 
                       3.238203                        3.237382 
     Lrnr_xgboost_20_1_3_6_0.15 
                       3.241861 
 Lrnr_ranger_500_TRUE_none_1_12 Lrnr_earth_1_3_backward_0_1_0_0 
                       3.387791                        3.315420 
Lrnr_earth_2_3_backward_0_1_0_0       Lrnr_gam_NULL_NULL_GCV.Cp 
                       3.327714                        3.313732 
                  Lrnr_glm_TRUE       Lrnr_xgboost_20_1_3_1_0.3 
                       3.313732                        3.325364 
      Lrnr_xgboost_20_1_3_2_0.3       Lrnr_xgboost_20_1_3_3_0.3 
                       3.338840                        3.362159 
      Lrnr_xgboost_20_1_3_4_0.3       Lrnr_xgboost_20_1_3_5_0.3 
                       3.394112                        3.407335 
      Lrnr_xgboost_20_1_3_6_0.3      Lrnr_xgboost_20_1_3_1_0.25 
                       3.437380                        3.324558 
     Lrnr_xgboost_20_1_3_2_0.25      Lrnr_xgboost_20_1_3_3_0.25 
                       3.325742                        3.354688 
     Lrnr_xgboost_20_1_3_4_0.25      Lrnr_xgboost_20_1_3_5_0.25 
                       3.375565                        3.391673 
     Lrnr_xgboost_20_1_3_6_0.25       Lrnr_xgboost_20_1_3_1_0.2 
                       3.417543                        3.326303 
      Lrnr_xgboost_20_1_3_2_0.2       Lrnr_xgboost_20_1_3_3_0.2 
                       3.320356                        3.343672 
      Lrnr_xgboost_20_1_3_4_0.2       Lrnr_xgboost_20_1_3_5_0.2 
                       3.361953                        3.389937 
      Lrnr_xgboost_20_1_3_6_0.2      Lrnr_xgboost_20_1_3_1_0.15 
                       3.403158                        3.348816 
     Lrnr_xgboost_20_1_3_2_0.15      Lrnr_xgboost_20_1_3_3_0.15 
                       3.324492                        3.334579 
     Lrnr_xgboost_20_1_3_4_0.15      Lrnr_xgboost_20_1_3_5_0.15 
                       3.344051                        3.372077 
     Lrnr_xgboost_20_1_3_6_0.15 
                       3.392578 
 Lrnr_ranger_500_TRUE_none_1_12 Lrnr_earth_1_3_backward_0_1_0_0 
                     0.09719502                      0.08676003 
Lrnr_earth_2_3_backward_0_1_0_0       Lrnr_gam_NULL_NULL_GCV.Cp 
                     0.08685071                      0.08696249 
                  Lrnr_glm_TRUE       Lrnr_xgboost_20_1_3_1_0.3 
                     0.09328245                      0.10631554 
      Lrnr_xgboost_20_1_3_2_0.3       Lrnr_xgboost_20_1_3_3_0.3 
                     0.08889363                      0.08862615 
      Lrnr_xgboost_20_1_3_4_0.3       Lrnr_xgboost_20_1_3_5_0.3 
                     0.08942223                      0.08957691 
      Lrnr_xgboost_20_1_3_6_0.3      Lrnr_xgboost_20_1_3_1_0.25 
                     0.09131258                      0.11248614 
     Lrnr_xgboost_20_1_3_2_0.25      Lrnr_xgboost_20_1_3_3_0.25 
                     0.09000912                      0.08859245 
     Lrnr_xgboost_20_1_3_4_0.25      Lrnr_xgboost_20_1_3_5_0.25 
                     0.08876023                      0.08919666 
     Lrnr_xgboost_20_1_3_6_0.25       Lrnr_xgboost_20_1_3_1_0.2 
                     0.09096659                      0.11965916 
      Lrnr_xgboost_20_1_3_2_0.2       Lrnr_xgboost_20_1_3_3_0.2 
                     0.09171284                      0.08903390 
      Lrnr_xgboost_20_1_3_4_0.2       Lrnr_xgboost_20_1_3_5_0.2 
                     0.08872790                      0.08937650 
      Lrnr_xgboost_20_1_3_6_0.2      Lrnr_xgboost_20_1_3_1_0.15 
                     0.09079132                      0.13078143 
     Lrnr_xgboost_20_1_3_2_0.15      Lrnr_xgboost_20_1_3_3_0.15 
                     0.09560614                      0.09086555 
     Lrnr_xgboost_20_1_3_4_0.15      Lrnr_xgboost_20_1_3_5_0.15 
                     0.08917737                      0.08990095 
     Lrnr_xgboost_20_1_3_6_0.15 
                     0.09123646 
[1] "done"
NULL
NULL
NULL
[1] "done"
[1] "all"
[1] -0.9049605 -0.8857146
[1] "iter: 3"
[1] 20
[1] 4302   58
 Lrnr_ranger_500_TRUE_none_1_12 Lrnr_earth_1_3_backward_0_1_0_0 
                       3.361738                        3.286471 
Lrnr_earth_2_3_backward_0_1_0_0       Lrnr_gam_NULL_NULL_GCV.Cp 
                       3.293861                        3.288277 
                  Lrnr_glm_TRUE       Lrnr_xgboost_20_1_3_1_0.3 
                       3.376062                        3.284833 
      Lrnr_xgboost_20_1_3_2_0.3       Lrnr_xgboost_20_1_3_3_0.3 
                       3.295894                        3.295505 
      Lrnr_xgboost_20_1_3_4_0.3       Lrnr_xgboost_20_1_3_5_0.3 
                       3.329879                        3.343765 
      Lrnr_xgboost_20_1_3_6_0.3      Lrnr_xgboost_20_1_3_1_0.25 
                       3.416307                        3.282115 
     Lrnr_xgboost_20_1_3_2_0.25      Lrnr_xgboost_20_1_3_3_0.25 
                       3.285177                        3.301264 
     Lrnr_xgboost_20_1_3_4_0.25      Lrnr_xgboost_20_1_3_5_0.25 
                       3.309147                        3.362139 
     Lrnr_xgboost_20_1_3_6_0.25       Lrnr_xgboost_20_1_3_1_0.2 
                       3.373341                        3.285358 
      Lrnr_xgboost_20_1_3_2_0.2       Lrnr_xgboost_20_1_3_3_0.2 
                       3.279522                        3.290743 
      Lrnr_xgboost_20_1_3_4_0.2       Lrnr_xgboost_20_1_3_5_0.2 
                       3.311422                        3.330969 
      Lrnr_xgboost_20_1_3_6_0.2      Lrnr_xgboost_20_1_3_1_0.15 
                       3.365559                        3.308963 
     Lrnr_xgboost_20_1_3_2_0.15      Lrnr_xgboost_20_1_3_3_0.15 
                       3.279823                        3.285698 
     Lrnr_xgboost_20_1_3_4_0.15      Lrnr_xgboost_20_1_3_5_0.15 
                       3.297244                        3.315229 
     Lrnr_xgboost_20_1_3_6_0.15 
                       3.337129 
 Lrnr_ranger_500_TRUE_none_1_12 Lrnr_earth_1_3_backward_0_1_0_0 
                       3.498170                        3.844831 
Lrnr_earth_2_3_backward_0_1_0_0       Lrnr_gam_NULL_NULL_GCV.Cp 
                       3.846846                        3.401032 
                  Lrnr_glm_TRUE       Lrnr_xgboost_20_1_3_1_0.3 
                       3.403785                        3.420117 
      Lrnr_xgboost_20_1_3_2_0.3       Lrnr_xgboost_20_1_3_3_0.3 
                       3.428195                        3.463186 
      Lrnr_xgboost_20_1_3_4_0.3       Lrnr_xgboost_20_1_3_5_0.3 
                       3.502323                        3.578189 
      Lrnr_xgboost_20_1_3_6_0.3      Lrnr_xgboost_20_1_3_1_0.25 
                       3.621880                        3.428730 
     Lrnr_xgboost_20_1_3_2_0.25      Lrnr_xgboost_20_1_3_3_0.25 
                       3.427517                        3.437131 
     Lrnr_xgboost_20_1_3_4_0.25      Lrnr_xgboost_20_1_3_5_0.25 
                       3.484768                        3.561653 
     Lrnr_xgboost_20_1_3_6_0.25       Lrnr_xgboost_20_1_3_1_0.2 
                       3.615206                        3.443742 
      Lrnr_xgboost_20_1_3_2_0.2       Lrnr_xgboost_20_1_3_3_0.2 
                       3.425830                        3.441703 
      Lrnr_xgboost_20_1_3_4_0.2       Lrnr_xgboost_20_1_3_5_0.2 
                       3.464780                        3.537928 
      Lrnr_xgboost_20_1_3_6_0.2      Lrnr_xgboost_20_1_3_1_0.15 
                       3.587407                        3.480687 
     Lrnr_xgboost_20_1_3_2_0.15      Lrnr_xgboost_20_1_3_3_0.15 
                       3.425837                        3.435508 
     Lrnr_xgboost_20_1_3_4_0.15      Lrnr_xgboost_20_1_3_5_0.15 
                       3.457849                        3.503968 
     Lrnr_xgboost_20_1_3_6_0.15 
                       3.568867 
 Lrnr_ranger_500_TRUE_none_1_12 Lrnr_earth_1_3_backward_0_1_0_0 
                     0.09749706                      0.09021096 
Lrnr_earth_2_3_backward_0_1_0_0       Lrnr_gam_NULL_NULL_GCV.Cp 
                     0.08913122                      0.08886855 
                  Lrnr_glm_TRUE       Lrnr_xgboost_20_1_3_1_0.3 
                     0.09585003                      0.10717350 
      Lrnr_xgboost_20_1_3_2_0.3       Lrnr_xgboost_20_1_3_3_0.3 
                     0.09149073                      0.09070920 
      Lrnr_xgboost_20_1_3_4_0.3       Lrnr_xgboost_20_1_3_5_0.3 
                     0.09117285                      0.09126875 
      Lrnr_xgboost_20_1_3_6_0.3      Lrnr_xgboost_20_1_3_1_0.25 
                     0.09206685                      0.11250195 
     Lrnr_xgboost_20_1_3_2_0.25      Lrnr_xgboost_20_1_3_3_0.25 
                     0.09248318                      0.09102525 
     Lrnr_xgboost_20_1_3_4_0.25      Lrnr_xgboost_20_1_3_5_0.25 
                     0.09078127                      0.09107190 
     Lrnr_xgboost_20_1_3_6_0.25       Lrnr_xgboost_20_1_3_1_0.2 
                     0.09201546                      0.12113285 
      Lrnr_xgboost_20_1_3_2_0.2       Lrnr_xgboost_20_1_3_3_0.2 
                     0.09410942                      0.09137786 
      Lrnr_xgboost_20_1_3_4_0.2       Lrnr_xgboost_20_1_3_5_0.2 
                     0.09089376                      0.09111869 
      Lrnr_xgboost_20_1_3_6_0.2      Lrnr_xgboost_20_1_3_1_0.15 
                     0.09218183                      0.13190502 
     Lrnr_xgboost_20_1_3_2_0.15      Lrnr_xgboost_20_1_3_3_0.15 
                     0.09833307                      0.09271861 
     Lrnr_xgboost_20_1_3_4_0.15      Lrnr_xgboost_20_1_3_5_0.15 
                     0.09167362                      0.09171355 
     Lrnr_xgboost_20_1_3_6_0.15 
                     0.09210542 
[1] "done"
NULL
NULL
NULL
[1] "done"
[1] "all"
[1] -0.6538762 -0.6759494
[1] "iter: 4"
[1] 20
[1] 4302   58
 Lrnr_ranger_500_TRUE_none_1_12 Lrnr_earth_1_3_backward_0_1_0_0 
                       3.195418                        3.119442 
Lrnr_earth_2_3_backward_0_1_0_0       Lrnr_gam_NULL_NULL_GCV.Cp 
                       3.126526                        3.129183 
                  Lrnr_glm_TRUE       Lrnr_xgboost_20_1_3_1_0.3 
                       3.181090                        3.145838 
      Lrnr_xgboost_20_1_3_2_0.3       Lrnr_xgboost_20_1_3_3_0.3 
                       3.130028                        3.140176 
      Lrnr_xgboost_20_1_3_4_0.3       Lrnr_xgboost_20_1_3_5_0.3 
                       3.155637                        3.189158 
      Lrnr_xgboost_20_1_3_6_0.3      Lrnr_xgboost_20_1_3_1_0.25 
                       3.204755                        3.157553 
     Lrnr_xgboost_20_1_3_2_0.25      Lrnr_xgboost_20_1_3_3_0.25 
                       3.133276                        3.132140 
     Lrnr_xgboost_20_1_3_4_0.25      Lrnr_xgboost_20_1_3_5_0.25 
                       3.153223                        3.183166 
     Lrnr_xgboost_20_1_3_6_0.25       Lrnr_xgboost_20_1_3_1_0.2 
                       3.193153                        3.166574 
      Lrnr_xgboost_20_1_3_2_0.2       Lrnr_xgboost_20_1_3_3_0.2 
                       3.134137                        3.131614 
      Lrnr_xgboost_20_1_3_4_0.2       Lrnr_xgboost_20_1_3_5_0.2 
                       3.144062                        3.168033 
      Lrnr_xgboost_20_1_3_6_0.2      Lrnr_xgboost_20_1_3_1_0.15 
                       3.193218                        3.184537 
     Lrnr_xgboost_20_1_3_2_0.15      Lrnr_xgboost_20_1_3_3_0.15 
                       3.141323                        3.137045 
     Lrnr_xgboost_20_1_3_4_0.15      Lrnr_xgboost_20_1_3_5_0.15 
                       3.140617                        3.162095 
     Lrnr_xgboost_20_1_3_6_0.15 
                       3.184808 
 Lrnr_ranger_500_TRUE_none_1_12 Lrnr_earth_1_3_backward_0_1_0_0 
                       3.357481                        3.273130 
Lrnr_earth_2_3_backward_0_1_0_0       Lrnr_gam_NULL_NULL_GCV.Cp 
                       3.275245                        3.267080 
                  Lrnr_glm_TRUE       Lrnr_xgboost_20_1_3_1_0.3 
                       3.267080                        3.293397 
      Lrnr_xgboost_20_1_3_2_0.3       Lrnr_xgboost_20_1_3_3_0.3 
                       3.290529                        3.304314 
      Lrnr_xgboost_20_1_3_4_0.3       Lrnr_xgboost_20_1_3_5_0.3 
                       3.324343                        3.340973 
      Lrnr_xgboost_20_1_3_6_0.3      Lrnr_xgboost_20_1_3_1_0.25 
                       3.349589                        3.303212 
     Lrnr_xgboost_20_1_3_2_0.25      Lrnr_xgboost_20_1_3_3_0.25 
                       3.290874                        3.296194 
     Lrnr_xgboost_20_1_3_4_0.25      Lrnr_xgboost_20_1_3_5_0.25 
                       3.320998                        3.337011 
     Lrnr_xgboost_20_1_3_6_0.25       Lrnr_xgboost_20_1_3_1_0.2 
                       3.345910                        3.315945 
      Lrnr_xgboost_20_1_3_2_0.2       Lrnr_xgboost_20_1_3_3_0.2 
                       3.290017                        3.294706 
      Lrnr_xgboost_20_1_3_4_0.2       Lrnr_xgboost_20_1_3_5_0.2 
                       3.314413                        3.329660 
      Lrnr_xgboost_20_1_3_6_0.2      Lrnr_xgboost_20_1_3_1_0.15 
                       3.341693                        3.345146 
     Lrnr_xgboost_20_1_3_2_0.15      Lrnr_xgboost_20_1_3_3_0.15 
                       3.298937                        3.296170 
     Lrnr_xgboost_20_1_3_4_0.15      Lrnr_xgboost_20_1_3_5_0.15 
                       3.312260                        3.327313 
     Lrnr_xgboost_20_1_3_6_0.15 
                       3.337334 
