LOADING R
R LOADED
[1] "/home/lvanderl/Rlibs2"                         
[2] "/app/software/R/4.3.1-gfbf-2022b/lib/R/library"
[1] "/home/lvanderl/sieveSims"
[1] "lalonde_cps"
  [1]  0  1  2  3  4  5  6  7  8  9 10 11 12 13 14 15 16 17 18 19 20 21 22 23 24
 [26] 25 26 27 28 29 30 31 32 33 34 35 36 37 38 39 40 41 42 43 44 45 46 47 48 49
 [51] 50 51 52 53 54 55 56 57 58 59 60 61 62 63 64 65 66 67 68 69 70 71 72 73 74
 [76] 75 76 77 78 79 80 81 82 83 84 85 86 87 88 89 90 91 92 93 94 95 96 97 98 99
[1] "iter: 0"
[1] 16177     8
Lrnr_xgboost_10_1_10_3_0.2 Lrnr_xgboost_10_1_10_4_0.2 
                  53841704                   53550060 
Lrnr_xgboost_10_1_10_5_0.2 Lrnr_xgboost_10_1_10_6_0.2 
                  53413391                   53425807 
Lrnr_xgboost_20_1_10_3_0.2 Lrnr_xgboost_20_1_10_4_0.2 
                  50353695                   50403260 
Lrnr_xgboost_20_1_10_5_0.2 Lrnr_xgboost_20_1_10_6_0.2 
                  50454365                   50658089 
Lrnr_xgboost_30_1_10_3_0.2 Lrnr_xgboost_30_1_10_4_0.2 
                  50267162                   50392087 
Lrnr_xgboost_30_1_10_5_0.2 Lrnr_xgboost_30_1_10_6_0.2 
                  50502405                   50773523 
Lrnr_xgboost_10_1_10_3_0.2 Lrnr_xgboost_10_1_10_4_0.2 
                  45556611                   45671841 
Lrnr_xgboost_10_1_10_5_0.2 Lrnr_xgboost_10_1_10_6_0.2 
                  46104519                   46054640 
Lrnr_xgboost_20_1_10_3_0.2 Lrnr_xgboost_20_1_10_4_0.2 
                  47222191                   46959960 
Lrnr_xgboost_20_1_10_5_0.2 Lrnr_xgboost_20_1_10_6_0.2 
                  47481048                   47194282 
Lrnr_xgboost_30_1_10_3_0.2 Lrnr_xgboost_30_1_10_4_0.2 
                  48450418                   48290662 
Lrnr_xgboost_30_1_10_5_0.2 Lrnr_xgboost_30_1_10_6_0.2 
                  48860176                   48341479 
Lrnr_xgboost_10_1_10_3_0.2 Lrnr_xgboost_10_1_10_4_0.2 
               0.011159616                0.011140061 
Lrnr_xgboost_10_1_10_5_0.2 Lrnr_xgboost_10_1_10_6_0.2 
               0.011083073                0.011090367 
Lrnr_xgboost_20_1_10_3_0.2 Lrnr_xgboost_20_1_10_4_0.2 
               0.007258613                0.007242602 
Lrnr_xgboost_20_1_10_5_0.2 Lrnr_xgboost_20_1_10_6_0.2 
               0.007262125                0.007275857 
Lrnr_xgboost_30_1_10_3_0.2 Lrnr_xgboost_30_1_10_4_0.2 
               0.007163270                0.007181893 
Lrnr_xgboost_30_1_10_5_0.2 Lrnr_xgboost_30_1_10_6_0.2 
               0.007200608                0.007209705 
[1] "done"
NULL
NULL
NULL
[1] "done"
[1] "all"
[1] -1241.9721  -320.8905
[1] "iter: 1"
[1] 16177     8
