LOADING R
R LOADED
[1] "/home/lvanderl/Rlibs2"                         
[2] "/app/software/R/4.3.1-gfbf-2022b/lib/R/library"
[1] "/home/lvanderl/sieveSims"
[1] "iter: 1"
[1] "Lrnr_cv"
[1] "Lrnr_earth_1_3_cv_5_1_0_0_binomial_100"
[1] "Lrnr_cv_selector_NULL"
predictions 
  0.2100765 
predictions 
  0.1538768 
[1] "done"
[1] "Lrnr_cv"
[1] "Lrnr_gam_Y~s(W1, k = 40, bs='bs',m=c(1,1)) + s(W2, k = 40, bs='bs',m=c(1,1)) + s(W3, k = 40, bs='bs',m=c(1,1))_binomial_GCV.Cp"
[1] "Lrnr_cv_selector_NULL"
predictions 
  0.2233471 
predictions 
  0.1515769 
[1] "done"
[1] "Lrnr_cv"
[1] "Lrnr_xgboost_10_1_10_5_0.2" "Lrnr_xgboost_10_1_10_2_0.2"
[3] "Lrnr_xgboost_10_1_10_3_0.2" "Lrnr_xgboost_10_1_10_4_0.2"
[5] "Lrnr_xgboost_20_1_10_5_0.2" "Lrnr_xgboost_20_1_10_2_0.2"
[7] "Lrnr_xgboost_20_1_10_3_0.2" "Lrnr_xgboost_20_1_10_4_0.2"
[1] "Lrnr_cv_selector_NULL"
Lrnr_xgboost_10_1_10_5_0.2 Lrnr_xgboost_10_1_10_2_0.2 
                 0.2053866                  0.2067625 
Lrnr_xgboost_10_1_10_3_0.2 Lrnr_xgboost_10_1_10_4_0.2 
                 0.2062233                  0.2063596 
Lrnr_xgboost_20_1_10_5_0.2 Lrnr_xgboost_20_1_10_2_0.2 
                 0.2061474                  0.2041336 
Lrnr_xgboost_20_1_10_3_0.2 Lrnr_xgboost_20_1_10_4_0.2 
                 0.2047875                  0.2063497 
Lrnr_xgboost_10_1_10_5_0.2 Lrnr_xgboost_10_1_10_2_0.2 
                 0.1560199                  0.1635004 
Lrnr_xgboost_10_1_10_3_0.2 Lrnr_xgboost_10_1_10_4_0.2 
                 0.1584637                  0.1559276 
Lrnr_xgboost_20_1_10_5_0.2 Lrnr_xgboost_20_1_10_2_0.2 
                 0.1528979                  0.1557065 
Lrnr_xgboost_20_1_10_3_0.2 Lrnr_xgboost_20_1_10_4_0.2 
                 0.1558468                  0.1526362 
[1] "done"
[1] "Lrnr_cv"
[1] "Lrnr_ranger_500_TRUE_none_1_8_10"
[1] "Lrnr_cv_selector_NULL"
predictions 
  0.2110305 
predictions 
  0.1515195 
[1] "done"
[1] "Lrnr_cv"
[1] "Lrnr_glmnet_NULL_deviance_10_1_100_TRUE"
[2] "Lrnr_gam_NULL_NULL_GCV.Cp"              
[3] "Lrnr_earth_2_3_backward_0_1_0_0"        
[4] "Lrnr_ranger_500_TRUE_none_1_10_5"       
[5] "Lrnr_xgboost_15_1_15_5_0.2"             
[6] "Lrnr_xgboost_15_1_15_2_0.2"             
[7] "Lrnr_xgboost_15_1_15_3_0.2"             
[8] "Lrnr_xgboost_15_1_15_4_0.2"             
[1] "Lrnr_cv_selector_NULL"
Lrnr_glmnet_NULL_deviance_10_1_100_TRUE               Lrnr_gam_NULL_NULL_GCV.Cp 
                              0.2170631                               0.2018814 
        Lrnr_earth_2_3_backward_0_1_0_0        Lrnr_ranger_500_TRUE_none_1_10_5 
                              0.2090743                               0.2133152 
             Lrnr_xgboost_15_1_15_5_0.2              Lrnr_xgboost_15_1_15_2_0.2 
                              0.2054000                               0.2046160 
             Lrnr_xgboost_15_1_15_3_0.2              Lrnr_xgboost_15_1_15_4_0.2 
                              0.2050008                               0.2047595 
Lrnr_glmnet_NULL_deviance_10_1_100_TRUE               Lrnr_gam_NULL_NULL_GCV.Cp 
                              0.1883403                               0.1500464 
        Lrnr_earth_2_3_backward_0_1_0_0        Lrnr_ranger_500_TRUE_none_1_10_5 
                              0.1588731                               0.1535632 
             Lrnr_xgboost_15_1_15_5_0.2              Lrnr_xgboost_15_1_15_2_0.2 
                              0.1581710                               0.1594114 
             Lrnr_xgboost_15_1_15_3_0.2              Lrnr_xgboost_15_1_15_4_0.2 
                              0.1584079                               0.1581710 
[1] "done"
[1] "Lrnr_cv"
[1] "Lrnr_mean"
NULL
NULL
[1] "done"
[1] "earth"
[1] "gam_1"
[1] "xgboost"
[1] "rf"
[1] "all"
[1] "iter: 2"
[1] "Lrnr_cv"
[1] "Lrnr_earth_1_3_cv_5_1_0_0_binomial_100"
[1] "Lrnr_cv_selector_NULL"
predictions 
  0.1910163 
predictions 
  0.1870916 
[1] "done"
[1] "Lrnr_cv"
[1] "Lrnr_gam_Y~s(W1, k = 40, bs='bs',m=c(1,1)) + s(W2, k = 40, bs='bs',m=c(1,1)) + s(W3, k = 40, bs='bs',m=c(1,1))_binomial_GCV.Cp"
[1] "Lrnr_cv_selector_NULL"
predictions 
  0.1903341 
predictions 
  0.1806372 
[1] "done"
[1] "Lrnr_cv"
[1] "Lrnr_xgboost_10_1_10_5_0.2" "Lrnr_xgboost_10_1_10_2_0.2"
[3] "Lrnr_xgboost_10_1_10_3_0.2" "Lrnr_xgboost_10_1_10_4_0.2"
[5] "Lrnr_xgboost_20_1_10_5_0.2" "Lrnr_xgboost_20_1_10_2_0.2"
[7] "Lrnr_xgboost_20_1_10_3_0.2" "Lrnr_xgboost_20_1_10_4_0.2"
[1] "Lrnr_cv_selector_NULL"
Lrnr_xgboost_10_1_10_5_0.2 Lrnr_xgboost_10_1_10_2_0.2 
                 0.1945073                  0.1987271 
Lrnr_xgboost_10_1_10_3_0.2 Lrnr_xgboost_10_1_10_4_0.2 
                 0.1931906                  0.1943576 
Lrnr_xgboost_20_1_10_5_0.2 Lrnr_xgboost_20_1_10_2_0.2 
                 0.1950552                  0.1940921 
Lrnr_xgboost_20_1_10_3_0.2 Lrnr_xgboost_20_1_10_4_0.2 
                 0.1938638                  0.1961065 
Lrnr_xgboost_10_1_10_5_0.2 Lrnr_xgboost_10_1_10_2_0.2 
                 0.1949974                  0.1926245 
Lrnr_xgboost_10_1_10_3_0.2 Lrnr_xgboost_10_1_10_4_0.2 
                 0.1923486                  0.1932858 
Lrnr_xgboost_20_1_10_5_0.2 Lrnr_xgboost_20_1_10_2_0.2 
                 0.1914985                  0.1897156 
Lrnr_xgboost_20_1_10_3_0.2 Lrnr_xgboost_20_1_10_4_0.2 
                 0.1903650                  0.1891977 
[1] "done"
[1] "Lrnr_cv"
[1] "Lrnr_ranger_500_TRUE_none_1_8_10"
[1] "Lrnr_cv_selector_NULL"
predictions 
  0.2000406 
predictions 
  0.1877198 
[1] "done"
[1] "Lrnr_cv"
[1] "Lrnr_glmnet_NULL_deviance_10_1_100_TRUE"
[2] "Lrnr_gam_NULL_NULL_GCV.Cp"              
[3] "Lrnr_earth_2_3_backward_0_1_0_0"        
[4] "Lrnr_ranger_500_TRUE_none_1_10_5"       
[5] "Lrnr_xgboost_15_1_15_5_0.2"             
[6] "Lrnr_xgboost_15_1_15_2_0.2"             
[7] "Lrnr_xgboost_15_1_15_3_0.2"             
[8] "Lrnr_xgboost_15_1_15_4_0.2"             
[1] "Lrnr_cv_selector_NULL"
Lrnr_glmnet_NULL_deviance_10_1_100_TRUE               Lrnr_gam_NULL_NULL_GCV.Cp 
                              0.2112939                               0.1878444 
        Lrnr_earth_2_3_backward_0_1_0_0        Lrnr_ranger_500_TRUE_none_1_10_5 
                              0.1928419                               0.2050520 
             Lrnr_xgboost_15_1_15_5_0.2              Lrnr_xgboost_15_1_15_2_0.2 
                              0.1957907                               0.1975645 
             Lrnr_xgboost_15_1_15_3_0.2              Lrnr_xgboost_15_1_15_4_0.2 
                              0.1946397                               0.1957907 
Lrnr_glmnet_NULL_deviance_10_1_100_TRUE               Lrnr_gam_NULL_NULL_GCV.Cp 
                              0.2018864                               0.1824796 
        Lrnr_earth_2_3_backward_0_1_0_0        Lrnr_ranger_500_TRUE_none_1_10_5 
                              0.1939870                               0.1911960 
             Lrnr_xgboost_15_1_15_5_0.2              Lrnr_xgboost_15_1_15_2_0.2 
                              0.1891003                               0.1888144 
             Lrnr_xgboost_15_1_15_3_0.2              Lrnr_xgboost_15_1_15_4_0.2 
                              0.1891593                               0.1891003 
[1] "done"
[1] "Lrnr_cv"
[1] "Lrnr_mean"
NULL
NULL
[1] "done"
[1] "earth"
[1] "gam_1"
[1] "xgboost"
[1] "rf"
[1] "all"
[1] "iter: 3"
[1] "Lrnr_cv"
[1] "Lrnr_earth_1_3_cv_5_1_0_0_binomial_100"
[1] "Lrnr_cv_selector_NULL"
predictions 
  0.1974759 
predictions 
  0.1557759 
[1] "done"
[1] "Lrnr_cv"
[1] "Lrnr_gam_Y~s(W1, k = 40, bs='bs',m=c(1,1)) + s(W2, k = 40, bs='bs',m=c(1,1)) + s(W3, k = 40, bs='bs',m=c(1,1))_binomial_GCV.Cp"
[1] "Lrnr_cv_selector_NULL"
predictions 
  0.1967515 
predictions 
  0.1608848 
[1] "done"
[1] "Lrnr_cv"
[1] "Lrnr_xgboost_10_1_10_5_0.2" "Lrnr_xgboost_10_1_10_2_0.2"
[3] "Lrnr_xgboost_10_1_10_3_0.2" "Lrnr_xgboost_10_1_10_4_0.2"
[5] "Lrnr_xgboost_20_1_10_5_0.2" "Lrnr_xgboost_20_1_10_2_0.2"
[7] "Lrnr_xgboost_20_1_10_3_0.2" "Lrnr_xgboost_20_1_10_4_0.2"
[1] "Lrnr_cv_selector_NULL"
Lrnr_xgboost_10_1_10_5_0.2 Lrnr_xgboost_10_1_10_2_0.2 
                 0.2021254                  0.2045389 
Lrnr_xgboost_10_1_10_3_0.2 Lrnr_xgboost_10_1_10_4_0.2 
                 0.2020330                  0.2028831 
Lrnr_xgboost_20_1_10_5_0.2 Lrnr_xgboost_20_1_10_2_0.2 
                 0.2064824                  0.2014953 
Lrnr_xgboost_20_1_10_3_0.2 Lrnr_xgboost_20_1_10_4_0.2 
                 0.2045235                  0.2057479 
Lrnr_xgboost_10_1_10_5_0.2 Lrnr_xgboost_10_1_10_2_0.2 
                 0.1594159                  0.1671159 
Lrnr_xgboost_10_1_10_3_0.2 Lrnr_xgboost_10_1_10_4_0.2 
                 0.1620630                  0.1596152 
Lrnr_xgboost_20_1_10_5_0.2 Lrnr_xgboost_20_1_10_2_0.2 
                 0.1568850                  0.1592511 
Lrnr_xgboost_20_1_10_3_0.2 Lrnr_xgboost_20_1_10_4_0.2 
                 0.1570277                  0.1570618 
[1] "done"
[1] "Lrnr_cv"
[1] "Lrnr_ranger_500_TRUE_none_1_8_10"
[1] "Lrnr_cv_selector_NULL"
predictions 
  0.2102692 
predictions 
  0.1652914 
[1] "done"
[1] "Lrnr_cv"
[1] "Lrnr_glmnet_NULL_deviance_10_1_100_TRUE"
[2] "Lrnr_gam_NULL_NULL_GCV.Cp"              
[3] "Lrnr_earth_2_3_backward_0_1_0_0"        
[4] "Lrnr_ranger_500_TRUE_none_1_10_5"       
[5] "Lrnr_xgboost_15_1_15_5_0.2"             
[6] "Lrnr_xgboost_15_1_15_2_0.2"             
[7] "Lrnr_xgboost_15_1_15_3_0.2"             
[8] "Lrnr_xgboost_15_1_15_4_0.2"             
[1] "Lrnr_cv_selector_NULL"
Lrnr_glmnet_NULL_deviance_10_1_100_TRUE               Lrnr_gam_NULL_NULL_GCV.Cp 
                              0.2242969                               0.1967206 
        Lrnr_earth_2_3_backward_0_1_0_0        Lrnr_ranger_500_TRUE_none_1_10_5 
                              0.1953711                               0.2150605 
             Lrnr_xgboost_15_1_15_5_0.2              Lrnr_xgboost_15_1_15_2_0.2 
                              0.2016737                               0.2036357 
             Lrnr_xgboost_15_1_15_3_0.2              Lrnr_xgboost_15_1_15_4_0.2 
                              0.2028186                               0.2012630 
Lrnr_glmnet_NULL_deviance_10_1_100_TRUE               Lrnr_gam_NULL_NULL_GCV.Cp 
                              0.1783100                               0.1523541 
        Lrnr_earth_2_3_backward_0_1_0_0        Lrnr_ranger_500_TRUE_none_1_10_5 
                              0.1615475                               0.1678355 
             Lrnr_xgboost_15_1_15_5_0.2              Lrnr_xgboost_15_1_15_2_0.2 
                              0.1635476                               0.1643457 
             Lrnr_xgboost_15_1_15_3_0.2              Lrnr_xgboost_15_1_15_4_0.2 
                              0.1634113                               0.1635476 
[1] "done"
[1] "Lrnr_cv"
[1] "Lrnr_mean"
NULL
NULL
[1] "done"
[1] "earth"
[1] "gam_1"
[1] "xgboost"
[1] "rf"
[1] "all"
[1] "iter: 4"
[1] "Lrnr_cv"
[1] "Lrnr_earth_1_3_cv_5_1_0_0_binomial_100"
[1] "Lrnr_cv_selector_NULL"
predictions 
  0.1911808 
predictions 
  0.1566383 
[1] "done"
[1] "Lrnr_cv"
[1] "Lrnr_gam_Y~s(W1, k = 40, bs='bs',m=c(1,1)) + s(W2, k = 40, bs='bs',m=c(1,1)) + s(W3, k = 40, bs='bs',m=c(1,1))_binomial_GCV.Cp"
[1] "Lrnr_cv_selector_NULL"
predictions 
  0.1807047 
predictions 
  0.1542717 
[1] "done"
[1] "Lrnr_cv"
[1] "Lrnr_xgboost_10_1_10_5_0.2" "Lrnr_xgboost_10_1_10_2_0.2"
[3] "Lrnr_xgboost_10_1_10_3_0.2" "Lrnr_xgboost_10_1_10_4_0.2"
[5] "Lrnr_xgboost_20_1_10_5_0.2" "Lrnr_xgboost_20_1_10_2_0.2"
[7] "Lrnr_xgboost_20_1_10_3_0.2" "Lrnr_xgboost_20_1_10_4_0.2"
[1] "Lrnr_cv_selector_NULL"
Lrnr_xgboost_10_1_10_5_0.2 Lrnr_xgboost_10_1_10_2_0.2 
                 0.1857617                  0.1830498 
Lrnr_xgboost_10_1_10_3_0.2 Lrnr_xgboost_10_1_10_4_0.2 
                 0.1849963                  0.1866289 
Lrnr_xgboost_20_1_10_5_0.2 Lrnr_xgboost_20_1_10_2_0.2 
                 0.1893583                  0.1817251 
Lrnr_xgboost_20_1_10_3_0.2 Lrnr_xgboost_20_1_10_4_0.2 
                 0.1868503                  0.1889424 
Lrnr_xgboost_10_1_10_5_0.2 Lrnr_xgboost_10_1_10_2_0.2 
                 0.1645181                  0.1641336 
Lrnr_xgboost_10_1_10_3_0.2 Lrnr_xgboost_10_1_10_4_0.2 
                 0.1640620                  0.1640958 
Lrnr_xgboost_20_1_10_5_0.2 Lrnr_xgboost_20_1_10_2_0.2 
                 0.1620695                  0.1594145 
Lrnr_xgboost_20_1_10_3_0.2 Lrnr_xgboost_20_1_10_4_0.2 
                 0.1617759                  0.1621479 
[1] "done"
[1] "Lrnr_cv"
[1] "Lrnr_ranger_500_TRUE_none_1_8_10"
[1] "Lrnr_cv_selector_NULL"
predictions 
  0.1897398 
predictions 
  0.1684459 
[1] "done"
[1] "Lrnr_cv"
[1] "Lrnr_glmnet_NULL_deviance_10_1_100_TRUE"
[2] "Lrnr_gam_NULL_NULL_GCV.Cp"              
[3] "Lrnr_earth_2_3_backward_0_1_0_0"        
[4] "Lrnr_ranger_500_TRUE_none_1_10_5"       
[5] "Lrnr_xgboost_15_1_15_5_0.2"             
[6] "Lrnr_xgboost_15_1_15_2_0.2"             
[7] "Lrnr_xgboost_15_1_15_3_0.2"             
[8] "Lrnr_xgboost_15_1_15_4_0.2"             
[1] "Lrnr_cv_selector_NULL"
Lrnr_glmnet_NULL_deviance_10_1_100_TRUE               Lrnr_gam_NULL_NULL_GCV.Cp 
                              0.2005987                               0.1846695 
        Lrnr_earth_2_3_backward_0_1_0_0        Lrnr_ranger_500_TRUE_none_1_10_5 
                              0.1858080                               0.1941862 
             Lrnr_xgboost_15_1_15_5_0.2              Lrnr_xgboost_15_1_15_2_0.2 
                              0.1838337                               0.1813632 
             Lrnr_xgboost_15_1_15_3_0.2              Lrnr_xgboost_15_1_15_4_0.2 
                              0.1827256                               0.1838337 
Lrnr_glmnet_NULL_deviance_10_1_100_TRUE               Lrnr_gam_NULL_NULL_GCV.Cp 
                              0.1743818                               0.1524221 
        Lrnr_earth_2_3_backward_0_1_0_0        Lrnr_ranger_500_TRUE_none_1_10_5 
                              0.1641762                               0.1731003 
             Lrnr_xgboost_15_1_15_5_0.2              Lrnr_xgboost_15_1_15_2_0.2 
                              0.1676211                               0.1656720 
             Lrnr_xgboost_15_1_15_3_0.2              Lrnr_xgboost_15_1_15_4_0.2 
                              0.1676211                               0.1676211 
[1] "done"
[1] "Lrnr_cv"
[1] "Lrnr_mean"
NULL
NULL
[1] "done"
[1] "earth"
[1] "gam_1"
[1] "xgboost"
[1] "rf"
[1] "all"
[1] "iter: 5"
[1] "Lrnr_cv"
[1] "Lrnr_earth_1_3_cv_5_1_0_0_binomial_100"
[1] "Lrnr_cv_selector_NULL"
predictions 
  0.1871456 
predictions 
  0.1622503 
[1] "done"
[1] "Lrnr_cv"
[1] "Lrnr_gam_Y~s(W1, k = 40, bs='bs',m=c(1,1)) + s(W2, k = 40, bs='bs',m=c(1,1)) + s(W3, k = 40, bs='bs',m=c(1,1))_binomial_GCV.Cp"
[1] "Lrnr_cv_selector_NULL"
predictions 
  0.1848625 
predictions 
  0.1567635 
[1] "done"
[1] "Lrnr_cv"
[1] "Lrnr_xgboost_10_1_10_5_0.2" "Lrnr_xgboost_10_1_10_2_0.2"
[3] "Lrnr_xgboost_10_1_10_3_0.2" "Lrnr_xgboost_10_1_10_4_0.2"
[5] "Lrnr_xgboost_20_1_10_5_0.2" "Lrnr_xgboost_20_1_10_2_0.2"
[7] "Lrnr_xgboost_20_1_10_3_0.2" "Lrnr_xgboost_20_1_10_4_0.2"
[1] "Lrnr_cv_selector_NULL"
Lrnr_xgboost_10_1_10_5_0.2 Lrnr_xgboost_10_1_10_2_0.2 
                 0.1928081                  0.1975881 
Lrnr_xgboost_10_1_10_3_0.2 Lrnr_xgboost_10_1_10_4_0.2 
                 0.1925333                  0.1924555 
Lrnr_xgboost_20_1_10_5_0.2 Lrnr_xgboost_20_1_10_2_0.2 
                 0.1942037                  0.1891428 
Lrnr_xgboost_20_1_10_3_0.2 Lrnr_xgboost_20_1_10_4_0.2 
                 0.1894879                  0.1922490 
Lrnr_xgboost_10_1_10_5_0.2 Lrnr_xgboost_10_1_10_2_0.2 
                 0.1636643                  0.1653725 
Lrnr_xgboost_10_1_10_3_0.2 Lrnr_xgboost_10_1_10_4_0.2 
                 0.1637455                  0.1636643 
Lrnr_xgboost_20_1_10_5_0.2 Lrnr_xgboost_20_1_10_2_0.2 
                 0.1604816                  0.1603772 
Lrnr_xgboost_20_1_10_3_0.2 Lrnr_xgboost_20_1_10_4_0.2 
                 0.1595017                  0.1604816 
[1] "done"
[1] "Lrnr_cv"
[1] "Lrnr_ranger_500_TRUE_none_1_8_10"
[1] "Lrnr_cv_selector_NULL"
predictions 
  0.1944374 
predictions 
  0.1627548 
[1] "done"
[1] "Lrnr_cv"
[1] "Lrnr_glmnet_NULL_deviance_10_1_100_TRUE"
[2] "Lrnr_gam_NULL_NULL_GCV.Cp"              
[3] "Lrnr_earth_2_3_backward_0_1_0_0"        
[4] "Lrnr_ranger_500_TRUE_none_1_10_5"       
[5] "Lrnr_xgboost_15_1_15_5_0.2"             
[6] "Lrnr_xgboost_15_1_15_2_0.2"             
[7] "Lrnr_xgboost_15_1_15_3_0.2"             
[8] "Lrnr_xgboost_15_1_15_4_0.2"             
[1] "Lrnr_cv_selector_NULL"
Lrnr_glmnet_NULL_deviance_10_1_100_TRUE               Lrnr_gam_NULL_NULL_GCV.Cp 
                              0.2078418                               0.1811656 
        Lrnr_earth_2_3_backward_0_1_0_0        Lrnr_ranger_500_TRUE_none_1_10_5 
                              0.1952896                               0.1971701 
             Lrnr_xgboost_15_1_15_5_0.2              Lrnr_xgboost_15_1_15_2_0.2 
                              0.1916906                               0.1924083 
             Lrnr_xgboost_15_1_15_3_0.2              Lrnr_xgboost_15_1_15_4_0.2 
                              0.1901560                               0.1916643 
Lrnr_glmnet_NULL_deviance_10_1_100_TRUE               Lrnr_gam_NULL_NULL_GCV.Cp 
                              0.1755881                               0.1583590 
        Lrnr_earth_2_3_backward_0_1_0_0        Lrnr_ranger_500_TRUE_none_1_10_5 
                              0.1669558                               0.1674486 
             Lrnr_xgboost_15_1_15_5_0.2              Lrnr_xgboost_15_1_15_2_0.2 
                              0.1648915                               0.1628590 
             Lrnr_xgboost_15_1_15_3_0.2              Lrnr_xgboost_15_1_15_4_0.2 
                              0.1646218                               0.1648915 
[1] "done"
[1] "Lrnr_cv"
[1] "Lrnr_mean"
NULL
NULL
[1] "done"
[1] "earth"
[1] "gam_1"
[1] "xgboost"
[1] "rf"
[1] "all"
