LOADING R
R LOADED
[1] "/home/lvanderl/Rlibs2"                         
[2] "/app/software/R/4.3.1-gfbf-2022b/lib/R/library"
[1] "/home/lvanderl/sieveSims"
[1] "lalonde_psid"
[1] "iter: 0"
[1] "Lrnr_cv"
[1] "Lrnr_ranger_500_TRUE_none_1_10"         
[2] "Lrnr_earth_2_3_backward_0_1_0_0"        
[3] "Lrnr_gam_NULL_NULL_GCV.Cp"              
[4] "Lrnr_glmnet_NULL_deviance_10_1_100_TRUE"
[5] "Lrnr_xgboost_20_1_15_1_0.2"             
[6] "Lrnr_xgboost_20_1_15_2_0.2"             
[7] "Lrnr_xgboost_20_1_15_3_0.2"             
[8] "Lrnr_xgboost_20_1_15_4_0.2"             
[9] "Lrnr_xgboost_20_1_15_5_0.2"             
[1] "Lrnr_cv_selector_NULL"
[1] "Lrnr_cv"
[1] "Lrnr_ranger_500_TRUE_none_1_10"         
[2] "Lrnr_earth_2_3_backward_0_1_0_0"        
[3] "Lrnr_gam_NULL_NULL_GCV.Cp"              
[4] "Lrnr_glmnet_NULL_deviance_10_1_100_TRUE"
[5] "Lrnr_xgboost_20_1_15_1_0.2"             
[6] "Lrnr_xgboost_20_1_15_2_0.2"             
[7] "Lrnr_xgboost_20_1_15_3_0.2"             
[8] "Lrnr_xgboost_20_1_15_4_0.2"             
[9] "Lrnr_xgboost_20_1_15_5_0.2"             
[1] "Lrnr_cv_selector_NULL"
         Lrnr_ranger_500_TRUE_none_1_10         Lrnr_earth_2_3_backward_0_1_0_0 
                             0.04179301                              0.04513563 
              Lrnr_gam_NULL_NULL_GCV.Cp Lrnr_glmnet_NULL_deviance_10_1_100_TRUE 
                             0.04170858                              0.04169949 
             Lrnr_xgboost_20_1_15_1_0.2              Lrnr_xgboost_20_1_15_2_0.2 
                             0.04134979                              0.04141619 
             Lrnr_xgboost_20_1_15_3_0.2              Lrnr_xgboost_20_1_15_4_0.2 
                             0.04177359                              0.04221383 
             Lrnr_xgboost_20_1_15_5_0.2 
                             0.04223688 
[1] "done"
[1] "Lrnr_cv"
[1] "Lrnr_mean"
[1] "Lrnr_cv"
[1] "Lrnr_mean"
NULL
[1] "done"
[1] "all"
[1] "iter: 1"
[1] "Lrnr_cv"
[1] "Lrnr_ranger_500_TRUE_none_1_10"         
[2] "Lrnr_earth_2_3_backward_0_1_0_0"        
[3] "Lrnr_gam_NULL_NULL_GCV.Cp"              
[4] "Lrnr_glmnet_NULL_deviance_10_1_100_TRUE"
[5] "Lrnr_xgboost_20_1_15_1_0.2"             
[6] "Lrnr_xgboost_20_1_15_2_0.2"             
[7] "Lrnr_xgboost_20_1_15_3_0.2"             
[8] "Lrnr_xgboost_20_1_15_4_0.2"             
[9] "Lrnr_xgboost_20_1_15_5_0.2"             
[1] "Lrnr_cv_selector_NULL"
[1] "Lrnr_cv"
[1] "Lrnr_ranger_500_TRUE_none_1_10"         
[2] "Lrnr_earth_2_3_backward_0_1_0_0"        
[3] "Lrnr_gam_NULL_NULL_GCV.Cp"              
[4] "Lrnr_glmnet_NULL_deviance_10_1_100_TRUE"
[5] "Lrnr_xgboost_20_1_15_1_0.2"             
[6] "Lrnr_xgboost_20_1_15_2_0.2"             
[7] "Lrnr_xgboost_20_1_15_3_0.2"             
[8] "Lrnr_xgboost_20_1_15_4_0.2"             
[9] "Lrnr_xgboost_20_1_15_5_0.2"             
[1] "Lrnr_cv_selector_NULL"
         Lrnr_ranger_500_TRUE_none_1_10         Lrnr_earth_2_3_backward_0_1_0_0 
                             0.04775259                              0.04669333 
              Lrnr_gam_NULL_NULL_GCV.Cp Lrnr_glmnet_NULL_deviance_10_1_100_TRUE 
                             0.04505353                              0.04469314 
             Lrnr_xgboost_20_1_15_1_0.2              Lrnr_xgboost_20_1_15_2_0.2 
                             0.04518875                              0.04506735 
             Lrnr_xgboost_20_1_15_3_0.2              Lrnr_xgboost_20_1_15_4_0.2 
                             0.04545938                              0.04583949 
             Lrnr_xgboost_20_1_15_5_0.2 
                             0.04607842 
[1] "done"
[1] "Lrnr_cv"
[1] "Lrnr_mean"
[1] "Lrnr_cv"
[1] "Lrnr_mean"
NULL
[1] "done"
[1] "all"
[1] "iter: 2"
[1] "Lrnr_cv"
[1] "Lrnr_ranger_500_TRUE_none_1_10"         
[2] "Lrnr_earth_2_3_backward_0_1_0_0"        
[3] "Lrnr_gam_NULL_NULL_GCV.Cp"              
[4] "Lrnr_glmnet_NULL_deviance_10_1_100_TRUE"
[5] "Lrnr_xgboost_20_1_15_1_0.2"             
[6] "Lrnr_xgboost_20_1_15_2_0.2"             
[7] "Lrnr_xgboost_20_1_15_3_0.2"             
[8] "Lrnr_xgboost_20_1_15_4_0.2"             
[9] "Lrnr_xgboost_20_1_15_5_0.2"             
[1] "Lrnr_cv_selector_NULL"
[1] "Lrnr_cv"
[1] "Lrnr_ranger_500_TRUE_none_1_10"         
[2] "Lrnr_earth_2_3_backward_0_1_0_0"        
[3] "Lrnr_gam_NULL_NULL_GCV.Cp"              
[4] "Lrnr_glmnet_NULL_deviance_10_1_100_TRUE"
[5] "Lrnr_xgboost_20_1_15_1_0.2"             
[6] "Lrnr_xgboost_20_1_15_2_0.2"             
[7] "Lrnr_xgboost_20_1_15_3_0.2"             
[8] "Lrnr_xgboost_20_1_15_4_0.2"             
[9] "Lrnr_xgboost_20_1_15_5_0.2"             
[1] "Lrnr_cv_selector_NULL"
         Lrnr_ranger_500_TRUE_none_1_10         Lrnr_earth_2_3_backward_0_1_0_0 
                             0.05043424                              0.05037777 
              Lrnr_gam_NULL_NULL_GCV.Cp Lrnr_glmnet_NULL_deviance_10_1_100_TRUE 
                             0.04866958                              0.04801925 
             Lrnr_xgboost_20_1_15_1_0.2              Lrnr_xgboost_20_1_15_2_0.2 
                             0.04837959                              0.04836836 
             Lrnr_xgboost_20_1_15_3_0.2              Lrnr_xgboost_20_1_15_4_0.2 
                             0.04847209                              0.04889145 
             Lrnr_xgboost_20_1_15_5_0.2 
                             0.04914745 
[1] "done"
[1] "Lrnr_cv"
[1] "Lrnr_mean"
[1] "Lrnr_cv"
[1] "Lrnr_mean"
NULL
[1] "done"
[1] "all"
[1] "iter: 3"
[1] "Lrnr_cv"
[1] "Lrnr_ranger_500_TRUE_none_1_10"         
[2] "Lrnr_earth_2_3_backward_0_1_0_0"        
[3] "Lrnr_gam_NULL_NULL_GCV.Cp"              
[4] "Lrnr_glmnet_NULL_deviance_10_1_100_TRUE"
[5] "Lrnr_xgboost_20_1_15_1_0.2"             
[6] "Lrnr_xgboost_20_1_15_2_0.2"             
[7] "Lrnr_xgboost_20_1_15_3_0.2"             
[8] "Lrnr_xgboost_20_1_15_4_0.2"             
[9] "Lrnr_xgboost_20_1_15_5_0.2"             
[1] "Lrnr_cv_selector_NULL"
[1] "Lrnr_cv"
[1] "Lrnr_ranger_500_TRUE_none_1_10"         
[2] "Lrnr_earth_2_3_backward_0_1_0_0"        
[3] "Lrnr_gam_NULL_NULL_GCV.Cp"              
[4] "Lrnr_glmnet_NULL_deviance_10_1_100_TRUE"
[5] "Lrnr_xgboost_20_1_15_1_0.2"             
[6] "Lrnr_xgboost_20_1_15_2_0.2"             
[7] "Lrnr_xgboost_20_1_15_3_0.2"             
[8] "Lrnr_xgboost_20_1_15_4_0.2"             
[9] "Lrnr_xgboost_20_1_15_5_0.2"             
[1] "Lrnr_cv_selector_NULL"
         Lrnr_ranger_500_TRUE_none_1_10         Lrnr_earth_2_3_backward_0_1_0_0 
                             0.04528743                              0.04737461 
              Lrnr_gam_NULL_NULL_GCV.Cp Lrnr_glmnet_NULL_deviance_10_1_100_TRUE 
                             0.04323612                              0.04308586 
             Lrnr_xgboost_20_1_15_1_0.2              Lrnr_xgboost_20_1_15_2_0.2 
                             0.04383265                              0.04364767 
             Lrnr_xgboost_20_1_15_3_0.2              Lrnr_xgboost_20_1_15_4_0.2 
                             0.04437455                              0.04497260 
             Lrnr_xgboost_20_1_15_5_0.2 
                             0.04516829 
[1] "done"
[1] "Lrnr_cv"
[1] "Lrnr_mean"
[1] "Lrnr_cv"
[1] "Lrnr_mean"
NULL
[1] "done"
[1] "all"
[1] "iter: 4"
[1] "Lrnr_cv"
[1] "Lrnr_ranger_500_TRUE_none_1_10"         
[2] "Lrnr_earth_2_3_backward_0_1_0_0"        
[3] "Lrnr_gam_NULL_NULL_GCV.Cp"              
[4] "Lrnr_glmnet_NULL_deviance_10_1_100_TRUE"
[5] "Lrnr_xgboost_20_1_15_1_0.2"             
[6] "Lrnr_xgboost_20_1_15_2_0.2"             
[7] "Lrnr_xgboost_20_1_15_3_0.2"             
[8] "Lrnr_xgboost_20_1_15_4_0.2"             
[9] "Lrnr_xgboost_20_1_15_5_0.2"             
[1] "Lrnr_cv_selector_NULL"
[1] "Lrnr_cv"
[1] "Lrnr_ranger_500_TRUE_none_1_10"         
[2] "Lrnr_earth_2_3_backward_0_1_0_0"        
[3] "Lrnr_gam_NULL_NULL_GCV.Cp"              
[4] "Lrnr_glmnet_NULL_deviance_10_1_100_TRUE"
[5] "Lrnr_xgboost_20_1_15_1_0.2"             
[6] "Lrnr_xgboost_20_1_15_2_0.2"             
[7] "Lrnr_xgboost_20_1_15_3_0.2"             
[8] "Lrnr_xgboost_20_1_15_4_0.2"             
[9] "Lrnr_xgboost_20_1_15_5_0.2"             
[1] "Lrnr_cv_selector_NULL"
         Lrnr_ranger_500_TRUE_none_1_10         Lrnr_earth_2_3_backward_0_1_0_0 
                             0.04856100                              0.04639893 
              Lrnr_gam_NULL_NULL_GCV.Cp Lrnr_glmnet_NULL_deviance_10_1_100_TRUE 
                             0.04565533                              0.04543990 
             Lrnr_xgboost_20_1_15_1_0.2              Lrnr_xgboost_20_1_15_2_0.2 
                             0.04558654                              0.04538436 
             Lrnr_xgboost_20_1_15_3_0.2              Lrnr_xgboost_20_1_15_4_0.2 
                             0.04575174                              0.04618641 
             Lrnr_xgboost_20_1_15_5_0.2 
                             0.04625424 
[1] "done"
[1] "Lrnr_cv"
[1] "Lrnr_mean"
[1] "Lrnr_cv"
[1] "Lrnr_mean"
NULL
[1] "done"
[1] "all"
[1] "iter: 5"
[1] "Lrnr_cv"
[1] "Lrnr_ranger_500_TRUE_none_1_10"         
[2] "Lrnr_earth_2_3_backward_0_1_0_0"        
[3] "Lrnr_gam_NULL_NULL_GCV.Cp"              
[4] "Lrnr_glmnet_NULL_deviance_10_1_100_TRUE"
[5] "Lrnr_xgboost_20_1_15_1_0.2"             
[6] "Lrnr_xgboost_20_1_15_2_0.2"             
[7] "Lrnr_xgboost_20_1_15_3_0.2"             
[8] "Lrnr_xgboost_20_1_15_4_0.2"             
[9] "Lrnr_xgboost_20_1_15_5_0.2"             
[1] "Lrnr_cv_selector_NULL"
[1] "Lrnr_cv"
[1] "Lrnr_ranger_500_TRUE_none_1_10"         
[2] "Lrnr_earth_2_3_backward_0_1_0_0"        
[3] "Lrnr_gam_NULL_NULL_GCV.Cp"              
[4] "Lrnr_glmnet_NULL_deviance_10_1_100_TRUE"
[5] "Lrnr_xgboost_20_1_15_1_0.2"             
[6] "Lrnr_xgboost_20_1_15_2_0.2"             
[7] "Lrnr_xgboost_20_1_15_3_0.2"             
[8] "Lrnr_xgboost_20_1_15_4_0.2"             
[9] "Lrnr_xgboost_20_1_15_5_0.2"             
[1] "Lrnr_cv_selector_NULL"
         Lrnr_ranger_500_TRUE_none_1_10         Lrnr_earth_2_3_backward_0_1_0_0 
                             0.04864088                              0.05063443 
              Lrnr_gam_NULL_NULL_GCV.Cp Lrnr_glmnet_NULL_deviance_10_1_100_TRUE 
                             0.04817047                              0.04783801 
             Lrnr_xgboost_20_1_15_1_0.2              Lrnr_xgboost_20_1_15_2_0.2 
                             0.04826563                              0.04805174 
             Lrnr_xgboost_20_1_15_3_0.2              Lrnr_xgboost_20_1_15_4_0.2 
                             0.04882560                              0.04933584 
             Lrnr_xgboost_20_1_15_5_0.2 
                             0.04949823 
[1] "done"
[1] "Lrnr_cv"
[1] "Lrnr_mean"
[1] "Lrnr_cv"
[1] "Lrnr_mean"
NULL
[1] "done"
[1] "all"
[1] "iter: 6"
[1] "Lrnr_cv"
[1] "Lrnr_ranger_500_TRUE_none_1_10"         
[2] "Lrnr_earth_2_3_backward_0_1_0_0"        
[3] "Lrnr_gam_NULL_NULL_GCV.Cp"              
[4] "Lrnr_glmnet_NULL_deviance_10_1_100_TRUE"
[5] "Lrnr_xgboost_20_1_15_1_0.2"             
[6] "Lrnr_xgboost_20_1_15_2_0.2"             
[7] "Lrnr_xgboost_20_1_15_3_0.2"             
[8] "Lrnr_xgboost_20_1_15_4_0.2"             
[9] "Lrnr_xgboost_20_1_15_5_0.2"             
[1] "Lrnr_cv_selector_NULL"
[1] "Lrnr_cv"
[1] "Lrnr_ranger_500_TRUE_none_1_10"         
[2] "Lrnr_earth_2_3_backward_0_1_0_0"        
[3] "Lrnr_gam_NULL_NULL_GCV.Cp"              
[4] "Lrnr_glmnet_NULL_deviance_10_1_100_TRUE"
[5] "Lrnr_xgboost_20_1_15_1_0.2"             
[6] "Lrnr_xgboost_20_1_15_2_0.2"             
[7] "Lrnr_xgboost_20_1_15_3_0.2"             
[8] "Lrnr_xgboost_20_1_15_4_0.2"             
[9] "Lrnr_xgboost_20_1_15_5_0.2"             
[1] "Lrnr_cv_selector_NULL"
         Lrnr_ranger_500_TRUE_none_1_10         Lrnr_earth_2_3_backward_0_1_0_0 
                             0.05106013                              0.05195993 
              Lrnr_gam_NULL_NULL_GCV.Cp Lrnr_glmnet_NULL_deviance_10_1_100_TRUE 
                             0.04970625                              0.04963118 
             Lrnr_xgboost_20_1_15_1_0.2              Lrnr_xgboost_20_1_15_2_0.2 
                             0.04960750                              0.04997197 
             Lrnr_xgboost_20_1_15_3_0.2              Lrnr_xgboost_20_1_15_4_0.2 
                             0.05086435                              0.05108500 
             Lrnr_xgboost_20_1_15_5_0.2 
                             0.05108623 
[1] "done"
[1] "Lrnr_cv"
[1] "Lrnr_mean"
[1] "Lrnr_cv"
[1] "Lrnr_mean"
NULL
[1] "done"
[1] "all"
[1] "iter: 7"
[1] "Lrnr_cv"
[1] "Lrnr_ranger_500_TRUE_none_1_10"         
[2] "Lrnr_earth_2_3_backward_0_1_0_0"        
[3] "Lrnr_gam_NULL_NULL_GCV.Cp"              
[4] "Lrnr_glmnet_NULL_deviance_10_1_100_TRUE"
[5] "Lrnr_xgboost_20_1_15_1_0.2"             
[6] "Lrnr_xgboost_20_1_15_2_0.2"             
[7] "Lrnr_xgboost_20_1_15_3_0.2"             
[8] "Lrnr_xgboost_20_1_15_4_0.2"             
[9] "Lrnr_xgboost_20_1_15_5_0.2"             
[1] "Lrnr_cv_selector_NULL"
[1] "Lrnr_cv"
[1] "Lrnr_ranger_500_TRUE_none_1_10"         
[2] "Lrnr_earth_2_3_backward_0_1_0_0"        
[3] "Lrnr_gam_NULL_NULL_GCV.Cp"              
[4] "Lrnr_glmnet_NULL_deviance_10_1_100_TRUE"
[5] "Lrnr_xgboost_20_1_15_1_0.2"             
[6] "Lrnr_xgboost_20_1_15_2_0.2"             
[7] "Lrnr_xgboost_20_1_15_3_0.2"             
[8] "Lrnr_xgboost_20_1_15_4_0.2"             
[9] "Lrnr_xgboost_20_1_15_5_0.2"             
[1] "Lrnr_cv_selector_NULL"
         Lrnr_ranger_500_TRUE_none_1_10         Lrnr_earth_2_3_backward_0_1_0_0 
                             0.04760063                              0.04992644 
              Lrnr_gam_NULL_NULL_GCV.Cp Lrnr_glmnet_NULL_deviance_10_1_100_TRUE 
                             0.04759461                              0.04725527 
             Lrnr_xgboost_20_1_15_1_0.2              Lrnr_xgboost_20_1_15_2_0.2 
                             0.04804746                              0.04756193 
             Lrnr_xgboost_20_1_15_3_0.2              Lrnr_xgboost_20_1_15_4_0.2 
                             0.04718565                              0.04732173 
             Lrnr_xgboost_20_1_15_5_0.2 
                             0.04705323 
[1] "done"
[1] "Lrnr_cv"
[1] "Lrnr_mean"
[1] "Lrnr_cv"
[1] "Lrnr_mean"
NULL
[1] "done"
[1] "all"
[1] "iter: 8"
[1] "Lrnr_cv"
[1] "Lrnr_ranger_500_TRUE_none_1_10"         
[2] "Lrnr_earth_2_3_backward_0_1_0_0"        
[3] "Lrnr_gam_NULL_NULL_GCV.Cp"              
[4] "Lrnr_glmnet_NULL_deviance_10_1_100_TRUE"
[5] "Lrnr_xgboost_20_1_15_1_0.2"             
[6] "Lrnr_xgboost_20_1_15_2_0.2"             
[7] "Lrnr_xgboost_20_1_15_3_0.2"             
[8] "Lrnr_xgboost_20_1_15_4_0.2"             
[9] "Lrnr_xgboost_20_1_15_5_0.2"             
[1] "Lrnr_cv_selector_NULL"
[1] "Lrnr_cv"
[1] "Lrnr_ranger_500_TRUE_none_1_10"         
[2] "Lrnr_earth_2_3_backward_0_1_0_0"        
[3] "Lrnr_gam_NULL_NULL_GCV.Cp"              
[4] "Lrnr_glmnet_NULL_deviance_10_1_100_TRUE"
[5] "Lrnr_xgboost_20_1_15_1_0.2"             
[6] "Lrnr_xgboost_20_1_15_2_0.2"             
[7] "Lrnr_xgboost_20_1_15_3_0.2"             
[8] "Lrnr_xgboost_20_1_15_4_0.2"             
[9] "Lrnr_xgboost_20_1_15_5_0.2"             
[1] "Lrnr_cv_selector_NULL"
         Lrnr_ranger_500_TRUE_none_1_10         Lrnr_earth_2_3_backward_0_1_0_0 
                             0.04883482                              0.04851110 
              Lrnr_gam_NULL_NULL_GCV.Cp Lrnr_glmnet_NULL_deviance_10_1_100_TRUE 
                             0.04754220                              0.04749081 
             Lrnr_xgboost_20_1_15_1_0.2              Lrnr_xgboost_20_1_15_2_0.2 
                             0.04787556                              0.04786415 
             Lrnr_xgboost_20_1_15_3_0.2              Lrnr_xgboost_20_1_15_4_0.2 
                             0.04778719                              0.04800941 
             Lrnr_xgboost_20_1_15_5_0.2 
                             0.04830763 
[1] "done"
[1] "Lrnr_cv"
[1] "Lrnr_mean"
[1] "Lrnr_cv"
[1] "Lrnr_mean"
NULL
[1] "done"
[1] "all"
[1] "iter: 9"
[1] "Lrnr_cv"
[1] "Lrnr_ranger_500_TRUE_none_1_10"         
[2] "Lrnr_earth_2_3_backward_0_1_0_0"        
[3] "Lrnr_gam_NULL_NULL_GCV.Cp"              
[4] "Lrnr_glmnet_NULL_deviance_10_1_100_TRUE"
[5] "Lrnr_xgboost_20_1_15_1_0.2"             
[6] "Lrnr_xgboost_20_1_15_2_0.2"             
[7] "Lrnr_xgboost_20_1_15_3_0.2"             
[8] "Lrnr_xgboost_20_1_15_4_0.2"             
[9] "Lrnr_xgboost_20_1_15_5_0.2"             
[1] "Lrnr_cv_selector_NULL"
[1] "Lrnr_cv"
[1] "Lrnr_ranger_500_TRUE_none_1_10"         
[2] "Lrnr_earth_2_3_backward_0_1_0_0"        
[3] "Lrnr_gam_NULL_NULL_GCV.Cp"              
[4] "Lrnr_glmnet_NULL_deviance_10_1_100_TRUE"
[5] "Lrnr_xgboost_20_1_15_1_0.2"             
[6] "Lrnr_xgboost_20_1_15_2_0.2"             
[7] "Lrnr_xgboost_20_1_15_3_0.2"             
[8] "Lrnr_xgboost_20_1_15_4_0.2"             
[9] "Lrnr_xgboost_20_1_15_5_0.2"             
[1] "Lrnr_cv_selector_NULL"
         Lrnr_ranger_500_TRUE_none_1_10         Lrnr_earth_2_3_backward_0_1_0_0 
                             0.04595536                              0.04816294 
              Lrnr_gam_NULL_NULL_GCV.Cp Lrnr_glmnet_NULL_deviance_10_1_100_TRUE 
                             0.04541923                              0.04520310 
             Lrnr_xgboost_20_1_15_1_0.2              Lrnr_xgboost_20_1_15_2_0.2 
                             0.04585048                              0.04543515 
             Lrnr_xgboost_20_1_15_3_0.2              Lrnr_xgboost_20_1_15_4_0.2 
                             0.04559091                              0.04569234 
             Lrnr_xgboost_20_1_15_5_0.2 
                             0.04561743 
[1] "done"
[1] "Lrnr_cv"
[1] "Lrnr_mean"
[1] "Lrnr_cv"
[1] "Lrnr_mean"
NULL
[1] "done"
[1] "all"
[1] "iter: 10"
[1] "Lrnr_cv"
[1] "Lrnr_ranger_500_TRUE_none_1_10"         
[2] "Lrnr_earth_2_3_backward_0_1_0_0"        
[3] "Lrnr_gam_NULL_NULL_GCV.Cp"              
[4] "Lrnr_glmnet_NULL_deviance_10_1_100_TRUE"
[5] "Lrnr_xgboost_20_1_15_1_0.2"             
[6] "Lrnr_xgboost_20_1_15_2_0.2"             
[7] "Lrnr_xgboost_20_1_15_3_0.2"             
[8] "Lrnr_xgboost_20_1_15_4_0.2"             
[9] "Lrnr_xgboost_20_1_15_5_0.2"             
[1] "Lrnr_cv_selector_NULL"
[1] "Lrnr_cv"
[1] "Lrnr_ranger_500_TRUE_none_1_10"         
[2] "Lrnr_earth_2_3_backward_0_1_0_0"        
[3] "Lrnr_gam_NULL_NULL_GCV.Cp"              
[4] "Lrnr_glmnet_NULL_deviance_10_1_100_TRUE"
[5] "Lrnr_xgboost_20_1_15_1_0.2"             
[6] "Lrnr_xgboost_20_1_15_2_0.2"             
[7] "Lrnr_xgboost_20_1_15_3_0.2"             
[8] "Lrnr_xgboost_20_1_15_4_0.2"             
[9] "Lrnr_xgboost_20_1_15_5_0.2"             
[1] "Lrnr_cv_selector_NULL"
         Lrnr_ranger_500_TRUE_none_1_10         Lrnr_earth_2_3_backward_0_1_0_0 
                             0.04815402                              0.04854871 
              Lrnr_gam_NULL_NULL_GCV.Cp Lrnr_glmnet_NULL_deviance_10_1_100_TRUE 
                             0.04727873                              0.04712634 
             Lrnr_xgboost_20_1_15_1_0.2              Lrnr_xgboost_20_1_15_2_0.2 
                             0.04742185                              0.04714821 
             Lrnr_xgboost_20_1_15_3_0.2              Lrnr_xgboost_20_1_15_4_0.2 
                             0.04721616                              0.04734069 
             Lrnr_xgboost_20_1_15_5_0.2 
                             0.04750354 
[1] "done"
[1] "Lrnr_cv"
[1] "Lrnr_mean"
[1] "Lrnr_cv"
[1] "Lrnr_mean"
NULL
[1] "done"
[1] "all"
[1] "iter: 11"
[1] "Lrnr_cv"
[1] "Lrnr_ranger_500_TRUE_none_1_10"         
[2] "Lrnr_earth_2_3_backward_0_1_0_0"        
[3] "Lrnr_gam_NULL_NULL_GCV.Cp"              
[4] "Lrnr_glmnet_NULL_deviance_10_1_100_TRUE"
[5] "Lrnr_xgboost_20_1_15_1_0.2"             
[6] "Lrnr_xgboost_20_1_15_2_0.2"             
[7] "Lrnr_xgboost_20_1_15_3_0.2"             
[8] "Lrnr_xgboost_20_1_15_4_0.2"             
[9] "Lrnr_xgboost_20_1_15_5_0.2"             
[1] "Lrnr_cv_selector_NULL"
[1] "Lrnr_cv"
[1] "Lrnr_ranger_500_TRUE_none_1_10"         
[2] "Lrnr_earth_2_3_backward_0_1_0_0"        
[3] "Lrnr_gam_NULL_NULL_GCV.Cp"              
[4] "Lrnr_glmnet_NULL_deviance_10_1_100_TRUE"
[5] "Lrnr_xgboost_20_1_15_1_0.2"             
[6] "Lrnr_xgboost_20_1_15_2_0.2"             
[7] "Lrnr_xgboost_20_1_15_3_0.2"             
[8] "Lrnr_xgboost_20_1_15_4_0.2"             
[9] "Lrnr_xgboost_20_1_15_5_0.2"             
[1] "Lrnr_cv_selector_NULL"
         Lrnr_ranger_500_TRUE_none_1_10         Lrnr_earth_2_3_backward_0_1_0_0 
                             0.04803615                              0.04910624 
              Lrnr_gam_NULL_NULL_GCV.Cp Lrnr_glmnet_NULL_deviance_10_1_100_TRUE 
                             0.04643506                              0.04600615 
             Lrnr_xgboost_20_1_15_1_0.2              Lrnr_xgboost_20_1_15_2_0.2 
                             0.04583384                              0.04602721 
             Lrnr_xgboost_20_1_15_3_0.2              Lrnr_xgboost_20_1_15_4_0.2 
                             0.04653629                              0.04720174 
             Lrnr_xgboost_20_1_15_5_0.2 
                             0.04757397 
[1] "done"
[1] "Lrnr_cv"
[1] "Lrnr_mean"
[1] "Lrnr_cv"
[1] "Lrnr_mean"
NULL
[1] "done"
[1] "all"
[1] "iter: 12"
[1] "Lrnr_cv"
[1] "Lrnr_ranger_500_TRUE_none_1_10"         
[2] "Lrnr_earth_2_3_backward_0_1_0_0"        
[3] "Lrnr_gam_NULL_NULL_GCV.Cp"              
[4] "Lrnr_glmnet_NULL_deviance_10_1_100_TRUE"
[5] "Lrnr_xgboost_20_1_15_1_0.2"             
[6] "Lrnr_xgboost_20_1_15_2_0.2"             
[7] "Lrnr_xgboost_20_1_15_3_0.2"             
[8] "Lrnr_xgboost_20_1_15_4_0.2"             
[9] "Lrnr_xgboost_20_1_15_5_0.2"             
[1] "Lrnr_cv_selector_NULL"
[1] "Lrnr_cv"
[1] "Lrnr_ranger_500_TRUE_none_1_10"         
[2] "Lrnr_earth_2_3_backward_0_1_0_0"        
[3] "Lrnr_gam_NULL_NULL_GCV.Cp"              
[4] "Lrnr_glmnet_NULL_deviance_10_1_100_TRUE"
[5] "Lrnr_xgboost_20_1_15_1_0.2"             
[6] "Lrnr_xgboost_20_1_15_2_0.2"             
[7] "Lrnr_xgboost_20_1_15_3_0.2"             
[8] "Lrnr_xgboost_20_1_15_4_0.2"             
[9] "Lrnr_xgboost_20_1_15_5_0.2"             
[1] "Lrnr_cv_selector_NULL"
         Lrnr_ranger_500_TRUE_none_1_10         Lrnr_earth_2_3_backward_0_1_0_0 
                             0.05053039                              0.05145640 
              Lrnr_gam_NULL_NULL_GCV.Cp Lrnr_glmnet_NULL_deviance_10_1_100_TRUE 
                             0.04801028                              0.04744212 
             Lrnr_xgboost_20_1_15_1_0.2              Lrnr_xgboost_20_1_15_2_0.2 
                             0.04772400                              0.04769042 
             Lrnr_xgboost_20_1_15_3_0.2              Lrnr_xgboost_20_1_15_4_0.2 
                             0.04845229                              0.04953189 
             Lrnr_xgboost_20_1_15_5_0.2 
                             0.04974815 
[1] "done"
[1] "Lrnr_cv"
[1] "Lrnr_mean"
[1] "Lrnr_cv"
[1] "Lrnr_mean"
NULL
[1] "done"
[1] "all"
[1] "iter: 13"
[1] "Lrnr_cv"
[1] "Lrnr_ranger_500_TRUE_none_1_10"         
[2] "Lrnr_earth_2_3_backward_0_1_0_0"        
[3] "Lrnr_gam_NULL_NULL_GCV.Cp"              
[4] "Lrnr_glmnet_NULL_deviance_10_1_100_TRUE"
[5] "Lrnr_xgboost_20_1_15_1_0.2"             
[6] "Lrnr_xgboost_20_1_15_2_0.2"             
[7] "Lrnr_xgboost_20_1_15_3_0.2"             
[8] "Lrnr_xgboost_20_1_15_4_0.2"             
[9] "Lrnr_xgboost_20_1_15_5_0.2"             
[1] "Lrnr_cv_selector_NULL"
[1] "Lrnr_cv"
[1] "Lrnr_ranger_500_TRUE_none_1_10"         
[2] "Lrnr_earth_2_3_backward_0_1_0_0"        
[3] "Lrnr_gam_NULL_NULL_GCV.Cp"              
[4] "Lrnr_glmnet_NULL_deviance_10_1_100_TRUE"
[5] "Lrnr_xgboost_20_1_15_1_0.2"             
[6] "Lrnr_xgboost_20_1_15_2_0.2"             
[7] "Lrnr_xgboost_20_1_15_3_0.2"             
[8] "Lrnr_xgboost_20_1_15_4_0.2"             
[9] "Lrnr_xgboost_20_1_15_5_0.2"             
[1] "Lrnr_cv_selector_NULL"
         Lrnr_ranger_500_TRUE_none_1_10         Lrnr_earth_2_3_backward_0_1_0_0 
                             0.04676467                              0.04843423 
              Lrnr_gam_NULL_NULL_GCV.Cp Lrnr_glmnet_NULL_deviance_10_1_100_TRUE 
                             0.04515557                              0.04496449 
             Lrnr_xgboost_20_1_15_1_0.2              Lrnr_xgboost_20_1_15_2_0.2 
                             0.04580650                              0.04549792 
             Lrnr_xgboost_20_1_15_3_0.2              Lrnr_xgboost_20_1_15_4_0.2 
                             0.04574762                              0.04605815 
             Lrnr_xgboost_20_1_15_5_0.2 
                             0.04593463 
[1] "done"
[1] "Lrnr_cv"
[1] "Lrnr_mean"
[1] "Lrnr_cv"
[1] "Lrnr_mean"
NULL
[1] "done"
[1] "all"
[1] "iter: 14"
[1] "Lrnr_cv"
[1] "Lrnr_ranger_500_TRUE_none_1_10"         
[2] "Lrnr_earth_2_3_backward_0_1_0_0"        
[3] "Lrnr_gam_NULL_NULL_GCV.Cp"              
[4] "Lrnr_glmnet_NULL_deviance_10_1_100_TRUE"
[5] "Lrnr_xgboost_20_1_15_1_0.2"             
[6] "Lrnr_xgboost_20_1_15_2_0.2"             
[7] "Lrnr_xgboost_20_1_15_3_0.2"             
[8] "Lrnr_xgboost_20_1_15_4_0.2"             
[9] "Lrnr_xgboost_20_1_15_5_0.2"             
[1] "Lrnr_cv_selector_NULL"
[1] "Lrnr_cv"
[1] "Lrnr_ranger_500_TRUE_none_1_10"         
[2] "Lrnr_earth_2_3_backward_0_1_0_0"        
[3] "Lrnr_gam_NULL_NULL_GCV.Cp"              
[4] "Lrnr_glmnet_NULL_deviance_10_1_100_TRUE"
[5] "Lrnr_xgboost_20_1_15_1_0.2"             
[6] "Lrnr_xgboost_20_1_15_2_0.2"             
[7] "Lrnr_xgboost_20_1_15_3_0.2"             
[8] "Lrnr_xgboost_20_1_15_4_0.2"             
[9] "Lrnr_xgboost_20_1_15_5_0.2"             
[1] "Lrnr_cv_selector_NULL"
         Lrnr_ranger_500_TRUE_none_1_10         Lrnr_earth_2_3_backward_0_1_0_0 
                             0.05253015                              0.05327292 
              Lrnr_gam_NULL_NULL_GCV.Cp Lrnr_glmnet_NULL_deviance_10_1_100_TRUE 
                             0.04982974                              0.04967197 
             Lrnr_xgboost_20_1_15_1_0.2              Lrnr_xgboost_20_1_15_2_0.2 
                             0.05036728                              0.05039941 
             Lrnr_xgboost_20_1_15_3_0.2              Lrnr_xgboost_20_1_15_4_0.2 
                             0.05108324                              0.05158293 
             Lrnr_xgboost_20_1_15_5_0.2 
                             0.05175042 
[1] "done"
[1] "Lrnr_cv"
[1] "Lrnr_mean"
[1] "Lrnr_cv"
[1] "Lrnr_mean"
NULL
[1] "done"
[1] "all"
[1] "iter: 15"
[1] "Lrnr_cv"
[1] "Lrnr_ranger_500_TRUE_none_1_10"         
[2] "Lrnr_earth_2_3_backward_0_1_0_0"        
[3] "Lrnr_gam_NULL_NULL_GCV.Cp"              
[4] "Lrnr_glmnet_NULL_deviance_10_1_100_TRUE"
[5] "Lrnr_xgboost_20_1_15_1_0.2"             
[6] "Lrnr_xgboost_20_1_15_2_0.2"             
[7] "Lrnr_xgboost_20_1_15_3_0.2"             
[8] "Lrnr_xgboost_20_1_15_4_0.2"             
[9] "Lrnr_xgboost_20_1_15_5_0.2"             
[1] "Lrnr_cv_selector_NULL"
[1] "Lrnr_cv"
[1] "Lrnr_ranger_500_TRUE_none_1_10"         
[2] "Lrnr_earth_2_3_backward_0_1_0_0"        
[3] "Lrnr_gam_NULL_NULL_GCV.Cp"              
[4] "Lrnr_glmnet_NULL_deviance_10_1_100_TRUE"
[5] "Lrnr_xgboost_20_1_15_1_0.2"             
[6] "Lrnr_xgboost_20_1_15_2_0.2"             
[7] "Lrnr_xgboost_20_1_15_3_0.2"             
[8] "Lrnr_xgboost_20_1_15_4_0.2"             
[9] "Lrnr_xgboost_20_1_15_5_0.2"             
[1] "Lrnr_cv_selector_NULL"
         Lrnr_ranger_500_TRUE_none_1_10         Lrnr_earth_2_3_backward_0_1_0_0 
                             0.04711780                              0.04822721 
              Lrnr_gam_NULL_NULL_GCV.Cp Lrnr_glmnet_NULL_deviance_10_1_100_TRUE 
                             0.04580792                              0.04542159 
             Lrnr_xgboost_20_1_15_1_0.2              Lrnr_xgboost_20_1_15_2_0.2 
                             0.04579544                              0.04590716 
             Lrnr_xgboost_20_1_15_3_0.2              Lrnr_xgboost_20_1_15_4_0.2 
                             0.04582170                              0.04624487 
             Lrnr_xgboost_20_1_15_5_0.2 
                             0.04620607 
[1] "done"
[1] "Lrnr_cv"
[1] "Lrnr_mean"
[1] "Lrnr_cv"
[1] "Lrnr_mean"
NULL
[1] "done"
[1] "all"
[1] "iter: 16"
[1] "Lrnr_cv"
[1] "Lrnr_ranger_500_TRUE_none_1_10"         
[2] "Lrnr_earth_2_3_backward_0_1_0_0"        
[3] "Lrnr_gam_NULL_NULL_GCV.Cp"              
[4] "Lrnr_glmnet_NULL_deviance_10_1_100_TRUE"
[5] "Lrnr_xgboost_20_1_15_1_0.2"             
[6] "Lrnr_xgboost_20_1_15_2_0.2"             
[7] "Lrnr_xgboost_20_1_15_3_0.2"             
[8] "Lrnr_xgboost_20_1_15_4_0.2"             
[9] "Lrnr_xgboost_20_1_15_5_0.2"             
[1] "Lrnr_cv_selector_NULL"
[1] "Lrnr_cv"
[1] "Lrnr_ranger_500_TRUE_none_1_10"         
[2] "Lrnr_earth_2_3_backward_0_1_0_0"        
[3] "Lrnr_gam_NULL_NULL_GCV.Cp"              
[4] "Lrnr_glmnet_NULL_deviance_10_1_100_TRUE"
[5] "Lrnr_xgboost_20_1_15_1_0.2"             
[6] "Lrnr_xgboost_20_1_15_2_0.2"             
[7] "Lrnr_xgboost_20_1_15_3_0.2"             
[8] "Lrnr_xgboost_20_1_15_4_0.2"             
[9] "Lrnr_xgboost_20_1_15_5_0.2"             
[1] "Lrnr_cv_selector_NULL"
         Lrnr_ranger_500_TRUE_none_1_10         Lrnr_earth_2_3_backward_0_1_0_0 
                             0.04326780                              0.04455438 
              Lrnr_gam_NULL_NULL_GCV.Cp Lrnr_glmnet_NULL_deviance_10_1_100_TRUE 
                             0.04391151                              0.04334923 
             Lrnr_xgboost_20_1_15_1_0.2              Lrnr_xgboost_20_1_15_2_0.2 
                             0.04316297                              0.04339258 
             Lrnr_xgboost_20_1_15_3_0.2              Lrnr_xgboost_20_1_15_4_0.2 
                             0.04322286                              0.04362616 
             Lrnr_xgboost_20_1_15_5_0.2 
                             0.04377093 
[1] "done"
[1] "Lrnr_cv"
[1] "Lrnr_mean"
[1] "Lrnr_cv"
[1] "Lrnr_mean"
NULL
[1] "done"
[1] "all"
[1] "iter: 17"
[1] "Lrnr_cv"
[1] "Lrnr_ranger_500_TRUE_none_1_10"         
[2] "Lrnr_earth_2_3_backward_0_1_0_0"        
[3] "Lrnr_gam_NULL_NULL_GCV.Cp"              
[4] "Lrnr_glmnet_NULL_deviance_10_1_100_TRUE"
[5] "Lrnr_xgboost_20_1_15_1_0.2"             
[6] "Lrnr_xgboost_20_1_15_2_0.2"             
[7] "Lrnr_xgboost_20_1_15_3_0.2"             
[8] "Lrnr_xgboost_20_1_15_4_0.2"             
[9] "Lrnr_xgboost_20_1_15_5_0.2"             
[1] "Lrnr_cv_selector_NULL"
[1] "Lrnr_cv"
[1] "Lrnr_ranger_500_TRUE_none_1_10"         
[2] "Lrnr_earth_2_3_backward_0_1_0_0"        
[3] "Lrnr_gam_NULL_NULL_GCV.Cp"              
[4] "Lrnr_glmnet_NULL_deviance_10_1_100_TRUE"
[5] "Lrnr_xgboost_20_1_15_1_0.2"             
[6] "Lrnr_xgboost_20_1_15_2_0.2"             
[7] "Lrnr_xgboost_20_1_15_3_0.2"             
[8] "Lrnr_xgboost_20_1_15_4_0.2"             
[9] "Lrnr_xgboost_20_1_15_5_0.2"             
[1] "Lrnr_cv_selector_NULL"
         Lrnr_ranger_500_TRUE_none_1_10         Lrnr_earth_2_3_backward_0_1_0_0 
                             0.04722482                              0.04775226 
              Lrnr_gam_NULL_NULL_GCV.Cp Lrnr_glmnet_NULL_deviance_10_1_100_TRUE 
                             0.04514073                              0.04469945 
             Lrnr_xgboost_20_1_15_1_0.2              Lrnr_xgboost_20_1_15_2_0.2 
                             0.04540955                              0.04551486 
             Lrnr_xgboost_20_1_15_3_0.2              Lrnr_xgboost_20_1_15_4_0.2 
                             0.04594086                              0.04655229 
             Lrnr_xgboost_20_1_15_5_0.2 
                             0.04665788 
[1] "done"
[1] "Lrnr_cv"
[1] "Lrnr_mean"
[1] "Lrnr_cv"
[1] "Lrnr_mean"
NULL
[1] "done"
[1] "all"
[1] "iter: 18"
[1] "Lrnr_cv"
[1] "Lrnr_ranger_500_TRUE_none_1_10"         
[2] "Lrnr_earth_2_3_backward_0_1_0_0"        
[3] "Lrnr_gam_NULL_NULL_GCV.Cp"              
[4] "Lrnr_glmnet_NULL_deviance_10_1_100_TRUE"
[5] "Lrnr_xgboost_20_1_15_1_0.2"             
[6] "Lrnr_xgboost_20_1_15_2_0.2"             
[7] "Lrnr_xgboost_20_1_15_3_0.2"             
[8] "Lrnr_xgboost_20_1_15_4_0.2"             
[9] "Lrnr_xgboost_20_1_15_5_0.2"             
[1] "Lrnr_cv_selector_NULL"
[1] "Lrnr_cv"
[1] "Lrnr_ranger_500_TRUE_none_1_10"         
[2] "Lrnr_earth_2_3_backward_0_1_0_0"        
[3] "Lrnr_gam_NULL_NULL_GCV.Cp"              
[4] "Lrnr_glmnet_NULL_deviance_10_1_100_TRUE"
[5] "Lrnr_xgboost_20_1_15_1_0.2"             
[6] "Lrnr_xgboost_20_1_15_2_0.2"             
[7] "Lrnr_xgboost_20_1_15_3_0.2"             
[8] "Lrnr_xgboost_20_1_15_4_0.2"             
[9] "Lrnr_xgboost_20_1_15_5_0.2"             
[1] "Lrnr_cv_selector_NULL"
         Lrnr_ranger_500_TRUE_none_1_10         Lrnr_earth_2_3_backward_0_1_0_0 
                             0.04890189                              0.04996531 
              Lrnr_gam_NULL_NULL_GCV.Cp Lrnr_glmnet_NULL_deviance_10_1_100_TRUE 
                             0.04766571                              0.04761056 
             Lrnr_xgboost_20_1_15_1_0.2              Lrnr_xgboost_20_1_15_2_0.2 
                             0.04895134                              0.04895885 
             Lrnr_xgboost_20_1_15_3_0.2              Lrnr_xgboost_20_1_15_4_0.2 
                             0.04924422                              0.04898698 
             Lrnr_xgboost_20_1_15_5_0.2 
                             0.04928978 
[1] "done"
[1] "Lrnr_cv"
[1] "Lrnr_mean"
[1] "Lrnr_cv"
[1] "Lrnr_mean"
NULL
[1] "done"
[1] "all"
[1] "iter: 19"
[1] "Lrnr_cv"
[1] "Lrnr_ranger_500_TRUE_none_1_10"         
[2] "Lrnr_earth_2_3_backward_0_1_0_0"        
[3] "Lrnr_gam_NULL_NULL_GCV.Cp"              
[4] "Lrnr_glmnet_NULL_deviance_10_1_100_TRUE"
[5] "Lrnr_xgboost_20_1_15_1_0.2"             
[6] "Lrnr_xgboost_20_1_15_2_0.2"             
[7] "Lrnr_xgboost_20_1_15_3_0.2"             
[8] "Lrnr_xgboost_20_1_15_4_0.2"             
[9] "Lrnr_xgboost_20_1_15_5_0.2"             
[1] "Lrnr_cv_selector_NULL"
[1] "Lrnr_cv"
[1] "Lrnr_ranger_500_TRUE_none_1_10"         
[2] "Lrnr_earth_2_3_backward_0_1_0_0"        
[3] "Lrnr_gam_NULL_NULL_GCV.Cp"              
[4] "Lrnr_glmnet_NULL_deviance_10_1_100_TRUE"
[5] "Lrnr_xgboost_20_1_15_1_0.2"             
[6] "Lrnr_xgboost_20_1_15_2_0.2"             
[7] "Lrnr_xgboost_20_1_15_3_0.2"             
[8] "Lrnr_xgboost_20_1_15_4_0.2"             
[9] "Lrnr_xgboost_20_1_15_5_0.2"             
[1] "Lrnr_cv_selector_NULL"
         Lrnr_ranger_500_TRUE_none_1_10         Lrnr_earth_2_3_backward_0_1_0_0 
                             0.04858678                              0.04885453 
              Lrnr_gam_NULL_NULL_GCV.Cp Lrnr_glmnet_NULL_deviance_10_1_100_TRUE 
                             0.04712639                              0.04673393 
             Lrnr_xgboost_20_1_15_1_0.2              Lrnr_xgboost_20_1_15_2_0.2 
                             0.04760659                              0.04722248 
             Lrnr_xgboost_20_1_15_3_0.2              Lrnr_xgboost_20_1_15_4_0.2 
                             0.04709315                              0.04714318 
             Lrnr_xgboost_20_1_15_5_0.2 
                             0.04756194 
[1] "done"
[1] "Lrnr_cv"
[1] "Lrnr_mean"
[1] "Lrnr_cv"
[1] "Lrnr_mean"
NULL
[1] "done"
[1] "all"
[1] "iter: 20"
[1] "Lrnr_cv"
[1] "Lrnr_ranger_500_TRUE_none_1_10"         
[2] "Lrnr_earth_2_3_backward_0_1_0_0"        
[3] "Lrnr_gam_NULL_NULL_GCV.Cp"              
[4] "Lrnr_glmnet_NULL_deviance_10_1_100_TRUE"
[5] "Lrnr_xgboost_20_1_15_1_0.2"             
[6] "Lrnr_xgboost_20_1_15_2_0.2"             
[7] "Lrnr_xgboost_20_1_15_3_0.2"             
[8] "Lrnr_xgboost_20_1_15_4_0.2"             
[9] "Lrnr_xgboost_20_1_15_5_0.2"             
[1] "Lrnr_cv_selector_NULL"
[1] "Lrnr_cv"
[1] "Lrnr_ranger_500_TRUE_none_1_10"         
[2] "Lrnr_earth_2_3_backward_0_1_0_0"        
[3] "Lrnr_gam_NULL_NULL_GCV.Cp"              
[4] "Lrnr_glmnet_NULL_deviance_10_1_100_TRUE"
[5] "Lrnr_xgboost_20_1_15_1_0.2"             
[6] "Lrnr_xgboost_20_1_15_2_0.2"             
[7] "Lrnr_xgboost_20_1_15_3_0.2"             
[8] "Lrnr_xgboost_20_1_15_4_0.2"             
[9] "Lrnr_xgboost_20_1_15_5_0.2"             
[1] "Lrnr_cv_selector_NULL"
         Lrnr_ranger_500_TRUE_none_1_10         Lrnr_earth_2_3_backward_0_1_0_0 
                             0.04650005                              0.04790754 
              Lrnr_gam_NULL_NULL_GCV.Cp Lrnr_glmnet_NULL_deviance_10_1_100_TRUE 
                             0.04628008                              0.04556644 
             Lrnr_xgboost_20_1_15_1_0.2              Lrnr_xgboost_20_1_15_2_0.2 
                             0.04678746                              0.04646904 
             Lrnr_xgboost_20_1_15_3_0.2              Lrnr_xgboost_20_1_15_4_0.2 
                             0.04616453                              0.04596239 
             Lrnr_xgboost_20_1_15_5_0.2 
                             0.04589517 
[1] "done"
[1] "Lrnr_cv"
[1] "Lrnr_mean"
[1] "Lrnr_cv"
[1] "Lrnr_mean"
NULL
[1] "done"
[1] "all"
[1] "iter: 21"
[1] "Lrnr_cv"
[1] "Lrnr_ranger_500_TRUE_none_1_10"         
[2] "Lrnr_earth_2_3_backward_0_1_0_0"        
[3] "Lrnr_gam_NULL_NULL_GCV.Cp"              
[4] "Lrnr_glmnet_NULL_deviance_10_1_100_TRUE"
[5] "Lrnr_xgboost_20_1_15_1_0.2"             
[6] "Lrnr_xgboost_20_1_15_2_0.2"             
[7] "Lrnr_xgboost_20_1_15_3_0.2"             
[8] "Lrnr_xgboost_20_1_15_4_0.2"             
[9] "Lrnr_xgboost_20_1_15_5_0.2"             
[1] "Lrnr_cv_selector_NULL"
[1] "Lrnr_cv"
[1] "Lrnr_ranger_500_TRUE_none_1_10"         
[2] "Lrnr_earth_2_3_backward_0_1_0_0"        
[3] "Lrnr_gam_NULL_NULL_GCV.Cp"              
[4] "Lrnr_glmnet_NULL_deviance_10_1_100_TRUE"
[5] "Lrnr_xgboost_20_1_15_1_0.2"             
[6] "Lrnr_xgboost_20_1_15_2_0.2"             
[7] "Lrnr_xgboost_20_1_15_3_0.2"             
[8] "Lrnr_xgboost_20_1_15_4_0.2"             
[9] "Lrnr_xgboost_20_1_15_5_0.2"             
[1] "Lrnr_cv_selector_NULL"
         Lrnr_ranger_500_TRUE_none_1_10         Lrnr_earth_2_3_backward_0_1_0_0 
                             0.04849116                              0.05054847 
              Lrnr_gam_NULL_NULL_GCV.Cp Lrnr_glmnet_NULL_deviance_10_1_100_TRUE 
                             0.04875689                              0.04841114 
             Lrnr_xgboost_20_1_15_1_0.2              Lrnr_xgboost_20_1_15_2_0.2 
                             0.04858764                              0.04842153 
             Lrnr_xgboost_20_1_15_3_0.2              Lrnr_xgboost_20_1_15_4_0.2 
                             0.04864394                              0.04911929 
             Lrnr_xgboost_20_1_15_5_0.2 
                             0.04924328 
[1] "done"
[1] "Lrnr_cv"
[1] "Lrnr_mean"
[1] "Lrnr_cv"
[1] "Lrnr_mean"
NULL
[1] "done"
[1] "all"
[1] "iter: 22"
[1] "Lrnr_cv"
[1] "Lrnr_ranger_500_TRUE_none_1_10"         
[2] "Lrnr_earth_2_3_backward_0_1_0_0"        
[3] "Lrnr_gam_NULL_NULL_GCV.Cp"              
[4] "Lrnr_glmnet_NULL_deviance_10_1_100_TRUE"
[5] "Lrnr_xgboost_20_1_15_1_0.2"             
[6] "Lrnr_xgboost_20_1_15_2_0.2"             
[7] "Lrnr_xgboost_20_1_15_3_0.2"             
[8] "Lrnr_xgboost_20_1_15_4_0.2"             
[9] "Lrnr_xgboost_20_1_15_5_0.2"             
[1] "Lrnr_cv_selector_NULL"
[1] "Lrnr_cv"
[1] "Lrnr_ranger_500_TRUE_none_1_10"         
[2] "Lrnr_earth_2_3_backward_0_1_0_0"        
[3] "Lrnr_gam_NULL_NULL_GCV.Cp"              
[4] "Lrnr_glmnet_NULL_deviance_10_1_100_TRUE"
[5] "Lrnr_xgboost_20_1_15_1_0.2"             
[6] "Lrnr_xgboost_20_1_15_2_0.2"             
[7] "Lrnr_xgboost_20_1_15_3_0.2"             
[8] "Lrnr_xgboost_20_1_15_4_0.2"             
[9] "Lrnr_xgboost_20_1_15_5_0.2"             
[1] "Lrnr_cv_selector_NULL"
         Lrnr_ranger_500_TRUE_none_1_10         Lrnr_earth_2_3_backward_0_1_0_0 
                             0.05411095                              0.05265896 
              Lrnr_gam_NULL_NULL_GCV.Cp Lrnr_glmnet_NULL_deviance_10_1_100_TRUE 
                             0.05064939                              0.05020416 
             Lrnr_xgboost_20_1_15_1_0.2              Lrnr_xgboost_20_1_15_2_0.2 
                             0.05038251                              0.05035803 
             Lrnr_xgboost_20_1_15_3_0.2              Lrnr_xgboost_20_1_15_4_0.2 
                             0.05101460                              0.05175220 
             Lrnr_xgboost_20_1_15_5_0.2 
                             0.05233831 
[1] "done"
[1] "Lrnr_cv"
[1] "Lrnr_mean"
[1] "Lrnr_cv"
[1] "Lrnr_mean"
NULL
[1] "done"
[1] "all"
[1] "iter: 23"
[1] "Lrnr_cv"
[1] "Lrnr_ranger_500_TRUE_none_1_10"         
[2] "Lrnr_earth_2_3_backward_0_1_0_0"        
[3] "Lrnr_gam_NULL_NULL_GCV.Cp"              
[4] "Lrnr_glmnet_NULL_deviance_10_1_100_TRUE"
[5] "Lrnr_xgboost_20_1_15_1_0.2"             
[6] "Lrnr_xgboost_20_1_15_2_0.2"             
[7] "Lrnr_xgboost_20_1_15_3_0.2"             
[8] "Lrnr_xgboost_20_1_15_4_0.2"             
[9] "Lrnr_xgboost_20_1_15_5_0.2"             
[1] "Lrnr_cv_selector_NULL"
[1] "Lrnr_cv"
[1] "Lrnr_ranger_500_TRUE_none_1_10"         
[2] "Lrnr_earth_2_3_backward_0_1_0_0"        
[3] "Lrnr_gam_NULL_NULL_GCV.Cp"              
[4] "Lrnr_glmnet_NULL_deviance_10_1_100_TRUE"
[5] "Lrnr_xgboost_20_1_15_1_0.2"             
[6] "Lrnr_xgboost_20_1_15_2_0.2"             
[7] "Lrnr_xgboost_20_1_15_3_0.2"             
[8] "Lrnr_xgboost_20_1_15_4_0.2"             
[9] "Lrnr_xgboost_20_1_15_5_0.2"             
[1] "Lrnr_cv_selector_NULL"
         Lrnr_ranger_500_TRUE_none_1_10         Lrnr_earth_2_3_backward_0_1_0_0 
                             0.04752139                              0.05016253 
              Lrnr_gam_NULL_NULL_GCV.Cp Lrnr_glmnet_NULL_deviance_10_1_100_TRUE 
                             0.04672780                              0.04638055 
             Lrnr_xgboost_20_1_15_1_0.2              Lrnr_xgboost_20_1_15_2_0.2 
                             0.04687695                              0.04700781 
             Lrnr_xgboost_20_1_15_3_0.2              Lrnr_xgboost_20_1_15_4_0.2 
                             0.04719205                              0.04770262 
             Lrnr_xgboost_20_1_15_5_0.2 
                             0.04790221 
[1] "done"
[1] "Lrnr_cv"
[1] "Lrnr_mean"
[1] "Lrnr_cv"
[1] "Lrnr_mean"
NULL
[1] "done"
[1] "all"
