LOADING R
R LOADED
[1] "/home/lvanderl/Rlibs2"                         
[2] "/app/software/R/4.3.1-gfbf-2022b/lib/R/library"
[1] "/home/lvanderl/sieveSims"
[1] "lalonde_cps"
[1] "iter: 0"
[1] "Lrnr_cv"
[1] "Lrnr_ranger_500_TRUE_none_1_10"         
[2] "Lrnr_earth_2_3_backward_0_1_0_0"        
[3] "Lrnr_gam_NULL_NULL_GCV.Cp"              
[4] "Lrnr_glmnet_NULL_deviance_10_1_100_TRUE"
[5] "Lrnr_xgboost_20_1_15_1_0.2"             
[6] "Lrnr_xgboost_20_1_15_2_0.2"             
[7] "Lrnr_xgboost_20_1_15_3_0.2"             
[8] "Lrnr_xgboost_20_1_15_4_0.2"             
[9] "Lrnr_xgboost_20_1_15_5_0.2"             
[1] "Lrnr_cv_selector_NULL"
[1] "Lrnr_cv"
[1] "Lrnr_ranger_500_TRUE_none_1_10"         
[2] "Lrnr_earth_2_3_backward_0_1_0_0"        
[3] "Lrnr_gam_NULL_NULL_GCV.Cp"              
[4] "Lrnr_glmnet_NULL_deviance_10_1_100_TRUE"
[5] "Lrnr_xgboost_20_1_15_1_0.2"             
[6] "Lrnr_xgboost_20_1_15_2_0.2"             
[7] "Lrnr_xgboost_20_1_15_3_0.2"             
[8] "Lrnr_xgboost_20_1_15_4_0.2"             
[9] "Lrnr_xgboost_20_1_15_5_0.2"             
[1] "Lrnr_cv_selector_NULL"
         Lrnr_ranger_500_TRUE_none_1_10         Lrnr_earth_2_3_backward_0_1_0_0 
                            0.007045300                             0.006979608 
              Lrnr_gam_NULL_NULL_GCV.Cp Lrnr_glmnet_NULL_deviance_10_1_100_TRUE 
                            0.006950040                             0.007271706 
             Lrnr_xgboost_20_1_15_1_0.2              Lrnr_xgboost_20_1_15_2_0.2 
                            0.009121246                             0.007547811 
             Lrnr_xgboost_20_1_15_3_0.2              Lrnr_xgboost_20_1_15_4_0.2 
                            0.007275965                             0.007173476 
             Lrnr_xgboost_20_1_15_5_0.2 
                            0.007209816 
[1] "done"
[1] "Lrnr_cv"
[1] "Lrnr_mean"
[1] "Lrnr_cv"
[1] "Lrnr_mean"
NULL
[1] "done"
[1] "all"
[1] "iter: 1"
[1] "Lrnr_cv"
[1] "Lrnr_ranger_500_TRUE_none_1_10"         
[2] "Lrnr_earth_2_3_backward_0_1_0_0"        
[3] "Lrnr_gam_NULL_NULL_GCV.Cp"              
[4] "Lrnr_glmnet_NULL_deviance_10_1_100_TRUE"
[5] "Lrnr_xgboost_20_1_15_1_0.2"             
[6] "Lrnr_xgboost_20_1_15_2_0.2"             
[7] "Lrnr_xgboost_20_1_15_3_0.2"             
[8] "Lrnr_xgboost_20_1_15_4_0.2"             
[9] "Lrnr_xgboost_20_1_15_5_0.2"             
[1] "Lrnr_cv_selector_NULL"
[1] "Lrnr_cv"
[1] "Lrnr_ranger_500_TRUE_none_1_10"         
[2] "Lrnr_earth_2_3_backward_0_1_0_0"        
[3] "Lrnr_gam_NULL_NULL_GCV.Cp"              
[4] "Lrnr_glmnet_NULL_deviance_10_1_100_TRUE"
[5] "Lrnr_xgboost_20_1_15_1_0.2"             
[6] "Lrnr_xgboost_20_1_15_2_0.2"             
[7] "Lrnr_xgboost_20_1_15_3_0.2"             
[8] "Lrnr_xgboost_20_1_15_4_0.2"             
[9] "Lrnr_xgboost_20_1_15_5_0.2"             
[1] "Lrnr_cv_selector_NULL"
         Lrnr_ranger_500_TRUE_none_1_10         Lrnr_earth_2_3_backward_0_1_0_0 
                            0.007488512                             0.007667375 
              Lrnr_gam_NULL_NULL_GCV.Cp Lrnr_glmnet_NULL_deviance_10_1_100_TRUE 
                            0.007243547                             0.007512749 
             Lrnr_xgboost_20_1_15_1_0.2              Lrnr_xgboost_20_1_15_2_0.2 
                            0.009179828                             0.007903315 
             Lrnr_xgboost_20_1_15_3_0.2              Lrnr_xgboost_20_1_15_4_0.2 
                            0.007625611                             0.007550309 
             Lrnr_xgboost_20_1_15_5_0.2 
                            0.007621723 
[1] "done"
[1] "Lrnr_cv"
[1] "Lrnr_mean"
[1] "Lrnr_cv"
[1] "Lrnr_mean"
NULL
[1] "done"
[1] "all"
[1] "iter: 2"
[1] "Lrnr_cv"
[1] "Lrnr_ranger_500_TRUE_none_1_10"         
[2] "Lrnr_earth_2_3_backward_0_1_0_0"        
[3] "Lrnr_gam_NULL_NULL_GCV.Cp"              
[4] "Lrnr_glmnet_NULL_deviance_10_1_100_TRUE"
[5] "Lrnr_xgboost_20_1_15_1_0.2"             
[6] "Lrnr_xgboost_20_1_15_2_0.2"             
[7] "Lrnr_xgboost_20_1_15_3_0.2"             
[8] "Lrnr_xgboost_20_1_15_4_0.2"             
[9] "Lrnr_xgboost_20_1_15_5_0.2"             
[1] "Lrnr_cv_selector_NULL"
[1] "Lrnr_cv"
[1] "Lrnr_ranger_500_TRUE_none_1_10"         
[2] "Lrnr_earth_2_3_backward_0_1_0_0"        
[3] "Lrnr_gam_NULL_NULL_GCV.Cp"              
[4] "Lrnr_glmnet_NULL_deviance_10_1_100_TRUE"
[5] "Lrnr_xgboost_20_1_15_1_0.2"             
[6] "Lrnr_xgboost_20_1_15_2_0.2"             
[7] "Lrnr_xgboost_20_1_15_3_0.2"             
[8] "Lrnr_xgboost_20_1_15_4_0.2"             
[9] "Lrnr_xgboost_20_1_15_5_0.2"             
[1] "Lrnr_cv_selector_NULL"
         Lrnr_ranger_500_TRUE_none_1_10         Lrnr_earth_2_3_backward_0_1_0_0 
                            0.006703066                             0.006534525 
              Lrnr_gam_NULL_NULL_GCV.Cp Lrnr_glmnet_NULL_deviance_10_1_100_TRUE 
                            0.006628242                             0.006991745 
             Lrnr_xgboost_20_1_15_1_0.2              Lrnr_xgboost_20_1_15_2_0.2 
                            0.008459732                             0.007326227 
             Lrnr_xgboost_20_1_15_3_0.2              Lrnr_xgboost_20_1_15_4_0.2 
                            0.006979398                             0.006758804 
             Lrnr_xgboost_20_1_15_5_0.2 
                            0.006752299 
[1] "done"
[1] "Lrnr_cv"
[1] "Lrnr_mean"
[1] "Lrnr_cv"
[1] "Lrnr_mean"
NULL
[1] "done"
[1] "all"
[1] "iter: 3"
[1] "Lrnr_cv"
[1] "Lrnr_ranger_500_TRUE_none_1_10"         
[2] "Lrnr_earth_2_3_backward_0_1_0_0"        
[3] "Lrnr_gam_NULL_NULL_GCV.Cp"              
[4] "Lrnr_glmnet_NULL_deviance_10_1_100_TRUE"
[5] "Lrnr_xgboost_20_1_15_1_0.2"             
[6] "Lrnr_xgboost_20_1_15_2_0.2"             
[7] "Lrnr_xgboost_20_1_15_3_0.2"             
[8] "Lrnr_xgboost_20_1_15_4_0.2"             
[9] "Lrnr_xgboost_20_1_15_5_0.2"             
[1] "Lrnr_cv_selector_NULL"
[1] "Lrnr_cv"
[1] "Lrnr_ranger_500_TRUE_none_1_10"         
[2] "Lrnr_earth_2_3_backward_0_1_0_0"        
[3] "Lrnr_gam_NULL_NULL_GCV.Cp"              
[4] "Lrnr_glmnet_NULL_deviance_10_1_100_TRUE"
[5] "Lrnr_xgboost_20_1_15_1_0.2"             
[6] "Lrnr_xgboost_20_1_15_2_0.2"             
[7] "Lrnr_xgboost_20_1_15_3_0.2"             
[8] "Lrnr_xgboost_20_1_15_4_0.2"             
[9] "Lrnr_xgboost_20_1_15_5_0.2"             
[1] "Lrnr_cv_selector_NULL"
         Lrnr_ranger_500_TRUE_none_1_10         Lrnr_earth_2_3_backward_0_1_0_0 
                            0.007756699                             0.007690903 
              Lrnr_gam_NULL_NULL_GCV.Cp Lrnr_glmnet_NULL_deviance_10_1_100_TRUE 
                            0.007639013                             0.008052583 
             Lrnr_xgboost_20_1_15_1_0.2              Lrnr_xgboost_20_1_15_2_0.2 
                            0.009430297                             0.008396027 
             Lrnr_xgboost_20_1_15_3_0.2              Lrnr_xgboost_20_1_15_4_0.2 
                            0.008061136                             0.007882452 
             Lrnr_xgboost_20_1_15_5_0.2 
                            0.007833142 
[1] "done"
[1] "Lrnr_cv"
[1] "Lrnr_mean"
[1] "Lrnr_cv"
[1] "Lrnr_mean"
NULL
[1] "done"
[1] "all"
[1] "iter: 4"
[1] "Lrnr_cv"
[1] "Lrnr_ranger_500_TRUE_none_1_10"         
[2] "Lrnr_earth_2_3_backward_0_1_0_0"        
[3] "Lrnr_gam_NULL_NULL_GCV.Cp"              
[4] "Lrnr_glmnet_NULL_deviance_10_1_100_TRUE"
[5] "Lrnr_xgboost_20_1_15_1_0.2"             
[6] "Lrnr_xgboost_20_1_15_2_0.2"             
[7] "Lrnr_xgboost_20_1_15_3_0.2"             
[8] "Lrnr_xgboost_20_1_15_4_0.2"             
[9] "Lrnr_xgboost_20_1_15_5_0.2"             
[1] "Lrnr_cv_selector_NULL"
[1] "Lrnr_cv"
[1] "Lrnr_ranger_500_TRUE_none_1_10"         
[2] "Lrnr_earth_2_3_backward_0_1_0_0"        
[3] "Lrnr_gam_NULL_NULL_GCV.Cp"              
[4] "Lrnr_glmnet_NULL_deviance_10_1_100_TRUE"
[5] "Lrnr_xgboost_20_1_15_1_0.2"             
[6] "Lrnr_xgboost_20_1_15_2_0.2"             
[7] "Lrnr_xgboost_20_1_15_3_0.2"             
[8] "Lrnr_xgboost_20_1_15_4_0.2"             
[9] "Lrnr_xgboost_20_1_15_5_0.2"             
[1] "Lrnr_cv_selector_NULL"
         Lrnr_ranger_500_TRUE_none_1_10         Lrnr_earth_2_3_backward_0_1_0_0 
                            0.006019619                             0.005824286 
              Lrnr_gam_NULL_NULL_GCV.Cp Lrnr_glmnet_NULL_deviance_10_1_100_TRUE 
                            0.006027529                             0.006488038 
             Lrnr_xgboost_20_1_15_1_0.2              Lrnr_xgboost_20_1_15_2_0.2 
                            0.007934132                             0.006748063 
             Lrnr_xgboost_20_1_15_3_0.2              Lrnr_xgboost_20_1_15_4_0.2 
                            0.006394009                             0.006156873 
             Lrnr_xgboost_20_1_15_5_0.2 
                            0.006139402 
[1] "done"
[1] "Lrnr_cv"
[1] "Lrnr_mean"
[1] "Lrnr_cv"
[1] "Lrnr_mean"
NULL
[1] "done"
[1] "all"
[1] "iter: 5"
[1] "Lrnr_cv"
[1] "Lrnr_ranger_500_TRUE_none_1_10"         
[2] "Lrnr_earth_2_3_backward_0_1_0_0"        
[3] "Lrnr_gam_NULL_NULL_GCV.Cp"              
[4] "Lrnr_glmnet_NULL_deviance_10_1_100_TRUE"
[5] "Lrnr_xgboost_20_1_15_1_0.2"             
[6] "Lrnr_xgboost_20_1_15_2_0.2"             
[7] "Lrnr_xgboost_20_1_15_3_0.2"             
[8] "Lrnr_xgboost_20_1_15_4_0.2"             
[9] "Lrnr_xgboost_20_1_15_5_0.2"             
[1] "Lrnr_cv_selector_NULL"
[1] "Lrnr_cv"
[1] "Lrnr_ranger_500_TRUE_none_1_10"         
[2] "Lrnr_earth_2_3_backward_0_1_0_0"        
[3] "Lrnr_gam_NULL_NULL_GCV.Cp"              
[4] "Lrnr_glmnet_NULL_deviance_10_1_100_TRUE"
[5] "Lrnr_xgboost_20_1_15_1_0.2"             
[6] "Lrnr_xgboost_20_1_15_2_0.2"             
[7] "Lrnr_xgboost_20_1_15_3_0.2"             
[8] "Lrnr_xgboost_20_1_15_4_0.2"             
[9] "Lrnr_xgboost_20_1_15_5_0.2"             
[1] "Lrnr_cv_selector_NULL"
         Lrnr_ranger_500_TRUE_none_1_10         Lrnr_earth_2_3_backward_0_1_0_0 
                            0.006842504                             0.006786674 
              Lrnr_gam_NULL_NULL_GCV.Cp Lrnr_glmnet_NULL_deviance_10_1_100_TRUE 
                            0.006712658                             0.007061396 
             Lrnr_xgboost_20_1_15_1_0.2              Lrnr_xgboost_20_1_15_2_0.2 
                            0.008592533                             0.007338754 
             Lrnr_xgboost_20_1_15_3_0.2              Lrnr_xgboost_20_1_15_4_0.2 
                            0.007048036                             0.006973817 
             Lrnr_xgboost_20_1_15_5_0.2 
                            0.006926787 
[1] "done"
[1] "Lrnr_cv"
[1] "Lrnr_mean"
[1] "Lrnr_cv"
[1] "Lrnr_mean"
NULL
[1] "done"
[1] "all"
[1] "iter: 6"
[1] "Lrnr_cv"
[1] "Lrnr_ranger_500_TRUE_none_1_10"         
[2] "Lrnr_earth_2_3_backward_0_1_0_0"        
[3] "Lrnr_gam_NULL_NULL_GCV.Cp"              
[4] "Lrnr_glmnet_NULL_deviance_10_1_100_TRUE"
[5] "Lrnr_xgboost_20_1_15_1_0.2"             
[6] "Lrnr_xgboost_20_1_15_2_0.2"             
[7] "Lrnr_xgboost_20_1_15_3_0.2"             
[8] "Lrnr_xgboost_20_1_15_4_0.2"             
[9] "Lrnr_xgboost_20_1_15_5_0.2"             
[1] "Lrnr_cv_selector_NULL"
[1] "Lrnr_cv"
[1] "Lrnr_ranger_500_TRUE_none_1_10"         
[2] "Lrnr_earth_2_3_backward_0_1_0_0"        
[3] "Lrnr_gam_NULL_NULL_GCV.Cp"              
[4] "Lrnr_glmnet_NULL_deviance_10_1_100_TRUE"
[5] "Lrnr_xgboost_20_1_15_1_0.2"             
[6] "Lrnr_xgboost_20_1_15_2_0.2"             
[7] "Lrnr_xgboost_20_1_15_3_0.2"             
[8] "Lrnr_xgboost_20_1_15_4_0.2"             
[9] "Lrnr_xgboost_20_1_15_5_0.2"             
[1] "Lrnr_cv_selector_NULL"
         Lrnr_ranger_500_TRUE_none_1_10         Lrnr_earth_2_3_backward_0_1_0_0 
                            0.007252250                             0.007209896 
              Lrnr_gam_NULL_NULL_GCV.Cp Lrnr_glmnet_NULL_deviance_10_1_100_TRUE 
                            0.007166144                             0.007684657 
             Lrnr_xgboost_20_1_15_1_0.2              Lrnr_xgboost_20_1_15_2_0.2 
                            0.008866180                             0.007863716 
             Lrnr_xgboost_20_1_15_3_0.2              Lrnr_xgboost_20_1_15_4_0.2 
                            0.007533047                             0.007334489 
             Lrnr_xgboost_20_1_15_5_0.2 
                            0.007293547 
[1] "done"
[1] "Lrnr_cv"
[1] "Lrnr_mean"
[1] "Lrnr_cv"
[1] "Lrnr_mean"
NULL
[1] "done"
[1] "all"
[1] "iter: 7"
[1] "Lrnr_cv"
[1] "Lrnr_ranger_500_TRUE_none_1_10"         
[2] "Lrnr_earth_2_3_backward_0_1_0_0"        
[3] "Lrnr_gam_NULL_NULL_GCV.Cp"              
[4] "Lrnr_glmnet_NULL_deviance_10_1_100_TRUE"
[5] "Lrnr_xgboost_20_1_15_1_0.2"             
[6] "Lrnr_xgboost_20_1_15_2_0.2"             
[7] "Lrnr_xgboost_20_1_15_3_0.2"             
[8] "Lrnr_xgboost_20_1_15_4_0.2"             
[9] "Lrnr_xgboost_20_1_15_5_0.2"             
[1] "Lrnr_cv_selector_NULL"
[1] "Lrnr_cv"
[1] "Lrnr_ranger_500_TRUE_none_1_10"         
[2] "Lrnr_earth_2_3_backward_0_1_0_0"        
[3] "Lrnr_gam_NULL_NULL_GCV.Cp"              
[4] "Lrnr_glmnet_NULL_deviance_10_1_100_TRUE"
[5] "Lrnr_xgboost_20_1_15_1_0.2"             
[6] "Lrnr_xgboost_20_1_15_2_0.2"             
[7] "Lrnr_xgboost_20_1_15_3_0.2"             
[8] "Lrnr_xgboost_20_1_15_4_0.2"             
[9] "Lrnr_xgboost_20_1_15_5_0.2"             
[1] "Lrnr_cv_selector_NULL"
