LOADING R
R LOADED
[1] "/home/lvanderl/Rlibs2"                         
[2] "/app/software/R/4.3.1-gfbf-2022b/lib/R/library"
[1] "/home/lvanderl/sieveSims"
[1] "iter: 1"
[1] "Lrnr_cv"
[1] "Lrnr_earth_1_3_cv_5_1_0_0_binomial_100"
[1] "Lrnr_cv_selector_NULL"
predictions 
  0.1966025 
predictions 
  0.1526383 
[1] "done"
[1] "Lrnr_cv"
[1] "Lrnr_gam_Y~s(W1, k = 40, bs='bs',m=c(1,1)) + s(W2, k = 40, bs='bs',m=c(1,1)) + s(W3, k = 40, bs='bs',m=c(1,1))_binomial_GCV.Cp"
[1] "Lrnr_cv_selector_NULL"
predictions 
  0.1947708 
predictions 
  0.1520592 
[1] "done"
[1] "Lrnr_cv"
[1] "Lrnr_xgboost_10_1_10_5_0.2" "Lrnr_xgboost_10_1_10_2_0.2"
[3] "Lrnr_xgboost_10_1_10_3_0.2" "Lrnr_xgboost_10_1_10_4_0.2"
[5] "Lrnr_xgboost_20_1_10_5_0.2" "Lrnr_xgboost_20_1_10_2_0.2"
[7] "Lrnr_xgboost_20_1_10_3_0.2" "Lrnr_xgboost_20_1_10_4_0.2"
[1] "Lrnr_cv_selector_NULL"
Lrnr_xgboost_10_1_10_5_0.2 Lrnr_xgboost_10_1_10_2_0.2 
                 0.2007384                  0.2027373 
Lrnr_xgboost_10_1_10_3_0.2 Lrnr_xgboost_10_1_10_4_0.2 
                 0.1986350                  0.2001845 
Lrnr_xgboost_20_1_10_5_0.2 Lrnr_xgboost_20_1_10_2_0.2 
                 0.2023253                  0.1970024 
Lrnr_xgboost_20_1_10_3_0.2 Lrnr_xgboost_20_1_10_4_0.2 
                 0.1971193                  0.2003927 
Lrnr_xgboost_10_1_10_5_0.2 Lrnr_xgboost_10_1_10_2_0.2 
                 0.1599735                  0.1632375 
Lrnr_xgboost_10_1_10_3_0.2 Lrnr_xgboost_10_1_10_4_0.2 
                 0.1577829                  0.1583131 
Lrnr_xgboost_20_1_10_5_0.2 Lrnr_xgboost_20_1_10_2_0.2 
                 0.1586070                  0.1564925 
Lrnr_xgboost_20_1_10_3_0.2 Lrnr_xgboost_20_1_10_4_0.2 
                 0.1547425                  0.1567474 
[1] "done"
[1] "Lrnr_cv"
[1] "Lrnr_ranger_500_TRUE_none_1_8_10"
[1] "Lrnr_cv_selector_NULL"
predictions 
  0.2004098 
predictions 
  0.1575743 
[1] "done"
[1] "Lrnr_cv"
[1] "Lrnr_glmnet_NULL_deviance_10_1_100_TRUE"
[2] "Lrnr_gam_NULL_NULL_GCV.Cp"              
[3] "Lrnr_earth_2_3_backward_0_1_0_0"        
[4] "Lrnr_ranger_500_TRUE_none_1_10_5"       
[5] "Lrnr_xgboost_15_1_15_5_0.2"             
[6] "Lrnr_xgboost_15_1_15_2_0.2"             
[7] "Lrnr_xgboost_15_1_15_3_0.2"             
[8] "Lrnr_xgboost_15_1_15_4_0.2"             
[1] "Lrnr_cv_selector_NULL"
Lrnr_glmnet_NULL_deviance_10_1_100_TRUE               Lrnr_gam_NULL_NULL_GCV.Cp 
                              0.2159513                               0.1940330 
        Lrnr_earth_2_3_backward_0_1_0_0        Lrnr_ranger_500_TRUE_none_1_10_5 
                              0.1971388                               0.2030133 
             Lrnr_xgboost_15_1_15_5_0.2              Lrnr_xgboost_15_1_15_2_0.2 
                              0.1994481                               0.1991703 
             Lrnr_xgboost_15_1_15_3_0.2              Lrnr_xgboost_15_1_15_4_0.2 
                              0.1981180                               0.1985907 
Lrnr_glmnet_NULL_deviance_10_1_100_TRUE               Lrnr_gam_NULL_NULL_GCV.Cp 
                              0.1738245                               0.1508883 
        Lrnr_earth_2_3_backward_0_1_0_0        Lrnr_ranger_500_TRUE_none_1_10_5 
                              0.1542649                               0.1599793 
             Lrnr_xgboost_15_1_15_5_0.2              Lrnr_xgboost_15_1_15_2_0.2 
                              0.1565257                               0.1586799 
             Lrnr_xgboost_15_1_15_3_0.2              Lrnr_xgboost_15_1_15_4_0.2 
                              0.1560564                               0.1561727 
[1] "done"
[1] "Lrnr_cv"
[1] "Lrnr_mean"
NULL
NULL
[1] "done"
[1] "earth"
[1] "gam_1"
[1] "xgboost"
[1] "rf"
[1] "all"
[1] "iter: 2"
[1] "Lrnr_cv"
[1] "Lrnr_earth_1_3_cv_5_1_0_0_binomial_100"
[1] "Lrnr_cv_selector_NULL"
predictions 
  0.1988181 
predictions 
   0.150125 
[1] "done"
[1] "Lrnr_cv"
[1] "Lrnr_gam_Y~s(W1, k = 40, bs='bs',m=c(1,1)) + s(W2, k = 40, bs='bs',m=c(1,1)) + s(W3, k = 40, bs='bs',m=c(1,1))_binomial_GCV.Cp"
[1] "Lrnr_cv_selector_NULL"
predictions 
  0.1968763 
predictions 
  0.1481897 
[1] "done"
[1] "Lrnr_cv"
[1] "Lrnr_xgboost_10_1_10_5_0.2" "Lrnr_xgboost_10_1_10_2_0.2"
[3] "Lrnr_xgboost_10_1_10_3_0.2" "Lrnr_xgboost_10_1_10_4_0.2"
[5] "Lrnr_xgboost_20_1_10_5_0.2" "Lrnr_xgboost_20_1_10_2_0.2"
[7] "Lrnr_xgboost_20_1_10_3_0.2" "Lrnr_xgboost_20_1_10_4_0.2"
[1] "Lrnr_cv_selector_NULL"
Lrnr_xgboost_10_1_10_5_0.2 Lrnr_xgboost_10_1_10_2_0.2 
                 0.2021527                  0.2028676 
Lrnr_xgboost_10_1_10_3_0.2 Lrnr_xgboost_10_1_10_4_0.2 
                 0.2009133                  0.2015143 
Lrnr_xgboost_20_1_10_5_0.2 Lrnr_xgboost_20_1_10_2_0.2 
                 0.2047571                  0.1999020 
Lrnr_xgboost_20_1_10_3_0.2 Lrnr_xgboost_20_1_10_4_0.2 
                 0.2010893                  0.2024655 
Lrnr_xgboost_10_1_10_5_0.2 Lrnr_xgboost_10_1_10_2_0.2 
                 0.1571749                  0.1614445 
Lrnr_xgboost_10_1_10_3_0.2 Lrnr_xgboost_10_1_10_4_0.2 
                 0.1567437                  0.1561211 
Lrnr_xgboost_20_1_10_5_0.2 Lrnr_xgboost_20_1_10_2_0.2 
                 0.1556766                  0.1543567 
Lrnr_xgboost_20_1_10_3_0.2 Lrnr_xgboost_20_1_10_4_0.2 
                 0.1532789                  0.1539395 
[1] "done"
[1] "Lrnr_cv"
[1] "Lrnr_ranger_500_TRUE_none_1_8_10"
[1] "Lrnr_cv_selector_NULL"
predictions 
  0.2026374 
predictions 
  0.1546223 
[1] "done"
[1] "Lrnr_cv"
[1] "Lrnr_glmnet_NULL_deviance_10_1_100_TRUE"
[2] "Lrnr_gam_NULL_NULL_GCV.Cp"              
[3] "Lrnr_earth_2_3_backward_0_1_0_0"        
[4] "Lrnr_ranger_500_TRUE_none_1_10_5"       
[5] "Lrnr_xgboost_15_1_15_5_0.2"             
[6] "Lrnr_xgboost_15_1_15_2_0.2"             
[7] "Lrnr_xgboost_15_1_15_3_0.2"             
[8] "Lrnr_xgboost_15_1_15_4_0.2"             
[1] "Lrnr_cv_selector_NULL"
Lrnr_glmnet_NULL_deviance_10_1_100_TRUE               Lrnr_gam_NULL_NULL_GCV.Cp 
                              0.2129202                               0.1972162 
        Lrnr_earth_2_3_backward_0_1_0_0        Lrnr_ranger_500_TRUE_none_1_10_5 
                              0.2000351                               0.2062909 
             Lrnr_xgboost_15_1_15_5_0.2              Lrnr_xgboost_15_1_15_2_0.2 
                              0.2034758                               0.2005729 
             Lrnr_xgboost_15_1_15_3_0.2              Lrnr_xgboost_15_1_15_4_0.2 
                              0.1994853                               0.1999948 
Lrnr_glmnet_NULL_deviance_10_1_100_TRUE               Lrnr_gam_NULL_NULL_GCV.Cp 
                              0.1734513                               0.1468580 
        Lrnr_earth_2_3_backward_0_1_0_0        Lrnr_ranger_500_TRUE_none_1_10_5 
                              0.1524444                               0.1569076 
             Lrnr_xgboost_15_1_15_5_0.2              Lrnr_xgboost_15_1_15_2_0.2 
                              0.1535331                               0.1572870 
             Lrnr_xgboost_15_1_15_3_0.2              Lrnr_xgboost_15_1_15_4_0.2 
                              0.1538832                               0.1535071 
[1] "done"
[1] "Lrnr_cv"
[1] "Lrnr_mean"
NULL
NULL
[1] "done"
[1] "earth"
[1] "gam_1"
[1] "xgboost"
[1] "rf"
[1] "all"
[1] "iter: 3"
[1] "Lrnr_cv"
[1] "Lrnr_earth_1_3_cv_5_1_0_0_binomial_100"
[1] "Lrnr_cv_selector_NULL"
predictions 
  0.1880537 
predictions 
   0.174841 
[1] "done"
[1] "Lrnr_cv"
[1] "Lrnr_gam_Y~s(W1, k = 40, bs='bs',m=c(1,1)) + s(W2, k = 40, bs='bs',m=c(1,1)) + s(W3, k = 40, bs='bs',m=c(1,1))_binomial_GCV.Cp"
[1] "Lrnr_cv_selector_NULL"
predictions 
  0.1879509 
predictions 
  0.1717212 
[1] "done"
[1] "Lrnr_cv"
[1] "Lrnr_xgboost_10_1_10_5_0.2" "Lrnr_xgboost_10_1_10_2_0.2"
[3] "Lrnr_xgboost_10_1_10_3_0.2" "Lrnr_xgboost_10_1_10_4_0.2"
[5] "Lrnr_xgboost_20_1_10_5_0.2" "Lrnr_xgboost_20_1_10_2_0.2"
[7] "Lrnr_xgboost_20_1_10_3_0.2" "Lrnr_xgboost_20_1_10_4_0.2"
[1] "Lrnr_cv_selector_NULL"
Lrnr_xgboost_10_1_10_5_0.2 Lrnr_xgboost_10_1_10_2_0.2 
                 0.1936796                  0.1976991 
Lrnr_xgboost_10_1_10_3_0.2 Lrnr_xgboost_10_1_10_4_0.2 
                 0.1949107                  0.1934407 
Lrnr_xgboost_20_1_10_5_0.2 Lrnr_xgboost_20_1_10_2_0.2 
                 0.1950330                  0.1926424 
Lrnr_xgboost_20_1_10_3_0.2 Lrnr_xgboost_20_1_10_4_0.2 
                 0.1930659                  0.1937482 
Lrnr_xgboost_10_1_10_5_0.2 Lrnr_xgboost_10_1_10_2_0.2 
                 0.1769511                  0.1810752 
Lrnr_xgboost_10_1_10_3_0.2 Lrnr_xgboost_10_1_10_4_0.2 
                 0.1768772                  0.1779854 
Lrnr_xgboost_20_1_10_5_0.2 Lrnr_xgboost_20_1_10_2_0.2 
                 0.1790078                  0.1762845 
Lrnr_xgboost_20_1_10_3_0.2 Lrnr_xgboost_20_1_10_4_0.2 
                 0.1747525                  0.1786512 
[1] "done"
[1] "Lrnr_cv"
[1] "Lrnr_ranger_500_TRUE_none_1_8_10"
[1] "Lrnr_cv_selector_NULL"
predictions 
  0.1979052 
predictions 
  0.1807631 
[1] "done"
[1] "Lrnr_cv"
[1] "Lrnr_glmnet_NULL_deviance_10_1_100_TRUE"
[2] "Lrnr_gam_NULL_NULL_GCV.Cp"              
[3] "Lrnr_earth_2_3_backward_0_1_0_0"        
[4] "Lrnr_ranger_500_TRUE_none_1_10_5"       
[5] "Lrnr_xgboost_15_1_15_5_0.2"             
[6] "Lrnr_xgboost_15_1_15_2_0.2"             
[7] "Lrnr_xgboost_15_1_15_3_0.2"             
[8] "Lrnr_xgboost_15_1_15_4_0.2"             
[1] "Lrnr_cv_selector_NULL"
Lrnr_glmnet_NULL_deviance_10_1_100_TRUE               Lrnr_gam_NULL_NULL_GCV.Cp 
                              0.2136584                               0.1872315 
        Lrnr_earth_2_3_backward_0_1_0_0        Lrnr_ranger_500_TRUE_none_1_10_5 
                              0.1882682                               0.2019290 
             Lrnr_xgboost_15_1_15_5_0.2              Lrnr_xgboost_15_1_15_2_0.2 
                              0.1919841                               0.1943212 
             Lrnr_xgboost_15_1_15_3_0.2              Lrnr_xgboost_15_1_15_4_0.2 
                              0.1932817                               0.1921440 
Lrnr_glmnet_NULL_deviance_10_1_100_TRUE               Lrnr_gam_NULL_NULL_GCV.Cp 
                              0.1915343                               0.1712088 
        Lrnr_earth_2_3_backward_0_1_0_0        Lrnr_ranger_500_TRUE_none_1_10_5 
                              0.1770472                               0.1848656 
             Lrnr_xgboost_15_1_15_5_0.2              Lrnr_xgboost_15_1_15_2_0.2 
                              0.1762724                               0.1768110 
             Lrnr_xgboost_15_1_15_3_0.2              Lrnr_xgboost_15_1_15_4_0.2 
                              0.1756073                               0.1756371 
[1] "done"
[1] "Lrnr_cv"
[1] "Lrnr_mean"
NULL
NULL
[1] "done"
[1] "earth"
[1] "gam_1"
[1] "xgboost"
[1] "rf"
[1] "all"
[1] "iter: 4"
[1] "Lrnr_cv"
[1] "Lrnr_earth_1_3_cv_5_1_0_0_binomial_100"
[1] "Lrnr_cv_selector_NULL"
predictions 
  0.1848541 
predictions 
  0.1565177 
[1] "done"
[1] "Lrnr_cv"
[1] "Lrnr_gam_Y~s(W1, k = 40, bs='bs',m=c(1,1)) + s(W2, k = 40, bs='bs',m=c(1,1)) + s(W3, k = 40, bs='bs',m=c(1,1))_binomial_GCV.Cp"
[1] "Lrnr_cv_selector_NULL"
predictions 
  0.1827841 
predictions 
  0.1574946 
[1] "done"
[1] "Lrnr_cv"
[1] "Lrnr_xgboost_10_1_10_5_0.2" "Lrnr_xgboost_10_1_10_2_0.2"
[3] "Lrnr_xgboost_10_1_10_3_0.2" "Lrnr_xgboost_10_1_10_4_0.2"
[5] "Lrnr_xgboost_20_1_10_5_0.2" "Lrnr_xgboost_20_1_10_2_0.2"
[7] "Lrnr_xgboost_20_1_10_3_0.2" "Lrnr_xgboost_20_1_10_4_0.2"
[1] "Lrnr_cv_selector_NULL"
Lrnr_xgboost_10_1_10_5_0.2 Lrnr_xgboost_10_1_10_2_0.2 
                 0.1851809                  0.1921170 
Lrnr_xgboost_10_1_10_3_0.2 Lrnr_xgboost_10_1_10_4_0.2 
                 0.1868987                  0.1860889 
Lrnr_xgboost_20_1_10_5_0.2 Lrnr_xgboost_20_1_10_2_0.2 
                 0.1846919                  0.1867040 
Lrnr_xgboost_20_1_10_3_0.2 Lrnr_xgboost_20_1_10_4_0.2 
                 0.1831679                  0.1842626 
Lrnr_xgboost_10_1_10_5_0.2 Lrnr_xgboost_10_1_10_2_0.2 
                 0.1631221                  0.1686012 
Lrnr_xgboost_10_1_10_3_0.2 Lrnr_xgboost_10_1_10_4_0.2 
                 0.1647542                  0.1637033 
Lrnr_xgboost_20_1_10_5_0.2 Lrnr_xgboost_20_1_10_2_0.2 
                 0.1633068                  0.1635052 
Lrnr_xgboost_20_1_10_3_0.2 Lrnr_xgboost_20_1_10_4_0.2 
                 0.1618521                  0.1618288 
[1] "done"
[1] "Lrnr_cv"
[1] "Lrnr_ranger_500_TRUE_none_1_8_10"
[1] "Lrnr_cv_selector_NULL"
predictions 
  0.1849782 
predictions 
  0.1646719 
[1] "done"
[1] "Lrnr_cv"
[1] "Lrnr_glmnet_NULL_deviance_10_1_100_TRUE"
[2] "Lrnr_gam_NULL_NULL_GCV.Cp"              
[3] "Lrnr_earth_2_3_backward_0_1_0_0"        
[4] "Lrnr_ranger_500_TRUE_none_1_10_5"       
[5] "Lrnr_xgboost_15_1_15_5_0.2"             
[6] "Lrnr_xgboost_15_1_15_2_0.2"             
[7] "Lrnr_xgboost_15_1_15_3_0.2"             
[8] "Lrnr_xgboost_15_1_15_4_0.2"             
[1] "Lrnr_cv_selector_NULL"
Lrnr_glmnet_NULL_deviance_10_1_100_TRUE               Lrnr_gam_NULL_NULL_GCV.Cp 
                              0.2076177                               0.1825707 
        Lrnr_earth_2_3_backward_0_1_0_0        Lrnr_ranger_500_TRUE_none_1_10_5 
                              0.1854661                               0.1869196 
             Lrnr_xgboost_15_1_15_5_0.2              Lrnr_xgboost_15_1_15_2_0.2 
                              0.1833332                               0.1889426 
             Lrnr_xgboost_15_1_15_3_0.2              Lrnr_xgboost_15_1_15_4_0.2 
                              0.1839413                               0.1834584 
Lrnr_glmnet_NULL_deviance_10_1_100_TRUE               Lrnr_gam_NULL_NULL_GCV.Cp 
                              0.1805259                               0.1564328 
        Lrnr_earth_2_3_backward_0_1_0_0        Lrnr_ranger_500_TRUE_none_1_10_5 
                              0.1649759                               0.1660214 
             Lrnr_xgboost_15_1_15_5_0.2              Lrnr_xgboost_15_1_15_2_0.2 
                              0.1631158                               0.1644749 
             Lrnr_xgboost_15_1_15_3_0.2              Lrnr_xgboost_15_1_15_4_0.2 
                              0.1621206                               0.1624955 
[1] "done"
[1] "Lrnr_cv"
[1] "Lrnr_mean"
NULL
NULL
[1] "done"
[1] "earth"
[1] "gam_1"
[1] "xgboost"
[1] "rf"
[1] "all"
[1] "iter: 5"
[1] "Lrnr_cv"
[1] "Lrnr_earth_1_3_cv_5_1_0_0_binomial_100"
[1] "Lrnr_cv_selector_NULL"
predictions 
  0.1958954 
predictions 
  0.1496419 
[1] "done"
[1] "Lrnr_cv"
[1] "Lrnr_gam_Y~s(W1, k = 40, bs='bs',m=c(1,1)) + s(W2, k = 40, bs='bs',m=c(1,1)) + s(W3, k = 40, bs='bs',m=c(1,1))_binomial_GCV.Cp"
[1] "Lrnr_cv_selector_NULL"
predictions 
  0.1937328 
predictions 
  0.1499636 
[1] "done"
[1] "Lrnr_cv"
[1] "Lrnr_xgboost_10_1_10_5_0.2" "Lrnr_xgboost_10_1_10_2_0.2"
[3] "Lrnr_xgboost_10_1_10_3_0.2" "Lrnr_xgboost_10_1_10_4_0.2"
[5] "Lrnr_xgboost_20_1_10_5_0.2" "Lrnr_xgboost_20_1_10_2_0.2"
[7] "Lrnr_xgboost_20_1_10_3_0.2" "Lrnr_xgboost_20_1_10_4_0.2"
[1] "Lrnr_cv_selector_NULL"
Lrnr_xgboost_10_1_10_5_0.2 Lrnr_xgboost_10_1_10_2_0.2 
                 0.2010324                  0.2026305 
Lrnr_xgboost_10_1_10_3_0.2 Lrnr_xgboost_10_1_10_4_0.2 
                 0.1999945                  0.2004504 
Lrnr_xgboost_20_1_10_5_0.2 Lrnr_xgboost_20_1_10_2_0.2 
                 0.2012196                  0.1978674 
Lrnr_xgboost_20_1_10_3_0.2 Lrnr_xgboost_20_1_10_4_0.2 
                 0.1977518                  0.2005409 
Lrnr_xgboost_10_1_10_5_0.2 Lrnr_xgboost_10_1_10_2_0.2 
                 0.1551861                  0.1623180 
Lrnr_xgboost_10_1_10_3_0.2 Lrnr_xgboost_10_1_10_4_0.2 
                 0.1569495                  0.1554129 
Lrnr_xgboost_20_1_10_5_0.2 Lrnr_xgboost_20_1_10_2_0.2 
                 0.1522649                  0.1538003 
Lrnr_xgboost_20_1_10_3_0.2 Lrnr_xgboost_20_1_10_4_0.2 
                 0.1517616                  0.1523386 
[1] "done"
[1] "Lrnr_cv"
[1] "Lrnr_ranger_500_TRUE_none_1_8_10"
[1] "Lrnr_cv_selector_NULL"
predictions 
  0.1997029 
predictions 
  0.1533162 
[1] "done"
[1] "Lrnr_cv"
[1] "Lrnr_glmnet_NULL_deviance_10_1_100_TRUE"
[2] "Lrnr_gam_NULL_NULL_GCV.Cp"              
[3] "Lrnr_earth_2_3_backward_0_1_0_0"        
[4] "Lrnr_ranger_500_TRUE_none_1_10_5"       
[5] "Lrnr_xgboost_15_1_15_5_0.2"             
[6] "Lrnr_xgboost_15_1_15_2_0.2"             
[7] "Lrnr_xgboost_15_1_15_3_0.2"             
[8] "Lrnr_xgboost_15_1_15_4_0.2"             
[1] "Lrnr_cv_selector_NULL"
