LOADING R
R LOADED
[1] "/home/lvanderl/Rlibs2"                         
[2] "/app/software/R/4.3.1-gfbf-2022b/lib/R/library"
[1] "/home/lvanderl/sieveSims"
[1] "lalonde_cps"
  [1]  0  1  2  3  4  5  6  7  8  9 10 11 12 13 14 15 16 17 18 19 20 21 22 23 24
 [26] 25 26 27 28 29 30 31 32 33 34 35 36 37 38 39 40 41 42 43 44 45 46 47 48 49
 [51] 50 51 52 53 54 55 56 57 58 59 60 61 62 63 64 65 66 67 68 69 70 71 72 73 74
 [76] 75 76 77 78 79 80 81 82 83 84 85 86 87 88 89 90 91 92 93 94 95 96 97 98 99
[1] "iter: 0"
[1] 16177     8
Lrnr_xgboost_10_1_3_3_0.2 Lrnr_xgboost_10_1_3_4_0.2 Lrnr_xgboost_10_1_3_5_0.2 
                 53844227                  53557816                  53462440 
Lrnr_xgboost_10_1_3_6_0.2 Lrnr_xgboost_20_1_3_3_0.2 Lrnr_xgboost_20_1_3_4_0.2 
                 53624586                  50334569                  50353981 
Lrnr_xgboost_20_1_3_5_0.2 Lrnr_xgboost_20_1_3_6_0.2 Lrnr_xgboost_30_1_3_3_0.2 
                 50481193                  50805287                  50255326 
Lrnr_xgboost_30_1_3_4_0.2 Lrnr_xgboost_30_1_3_5_0.2 Lrnr_xgboost_30_1_3_6_0.2 
                 50330168                  50531285                  50991929 
Lrnr_xgboost_10_1_3_3_0.2 Lrnr_xgboost_10_1_3_4_0.2 Lrnr_xgboost_10_1_3_5_0.2 
                 46639856                  48600948                  49948089 
Lrnr_xgboost_10_1_3_6_0.2 Lrnr_xgboost_20_1_3_3_0.2 Lrnr_xgboost_20_1_3_4_0.2 
                 51516997                  49615150                  51809265 
Lrnr_xgboost_20_1_3_5_0.2 Lrnr_xgboost_20_1_3_6_0.2 Lrnr_xgboost_30_1_3_3_0.2 
                 52964611                  54673172                  51482248 
Lrnr_xgboost_30_1_3_4_0.2 Lrnr_xgboost_30_1_3_5_0.2 Lrnr_xgboost_30_1_3_6_0.2 
                 54376047                  54919993                  56832352 
Lrnr_xgboost_10_1_3_3_0.2 Lrnr_xgboost_10_1_3_4_0.2 Lrnr_xgboost_10_1_3_5_0.2 
              0.011164771               0.011106690               0.011116721 
Lrnr_xgboost_10_1_3_6_0.2 Lrnr_xgboost_20_1_3_3_0.2 Lrnr_xgboost_20_1_3_4_0.2 
              0.011191671               0.007265245               0.007266799 
Lrnr_xgboost_20_1_3_5_0.2 Lrnr_xgboost_20_1_3_6_0.2 Lrnr_xgboost_30_1_3_3_0.2 
              0.007298167               0.007368489               0.007162478 
Lrnr_xgboost_30_1_3_4_0.2 Lrnr_xgboost_30_1_3_5_0.2 Lrnr_xgboost_30_1_3_6_0.2 
              0.007214830               0.007254950               0.007312141 
[1] "done"
NULL
NULL
NULL
[1] "done"
[1] "all"
[1] -1602.214 -1013.203
[1] "iter: 1"
[1] 16177     8
Lrnr_xgboost_10_1_3_3_0.2 Lrnr_xgboost_10_1_3_4_0.2 Lrnr_xgboost_10_1_3_5_0.2 
                 52344376                  51962224                  51938218 
Lrnr_xgboost_10_1_3_6_0.2 Lrnr_xgboost_20_1_3_3_0.2 Lrnr_xgboost_20_1_3_4_0.2 
                 52099905                  48742308                  48684291 
Lrnr_xgboost_20_1_3_5_0.2 Lrnr_xgboost_20_1_3_6_0.2 Lrnr_xgboost_30_1_3_3_0.2 
                 48869749                  49178330                  48630501 
Lrnr_xgboost_30_1_3_4_0.2 Lrnr_xgboost_30_1_3_5_0.2 Lrnr_xgboost_30_1_3_6_0.2 
                 48745244                  49009143                  49395680 
Lrnr_xgboost_10_1_3_3_0.2 Lrnr_xgboost_10_1_3_4_0.2 Lrnr_xgboost_10_1_3_5_0.2 
                 38865888                  40663524                  41486199 
Lrnr_xgboost_10_1_3_6_0.2 Lrnr_xgboost_20_1_3_3_0.2 Lrnr_xgboost_20_1_3_4_0.2 
                 41626353                  41213243                  43100419 
Lrnr_xgboost_20_1_3_5_0.2 Lrnr_xgboost_20_1_3_6_0.2 Lrnr_xgboost_30_1_3_3_0.2 
                 44910786                  46132819                  42674167 
Lrnr_xgboost_30_1_3_4_0.2 Lrnr_xgboost_30_1_3_5_0.2 Lrnr_xgboost_30_1_3_6_0.2 
                 45437368                  47101700                  48588562 
Lrnr_xgboost_10_1_3_3_0.2 Lrnr_xgboost_10_1_3_4_0.2 Lrnr_xgboost_10_1_3_5_0.2 
              0.011614399               0.011430021               0.011342673 
Lrnr_xgboost_10_1_3_6_0.2 Lrnr_xgboost_20_1_3_3_0.2 Lrnr_xgboost_20_1_3_4_0.2 
              0.011407921               0.007587968               0.007579440 
Lrnr_xgboost_20_1_3_5_0.2 Lrnr_xgboost_20_1_3_6_0.2 Lrnr_xgboost_30_1_3_3_0.2 
              0.007619970               0.007790670               0.007451344 
Lrnr_xgboost_30_1_3_4_0.2 Lrnr_xgboost_30_1_3_5_0.2 Lrnr_xgboost_30_1_3_6_0.2 
              0.007514524               0.007647874               0.007878691 
[1] "done"
NULL
NULL
NULL
[1] "done"
[1] "all"
[1] -2773.716 -4520.730
[1] "iter: 2"
[1] 16177     8
Lrnr_xgboost_10_1_3_3_0.2 Lrnr_xgboost_10_1_3_4_0.2 Lrnr_xgboost_10_1_3_5_0.2 
                 51598953                  51178134                  51246688 
Lrnr_xgboost_10_1_3_6_0.2 Lrnr_xgboost_20_1_3_3_0.2 Lrnr_xgboost_20_1_3_4_0.2 
                 51411514                  48041982                  47992909 
Lrnr_xgboost_20_1_3_5_0.2 Lrnr_xgboost_20_1_3_6_0.2 Lrnr_xgboost_30_1_3_3_0.2 
                 48196543                  48559319                  47978400 
Lrnr_xgboost_30_1_3_4_0.2 Lrnr_xgboost_30_1_3_5_0.2 Lrnr_xgboost_30_1_3_6_0.2 
                 48039437                  48352375                  48715335 
Lrnr_xgboost_10_1_3_3_0.2 Lrnr_xgboost_10_1_3_4_0.2 Lrnr_xgboost_10_1_3_5_0.2 
                 30407006                  31003845                  32285296 
Lrnr_xgboost_10_1_3_6_0.2 Lrnr_xgboost_20_1_3_3_0.2 Lrnr_xgboost_20_1_3_4_0.2 
                 32466914                  32207081                  32467986 
Lrnr_xgboost_20_1_3_5_0.2 Lrnr_xgboost_20_1_3_6_0.2 Lrnr_xgboost_30_1_3_3_0.2 
                 34178777                  34822397                  33684383 
Lrnr_xgboost_30_1_3_4_0.2 Lrnr_xgboost_30_1_3_5_0.2 Lrnr_xgboost_30_1_3_6_0.2 
                 33685799                  35349420                  35730173 
Lrnr_xgboost_10_1_3_3_0.2 Lrnr_xgboost_10_1_3_4_0.2 Lrnr_xgboost_10_1_3_5_0.2 
              0.010933085               0.010889586               0.010807020 
Lrnr_xgboost_10_1_3_6_0.2 Lrnr_xgboost_20_1_3_3_0.2 Lrnr_xgboost_20_1_3_4_0.2 
              0.010837789               0.006973483               0.006969778 
Lrnr_xgboost_20_1_3_5_0.2 Lrnr_xgboost_20_1_3_6_0.2 Lrnr_xgboost_30_1_3_3_0.2 
              0.006990552               0.007026471               0.006851485 
Lrnr_xgboost_30_1_3_4_0.2 Lrnr_xgboost_30_1_3_5_0.2 Lrnr_xgboost_30_1_3_6_0.2 
              0.006880459               0.006965828               0.006996358 
[1] "done"
NULL
NULL
NULL
[1] "done"
[1] "all"
[1] -2498.591  -113.284
[1] "iter: 3"
[1] 16177     8
Lrnr_xgboost_10_1_3_3_0.2 Lrnr_xgboost_10_1_3_4_0.2 Lrnr_xgboost_10_1_3_5_0.2 
                 52022316                  51642227                  51639939 
Lrnr_xgboost_10_1_3_6_0.2 Lrnr_xgboost_20_1_3_3_0.2 Lrnr_xgboost_20_1_3_4_0.2 
                 51659157                  48394815                  48393820 
Lrnr_xgboost_20_1_3_5_0.2 Lrnr_xgboost_20_1_3_6_0.2 Lrnr_xgboost_30_1_3_3_0.2 
                 48567104                  48703013                  48257608 
Lrnr_xgboost_30_1_3_4_0.2 Lrnr_xgboost_30_1_3_5_0.2 Lrnr_xgboost_30_1_3_6_0.2 
                 48388279                  48644083                  48841992 
Lrnr_xgboost_10_1_3_3_0.2 Lrnr_xgboost_10_1_3_4_0.2 Lrnr_xgboost_10_1_3_5_0.2 
                 37537599                  37751057                  37933565 
Lrnr_xgboost_10_1_3_6_0.2 Lrnr_xgboost_20_1_3_3_0.2 Lrnr_xgboost_20_1_3_4_0.2 
                 38081618                  38044005                  38248790 
Lrnr_xgboost_20_1_3_5_0.2 Lrnr_xgboost_20_1_3_6_0.2 Lrnr_xgboost_30_1_3_3_0.2 
                 38278761                  38425035                  38078766 
Lrnr_xgboost_30_1_3_4_0.2 Lrnr_xgboost_30_1_3_5_0.2 Lrnr_xgboost_30_1_3_6_0.2 
                 38406437                  38698235                  38832116 
Lrnr_xgboost_10_1_3_3_0.2 Lrnr_xgboost_10_1_3_4_0.2 Lrnr_xgboost_10_1_3_5_0.2 
              0.011997084               0.011855779               0.011656786 
Lrnr_xgboost_10_1_3_6_0.2 Lrnr_xgboost_20_1_3_3_0.2 Lrnr_xgboost_20_1_3_4_0.2 
              0.011678207               0.008055832               0.007831076 
Lrnr_xgboost_20_1_3_5_0.2 Lrnr_xgboost_20_1_3_6_0.2 Lrnr_xgboost_30_1_3_3_0.2 
              0.007787897               0.007929929               0.007821692 
Lrnr_xgboost_30_1_3_4_0.2 Lrnr_xgboost_30_1_3_5_0.2 Lrnr_xgboost_30_1_3_6_0.2 
              0.007701999               0.007764533               0.007896135 
[1] "done"
NULL
NULL
NULL
[1] "done"
[1] "all"
[1] -1873.430 -1580.462
[1] "iter: 4"
[1] 16177     8
Lrnr_xgboost_10_1_3_3_0.2 Lrnr_xgboost_10_1_3_4_0.2 Lrnr_xgboost_10_1_3_5_0.2 
                 51794392                  51493437                  51496365 
Lrnr_xgboost_10_1_3_6_0.2 Lrnr_xgboost_20_1_3_3_0.2 Lrnr_xgboost_20_1_3_4_0.2 
                 51805553                  48255961                  48296025 
Lrnr_xgboost_20_1_3_5_0.2 Lrnr_xgboost_20_1_3_6_0.2 Lrnr_xgboost_30_1_3_3_0.2 
                 48538734                  48934653                  48177690 
Lrnr_xgboost_30_1_3_4_0.2 Lrnr_xgboost_30_1_3_5_0.2 Lrnr_xgboost_30_1_3_6_0.2 
                 48284684                  48597378                  49139413 
Lrnr_xgboost_10_1_3_3_0.2 Lrnr_xgboost_10_1_3_4_0.2 Lrnr_xgboost_10_1_3_5_0.2 
                 38516589                  39004854                  38962204 
Lrnr_xgboost_10_1_3_6_0.2 Lrnr_xgboost_20_1_3_3_0.2 Lrnr_xgboost_20_1_3_4_0.2 
                 39029332                  39452071                  39868967 
Lrnr_xgboost_20_1_3_5_0.2 Lrnr_xgboost_20_1_3_6_0.2 Lrnr_xgboost_30_1_3_3_0.2 
                 40212632                  40274594                  40011972 
Lrnr_xgboost_30_1_3_4_0.2 Lrnr_xgboost_30_1_3_5_0.2 Lrnr_xgboost_30_1_3_6_0.2 
                 40667092                  41140491                  41155056 
Lrnr_xgboost_10_1_3_3_0.2 Lrnr_xgboost_10_1_3_4_0.2 Lrnr_xgboost_10_1_3_5_0.2 
              0.010316967               0.010108465               0.009849051 
Lrnr_xgboost_10_1_3_6_0.2 Lrnr_xgboost_20_1_3_3_0.2 Lrnr_xgboost_20_1_3_4_0.2 
              0.009797071               0.006318174               0.006088340 
Lrnr_xgboost_20_1_3_5_0.2 Lrnr_xgboost_20_1_3_6_0.2 Lrnr_xgboost_30_1_3_3_0.2 
              0.005945216               0.005809716               0.006071715 
Lrnr_xgboost_30_1_3_4_0.2 Lrnr_xgboost_30_1_3_5_0.2 Lrnr_xgboost_30_1_3_6_0.2 
              0.005932055               0.005814578               0.005836266 
[1] "done"
NULL
NULL
NULL
[1] "done"
[1] "all"
[1] -1752.442 -2804.838
[1] "iter: 5"
[1] 16177     8
Lrnr_xgboost_10_1_3_3_0.2 Lrnr_xgboost_10_1_3_4_0.2 Lrnr_xgboost_10_1_3_5_0.2 
                 52437748                  52132445                  52006322 
Lrnr_xgboost_10_1_3_6_0.2 Lrnr_xgboost_20_1_3_3_0.2 Lrnr_xgboost_20_1_3_4_0.2 
                 52061301                  48763239                  48741741 
Lrnr_xgboost_20_1_3_5_0.2 Lrnr_xgboost_20_1_3_6_0.2 Lrnr_xgboost_30_1_3_3_0.2 
                 48948169                  49150253                  48595386 
Lrnr_xgboost_30_1_3_4_0.2 Lrnr_xgboost_30_1_3_5_0.2 Lrnr_xgboost_30_1_3_6_0.2 
                 48709316                  48980707                  49372531 
Lrnr_xgboost_10_1_3_3_0.2 Lrnr_xgboost_10_1_3_4_0.2 Lrnr_xgboost_10_1_3_5_0.2 
                 31391269                  31574184                  31420850 
Lrnr_xgboost_10_1_3_6_0.2 Lrnr_xgboost_20_1_3_3_0.2 Lrnr_xgboost_20_1_3_4_0.2 
                 31397591                  31384336                  31175533 
Lrnr_xgboost_20_1_3_5_0.2 Lrnr_xgboost_20_1_3_6_0.2 Lrnr_xgboost_30_1_3_3_0.2 
                 31162659                  31113634                  31225367 
Lrnr_xgboost_30_1_3_4_0.2 Lrnr_xgboost_30_1_3_5_0.2 Lrnr_xgboost_30_1_3_6_0.2 
                 31092031                  31074649                  31049176 
Lrnr_xgboost_10_1_3_3_0.2 Lrnr_xgboost_10_1_3_4_0.2 Lrnr_xgboost_10_1_3_5_0.2 
              0.011006617               0.010892922               0.010850142 
Lrnr_xgboost_10_1_3_6_0.2 Lrnr_xgboost_20_1_3_3_0.2 Lrnr_xgboost_20_1_3_4_0.2 
              0.010807799               0.007035191               0.006949857 
Lrnr_xgboost_20_1_3_5_0.2 Lrnr_xgboost_20_1_3_6_0.2 Lrnr_xgboost_30_1_3_3_0.2 
              0.006968891               0.006978686               0.006880491 
Lrnr_xgboost_30_1_3_4_0.2 Lrnr_xgboost_30_1_3_5_0.2 Lrnr_xgboost_30_1_3_6_0.2 
              0.006854706               0.006937256               0.007040607 
[1] "done"
NULL
NULL
NULL
[1] "done"
[1] "all"
[1] -1964.5126  -692.2231
[1] "iter: 6"
[1] 16177     8
Lrnr_xgboost_10_1_3_3_0.2 Lrnr_xgboost_10_1_3_4_0.2 Lrnr_xgboost_10_1_3_5_0.2 
                 52473543                  52211005                  52141780 
Lrnr_xgboost_10_1_3_6_0.2 Lrnr_xgboost_20_1_3_3_0.2 Lrnr_xgboost_20_1_3_4_0.2 
                 52357109                  48962517                  49041679 
Lrnr_xgboost_20_1_3_5_0.2 Lrnr_xgboost_20_1_3_6_0.2 Lrnr_xgboost_30_1_3_3_0.2 
                 49072838                  49471535                  48879632 
Lrnr_xgboost_30_1_3_4_0.2 Lrnr_xgboost_30_1_3_5_0.2 Lrnr_xgboost_30_1_3_6_0.2 
                 49009439                  49159489                  49628104 
Lrnr_xgboost_10_1_3_3_0.2 Lrnr_xgboost_10_1_3_4_0.2 Lrnr_xgboost_10_1_3_5_0.2 
                 41257259                  42449816                  42847321 
Lrnr_xgboost_10_1_3_6_0.2 Lrnr_xgboost_20_1_3_3_0.2 Lrnr_xgboost_20_1_3_4_0.2 
                 43388873                  42134040                  43421323 
Lrnr_xgboost_20_1_3_5_0.2 Lrnr_xgboost_20_1_3_6_0.2 Lrnr_xgboost_30_1_3_3_0.2 
                 43826470                  44243107                  42440781 
Lrnr_xgboost_30_1_3_4_0.2 Lrnr_xgboost_30_1_3_5_0.2 Lrnr_xgboost_30_1_3_6_0.2 
                 43887082                  44204517                  44756794 
Lrnr_xgboost_10_1_3_3_0.2 Lrnr_xgboost_10_1_3_4_0.2 Lrnr_xgboost_10_1_3_5_0.2 
              0.011585670               0.011383897               0.011298587 
Lrnr_xgboost_10_1_3_6_0.2 Lrnr_xgboost_20_1_3_3_0.2 Lrnr_xgboost_20_1_3_4_0.2 
              0.011322044               0.007594571               0.007421591 
Lrnr_xgboost_20_1_3_5_0.2 Lrnr_xgboost_20_1_3_6_0.2 Lrnr_xgboost_30_1_3_3_0.2 
              0.007434614               0.007485538               0.007370101 
Lrnr_xgboost_30_1_3_4_0.2 Lrnr_xgboost_30_1_3_5_0.2 Lrnr_xgboost_30_1_3_6_0.2 
              0.007340828               0.007375181               0.007453535 
[1] "done"
NULL
NULL
NULL
[1] "done"
[1] "all"
[1] -963.8132 -661.3496
[1] "iter: 7"
[1] 16177     8
Lrnr_xgboost_10_1_3_3_0.2 Lrnr_xgboost_10_1_3_4_0.2 Lrnr_xgboost_10_1_3_5_0.2 
                 53848356                  53470556                  53559428 
Lrnr_xgboost_10_1_3_6_0.2 Lrnr_xgboost_20_1_3_3_0.2 Lrnr_xgboost_20_1_3_4_0.2 
                 53700501                  50374531                  50267430 
Lrnr_xgboost_20_1_3_5_0.2 Lrnr_xgboost_20_1_3_6_0.2 Lrnr_xgboost_30_1_3_3_0.2 
                 50597640                  50845913                  50266601 
Lrnr_xgboost_30_1_3_4_0.2 Lrnr_xgboost_30_1_3_5_0.2 Lrnr_xgboost_30_1_3_6_0.2 
                 50285009                  50740589                  51054361 
Lrnr_xgboost_10_1_3_3_0.2 Lrnr_xgboost_10_1_3_4_0.2 Lrnr_xgboost_10_1_3_5_0.2 
                 26294626                  26294626                  26294626 
Lrnr_xgboost_10_1_3_6_0.2 Lrnr_xgboost_20_1_3_3_0.2 Lrnr_xgboost_20_1_3_4_0.2 
                 26294626                  26143108                  26143108 
Lrnr_xgboost_20_1_3_5_0.2 Lrnr_xgboost_20_1_3_6_0.2 Lrnr_xgboost_30_1_3_3_0.2 
                 26143108                  26143108                  26148609 
Lrnr_xgboost_30_1_3_4_0.2 Lrnr_xgboost_30_1_3_5_0.2 Lrnr_xgboost_30_1_3_6_0.2 
                 26148609                  26148609                  26148609 
Lrnr_xgboost_10_1_3_3_0.2 Lrnr_xgboost_10_1_3_4_0.2 Lrnr_xgboost_10_1_3_5_0.2 
              0.011362589               0.011162088               0.011105461 
Lrnr_xgboost_10_1_3_6_0.2 Lrnr_xgboost_20_1_3_3_0.2 Lrnr_xgboost_20_1_3_4_0.2 
              0.011131171               0.007387128               0.007220910 
Lrnr_xgboost_20_1_3_5_0.2 Lrnr_xgboost_20_1_3_6_0.2 Lrnr_xgboost_30_1_3_3_0.2 
              0.007198741               0.007256851               0.007181774 
Lrnr_xgboost_30_1_3_4_0.2 Lrnr_xgboost_30_1_3_5_0.2 Lrnr_xgboost_30_1_3_6_0.2 
              0.007094892               0.007123696               0.007120219 
[1] "done"
NULL
NULL
NULL
[1] "done"
[1] "all"
[1] -1265.2266  -984.5834
[1] "iter: 8"
[1] 16177     8
Lrnr_xgboost_10_1_3_3_0.2 Lrnr_xgboost_10_1_3_4_0.2 Lrnr_xgboost_10_1_3_5_0.2 
                 53666168                  53410893                  53395100 
Lrnr_xgboost_10_1_3_6_0.2 Lrnr_xgboost_20_1_3_3_0.2 Lrnr_xgboost_20_1_3_4_0.2 
                 53602820                  50168858                  50181045 
Lrnr_xgboost_20_1_3_5_0.2 Lrnr_xgboost_20_1_3_6_0.2 Lrnr_xgboost_30_1_3_3_0.2 
                 50335769                  50769742                  50034923 
Lrnr_xgboost_30_1_3_4_0.2 Lrnr_xgboost_30_1_3_5_0.2 Lrnr_xgboost_30_1_3_6_0.2 
                 50162611                  50462345                  50891317 
Lrnr_xgboost_10_1_3_3_0.2 Lrnr_xgboost_10_1_3_4_0.2 Lrnr_xgboost_10_1_3_5_0.2 
                 24812820                  26065240                  26729055 
Lrnr_xgboost_10_1_3_6_0.2 Lrnr_xgboost_20_1_3_3_0.2 Lrnr_xgboost_20_1_3_4_0.2 
                 26871109                  26405066                  27821223 
Lrnr_xgboost_20_1_3_5_0.2 Lrnr_xgboost_20_1_3_6_0.2 Lrnr_xgboost_30_1_3_3_0.2 
                 29001654                  29189345                  27237043 
Lrnr_xgboost_30_1_3_4_0.2 Lrnr_xgboost_30_1_3_5_0.2 Lrnr_xgboost_30_1_3_6_0.2 
                 29374951                  30707542                  31238731 
Lrnr_xgboost_10_1_3_3_0.2 Lrnr_xgboost_10_1_3_4_0.2 Lrnr_xgboost_10_1_3_5_0.2 
              0.011332107               0.011199671               0.011180183 
Lrnr_xgboost_10_1_3_6_0.2 Lrnr_xgboost_20_1_3_3_0.2 Lrnr_xgboost_20_1_3_4_0.2 
              0.011233236               0.007341581               0.007282497 
Lrnr_xgboost_20_1_3_5_0.2 Lrnr_xgboost_20_1_3_6_0.2 Lrnr_xgboost_30_1_3_3_0.2 
              0.007244817               0.007340888               0.007152404 
Lrnr_xgboost_30_1_3_4_0.2 Lrnr_xgboost_30_1_3_5_0.2 Lrnr_xgboost_30_1_3_6_0.2 
              0.007107157               0.007189370               0.007330325 
[1] "done"
NULL
NULL
NULL
[1] "done"
[1] "all"
[1] -2185.033 -1725.636
[1] "iter: 9"
[1] 16177     8
Lrnr_xgboost_10_1_3_3_0.2 Lrnr_xgboost_10_1_3_4_0.2 Lrnr_xgboost_10_1_3_5_0.2 
                 52860596                  52621853                  52672347 
Lrnr_xgboost_10_1_3_6_0.2 Lrnr_xgboost_20_1_3_3_0.2 Lrnr_xgboost_20_1_3_4_0.2 
                 52830801                  49368503                  49419303 
Lrnr_xgboost_20_1_3_5_0.2 Lrnr_xgboost_20_1_3_6_0.2 Lrnr_xgboost_30_1_3_3_0.2 
                 49728416                  50005689                  49276458 
Lrnr_xgboost_30_1_3_4_0.2 Lrnr_xgboost_30_1_3_5_0.2 Lrnr_xgboost_30_1_3_6_0.2 
                 49462875                  49859604                  50159215 
Lrnr_xgboost_10_1_3_3_0.2 Lrnr_xgboost_10_1_3_4_0.2 Lrnr_xgboost_10_1_3_5_0.2 
                 31260779                  31565188                  31388677 
Lrnr_xgboost_10_1_3_6_0.2 Lrnr_xgboost_20_1_3_3_0.2 Lrnr_xgboost_20_1_3_4_0.2 
                 31500709                  31300594                  31487707 
Lrnr_xgboost_20_1_3_5_0.2 Lrnr_xgboost_20_1_3_6_0.2 Lrnr_xgboost_30_1_3_3_0.2 
                 31591710                  31751033                  31524320 
Lrnr_xgboost_30_1_3_4_0.2 Lrnr_xgboost_30_1_3_5_0.2 Lrnr_xgboost_30_1_3_6_0.2 
                 31883997                  32249029                  32556389 
Lrnr_xgboost_10_1_3_3_0.2 Lrnr_xgboost_10_1_3_4_0.2 Lrnr_xgboost_10_1_3_5_0.2 
              0.012691355               0.012647659               0.012710413 
Lrnr_xgboost_10_1_3_6_0.2 Lrnr_xgboost_20_1_3_3_0.2 Lrnr_xgboost_20_1_3_4_0.2 
              0.012730722               0.008870478               0.008830872 
Lrnr_xgboost_20_1_3_5_0.2 Lrnr_xgboost_20_1_3_6_0.2 Lrnr_xgboost_30_1_3_3_0.2 
              0.008924020               0.008968369               0.008773637 
Lrnr_xgboost_30_1_3_4_0.2 Lrnr_xgboost_30_1_3_5_0.2 Lrnr_xgboost_30_1_3_6_0.2 
              0.008780953               0.008875550               0.008981561 
[1] "done"
NULL
NULL
NULL
[1] "done"
[1] "all"
[1] -1018.993 -1052.508
[1] "iter: 10"
[1] 16177     8
Lrnr_xgboost_10_1_3_3_0.2 Lrnr_xgboost_10_1_3_4_0.2 Lrnr_xgboost_10_1_3_5_0.2 
                 52096370                  51752029                  51794896 
Lrnr_xgboost_10_1_3_6_0.2 Lrnr_xgboost_20_1_3_3_0.2 Lrnr_xgboost_20_1_3_4_0.2 
                 51977603                  48571870                  48545253 
Lrnr_xgboost_20_1_3_5_0.2 Lrnr_xgboost_20_1_3_6_0.2 Lrnr_xgboost_30_1_3_3_0.2 
                 48763630                  49118578                  48467962 
Lrnr_xgboost_30_1_3_4_0.2 Lrnr_xgboost_30_1_3_5_0.2 Lrnr_xgboost_30_1_3_6_0.2 
                 48588367                  48865029                  49308228 
Lrnr_xgboost_10_1_3_3_0.2 Lrnr_xgboost_10_1_3_4_0.2 Lrnr_xgboost_10_1_3_5_0.2 
                 31513278                  32664266                  32717279 
Lrnr_xgboost_10_1_3_6_0.2 Lrnr_xgboost_20_1_3_3_0.2 Lrnr_xgboost_20_1_3_4_0.2 
                 33463287                  32626636                  33929729 
Lrnr_xgboost_20_1_3_5_0.2 Lrnr_xgboost_20_1_3_6_0.2 Lrnr_xgboost_30_1_3_3_0.2 
                 34215936                  34862119                  33585089 
Lrnr_xgboost_30_1_3_4_0.2 Lrnr_xgboost_30_1_3_5_0.2 Lrnr_xgboost_30_1_3_6_0.2 
                 35056388                  35415912                  35929429 
Lrnr_xgboost_10_1_3_3_0.2 Lrnr_xgboost_10_1_3_4_0.2 Lrnr_xgboost_10_1_3_5_0.2 
              0.011155965               0.011006468               0.011063989 
Lrnr_xgboost_10_1_3_6_0.2 Lrnr_xgboost_20_1_3_3_0.2 Lrnr_xgboost_20_1_3_4_0.2 
              0.011177212               0.007223141               0.007184354 
Lrnr_xgboost_20_1_3_5_0.2 Lrnr_xgboost_20_1_3_6_0.2 Lrnr_xgboost_30_1_3_3_0.2 
              0.007323073               0.007471239               0.007094295 
Lrnr_xgboost_30_1_3_4_0.2 Lrnr_xgboost_30_1_3_5_0.2 Lrnr_xgboost_30_1_3_6_0.2 
              0.007212785               0.007329342               0.007446801 
[1] "done"
NULL
NULL
NULL
[1] "done"
[1] "all"
[1] -2888.680 -3366.043
[1] "iter: 11"
[1] 16177     8
Lrnr_xgboost_10_1_3_3_0.2 Lrnr_xgboost_10_1_3_4_0.2 Lrnr_xgboost_10_1_3_5_0.2 
                 53360023                  53026300                  53027996 
Lrnr_xgboost_10_1_3_6_0.2 Lrnr_xgboost_20_1_3_3_0.2 Lrnr_xgboost_20_1_3_4_0.2 
                 53242956                  49758001                  49736616 
Lrnr_xgboost_20_1_3_5_0.2 Lrnr_xgboost_20_1_3_6_0.2 Lrnr_xgboost_30_1_3_3_0.2 
                 50001381                  50330218                  49656735 
Lrnr_xgboost_30_1_3_4_0.2 Lrnr_xgboost_30_1_3_5_0.2 Lrnr_xgboost_30_1_3_6_0.2 
                 49750315                  50104681                  50546171 
Lrnr_xgboost_10_1_3_3_0.2 Lrnr_xgboost_10_1_3_4_0.2 Lrnr_xgboost_10_1_3_5_0.2 
                 44750942                  44673113                  44812797 
Lrnr_xgboost_10_1_3_6_0.2 Lrnr_xgboost_20_1_3_3_0.2 Lrnr_xgboost_20_1_3_4_0.2 
                 44921075                  45769815                  45720966 
Lrnr_xgboost_20_1_3_5_0.2 Lrnr_xgboost_20_1_3_6_0.2 Lrnr_xgboost_30_1_3_3_0.2 
                 45857714                  45971553                  46392559 
Lrnr_xgboost_30_1_3_4_0.2 Lrnr_xgboost_30_1_3_5_0.2 Lrnr_xgboost_30_1_3_6_0.2 
                 46430069                  46636746                  46646384 
Lrnr_xgboost_10_1_3_3_0.2 Lrnr_xgboost_10_1_3_4_0.2 Lrnr_xgboost_10_1_3_5_0.2 
              0.011014260               0.010747853               0.010680362 
Lrnr_xgboost_10_1_3_6_0.2 Lrnr_xgboost_20_1_3_3_0.2 Lrnr_xgboost_20_1_3_4_0.2 
              0.010639196               0.006996373               0.006723886 
Lrnr_xgboost_20_1_3_5_0.2 Lrnr_xgboost_20_1_3_6_0.2 Lrnr_xgboost_30_1_3_3_0.2 
              0.006773417               0.006765440               0.006798108 
Lrnr_xgboost_30_1_3_4_0.2 Lrnr_xgboost_30_1_3_5_0.2 Lrnr_xgboost_30_1_3_6_0.2 
              0.006636671               0.006724610               0.006760607 
[1] "done"
NULL
NULL
NULL
[1] "done"
[1] "all"
[1] -1277.043 -1860.597
[1] "iter: 12"
[1] 16177     8
Lrnr_xgboost_10_1_3_3_0.2 Lrnr_xgboost_10_1_3_4_0.2 Lrnr_xgboost_10_1_3_5_0.2 
                 52773435                  52427710                  52596902 
Lrnr_xgboost_10_1_3_6_0.2 Lrnr_xgboost_20_1_3_3_0.2 Lrnr_xgboost_20_1_3_4_0.2 
                 52683306                  49126749                  49145203 
Lrnr_xgboost_20_1_3_5_0.2 Lrnr_xgboost_20_1_3_6_0.2 Lrnr_xgboost_30_1_3_3_0.2 
                 49517372                  49817036                  49028595 
Lrnr_xgboost_30_1_3_4_0.2 Lrnr_xgboost_30_1_3_5_0.2 Lrnr_xgboost_30_1_3_6_0.2 
                 49088626                  49619662                  50006738 
Lrnr_xgboost_10_1_3_3_0.2 Lrnr_xgboost_10_1_3_4_0.2 Lrnr_xgboost_10_1_3_5_0.2 
                 32578628                  34640055                  35493962 
Lrnr_xgboost_10_1_3_6_0.2 Lrnr_xgboost_20_1_3_3_0.2 Lrnr_xgboost_20_1_3_4_0.2 
                 36766037                  34676223                  36044605 
Lrnr_xgboost_20_1_3_5_0.2 Lrnr_xgboost_20_1_3_6_0.2 Lrnr_xgboost_30_1_3_3_0.2 
                 36726461                  37783264                  35768707 
Lrnr_xgboost_30_1_3_4_0.2 Lrnr_xgboost_30_1_3_5_0.2 Lrnr_xgboost_30_1_3_6_0.2 
                 37739377                  37710097                  39287454 
Lrnr_xgboost_10_1_3_3_0.2 Lrnr_xgboost_10_1_3_4_0.2 Lrnr_xgboost_10_1_3_5_0.2 
              0.011762202               0.011684760               0.011630026 
Lrnr_xgboost_10_1_3_6_0.2 Lrnr_xgboost_20_1_3_3_0.2 Lrnr_xgboost_20_1_3_4_0.2 
              0.011706583               0.007857737               0.007910017 
Lrnr_xgboost_20_1_3_5_0.2 Lrnr_xgboost_20_1_3_6_0.2 Lrnr_xgboost_30_1_3_3_0.2 
              0.007917069               0.007995499               0.007738221 
Lrnr_xgboost_30_1_3_4_0.2 Lrnr_xgboost_30_1_3_5_0.2 Lrnr_xgboost_30_1_3_6_0.2 
              0.007871578               0.007895112               0.008008671 
[1] "done"
NULL
NULL
NULL
[1] "done"
[1] "all"
[1] -2193.6093  -704.8891
[1] "iter: 13"
[1] 16177     8
Lrnr_xgboost_10_1_3_3_0.2 Lrnr_xgboost_10_1_3_4_0.2 Lrnr_xgboost_10_1_3_5_0.2 
                 53752347                  53359056                  53478672 
Lrnr_xgboost_10_1_3_6_0.2 Lrnr_xgboost_20_1_3_3_0.2 Lrnr_xgboost_20_1_3_4_0.2 
                 53767953                  50282691                  50267893 
Lrnr_xgboost_20_1_3_5_0.2 Lrnr_xgboost_20_1_3_6_0.2 Lrnr_xgboost_30_1_3_3_0.2 
                 50477587                  50865231                  50262004 
Lrnr_xgboost_30_1_3_4_0.2 Lrnr_xgboost_30_1_3_5_0.2 Lrnr_xgboost_30_1_3_6_0.2 
                 50268110                  50571905                  51036620 
Lrnr_xgboost_10_1_3_3_0.2 Lrnr_xgboost_10_1_3_4_0.2 Lrnr_xgboost_10_1_3_5_0.2 
                 22607680                  22251958                  22379152 
Lrnr_xgboost_10_1_3_6_0.2 Lrnr_xgboost_20_1_3_3_0.2 Lrnr_xgboost_20_1_3_4_0.2 
                 22592213                  21873200                  21933552 
Lrnr_xgboost_20_1_3_5_0.2 Lrnr_xgboost_20_1_3_6_0.2 Lrnr_xgboost_30_1_3_3_0.2 
                 22117408                  22538934                  21770197 
Lrnr_xgboost_30_1_3_4_0.2 Lrnr_xgboost_30_1_3_5_0.2 Lrnr_xgboost_30_1_3_6_0.2 
                 22005611                  22469460                  22769959 
Lrnr_xgboost_10_1_3_3_0.2 Lrnr_xgboost_10_1_3_4_0.2 Lrnr_xgboost_10_1_3_5_0.2 
              0.012185301               0.012006582               0.011985914 
Lrnr_xgboost_10_1_3_6_0.2 Lrnr_xgboost_20_1_3_3_0.2 Lrnr_xgboost_20_1_3_4_0.2 
              0.012036512               0.008254887               0.008114141 
Lrnr_xgboost_20_1_3_5_0.2 Lrnr_xgboost_20_1_3_6_0.2 Lrnr_xgboost_30_1_3_3_0.2 
              0.008211790               0.008320867               0.008056475 
Lrnr_xgboost_30_1_3_4_0.2 Lrnr_xgboost_30_1_3_5_0.2 Lrnr_xgboost_30_1_3_6_0.2 
              0.008031663               0.008208947               0.008291026 
[1] "done"
NULL
NULL
NULL
[1] "done"
[1] "all"
[1] -732.7984   99.6514
[1] "iter: 14"
[1] 16177     8
Lrnr_xgboost_10_1_3_3_0.2 Lrnr_xgboost_10_1_3_4_0.2 Lrnr_xgboost_10_1_3_5_0.2 
                 52667699                  52409999                  52552597 
Lrnr_xgboost_10_1_3_6_0.2 Lrnr_xgboost_20_1_3_3_0.2 Lrnr_xgboost_20_1_3_4_0.2 
                 52842005                  49200969                  49290063 
Lrnr_xgboost_20_1_3_5_0.2 Lrnr_xgboost_20_1_3_6_0.2 Lrnr_xgboost_30_1_3_3_0.2 
                 49613478                  49995709                  49135713 
Lrnr_xgboost_30_1_3_4_0.2 Lrnr_xgboost_30_1_3_5_0.2 Lrnr_xgboost_30_1_3_6_0.2 
                 49346573                  49749463                  50178759 
Lrnr_xgboost_10_1_3_3_0.2 Lrnr_xgboost_10_1_3_4_0.2 Lrnr_xgboost_10_1_3_5_0.2 
                 37818006                  38531809                  38541411 
Lrnr_xgboost_10_1_3_6_0.2 Lrnr_xgboost_20_1_3_3_0.2 Lrnr_xgboost_20_1_3_4_0.2 
                 38639358                  38290158                  39072385 
Lrnr_xgboost_20_1_3_5_0.2 Lrnr_xgboost_20_1_3_6_0.2 Lrnr_xgboost_30_1_3_3_0.2 
                 39526614                  39471738                  38466328 
Lrnr_xgboost_30_1_3_4_0.2 Lrnr_xgboost_30_1_3_5_0.2 Lrnr_xgboost_30_1_3_6_0.2 
                 39383798                  39595783                  39537617 
Lrnr_xgboost_10_1_3_3_0.2 Lrnr_xgboost_10_1_3_4_0.2 Lrnr_xgboost_10_1_3_5_0.2 
              0.011077879               0.010877673               0.010776067 
Lrnr_xgboost_10_1_3_6_0.2 Lrnr_xgboost_20_1_3_3_0.2 Lrnr_xgboost_20_1_3_4_0.2 
              0.010688830               0.007119782               0.006900614 
Lrnr_xgboost_20_1_3_5_0.2 Lrnr_xgboost_20_1_3_6_0.2 Lrnr_xgboost_30_1_3_3_0.2 
              0.006940204               0.006969126               0.006896017 
Lrnr_xgboost_30_1_3_4_0.2 Lrnr_xgboost_30_1_3_5_0.2 Lrnr_xgboost_30_1_3_6_0.2 
              0.006792489               0.006982877               0.007061361 
[1] "done"
NULL
NULL
NULL
[1] "done"
[1] "all"
[1] -797.4700 -519.1271
[1] "iter: 15"
[1] 16177     8
Lrnr_xgboost_10_1_3_3_0.2 Lrnr_xgboost_10_1_3_4_0.2 Lrnr_xgboost_10_1_3_5_0.2 
                 52895816                  52630270                  52654764 
Lrnr_xgboost_10_1_3_6_0.2 Lrnr_xgboost_20_1_3_3_0.2 Lrnr_xgboost_20_1_3_4_0.2 
                 52801458                  49515447                  49531284 
Lrnr_xgboost_20_1_3_5_0.2 Lrnr_xgboost_20_1_3_6_0.2 Lrnr_xgboost_30_1_3_3_0.2 
                 49784553                  50039663                  49486914 
Lrnr_xgboost_30_1_3_4_0.2 Lrnr_xgboost_30_1_3_5_0.2 Lrnr_xgboost_30_1_3_6_0.2 
                 49549768                  49914367                  50215054 
Lrnr_xgboost_10_1_3_3_0.2 Lrnr_xgboost_10_1_3_4_0.2 Lrnr_xgboost_10_1_3_5_0.2 
                 44533550                  45732834                  46243658 
Lrnr_xgboost_10_1_3_6_0.2 Lrnr_xgboost_20_1_3_3_0.2 Lrnr_xgboost_20_1_3_4_0.2 
                 46951713                  45978681                  46438952 
Lrnr_xgboost_20_1_3_5_0.2 Lrnr_xgboost_20_1_3_6_0.2 Lrnr_xgboost_30_1_3_3_0.2 
                 46914754                  48023998                  47159502 
Lrnr_xgboost_30_1_3_4_0.2 Lrnr_xgboost_30_1_3_5_0.2 Lrnr_xgboost_30_1_3_6_0.2 
                 47686026                  47852300                  48330996 
Lrnr_xgboost_10_1_3_3_0.2 Lrnr_xgboost_10_1_3_4_0.2 Lrnr_xgboost_10_1_3_5_0.2 
              0.012107187               0.012047646               0.011987882 
Lrnr_xgboost_10_1_3_6_0.2 Lrnr_xgboost_20_1_3_3_0.2 Lrnr_xgboost_20_1_3_4_0.2 
              0.012044435               0.008166143               0.008190377 
Lrnr_xgboost_20_1_3_5_0.2 Lrnr_xgboost_20_1_3_6_0.2 Lrnr_xgboost_30_1_3_3_0.2 
              0.008216806               0.008255782               0.008031311 
Lrnr_xgboost_30_1_3_4_0.2 Lrnr_xgboost_30_1_3_5_0.2 Lrnr_xgboost_30_1_3_6_0.2 
              0.008102105               0.008104152               0.008152730 
[1] "done"
NULL
NULL
NULL
[1] "done"
[1] "all"
[1] -1323.979 -1078.829
[1] "iter: 16"
[1] 16177     8
Lrnr_xgboost_10_1_3_3_0.2 Lrnr_xgboost_10_1_3_4_0.2 Lrnr_xgboost_10_1_3_5_0.2 
                 53805462                  53611361                  53633847 
Lrnr_xgboost_10_1_3_6_0.2 Lrnr_xgboost_20_1_3_3_0.2 Lrnr_xgboost_20_1_3_4_0.2 
                 53769556                  50365377                  50446199 
Lrnr_xgboost_20_1_3_5_0.2 Lrnr_xgboost_20_1_3_6_0.2 Lrnr_xgboost_30_1_3_3_0.2 
                 50607997                  50952255                  50333938 
Lrnr_xgboost_30_1_3_4_0.2 Lrnr_xgboost_30_1_3_5_0.2 Lrnr_xgboost_30_1_3_6_0.2 
                 50481765                  50733350                  51131355 
Lrnr_xgboost_10_1_3_3_0.2 Lrnr_xgboost_10_1_3_4_0.2 Lrnr_xgboost_10_1_3_5_0.2 
                 27056285                  27019686                  26909200 
Lrnr_xgboost_10_1_3_6_0.2 Lrnr_xgboost_20_1_3_3_0.2 Lrnr_xgboost_20_1_3_4_0.2 
                 26787005                  26689676                  26695774 
Lrnr_xgboost_20_1_3_5_0.2 Lrnr_xgboost_20_1_3_6_0.2 Lrnr_xgboost_30_1_3_3_0.2 
                 26512841                  26396677                  26398629 
Lrnr_xgboost_30_1_3_4_0.2 Lrnr_xgboost_30_1_3_5_0.2 Lrnr_xgboost_30_1_3_6_0.2 
                 26357052                  26217386                  26157207 
Lrnr_xgboost_10_1_3_3_0.2 Lrnr_xgboost_10_1_3_4_0.2 Lrnr_xgboost_10_1_3_5_0.2 
              0.011746193               0.011509829               0.011431044 
Lrnr_xgboost_10_1_3_6_0.2 Lrnr_xgboost_20_1_3_3_0.2 Lrnr_xgboost_20_1_3_4_0.2 
              0.011534345               0.007723799               0.007528671 
Lrnr_xgboost_20_1_3_5_0.2 Lrnr_xgboost_20_1_3_6_0.2 Lrnr_xgboost_30_1_3_3_0.2 
              0.007636738               0.007786189               0.007471247 
Lrnr_xgboost_30_1_3_4_0.2 Lrnr_xgboost_30_1_3_5_0.2 Lrnr_xgboost_30_1_3_6_0.2 
              0.007451407               0.007651215               0.007819550 
[1] "done"
NULL
NULL
NULL
[1] "done"
[1] "all"
[1] -2803.592 -2316.490
[1] "iter: 17"
[1] 16177     8
Lrnr_xgboost_10_1_3_3_0.2 Lrnr_xgboost_10_1_3_4_0.2 Lrnr_xgboost_10_1_3_5_0.2 
                 53803332                  53399652                  53301048 
Lrnr_xgboost_10_1_3_6_0.2 Lrnr_xgboost_20_1_3_3_0.2 Lrnr_xgboost_20_1_3_4_0.2 
                 53553916                  50146964                  50225538 
Lrnr_xgboost_20_1_3_5_0.2 Lrnr_xgboost_20_1_3_6_0.2 Lrnr_xgboost_30_1_3_3_0.2 
                 50279379                  50738488                  50056406 
Lrnr_xgboost_30_1_3_4_0.2 Lrnr_xgboost_30_1_3_5_0.2 Lrnr_xgboost_30_1_3_6_0.2 
                 50266229                  50344820                  50887699 
Lrnr_xgboost_10_1_3_3_0.2 Lrnr_xgboost_10_1_3_4_0.2 Lrnr_xgboost_10_1_3_5_0.2 
                 32516120                  33614101                  34589239 
Lrnr_xgboost_10_1_3_6_0.2 Lrnr_xgboost_20_1_3_3_0.2 Lrnr_xgboost_20_1_3_4_0.2 
                 35272429                  33672443                  35549787 
Lrnr_xgboost_20_1_3_5_0.2 Lrnr_xgboost_20_1_3_6_0.2 Lrnr_xgboost_30_1_3_3_0.2 
                 36504649                  37422061                  34648689 
Lrnr_xgboost_30_1_3_4_0.2 Lrnr_xgboost_30_1_3_5_0.2 Lrnr_xgboost_30_1_3_6_0.2 
                 36488209                  37305394                  38556064 
Lrnr_xgboost_10_1_3_3_0.2 Lrnr_xgboost_10_1_3_4_0.2 Lrnr_xgboost_10_1_3_5_0.2 
              0.010820725               0.010719034               0.010745308 
Lrnr_xgboost_10_1_3_6_0.2 Lrnr_xgboost_20_1_3_3_0.2 Lrnr_xgboost_20_1_3_4_0.2 
              0.010754287               0.006859725               0.006845013 
Lrnr_xgboost_20_1_3_5_0.2 Lrnr_xgboost_20_1_3_6_0.2 Lrnr_xgboost_30_1_3_3_0.2 
              0.006927564               0.006990771               0.006696548 
Lrnr_xgboost_30_1_3_4_0.2 Lrnr_xgboost_30_1_3_5_0.2 Lrnr_xgboost_30_1_3_6_0.2 
              0.006752038               0.006866854               0.006965799 
[1] "done"
NULL
NULL
NULL
[1] "done"
[1] "all"
[1] -2945.171 -3304.082
[1] "iter: 18"
[1] 16177     8
Lrnr_xgboost_10_1_3_3_0.2 Lrnr_xgboost_10_1_3_4_0.2 Lrnr_xgboost_10_1_3_5_0.2 
                 52814308                  52424456                  52480259 
Lrnr_xgboost_10_1_3_6_0.2 Lrnr_xgboost_20_1_3_3_0.2 Lrnr_xgboost_20_1_3_4_0.2 
                 52629107                  49272207                  49301496 
Lrnr_xgboost_20_1_3_5_0.2 Lrnr_xgboost_20_1_3_6_0.2 Lrnr_xgboost_30_1_3_3_0.2 
                 49510691                  49739973                  49120435 
Lrnr_xgboost_30_1_3_4_0.2 Lrnr_xgboost_30_1_3_5_0.2 Lrnr_xgboost_30_1_3_6_0.2 
                 49282735                  49562294                  49946290 
Lrnr_xgboost_10_1_3_3_0.2 Lrnr_xgboost_10_1_3_4_0.2 Lrnr_xgboost_10_1_3_5_0.2 
                 44925949                  44325706                  44709539 
Lrnr_xgboost_10_1_3_6_0.2 Lrnr_xgboost_20_1_3_3_0.2 Lrnr_xgboost_20_1_3_4_0.2 
                 45276103                  45133702                  43658936 
Lrnr_xgboost_20_1_3_5_0.2 Lrnr_xgboost_20_1_3_6_0.2 Lrnr_xgboost_30_1_3_3_0.2 
                 43950939                  45261169                  45681356 
Lrnr_xgboost_30_1_3_4_0.2 Lrnr_xgboost_30_1_3_5_0.2 Lrnr_xgboost_30_1_3_6_0.2 
                 44896668                  45117227                  46249404 
Lrnr_xgboost_10_1_3_3_0.2 Lrnr_xgboost_10_1_3_4_0.2 Lrnr_xgboost_10_1_3_5_0.2 
              0.011116193               0.010876882               0.010749592 
Lrnr_xgboost_10_1_3_6_0.2 Lrnr_xgboost_20_1_3_3_0.2 Lrnr_xgboost_20_1_3_4_0.2 
              0.010725170               0.007073923               0.006885909 
Lrnr_xgboost_20_1_3_5_0.2 Lrnr_xgboost_20_1_3_6_0.2 Lrnr_xgboost_30_1_3_3_0.2 
              0.006842959               0.006918885               0.006851233 
Lrnr_xgboost_30_1_3_4_0.2 Lrnr_xgboost_30_1_3_5_0.2 Lrnr_xgboost_30_1_3_6_0.2 
              0.006740953               0.006790154               0.006971500 
[1] "done"
NULL
NULL
NULL
[1] "done"
[1] "all"
[1] -336.5620  631.2931
[1] "iter: 19"
[1] 16177     8
Lrnr_xgboost_10_1_3_3_0.2 Lrnr_xgboost_10_1_3_4_0.2 Lrnr_xgboost_10_1_3_5_0.2 
                 53778704                  53443579                  53396247 
Lrnr_xgboost_10_1_3_6_0.2 Lrnr_xgboost_20_1_3_3_0.2 Lrnr_xgboost_20_1_3_4_0.2 
                 53687073                  50319938                  50388554 
Lrnr_xgboost_20_1_3_5_0.2 Lrnr_xgboost_20_1_3_6_0.2 Lrnr_xgboost_30_1_3_3_0.2 
                 50429128                  50903431                  50273015 
Lrnr_xgboost_30_1_3_4_0.2 Lrnr_xgboost_30_1_3_5_0.2 Lrnr_xgboost_30_1_3_6_0.2 
                 50379042                  50507526                  51061732 
Lrnr_xgboost_10_1_3_3_0.2 Lrnr_xgboost_10_1_3_4_0.2 Lrnr_xgboost_10_1_3_5_0.2 
                 37466305                  37845499                  38113049 
Lrnr_xgboost_10_1_3_6_0.2 Lrnr_xgboost_20_1_3_3_0.2 Lrnr_xgboost_20_1_3_4_0.2 
                 37811702                  38084939                  38593259 
Lrnr_xgboost_20_1_3_5_0.2 Lrnr_xgboost_20_1_3_6_0.2 Lrnr_xgboost_30_1_3_3_0.2 
                 38561416                  38726923                  38571022 
Lrnr_xgboost_30_1_3_4_0.2 Lrnr_xgboost_30_1_3_5_0.2 Lrnr_xgboost_30_1_3_6_0.2 
                 39296090                  38871755                  38896225 
Lrnr_xgboost_10_1_3_3_0.2 Lrnr_xgboost_10_1_3_4_0.2 Lrnr_xgboost_10_1_3_5_0.2 
              0.010783835               0.010419667               0.010371625 
Lrnr_xgboost_10_1_3_6_0.2 Lrnr_xgboost_20_1_3_3_0.2 Lrnr_xgboost_20_1_3_4_0.2 
              0.010361024               0.006763207               0.006492311 
Lrnr_xgboost_20_1_3_5_0.2 Lrnr_xgboost_20_1_3_6_0.2 Lrnr_xgboost_30_1_3_3_0.2 
              0.006509153               0.006507015               0.006607213 
Lrnr_xgboost_30_1_3_4_0.2 Lrnr_xgboost_30_1_3_5_0.2 Lrnr_xgboost_30_1_3_6_0.2 
              0.006486213               0.006464504               0.006491950 
[1] "done"
NULL
NULL
NULL
[1] "done"
[1] "all"
[1] -1153.437 -1104.446
[1] "iter: 20"
[1] 16177     8
Lrnr_xgboost_10_1_3_3_0.2 Lrnr_xgboost_10_1_3_4_0.2 Lrnr_xgboost_10_1_3_5_0.2 
                 53487757                  53126592                  53050038 
Lrnr_xgboost_10_1_3_6_0.2 Lrnr_xgboost_20_1_3_3_0.2 Lrnr_xgboost_20_1_3_4_0.2 
                 53280678                  49880950                  49915239 
Lrnr_xgboost_20_1_3_5_0.2 Lrnr_xgboost_20_1_3_6_0.2 Lrnr_xgboost_30_1_3_3_0.2 
                 50054354                  50411205                  49767047 
Lrnr_xgboost_30_1_3_4_0.2 Lrnr_xgboost_30_1_3_5_0.2 Lrnr_xgboost_30_1_3_6_0.2 
                 49880755                  50160276                  50566169 
Lrnr_xgboost_10_1_3_3_0.2 Lrnr_xgboost_10_1_3_4_0.2 Lrnr_xgboost_10_1_3_5_0.2 
                 30254223                  30254223                  30254223 
Lrnr_xgboost_10_1_3_6_0.2 Lrnr_xgboost_20_1_3_3_0.2 Lrnr_xgboost_20_1_3_4_0.2 
                 30254223                  29979316                  29979316 
Lrnr_xgboost_20_1_3_5_0.2 Lrnr_xgboost_20_1_3_6_0.2 Lrnr_xgboost_30_1_3_3_0.2 
                 29979316                  29979316                  29988572 
Lrnr_xgboost_30_1_3_4_0.2 Lrnr_xgboost_30_1_3_5_0.2 Lrnr_xgboost_30_1_3_6_0.2 
                 29988572                  29988572                  29988572 
Lrnr_xgboost_10_1_3_3_0.2 Lrnr_xgboost_10_1_3_4_0.2 Lrnr_xgboost_10_1_3_5_0.2 
              0.011913393               0.011712408               0.011607745 
Lrnr_xgboost_10_1_3_6_0.2 Lrnr_xgboost_20_1_3_3_0.2 Lrnr_xgboost_20_1_3_4_0.2 
              0.011597581               0.007925234               0.007702841 
Lrnr_xgboost_20_1_3_5_0.2 Lrnr_xgboost_20_1_3_6_0.2 Lrnr_xgboost_30_1_3_3_0.2 
              0.007774420               0.007786097               0.007601504 
Lrnr_xgboost_30_1_3_4_0.2 Lrnr_xgboost_30_1_3_5_0.2 Lrnr_xgboost_30_1_3_6_0.2 
              0.007600299               0.007736392               0.007857457 
[1] "done"
NULL
NULL
NULL
[1] "done"
[1] "all"
[1] -2489.603 -2917.916
[1] "iter: 21"
[1] 16177     8
Lrnr_xgboost_10_1_3_3_0.2 Lrnr_xgboost_10_1_3_4_0.2 Lrnr_xgboost_10_1_3_5_0.2 
                 52674098                  52224787                  52151815 
Lrnr_xgboost_10_1_3_6_0.2 Lrnr_xgboost_20_1_3_3_0.2 Lrnr_xgboost_20_1_3_4_0.2 
                 52327288                  49065838                  48984300 
Lrnr_xgboost_20_1_3_5_0.2 Lrnr_xgboost_20_1_3_6_0.2 Lrnr_xgboost_30_1_3_3_0.2 
                 49156782                  49464507                  48952520 
Lrnr_xgboost_30_1_3_4_0.2 Lrnr_xgboost_30_1_3_5_0.2 Lrnr_xgboost_30_1_3_6_0.2 
                 48960787                  49229285                  49569659 
Lrnr_xgboost_10_1_3_3_0.2 Lrnr_xgboost_10_1_3_4_0.2 Lrnr_xgboost_10_1_3_5_0.2 
                 35285812                  36263308                  36948755 
Lrnr_xgboost_10_1_3_6_0.2 Lrnr_xgboost_20_1_3_3_0.2 Lrnr_xgboost_20_1_3_4_0.2 
                 37303669                  36025042                  37044193 
Lrnr_xgboost_20_1_3_5_0.2 Lrnr_xgboost_20_1_3_6_0.2 Lrnr_xgboost_30_1_3_3_0.2 
                 37598509                  38795174                  36352304 
Lrnr_xgboost_30_1_3_4_0.2 Lrnr_xgboost_30_1_3_5_0.2 Lrnr_xgboost_30_1_3_6_0.2 
                 37844569                  38615435                  39706929 
Lrnr_xgboost_10_1_3_3_0.2 Lrnr_xgboost_10_1_3_4_0.2 Lrnr_xgboost_10_1_3_5_0.2 
              0.010888334               0.010650553               0.010455737 
Lrnr_xgboost_10_1_3_6_0.2 Lrnr_xgboost_20_1_3_3_0.2 Lrnr_xgboost_20_1_3_4_0.2 
              0.010464645               0.006788447               0.006607597 
Lrnr_xgboost_20_1_3_5_0.2 Lrnr_xgboost_20_1_3_6_0.2 Lrnr_xgboost_30_1_3_3_0.2 
              0.006541945               0.006588730               0.006543634 
Lrnr_xgboost_30_1_3_4_0.2 Lrnr_xgboost_30_1_3_5_0.2 Lrnr_xgboost_30_1_3_6_0.2 
              0.006449104               0.006507198               0.006593207 
[1] "done"
NULL
NULL
NULL
[1] "done"
[1] "all"
[1] -3778.737 -3814.576
[1] "iter: 22"
[1] 16177     8
Lrnr_xgboost_10_1_3_3_0.2 Lrnr_xgboost_10_1_3_4_0.2 Lrnr_xgboost_10_1_3_5_0.2 
                 53049819                  52717510                  52788831 
Lrnr_xgboost_10_1_3_6_0.2 Lrnr_xgboost_20_1_3_3_0.2 Lrnr_xgboost_20_1_3_4_0.2 
                 53032495                  49585283                  49642701 
Lrnr_xgboost_20_1_3_5_0.2 Lrnr_xgboost_20_1_3_6_0.2 Lrnr_xgboost_30_1_3_3_0.2 
                 49894230                  50296641                  49516915 
Lrnr_xgboost_30_1_3_4_0.2 Lrnr_xgboost_30_1_3_5_0.2 Lrnr_xgboost_30_1_3_6_0.2 
                 49645863                  49977183                  50520595 
Lrnr_xgboost_10_1_3_3_0.2 Lrnr_xgboost_10_1_3_4_0.2 Lrnr_xgboost_10_1_3_5_0.2 
                 43070103                  43362287                  44309255 
Lrnr_xgboost_10_1_3_6_0.2 Lrnr_xgboost_20_1_3_3_0.2 Lrnr_xgboost_20_1_3_4_0.2 
                 44292718                  44461409                  45632328 
Lrnr_xgboost_20_1_3_5_0.2 Lrnr_xgboost_20_1_3_6_0.2 Lrnr_xgboost_30_1_3_3_0.2 
                 46250363                  46868877                  45408656 
Lrnr_xgboost_30_1_3_4_0.2 Lrnr_xgboost_30_1_3_5_0.2 Lrnr_xgboost_30_1_3_6_0.2 
                 46376638                  47343218                  48338975 
Lrnr_xgboost_10_1_3_3_0.2 Lrnr_xgboost_10_1_3_4_0.2 Lrnr_xgboost_10_1_3_5_0.2 
              0.012595882               0.012358234               0.012140273 
Lrnr_xgboost_10_1_3_6_0.2 Lrnr_xgboost_20_1_3_3_0.2 Lrnr_xgboost_20_1_3_4_0.2 
              0.012199608               0.008579177               0.008360617 
Lrnr_xgboost_20_1_3_5_0.2 Lrnr_xgboost_20_1_3_6_0.2 Lrnr_xgboost_30_1_3_3_0.2 
              0.008192301               0.008360349               0.008328564 
Lrnr_xgboost_30_1_3_4_0.2 Lrnr_xgboost_30_1_3_5_0.2 Lrnr_xgboost_30_1_3_6_0.2 
              0.008216662               0.008185047               0.008384966 
[1] "done"
NULL
NULL
NULL
[1] "done"
[1] "all"
[1] -1820.2144  -199.6953
[1] "iter: 23"
[1] 16177     8
Lrnr_xgboost_10_1_3_3_0.2 Lrnr_xgboost_10_1_3_4_0.2 Lrnr_xgboost_10_1_3_5_0.2 
                 53327951                  53022878                  53084777 
Lrnr_xgboost_10_1_3_6_0.2 Lrnr_xgboost_20_1_3_3_0.2 Lrnr_xgboost_20_1_3_4_0.2 
                 53367455                  49862143                  49952930 
Lrnr_xgboost_20_1_3_5_0.2 Lrnr_xgboost_20_1_3_6_0.2 Lrnr_xgboost_30_1_3_3_0.2 
                 50135149                  50530305                  49782395 
Lrnr_xgboost_30_1_3_4_0.2 Lrnr_xgboost_30_1_3_5_0.2 Lrnr_xgboost_30_1_3_6_0.2 
                 49961208                  50216227                  50658363 
Lrnr_xgboost_10_1_3_3_0.2 Lrnr_xgboost_10_1_3_4_0.2 Lrnr_xgboost_10_1_3_5_0.2 
                 27185605                  27560920                  27914514 
Lrnr_xgboost_10_1_3_6_0.2 Lrnr_xgboost_20_1_3_3_0.2 Lrnr_xgboost_20_1_3_4_0.2 
                 27884811                  27462325                  28024244 
Lrnr_xgboost_20_1_3_5_0.2 Lrnr_xgboost_20_1_3_6_0.2 Lrnr_xgboost_30_1_3_3_0.2 
                 28592872                  28551407                  28082846 
Lrnr_xgboost_30_1_3_4_0.2 Lrnr_xgboost_30_1_3_5_0.2 Lrnr_xgboost_30_1_3_6_0.2 
                 28778104                  29291428                  28954953 
Lrnr_xgboost_10_1_3_3_0.2 Lrnr_xgboost_10_1_3_4_0.2 Lrnr_xgboost_10_1_3_5_0.2 
              0.011240651               0.011099845               0.011108509 
Lrnr_xgboost_10_1_3_6_0.2 Lrnr_xgboost_20_1_3_3_0.2 Lrnr_xgboost_20_1_3_4_0.2 
              0.011101955               0.007340501               0.007211383 
Lrnr_xgboost_20_1_3_5_0.2 Lrnr_xgboost_20_1_3_6_0.2 Lrnr_xgboost_30_1_3_3_0.2 
              0.007307838               0.007295770               0.007193279 
Lrnr_xgboost_30_1_3_4_0.2 Lrnr_xgboost_30_1_3_5_0.2 Lrnr_xgboost_30_1_3_6_0.2 
              0.007140393               0.007240123               0.007282455 
[1] "done"
NULL
NULL
NULL
[1] "done"
[1] "all"
[1]  -498.661 -1191.636
[1] "iter: 24"
[1] 16177     8
Lrnr_xgboost_10_1_3_3_0.2 Lrnr_xgboost_10_1_3_4_0.2 Lrnr_xgboost_10_1_3_5_0.2 
                 53084278                  52689982                  52623549 
Lrnr_xgboost_10_1_3_6_0.2 Lrnr_xgboost_20_1_3_3_0.2 Lrnr_xgboost_20_1_3_4_0.2 
                 52842957                  49499269                  49503659 
Lrnr_xgboost_20_1_3_5_0.2 Lrnr_xgboost_20_1_3_6_0.2 Lrnr_xgboost_30_1_3_3_0.2 
                 49645636                  50088567                  49440728 
Lrnr_xgboost_30_1_3_4_0.2 Lrnr_xgboost_30_1_3_5_0.2 Lrnr_xgboost_30_1_3_6_0.2 
                 49532089                  49750038                  50225471 
Lrnr_xgboost_10_1_3_3_0.2 Lrnr_xgboost_10_1_3_4_0.2 Lrnr_xgboost_10_1_3_5_0.2 
                 28035536                  27951034                  27909285 
Lrnr_xgboost_10_1_3_6_0.2 Lrnr_xgboost_20_1_3_3_0.2 Lrnr_xgboost_20_1_3_4_0.2 
                 28284724                  27734179                  27821702 
Lrnr_xgboost_20_1_3_5_0.2 Lrnr_xgboost_20_1_3_6_0.2 Lrnr_xgboost_30_1_3_3_0.2 
                 27803298                  28032449                  27730834 
Lrnr_xgboost_30_1_3_4_0.2 Lrnr_xgboost_30_1_3_5_0.2 Lrnr_xgboost_30_1_3_6_0.2 
                 27879303                  27901083                  28042800 
Lrnr_xgboost_10_1_3_3_0.2 Lrnr_xgboost_10_1_3_4_0.2 Lrnr_xgboost_10_1_3_5_0.2 
              0.011385501               0.011119213               0.010905415 
Lrnr_xgboost_10_1_3_6_0.2 Lrnr_xgboost_20_1_3_3_0.2 Lrnr_xgboost_20_1_3_4_0.2 
              0.011006388               0.007327949               0.007105846 
Lrnr_xgboost_20_1_3_5_0.2 Lrnr_xgboost_20_1_3_6_0.2 Lrnr_xgboost_30_1_3_3_0.2 
              0.007116611               0.007149081               0.006987519 
Lrnr_xgboost_30_1_3_4_0.2 Lrnr_xgboost_30_1_3_5_0.2 Lrnr_xgboost_30_1_3_6_0.2 
              0.006968154               0.007091280               0.007151796 
[1] "done"
NULL
NULL
NULL
[1] "done"
[1] "all"
[1] -3013.272 -2573.098
[1] "iter: 25"
[1] 16177     8
Lrnr_xgboost_10_1_3_3_0.2 Lrnr_xgboost_10_1_3_4_0.2 Lrnr_xgboost_10_1_3_5_0.2 
                 53139746                  52761956                  52751266 
Lrnr_xgboost_10_1_3_6_0.2 Lrnr_xgboost_20_1_3_3_0.2 Lrnr_xgboost_20_1_3_4_0.2 
                 52927825                  49539036                  49536663 
Lrnr_xgboost_20_1_3_5_0.2 Lrnr_xgboost_20_1_3_6_0.2 Lrnr_xgboost_30_1_3_3_0.2 
                 49720324                  50039827                  49454998 
Lrnr_xgboost_30_1_3_4_0.2 Lrnr_xgboost_30_1_3_5_0.2 Lrnr_xgboost_30_1_3_6_0.2 
                 49528171                  49827884                  50156268 
Lrnr_xgboost_10_1_3_3_0.2 Lrnr_xgboost_10_1_3_4_0.2 Lrnr_xgboost_10_1_3_5_0.2 
                 28670779                  29914557                  29650636 
Lrnr_xgboost_10_1_3_6_0.2 Lrnr_xgboost_20_1_3_3_0.2 Lrnr_xgboost_20_1_3_4_0.2 
                 30508357                  28838622                  30105089 
Lrnr_xgboost_20_1_3_5_0.2 Lrnr_xgboost_20_1_3_6_0.2 Lrnr_xgboost_30_1_3_3_0.2 
                 30279305                  31537735                  29269759 
Lrnr_xgboost_30_1_3_4_0.2 Lrnr_xgboost_30_1_3_5_0.2 Lrnr_xgboost_30_1_3_6_0.2 
                 30539823                  31193901                  32629749 
Lrnr_xgboost_10_1_3_3_0.2 Lrnr_xgboost_10_1_3_4_0.2 Lrnr_xgboost_10_1_3_5_0.2 
              0.011559443               0.011460200               0.011393483 
Lrnr_xgboost_10_1_3_6_0.2 Lrnr_xgboost_20_1_3_3_0.2 Lrnr_xgboost_20_1_3_4_0.2 
              0.011439437               0.007700469               0.007604410 
Lrnr_xgboost_20_1_3_5_0.2 Lrnr_xgboost_20_1_3_6_0.2 Lrnr_xgboost_30_1_3_3_0.2 
              0.007559340               0.007701404               0.007562485 
Lrnr_xgboost_30_1_3_4_0.2 Lrnr_xgboost_30_1_3_5_0.2 Lrnr_xgboost_30_1_3_6_0.2 
              0.007518624               0.007533272               0.007640059 
[1] "done"
NULL
NULL
NULL
[1] "done"
[1] "all"
[1] -2154.7785  -671.9698
[1] "iter: 26"
[1] 16177     8
Lrnr_xgboost_10_1_3_3_0.2 Lrnr_xgboost_10_1_3_4_0.2 Lrnr_xgboost_10_1_3_5_0.2 
                 52122716                  51835192                  51912984 
Lrnr_xgboost_10_1_3_6_0.2 Lrnr_xgboost_20_1_3_3_0.2 Lrnr_xgboost_20_1_3_4_0.2 
                 52157681                  48537263                  48616808 
Lrnr_xgboost_20_1_3_5_0.2 Lrnr_xgboost_20_1_3_6_0.2 Lrnr_xgboost_30_1_3_3_0.2 
                 48883532                  49226490                  48414036 
Lrnr_xgboost_30_1_3_4_0.2 Lrnr_xgboost_30_1_3_5_0.2 Lrnr_xgboost_30_1_3_6_0.2 
                 48637579                  48918696                  49351420 
Lrnr_xgboost_10_1_3_3_0.2 Lrnr_xgboost_10_1_3_4_0.2 Lrnr_xgboost_10_1_3_5_0.2 
                 23949293                  24369447                  24341220 
Lrnr_xgboost_10_1_3_6_0.2 Lrnr_xgboost_20_1_3_3_0.2 Lrnr_xgboost_20_1_3_4_0.2 
                 24727982                  24277385                  24983875 
Lrnr_xgboost_20_1_3_5_0.2 Lrnr_xgboost_20_1_3_6_0.2 Lrnr_xgboost_30_1_3_3_0.2 
                 24962644                  25284387                  24701533 
Lrnr_xgboost_30_1_3_4_0.2 Lrnr_xgboost_30_1_3_5_0.2 Lrnr_xgboost_30_1_3_6_0.2 
                 25179433                  25136478                  25922853 
Lrnr_xgboost_10_1_3_3_0.2 Lrnr_xgboost_10_1_3_4_0.2 Lrnr_xgboost_10_1_3_5_0.2 
              0.011127386               0.011044537               0.010999442 
Lrnr_xgboost_10_1_3_6_0.2 Lrnr_xgboost_20_1_3_3_0.2 Lrnr_xgboost_20_1_3_4_0.2 
              0.011038708               0.007219860               0.007142433 
Lrnr_xgboost_20_1_3_5_0.2 Lrnr_xgboost_20_1_3_6_0.2 Lrnr_xgboost_30_1_3_3_0.2 
              0.007212918               0.007307444               0.007050333 
Lrnr_xgboost_30_1_3_4_0.2 Lrnr_xgboost_30_1_3_5_0.2 Lrnr_xgboost_30_1_3_6_0.2 
              0.007073861               0.007185479               0.007317941 
[1] "done"
NULL
NULL
NULL
[1] "done"
[1] "all"
[1] -3151.994 -2317.480
[1] "iter: 27"
[1] 16177     8
Lrnr_xgboost_10_1_3_3_0.2 Lrnr_xgboost_10_1_3_4_0.2 Lrnr_xgboost_10_1_3_5_0.2 
                 53870005                  53351311                  53295549 
Lrnr_xgboost_10_1_3_6_0.2 Lrnr_xgboost_20_1_3_3_0.2 Lrnr_xgboost_20_1_3_4_0.2 
                 53489933                  50328327                  50153033 
Lrnr_xgboost_20_1_3_5_0.2 Lrnr_xgboost_20_1_3_6_0.2 Lrnr_xgboost_30_1_3_3_0.2 
                 50240073                  50567858                  50239352 
Lrnr_xgboost_30_1_3_4_0.2 Lrnr_xgboost_30_1_3_5_0.2 Lrnr_xgboost_30_1_3_6_0.2 
                 50156578                  50334047                  50799331 
Lrnr_xgboost_10_1_3_3_0.2 Lrnr_xgboost_10_1_3_4_0.2 Lrnr_xgboost_10_1_3_5_0.2 
                 36717407                  37384066                  38121411 
Lrnr_xgboost_10_1_3_6_0.2 Lrnr_xgboost_20_1_3_3_0.2 Lrnr_xgboost_20_1_3_4_0.2 
                 39245732                  37889030                  39876127 
Lrnr_xgboost_20_1_3_5_0.2 Lrnr_xgboost_20_1_3_6_0.2 Lrnr_xgboost_30_1_3_3_0.2 
                 42033378                  43354823                  39358861 
Lrnr_xgboost_30_1_3_4_0.2 Lrnr_xgboost_30_1_3_5_0.2 Lrnr_xgboost_30_1_3_6_0.2 
                 41967009                  43811516                  45635076 
Lrnr_xgboost_10_1_3_3_0.2 Lrnr_xgboost_10_1_3_4_0.2 Lrnr_xgboost_10_1_3_5_0.2 
              0.011090007               0.011015945               0.010983014 
Lrnr_xgboost_10_1_3_6_0.2 Lrnr_xgboost_20_1_3_3_0.2 Lrnr_xgboost_20_1_3_4_0.2 
              0.011089977               0.007174158               0.007161939 
Lrnr_xgboost_20_1_3_5_0.2 Lrnr_xgboost_20_1_3_6_0.2 Lrnr_xgboost_30_1_3_3_0.2 
              0.007294817               0.007439653               0.007076637 
Lrnr_xgboost_30_1_3_4_0.2 Lrnr_xgboost_30_1_3_5_0.2 Lrnr_xgboost_30_1_3_6_0.2 
              0.007123426               0.007291024               0.007467328 
[1] "done"
NULL
NULL
NULL
[1] "done"
[1] "all"
