LOADING R
R LOADED
[1] "/home/lvanderl/Rlibs2"                         
[2] "/app/software/R/4.3.1-gfbf-2022b/lib/R/library"
[1] "/home/lvanderl/sieveSims"
[1] "iter: 1"
[1] "Lrnr_cv"
[1] "Lrnr_earth_2_3_cv_5_1_0_0_binomial_100"
[1] "Lrnr_cv_selector_NULL"
predictions 
  0.1941874 
predictions 
  0.1539171 
[1] "done"
[1] "Lrnr_cv"
[1] "Lrnr_gam_Y~s(W1, k = 40, bs='bs',m=c(1,1)) + s(W2, k = 40, bs='bs',m=c(1,1)) + s(W3, k = 40, bs='bs',m=c(1,1))_binomial_GCV.Cp"
[1] "Lrnr_cv_selector_NULL"
predictions 
  0.1947708 
predictions 
  0.1520592 
[1] "done"
[1] "Lrnr_cv"
[1] "Lrnr_xgboost_10_1_15_5_0.2" "Lrnr_xgboost_10_1_15_2_0.2"
[3] "Lrnr_xgboost_10_1_15_3_0.2" "Lrnr_xgboost_10_1_15_4_0.2"
[1] "Lrnr_cv_selector_NULL"
Lrnr_xgboost_10_1_15_5_0.2 Lrnr_xgboost_10_1_15_2_0.2 
                 0.1988656                  0.2023584 
Lrnr_xgboost_10_1_15_3_0.2 Lrnr_xgboost_10_1_15_4_0.2 
                 0.1992727                  0.1984627 
Lrnr_xgboost_10_1_15_5_0.2 Lrnr_xgboost_10_1_15_2_0.2 
                 0.1589391                  0.1634301 
Lrnr_xgboost_10_1_15_3_0.2 Lrnr_xgboost_10_1_15_4_0.2 
                 0.1592623                  0.1585372 
[1] "done"
[1] "Lrnr_cv"
[1] "Lrnr_ranger_500_TRUE_none_1_10_5"
[1] "Lrnr_cv_selector_NULL"
predictions 
  0.2030478 
predictions 
  0.1603435 
[1] "done"
[1] "Lrnr_cv"
[1] "Lrnr_mean"
NULL
NULL
[1] "done"
[1] "earth"
[1] "gam_1"
[1] "xgboost"
[1] "rf"
[1] "iter: 2"
[1] "Lrnr_cv"
[1] "Lrnr_earth_2_3_cv_5_1_0_0_binomial_100"
[1] "Lrnr_cv_selector_NULL"
predictions 
  0.2000942 
predictions 
  0.1526342 
[1] "done"
[1] "Lrnr_cv"
[1] "Lrnr_gam_Y~s(W1, k = 40, bs='bs',m=c(1,1)) + s(W2, k = 40, bs='bs',m=c(1,1)) + s(W3, k = 40, bs='bs',m=c(1,1))_binomial_GCV.Cp"
[1] "Lrnr_cv_selector_NULL"
predictions 
  0.1968763 
predictions 
  0.1481897 
[1] "done"
[1] "Lrnr_cv"
[1] "Lrnr_xgboost_10_1_15_5_0.2" "Lrnr_xgboost_10_1_15_2_0.2"
[3] "Lrnr_xgboost_10_1_15_3_0.2" "Lrnr_xgboost_10_1_15_4_0.2"
[1] "Lrnr_cv_selector_NULL"
Lrnr_xgboost_10_1_15_5_0.2 Lrnr_xgboost_10_1_15_2_0.2 
                 0.2025267                  0.2029609 
Lrnr_xgboost_10_1_15_3_0.2 Lrnr_xgboost_10_1_15_4_0.2 
                 0.2004867                  0.2008410 
Lrnr_xgboost_10_1_15_5_0.2 Lrnr_xgboost_10_1_15_2_0.2 
                 0.1558894                  0.1617576 
Lrnr_xgboost_10_1_15_3_0.2 Lrnr_xgboost_10_1_15_4_0.2 
                 0.1577864                  0.1554186 
[1] "done"
[1] "Lrnr_cv"
[1] "Lrnr_ranger_500_TRUE_none_1_10_5"
[1] "Lrnr_cv_selector_NULL"
predictions 
  0.2061871 
predictions 
  0.1569733 
[1] "done"
[1] "Lrnr_cv"
[1] "Lrnr_mean"
NULL
NULL
[1] "done"
[1] "earth"
[1] "gam_1"
[1] "xgboost"
[1] "rf"
[1] "iter: 3"
[1] "Lrnr_cv"
[1] "Lrnr_earth_2_3_cv_5_1_0_0_binomial_100"
[1] "Lrnr_cv_selector_NULL"
predictions 
  0.1883033 
predictions 
  0.1743809 
[1] "done"
[1] "Lrnr_cv"
[1] "Lrnr_gam_Y~s(W1, k = 40, bs='bs',m=c(1,1)) + s(W2, k = 40, bs='bs',m=c(1,1)) + s(W3, k = 40, bs='bs',m=c(1,1))_binomial_GCV.Cp"
[1] "Lrnr_cv_selector_NULL"
predictions 
  0.1879509 
predictions 
  0.1717212 
[1] "done"
[1] "Lrnr_cv"
[1] "Lrnr_xgboost_10_1_15_5_0.2" "Lrnr_xgboost_10_1_15_2_0.2"
[3] "Lrnr_xgboost_10_1_15_3_0.2" "Lrnr_xgboost_10_1_15_4_0.2"
[1] "Lrnr_cv_selector_NULL"
Lrnr_xgboost_10_1_15_5_0.2 Lrnr_xgboost_10_1_15_2_0.2 
                 0.1922293                  0.1975721 
Lrnr_xgboost_10_1_15_3_0.2 Lrnr_xgboost_10_1_15_4_0.2 
                 0.1950079                  0.1917481 
Lrnr_xgboost_10_1_15_5_0.2 Lrnr_xgboost_10_1_15_2_0.2 
                 0.1761855                  0.1807393 
Lrnr_xgboost_10_1_15_3_0.2 Lrnr_xgboost_10_1_15_4_0.2 
                 0.1766101                  0.1760078 
[1] "done"
[1] "Lrnr_cv"
[1] "Lrnr_ranger_500_TRUE_none_1_10_5"
[1] "Lrnr_cv_selector_NULL"
predictions 
  0.2015186 
predictions 
  0.1846387 
[1] "done"
[1] "Lrnr_cv"
[1] "Lrnr_mean"
NULL
NULL
[1] "done"
[1] "earth"
[1] "gam_1"
[1] "xgboost"
[1] "rf"
[1] "iter: 4"
[1] "Lrnr_cv"
[1] "Lrnr_earth_2_3_cv_5_1_0_0_binomial_100"
[1] "Lrnr_cv_selector_NULL"
predictions 
  0.1819299 
predictions 
  0.1583771 
[1] "done"
[1] "Lrnr_cv"
[1] "Lrnr_gam_Y~s(W1, k = 40, bs='bs',m=c(1,1)) + s(W2, k = 40, bs='bs',m=c(1,1)) + s(W3, k = 40, bs='bs',m=c(1,1))_binomial_GCV.Cp"
[1] "Lrnr_cv_selector_NULL"
predictions 
  0.1827841 
predictions 
  0.1574946 
[1] "done"
[1] "Lrnr_cv"
[1] "Lrnr_xgboost_10_1_15_5_0.2" "Lrnr_xgboost_10_1_15_2_0.2"
[3] "Lrnr_xgboost_10_1_15_3_0.2" "Lrnr_xgboost_10_1_15_4_0.2"
[1] "Lrnr_cv_selector_NULL"
Lrnr_xgboost_10_1_15_5_0.2 Lrnr_xgboost_10_1_15_2_0.2 
                 0.1847414                  0.1929913 
Lrnr_xgboost_10_1_15_3_0.2 Lrnr_xgboost_10_1_15_4_0.2 
                 0.1870033                  0.1853861 
Lrnr_xgboost_10_1_15_5_0.2 Lrnr_xgboost_10_1_15_2_0.2 
                 0.1640550                  0.1681792 
Lrnr_xgboost_10_1_15_3_0.2 Lrnr_xgboost_10_1_15_4_0.2 
                 0.1651604                  0.1637676 
[1] "done"
[1] "Lrnr_cv"
[1] "Lrnr_ranger_500_TRUE_none_1_10_5"
[1] "Lrnr_cv_selector_NULL"
predictions 
  0.1869144 
predictions 
  0.1670849 
[1] "done"
[1] "Lrnr_cv"
[1] "Lrnr_mean"
NULL
NULL
[1] "done"
[1] "earth"
[1] "gam_1"
[1] "xgboost"
[1] "rf"
[1] "iter: 5"
[1] "Lrnr_cv"
[1] "Lrnr_earth_2_3_cv_5_1_0_0_binomial_100"
[1] "Lrnr_cv_selector_NULL"
predictions 
  0.1965273 
predictions 
  0.1501711 
[1] "done"
[1] "Lrnr_cv"
[1] "Lrnr_gam_Y~s(W1, k = 40, bs='bs',m=c(1,1)) + s(W2, k = 40, bs='bs',m=c(1,1)) + s(W3, k = 40, bs='bs',m=c(1,1))_binomial_GCV.Cp"
[1] "Lrnr_cv_selector_NULL"
predictions 
  0.1937328 
predictions 
  0.1499636 
[1] "done"
[1] "Lrnr_cv"
[1] "Lrnr_xgboost_10_1_15_5_0.2" "Lrnr_xgboost_10_1_15_2_0.2"
[3] "Lrnr_xgboost_10_1_15_3_0.2" "Lrnr_xgboost_10_1_15_4_0.2"
[1] "Lrnr_cv_selector_NULL"
Lrnr_xgboost_10_1_15_5_0.2 Lrnr_xgboost_10_1_15_2_0.2 
                 0.2003154                  0.2024859 
Lrnr_xgboost_10_1_15_3_0.2 Lrnr_xgboost_10_1_15_4_0.2 
                 0.1997994                  0.2002217 
Lrnr_xgboost_10_1_15_5_0.2 Lrnr_xgboost_10_1_15_2_0.2 
                 0.1557800                  0.1628397 
Lrnr_xgboost_10_1_15_3_0.2 Lrnr_xgboost_10_1_15_4_0.2 
                 0.1572567                  0.1553458 
[1] "done"
[1] "Lrnr_cv"
[1] "Lrnr_ranger_500_TRUE_none_1_10_5"
[1] "Lrnr_cv_selector_NULL"
predictions 
  0.2029835 
predictions 
  0.1541056 
[1] "done"
[1] "Lrnr_cv"
[1] "Lrnr_mean"
NULL
NULL
[1] "done"
[1] "earth"
[1] "gam_1"
[1] "xgboost"
[1] "rf"
[1] "iter: 6"
[1] "Lrnr_cv"
[1] "Lrnr_earth_2_3_cv_5_1_0_0_binomial_100"
[1] "Lrnr_cv_selector_NULL"
predictions 
   0.194733 
predictions 
  0.1591296 
[1] "done"
[1] "Lrnr_cv"
[1] "Lrnr_gam_Y~s(W1, k = 40, bs='bs',m=c(1,1)) + s(W2, k = 40, bs='bs',m=c(1,1)) + s(W3, k = 40, bs='bs',m=c(1,1))_binomial_GCV.Cp"
[1] "Lrnr_cv_selector_NULL"
predictions 
  0.1947341 
predictions 
  0.1573583 
[1] "done"
[1] "Lrnr_cv"
[1] "Lrnr_xgboost_10_1_15_5_0.2" "Lrnr_xgboost_10_1_15_2_0.2"
[3] "Lrnr_xgboost_10_1_15_3_0.2" "Lrnr_xgboost_10_1_15_4_0.2"
[1] "Lrnr_cv_selector_NULL"
Lrnr_xgboost_10_1_15_5_0.2 Lrnr_xgboost_10_1_15_2_0.2 
                 0.2015451                  0.2049459 
Lrnr_xgboost_10_1_15_3_0.2 Lrnr_xgboost_10_1_15_4_0.2 
                 0.2013392                  0.2021306 
Lrnr_xgboost_10_1_15_5_0.2 Lrnr_xgboost_10_1_15_2_0.2 
                 0.1644169                  0.1684381 
Lrnr_xgboost_10_1_15_3_0.2 Lrnr_xgboost_10_1_15_4_0.2 
                 0.1656045                  0.1648487 
[1] "done"
[1] "Lrnr_cv"
[1] "Lrnr_ranger_500_TRUE_none_1_10_5"
[1] "Lrnr_cv_selector_NULL"
predictions 
  0.2049059 
predictions 
  0.1682575 
[1] "done"
[1] "Lrnr_cv"
[1] "Lrnr_mean"
NULL
NULL
[1] "done"
[1] "earth"
[1] "gam_1"
[1] "xgboost"
[1] "rf"
[1] "iter: 7"
[1] "Lrnr_cv"
[1] "Lrnr_earth_2_3_cv_5_1_0_0_binomial_100"
[1] "Lrnr_cv_selector_NULL"
predictions 
  0.1929469 
predictions 
  0.1568947 
[1] "done"
[1] "Lrnr_cv"
[1] "Lrnr_gam_Y~s(W1, k = 40, bs='bs',m=c(1,1)) + s(W2, k = 40, bs='bs',m=c(1,1)) + s(W3, k = 40, bs='bs',m=c(1,1))_binomial_GCV.Cp"
[1] "Lrnr_cv_selector_NULL"
predictions 
  0.1920643 
predictions 
  0.1538551 
[1] "done"
[1] "Lrnr_cv"
[1] "Lrnr_xgboost_10_1_15_5_0.2" "Lrnr_xgboost_10_1_15_2_0.2"
[3] "Lrnr_xgboost_10_1_15_3_0.2" "Lrnr_xgboost_10_1_15_4_0.2"
[1] "Lrnr_cv_selector_NULL"
Lrnr_xgboost_10_1_15_5_0.2 Lrnr_xgboost_10_1_15_2_0.2 
                 0.1969512                  0.1997283 
Lrnr_xgboost_10_1_15_3_0.2 Lrnr_xgboost_10_1_15_4_0.2 
                 0.1974494                  0.1971999 
Lrnr_xgboost_10_1_15_5_0.2 Lrnr_xgboost_10_1_15_2_0.2 
                 0.1582189                  0.1627744 
Lrnr_xgboost_10_1_15_3_0.2 Lrnr_xgboost_10_1_15_4_0.2 
                 0.1596138                  0.1578124 
[1] "done"
[1] "Lrnr_cv"
[1] "Lrnr_ranger_500_TRUE_none_1_10_5"
[1] "Lrnr_cv_selector_NULL"
predictions 
  0.1976621 
predictions 
  0.1593783 
[1] "done"
[1] "Lrnr_cv"
[1] "Lrnr_mean"
NULL
NULL
[1] "done"
[1] "earth"
[1] "gam_1"
[1] "xgboost"
[1] "rf"
[1] "iter: 8"
[1] "Lrnr_cv"
[1] "Lrnr_earth_2_3_cv_5_1_0_0_binomial_100"
[1] "Lrnr_cv_selector_NULL"
predictions 
  0.1902002 
predictions 
  0.1597354 
[1] "done"
[1] "Lrnr_cv"
[1] "Lrnr_gam_Y~s(W1, k = 40, bs='bs',m=c(1,1)) + s(W2, k = 40, bs='bs',m=c(1,1)) + s(W3, k = 40, bs='bs',m=c(1,1))_binomial_GCV.Cp"
[1] "Lrnr_cv_selector_NULL"
predictions 
  0.1906073 
predictions 
  0.1578709 
[1] "done"
[1] "Lrnr_cv"
[1] "Lrnr_xgboost_10_1_15_5_0.2" "Lrnr_xgboost_10_1_15_2_0.2"
[3] "Lrnr_xgboost_10_1_15_3_0.2" "Lrnr_xgboost_10_1_15_4_0.2"
[1] "Lrnr_cv_selector_NULL"
Lrnr_xgboost_10_1_15_5_0.2 Lrnr_xgboost_10_1_15_2_0.2 
                 0.1963790                  0.2007489 
Lrnr_xgboost_10_1_15_3_0.2 Lrnr_xgboost_10_1_15_4_0.2 
                 0.1961332                  0.1961628 
Lrnr_xgboost_10_1_15_5_0.2 Lrnr_xgboost_10_1_15_2_0.2 
                 0.1637310                  0.1703101 
Lrnr_xgboost_10_1_15_3_0.2 Lrnr_xgboost_10_1_15_4_0.2 
                 0.1668207                  0.1645791 
[1] "done"
[1] "Lrnr_cv"
[1] "Lrnr_ranger_500_TRUE_none_1_10_5"
[1] "Lrnr_cv_selector_NULL"
predictions 
  0.1985561 
predictions 
  0.1681757 
[1] "done"
[1] "Lrnr_cv"
[1] "Lrnr_mean"
NULL
NULL
[1] "done"
[1] "earth"
[1] "gam_1"
[1] "xgboost"
[1] "rf"
[1] "iter: 9"
[1] "Lrnr_cv"
[1] "Lrnr_earth_2_3_cv_5_1_0_0_binomial_100"
[1] "Lrnr_cv_selector_NULL"
predictions 
  0.1954648 
predictions 
  0.1636679 
[1] "done"
[1] "Lrnr_cv"
[1] "Lrnr_gam_Y~s(W1, k = 40, bs='bs',m=c(1,1)) + s(W2, k = 40, bs='bs',m=c(1,1)) + s(W3, k = 40, bs='bs',m=c(1,1))_binomial_GCV.Cp"
[1] "Lrnr_cv_selector_NULL"
predictions 
  0.1949445 
predictions 
  0.1623555 
[1] "done"
[1] "Lrnr_cv"
[1] "Lrnr_xgboost_10_1_15_5_0.2" "Lrnr_xgboost_10_1_15_2_0.2"
[3] "Lrnr_xgboost_10_1_15_3_0.2" "Lrnr_xgboost_10_1_15_4_0.2"
[1] "Lrnr_cv_selector_NULL"
Lrnr_xgboost_10_1_15_5_0.2 Lrnr_xgboost_10_1_15_2_0.2 
                 0.1994205                  0.2031058 
Lrnr_xgboost_10_1_15_3_0.2 Lrnr_xgboost_10_1_15_4_0.2 
                 0.1999782                  0.1994897 
Lrnr_xgboost_10_1_15_5_0.2 Lrnr_xgboost_10_1_15_2_0.2 
                 0.1674198                  0.1717237 
Lrnr_xgboost_10_1_15_3_0.2 Lrnr_xgboost_10_1_15_4_0.2 
                 0.1679389                  0.1673017 
[1] "done"
[1] "Lrnr_cv"
[1] "Lrnr_ranger_500_TRUE_none_1_10_5"
[1] "Lrnr_cv_selector_NULL"
predictions 
  0.2056153 
predictions 
  0.1682782 
[1] "done"
[1] "Lrnr_cv"
[1] "Lrnr_mean"
NULL
NULL
[1] "done"
[1] "earth"
[1] "gam_1"
[1] "xgboost"
[1] "rf"
[1] "iter: 10"
[1] "Lrnr_cv"
[1] "Lrnr_earth_2_3_cv_5_1_0_0_binomial_100"
[1] "Lrnr_cv_selector_NULL"
