LOADING R
R LOADED
[1] "/home/lvanderl/Rlibs2"                         
[2] "/app/software/R/4.3.1-gfbf-2022b/lib/R/library"
[1] "/home/lvanderl/sieveSims"
[1] "iter: 1"
[1] "Lrnr_cv"
[1] "Lrnr_earth_1_3_cv_5_1_0_0_binomial_100"
[1] "Lrnr_cv_selector_NULL"
predictions 
  0.1891869 
predictions 
  0.1663992 
[1] "done"
[1] "Lrnr_cv"
[1] "Lrnr_gam_Y~s(W1, k = 40, bs='bs',m=c(1,1)) + s(W2, k = 40, bs='bs',m=c(1,1)) + s(W3, k = 40, bs='bs',m=c(1,1))_binomial_GCV.Cp"
[1] "Lrnr_cv_selector_NULL"
predictions 
  0.1883714 
predictions 
  0.1633983 
[1] "done"
[1] "Lrnr_cv"
[1] "Lrnr_xgboost_10_1_10_5_0.2" "Lrnr_xgboost_10_1_10_2_0.2"
[3] "Lrnr_xgboost_10_1_10_3_0.2" "Lrnr_xgboost_10_1_10_4_0.2"
[5] "Lrnr_xgboost_20_1_10_5_0.2" "Lrnr_xgboost_20_1_10_2_0.2"
[7] "Lrnr_xgboost_20_1_10_3_0.2" "Lrnr_xgboost_20_1_10_4_0.2"
[1] "Lrnr_cv_selector_NULL"
Lrnr_xgboost_10_1_10_5_0.2 Lrnr_xgboost_10_1_10_2_0.2 
                 0.1921932                  0.1969604 
Lrnr_xgboost_10_1_10_3_0.2 Lrnr_xgboost_10_1_10_4_0.2 
                 0.1932214                  0.1919092 
Lrnr_xgboost_20_1_10_5_0.2 Lrnr_xgboost_20_1_10_2_0.2 
                 0.1936614                  0.1915645 
Lrnr_xgboost_20_1_10_3_0.2 Lrnr_xgboost_20_1_10_4_0.2 
                 0.1906313                  0.1921828 
Lrnr_xgboost_10_1_10_5_0.2 Lrnr_xgboost_10_1_10_2_0.2 
                 0.1693735                  0.1721270 
Lrnr_xgboost_10_1_10_3_0.2 Lrnr_xgboost_10_1_10_4_0.2 
                 0.1694498                  0.1700024 
Lrnr_xgboost_20_1_10_5_0.2 Lrnr_xgboost_20_1_10_2_0.2 
                 0.1696351                  0.1669139 
Lrnr_xgboost_20_1_10_3_0.2 Lrnr_xgboost_20_1_10_4_0.2 
                 0.1674456                  0.1692725 
[1] "done"
[1] "Lrnr_cv"
[1] "Lrnr_ranger_500_TRUE_none_1_8_10"
[1] "Lrnr_cv_selector_NULL"
predictions 
  0.1923111 
predictions 
  0.1700994 
[1] "done"
[1] "Lrnr_cv"
[1] "Lrnr_glmnet_NULL_deviance_10_1_100_TRUE"
[2] "Lrnr_gam_NULL_NULL_GCV.Cp"              
[3] "Lrnr_earth_2_3_backward_0_1_0_0"        
[4] "Lrnr_ranger_500_TRUE_none_1_10_5"       
[5] "Lrnr_xgboost_15_1_15_5_0.2"             
[6] "Lrnr_xgboost_15_1_15_2_0.2"             
[7] "Lrnr_xgboost_15_1_15_3_0.2"             
[8] "Lrnr_xgboost_15_1_15_4_0.2"             
[1] "Lrnr_cv_selector_NULL"
Lrnr_glmnet_NULL_deviance_10_1_100_TRUE               Lrnr_gam_NULL_NULL_GCV.Cp 
                              0.2124823                               0.1878987 
        Lrnr_earth_2_3_backward_0_1_0_0        Lrnr_ranger_500_TRUE_none_1_10_5 
                              0.1915895                               0.1946743 
             Lrnr_xgboost_15_1_15_5_0.2              Lrnr_xgboost_15_1_15_2_0.2 
                              0.1933384                               0.1932349 
             Lrnr_xgboost_15_1_15_3_0.2              Lrnr_xgboost_15_1_15_4_0.2 
                              0.1917307                               0.1910951 
Lrnr_glmnet_NULL_deviance_10_1_100_TRUE               Lrnr_gam_NULL_NULL_GCV.Cp 
                              0.1826673                               0.1629156 
        Lrnr_earth_2_3_backward_0_1_0_0        Lrnr_ranger_500_TRUE_none_1_10_5 
                              0.1654367                               0.1731631 
             Lrnr_xgboost_15_1_15_5_0.2              Lrnr_xgboost_15_1_15_2_0.2 
                              0.1683073                               0.1675433 
             Lrnr_xgboost_15_1_15_3_0.2              Lrnr_xgboost_15_1_15_4_0.2 
                              0.1666192                               0.1677325 
[1] "done"
[1] "Lrnr_cv"
[1] "Lrnr_mean"
NULL
NULL
[1] "done"
[1] "earth"
[1] "gam_1"
[1] "xgboost"
[1] "rf"
[1] "all"
[1] "iter: 2"
[1] "Lrnr_cv"
[1] "Lrnr_earth_1_3_cv_5_1_0_0_binomial_100"
[1] "Lrnr_cv_selector_NULL"
predictions 
  0.1954495 
predictions 
  0.1681147 
[1] "done"
[1] "Lrnr_cv"
[1] "Lrnr_gam_Y~s(W1, k = 40, bs='bs',m=c(1,1)) + s(W2, k = 40, bs='bs',m=c(1,1)) + s(W3, k = 40, bs='bs',m=c(1,1))_binomial_GCV.Cp"
[1] "Lrnr_cv_selector_NULL"
predictions 
  0.1950048 
predictions 
  0.1674345 
[1] "done"
[1] "Lrnr_cv"
[1] "Lrnr_xgboost_10_1_10_5_0.2" "Lrnr_xgboost_10_1_10_2_0.2"
[3] "Lrnr_xgboost_10_1_10_3_0.2" "Lrnr_xgboost_10_1_10_4_0.2"
[5] "Lrnr_xgboost_20_1_10_5_0.2" "Lrnr_xgboost_20_1_10_2_0.2"
[7] "Lrnr_xgboost_20_1_10_3_0.2" "Lrnr_xgboost_20_1_10_4_0.2"
[1] "Lrnr_cv_selector_NULL"
Lrnr_xgboost_10_1_10_5_0.2 Lrnr_xgboost_10_1_10_2_0.2 
                 0.1965098                  0.2009271 
Lrnr_xgboost_10_1_10_3_0.2 Lrnr_xgboost_10_1_10_4_0.2 
                 0.1977741                  0.1977932 
Lrnr_xgboost_20_1_10_5_0.2 Lrnr_xgboost_20_1_10_2_0.2 
                 0.1975712                  0.1957277 
Lrnr_xgboost_20_1_10_3_0.2 Lrnr_xgboost_20_1_10_4_0.2 
                 0.1958683                  0.1963672 
Lrnr_xgboost_10_1_10_5_0.2 Lrnr_xgboost_10_1_10_2_0.2 
                 0.1733470                  0.1775969 
Lrnr_xgboost_10_1_10_3_0.2 Lrnr_xgboost_10_1_10_4_0.2 
                 0.1730756                  0.1725367 
Lrnr_xgboost_20_1_10_5_0.2 Lrnr_xgboost_20_1_10_2_0.2 
                 0.1730383                  0.1700587 
Lrnr_xgboost_20_1_10_3_0.2 Lrnr_xgboost_20_1_10_4_0.2 
                 0.1697567                  0.1714633 
[1] "done"
[1] "Lrnr_cv"
[1] "Lrnr_ranger_500_TRUE_none_1_8_10"
[1] "Lrnr_cv_selector_NULL"
predictions 
  0.1970223 
predictions 
  0.1724586 
[1] "done"
[1] "Lrnr_cv"
[1] "Lrnr_glmnet_NULL_deviance_10_1_100_TRUE"
[2] "Lrnr_gam_NULL_NULL_GCV.Cp"              
[3] "Lrnr_earth_2_3_backward_0_1_0_0"        
[4] "Lrnr_ranger_500_TRUE_none_1_10_5"       
[5] "Lrnr_xgboost_15_1_15_5_0.2"             
[6] "Lrnr_xgboost_15_1_15_2_0.2"             
[7] "Lrnr_xgboost_15_1_15_3_0.2"             
[8] "Lrnr_xgboost_15_1_15_4_0.2"             
[1] "Lrnr_cv_selector_NULL"
Lrnr_glmnet_NULL_deviance_10_1_100_TRUE               Lrnr_gam_NULL_NULL_GCV.Cp 
                              0.2109190                               0.1957727 
        Lrnr_earth_2_3_backward_0_1_0_0        Lrnr_ranger_500_TRUE_none_1_10_5 
                              0.1963366                               0.1983151 
             Lrnr_xgboost_15_1_15_5_0.2              Lrnr_xgboost_15_1_15_2_0.2 
                              0.1954512                               0.1973276 
             Lrnr_xgboost_15_1_15_3_0.2              Lrnr_xgboost_15_1_15_4_0.2 
                              0.1949961                               0.1948506 
Lrnr_glmnet_NULL_deviance_10_1_100_TRUE               Lrnr_gam_NULL_NULL_GCV.Cp 
                              0.1910765                               0.1679316 
        Lrnr_earth_2_3_backward_0_1_0_0        Lrnr_ranger_500_TRUE_none_1_10_5 
                              0.1729303                               0.1746770 
             Lrnr_xgboost_15_1_15_5_0.2              Lrnr_xgboost_15_1_15_2_0.2 
                              0.1709104                               0.1721225 
             Lrnr_xgboost_15_1_15_3_0.2              Lrnr_xgboost_15_1_15_4_0.2 
                              0.1705646                               0.1704197 
[1] "done"
[1] "Lrnr_cv"
[1] "Lrnr_mean"
NULL
NULL
[1] "done"
[1] "earth"
[1] "gam_1"
[1] "xgboost"
[1] "rf"
[1] "all"
[1] "iter: 3"
[1] "Lrnr_cv"
[1] "Lrnr_earth_1_3_cv_5_1_0_0_binomial_100"
[1] "Lrnr_cv_selector_NULL"
predictions 
  0.1952532 
predictions 
  0.1574932 
[1] "done"
[1] "Lrnr_cv"
[1] "Lrnr_gam_Y~s(W1, k = 40, bs='bs',m=c(1,1)) + s(W2, k = 40, bs='bs',m=c(1,1)) + s(W3, k = 40, bs='bs',m=c(1,1))_binomial_GCV.Cp"
[1] "Lrnr_cv_selector_NULL"
predictions 
  0.1931125 
predictions 
  0.1559922 
[1] "done"
[1] "Lrnr_cv"
[1] "Lrnr_xgboost_10_1_10_5_0.2" "Lrnr_xgboost_10_1_10_2_0.2"
[3] "Lrnr_xgboost_10_1_10_3_0.2" "Lrnr_xgboost_10_1_10_4_0.2"
[5] "Lrnr_xgboost_20_1_10_5_0.2" "Lrnr_xgboost_20_1_10_2_0.2"
[7] "Lrnr_xgboost_20_1_10_3_0.2" "Lrnr_xgboost_20_1_10_4_0.2"
[1] "Lrnr_cv_selector_NULL"
Lrnr_xgboost_10_1_10_5_0.2 Lrnr_xgboost_10_1_10_2_0.2 
                 0.1968209                  0.1989216 
Lrnr_xgboost_10_1_10_3_0.2 Lrnr_xgboost_10_1_10_4_0.2 
                 0.1957834                  0.1963310 
Lrnr_xgboost_20_1_10_5_0.2 Lrnr_xgboost_20_1_10_2_0.2 
                 0.1972454                  0.1940632 
Lrnr_xgboost_20_1_10_3_0.2 Lrnr_xgboost_20_1_10_4_0.2 
                 0.1943119                  0.1968479 
Lrnr_xgboost_10_1_10_5_0.2 Lrnr_xgboost_10_1_10_2_0.2 
                 0.1619367                  0.1681709 
Lrnr_xgboost_10_1_10_3_0.2 Lrnr_xgboost_10_1_10_4_0.2 
                 0.1626232                  0.1617041 
Lrnr_xgboost_20_1_10_5_0.2 Lrnr_xgboost_20_1_10_2_0.2 
                 0.1606169                  0.1598034 
Lrnr_xgboost_20_1_10_3_0.2 Lrnr_xgboost_20_1_10_4_0.2 
                 0.1591129                  0.1594102 
[1] "done"
[1] "Lrnr_cv"
[1] "Lrnr_ranger_500_TRUE_none_1_8_10"
[1] "Lrnr_cv_selector_NULL"
predictions 
  0.1962257 
predictions 
  0.1613916 
[1] "done"
[1] "Lrnr_cv"
[1] "Lrnr_glmnet_NULL_deviance_10_1_100_TRUE"
[2] "Lrnr_gam_NULL_NULL_GCV.Cp"              
[3] "Lrnr_earth_2_3_backward_0_1_0_0"        
[4] "Lrnr_ranger_500_TRUE_none_1_10_5"       
[5] "Lrnr_xgboost_15_1_15_5_0.2"             
[6] "Lrnr_xgboost_15_1_15_2_0.2"             
[7] "Lrnr_xgboost_15_1_15_3_0.2"             
[8] "Lrnr_xgboost_15_1_15_4_0.2"             
[1] "Lrnr_cv_selector_NULL"
Lrnr_glmnet_NULL_deviance_10_1_100_TRUE               Lrnr_gam_NULL_NULL_GCV.Cp 
                              0.2151013                               0.1934305 
        Lrnr_earth_2_3_backward_0_1_0_0        Lrnr_ranger_500_TRUE_none_1_10_5 
                              0.1962334                               0.1982241 
             Lrnr_xgboost_15_1_15_5_0.2              Lrnr_xgboost_15_1_15_2_0.2 
                              0.1962564                               0.1959010 
             Lrnr_xgboost_15_1_15_3_0.2              Lrnr_xgboost_15_1_15_4_0.2 
                              0.1932406                               0.1958825 
Lrnr_glmnet_NULL_deviance_10_1_100_TRUE               Lrnr_gam_NULL_NULL_GCV.Cp 
                              0.1797012                               0.1552445 
        Lrnr_earth_2_3_backward_0_1_0_0        Lrnr_ranger_500_TRUE_none_1_10_5 
                              0.1566529                               0.1645637 
             Lrnr_xgboost_15_1_15_5_0.2              Lrnr_xgboost_15_1_15_2_0.2 
                              0.1604305                               0.1620580 
             Lrnr_xgboost_15_1_15_3_0.2              Lrnr_xgboost_15_1_15_4_0.2 
                              0.1597110                               0.1594320 
[1] "done"
[1] "Lrnr_cv"
[1] "Lrnr_mean"
NULL
NULL
[1] "done"
[1] "earth"
[1] "gam_1"
[1] "xgboost"
[1] "rf"
[1] "all"
[1] "iter: 4"
[1] "Lrnr_cv"
[1] "Lrnr_earth_1_3_cv_5_1_0_0_binomial_100"
[1] "Lrnr_cv_selector_NULL"
predictions 
  0.1950873 
predictions 
  0.1544508 
[1] "done"
[1] "Lrnr_cv"
[1] "Lrnr_gam_Y~s(W1, k = 40, bs='bs',m=c(1,1)) + s(W2, k = 40, bs='bs',m=c(1,1)) + s(W3, k = 40, bs='bs',m=c(1,1))_binomial_GCV.Cp"
[1] "Lrnr_cv_selector_NULL"
predictions 
  0.1946713 
predictions 
  0.1540273 
[1] "done"
[1] "Lrnr_cv"
[1] "Lrnr_xgboost_10_1_10_5_0.2" "Lrnr_xgboost_10_1_10_2_0.2"
[3] "Lrnr_xgboost_10_1_10_3_0.2" "Lrnr_xgboost_10_1_10_4_0.2"
[5] "Lrnr_xgboost_20_1_10_5_0.2" "Lrnr_xgboost_20_1_10_2_0.2"
[7] "Lrnr_xgboost_20_1_10_3_0.2" "Lrnr_xgboost_20_1_10_4_0.2"
[1] "Lrnr_cv_selector_NULL"
Lrnr_xgboost_10_1_10_5_0.2 Lrnr_xgboost_10_1_10_2_0.2 
                 0.1983548                  0.2027323 
Lrnr_xgboost_10_1_10_3_0.2 Lrnr_xgboost_10_1_10_4_0.2 
                 0.1997417                  0.1990907 
Lrnr_xgboost_20_1_10_5_0.2 Lrnr_xgboost_20_1_10_2_0.2 
                 0.2005575                  0.1985442 
Lrnr_xgboost_20_1_10_3_0.2 Lrnr_xgboost_20_1_10_4_0.2 
                 0.1975630                  0.1995426 
Lrnr_xgboost_10_1_10_5_0.2 Lrnr_xgboost_10_1_10_2_0.2 
                 0.1578527                  0.1632116 
Lrnr_xgboost_10_1_10_3_0.2 Lrnr_xgboost_10_1_10_4_0.2 
                 0.1582119                  0.1581780 
Lrnr_xgboost_20_1_10_5_0.2 Lrnr_xgboost_20_1_10_2_0.2 
                 0.1580875                  0.1580795 
Lrnr_xgboost_20_1_10_3_0.2 Lrnr_xgboost_20_1_10_4_0.2 
                 0.1556240                  0.1568741 
[1] "done"
[1] "Lrnr_cv"
[1] "Lrnr_ranger_500_TRUE_none_1_8_10"
[1] "Lrnr_cv_selector_NULL"
predictions 
   0.198474 
predictions 
  0.1584043 
[1] "done"
[1] "Lrnr_cv"
[1] "Lrnr_glmnet_NULL_deviance_10_1_100_TRUE"
[2] "Lrnr_gam_NULL_NULL_GCV.Cp"              
[3] "Lrnr_earth_2_3_backward_0_1_0_0"        
[4] "Lrnr_ranger_500_TRUE_none_1_10_5"       
[5] "Lrnr_xgboost_15_1_15_5_0.2"             
[6] "Lrnr_xgboost_15_1_15_2_0.2"             
[7] "Lrnr_xgboost_15_1_15_3_0.2"             
[8] "Lrnr_xgboost_15_1_15_4_0.2"             
[1] "Lrnr_cv_selector_NULL"
Lrnr_glmnet_NULL_deviance_10_1_100_TRUE               Lrnr_gam_NULL_NULL_GCV.Cp 
                              0.2125432                               0.1940056 
        Lrnr_earth_2_3_backward_0_1_0_0        Lrnr_ranger_500_TRUE_none_1_10_5 
                              0.1970622                               0.2002807 
             Lrnr_xgboost_15_1_15_5_0.2              Lrnr_xgboost_15_1_15_2_0.2 
                              0.1981662                               0.1999331 
             Lrnr_xgboost_15_1_15_3_0.2              Lrnr_xgboost_15_1_15_4_0.2 
                              0.1980255                               0.1976018 
Lrnr_glmnet_NULL_deviance_10_1_100_TRUE               Lrnr_gam_NULL_NULL_GCV.Cp 
                              0.1712357                               0.1538123 
        Lrnr_earth_2_3_backward_0_1_0_0        Lrnr_ranger_500_TRUE_none_1_10_5 
                              0.1556966                               0.1619345 
             Lrnr_xgboost_15_1_15_5_0.2              Lrnr_xgboost_15_1_15_2_0.2 
                              0.1556820                               0.1593233 
             Lrnr_xgboost_15_1_15_3_0.2              Lrnr_xgboost_15_1_15_4_0.2 
                              0.1556291                               0.1561048 
[1] "done"
[1] "Lrnr_cv"
[1] "Lrnr_mean"
NULL
NULL
[1] "done"
[1] "earth"
[1] "gam_1"
[1] "xgboost"
[1] "rf"
[1] "all"
[1] "iter: 5"
[1] "Lrnr_cv"
[1] "Lrnr_earth_1_3_cv_5_1_0_0_binomial_100"
[1] "Lrnr_cv_selector_NULL"
predictions 
  0.1911377 
predictions 
  0.1556669 
[1] "done"
[1] "Lrnr_cv"
[1] "Lrnr_gam_Y~s(W1, k = 40, bs='bs',m=c(1,1)) + s(W2, k = 40, bs='bs',m=c(1,1)) + s(W3, k = 40, bs='bs',m=c(1,1))_binomial_GCV.Cp"
[1] "Lrnr_cv_selector_NULL"
predictions 
  0.1910652 
predictions 
  0.1550605 
[1] "done"
[1] "Lrnr_cv"
[1] "Lrnr_xgboost_10_1_10_5_0.2" "Lrnr_xgboost_10_1_10_2_0.2"
[3] "Lrnr_xgboost_10_1_10_3_0.2" "Lrnr_xgboost_10_1_10_4_0.2"
[5] "Lrnr_xgboost_20_1_10_5_0.2" "Lrnr_xgboost_20_1_10_2_0.2"
[7] "Lrnr_xgboost_20_1_10_3_0.2" "Lrnr_xgboost_20_1_10_4_0.2"
[1] "Lrnr_cv_selector_NULL"
Lrnr_xgboost_10_1_10_5_0.2 Lrnr_xgboost_10_1_10_2_0.2 
                 0.1945796                  0.1962813 
Lrnr_xgboost_10_1_10_3_0.2 Lrnr_xgboost_10_1_10_4_0.2 
                 0.1932580                  0.1934636 
Lrnr_xgboost_20_1_10_5_0.2 Lrnr_xgboost_20_1_10_2_0.2 
                 0.1949361                  0.1922977 
Lrnr_xgboost_20_1_10_3_0.2 Lrnr_xgboost_20_1_10_4_0.2 
                 0.1921801                  0.1943689 
Lrnr_xgboost_10_1_10_5_0.2 Lrnr_xgboost_10_1_10_2_0.2 
                 0.1621012                  0.1659843 
Lrnr_xgboost_10_1_10_3_0.2 Lrnr_xgboost_10_1_10_4_0.2 
                 0.1642742                  0.1618678 
Lrnr_xgboost_20_1_10_5_0.2 Lrnr_xgboost_20_1_10_2_0.2 
                 0.1629249                  0.1604549 
Lrnr_xgboost_20_1_10_3_0.2 Lrnr_xgboost_20_1_10_4_0.2 
                 0.1611216                  0.1608028 
