LOADING R
R LOADED
[1] "/home/lvanderl/Rlibs2"                         
[2] "/app/software/R/4.3.1-gfbf-2022b/lib/R/library"
[1] "/home/lvanderl/sieveSims"
[1] "iter: 1"
[1] "done"
[1] "Lrnr_cv"
[1] "Lrnr_glm_TRUE"
[1] "done"
[1] 0.1799104
[1] 0.292306
[1] 0.1799104
[1] "iter: 2"
[1] "done"
[1] "Lrnr_cv"
[1] "Lrnr_glm_TRUE"
[1] "done"
[1] 0.1274749
[1] 0.2398489
[1] 0.1274749
[1] "iter: 3"
[1] "done"
[1] "Lrnr_cv"
[1] "Lrnr_glm_TRUE"
[1] "done"
[1] 0.1004778
[1] 0.3238227
[1] 0.1004778
[1] "iter: 4"
[1] "done"
[1] "Lrnr_cv"
[1] "Lrnr_glm_TRUE"
[1] "done"
[1] 0.06827265
[1] "iter: 5"
[1] "done"
[1] "Lrnr_cv"
[1] "Lrnr_glm_TRUE"
[1] "done"
[1] 0.1095533
[1] 0.3100858
[1] 0.1095533
[1] "iter: 6"
[1] "done"
[1] "Lrnr_cv"
[1] "Lrnr_glm_TRUE"
[1] "done"
[1] 0.205244
[1] 0.36568
[1] 0.205244
[1] "iter: 7"
[1] "done"
[1] "Lrnr_cv"
[1] "Lrnr_glm_TRUE"
[1] "done"
[1] 0.05481825
[1] 0.2241193
[1] 0.05481825
[1] "iter: 8"
[1] "done"
[1] "Lrnr_cv"
[1] "Lrnr_glm_TRUE"
[1] "done"
[1] 0.05455484
[1] 0.2885526
[1] 0.05455484
[1] "iter: 9"
[1] "done"
[1] "Lrnr_cv"
[1] "Lrnr_glm_TRUE"
[1] "done"
[1] 0.1025085
[1] 0.3048066
[1] 0.1025085
[1] "iter: 10"
[1] "done"
[1] "Lrnr_cv"
[1] "Lrnr_glm_TRUE"
[1] "done"
[1] 0.1292819
[1] 0.2846253
[1] 0.1292819
[1] "iter: 11"
[1] "done"
[1] "Lrnr_cv"
[1] "Lrnr_glm_TRUE"
[1] "done"
[1] 0.1484236
[1] 0.303985
[1] 0.1484236
[1] "iter: 12"
[1] "done"
[1] "Lrnr_cv"
[1] "Lrnr_glm_TRUE"
[1] "done"
[1] 0.0557234
[1] "iter: 13"
[1] "done"
[1] "Lrnr_cv"
[1] "Lrnr_glm_TRUE"
[1] "done"
[1] 0.1688553
[1] 0.3347025
[1] 0.1688553
[1] "iter: 14"
[1] "done"
[1] "Lrnr_cv"
[1] "Lrnr_glm_TRUE"
[1] "done"
[1] 0.1168757
[1] 0.2516265
[1] 0.1168757
[1] "iter: 15"
[1] "done"
[1] "Lrnr_cv"
[1] "Lrnr_glm_TRUE"
[1] "done"
[1] 0.04047733
[1] 0.1993365
[1] 0.04047733
[1] "iter: 16"
[1] "done"
[1] "Lrnr_cv"
[1] "Lrnr_glm_TRUE"
[1] "done"
[1] 0.02421597
[1] 0.2341552
[1] 0.02421597
[1] "iter: 17"
[1] "done"
[1] "Lrnr_cv"
[1] "Lrnr_glm_TRUE"
[1] "done"
[1] 0.1126602
[1] 0.2763002
[1] 0.1126602
[1] "iter: 18"
[1] "done"
[1] "Lrnr_cv"
[1] "Lrnr_glm_TRUE"
[1] "done"
[1] 0.0923386
[1] 0.2533216
[1] 0.0923386
[1] "iter: 19"
[1] "done"
[1] "Lrnr_cv"
[1] "Lrnr_glm_TRUE"
[1] "done"
[1] 0.06398216
[1] 0.2338825
[1] 0.06398216
[1] "iter: 20"
[1] "done"
[1] "Lrnr_cv"
[1] "Lrnr_glm_TRUE"
[1] "done"
[1] 0.1469303
[1] 0.3115303
[1] 0.1469303
[1] "iter: 21"
[1] "done"
[1] "Lrnr_cv"
[1] "Lrnr_glm_TRUE"
[1] "done"
[1] 0.1697608
[1] 0.3164242
[1] 0.1697608
[1] "iter: 22"
[1] "done"
[1] "Lrnr_cv"
[1] "Lrnr_glm_TRUE"
[1] "done"
[1] 0.1197606
[1] 0.3040578
[1] "iter: 23"
[1] "done"
[1] "Lrnr_cv"
[1] "Lrnr_glm_TRUE"
[1] "done"
[1] 0.09879611
[1] 0.3064122
[1] 0.09879611
[1] "iter: 24"
[1] "done"
[1] "Lrnr_cv"
[1] "Lrnr_glm_TRUE"
[1] "done"
[1] -0.01167836
[1] 0.1925356
[1] -0.01167836
[1] "iter: 25"
[1] "done"
[1] "Lrnr_cv"
[1] "Lrnr_glm_TRUE"
[1] "done"
[1] 0.1400286
[1] 0.2949662
[1] 0.1400286
[1] "iter: 26"
[1] "done"
[1] "Lrnr_cv"
[1] "Lrnr_glm_TRUE"
[1] "done"
[1] 0.08608917
[1] 0.2728549
[1] 0.08608917
[1] "iter: 27"
[1] "done"
[1] "Lrnr_cv"
[1] "Lrnr_glm_TRUE"
[1] "done"
[1] 0.131719
[1] 0.3038105
[1] 0.131719
[1] "iter: 28"
[1] "done"
[1] "Lrnr_cv"
[1] "Lrnr_glm_TRUE"
[1] "done"
[1] 0.1509062
[1] 0.3227643
[1] 0.1509062
[1] "iter: 29"
[1] "done"
[1] "Lrnr_cv"
[1] "Lrnr_glm_TRUE"
[1] "done"
[1] 0.2041566
[1] 0.3382989
[1] 0.2041566
[1] "iter: 30"
[1] "done"
[1] "Lrnr_cv"
[1] "Lrnr_glm_TRUE"
[1] "done"
[1] 0.02061587
[1] "iter: 31"
[1] "done"
[1] "Lrnr_cv"
[1] "Lrnr_glm_TRUE"
[1] "done"
[1] 0.09538563
[1] 0.2947447
[1] 0.09538563
[1] "iter: 32"
[1] "done"
[1] "Lrnr_cv"
[1] "Lrnr_glm_TRUE"
[1] "done"
[1] 0.02518172
[1] 0.2798222
[1] 0.02518172
[1] "iter: 33"
[1] "done"
[1] "Lrnr_cv"
[1] "Lrnr_glm_TRUE"
[1] "done"
[1] 0.2552954
[1] 0.3562762
[1] 0.2552954
[1] "iter: 34"
[1] "done"
[1] "Lrnr_cv"
[1] "Lrnr_glm_TRUE"
[1] "done"
[1] 0.1347769
[1] 0.3148053
[1] 0.1347769
[1] "iter: 35"
[1] "done"
[1] "Lrnr_cv"
[1] "Lrnr_glm_TRUE"
[1] "done"
[1] 0.09371893
[1] 0.3367512
[1] 0.09371893
[1] "iter: 36"
[1] "done"
[1] "Lrnr_cv"
[1] "Lrnr_glm_TRUE"
[1] "done"
[1] 0.03440346
[1] 0.2532771
[1] 0.03440346
[1] "iter: 37"
[1] "done"
[1] "Lrnr_cv"
[1] "Lrnr_glm_TRUE"
[1] "done"
[1] 0.08044713
[1] 0.2513713
[1] 0.08044713
[1] "iter: 38"
[1] "done"
[1] "Lrnr_cv"
[1] "Lrnr_glm_TRUE"
[1] "done"
[1] 0.1279077
[1] 0.2645286
[1] 0.1279077
[1] "iter: 39"
[1] "done"
[1] "Lrnr_cv"
[1] "Lrnr_glm_TRUE"
[1] "done"
[1] 0.08916904
[1] 0.3107989
[1] 0.08916904
[1] "iter: 40"
[1] "done"
[1] "Lrnr_cv"
[1] "Lrnr_glm_TRUE"
[1] "done"
[1] 0.09699476
[1] 0.2447939
[1] 0.09699476
[1] "iter: 41"
[1] "done"
[1] "Lrnr_cv"
[1] "Lrnr_glm_TRUE"
[1] "done"
[1] 0.1244376
[1] 0.3022798
[1] 0.1244376
[1] "iter: 42"
[1] "done"
[1] "Lrnr_cv"
[1] "Lrnr_glm_TRUE"
[1] "done"
[1] 0.09341994
[1] 0.3415023
[1] 0.09341994
[1] "iter: 43"
[1] "done"
[1] "Lrnr_cv"
[1] "Lrnr_glm_TRUE"
[1] "done"
[1] 0.05665123
[1] 0.2889081
[1] 0.05665123
[1] "iter: 44"
[1] "done"
[1] "Lrnr_cv"
[1] "Lrnr_glm_TRUE"
[1] "done"
[1] 0.03936052
[1] 0.2567969
[1] 0.03936052
[1] "iter: 45"
[1] "done"
[1] "Lrnr_cv"
[1] "Lrnr_glm_TRUE"
[1] "done"
[1] 0.07007612
[1] 0.2832536
[1] 0.07007612
[1] "iter: 46"
[1] "done"
[1] "Lrnr_cv"
[1] "Lrnr_glm_TRUE"
[1] "done"
[1] 0.1188332
[1] 0.2776288
[1] 0.1188332
[1] "iter: 47"
[1] "done"
[1] "Lrnr_cv"
[1] "Lrnr_glm_TRUE"
[1] "done"
[1] 0.09670319
[1] 0.3158066
[1] 0.09670319
[1] "iter: 48"
[1] "done"
[1] "Lrnr_cv"
[1] "Lrnr_glm_TRUE"
[1] "done"
[1] 0.07758967
[1] 0.2770843
[1] 0.07758967
[1] "iter: 49"
[1] "done"
[1] "Lrnr_cv"
[1] "Lrnr_glm_TRUE"
[1] "done"
[1] -0.0003943193
[1] "iter: 50"
[1] "done"
[1] "Lrnr_cv"
[1] "Lrnr_glm_TRUE"
[1] "done"
[1] 0.02997103
[1] 0.2507173
[1] 0.02997103
[1] "iter: 51"
[1] "done"
[1] "Lrnr_cv"
[1] "Lrnr_glm_TRUE"
[1] "done"
[1] 0.1430953
[1] 0.3126311
[1] 0.1430953
[1] "iter: 52"
[1] "done"
[1] "Lrnr_cv"
[1] "Lrnr_glm_TRUE"
[1] "done"
[1] 0.07254228
[1] 0.1800194
[1] 0.07254228
[1] "iter: 53"
[1] "done"
[1] "Lrnr_cv"
[1] "Lrnr_glm_TRUE"
[1] "done"
[1] 0.07529676
[1] 0.2891182
[1] 0.07529676
[1] "iter: 54"
[1] "done"
[1] "Lrnr_cv"
[1] "Lrnr_glm_TRUE"
[1] "done"
[1] 0.1233221
[1] 0.3130457
[1] 0.1233221
[1] "iter: 55"
[1] "done"
[1] "Lrnr_cv"
[1] "Lrnr_glm_TRUE"
[1] "done"
[1] 0.07514156
[1] 0.2036117
[1] 0.07514156
[1] "iter: 56"
[1] "done"
[1] "Lrnr_cv"
[1] "Lrnr_glm_TRUE"
[1] "done"
[1] 0.2470792
[1] 0.3892351
[1] 0.2470792
[1] "iter: 57"
[1] "done"
[1] "Lrnr_cv"
[1] "Lrnr_glm_TRUE"
[1] "done"
[1] 0.07261157
[1] 0.1821518
[1] 0.07261157
[1] "iter: 58"
[1] "done"
[1] "Lrnr_cv"
[1] "Lrnr_glm_TRUE"
[1] "done"
[1] -0.04989737
[1] 0.1825278
[1] -0.04989737
[1] "iter: 59"
[1] "done"
[1] "Lrnr_cv"
[1] "Lrnr_glm_TRUE"
[1] "done"
[1] 0.1275828
[1] 0.3104418
[1] 0.1275828
[1] "iter: 60"
[1] "done"
[1] "Lrnr_cv"
[1] "Lrnr_glm_TRUE"
[1] "done"
[1] 0.05104841
[1] 0.2465133
[1] 0.05104841
[1] "iter: 61"
[1] "done"
[1] "Lrnr_cv"
[1] "Lrnr_glm_TRUE"
[1] "done"
[1] 0.01372044
[1] 0.1368383
[1] 0.01372044
[1] "iter: 62"
[1] "done"
[1] "Lrnr_cv"
[1] "Lrnr_glm_TRUE"
[1] "done"
[1] 0.07617579
[1] 0.2906003
[1] 0.07617579
[1] "iter: 63"
[1] "done"
[1] "Lrnr_cv"
[1] "Lrnr_glm_TRUE"
[1] "done"
[1] 0.1885531
[1] 0.2952338
[1] 0.1885531
[1] "iter: 64"
[1] "done"
[1] "Lrnr_cv"
[1] "Lrnr_glm_TRUE"
[1] "done"
[1] 0.0447632
[1] "iter: 65"
[1] "done"
[1] "Lrnr_cv"
[1] "Lrnr_glm_TRUE"
[1] "done"
[1] 0.06801114
[1] 0.2488199
[1] 0.06801114
[1] "iter: 66"
[1] "done"
[1] "Lrnr_cv"
[1] "Lrnr_glm_TRUE"
[1] "done"
[1] 0.09918703
[1] 0.2642969
[1] 0.09918703
[1] "iter: 67"
[1] "done"
[1] "Lrnr_cv"
[1] "Lrnr_glm_TRUE"
[1] "done"
[1] 0.07106776
