LOADING R
R LOADED
[1] "/home/lvanderl/Rlibs2"                         
[2] "/app/software/R/4.3.1-gfbf-2022b/lib/R/library"
[1] "/home/lvanderl/sieveSims"
[1] "lalonde_psid"
  [1]  0  1  2  3  4  5  6  7  8  9 10 11 12 13 14 15 16 17 18 19 20 21 22 23 24
 [26] 25 26 27 28 29 30 31 32 33 34 35 36 37 38 39 40 41 42 43 44 45 46 47 48 49
 [51] 50 51 52 53 54 55 56 57 58 59 60 61 62 63 64 65 66 67 68 69 70 71 72 73 74
 [76] 75 76 77 78 79 80 81 82 83 84 85 86 87 88 89 90 91 92 93 94 95 96 97 98 99
[1] "iter: 0"
[1] 2675    8
 Lrnr_ranger_500_TRUE_none_1_8 Lrnr_ranger_500_TRUE_none_1_10 
                     109560842                      113120101 
Lrnr_ranger_500_TRUE_none_1_12 
                     116368736 
 Lrnr_ranger_500_TRUE_none_1_8 Lrnr_ranger_500_TRUE_none_1_10 
                      89122335                       89076524 
Lrnr_ranger_500_TRUE_none_1_12 
                      89118170 
 Lrnr_ranger_500_TRUE_none_1_8 Lrnr_ranger_500_TRUE_none_1_10 
                    0.04199881                     0.04238650 
Lrnr_ranger_500_TRUE_none_1_12 
                    0.04255477 
[1] "done"
NULL
NULL
NULL
[1] "done"
[1] "all"
[1] -29.07221 -83.23185
[1] "iter: 1"
[1] 2675    8
 Lrnr_ranger_500_TRUE_none_1_8 Lrnr_ranger_500_TRUE_none_1_10 
                      97387975                       99879948 
Lrnr_ranger_500_TRUE_none_1_12 
                     102454394 
 Lrnr_ranger_500_TRUE_none_1_8 Lrnr_ranger_500_TRUE_none_1_10 
                      55802296                       55469564 
Lrnr_ranger_500_TRUE_none_1_12 
                      55605478 
 Lrnr_ranger_500_TRUE_none_1_8 Lrnr_ranger_500_TRUE_none_1_10 
                    0.04685420                     0.04744163 
Lrnr_ranger_500_TRUE_none_1_12 
                    0.04775706 
[1] "done"
NULL
NULL
NULL
[1] "done"
[1] "all"
[1]  157.1854 2019.9478
[1] "iter: 2"
[1] 2675    8
 Lrnr_ranger_500_TRUE_none_1_8 Lrnr_ranger_500_TRUE_none_1_10 
                      94473315                       97166510 
Lrnr_ranger_500_TRUE_none_1_12 
                     100040806 
 Lrnr_ranger_500_TRUE_none_1_8 Lrnr_ranger_500_TRUE_none_1_10 
                      42786283                       42607290 
Lrnr_ranger_500_TRUE_none_1_12 
                      42532157 
 Lrnr_ranger_500_TRUE_none_1_8 Lrnr_ranger_500_TRUE_none_1_10 
                    0.04827230                     0.04875388 
Lrnr_ranger_500_TRUE_none_1_12 
                    0.04878359 
[1] "done"
NULL
NULL
NULL
[1] "done"
[1] "all"
[1] 183.86438  54.44591
[1] "iter: 3"
[1] 2675    8
 Lrnr_ranger_500_TRUE_none_1_8 Lrnr_ranger_500_TRUE_none_1_10 
                     105604471                      109106720 
Lrnr_ranger_500_TRUE_none_1_12 
                     112320240 
 Lrnr_ranger_500_TRUE_none_1_8 Lrnr_ranger_500_TRUE_none_1_10 
                      98690911                       98908970 
Lrnr_ranger_500_TRUE_none_1_12 
                      98774142 
 Lrnr_ranger_500_TRUE_none_1_8 Lrnr_ranger_500_TRUE_none_1_10 
                    0.04529316                     0.04553999 
Lrnr_ranger_500_TRUE_none_1_12 
                    0.04576914 
[1] "done"
NULL
NULL
NULL
[1] "done"
[1] "all"
[1] -452.2267 -601.2634
[1] "iter: 4"
[1] 2675    8
 Lrnr_ranger_500_TRUE_none_1_8 Lrnr_ranger_500_TRUE_none_1_10 
                     109115850                      112136144 
Lrnr_ranger_500_TRUE_none_1_12 
                     115035761 
 Lrnr_ranger_500_TRUE_none_1_8 Lrnr_ranger_500_TRUE_none_1_10 
                     116988012                      117214852 
Lrnr_ranger_500_TRUE_none_1_12 
                     117208580 
 Lrnr_ranger_500_TRUE_none_1_8 Lrnr_ranger_500_TRUE_none_1_10 
                    0.04778833                     0.04832788 
Lrnr_ranger_500_TRUE_none_1_12 
                    0.04870683 
[1] "done"
NULL
NULL
NULL
[1] "done"
[1] "all"
[1] -528.8655 -671.5316
[1] "iter: 5"
[1] 2675    8
 Lrnr_ranger_500_TRUE_none_1_8 Lrnr_ranger_500_TRUE_none_1_10 
                      96387341                       98466735 
Lrnr_ranger_500_TRUE_none_1_12 
                     100475687 
 Lrnr_ranger_500_TRUE_none_1_8 Lrnr_ranger_500_TRUE_none_1_10 
                     180012792                      179575919 
Lrnr_ranger_500_TRUE_none_1_12 
                     178782735 
 Lrnr_ranger_500_TRUE_none_1_8 Lrnr_ranger_500_TRUE_none_1_10 
                    0.04940888                     0.04996893 
Lrnr_ranger_500_TRUE_none_1_12 
                    0.05026720 
[1] "done"
NULL
NULL
NULL
[1] "done"
[1] "all"
[1]  4337.508 20131.626
[1] "iter: 6"
[1] 2675    8
 Lrnr_ranger_500_TRUE_none_1_8 Lrnr_ranger_500_TRUE_none_1_10 
                     115664758                      119334637 
Lrnr_ranger_500_TRUE_none_1_12 
                     121645562 
 Lrnr_ranger_500_TRUE_none_1_8 Lrnr_ranger_500_TRUE_none_1_10 
                     105782350                      105767524 
Lrnr_ranger_500_TRUE_none_1_12 
                     105818151 
 Lrnr_ranger_500_TRUE_none_1_8 Lrnr_ranger_500_TRUE_none_1_10 
                    0.05076952                     0.05092943 
Lrnr_ranger_500_TRUE_none_1_12 
                    0.05094167 
[1] "done"
NULL
NULL
NULL
[1] "done"
[1] "all"
[1] 181.4249 321.2014
[1] "iter: 7"
[1] 2675    8
 Lrnr_ranger_500_TRUE_none_1_8 Lrnr_ranger_500_TRUE_none_1_10 
                      95596617                       98893998 
Lrnr_ranger_500_TRUE_none_1_12 
                     102107953 
 Lrnr_ranger_500_TRUE_none_1_8 Lrnr_ranger_500_TRUE_none_1_10 
                     181758896                      182615810 
Lrnr_ranger_500_TRUE_none_1_12 
                     182221446 
 Lrnr_ranger_500_TRUE_none_1_8 Lrnr_ranger_500_TRUE_none_1_10 
                    0.04892140                     0.04934124 
Lrnr_ranger_500_TRUE_none_1_12 
                    0.04954309 
[1] "done"
NULL
NULL
NULL
[1] "done"
[1] "all"
[1] -223.0931 -294.6073
[1] "iter: 8"
[1] 2675    8
 Lrnr_ranger_500_TRUE_none_1_8 Lrnr_ranger_500_TRUE_none_1_10 
                      96252534                       98599733 
Lrnr_ranger_500_TRUE_none_1_12 
                     101163131 
 Lrnr_ranger_500_TRUE_none_1_8 Lrnr_ranger_500_TRUE_none_1_10 
                      89220589                       89110002 
Lrnr_ranger_500_TRUE_none_1_12 
                      89246983 
 Lrnr_ranger_500_TRUE_none_1_8 Lrnr_ranger_500_TRUE_none_1_10 
                    0.04974113                     0.05052202 
Lrnr_ranger_500_TRUE_none_1_12 
                    0.05100679 
[1] "done"
NULL
NULL
NULL
[1] "done"
[1] "all"
[1] 546.8813 379.5071
[1] "iter: 9"
[1] 2675    8
 Lrnr_ranger_500_TRUE_none_1_8 Lrnr_ranger_500_TRUE_none_1_10 
                     108339440                      110828440 
Lrnr_ranger_500_TRUE_none_1_12 
                     113180617 
 Lrnr_ranger_500_TRUE_none_1_8 Lrnr_ranger_500_TRUE_none_1_10 
                      68442850                       68620243 
Lrnr_ranger_500_TRUE_none_1_12 
                      68592450 
 Lrnr_ranger_500_TRUE_none_1_8 Lrnr_ranger_500_TRUE_none_1_10 
                    0.04692303                     0.04757617 
Lrnr_ranger_500_TRUE_none_1_12 
                    0.04779265 
[1] "done"
NULL
NULL
NULL
[1] "done"
[1] "all"
[1] -776.7778 -848.9391
[1] "iter: 10"
[1] 2675    8
 Lrnr_ranger_500_TRUE_none_1_8 Lrnr_ranger_500_TRUE_none_1_10 
                     105241312                      107615999 
Lrnr_ranger_500_TRUE_none_1_12 
                     110383307 
 Lrnr_ranger_500_TRUE_none_1_8 Lrnr_ranger_500_TRUE_none_1_10 
                      43645174                       43603834 
Lrnr_ranger_500_TRUE_none_1_12 
                      43515726 
 Lrnr_ranger_500_TRUE_none_1_8 Lrnr_ranger_500_TRUE_none_1_10 
                    0.04837064                     0.04883464 
Lrnr_ranger_500_TRUE_none_1_12 
                    0.04870317 
[1] "done"
NULL
NULL
NULL
[1] "done"
[1] "all"
[1] -1211.896 -1145.699
[1] "iter: 11"
[1] 2675    8
 Lrnr_ranger_500_TRUE_none_1_8 Lrnr_ranger_500_TRUE_none_1_10 
                      94912859                       97671974 
Lrnr_ranger_500_TRUE_none_1_12 
                      99801268 
 Lrnr_ranger_500_TRUE_none_1_8 Lrnr_ranger_500_TRUE_none_1_10 
                     102273831                      102459266 
Lrnr_ranger_500_TRUE_none_1_12 
                     102815989 
 Lrnr_ranger_500_TRUE_none_1_8 Lrnr_ranger_500_TRUE_none_1_10 
                    0.04773632                     0.04853261 
Lrnr_ranger_500_TRUE_none_1_12 
                    0.04919241 
[1] "done"
NULL
NULL
NULL
[1] "done"
[1] "all"
[1] 674.3899 982.7796
[1] "iter: 12"
[1] 2675    8
 Lrnr_ranger_500_TRUE_none_1_8 Lrnr_ranger_500_TRUE_none_1_10 
                      93518879                       95900717 
Lrnr_ranger_500_TRUE_none_1_12 
                      98329047 
 Lrnr_ranger_500_TRUE_none_1_8 Lrnr_ranger_500_TRUE_none_1_10 
                      34490008                       34593406 
Lrnr_ranger_500_TRUE_none_1_12 
                      34706464 
 Lrnr_ranger_500_TRUE_none_1_8 Lrnr_ranger_500_TRUE_none_1_10 
                    0.04985505                     0.05075026 
Lrnr_ranger_500_TRUE_none_1_12 
                    0.05108910 
[1] "done"
NULL
NULL
NULL
[1] "done"
[1] "all"
[1] -991.9743 -850.9763
[1] "iter: 13"
[1] 2675    8
 Lrnr_ranger_500_TRUE_none_1_8 Lrnr_ranger_500_TRUE_none_1_10 
                      93855924                       95832842 
Lrnr_ranger_500_TRUE_none_1_12 
                      97835063 
 Lrnr_ranger_500_TRUE_none_1_8 Lrnr_ranger_500_TRUE_none_1_10 
                      70671747                       70843299 
Lrnr_ranger_500_TRUE_none_1_12 
                      71033097 
 Lrnr_ranger_500_TRUE_none_1_8 Lrnr_ranger_500_TRUE_none_1_10 
                    0.04844944                     0.04897059 
Lrnr_ranger_500_TRUE_none_1_12 
                    0.04938684 
[1] "done"
NULL
NULL
NULL
[1] "done"
[1] "all"
[1] -506.1611 -910.4582
[1] "iter: 14"
[1] 2675    8
 Lrnr_ranger_500_TRUE_none_1_8 Lrnr_ranger_500_TRUE_none_1_10 
                      96473959                       98082707 
Lrnr_ranger_500_TRUE_none_1_12 
                      99910457 
 Lrnr_ranger_500_TRUE_none_1_8 Lrnr_ranger_500_TRUE_none_1_10 
                     147124981                      147241745 
Lrnr_ranger_500_TRUE_none_1_12 
                     147253499 
 Lrnr_ranger_500_TRUE_none_1_8 Lrnr_ranger_500_TRUE_none_1_10 
                    0.05050160                     0.05050503 
Lrnr_ranger_500_TRUE_none_1_12 
                    0.05059002 
[1] "done"
NULL
NULL
NULL
[1] "done"
[1] "all"
[1] 259.83671 -61.16708
[1] "iter: 15"
[1] 2675    8
 Lrnr_ranger_500_TRUE_none_1_8 Lrnr_ranger_500_TRUE_none_1_10 
                     103342176                      106475730 
Lrnr_ranger_500_TRUE_none_1_12 
                     108760549 
 Lrnr_ranger_500_TRUE_none_1_8 Lrnr_ranger_500_TRUE_none_1_10 
                     111961010                      112047893 
Lrnr_ranger_500_TRUE_none_1_12 
                     112261541 
 Lrnr_ranger_500_TRUE_none_1_8 Lrnr_ranger_500_TRUE_none_1_10 
                    0.04687780                     0.04725821 
Lrnr_ranger_500_TRUE_none_1_12 
                    0.04739067 
[1] "done"
NULL
NULL
NULL
[1] "done"
[1] "all"
[1] 683.7268 745.9503
[1] "iter: 16"
[1] 2675    8
 Lrnr_ranger_500_TRUE_none_1_8 Lrnr_ranger_500_TRUE_none_1_10 
                     107516183                      110573452 
Lrnr_ranger_500_TRUE_none_1_12 
                     113712113 
 Lrnr_ranger_500_TRUE_none_1_8 Lrnr_ranger_500_TRUE_none_1_10 
                     161176531                      162753441 
Lrnr_ranger_500_TRUE_none_1_12 
                     165486942 
 Lrnr_ranger_500_TRUE_none_1_8 Lrnr_ranger_500_TRUE_none_1_10 
                    0.04358059                     0.04393953 
Lrnr_ranger_500_TRUE_none_1_12 
                    0.04377762 
[1] "done"
NULL
NULL
NULL
[1] "done"
[1] "all"
[1]  4361.255 10750.376
[1] "iter: 17"
[1] 2675    8
 Lrnr_ranger_500_TRUE_none_1_8 Lrnr_ranger_500_TRUE_none_1_10 
                      99756863                      102470189 
Lrnr_ranger_500_TRUE_none_1_12 
                     105041086 
 Lrnr_ranger_500_TRUE_none_1_8 Lrnr_ranger_500_TRUE_none_1_10 
                     143871860                      144034035 
Lrnr_ranger_500_TRUE_none_1_12 
                     144180837 
 Lrnr_ranger_500_TRUE_none_1_8 Lrnr_ranger_500_TRUE_none_1_10 
                    0.04599822                     0.04594121 
Lrnr_ranger_500_TRUE_none_1_12 
                    0.04602019 
[1] "done"
NULL
NULL
NULL
[1] "done"
[1] "all"
[1] -757.7190 -937.5034
[1] "iter: 18"
[1] 2675    8
 Lrnr_ranger_500_TRUE_none_1_8 Lrnr_ranger_500_TRUE_none_1_10 
                      95091625                       97939949 
Lrnr_ranger_500_TRUE_none_1_12 
                     100339825 
 Lrnr_ranger_500_TRUE_none_1_8 Lrnr_ranger_500_TRUE_none_1_10 
                     146634774                      146673752 
Lrnr_ranger_500_TRUE_none_1_12 
                     146189384 
 Lrnr_ranger_500_TRUE_none_1_8 Lrnr_ranger_500_TRUE_none_1_10 
                    0.04859217                     0.04879744 
Lrnr_ranger_500_TRUE_none_1_12 
                    0.04875029 
[1] "done"
NULL
NULL
NULL
[1] "done"
[1] "all"
[1]  -205.1471 -1335.4698
[1] "iter: 19"
[1] 2675    8
 Lrnr_ranger_500_TRUE_none_1_8 Lrnr_ranger_500_TRUE_none_1_10 
                      94926963                       97703164 
Lrnr_ranger_500_TRUE_none_1_12 
                     100486267 
 Lrnr_ranger_500_TRUE_none_1_8 Lrnr_ranger_500_TRUE_none_1_10 
                      99220362                      100007589 
Lrnr_ranger_500_TRUE_none_1_12 
                     100213204 
 Lrnr_ranger_500_TRUE_none_1_8 Lrnr_ranger_500_TRUE_none_1_10 
                    0.04817434                     0.04834136 
Lrnr_ranger_500_TRUE_none_1_12 
                    0.04845045 
[1] "done"
NULL
NULL
NULL
[1] "done"
[1] "all"
[1]  337.2743 3077.2076
[1] "iter: 20"
[1] 2675    8
 Lrnr_ranger_500_TRUE_none_1_8 Lrnr_ranger_500_TRUE_none_1_10 
                     106100125                      108520234 
Lrnr_ranger_500_TRUE_none_1_12 
                     110865055 
 Lrnr_ranger_500_TRUE_none_1_8 Lrnr_ranger_500_TRUE_none_1_10 
                     217692223                      217497893 
Lrnr_ranger_500_TRUE_none_1_12 
                     217920719 
 Lrnr_ranger_500_TRUE_none_1_8 Lrnr_ranger_500_TRUE_none_1_10 
                    0.04771421                     0.04799359 
Lrnr_ranger_500_TRUE_none_1_12 
                    0.04809071 
[1] "done"
NULL
NULL
NULL
[1] "done"
[1] "all"
[1] 1930.949 1773.859
[1] "iter: 21"
[1] 2675    8
 Lrnr_ranger_500_TRUE_none_1_8 Lrnr_ranger_500_TRUE_none_1_10 
                     108490512                      110962876 
Lrnr_ranger_500_TRUE_none_1_12 
                     113639549 
 Lrnr_ranger_500_TRUE_none_1_8 Lrnr_ranger_500_TRUE_none_1_10 
                     100610572                      100965677 
Lrnr_ranger_500_TRUE_none_1_12 
                     102058773 
 Lrnr_ranger_500_TRUE_none_1_8 Lrnr_ranger_500_TRUE_none_1_10 
                    0.04968963                     0.04994276 
Lrnr_ranger_500_TRUE_none_1_12 
                    0.05019365 
[1] "done"
NULL
NULL
NULL
[1] "done"
[1] "all"
[1]  379.4527 2381.4340
[1] "iter: 22"
[1] 2675    8
 Lrnr_ranger_500_TRUE_none_1_8 Lrnr_ranger_500_TRUE_none_1_10 
                      87174287                       89046694 
Lrnr_ranger_500_TRUE_none_1_12 
                      91257373 
 Lrnr_ranger_500_TRUE_none_1_8 Lrnr_ranger_500_TRUE_none_1_10 
                     118535006                      118713022 
Lrnr_ranger_500_TRUE_none_1_12 
                     119110920 
 Lrnr_ranger_500_TRUE_none_1_8 Lrnr_ranger_500_TRUE_none_1_10 
                    0.05293276                     0.05358514 
Lrnr_ranger_500_TRUE_none_1_12 
                    0.05408765 
[1] "done"
NULL
NULL
NULL
[1] "done"
[1] "all"
[1] -302.8566 -400.8490
[1] "iter: 23"
[1] 2675    8
 Lrnr_ranger_500_TRUE_none_1_8 Lrnr_ranger_500_TRUE_none_1_10 
                      89509498                       91970127 
Lrnr_ranger_500_TRUE_none_1_12 
                      94439569 
 Lrnr_ranger_500_TRUE_none_1_8 Lrnr_ranger_500_TRUE_none_1_10 
                      27672914                       27560173 
Lrnr_ranger_500_TRUE_none_1_12 
                      27690114 
 Lrnr_ranger_500_TRUE_none_1_8 Lrnr_ranger_500_TRUE_none_1_10 
                    0.04796097                     0.04827417 
Lrnr_ranger_500_TRUE_none_1_12 
                    0.04835336 
[1] "done"
NULL
NULL
NULL
[1] "done"
[1] "all"
[1] -1763.599 -1796.397
[1] "iter: 24"
[1] 2675    8
 Lrnr_ranger_500_TRUE_none_1_8 Lrnr_ranger_500_TRUE_none_1_10 
                     101334726                      104275140 
Lrnr_ranger_500_TRUE_none_1_12 
                     107217217 
 Lrnr_ranger_500_TRUE_none_1_8 Lrnr_ranger_500_TRUE_none_1_10 
                     273125081                      275237758 
Lrnr_ranger_500_TRUE_none_1_12 
                     274826249 
 Lrnr_ranger_500_TRUE_none_1_8 Lrnr_ranger_500_TRUE_none_1_10 
                    0.04668131                     0.04702328 
Lrnr_ranger_500_TRUE_none_1_12 
                    0.04723338 
[1] "done"
NULL
NULL
NULL
[1] "done"
[1] "all"
[1]  2180.345 14139.263
[1] "iter: 25"
[1] 2675    8
 Lrnr_ranger_500_TRUE_none_1_8 Lrnr_ranger_500_TRUE_none_1_10 
                      98749519                      101001957 
Lrnr_ranger_500_TRUE_none_1_12 
                     103274053 
 Lrnr_ranger_500_TRUE_none_1_8 Lrnr_ranger_500_TRUE_none_1_10 
                     107348516                      108973672 
Lrnr_ranger_500_TRUE_none_1_12 
                     109985127 
 Lrnr_ranger_500_TRUE_none_1_8 Lrnr_ranger_500_TRUE_none_1_10 
                    0.04616787                     0.04622621 
Lrnr_ranger_500_TRUE_none_1_12 
                    0.04619048 
[1] "done"
NULL
NULL
NULL
[1] "done"
[1] "all"
[1]  1161.50 15305.85
[1] "iter: 26"
[1] 2675    8
 Lrnr_ranger_500_TRUE_none_1_8 Lrnr_ranger_500_TRUE_none_1_10 
                      90445372                       92544029 
Lrnr_ranger_500_TRUE_none_1_12 
                      94899099 
 Lrnr_ranger_500_TRUE_none_1_8 Lrnr_ranger_500_TRUE_none_1_10 
                      87045609                       87600290 
Lrnr_ranger_500_TRUE_none_1_12 
                      85616629 
 Lrnr_ranger_500_TRUE_none_1_8 Lrnr_ranger_500_TRUE_none_1_10 
                    0.04585313                     0.04637780 
Lrnr_ranger_500_TRUE_none_1_12 
                    0.04643512 
[1] "done"
NULL
NULL
NULL
[1] "done"
[1] "all"
[1] -590.6482 -605.7924
[1] "iter: 27"
[1] 2675    8
 Lrnr_ranger_500_TRUE_none_1_8 Lrnr_ranger_500_TRUE_none_1_10 
                     100841588                      103226671 
Lrnr_ranger_500_TRUE_none_1_12 
                     105486133 
 Lrnr_ranger_500_TRUE_none_1_8 Lrnr_ranger_500_TRUE_none_1_10 
                     138530246                      138369565 
Lrnr_ranger_500_TRUE_none_1_12 
                     138056697 
 Lrnr_ranger_500_TRUE_none_1_8 Lrnr_ranger_500_TRUE_none_1_10 
                    0.04848973                     0.04879979 
Lrnr_ranger_500_TRUE_none_1_12 
                    0.04906006 
[1] "done"
NULL
NULL
NULL
[1] "done"
[1] "all"
[1]  921.049 1886.937
[1] "iter: 28"
[1] 2675    8
 Lrnr_ranger_500_TRUE_none_1_8 Lrnr_ranger_500_TRUE_none_1_10 
                      87842640                       90717310 
Lrnr_ranger_500_TRUE_none_1_12 
                      93560281 
 Lrnr_ranger_500_TRUE_none_1_8 Lrnr_ranger_500_TRUE_none_1_10 
                      38256107                       38314931 
Lrnr_ranger_500_TRUE_none_1_12 
                      38150615 
 Lrnr_ranger_500_TRUE_none_1_8 Lrnr_ranger_500_TRUE_none_1_10 
                    0.04439574                     0.04474695 
Lrnr_ranger_500_TRUE_none_1_12 
                    0.04496644 
[1] "done"
NULL
NULL
NULL
[1] "done"
[1] "all"
[1] 3970.808 2616.238
[1] "iter: 29"
[1] 2675    8
 Lrnr_ranger_500_TRUE_none_1_8 Lrnr_ranger_500_TRUE_none_1_10 
                      94939937                       97232431 
Lrnr_ranger_500_TRUE_none_1_12 
                      99452512 
 Lrnr_ranger_500_TRUE_none_1_8 Lrnr_ranger_500_TRUE_none_1_10 
                      42557346                       42584336 
Lrnr_ranger_500_TRUE_none_1_12 
                      42656807 
 Lrnr_ranger_500_TRUE_none_1_8 Lrnr_ranger_500_TRUE_none_1_10 
                    0.05007040                     0.05068236 
Lrnr_ranger_500_TRUE_none_1_12 
                    0.05101366 
[1] "done"
NULL
NULL
NULL
[1] "done"
[1] "all"
[1] -760.6509 -778.8813
[1] "iter: 30"
[1] 2675    8
 Lrnr_ranger_500_TRUE_none_1_8 Lrnr_ranger_500_TRUE_none_1_10 
                      97256614                       99530194 
Lrnr_ranger_500_TRUE_none_1_12 
                     101326069 
 Lrnr_ranger_500_TRUE_none_1_8 Lrnr_ranger_500_TRUE_none_1_10 
                     202568770                      201173875 
Lrnr_ranger_500_TRUE_none_1_12 
                     202299361 
 Lrnr_ranger_500_TRUE_none_1_8 Lrnr_ranger_500_TRUE_none_1_10 
                    0.04732661                     0.04796904 
Lrnr_ranger_500_TRUE_none_1_12 
                    0.04839785 
[1] "done"
NULL
NULL
NULL
[1] "done"
[1] "all"
[1] 1061.235 -470.237
[1] "iter: 31"
[1] 2675    8
 Lrnr_ranger_500_TRUE_none_1_8 Lrnr_ranger_500_TRUE_none_1_10 
                      99184517                      102367741 
Lrnr_ranger_500_TRUE_none_1_12 
                     105326369 
 Lrnr_ranger_500_TRUE_none_1_8 Lrnr_ranger_500_TRUE_none_1_10 
                      86648157                       86315622 
Lrnr_ranger_500_TRUE_none_1_12 
                      86258937 
 Lrnr_ranger_500_TRUE_none_1_8 Lrnr_ranger_500_TRUE_none_1_10 
                    0.04663838                     0.04674313 
Lrnr_ranger_500_TRUE_none_1_12 
                    0.04692251 
[1] "done"
NULL
NULL
NULL
[1] "done"
[1] "all"
[1] 1095.623 1096.153
[1] "iter: 32"
[1] 2675    8
 Lrnr_ranger_500_TRUE_none_1_8 Lrnr_ranger_500_TRUE_none_1_10 
                     103661187                      107015491 
Lrnr_ranger_500_TRUE_none_1_12 
                     109670881 
 Lrnr_ranger_500_TRUE_none_1_8 Lrnr_ranger_500_TRUE_none_1_10 
                      77142174                       77382348 
Lrnr_ranger_500_TRUE_none_1_12 
                      76365819 
 Lrnr_ranger_500_TRUE_none_1_8 Lrnr_ranger_500_TRUE_none_1_10 
                    0.04526465                     0.04562966 
Lrnr_ranger_500_TRUE_none_1_12 
                    0.04597184 
[1] "done"
NULL
NULL
NULL
[1] "done"
[1] "all"
[1] -139.8444 5280.7248
[1] "iter: 33"
[1] 2675    8
 Lrnr_ranger_500_TRUE_none_1_8 Lrnr_ranger_500_TRUE_none_1_10 
                      99696646                      102454116 
Lrnr_ranger_500_TRUE_none_1_12 
                     104825811 
 Lrnr_ranger_500_TRUE_none_1_8 Lrnr_ranger_500_TRUE_none_1_10 
                      53777370                       53698209 
Lrnr_ranger_500_TRUE_none_1_12 
                      53790668 
 Lrnr_ranger_500_TRUE_none_1_8 Lrnr_ranger_500_TRUE_none_1_10 
                    0.04880617                     0.04895135 
Lrnr_ranger_500_TRUE_none_1_12 
                    0.04936060 
[1] "done"
NULL
NULL
NULL
[1] "done"
[1] "all"
[1] -703.3233 -573.4102
[1] "iter: 34"
[1] 2675    8
 Lrnr_ranger_500_TRUE_none_1_8 Lrnr_ranger_500_TRUE_none_1_10 
                      87509309                       90325236 
Lrnr_ranger_500_TRUE_none_1_12 
                      92772006 
 Lrnr_ranger_500_TRUE_none_1_8 Lrnr_ranger_500_TRUE_none_1_10 
                     269740684                      271323900 
Lrnr_ranger_500_TRUE_none_1_12 
                     273460070 
 Lrnr_ranger_500_TRUE_none_1_8 Lrnr_ranger_500_TRUE_none_1_10 
                    0.04642783                     0.04681356 
Lrnr_ranger_500_TRUE_none_1_12 
                    0.04690218 
[1] "done"
NULL
NULL
NULL
[1] "done"
[1] "all"
[1]  406.6034 -551.8962
[1] "iter: 35"
[1] 2675    8
 Lrnr_ranger_500_TRUE_none_1_8 Lrnr_ranger_500_TRUE_none_1_10 
                     104879579                      107825914 
Lrnr_ranger_500_TRUE_none_1_12 
                     110279387 
 Lrnr_ranger_500_TRUE_none_1_8 Lrnr_ranger_500_TRUE_none_1_10 
                     102991878                      103086343 
Lrnr_ranger_500_TRUE_none_1_12 
                     102660094 
 Lrnr_ranger_500_TRUE_none_1_8 Lrnr_ranger_500_TRUE_none_1_10 
                    0.04441814                     0.04454004 
Lrnr_ranger_500_TRUE_none_1_12 
                    0.04471835 
[1] "done"
NULL
NULL
NULL
[1] "done"
[1] "all"
[1]  343.9793 2434.2268
[1] "iter: 36"
[1] 2675    8
 Lrnr_ranger_500_TRUE_none_1_8 Lrnr_ranger_500_TRUE_none_1_10 
                      96431954                       98674915 
Lrnr_ranger_500_TRUE_none_1_12 
                     100671625 
 Lrnr_ranger_500_TRUE_none_1_8 Lrnr_ranger_500_TRUE_none_1_10 
                      72851795                       72888280 
Lrnr_ranger_500_TRUE_none_1_12 
                      72763404 
 Lrnr_ranger_500_TRUE_none_1_8 Lrnr_ranger_500_TRUE_none_1_10 
                    0.04929246                     0.04954724 
Lrnr_ranger_500_TRUE_none_1_12 
                    0.04965577 
[1] "done"
NULL
NULL
NULL
[1] "done"
[1] "all"
[1] -211.20223   49.75163
[1] "iter: 37"
[1] 2675    8
 Lrnr_ranger_500_TRUE_none_1_8 Lrnr_ranger_500_TRUE_none_1_10 
                      94649779                       96392081 
Lrnr_ranger_500_TRUE_none_1_12 
                      98570399 
 Lrnr_ranger_500_TRUE_none_1_8 Lrnr_ranger_500_TRUE_none_1_10 
                     158993697                      159368672 
Lrnr_ranger_500_TRUE_none_1_12 
                     160031387 
 Lrnr_ranger_500_TRUE_none_1_8 Lrnr_ranger_500_TRUE_none_1_10 
                    0.05149784                     0.05225690 
Lrnr_ranger_500_TRUE_none_1_12 
                    0.05247876 
[1] "done"
NULL
NULL
NULL
[1] "done"
[1] "all"
[1] 1069.389 7809.143
[1] "iter: 38"
[1] 2675    8
 Lrnr_ranger_500_TRUE_none_1_8 Lrnr_ranger_500_TRUE_none_1_10 
                      80816084                       82902994 
Lrnr_ranger_500_TRUE_none_1_12 
                      84793571 
 Lrnr_ranger_500_TRUE_none_1_8 Lrnr_ranger_500_TRUE_none_1_10 
                     117187218                      117307156 
Lrnr_ranger_500_TRUE_none_1_12 
                     116973463 
 Lrnr_ranger_500_TRUE_none_1_8 Lrnr_ranger_500_TRUE_none_1_10 
                    0.04998456                     0.05093706 
Lrnr_ranger_500_TRUE_none_1_12 
                    0.05165490 
[1] "done"
NULL
NULL
NULL
[1] "done"
[1] "all"
[1] 226.7834 662.8570
[1] "iter: 39"
[1] 2675    8
 Lrnr_ranger_500_TRUE_none_1_8 Lrnr_ranger_500_TRUE_none_1_10 
                      87051546                       89727576 
Lrnr_ranger_500_TRUE_none_1_12 
                      92160964 
 Lrnr_ranger_500_TRUE_none_1_8 Lrnr_ranger_500_TRUE_none_1_10 
                      70711674                       70690401 
Lrnr_ranger_500_TRUE_none_1_12 
                      70872645 
 Lrnr_ranger_500_TRUE_none_1_8 Lrnr_ranger_500_TRUE_none_1_10 
                    0.05295576                     0.05344510 
Lrnr_ranger_500_TRUE_none_1_12 
                    0.05350681 
[1] "done"
NULL
NULL
NULL
[1] "done"
[1] "all"
[1] 110.3705 192.0603
[1] "iter: 40"
[1] 2675    8
 Lrnr_ranger_500_TRUE_none_1_8 Lrnr_ranger_500_TRUE_none_1_10 
                     102812910                      105035736 
Lrnr_ranger_500_TRUE_none_1_12 
                     107384563 
 Lrnr_ranger_500_TRUE_none_1_8 Lrnr_ranger_500_TRUE_none_1_10 
                      85052586                       85078622 
Lrnr_ranger_500_TRUE_none_1_12 
                      85102757 
 Lrnr_ranger_500_TRUE_none_1_8 Lrnr_ranger_500_TRUE_none_1_10 
                    0.04363436                     0.04405959 
Lrnr_ranger_500_TRUE_none_1_12 
                    0.04424829 
[1] "done"
NULL
NULL
NULL
[1] "done"
[1] "all"
[1] -303.7634 -528.5200
[1] "iter: 41"
[1] 2675    8
 Lrnr_ranger_500_TRUE_none_1_8 Lrnr_ranger_500_TRUE_none_1_10 
                     101488712                      105055760 
Lrnr_ranger_500_TRUE_none_1_12 
                     108260626 
 Lrnr_ranger_500_TRUE_none_1_8 Lrnr_ranger_500_TRUE_none_1_10 
                      60392537                       60595038 
Lrnr_ranger_500_TRUE_none_1_12 
                      60557688 
 Lrnr_ranger_500_TRUE_none_1_8 Lrnr_ranger_500_TRUE_none_1_10 
                    0.04769596                     0.04789954 
Lrnr_ranger_500_TRUE_none_1_12 
                    0.04810159 
[1] "done"
NULL
NULL
NULL
[1] "done"
[1] "all"
[1] -130.09335  -44.63554
[1] "iter: 42"
[1] 2675    8
 Lrnr_ranger_500_TRUE_none_1_8 Lrnr_ranger_500_TRUE_none_1_10 
                      94067304                       97004876 
Lrnr_ranger_500_TRUE_none_1_12 
                      99389965 
 Lrnr_ranger_500_TRUE_none_1_8 Lrnr_ranger_500_TRUE_none_1_10 
                     163224153                      163094078 
Lrnr_ranger_500_TRUE_none_1_12 
                     163111129 
 Lrnr_ranger_500_TRUE_none_1_8 Lrnr_ranger_500_TRUE_none_1_10 
                    0.04643926                     0.04633877 
Lrnr_ranger_500_TRUE_none_1_12 
                    0.04653671 
[1] "done"
NULL
NULL
NULL
[1] "done"
[1] "all"
[1] 157.4701 572.1487
[1] "iter: 43"
[1] 2675    8
 Lrnr_ranger_500_TRUE_none_1_8 Lrnr_ranger_500_TRUE_none_1_10 
                     103836809                      106742693 
Lrnr_ranger_500_TRUE_none_1_12 
                     109989870 
 Lrnr_ranger_500_TRUE_none_1_8 Lrnr_ranger_500_TRUE_none_1_10 
                     109478158                      109967514 
Lrnr_ranger_500_TRUE_none_1_12 
                     111418397 
 Lrnr_ranger_500_TRUE_none_1_8 Lrnr_ranger_500_TRUE_none_1_10 
                    0.04958894                     0.05057785 
Lrnr_ranger_500_TRUE_none_1_12 
                    0.05079100 
[1] "done"
NULL
NULL
NULL
[1] "done"
[1] "all"
[1] 206.4883 864.0284
[1] "iter: 44"
[1] 2675    8
 Lrnr_ranger_500_TRUE_none_1_8 Lrnr_ranger_500_TRUE_none_1_10 
                     102496122                      104724263 
Lrnr_ranger_500_TRUE_none_1_12 
                     106521343 
 Lrnr_ranger_500_TRUE_none_1_8 Lrnr_ranger_500_TRUE_none_1_10 
                      61596927                       61688439 
Lrnr_ranger_500_TRUE_none_1_12 
                      61804653 
 Lrnr_ranger_500_TRUE_none_1_8 Lrnr_ranger_500_TRUE_none_1_10 
                    0.04638901                     0.04657393 
Lrnr_ranger_500_TRUE_none_1_12 
                    0.04646761 
[1] "done"
NULL
NULL
NULL
[1] "done"
[1] "all"
[1]  -833.9416 -1193.4163
[1] "iter: 45"
[1] 2675    8
 Lrnr_ranger_500_TRUE_none_1_8 Lrnr_ranger_500_TRUE_none_1_10 
                     107297912                      110569470 
Lrnr_ranger_500_TRUE_none_1_12 
                     113684152 
 Lrnr_ranger_500_TRUE_none_1_8 Lrnr_ranger_500_TRUE_none_1_10 
                      55934691                       55795378 
Lrnr_ranger_500_TRUE_none_1_12 
                      55916905 
 Lrnr_ranger_500_TRUE_none_1_8 Lrnr_ranger_500_TRUE_none_1_10 
                    0.04983342                     0.05055416 
Lrnr_ranger_500_TRUE_none_1_12 
                    0.05090071 
[1] "done"
NULL
NULL
NULL
[1] "done"
[1] "all"
[1]  -719.0181 -1039.4252
[1] "iter: 46"
[1] 2675    8
 Lrnr_ranger_500_TRUE_none_1_8 Lrnr_ranger_500_TRUE_none_1_10 
                      89316344                       91658139 
Lrnr_ranger_500_TRUE_none_1_12 
                      93980726 
 Lrnr_ranger_500_TRUE_none_1_8 Lrnr_ranger_500_TRUE_none_1_10 
                      40639441                       40631228 
Lrnr_ranger_500_TRUE_none_1_12 
                      40759359 
 Lrnr_ranger_500_TRUE_none_1_8 Lrnr_ranger_500_TRUE_none_1_10 
                    0.04624285                     0.04658805 
Lrnr_ranger_500_TRUE_none_1_12 
                    0.04687714 
[1] "done"
NULL
NULL
NULL
[1] "done"
[1] "all"
[1] -287.0802 -179.4710
[1] "iter: 47"
[1] 2675    8
 Lrnr_ranger_500_TRUE_none_1_8 Lrnr_ranger_500_TRUE_none_1_10 
                      87778008                       89568014 
Lrnr_ranger_500_TRUE_none_1_12 
                      91780865 
 Lrnr_ranger_500_TRUE_none_1_8 Lrnr_ranger_500_TRUE_none_1_10 
                     102472039                      101911628 
Lrnr_ranger_500_TRUE_none_1_12 
                     102387414 
 Lrnr_ranger_500_TRUE_none_1_8 Lrnr_ranger_500_TRUE_none_1_10 
                    0.04616402                     0.04673065 
Lrnr_ranger_500_TRUE_none_1_12 
                    0.04680457 
[1] "done"
NULL
NULL
NULL
[1] "done"
[1] "all"
[1]  261.4598 -175.1839
[1] "iter: 48"
[1] 2675    8
 Lrnr_ranger_500_TRUE_none_1_8 Lrnr_ranger_500_TRUE_none_1_10 
                      80144375                       82554085 
Lrnr_ranger_500_TRUE_none_1_12 
                      84657047 
 Lrnr_ranger_500_TRUE_none_1_8 Lrnr_ranger_500_TRUE_none_1_10 
                     141906004                      142341768 
Lrnr_ranger_500_TRUE_none_1_12 
                     141972872 
 Lrnr_ranger_500_TRUE_none_1_8 Lrnr_ranger_500_TRUE_none_1_10 
                    0.04464458                     0.04470055 
Lrnr_ranger_500_TRUE_none_1_12 
                    0.04457423 
[1] "done"
NULL
NULL
NULL
[1] "done"
[1] "all"
[1]  2876.749 23876.019
[1] "iter: 49"
[1] 2675    8
 Lrnr_ranger_500_TRUE_none_1_8 Lrnr_ranger_500_TRUE_none_1_10 
                      94069142                       96754042 
Lrnr_ranger_500_TRUE_none_1_12 
                      99139053 
 Lrnr_ranger_500_TRUE_none_1_8 Lrnr_ranger_500_TRUE_none_1_10 
                     154952188                      155905527 
Lrnr_ranger_500_TRUE_none_1_12 
                     153853815 
 Lrnr_ranger_500_TRUE_none_1_8 Lrnr_ranger_500_TRUE_none_1_10 
                    0.04764092                     0.04766909 
Lrnr_ranger_500_TRUE_none_1_12 
                    0.04761078 
[1] "done"
NULL
NULL
NULL
[1] "done"
[1] "all"
[1]  4080.462 15554.054
[1] "iter: 50"
[1] 2675    8
 Lrnr_ranger_500_TRUE_none_1_8 Lrnr_ranger_500_TRUE_none_1_10 
                     106503714                      109985045 
Lrnr_ranger_500_TRUE_none_1_12 
                     112870566 
 Lrnr_ranger_500_TRUE_none_1_8 Lrnr_ranger_500_TRUE_none_1_10 
                      67310580                       67209799 
Lrnr_ranger_500_TRUE_none_1_12 
                      67433445 
 Lrnr_ranger_500_TRUE_none_1_8 Lrnr_ranger_500_TRUE_none_1_10 
                    0.04424333                     0.04444262 
Lrnr_ranger_500_TRUE_none_1_12 
                    0.04453534 
[1] "done"
NULL
NULL
NULL
[1] "done"
[1] "all"
[1] -476.4416 -732.3296
[1] "iter: 51"
[1] 2675    8
 Lrnr_ranger_500_TRUE_none_1_8 Lrnr_ranger_500_TRUE_none_1_10 
                      83866656                       86241913 
Lrnr_ranger_500_TRUE_none_1_12 
                      89029876 
 Lrnr_ranger_500_TRUE_none_1_8 Lrnr_ranger_500_TRUE_none_1_10 
                     275637982                      275073153 
Lrnr_ranger_500_TRUE_none_1_12 
                     274918925 
 Lrnr_ranger_500_TRUE_none_1_8 Lrnr_ranger_500_TRUE_none_1_10 
                    0.04692427                     0.04748665 
Lrnr_ranger_500_TRUE_none_1_12 
                    0.04760640 
[1] "done"
NULL
NULL
NULL
[1] "done"
[1] "all"
[1] 2151.686 1738.442
[1] "iter: 52"
[1] 2675    8
 Lrnr_ranger_500_TRUE_none_1_8 Lrnr_ranger_500_TRUE_none_1_10 
                      99188172                      101933402 
Lrnr_ranger_500_TRUE_none_1_12 
                     104694134 
 Lrnr_ranger_500_TRUE_none_1_8 Lrnr_ranger_500_TRUE_none_1_10 
                     124737459                      125003654 
Lrnr_ranger_500_TRUE_none_1_12 
                     124518379 
 Lrnr_ranger_500_TRUE_none_1_8 Lrnr_ranger_500_TRUE_none_1_10 
                    0.04904279                     0.04982066 
Lrnr_ranger_500_TRUE_none_1_12 
                    0.04993250 
[1] "done"
NULL
NULL
NULL
[1] "done"
[1] "all"
[1] 584.4969 659.3127
[1] "iter: 53"
[1] 2675    8
 Lrnr_ranger_500_TRUE_none_1_8 Lrnr_ranger_500_TRUE_none_1_10 
                     111438146                      115036241 
Lrnr_ranger_500_TRUE_none_1_12 
                     118363399 
 Lrnr_ranger_500_TRUE_none_1_8 Lrnr_ranger_500_TRUE_none_1_10 
                     107211450                      107820287 
Lrnr_ranger_500_TRUE_none_1_12 
                     107744392 
 Lrnr_ranger_500_TRUE_none_1_8 Lrnr_ranger_500_TRUE_none_1_10 
                    0.04412393                     0.04459170 
Lrnr_ranger_500_TRUE_none_1_12 
                    0.04482198 
[1] "done"
NULL
NULL
NULL
[1] "done"
[1] "all"
[1]  307.1343 -470.4026
[1] "iter: 54"
[1] 2675    8
 Lrnr_ranger_500_TRUE_none_1_8 Lrnr_ranger_500_TRUE_none_1_10 
                      97512819                      100948135 
Lrnr_ranger_500_TRUE_none_1_12 
                     103894802 
 Lrnr_ranger_500_TRUE_none_1_8 Lrnr_ranger_500_TRUE_none_1_10 
                     102696203                      102327364 
Lrnr_ranger_500_TRUE_none_1_12 
                     103293103 
 Lrnr_ranger_500_TRUE_none_1_8 Lrnr_ranger_500_TRUE_none_1_10 
                    0.05002439                     0.05029744 
Lrnr_ranger_500_TRUE_none_1_12 
                    0.05055762 
[1] "done"
NULL
NULL
NULL
[1] "done"
[1] "all"
[1] -354.3006 -895.8578
[1] "iter: 55"
[1] 2675    8
 Lrnr_ranger_500_TRUE_none_1_8 Lrnr_ranger_500_TRUE_none_1_10 
                      89547718                       92037233 
Lrnr_ranger_500_TRUE_none_1_12 
                      94260090 
 Lrnr_ranger_500_TRUE_none_1_8 Lrnr_ranger_500_TRUE_none_1_10 
                     142930455                      143151526 
Lrnr_ranger_500_TRUE_none_1_12 
                     143463736 
 Lrnr_ranger_500_TRUE_none_1_8 Lrnr_ranger_500_TRUE_none_1_10 
                    0.04774029                     0.04783998 
Lrnr_ranger_500_TRUE_none_1_12 
                    0.04809635 
[1] "done"
NULL
NULL
NULL
[1] "done"
[1] "all"
[1]  -393.9294 -1533.0307
[1] "iter: 56"
[1] 2675    8
 Lrnr_ranger_500_TRUE_none_1_8 Lrnr_ranger_500_TRUE_none_1_10 
                     100630107                      103274965 
Lrnr_ranger_500_TRUE_none_1_12 
                     106305637 
 Lrnr_ranger_500_TRUE_none_1_8 Lrnr_ranger_500_TRUE_none_1_10 
                     146868930                      146344610 
Lrnr_ranger_500_TRUE_none_1_12 
                     146420846 
 Lrnr_ranger_500_TRUE_none_1_8 Lrnr_ranger_500_TRUE_none_1_10 
                    0.05083564                     0.05101118 
Lrnr_ranger_500_TRUE_none_1_12 
                    0.05113757 
[1] "done"
NULL
NULL
NULL
[1] "done"
[1] "all"
[1] 634.6271 213.1061
[1] "iter: 57"
[1] 2675    8
 Lrnr_ranger_500_TRUE_none_1_8 Lrnr_ranger_500_TRUE_none_1_10 
                     111191922                      113877921 
Lrnr_ranger_500_TRUE_none_1_12 
                     116346687 
 Lrnr_ranger_500_TRUE_none_1_8 Lrnr_ranger_500_TRUE_none_1_10 
                     116133510                      115823056 
Lrnr_ranger_500_TRUE_none_1_12 
                     116255046 
 Lrnr_ranger_500_TRUE_none_1_8 Lrnr_ranger_500_TRUE_none_1_10 
                    0.04590969                     0.04605793 
Lrnr_ranger_500_TRUE_none_1_12 
                    0.04609534 
[1] "done"
NULL
NULL
NULL
[1] "done"
[1] "all"
[1] -605.3289 -602.6302
[1] "iter: 58"
[1] 2675    8
 Lrnr_ranger_500_TRUE_none_1_8 Lrnr_ranger_500_TRUE_none_1_10 
                      89382163                       92065091 
Lrnr_ranger_500_TRUE_none_1_12 
                      95131401 
 Lrnr_ranger_500_TRUE_none_1_8 Lrnr_ranger_500_TRUE_none_1_10 
                      51219368                       50988717 
Lrnr_ranger_500_TRUE_none_1_12 
                      51243645 
 Lrnr_ranger_500_TRUE_none_1_8 Lrnr_ranger_500_TRUE_none_1_10 
                    0.04607043                     0.04618832 
Lrnr_ranger_500_TRUE_none_1_12 
                    0.04645351 
[1] "done"
NULL
NULL
NULL
[1] "done"
[1] "all"
[1] -1182.249 -1422.541
[1] "iter: 59"
[1] 2675    8
 Lrnr_ranger_500_TRUE_none_1_8 Lrnr_ranger_500_TRUE_none_1_10 
                      94222860                       96835267 
Lrnr_ranger_500_TRUE_none_1_12 
                      99223389 
 Lrnr_ranger_500_TRUE_none_1_8 Lrnr_ranger_500_TRUE_none_1_10 
                     101719854                      101695304 
Lrnr_ranger_500_TRUE_none_1_12 
                     102027116 
 Lrnr_ranger_500_TRUE_none_1_8 Lrnr_ranger_500_TRUE_none_1_10 
                    0.04765928                     0.04806311 
Lrnr_ranger_500_TRUE_none_1_12 
                    0.04825743 
[1] "done"
NULL
NULL
NULL
[1] "done"
[1] "all"
[1]  24.98598 400.11472
[1] "iter: 60"
[1] 2675    8
 Lrnr_ranger_500_TRUE_none_1_8 Lrnr_ranger_500_TRUE_none_1_10 
                     102664275                      105392489 
Lrnr_ranger_500_TRUE_none_1_12 
                     107938318 
 Lrnr_ranger_500_TRUE_none_1_8 Lrnr_ranger_500_TRUE_none_1_10 
                     111926095                      112295483 
Lrnr_ranger_500_TRUE_none_1_12 
                     112319221 
 Lrnr_ranger_500_TRUE_none_1_8 Lrnr_ranger_500_TRUE_none_1_10 
                    0.04478700                     0.04509300 
Lrnr_ranger_500_TRUE_none_1_12 
                    0.04512721 
[1] "done"
NULL
NULL
NULL
[1] "done"
[1] "all"
[1] 635.7049 131.4244
[1] "iter: 61"
[1] 2675    8
 Lrnr_ranger_500_TRUE_none_1_8 Lrnr_ranger_500_TRUE_none_1_10 
                      94457088                       97068056 
Lrnr_ranger_500_TRUE_none_1_12 
                      99038099 
 Lrnr_ranger_500_TRUE_none_1_8 Lrnr_ranger_500_TRUE_none_1_10 
                     168943571                      169787656 
Lrnr_ranger_500_TRUE_none_1_12 
                     168815644 
 Lrnr_ranger_500_TRUE_none_1_8 Lrnr_ranger_500_TRUE_none_1_10 
                    0.05031000                     0.05088520 
Lrnr_ranger_500_TRUE_none_1_12 
                    0.05112655 
[1] "done"
NULL
NULL
NULL
[1] "done"
[1] "all"
[1] 1046.719 1750.174
[1] "iter: 62"
[1] 2675    8
 Lrnr_ranger_500_TRUE_none_1_8 Lrnr_ranger_500_TRUE_none_1_10 
                      95978534                       98296417 
Lrnr_ranger_500_TRUE_none_1_12 
                     100759814 
 Lrnr_ranger_500_TRUE_none_1_8 Lrnr_ranger_500_TRUE_none_1_10 
                     125974267                      125797486 
Lrnr_ranger_500_TRUE_none_1_12 
                     125882978 
 Lrnr_ranger_500_TRUE_none_1_8 Lrnr_ranger_500_TRUE_none_1_10 
                    0.05006941                     0.05038543 
Lrnr_ranger_500_TRUE_none_1_12 
                    0.05064386 
[1] "done"
NULL
NULL
NULL
[1] "done"
[1] "all"
[1] 742.0747 446.1391
[1] "iter: 63"
[1] 2675    8
 Lrnr_ranger_500_TRUE_none_1_8 Lrnr_ranger_500_TRUE_none_1_10 
                      98432459                      100868544 
Lrnr_ranger_500_TRUE_none_1_12 
                     103342315 
 Lrnr_ranger_500_TRUE_none_1_8 Lrnr_ranger_500_TRUE_none_1_10 
                      79718030                       79888960 
Lrnr_ranger_500_TRUE_none_1_12 
                      79071067 
 Lrnr_ranger_500_TRUE_none_1_8 Lrnr_ranger_500_TRUE_none_1_10 
                    0.04807523                     0.04812426 
Lrnr_ranger_500_TRUE_none_1_12 
                    0.04822610 
[1] "done"
NULL
NULL
NULL
[1] "done"
[1] "all"
[1]  433.8492 9811.5448
[1] "iter: 64"
[1] 2675    8
 Lrnr_ranger_500_TRUE_none_1_8 Lrnr_ranger_500_TRUE_none_1_10 
                     105915848                      109266911 
Lrnr_ranger_500_TRUE_none_1_12 
                     112232093 
 Lrnr_ranger_500_TRUE_none_1_8 Lrnr_ranger_500_TRUE_none_1_10 
                      84242439                       84366896 
Lrnr_ranger_500_TRUE_none_1_12 
                      84301455 
 Lrnr_ranger_500_TRUE_none_1_8 Lrnr_ranger_500_TRUE_none_1_10 
                    0.04626293                     0.04673147 
Lrnr_ranger_500_TRUE_none_1_12 
                    0.04711653 
[1] "done"
NULL
NULL
NULL
[1] "done"
[1] "all"
[1] -491.5859 -333.6571
[1] "iter: 65"
[1] 2675    8
 Lrnr_ranger_500_TRUE_none_1_8 Lrnr_ranger_500_TRUE_none_1_10 
                     108098190                      111486208 
Lrnr_ranger_500_TRUE_none_1_12 
                     114308763 
 Lrnr_ranger_500_TRUE_none_1_8 Lrnr_ranger_500_TRUE_none_1_10 
                     137129998                      136528213 
Lrnr_ranger_500_TRUE_none_1_12 
                     136487877 
 Lrnr_ranger_500_TRUE_none_1_8 Lrnr_ranger_500_TRUE_none_1_10 
                    0.04372272                     0.04417097 
Lrnr_ranger_500_TRUE_none_1_12 
                    0.04432017 
[1] "done"
NULL
NULL
NULL
[1] "done"
[1] "all"
[1] 1224.444 1404.458
[1] "iter: 66"
[1] 2675    8
 Lrnr_ranger_500_TRUE_none_1_8 Lrnr_ranger_500_TRUE_none_1_10 
                      92815844                       95042259 
Lrnr_ranger_500_TRUE_none_1_12 
                      97646656 
 Lrnr_ranger_500_TRUE_none_1_8 Lrnr_ranger_500_TRUE_none_1_10 
                      80041305                       80044478 
Lrnr_ranger_500_TRUE_none_1_12 
                      79854292 
 Lrnr_ranger_500_TRUE_none_1_8 Lrnr_ranger_500_TRUE_none_1_10 
                    0.05262238                     0.05376455 
Lrnr_ranger_500_TRUE_none_1_12 
                    0.05424624 
[1] "done"
NULL
NULL
NULL
[1] "done"
[1] "all"
[1] -160.64270  -43.65836
[1] "iter: 67"
[1] 2675    8
 Lrnr_ranger_500_TRUE_none_1_8 Lrnr_ranger_500_TRUE_none_1_10 
                      97152703                      100189105 
Lrnr_ranger_500_TRUE_none_1_12 
                     103800762 
 Lrnr_ranger_500_TRUE_none_1_8 Lrnr_ranger_500_TRUE_none_1_10 
                     145041461                      145509171 
Lrnr_ranger_500_TRUE_none_1_12 
                     145246903 
 Lrnr_ranger_500_TRUE_none_1_8 Lrnr_ranger_500_TRUE_none_1_10 
                    0.04706045                     0.04741372 
Lrnr_ranger_500_TRUE_none_1_12 
                    0.04765050 
[1] "done"
NULL
NULL
NULL
[1] "done"
[1] "all"
[1]   51.2059 -611.7972
[1] "iter: 68"
[1] 2675    8
 Lrnr_ranger_500_TRUE_none_1_8 Lrnr_ranger_500_TRUE_none_1_10 
                      99890318                      102588402 
Lrnr_ranger_500_TRUE_none_1_12 
                     105341850 
 Lrnr_ranger_500_TRUE_none_1_8 Lrnr_ranger_500_TRUE_none_1_10 
                     158565119                      158259208 
Lrnr_ranger_500_TRUE_none_1_12 
                     158271598 
 Lrnr_ranger_500_TRUE_none_1_8 Lrnr_ranger_500_TRUE_none_1_10 
                    0.04944800                     0.05000682 
Lrnr_ranger_500_TRUE_none_1_12 
                    0.05041617 
[1] "done"
NULL
NULL
NULL
[1] "done"
[1] "all"
[1] 1773.583 1684.585
[1] "iter: 69"
[1] 2675    8
 Lrnr_ranger_500_TRUE_none_1_8 Lrnr_ranger_500_TRUE_none_1_10 
                      92237366                       94611781 
Lrnr_ranger_500_TRUE_none_1_12 
                      96642461 
 Lrnr_ranger_500_TRUE_none_1_8 Lrnr_ranger_500_TRUE_none_1_10 
                     102136724                      101320671 
Lrnr_ranger_500_TRUE_none_1_12 
                     101433462 
 Lrnr_ranger_500_TRUE_none_1_8 Lrnr_ranger_500_TRUE_none_1_10 
                    0.04419380                     0.04479938 
Lrnr_ranger_500_TRUE_none_1_12 
                    0.04479603 
[1] "done"
NULL
NULL
NULL
[1] "done"
[1] "all"
[1] 693.27312  83.98928
[1] "iter: 70"
[1] 2675    8
 Lrnr_ranger_500_TRUE_none_1_8 Lrnr_ranger_500_TRUE_none_1_10 
                      84482275                       86020805 
Lrnr_ranger_500_TRUE_none_1_12 
                      87901840 
 Lrnr_ranger_500_TRUE_none_1_8 Lrnr_ranger_500_TRUE_none_1_10 
                      52965153                       52803569 
Lrnr_ranger_500_TRUE_none_1_12 
                      52975170 
 Lrnr_ranger_500_TRUE_none_1_8 Lrnr_ranger_500_TRUE_none_1_10 
                    0.04520661                     0.04555107 
Lrnr_ranger_500_TRUE_none_1_12 
                    0.04571547 
[1] "done"
NULL
NULL
NULL
[1] "done"
[1] "all"
[1]  -227.338 -1114.320
[1] "iter: 71"
[1] 2675    8
 Lrnr_ranger_500_TRUE_none_1_8 Lrnr_ranger_500_TRUE_none_1_10 
                     104023996                      106464189 
Lrnr_ranger_500_TRUE_none_1_12 
                     109131857 
 Lrnr_ranger_500_TRUE_none_1_8 Lrnr_ranger_500_TRUE_none_1_10 
                      41784564                       42102628 
Lrnr_ranger_500_TRUE_none_1_12 
                      42102030 
 Lrnr_ranger_500_TRUE_none_1_8 Lrnr_ranger_500_TRUE_none_1_10 
                    0.05097668                     0.05158869 
Lrnr_ranger_500_TRUE_none_1_12 
                    0.05168457 
[1] "done"
NULL
NULL
NULL
[1] "done"
[1] "all"
[1] -1320.657 -1822.470
[1] "iter: 72"
[1] 2675    8
 Lrnr_ranger_500_TRUE_none_1_8 Lrnr_ranger_500_TRUE_none_1_10 
                      98237984                      100904315 
Lrnr_ranger_500_TRUE_none_1_12 
                     103586668 
 Lrnr_ranger_500_TRUE_none_1_8 Lrnr_ranger_500_TRUE_none_1_10 
                      75275757                       75173785 
Lrnr_ranger_500_TRUE_none_1_12 
                      75174404 
 Lrnr_ranger_500_TRUE_none_1_8 Lrnr_ranger_500_TRUE_none_1_10 
                    0.04736719                     0.04769250 
Lrnr_ranger_500_TRUE_none_1_12 
                    0.04803977 
[1] "done"
NULL
NULL
NULL
[1] "done"
[1] "all"
[1] 559.7316 895.0627
[1] "iter: 73"
[1] 2675    8
 Lrnr_ranger_500_TRUE_none_1_8 Lrnr_ranger_500_TRUE_none_1_10 
                     107169050                      109721409 
Lrnr_ranger_500_TRUE_none_1_12 
                     112312968 
 Lrnr_ranger_500_TRUE_none_1_8 Lrnr_ranger_500_TRUE_none_1_10 
                      61819424                       62194864 
Lrnr_ranger_500_TRUE_none_1_12 
                      61922584 
 Lrnr_ranger_500_TRUE_none_1_8 Lrnr_ranger_500_TRUE_none_1_10 
                    0.05085951                     0.05164503 
Lrnr_ranger_500_TRUE_none_1_12 
                    0.05211557 
[1] "done"
NULL
NULL
NULL
[1] "done"
[1] "all"
[1] -194.1000 -450.4144
[1] "iter: 74"
[1] 2675    8
 Lrnr_ranger_500_TRUE_none_1_8 Lrnr_ranger_500_TRUE_none_1_10 
                      90221544                       92317573 
Lrnr_ranger_500_TRUE_none_1_12 
                      94592357 
 Lrnr_ranger_500_TRUE_none_1_8 Lrnr_ranger_500_TRUE_none_1_10 
                     160356433                      159642348 
Lrnr_ranger_500_TRUE_none_1_12 
                     159873756 
 Lrnr_ranger_500_TRUE_none_1_8 Lrnr_ranger_500_TRUE_none_1_10 
                    0.04641111                     0.04639826 
Lrnr_ranger_500_TRUE_none_1_12 
                    0.04652763 
[1] "done"
NULL
NULL
NULL
[1] "done"
[1] "all"
[1]  525.9562 -170.1717
[1] "iter: 75"
[1] 2675    8
 Lrnr_ranger_500_TRUE_none_1_8 Lrnr_ranger_500_TRUE_none_1_10 
                      91859507                       94342573 
Lrnr_ranger_500_TRUE_none_1_12 
                      96476685 
 Lrnr_ranger_500_TRUE_none_1_8 Lrnr_ranger_500_TRUE_none_1_10 
                     111201121                      110844300 
Lrnr_ranger_500_TRUE_none_1_12 
                     111514114 
 Lrnr_ranger_500_TRUE_none_1_8 Lrnr_ranger_500_TRUE_none_1_10 
                    0.04802093                     0.04864801 
Lrnr_ranger_500_TRUE_none_1_12 
                    0.04908021 
[1] "done"
NULL
NULL
NULL
[1] "done"
[1] "all"
[1]  109.7087 -153.5148
[1] "iter: 76"
[1] 2675    8
 Lrnr_ranger_500_TRUE_none_1_8 Lrnr_ranger_500_TRUE_none_1_10 
                     103395466                      105359460 
Lrnr_ranger_500_TRUE_none_1_12 
                     107537103 
 Lrnr_ranger_500_TRUE_none_1_8 Lrnr_ranger_500_TRUE_none_1_10 
                     163044063                      163045747 
Lrnr_ranger_500_TRUE_none_1_12 
                     160107949 
 Lrnr_ranger_500_TRUE_none_1_8 Lrnr_ranger_500_TRUE_none_1_10 
                    0.05274979                     0.05344631 
Lrnr_ranger_500_TRUE_none_1_12 
                    0.05391347 
[1] "done"
NULL
NULL
NULL
[1] "done"
[1] "all"
[1] 2075.467 2483.761
[1] "iter: 77"
[1] 2675    8
 Lrnr_ranger_500_TRUE_none_1_8 Lrnr_ranger_500_TRUE_none_1_10 
                     110394095                      113353114 
Lrnr_ranger_500_TRUE_none_1_12 
                     115110134 
 Lrnr_ranger_500_TRUE_none_1_8 Lrnr_ranger_500_TRUE_none_1_10 
                      35302803                       35361548 
Lrnr_ranger_500_TRUE_none_1_12 
                      35266709 
 Lrnr_ranger_500_TRUE_none_1_8 Lrnr_ranger_500_TRUE_none_1_10 
                    0.04742360                     0.04789184 
Lrnr_ranger_500_TRUE_none_1_12 
                    0.04821162 
[1] "done"
NULL
NULL
NULL
[1] "done"
[1] "all"
[1] -372.6271 -147.9619
[1] "iter: 78"
[1] 2675    8
 Lrnr_ranger_500_TRUE_none_1_8 Lrnr_ranger_500_TRUE_none_1_10 
                      93656021                       96299995 
Lrnr_ranger_500_TRUE_none_1_12 
                      98457448 
 Lrnr_ranger_500_TRUE_none_1_8 Lrnr_ranger_500_TRUE_none_1_10 
                     166364165                      166094245 
Lrnr_ranger_500_TRUE_none_1_12 
                     165716539 
 Lrnr_ranger_500_TRUE_none_1_8 Lrnr_ranger_500_TRUE_none_1_10 
                    0.04622261                     0.04647512 
Lrnr_ranger_500_TRUE_none_1_12 
                    0.04685397 
[1] "done"
NULL
NULL
NULL
[1] "done"
[1] "all"
[1]  161.8248 1124.1343
[1] "iter: 79"
[1] 2675    8
 Lrnr_ranger_500_TRUE_none_1_8 Lrnr_ranger_500_TRUE_none_1_10 
                      93188494                       95391802 
Lrnr_ranger_500_TRUE_none_1_12 
                      97713754 
 Lrnr_ranger_500_TRUE_none_1_8 Lrnr_ranger_500_TRUE_none_1_10 
                     134225492                      134094437 
Lrnr_ranger_500_TRUE_none_1_12 
                     133976092 
 Lrnr_ranger_500_TRUE_none_1_8 Lrnr_ranger_500_TRUE_none_1_10 
                    0.04921733                     0.04923458 
Lrnr_ranger_500_TRUE_none_1_12 
                    0.04925522 
[1] "done"
NULL
NULL
NULL
[1] "done"
[1] "all"
[1] 1159.446 1355.498
[1] "iter: 80"
[1] 2675    8
 Lrnr_ranger_500_TRUE_none_1_8 Lrnr_ranger_500_TRUE_none_1_10 
                      95190159                       98007248 
Lrnr_ranger_500_TRUE_none_1_12 
                     100439509 
 Lrnr_ranger_500_TRUE_none_1_8 Lrnr_ranger_500_TRUE_none_1_10 
                      28367067                       28413771 
Lrnr_ranger_500_TRUE_none_1_12 
                      28376746 
 Lrnr_ranger_500_TRUE_none_1_8 Lrnr_ranger_500_TRUE_none_1_10 
                    0.04880990                     0.04938010 
Lrnr_ranger_500_TRUE_none_1_12 
                    0.04967218 
[1] "done"
NULL
NULL
NULL
[1] "done"
[1] "all"
[1] -694.4215 -849.4385
[1] "iter: 81"
[1] 2675    8
 Lrnr_ranger_500_TRUE_none_1_8 Lrnr_ranger_500_TRUE_none_1_10 
                      97061614                       99203859 
Lrnr_ranger_500_TRUE_none_1_12 
                     100641159 
 Lrnr_ranger_500_TRUE_none_1_8 Lrnr_ranger_500_TRUE_none_1_10 
                     157396606                      157665826 
Lrnr_ranger_500_TRUE_none_1_12 
                     157361105 
 Lrnr_ranger_500_TRUE_none_1_8 Lrnr_ranger_500_TRUE_none_1_10 
                    0.04614052                     0.04674668 
Lrnr_ranger_500_TRUE_none_1_12 
                    0.04688595 
[1] "done"
NULL
NULL
NULL
[1] "done"
[1] "all"
[1]  -60.64053 -860.36460
[1] "iter: 82"
[1] 2675    8
 Lrnr_ranger_500_TRUE_none_1_8 Lrnr_ranger_500_TRUE_none_1_10 
                     106541096                      109476912 
Lrnr_ranger_500_TRUE_none_1_12 
                     111992387 
 Lrnr_ranger_500_TRUE_none_1_8 Lrnr_ranger_500_TRUE_none_1_10 
                      97341338                       94969099 
Lrnr_ranger_500_TRUE_none_1_12 
                      97157884 
 Lrnr_ranger_500_TRUE_none_1_8 Lrnr_ranger_500_TRUE_none_1_10 
                    0.04655129                     0.04673060 
Lrnr_ranger_500_TRUE_none_1_12 
                    0.04661363 
[1] "done"
NULL
NULL
NULL
[1] "done"
[1] "all"
[1]  -74.77395 4170.31349
[1] "iter: 83"
[1] 2675    8
 Lrnr_ranger_500_TRUE_none_1_8 Lrnr_ranger_500_TRUE_none_1_10 
                      94399437                       96616736 
Lrnr_ranger_500_TRUE_none_1_12 
                      99215471 
 Lrnr_ranger_500_TRUE_none_1_8 Lrnr_ranger_500_TRUE_none_1_10 
                     141896339                      142391989 
Lrnr_ranger_500_TRUE_none_1_12 
                     142994864 
 Lrnr_ranger_500_TRUE_none_1_8 Lrnr_ranger_500_TRUE_none_1_10 
                    0.04729386                     0.04768018 
Lrnr_ranger_500_TRUE_none_1_12 
                    0.04780773 
[1] "done"
NULL
NULL
NULL
[1] "done"
[1] "all"
[1] 398.6800 438.9535
[1] "iter: 84"
[1] 2675    8
 Lrnr_ranger_500_TRUE_none_1_8 Lrnr_ranger_500_TRUE_none_1_10 
                     126630196                      130458583 
Lrnr_ranger_500_TRUE_none_1_12 
                     133693498 
 Lrnr_ranger_500_TRUE_none_1_8 Lrnr_ranger_500_TRUE_none_1_10 
                     116001542                      113700578 
Lrnr_ranger_500_TRUE_none_1_12 
                     114117750 
 Lrnr_ranger_500_TRUE_none_1_8 Lrnr_ranger_500_TRUE_none_1_10 
                    0.04409199                     0.04398167 
Lrnr_ranger_500_TRUE_none_1_12 
                    0.04388889 
[1] "done"
NULL
NULL
NULL
[1] "done"
[1] "all"
[1] 1558.216 5069.446
[1] "iter: 85"
[1] 2675    8
 Lrnr_ranger_500_TRUE_none_1_8 Lrnr_ranger_500_TRUE_none_1_10 
                      97359911                      100858896 
Lrnr_ranger_500_TRUE_none_1_12 
                     103809863 
 Lrnr_ranger_500_TRUE_none_1_8 Lrnr_ranger_500_TRUE_none_1_10 
                      46749188                       46821260 
Lrnr_ranger_500_TRUE_none_1_12 
                      46792195 
 Lrnr_ranger_500_TRUE_none_1_8 Lrnr_ranger_500_TRUE_none_1_10 
                    0.04578576                     0.04634848 
Lrnr_ranger_500_TRUE_none_1_12 
                    0.04664671 
[1] "done"
NULL
NULL
NULL
[1] "done"
[1] "all"
[1] -214.4155 -467.1284
[1] "iter: 86"
[1] 2675    8
 Lrnr_ranger_500_TRUE_none_1_8 Lrnr_ranger_500_TRUE_none_1_10 
                      96443028                       99492380 
Lrnr_ranger_500_TRUE_none_1_12 
                     102346140 
 Lrnr_ranger_500_TRUE_none_1_8 Lrnr_ranger_500_TRUE_none_1_10 
                     191413712                      191251992 
Lrnr_ranger_500_TRUE_none_1_12 
                     192124121 
 Lrnr_ranger_500_TRUE_none_1_8 Lrnr_ranger_500_TRUE_none_1_10 
                    0.04309535                     0.04343186 
Lrnr_ranger_500_TRUE_none_1_12 
                    0.04357306 
[1] "done"
NULL
NULL
NULL
[1] "done"
[1] "all"
[1]   366.7142 -1110.8094
[1] "iter: 87"
[1] 2675    8
 Lrnr_ranger_500_TRUE_none_1_8 Lrnr_ranger_500_TRUE_none_1_10 
                     108585945                      111324851 
Lrnr_ranger_500_TRUE_none_1_12 
                     114298418 
 Lrnr_ranger_500_TRUE_none_1_8 Lrnr_ranger_500_TRUE_none_1_10 
                      49743114                       49790157 
Lrnr_ranger_500_TRUE_none_1_12 
                      49906547 
 Lrnr_ranger_500_TRUE_none_1_8 Lrnr_ranger_500_TRUE_none_1_10 
                    0.05200173                     0.05267098 
Lrnr_ranger_500_TRUE_none_1_12 
                    0.05293508 
[1] "done"
NULL
NULL
NULL
[1] "done"
[1] "all"
[1] -353.61401  -84.79327
[1] "iter: 88"
[1] 2675    8
 Lrnr_ranger_500_TRUE_none_1_8 Lrnr_ranger_500_TRUE_none_1_10 
                      93619258                       96174524 
Lrnr_ranger_500_TRUE_none_1_12 
                      98723210 
 Lrnr_ranger_500_TRUE_none_1_8 Lrnr_ranger_500_TRUE_none_1_10 
                     151434648                      151488143 
Lrnr_ranger_500_TRUE_none_1_12 
                     152200006 
 Lrnr_ranger_500_TRUE_none_1_8 Lrnr_ranger_500_TRUE_none_1_10 
                    0.04747131                     0.04825498 
Lrnr_ranger_500_TRUE_none_1_12 
                    0.04852808 
[1] "done"
NULL
NULL
NULL
[1] "done"
[1] "all"
[1] 739.0578 929.2282
[1] "iter: 89"
[1] 2675    8
 Lrnr_ranger_500_TRUE_none_1_8 Lrnr_ranger_500_TRUE_none_1_10 
                     114558971                      118303844 
Lrnr_ranger_500_TRUE_none_1_12 
                     121063020 
 Lrnr_ranger_500_TRUE_none_1_8 Lrnr_ranger_500_TRUE_none_1_10 
                     110479337                      110170091 
Lrnr_ranger_500_TRUE_none_1_12 
                     110224046 
 Lrnr_ranger_500_TRUE_none_1_8 Lrnr_ranger_500_TRUE_none_1_10 
                    0.05007207                     0.05040650 
Lrnr_ranger_500_TRUE_none_1_12 
                    0.05056960 
[1] "done"
NULL
NULL
NULL
[1] "done"
[1] "all"
[1] 1152.772 1079.509
[1] "iter: 90"
[1] 2675    8
 Lrnr_ranger_500_TRUE_none_1_8 Lrnr_ranger_500_TRUE_none_1_10 
                      92639723                       94957454 
Lrnr_ranger_500_TRUE_none_1_12 
                      97769373 
 Lrnr_ranger_500_TRUE_none_1_8 Lrnr_ranger_500_TRUE_none_1_10 
                     125377846                      125289379 
Lrnr_ranger_500_TRUE_none_1_12 
                     125377341 
 Lrnr_ranger_500_TRUE_none_1_8 Lrnr_ranger_500_TRUE_none_1_10 
                    0.04805550                     0.04804881 
Lrnr_ranger_500_TRUE_none_1_12 
                    0.04823690 
[1] "done"
NULL
NULL
NULL
[1] "done"
[1] "all"
[1] -1322.502 -1191.398
[1] "iter: 91"
[1] 2675    8
 Lrnr_ranger_500_TRUE_none_1_8 Lrnr_ranger_500_TRUE_none_1_10 
                     101038823                      103724296 
Lrnr_ranger_500_TRUE_none_1_12 
                     106058460 
 Lrnr_ranger_500_TRUE_none_1_8 Lrnr_ranger_500_TRUE_none_1_10 
                     117921310                      116978051 
Lrnr_ranger_500_TRUE_none_1_12 
                     117315993 
 Lrnr_ranger_500_TRUE_none_1_8 Lrnr_ranger_500_TRUE_none_1_10 
                    0.04447124                     0.04498715 
Lrnr_ranger_500_TRUE_none_1_12 
                    0.04505789 
[1] "done"
NULL
NULL
NULL
[1] "done"
[1] "all"
[1]    2.279561 -680.565164
[1] "iter: 92"
[1] 2675    8
 Lrnr_ranger_500_TRUE_none_1_8 Lrnr_ranger_500_TRUE_none_1_10 
                      86973444                       89689317 
Lrnr_ranger_500_TRUE_none_1_12 
                      92089543 
 Lrnr_ranger_500_TRUE_none_1_8 Lrnr_ranger_500_TRUE_none_1_10 
                     103689257                      103526379 
Lrnr_ranger_500_TRUE_none_1_12 
                     103576330 
 Lrnr_ranger_500_TRUE_none_1_8 Lrnr_ranger_500_TRUE_none_1_10 
                    0.04573060                     0.04585913 
Lrnr_ranger_500_TRUE_none_1_12 
                    0.04609820 
[1] "done"
NULL
NULL
NULL
[1] "done"
[1] "all"
[1] -1240.362 -1879.764
[1] "iter: 93"
[1] 2675    8
 Lrnr_ranger_500_TRUE_none_1_8 Lrnr_ranger_500_TRUE_none_1_10 
                     101024907                      103675906 
Lrnr_ranger_500_TRUE_none_1_12 
                     105949370 
 Lrnr_ranger_500_TRUE_none_1_8 Lrnr_ranger_500_TRUE_none_1_10 
                     151836311                      152074404 
Lrnr_ranger_500_TRUE_none_1_12 
                     153030285 
 Lrnr_ranger_500_TRUE_none_1_8 Lrnr_ranger_500_TRUE_none_1_10 
                    0.04688565                     0.04768137 
Lrnr_ranger_500_TRUE_none_1_12 
                    0.04794053 
[1] "done"
NULL
NULL
NULL
[1] "done"
[1] "all"
[1] 950.8797 752.4603
[1] "iter: 94"
[1] 2675    8
 Lrnr_ranger_500_TRUE_none_1_8 Lrnr_ranger_500_TRUE_none_1_10 
                     106143936                      109079188 
Lrnr_ranger_500_TRUE_none_1_12 
                     111515781 
 Lrnr_ranger_500_TRUE_none_1_8 Lrnr_ranger_500_TRUE_none_1_10 
                      65065995                       64707924 
Lrnr_ranger_500_TRUE_none_1_12 
                      64759178 
 Lrnr_ranger_500_TRUE_none_1_8 Lrnr_ranger_500_TRUE_none_1_10 
                    0.04776291                     0.04838517 
Lrnr_ranger_500_TRUE_none_1_12 
                    0.04846055 
[1] "done"
NULL
NULL
NULL
[1] "done"
[1] "all"
[1]  -572.0652 -1076.3669
[1] "iter: 95"
[1] 2675    8
 Lrnr_ranger_500_TRUE_none_1_8 Lrnr_ranger_500_TRUE_none_1_10 
                      87798226                       90381039 
Lrnr_ranger_500_TRUE_none_1_12 
                      92892649 
 Lrnr_ranger_500_TRUE_none_1_8 Lrnr_ranger_500_TRUE_none_1_10 
                      91907421                       91654539 
Lrnr_ranger_500_TRUE_none_1_12 
                      91769963 
 Lrnr_ranger_500_TRUE_none_1_8 Lrnr_ranger_500_TRUE_none_1_10 
                    0.04557810                     0.04556327 
Lrnr_ranger_500_TRUE_none_1_12 
                    0.04554719 
[1] "done"
NULL
NULL
NULL
[1] "done"
[1] "all"
[1]  -850.7957 -1325.9190
[1] "iter: 96"
[1] 2675    8
 Lrnr_ranger_500_TRUE_none_1_8 Lrnr_ranger_500_TRUE_none_1_10 
                     100171857                      102454209 
Lrnr_ranger_500_TRUE_none_1_12 
                     104838660 
 Lrnr_ranger_500_TRUE_none_1_8 Lrnr_ranger_500_TRUE_none_1_10 
                     131873282                      132189471 
Lrnr_ranger_500_TRUE_none_1_12 
                     131975568 
 Lrnr_ranger_500_TRUE_none_1_8 Lrnr_ranger_500_TRUE_none_1_10 
                    0.05057485                     0.05126011 
Lrnr_ranger_500_TRUE_none_1_12 
                    0.05163601 
[1] "done"
NULL
NULL
NULL
[1] "done"
[1] "all"
[1]  33.67472 -27.24537
[1] "iter: 97"
[1] 2675    8
 Lrnr_ranger_500_TRUE_none_1_8 Lrnr_ranger_500_TRUE_none_1_10 
                     104118976                      106929326 
Lrnr_ranger_500_TRUE_none_1_12 
                     109256835 
 Lrnr_ranger_500_TRUE_none_1_8 Lrnr_ranger_500_TRUE_none_1_10 
                     197661607                      197544446 
Lrnr_ranger_500_TRUE_none_1_12 
                     198233477 
 Lrnr_ranger_500_TRUE_none_1_8 Lrnr_ranger_500_TRUE_none_1_10 
                    0.04403446                     0.04413033 
Lrnr_ranger_500_TRUE_none_1_12 
                    0.04406640 
[1] "done"
NULL
NULL
NULL
[1] "done"
[1] "all"
[1] 2036.528 2275.365
[1] "iter: 98"
[1] 2675    8
 Lrnr_ranger_500_TRUE_none_1_8 Lrnr_ranger_500_TRUE_none_1_10 
                      94686269                       97290578 
Lrnr_ranger_500_TRUE_none_1_12 
                      99970225 
 Lrnr_ranger_500_TRUE_none_1_8 Lrnr_ranger_500_TRUE_none_1_10 
                      51820435                       51911536 
Lrnr_ranger_500_TRUE_none_1_12 
                      51803603 
 Lrnr_ranger_500_TRUE_none_1_8 Lrnr_ranger_500_TRUE_none_1_10 
                    0.04480849                     0.04497390 
Lrnr_ranger_500_TRUE_none_1_12 
                    0.04519674 
[1] "done"
NULL
NULL
NULL
[1] "done"
[1] "all"
[1]  -721.0144 -2608.7260
[1] "iter: 99"
[1] 2675    8
 Lrnr_ranger_500_TRUE_none_1_8 Lrnr_ranger_500_TRUE_none_1_10 
                     104826127                      107530784 
Lrnr_ranger_500_TRUE_none_1_12 
                     110127343 
 Lrnr_ranger_500_TRUE_none_1_8 Lrnr_ranger_500_TRUE_none_1_10 
                     106119752                      106005468 
Lrnr_ranger_500_TRUE_none_1_12 
                     106040711 
 Lrnr_ranger_500_TRUE_none_1_8 Lrnr_ranger_500_TRUE_none_1_10 
                    0.04840983                     0.04879316 
Lrnr_ranger_500_TRUE_none_1_12 
                    0.04883159 
[1] "done"
NULL
NULL
NULL
[1] "done"
[1] "all"
[1]  -409.3577 -1173.0384
      estimate   CI_left  CI_right misp estimator lrnr    n       ATE iter
  1: -14979.03 -16976.12 -12630.96    1     auDRI  all 2675 -13856.37    0
  2: -14028.73 -14802.42 -13255.05    1      AIPW  all 2675 -13856.37    0
  3: -14433.19 -16108.50 -12447.89    2     auDRI  all 2675 -13856.37    0
  4: -14067.77 -14824.82 -13310.73    2      AIPW  all 2675 -13856.37    0
  5: -13885.44 -15387.91 -11585.14    3     auDRI  all 2675 -13856.37    0
 ---                                                                      
596: -14193.38 -15172.54 -13214.22    1      AIPW  all 2675 -13086.26   99
597: -14298.46 -15453.56 -12681.74    2     auDRI  all 2675 -13086.26   99
598: -13369.51 -14332.88 -12406.14    2      AIPW  all 2675 -13086.26   99
599: -13495.62 -14987.96 -11920.42    3     auDRI  all 2675 -13086.26   99
600: -14259.30 -15892.94 -12625.66    3      AIPW  all 2675 -13086.26   99
