LOADING R
R LOADED
[1] "/home/lvanderl/Rlibs2"                         
[2] "/app/software/R/4.3.1-gfbf-2022b/lib/R/library"
[1] "/home/lvanderl/sieveSims"
[1] "iter: 1"
[1] "Lrnr_cv"
[1] "Lrnr_earth_2_3_backward_0_1_0_0_binomial_200"
[1] "Lrnr_cv_selector_NULL"
[1] "Lrnr_cv"
[1] "Lrnr_earth_2_3_backward_0_1_0_0_binomial_200"
[1] "Lrnr_cv_selector_NULL"
predictions 
  0.1498402 
[1] "done"
[1] "Lrnr_cv"
[1] "Lrnr_gam_Y~s(W1, k = 50, bs='bs',m=c(1,1)) + s(W2, k = 50, bs='bs',m=c(1,1)) + s(W3, k = 50, bs='bs',m=c(1,1))_binomial_GCV.Cp"
[1] "Lrnr_cv_selector_NULL"
[1] "Lrnr_cv"
[1] "Lrnr_gam_A~s(W1, k = 50, bs='bs',m=c(1,1)) + s(W2, k = 50, bs='bs',m=c(1,1)) + s(W3, k = 50, bs='bs',m=c(1,1))_binomial_GCV.Cp"
[1] "Lrnr_cv_selector_NULL"
predictions 
  0.1403349 
[1] "done"
[1] "Lrnr_cv"
[1] "Lrnr_xgboost_20_1_5_6_0.25" "Lrnr_xgboost_20_1_5_4_0.25"
[3] "Lrnr_xgboost_20_1_5_5_0.25"
[1] "Lrnr_cv_selector_NULL"
[1] "Lrnr_cv"
[1] "Lrnr_xgboost_20_1_5_6_0.25" "Lrnr_xgboost_20_1_5_4_0.25"
[3] "Lrnr_xgboost_20_1_5_5_0.25"
[1] "Lrnr_cv_selector_NULL"
Lrnr_xgboost_20_1_5_6_0.25 Lrnr_xgboost_20_1_5_4_0.25 
                 0.1515414                  0.1470414 
Lrnr_xgboost_20_1_5_5_0.25 
                 0.1493338 
[1] "done"
[1] "Lrnr_cv"
[1] "Lrnr_ranger_500_TRUE_none_1_10_10"
[1] "Lrnr_cv_selector_NULL"
[1] "Lrnr_cv"
[1] "Lrnr_ranger_500_TRUE_none_1_10_10"
[1] "Lrnr_cv_selector_NULL"
predictions 
  0.1490879 
[1] "done"
[1] "Lrnr_cv"
[1] "Lrnr_mean"
[1] "Lrnr_cv"
[1] "Lrnr_mean"
NULL
[1] "done"
[1] "earth"
[1] "gam_1"
[1] "xgboost"
[1] "rf"
[1] "iter: 2"
[1] "Lrnr_cv"
[1] "Lrnr_earth_2_3_backward_0_1_0_0_binomial_200"
[1] "Lrnr_cv_selector_NULL"
[1] "Lrnr_cv"
[1] "Lrnr_earth_2_3_backward_0_1_0_0_binomial_200"
[1] "Lrnr_cv_selector_NULL"
predictions 
  0.1668519 
[1] "done"
[1] "Lrnr_cv"
[1] "Lrnr_gam_Y~s(W1, k = 50, bs='bs',m=c(1,1)) + s(W2, k = 50, bs='bs',m=c(1,1)) + s(W3, k = 50, bs='bs',m=c(1,1))_binomial_GCV.Cp"
[1] "Lrnr_cv_selector_NULL"
[1] "Lrnr_cv"
[1] "Lrnr_gam_A~s(W1, k = 50, bs='bs',m=c(1,1)) + s(W2, k = 50, bs='bs',m=c(1,1)) + s(W3, k = 50, bs='bs',m=c(1,1))_binomial_GCV.Cp"
[1] "Lrnr_cv_selector_NULL"
predictions 
  0.1473861 
[1] "done"
[1] "Lrnr_cv"
[1] "Lrnr_xgboost_20_1_5_6_0.25" "Lrnr_xgboost_20_1_5_4_0.25"
[3] "Lrnr_xgboost_20_1_5_5_0.25"
[1] "Lrnr_cv_selector_NULL"
[1] "Lrnr_cv"
[1] "Lrnr_xgboost_20_1_5_6_0.25" "Lrnr_xgboost_20_1_5_4_0.25"
[3] "Lrnr_xgboost_20_1_5_5_0.25"
[1] "Lrnr_cv_selector_NULL"
Lrnr_xgboost_20_1_5_6_0.25 Lrnr_xgboost_20_1_5_4_0.25 
                 0.1593275                  0.1540791 
Lrnr_xgboost_20_1_5_5_0.25 
                 0.1551387 
[1] "done"
[1] "Lrnr_cv"
[1] "Lrnr_ranger_500_TRUE_none_1_10_10"
[1] "Lrnr_cv_selector_NULL"
[1] "Lrnr_cv"
[1] "Lrnr_ranger_500_TRUE_none_1_10_10"
[1] "Lrnr_cv_selector_NULL"
predictions 
   0.154797 
[1] "done"
[1] "Lrnr_cv"
[1] "Lrnr_mean"
[1] "Lrnr_cv"
[1] "Lrnr_mean"
NULL
[1] "done"
[1] "earth"
[1] "gam_1"
[1] "xgboost"
[1] "rf"
[1] "iter: 3"
[1] "Lrnr_cv"
[1] "Lrnr_earth_2_3_backward_0_1_0_0_binomial_200"
[1] "Lrnr_cv_selector_NULL"
[1] "Lrnr_cv"
[1] "Lrnr_earth_2_3_backward_0_1_0_0_binomial_200"
[1] "Lrnr_cv_selector_NULL"
predictions 
  0.1434464 
[1] "done"
[1] "Lrnr_cv"
[1] "Lrnr_gam_Y~s(W1, k = 50, bs='bs',m=c(1,1)) + s(W2, k = 50, bs='bs',m=c(1,1)) + s(W3, k = 50, bs='bs',m=c(1,1))_binomial_GCV.Cp"
[1] "Lrnr_cv_selector_NULL"
[1] "Lrnr_cv"
[1] "Lrnr_gam_A~s(W1, k = 50, bs='bs',m=c(1,1)) + s(W2, k = 50, bs='bs',m=c(1,1)) + s(W3, k = 50, bs='bs',m=c(1,1))_binomial_GCV.Cp"
[1] "Lrnr_cv_selector_NULL"
predictions 
  0.1361426 
[1] "done"
[1] "Lrnr_cv"
[1] "Lrnr_xgboost_20_1_5_6_0.25" "Lrnr_xgboost_20_1_5_4_0.25"
[3] "Lrnr_xgboost_20_1_5_5_0.25"
[1] "Lrnr_cv_selector_NULL"
[1] "Lrnr_cv"
[1] "Lrnr_xgboost_20_1_5_6_0.25" "Lrnr_xgboost_20_1_5_4_0.25"
[3] "Lrnr_xgboost_20_1_5_5_0.25"
[1] "Lrnr_cv_selector_NULL"
Lrnr_xgboost_20_1_5_6_0.25 Lrnr_xgboost_20_1_5_4_0.25 
                 0.1466403                  0.1434015 
Lrnr_xgboost_20_1_5_5_0.25 
                 0.1442976 
[1] "done"
[1] "Lrnr_cv"
[1] "Lrnr_ranger_500_TRUE_none_1_10_10"
[1] "Lrnr_cv_selector_NULL"
[1] "Lrnr_cv"
[1] "Lrnr_ranger_500_TRUE_none_1_10_10"
[1] "Lrnr_cv_selector_NULL"
predictions 
  0.1430343 
[1] "done"
[1] "Lrnr_cv"
[1] "Lrnr_mean"
[1] "Lrnr_cv"
[1] "Lrnr_mean"
NULL
[1] "done"
[1] "earth"
[1] "gam_1"
[1] "xgboost"
[1] "rf"
[1] "iter: 4"
[1] "Lrnr_cv"
[1] "Lrnr_earth_2_3_backward_0_1_0_0_binomial_200"
[1] "Lrnr_cv_selector_NULL"
[1] "Lrnr_cv"
[1] "Lrnr_earth_2_3_backward_0_1_0_0_binomial_200"
[1] "Lrnr_cv_selector_NULL"
predictions 
  0.1684434 
[1] "done"
[1] "Lrnr_cv"
[1] "Lrnr_gam_Y~s(W1, k = 50, bs='bs',m=c(1,1)) + s(W2, k = 50, bs='bs',m=c(1,1)) + s(W3, k = 50, bs='bs',m=c(1,1))_binomial_GCV.Cp"
[1] "Lrnr_cv_selector_NULL"
[1] "Lrnr_cv"
[1] "Lrnr_gam_A~s(W1, k = 50, bs='bs',m=c(1,1)) + s(W2, k = 50, bs='bs',m=c(1,1)) + s(W3, k = 50, bs='bs',m=c(1,1))_binomial_GCV.Cp"
[1] "Lrnr_cv_selector_NULL"
predictions 
  0.1525256 
[1] "done"
[1] "Lrnr_cv"
[1] "Lrnr_xgboost_20_1_5_6_0.25" "Lrnr_xgboost_20_1_5_4_0.25"
[3] "Lrnr_xgboost_20_1_5_5_0.25"
[1] "Lrnr_cv_selector_NULL"
[1] "Lrnr_cv"
[1] "Lrnr_xgboost_20_1_5_6_0.25" "Lrnr_xgboost_20_1_5_4_0.25"
[3] "Lrnr_xgboost_20_1_5_5_0.25"
[1] "Lrnr_cv_selector_NULL"
Lrnr_xgboost_20_1_5_6_0.25 Lrnr_xgboost_20_1_5_4_0.25 
                 0.1621466                  0.1575490 
Lrnr_xgboost_20_1_5_5_0.25 
                 0.1599662 
[1] "done"
[1] "Lrnr_cv"
[1] "Lrnr_ranger_500_TRUE_none_1_10_10"
[1] "Lrnr_cv_selector_NULL"
[1] "Lrnr_cv"
[1] "Lrnr_ranger_500_TRUE_none_1_10_10"
[1] "Lrnr_cv_selector_NULL"
predictions 
   0.157247 
[1] "done"
[1] "Lrnr_cv"
[1] "Lrnr_mean"
[1] "Lrnr_cv"
[1] "Lrnr_mean"
NULL
[1] "done"
[1] "earth"
[1] "gam_1"
[1] "xgboost"
[1] "rf"
[1] "iter: 5"
[1] "Lrnr_cv"
[1] "Lrnr_earth_2_3_backward_0_1_0_0_binomial_200"
[1] "Lrnr_cv_selector_NULL"
[1] "Lrnr_cv"
[1] "Lrnr_earth_2_3_backward_0_1_0_0_binomial_200"
[1] "Lrnr_cv_selector_NULL"
predictions 
  0.1637142 
[1] "done"
[1] "Lrnr_cv"
[1] "Lrnr_gam_Y~s(W1, k = 50, bs='bs',m=c(1,1)) + s(W2, k = 50, bs='bs',m=c(1,1)) + s(W3, k = 50, bs='bs',m=c(1,1))_binomial_GCV.Cp"
[1] "Lrnr_cv_selector_NULL"
[1] "Lrnr_cv"
[1] "Lrnr_gam_A~s(W1, k = 50, bs='bs',m=c(1,1)) + s(W2, k = 50, bs='bs',m=c(1,1)) + s(W3, k = 50, bs='bs',m=c(1,1))_binomial_GCV.Cp"
[1] "Lrnr_cv_selector_NULL"
predictions 
  0.1519497 
[1] "done"
[1] "Lrnr_cv"
[1] "Lrnr_xgboost_20_1_5_6_0.25" "Lrnr_xgboost_20_1_5_4_0.25"
[3] "Lrnr_xgboost_20_1_5_5_0.25"
[1] "Lrnr_cv_selector_NULL"
[1] "Lrnr_cv"
[1] "Lrnr_xgboost_20_1_5_6_0.25" "Lrnr_xgboost_20_1_5_4_0.25"
[3] "Lrnr_xgboost_20_1_5_5_0.25"
[1] "Lrnr_cv_selector_NULL"
Lrnr_xgboost_20_1_5_6_0.25 Lrnr_xgboost_20_1_5_4_0.25 
                 0.1630422                  0.1555298 
Lrnr_xgboost_20_1_5_5_0.25 
                 0.1599437 
[1] "done"
[1] "Lrnr_cv"
[1] "Lrnr_ranger_500_TRUE_none_1_10_10"
[1] "Lrnr_cv_selector_NULL"
[1] "Lrnr_cv"
[1] "Lrnr_ranger_500_TRUE_none_1_10_10"
[1] "Lrnr_cv_selector_NULL"
predictions 
  0.1615195 
[1] "done"
[1] "Lrnr_cv"
[1] "Lrnr_mean"
[1] "Lrnr_cv"
[1] "Lrnr_mean"
NULL
[1] "done"
[1] "earth"
[1] "gam_1"
[1] "xgboost"
[1] "rf"
[1] "iter: 6"
[1] "Lrnr_cv"
[1] "Lrnr_earth_2_3_backward_0_1_0_0_binomial_200"
[1] "Lrnr_cv_selector_NULL"
[1] "Lrnr_cv"
[1] "Lrnr_earth_2_3_backward_0_1_0_0_binomial_200"
[1] "Lrnr_cv_selector_NULL"
predictions 
  0.1599232 
[1] "done"
[1] "Lrnr_cv"
[1] "Lrnr_gam_Y~s(W1, k = 50, bs='bs',m=c(1,1)) + s(W2, k = 50, bs='bs',m=c(1,1)) + s(W3, k = 50, bs='bs',m=c(1,1))_binomial_GCV.Cp"
[1] "Lrnr_cv_selector_NULL"
[1] "Lrnr_cv"
[1] "Lrnr_gam_A~s(W1, k = 50, bs='bs',m=c(1,1)) + s(W2, k = 50, bs='bs',m=c(1,1)) + s(W3, k = 50, bs='bs',m=c(1,1))_binomial_GCV.Cp"
[1] "Lrnr_cv_selector_NULL"
predictions 
  0.1512242 
[1] "done"
[1] "Lrnr_cv"
[1] "Lrnr_xgboost_20_1_5_6_0.25" "Lrnr_xgboost_20_1_5_4_0.25"
[3] "Lrnr_xgboost_20_1_5_5_0.25"
[1] "Lrnr_cv_selector_NULL"
[1] "Lrnr_cv"
[1] "Lrnr_xgboost_20_1_5_6_0.25" "Lrnr_xgboost_20_1_5_4_0.25"
[3] "Lrnr_xgboost_20_1_5_5_0.25"
[1] "Lrnr_cv_selector_NULL"
Lrnr_xgboost_20_1_5_6_0.25 Lrnr_xgboost_20_1_5_4_0.25 
                 0.1637196                  0.1586643 
Lrnr_xgboost_20_1_5_5_0.25 
                 0.1623515 
[1] "done"
[1] "Lrnr_cv"
[1] "Lrnr_ranger_500_TRUE_none_1_10_10"
[1] "Lrnr_cv_selector_NULL"
[1] "Lrnr_cv"
[1] "Lrnr_ranger_500_TRUE_none_1_10_10"
[1] "Lrnr_cv_selector_NULL"
predictions 
  0.1567049 
[1] "done"
[1] "Lrnr_cv"
[1] "Lrnr_mean"
[1] "Lrnr_cv"
[1] "Lrnr_mean"
NULL
[1] "done"
[1] "earth"
[1] "gam_1"
[1] "xgboost"
[1] "rf"
[1] "iter: 7"
[1] "Lrnr_cv"
[1] "Lrnr_earth_2_3_backward_0_1_0_0_binomial_200"
[1] "Lrnr_cv_selector_NULL"
[1] "Lrnr_cv"
[1] "Lrnr_earth_2_3_backward_0_1_0_0_binomial_200"
[1] "Lrnr_cv_selector_NULL"
predictions 
  0.1635135 
[1] "done"
[1] "Lrnr_cv"
[1] "Lrnr_gam_Y~s(W1, k = 50, bs='bs',m=c(1,1)) + s(W2, k = 50, bs='bs',m=c(1,1)) + s(W3, k = 50, bs='bs',m=c(1,1))_binomial_GCV.Cp"
[1] "Lrnr_cv_selector_NULL"
[1] "Lrnr_cv"
[1] "Lrnr_gam_A~s(W1, k = 50, bs='bs',m=c(1,1)) + s(W2, k = 50, bs='bs',m=c(1,1)) + s(W3, k = 50, bs='bs',m=c(1,1))_binomial_GCV.Cp"
[1] "Lrnr_cv_selector_NULL"
predictions 
  0.1478777 
[1] "done"
[1] "Lrnr_cv"
[1] "Lrnr_xgboost_20_1_5_6_0.25" "Lrnr_xgboost_20_1_5_4_0.25"
[3] "Lrnr_xgboost_20_1_5_5_0.25"
[1] "Lrnr_cv_selector_NULL"
[1] "Lrnr_cv"
[1] "Lrnr_xgboost_20_1_5_6_0.25" "Lrnr_xgboost_20_1_5_4_0.25"
[3] "Lrnr_xgboost_20_1_5_5_0.25"
[1] "Lrnr_cv_selector_NULL"
Lrnr_xgboost_20_1_5_6_0.25 Lrnr_xgboost_20_1_5_4_0.25 
                 0.1577695                  0.1506467 
Lrnr_xgboost_20_1_5_5_0.25 
                 0.1541392 
[1] "done"
[1] "Lrnr_cv"
[1] "Lrnr_ranger_500_TRUE_none_1_10_10"
[1] "Lrnr_cv_selector_NULL"
[1] "Lrnr_cv"
[1] "Lrnr_ranger_500_TRUE_none_1_10_10"
[1] "Lrnr_cv_selector_NULL"
predictions 
  0.1541574 
[1] "done"
[1] "Lrnr_cv"
[1] "Lrnr_mean"
[1] "Lrnr_cv"
[1] "Lrnr_mean"
NULL
[1] "done"
[1] "earth"
[1] "gam_1"
[1] "xgboost"
[1] "rf"
[1] "iter: 8"
[1] "Lrnr_cv"
[1] "Lrnr_earth_2_3_backward_0_1_0_0_binomial_200"
[1] "Lrnr_cv_selector_NULL"
[1] "Lrnr_cv"
[1] "Lrnr_earth_2_3_backward_0_1_0_0_binomial_200"
[1] "Lrnr_cv_selector_NULL"
predictions 
    0.15414 
[1] "done"
[1] "Lrnr_cv"
[1] "Lrnr_gam_Y~s(W1, k = 50, bs='bs',m=c(1,1)) + s(W2, k = 50, bs='bs',m=c(1,1)) + s(W3, k = 50, bs='bs',m=c(1,1))_binomial_GCV.Cp"
[1] "Lrnr_cv_selector_NULL"
[1] "Lrnr_cv"
[1] "Lrnr_gam_A~s(W1, k = 50, bs='bs',m=c(1,1)) + s(W2, k = 50, bs='bs',m=c(1,1)) + s(W3, k = 50, bs='bs',m=c(1,1))_binomial_GCV.Cp"
[1] "Lrnr_cv_selector_NULL"
predictions 
  0.1481354 
[1] "done"
[1] "Lrnr_cv"
[1] "Lrnr_xgboost_20_1_5_6_0.25" "Lrnr_xgboost_20_1_5_4_0.25"
[3] "Lrnr_xgboost_20_1_5_5_0.25"
[1] "Lrnr_cv_selector_NULL"
[1] "Lrnr_cv"
[1] "Lrnr_xgboost_20_1_5_6_0.25" "Lrnr_xgboost_20_1_5_4_0.25"
[3] "Lrnr_xgboost_20_1_5_5_0.25"
[1] "Lrnr_cv_selector_NULL"
Lrnr_xgboost_20_1_5_6_0.25 Lrnr_xgboost_20_1_5_4_0.25 
                 0.1597466                  0.1572204 
Lrnr_xgboost_20_1_5_5_0.25 
                 0.1589559 
[1] "done"
[1] "Lrnr_cv"
[1] "Lrnr_ranger_500_TRUE_none_1_10_10"
[1] "Lrnr_cv_selector_NULL"
[1] "Lrnr_cv"
[1] "Lrnr_ranger_500_TRUE_none_1_10_10"
[1] "Lrnr_cv_selector_NULL"
predictions 
  0.1586446 
[1] "done"
[1] "Lrnr_cv"
[1] "Lrnr_mean"
[1] "Lrnr_cv"
[1] "Lrnr_mean"
NULL
[1] "done"
[1] "earth"
[1] "gam_1"
[1] "xgboost"
[1] "rf"
[1] "iter: 9"
[1] "Lrnr_cv"
[1] "Lrnr_earth_2_3_backward_0_1_0_0_binomial_200"
[1] "Lrnr_cv_selector_NULL"
[1] "Lrnr_cv"
[1] "Lrnr_earth_2_3_backward_0_1_0_0_binomial_200"
[1] "Lrnr_cv_selector_NULL"
predictions 
  0.1706631 
[1] "done"
[1] "Lrnr_cv"
[1] "Lrnr_gam_Y~s(W1, k = 50, bs='bs',m=c(1,1)) + s(W2, k = 50, bs='bs',m=c(1,1)) + s(W3, k = 50, bs='bs',m=c(1,1))_binomial_GCV.Cp"
[1] "Lrnr_cv_selector_NULL"
[1] "Lrnr_cv"
[1] "Lrnr_gam_A~s(W1, k = 50, bs='bs',m=c(1,1)) + s(W2, k = 50, bs='bs',m=c(1,1)) + s(W3, k = 50, bs='bs',m=c(1,1))_binomial_GCV.Cp"
[1] "Lrnr_cv_selector_NULL"
predictions 
  0.1557334 
[1] "done"
[1] "Lrnr_cv"
[1] "Lrnr_xgboost_20_1_5_6_0.25" "Lrnr_xgboost_20_1_5_4_0.25"
[3] "Lrnr_xgboost_20_1_5_5_0.25"
[1] "Lrnr_cv_selector_NULL"
[1] "Lrnr_cv"
[1] "Lrnr_xgboost_20_1_5_6_0.25" "Lrnr_xgboost_20_1_5_4_0.25"
[3] "Lrnr_xgboost_20_1_5_5_0.25"
[1] "Lrnr_cv_selector_NULL"
Lrnr_xgboost_20_1_5_6_0.25 Lrnr_xgboost_20_1_5_4_0.25 
                 0.1628322                  0.1611993 
Lrnr_xgboost_20_1_5_5_0.25 
                 0.1617353 
[1] "done"
[1] "Lrnr_cv"
[1] "Lrnr_ranger_500_TRUE_none_1_10_10"
[1] "Lrnr_cv_selector_NULL"
[1] "Lrnr_cv"
[1] "Lrnr_ranger_500_TRUE_none_1_10_10"
[1] "Lrnr_cv_selector_NULL"
predictions 
  0.1650186 
[1] "done"
[1] "Lrnr_cv"
[1] "Lrnr_mean"
[1] "Lrnr_cv"
[1] "Lrnr_mean"
NULL
[1] "done"
[1] "earth"
[1] "gam_1"
[1] "xgboost"
[1] "rf"
[1] "iter: 10"
[1] "Lrnr_cv"
[1] "Lrnr_earth_2_3_backward_0_1_0_0_binomial_200"
[1] "Lrnr_cv_selector_NULL"
[1] "Lrnr_cv"
[1] "Lrnr_earth_2_3_backward_0_1_0_0_binomial_200"
[1] "Lrnr_cv_selector_NULL"
predictions 
   0.171235 
[1] "done"
[1] "Lrnr_cv"
[1] "Lrnr_gam_Y~s(W1, k = 50, bs='bs',m=c(1,1)) + s(W2, k = 50, bs='bs',m=c(1,1)) + s(W3, k = 50, bs='bs',m=c(1,1))_binomial_GCV.Cp"
[1] "Lrnr_cv_selector_NULL"
[1] "Lrnr_cv"
[1] "Lrnr_gam_A~s(W1, k = 50, bs='bs',m=c(1,1)) + s(W2, k = 50, bs='bs',m=c(1,1)) + s(W3, k = 50, bs='bs',m=c(1,1))_binomial_GCV.Cp"
[1] "Lrnr_cv_selector_NULL"
predictions 
  0.1541168 
[1] "done"
[1] "Lrnr_cv"
[1] "Lrnr_xgboost_20_1_5_6_0.25" "Lrnr_xgboost_20_1_5_4_0.25"
[3] "Lrnr_xgboost_20_1_5_5_0.25"
[1] "Lrnr_cv_selector_NULL"
[1] "Lrnr_cv"
[1] "Lrnr_xgboost_20_1_5_6_0.25" "Lrnr_xgboost_20_1_5_4_0.25"
[3] "Lrnr_xgboost_20_1_5_5_0.25"
[1] "Lrnr_cv_selector_NULL"
Lrnr_xgboost_20_1_5_6_0.25 Lrnr_xgboost_20_1_5_4_0.25 
                 0.1615124                  0.1546251 
Lrnr_xgboost_20_1_5_5_0.25 
                 0.1595059 
[1] "done"
[1] "Lrnr_cv"
[1] "Lrnr_ranger_500_TRUE_none_1_10_10"
[1] "Lrnr_cv_selector_NULL"
[1] "Lrnr_cv"
[1] "Lrnr_ranger_500_TRUE_none_1_10_10"
[1] "Lrnr_cv_selector_NULL"
predictions 
  0.1558586 
[1] "done"
[1] "Lrnr_cv"
[1] "Lrnr_mean"
[1] "Lrnr_cv"
[1] "Lrnr_mean"
NULL
[1] "done"
[1] "earth"
[1] "gam_1"
[1] "xgboost"
[1] "rf"
[1] "iter: 11"
[1] "Lrnr_cv"
[1] "Lrnr_earth_2_3_backward_0_1_0_0_binomial_200"
[1] "Lrnr_cv_selector_NULL"
[1] "Lrnr_cv"
[1] "Lrnr_earth_2_3_backward_0_1_0_0_binomial_200"
[1] "Lrnr_cv_selector_NULL"
predictions 
  0.1600908 
[1] "done"
[1] "Lrnr_cv"
[1] "Lrnr_gam_Y~s(W1, k = 50, bs='bs',m=c(1,1)) + s(W2, k = 50, bs='bs',m=c(1,1)) + s(W3, k = 50, bs='bs',m=c(1,1))_binomial_GCV.Cp"
[1] "Lrnr_cv_selector_NULL"
[1] "Lrnr_cv"
[1] "Lrnr_gam_A~s(W1, k = 50, bs='bs',m=c(1,1)) + s(W2, k = 50, bs='bs',m=c(1,1)) + s(W3, k = 50, bs='bs',m=c(1,1))_binomial_GCV.Cp"
[1] "Lrnr_cv_selector_NULL"
predictions 
   0.146494 
[1] "done"
[1] "Lrnr_cv"
[1] "Lrnr_xgboost_20_1_5_6_0.25" "Lrnr_xgboost_20_1_5_4_0.25"
[3] "Lrnr_xgboost_20_1_5_5_0.25"
[1] "Lrnr_cv_selector_NULL"
[1] "Lrnr_cv"
[1] "Lrnr_xgboost_20_1_5_6_0.25" "Lrnr_xgboost_20_1_5_4_0.25"
[3] "Lrnr_xgboost_20_1_5_5_0.25"
[1] "Lrnr_cv_selector_NULL"
Lrnr_xgboost_20_1_5_6_0.25 Lrnr_xgboost_20_1_5_4_0.25 
                 0.1564993                  0.1548847 
Lrnr_xgboost_20_1_5_5_0.25 
                 0.1532111 
[1] "done"
[1] "Lrnr_cv"
[1] "Lrnr_ranger_500_TRUE_none_1_10_10"
[1] "Lrnr_cv_selector_NULL"
[1] "Lrnr_cv"
[1] "Lrnr_ranger_500_TRUE_none_1_10_10"
[1] "Lrnr_cv_selector_NULL"
predictions 
  0.1566282 
[1] "done"
[1] "Lrnr_cv"
[1] "Lrnr_mean"
[1] "Lrnr_cv"
[1] "Lrnr_mean"
NULL
[1] "done"
[1] "earth"
[1] "gam_1"
[1] "xgboost"
[1] "rf"
[1] "iter: 12"
[1] "Lrnr_cv"
[1] "Lrnr_earth_2_3_backward_0_1_0_0_binomial_200"
[1] "Lrnr_cv_selector_NULL"
[1] "Lrnr_cv"
[1] "Lrnr_earth_2_3_backward_0_1_0_0_binomial_200"
[1] "Lrnr_cv_selector_NULL"
predictions 
  0.1603513 
[1] "done"
[1] "Lrnr_cv"
[1] "Lrnr_gam_Y~s(W1, k = 50, bs='bs',m=c(1,1)) + s(W2, k = 50, bs='bs',m=c(1,1)) + s(W3, k = 50, bs='bs',m=c(1,1))_binomial_GCV.Cp"
[1] "Lrnr_cv_selector_NULL"
[1] "Lrnr_cv"
[1] "Lrnr_gam_A~s(W1, k = 50, bs='bs',m=c(1,1)) + s(W2, k = 50, bs='bs',m=c(1,1)) + s(W3, k = 50, bs='bs',m=c(1,1))_binomial_GCV.Cp"
[1] "Lrnr_cv_selector_NULL"
predictions 
  0.1505135 
[1] "done"
[1] "Lrnr_cv"
[1] "Lrnr_xgboost_20_1_5_6_0.25" "Lrnr_xgboost_20_1_5_4_0.25"
[3] "Lrnr_xgboost_20_1_5_5_0.25"
[1] "Lrnr_cv_selector_NULL"
[1] "Lrnr_cv"
[1] "Lrnr_xgboost_20_1_5_6_0.25" "Lrnr_xgboost_20_1_5_4_0.25"
[3] "Lrnr_xgboost_20_1_5_5_0.25"
[1] "Lrnr_cv_selector_NULL"
Lrnr_xgboost_20_1_5_6_0.25 Lrnr_xgboost_20_1_5_4_0.25 
                 0.1631162                  0.1582187 
Lrnr_xgboost_20_1_5_5_0.25 
                 0.1598346 
[1] "done"
[1] "Lrnr_cv"
[1] "Lrnr_ranger_500_TRUE_none_1_10_10"
[1] "Lrnr_cv_selector_NULL"
[1] "Lrnr_cv"
[1] "Lrnr_ranger_500_TRUE_none_1_10_10"
[1] "Lrnr_cv_selector_NULL"
predictions 
  0.1602359 
[1] "done"
[1] "Lrnr_cv"
[1] "Lrnr_mean"
[1] "Lrnr_cv"
[1] "Lrnr_mean"
NULL
[1] "done"
[1] "earth"
[1] "gam_1"
[1] "xgboost"
[1] "rf"
[1] "iter: 13"
[1] "Lrnr_cv"
[1] "Lrnr_earth_2_3_backward_0_1_0_0_binomial_200"
[1] "Lrnr_cv_selector_NULL"
[1] "Lrnr_cv"
[1] "Lrnr_earth_2_3_backward_0_1_0_0_binomial_200"
[1] "Lrnr_cv_selector_NULL"
predictions 
    0.17209 
[1] "done"
[1] "Lrnr_cv"
[1] "Lrnr_gam_Y~s(W1, k = 50, bs='bs',m=c(1,1)) + s(W2, k = 50, bs='bs',m=c(1,1)) + s(W3, k = 50, bs='bs',m=c(1,1))_binomial_GCV.Cp"
[1] "Lrnr_cv_selector_NULL"
[1] "Lrnr_cv"
[1] "Lrnr_gam_A~s(W1, k = 50, bs='bs',m=c(1,1)) + s(W2, k = 50, bs='bs',m=c(1,1)) + s(W3, k = 50, bs='bs',m=c(1,1))_binomial_GCV.Cp"
[1] "Lrnr_cv_selector_NULL"
predictions 
  0.1566948 
[1] "done"
[1] "Lrnr_cv"
[1] "Lrnr_xgboost_20_1_5_6_0.25" "Lrnr_xgboost_20_1_5_4_0.25"
[3] "Lrnr_xgboost_20_1_5_5_0.25"
[1] "Lrnr_cv_selector_NULL"
[1] "Lrnr_cv"
[1] "Lrnr_xgboost_20_1_5_6_0.25" "Lrnr_xgboost_20_1_5_4_0.25"
[3] "Lrnr_xgboost_20_1_5_5_0.25"
[1] "Lrnr_cv_selector_NULL"
Lrnr_xgboost_20_1_5_6_0.25 Lrnr_xgboost_20_1_5_4_0.25 
                 0.1719419                  0.1662133 
Lrnr_xgboost_20_1_5_5_0.25 
                 0.1691112 
[1] "done"
[1] "Lrnr_cv"
[1] "Lrnr_ranger_500_TRUE_none_1_10_10"
[1] "Lrnr_cv_selector_NULL"
[1] "Lrnr_cv"
[1] "Lrnr_ranger_500_TRUE_none_1_10_10"
[1] "Lrnr_cv_selector_NULL"
predictions 
  0.1677061 
[1] "done"
[1] "Lrnr_cv"
[1] "Lrnr_mean"
[1] "Lrnr_cv"
[1] "Lrnr_mean"
NULL
[1] "done"
[1] "earth"
[1] "gam_1"
[1] "xgboost"
[1] "rf"
[1] "iter: 14"
[1] "Lrnr_cv"
[1] "Lrnr_earth_2_3_backward_0_1_0_0_binomial_200"
[1] "Lrnr_cv_selector_NULL"
[1] "Lrnr_cv"
[1] "Lrnr_earth_2_3_backward_0_1_0_0_binomial_200"
[1] "Lrnr_cv_selector_NULL"
predictions 
  0.1485011 
[1] "done"
[1] "Lrnr_cv"
[1] "Lrnr_gam_Y~s(W1, k = 50, bs='bs',m=c(1,1)) + s(W2, k = 50, bs='bs',m=c(1,1)) + s(W3, k = 50, bs='bs',m=c(1,1))_binomial_GCV.Cp"
[1] "Lrnr_cv_selector_NULL"
[1] "Lrnr_cv"
[1] "Lrnr_gam_A~s(W1, k = 50, bs='bs',m=c(1,1)) + s(W2, k = 50, bs='bs',m=c(1,1)) + s(W3, k = 50, bs='bs',m=c(1,1))_binomial_GCV.Cp"
[1] "Lrnr_cv_selector_NULL"
predictions 
  0.1410775 
[1] "done"
[1] "Lrnr_cv"
[1] "Lrnr_xgboost_20_1_5_6_0.25" "Lrnr_xgboost_20_1_5_4_0.25"
[3] "Lrnr_xgboost_20_1_5_5_0.25"
[1] "Lrnr_cv_selector_NULL"
[1] "Lrnr_cv"
[1] "Lrnr_xgboost_20_1_5_6_0.25" "Lrnr_xgboost_20_1_5_4_0.25"
[3] "Lrnr_xgboost_20_1_5_5_0.25"
[1] "Lrnr_cv_selector_NULL"
Lrnr_xgboost_20_1_5_6_0.25 Lrnr_xgboost_20_1_5_4_0.25 
                 0.1550752                  0.1498644 
Lrnr_xgboost_20_1_5_5_0.25 
                 0.1533258 
[1] "done"
[1] "Lrnr_cv"
[1] "Lrnr_ranger_500_TRUE_none_1_10_10"
[1] "Lrnr_cv_selector_NULL"
[1] "Lrnr_cv"
[1] "Lrnr_ranger_500_TRUE_none_1_10_10"
[1] "Lrnr_cv_selector_NULL"
predictions 
  0.1503788 
[1] "done"
[1] "Lrnr_cv"
[1] "Lrnr_mean"
[1] "Lrnr_cv"
[1] "Lrnr_mean"
NULL
[1] "done"
[1] "earth"
[1] "gam_1"
[1] "xgboost"
[1] "rf"
