LOADING R
R LOADED
[1] "/home/lvanderl/Rlibs2"                         
[2] "/app/software/R/4.3.1-gfbf-2022b/lib/R/library"
[1] "/home/lvanderl/sieveSims"
[1] "iter: 1"
[1] "Lrnr_cv"
[1] "Lrnr_earth_2_3_cv_5_1_0_0_binomial_100"
[1] "Lrnr_cv_selector_NULL"
predictions 
  0.1905275 
predictions 
  0.1586855 
[1] "done"
[1] "Lrnr_cv"
[1] "Lrnr_gam_Y~s(W1, k = 40, bs='bs',m=c(1,1)) + s(W2, k = 40, bs='bs',m=c(1,1)) + s(W3, k = 40, bs='bs',m=c(1,1))_binomial_GCV.Cp"
[1] "Lrnr_cv_selector_NULL"
predictions 
   0.190454 
predictions 
  0.1565387 
[1] "done"
[1] "Lrnr_cv"
[1] "Lrnr_xgboost_10_1_15_5_0.2" "Lrnr_xgboost_10_1_15_2_0.2"
[3] "Lrnr_xgboost_10_1_15_3_0.2" "Lrnr_xgboost_10_1_15_4_0.2"
[1] "Lrnr_cv_selector_NULL"
Lrnr_xgboost_10_1_15_5_0.2 Lrnr_xgboost_10_1_15_2_0.2 
                 0.1934413                  0.1972823 
Lrnr_xgboost_10_1_15_3_0.2 Lrnr_xgboost_10_1_15_4_0.2 
                 0.1943289                  0.1929355 
Lrnr_xgboost_10_1_15_5_0.2 Lrnr_xgboost_10_1_15_2_0.2 
                 0.1605221                  0.1665441 
Lrnr_xgboost_10_1_15_3_0.2 Lrnr_xgboost_10_1_15_4_0.2 
                 0.1614808                  0.1599529 
[1] "done"
[1] "Lrnr_cv"
[1] "Lrnr_ranger_500_TRUE_none_1_10_5"
[1] "Lrnr_cv_selector_NULL"
predictions 
  0.1943767 
predictions 
  0.1628737 
[1] "done"
[1] "Lrnr_cv"
[1] "Lrnr_mean"
NULL
NULL
[1] "done"
[1] "earth"
[1] "gam_1"
[1] "xgboost"
[1] "rf"
[1] "iter: 2"
[1] "Lrnr_cv"
[1] "Lrnr_earth_2_3_cv_5_1_0_0_binomial_100"
[1] "Lrnr_cv_selector_NULL"
predictions 
  0.1954009 
predictions 
  0.1571604 
[1] "done"
[1] "Lrnr_cv"
[1] "Lrnr_gam_Y~s(W1, k = 40, bs='bs',m=c(1,1)) + s(W2, k = 40, bs='bs',m=c(1,1)) + s(W3, k = 40, bs='bs',m=c(1,1))_binomial_GCV.Cp"
[1] "Lrnr_cv_selector_NULL"
predictions 
  0.1929355 
predictions 
  0.1557531 
[1] "done"
[1] "Lrnr_cv"
[1] "Lrnr_xgboost_10_1_15_5_0.2" "Lrnr_xgboost_10_1_15_2_0.2"
[3] "Lrnr_xgboost_10_1_15_3_0.2" "Lrnr_xgboost_10_1_15_4_0.2"
[1] "Lrnr_cv_selector_NULL"
Lrnr_xgboost_10_1_15_5_0.2 Lrnr_xgboost_10_1_15_2_0.2 
                 0.1959693                  0.1997899 
Lrnr_xgboost_10_1_15_3_0.2 Lrnr_xgboost_10_1_15_4_0.2 
                 0.1958024                  0.1963787 
Lrnr_xgboost_10_1_15_5_0.2 Lrnr_xgboost_10_1_15_2_0.2 
                 0.1609599                  0.1689621 
Lrnr_xgboost_10_1_15_3_0.2 Lrnr_xgboost_10_1_15_4_0.2 
                 0.1641841                  0.1619647 
[1] "done"
[1] "Lrnr_cv"
[1] "Lrnr_ranger_500_TRUE_none_1_10_5"
[1] "Lrnr_cv_selector_NULL"
predictions 
  0.1998925 
predictions 
  0.1635685 
[1] "done"
[1] "Lrnr_cv"
[1] "Lrnr_mean"
NULL
NULL
[1] "done"
[1] "earth"
[1] "gam_1"
[1] "xgboost"
[1] "rf"
[1] "iter: 3"
[1] "Lrnr_cv"
[1] "Lrnr_earth_2_3_cv_5_1_0_0_binomial_100"
[1] "Lrnr_cv_selector_NULL"
predictions 
  0.1959082 
predictions 
  0.1621146 
[1] "done"
[1] "Lrnr_cv"
[1] "Lrnr_gam_Y~s(W1, k = 40, bs='bs',m=c(1,1)) + s(W2, k = 40, bs='bs',m=c(1,1)) + s(W3, k = 40, bs='bs',m=c(1,1))_binomial_GCV.Cp"
[1] "Lrnr_cv_selector_NULL"
predictions 
  0.1939046 
predictions 
  0.1585215 
[1] "done"
[1] "Lrnr_cv"
[1] "Lrnr_xgboost_10_1_15_5_0.2" "Lrnr_xgboost_10_1_15_2_0.2"
[3] "Lrnr_xgboost_10_1_15_3_0.2" "Lrnr_xgboost_10_1_15_4_0.2"
[1] "Lrnr_cv_selector_NULL"
Lrnr_xgboost_10_1_15_5_0.2 Lrnr_xgboost_10_1_15_2_0.2 
                 0.1994139                  0.2004877 
Lrnr_xgboost_10_1_15_3_0.2 Lrnr_xgboost_10_1_15_4_0.2 
                 0.1982365                  0.1994514 
Lrnr_xgboost_10_1_15_5_0.2 Lrnr_xgboost_10_1_15_2_0.2 
                 0.1621109                  0.1685631 
Lrnr_xgboost_10_1_15_3_0.2 Lrnr_xgboost_10_1_15_4_0.2 
                 0.1647914                  0.1631598 
[1] "done"
[1] "Lrnr_cv"
[1] "Lrnr_ranger_500_TRUE_none_1_10_5"
[1] "Lrnr_cv_selector_NULL"
predictions 
  0.2019183 
predictions 
  0.1657499 
[1] "done"
[1] "Lrnr_cv"
[1] "Lrnr_mean"
NULL
NULL
[1] "done"
[1] "earth"
[1] "gam_1"
[1] "xgboost"
[1] "rf"
[1] "iter: 4"
[1] "Lrnr_cv"
[1] "Lrnr_earth_2_3_cv_5_1_0_0_binomial_100"
[1] "Lrnr_cv_selector_NULL"
predictions 
  0.1932889 
predictions 
  0.1611692 
[1] "done"
[1] "Lrnr_cv"
[1] "Lrnr_gam_Y~s(W1, k = 40, bs='bs',m=c(1,1)) + s(W2, k = 40, bs='bs',m=c(1,1)) + s(W3, k = 40, bs='bs',m=c(1,1))_binomial_GCV.Cp"
[1] "Lrnr_cv_selector_NULL"
predictions 
  0.1932147 
predictions 
  0.1619525 
[1] "done"
[1] "Lrnr_cv"
[1] "Lrnr_xgboost_10_1_15_5_0.2" "Lrnr_xgboost_10_1_15_2_0.2"
[3] "Lrnr_xgboost_10_1_15_3_0.2" "Lrnr_xgboost_10_1_15_4_0.2"
[1] "Lrnr_cv_selector_NULL"
Lrnr_xgboost_10_1_15_5_0.2 Lrnr_xgboost_10_1_15_2_0.2 
                 0.1958713                  0.1979551 
Lrnr_xgboost_10_1_15_3_0.2 Lrnr_xgboost_10_1_15_4_0.2 
                 0.1952806                  0.1957627 
Lrnr_xgboost_10_1_15_5_0.2 Lrnr_xgboost_10_1_15_2_0.2 
                 0.1657549                  0.1726518 
Lrnr_xgboost_10_1_15_3_0.2 Lrnr_xgboost_10_1_15_4_0.2 
                 0.1674531                  0.1656354 
[1] "done"
[1] "Lrnr_cv"
[1] "Lrnr_ranger_500_TRUE_none_1_10_5"
[1] "Lrnr_cv_selector_NULL"
predictions 
  0.2003047 
predictions 
  0.1676607 
[1] "done"
[1] "Lrnr_cv"
[1] "Lrnr_mean"
NULL
NULL
[1] "done"
[1] "earth"
[1] "gam_1"
[1] "xgboost"
[1] "rf"
[1] "iter: 5"
[1] "Lrnr_cv"
[1] "Lrnr_earth_2_3_cv_5_1_0_0_binomial_100"
[1] "Lrnr_cv_selector_NULL"
predictions 
  0.1954969 
predictions 
  0.1613881 
[1] "done"
[1] "Lrnr_cv"
[1] "Lrnr_gam_Y~s(W1, k = 40, bs='bs',m=c(1,1)) + s(W2, k = 40, bs='bs',m=c(1,1)) + s(W3, k = 40, bs='bs',m=c(1,1))_binomial_GCV.Cp"
[1] "Lrnr_cv_selector_NULL"
predictions 
  0.1946357 
predictions 
  0.1571609 
[1] "done"
[1] "Lrnr_cv"
[1] "Lrnr_xgboost_10_1_15_5_0.2" "Lrnr_xgboost_10_1_15_2_0.2"
[3] "Lrnr_xgboost_10_1_15_3_0.2" "Lrnr_xgboost_10_1_15_4_0.2"
[1] "Lrnr_cv_selector_NULL"
Lrnr_xgboost_10_1_15_5_0.2 Lrnr_xgboost_10_1_15_2_0.2 
                 0.1995417                  0.2032436 
Lrnr_xgboost_10_1_15_3_0.2 Lrnr_xgboost_10_1_15_4_0.2 
                 0.1994208                  0.1994989 
Lrnr_xgboost_10_1_15_5_0.2 Lrnr_xgboost_10_1_15_2_0.2 
                 0.1612006                  0.1673312 
Lrnr_xgboost_10_1_15_3_0.2 Lrnr_xgboost_10_1_15_4_0.2 
                 0.1632459                  0.1621455 
[1] "done"
[1] "Lrnr_cv"
[1] "Lrnr_ranger_500_TRUE_none_1_10_5"
[1] "Lrnr_cv_selector_NULL"
predictions 
  0.2012226 
predictions 
  0.1651728 
[1] "done"
[1] "Lrnr_cv"
[1] "Lrnr_mean"
NULL
NULL
[1] "done"
[1] "earth"
[1] "gam_1"
[1] "xgboost"
[1] "rf"
[1] "iter: 6"
[1] "Lrnr_cv"
[1] "Lrnr_earth_2_3_cv_5_1_0_0_binomial_100"
[1] "Lrnr_cv_selector_NULL"
predictions 
  0.1961381 
predictions 
  0.1652745 
[1] "done"
[1] "Lrnr_cv"
[1] "Lrnr_gam_Y~s(W1, k = 40, bs='bs',m=c(1,1)) + s(W2, k = 40, bs='bs',m=c(1,1)) + s(W3, k = 40, bs='bs',m=c(1,1))_binomial_GCV.Cp"
[1] "Lrnr_cv_selector_NULL"
predictions 
  0.1933539 
predictions 
  0.1654798 
[1] "done"
[1] "Lrnr_cv"
[1] "Lrnr_xgboost_10_1_15_5_0.2" "Lrnr_xgboost_10_1_15_2_0.2"
[3] "Lrnr_xgboost_10_1_15_3_0.2" "Lrnr_xgboost_10_1_15_4_0.2"
[1] "Lrnr_cv_selector_NULL"
Lrnr_xgboost_10_1_15_5_0.2 Lrnr_xgboost_10_1_15_2_0.2 
                 0.1990660                  0.2010125 
Lrnr_xgboost_10_1_15_3_0.2 Lrnr_xgboost_10_1_15_4_0.2 
                 0.1987895                  0.1988406 
Lrnr_xgboost_10_1_15_5_0.2 Lrnr_xgboost_10_1_15_2_0.2 
                 0.1710190                  0.1745837 
Lrnr_xgboost_10_1_15_3_0.2 Lrnr_xgboost_10_1_15_4_0.2 
                 0.1714853                  0.1702394 
[1] "done"
[1] "Lrnr_cv"
[1] "Lrnr_ranger_500_TRUE_none_1_10_5"
[1] "Lrnr_cv_selector_NULL"
predictions 
  0.2041782 
predictions 
  0.1714536 
[1] "done"
[1] "Lrnr_cv"
[1] "Lrnr_mean"
NULL
NULL
[1] "done"
[1] "earth"
[1] "gam_1"
[1] "xgboost"
[1] "rf"
[1] "iter: 7"
[1] "Lrnr_cv"
[1] "Lrnr_earth_2_3_cv_5_1_0_0_binomial_100"
[1] "Lrnr_cv_selector_NULL"
predictions 
  0.1952151 
predictions 
  0.1507742 
[1] "done"
[1] "Lrnr_cv"
[1] "Lrnr_gam_Y~s(W1, k = 40, bs='bs',m=c(1,1)) + s(W2, k = 40, bs='bs',m=c(1,1)) + s(W3, k = 40, bs='bs',m=c(1,1))_binomial_GCV.Cp"
[1] "Lrnr_cv_selector_NULL"
predictions 
  0.1948006 
predictions 
  0.1485504 
[1] "done"
[1] "Lrnr_cv"
[1] "Lrnr_xgboost_10_1_15_5_0.2" "Lrnr_xgboost_10_1_15_2_0.2"
[3] "Lrnr_xgboost_10_1_15_3_0.2" "Lrnr_xgboost_10_1_15_4_0.2"
[1] "Lrnr_cv_selector_NULL"
Lrnr_xgboost_10_1_15_5_0.2 Lrnr_xgboost_10_1_15_2_0.2 
                 0.1978013                  0.2011969 
Lrnr_xgboost_10_1_15_3_0.2 Lrnr_xgboost_10_1_15_4_0.2 
                 0.1973289                  0.1975479 
Lrnr_xgboost_10_1_15_5_0.2 Lrnr_xgboost_10_1_15_2_0.2 
                 0.1555395                  0.1594308 
Lrnr_xgboost_10_1_15_3_0.2 Lrnr_xgboost_10_1_15_4_0.2 
                 0.1554380                  0.1549607 
[1] "done"
[1] "Lrnr_cv"
[1] "Lrnr_ranger_500_TRUE_none_1_10_5"
[1] "Lrnr_cv_selector_NULL"
predictions 
  0.1993066 
predictions 
   0.154154 
[1] "done"
[1] "Lrnr_cv"
[1] "Lrnr_mean"
NULL
NULL
[1] "done"
[1] "earth"
[1] "gam_1"
[1] "xgboost"
[1] "rf"
[1] "iter: 8"
[1] "Lrnr_cv"
[1] "Lrnr_earth_2_3_cv_5_1_0_0_binomial_100"
[1] "Lrnr_cv_selector_NULL"
predictions 
  0.1919406 
predictions 
  0.1648379 
[1] "done"
[1] "Lrnr_cv"
[1] "Lrnr_gam_Y~s(W1, k = 40, bs='bs',m=c(1,1)) + s(W2, k = 40, bs='bs',m=c(1,1)) + s(W3, k = 40, bs='bs',m=c(1,1))_binomial_GCV.Cp"
[1] "Lrnr_cv_selector_NULL"
predictions 
  0.1897311 
predictions 
  0.1623957 
[1] "done"
[1] "Lrnr_cv"
[1] "Lrnr_xgboost_10_1_15_5_0.2" "Lrnr_xgboost_10_1_15_2_0.2"
[3] "Lrnr_xgboost_10_1_15_3_0.2" "Lrnr_xgboost_10_1_15_4_0.2"
[1] "Lrnr_cv_selector_NULL"
Lrnr_xgboost_10_1_15_5_0.2 Lrnr_xgboost_10_1_15_2_0.2 
                 0.1953231                  0.1970902 
Lrnr_xgboost_10_1_15_3_0.2 Lrnr_xgboost_10_1_15_4_0.2 
                 0.1944378                  0.1939523 
Lrnr_xgboost_10_1_15_5_0.2 Lrnr_xgboost_10_1_15_2_0.2 
                 0.1655725                  0.1709905 
Lrnr_xgboost_10_1_15_3_0.2 Lrnr_xgboost_10_1_15_4_0.2 
                 0.1663308                  0.1652560 
[1] "done"
[1] "Lrnr_cv"
[1] "Lrnr_ranger_500_TRUE_none_1_10_5"
[1] "Lrnr_cv_selector_NULL"
predictions 
  0.2003104 
predictions 
  0.1653028 
[1] "done"
[1] "Lrnr_cv"
[1] "Lrnr_mean"
NULL
NULL
[1] "done"
[1] "earth"
[1] "gam_1"
[1] "xgboost"
[1] "rf"
[1] "iter: 9"
[1] "Lrnr_cv"
[1] "Lrnr_earth_2_3_cv_5_1_0_0_binomial_100"
[1] "Lrnr_cv_selector_NULL"
predictions 
  0.1926175 
predictions 
  0.1619432 
[1] "done"
[1] "Lrnr_cv"
[1] "Lrnr_gam_Y~s(W1, k = 40, bs='bs',m=c(1,1)) + s(W2, k = 40, bs='bs',m=c(1,1)) + s(W3, k = 40, bs='bs',m=c(1,1))_binomial_GCV.Cp"
[1] "Lrnr_cv_selector_NULL"
predictions 
  0.1906367 
predictions 
   0.160554 
[1] "done"
[1] "Lrnr_cv"
[1] "Lrnr_xgboost_10_1_15_5_0.2" "Lrnr_xgboost_10_1_15_2_0.2"
[3] "Lrnr_xgboost_10_1_15_3_0.2" "Lrnr_xgboost_10_1_15_4_0.2"
[1] "Lrnr_cv_selector_NULL"
Lrnr_xgboost_10_1_15_5_0.2 Lrnr_xgboost_10_1_15_2_0.2 
                 0.1923644                  0.1959549 
Lrnr_xgboost_10_1_15_3_0.2 Lrnr_xgboost_10_1_15_4_0.2 
                 0.1926218                  0.1916598 
Lrnr_xgboost_10_1_15_5_0.2 Lrnr_xgboost_10_1_15_2_0.2 
                 0.1681899                  0.1721722 
Lrnr_xgboost_10_1_15_3_0.2 Lrnr_xgboost_10_1_15_4_0.2 
                 0.1682672                  0.1670489 
[1] "done"
[1] "Lrnr_cv"
[1] "Lrnr_ranger_500_TRUE_none_1_10_5"
[1] "Lrnr_cv_selector_NULL"
predictions 
  0.1977344 
predictions 
  0.1684488 
[1] "done"
[1] "Lrnr_cv"
[1] "Lrnr_mean"
NULL
NULL
[1] "done"
[1] "earth"
[1] "gam_1"
[1] "xgboost"
[1] "rf"
[1] "iter: 10"
[1] "Lrnr_cv"
[1] "Lrnr_earth_2_3_cv_5_1_0_0_binomial_100"
[1] "Lrnr_cv_selector_NULL"
predictions 
  0.2003243 
predictions 
  0.1527407 
[1] "done"
[1] "Lrnr_cv"
[1] "Lrnr_gam_Y~s(W1, k = 40, bs='bs',m=c(1,1)) + s(W2, k = 40, bs='bs',m=c(1,1)) + s(W3, k = 40, bs='bs',m=c(1,1))_binomial_GCV.Cp"
[1] "Lrnr_cv_selector_NULL"
predictions 
  0.1983626 
predictions 
   0.149343 
[1] "done"
[1] "Lrnr_cv"
[1] "Lrnr_xgboost_10_1_15_5_0.2" "Lrnr_xgboost_10_1_15_2_0.2"
[3] "Lrnr_xgboost_10_1_15_3_0.2" "Lrnr_xgboost_10_1_15_4_0.2"
[1] "Lrnr_cv_selector_NULL"
Lrnr_xgboost_10_1_15_5_0.2 Lrnr_xgboost_10_1_15_2_0.2 
                 0.2030298                  0.2042580 
Lrnr_xgboost_10_1_15_3_0.2 Lrnr_xgboost_10_1_15_4_0.2 
                 0.2018403                  0.2018373 
Lrnr_xgboost_10_1_15_5_0.2 Lrnr_xgboost_10_1_15_2_0.2 
                 0.1524002                  0.1584478 
Lrnr_xgboost_10_1_15_3_0.2 Lrnr_xgboost_10_1_15_4_0.2 
                 0.1536251                  0.1530811 
[1] "done"
[1] "Lrnr_cv"
[1] "Lrnr_ranger_500_TRUE_none_1_10_5"
[1] "Lrnr_cv_selector_NULL"
predictions 
  0.2048235 
predictions 
  0.1547631 
[1] "done"
[1] "Lrnr_cv"
[1] "Lrnr_mean"
NULL
NULL
[1] "done"
[1] "earth"
[1] "gam_1"
[1] "xgboost"
[1] "rf"
[1] "iter: 11"
[1] "Lrnr_cv"
[1] "Lrnr_earth_2_3_cv_5_1_0_0_binomial_100"
[1] "Lrnr_cv_selector_NULL"
predictions 
   0.194075 
predictions 
  0.1660999 
[1] "done"
[1] "Lrnr_cv"
[1] "Lrnr_gam_Y~s(W1, k = 40, bs='bs',m=c(1,1)) + s(W2, k = 40, bs='bs',m=c(1,1)) + s(W3, k = 40, bs='bs',m=c(1,1))_binomial_GCV.Cp"
[1] "Lrnr_cv_selector_NULL"
predictions 
  0.1942124 
predictions 
  0.1634128 
[1] "done"
[1] "Lrnr_cv"
[1] "Lrnr_xgboost_10_1_15_5_0.2" "Lrnr_xgboost_10_1_15_2_0.2"
[3] "Lrnr_xgboost_10_1_15_3_0.2" "Lrnr_xgboost_10_1_15_4_0.2"
[1] "Lrnr_cv_selector_NULL"
Lrnr_xgboost_10_1_15_5_0.2 Lrnr_xgboost_10_1_15_2_0.2 
                 0.1993766                  0.2024870 
Lrnr_xgboost_10_1_15_3_0.2 Lrnr_xgboost_10_1_15_4_0.2 
                 0.1987551                  0.1995749 
Lrnr_xgboost_10_1_15_5_0.2 Lrnr_xgboost_10_1_15_2_0.2 
                 0.1672028                  0.1745056 
Lrnr_xgboost_10_1_15_3_0.2 Lrnr_xgboost_10_1_15_4_0.2 
                 0.1699658                  0.1688939 
[1] "done"
[1] "Lrnr_cv"
[1] "Lrnr_ranger_500_TRUE_none_1_10_5"
[1] "Lrnr_cv_selector_NULL"
predictions 
  0.2043473 
predictions 
   0.169863 
[1] "done"
[1] "Lrnr_cv"
[1] "Lrnr_mean"
NULL
NULL
[1] "done"
[1] "earth"
[1] "gam_1"
[1] "xgboost"
[1] "rf"
[1] "iter: 12"
[1] "Lrnr_cv"
[1] "Lrnr_earth_2_3_cv_5_1_0_0_binomial_100"
[1] "Lrnr_cv_selector_NULL"
predictions 
  0.1946071 
predictions 
  0.1683971 
[1] "done"
[1] "Lrnr_cv"
[1] "Lrnr_gam_Y~s(W1, k = 40, bs='bs',m=c(1,1)) + s(W2, k = 40, bs='bs',m=c(1,1)) + s(W3, k = 40, bs='bs',m=c(1,1))_binomial_GCV.Cp"
[1] "Lrnr_cv_selector_NULL"
predictions 
  0.1935624 
predictions 
  0.1639485 
[1] "done"
[1] "Lrnr_cv"
[1] "Lrnr_xgboost_10_1_15_5_0.2" "Lrnr_xgboost_10_1_15_2_0.2"
[3] "Lrnr_xgboost_10_1_15_3_0.2" "Lrnr_xgboost_10_1_15_4_0.2"
[1] "Lrnr_cv_selector_NULL"
Lrnr_xgboost_10_1_15_5_0.2 Lrnr_xgboost_10_1_15_2_0.2 
                 0.1972351                  0.2035024 
Lrnr_xgboost_10_1_15_3_0.2 Lrnr_xgboost_10_1_15_4_0.2 
                 0.1990415                  0.1978528 
Lrnr_xgboost_10_1_15_5_0.2 Lrnr_xgboost_10_1_15_2_0.2 
                 0.1692816                  0.1742293 
Lrnr_xgboost_10_1_15_3_0.2 Lrnr_xgboost_10_1_15_4_0.2 
                 0.1715462                  0.1709676 
[1] "done"
[1] "Lrnr_cv"
[1] "Lrnr_ranger_500_TRUE_none_1_10_5"
[1] "Lrnr_cv_selector_NULL"
predictions 
  0.1995275 
predictions 
  0.1700553 
[1] "done"
[1] "Lrnr_cv"
[1] "Lrnr_mean"
NULL
NULL
[1] "done"
[1] "earth"
[1] "gam_1"
[1] "xgboost"
[1] "rf"
[1] "iter: 13"
[1] "Lrnr_cv"
[1] "Lrnr_earth_2_3_cv_5_1_0_0_binomial_100"
[1] "Lrnr_cv_selector_NULL"
predictions 
   0.196658 
predictions 
  0.1634928 
[1] "done"
[1] "Lrnr_cv"
[1] "Lrnr_gam_Y~s(W1, k = 40, bs='bs',m=c(1,1)) + s(W2, k = 40, bs='bs',m=c(1,1)) + s(W3, k = 40, bs='bs',m=c(1,1))_binomial_GCV.Cp"
[1] "Lrnr_cv_selector_NULL"
predictions 
  0.1939087 
predictions 
   0.161072 
[1] "done"
[1] "Lrnr_cv"
[1] "Lrnr_xgboost_10_1_15_5_0.2" "Lrnr_xgboost_10_1_15_2_0.2"
[3] "Lrnr_xgboost_10_1_15_3_0.2" "Lrnr_xgboost_10_1_15_4_0.2"
[1] "Lrnr_cv_selector_NULL"
Lrnr_xgboost_10_1_15_5_0.2 Lrnr_xgboost_10_1_15_2_0.2 
                 0.1977169                  0.2005717 
Lrnr_xgboost_10_1_15_3_0.2 Lrnr_xgboost_10_1_15_4_0.2 
                 0.1966465                  0.1972160 
Lrnr_xgboost_10_1_15_5_0.2 Lrnr_xgboost_10_1_15_2_0.2 
                 0.1679493                  0.1722991 
Lrnr_xgboost_10_1_15_3_0.2 Lrnr_xgboost_10_1_15_4_0.2 
                 0.1684200                  0.1682294 
[1] "done"
[1] "Lrnr_cv"
[1] "Lrnr_ranger_500_TRUE_none_1_10_5"
[1] "Lrnr_cv_selector_NULL"
predictions 
   0.202298 
predictions 
  0.1715664 
[1] "done"
[1] "Lrnr_cv"
[1] "Lrnr_mean"
NULL
NULL
[1] "done"
[1] "earth"
[1] "gam_1"
[1] "xgboost"
[1] "rf"
[1] "iter: 14"
[1] "Lrnr_cv"
[1] "Lrnr_earth_2_3_cv_5_1_0_0_binomial_100"
[1] "Lrnr_cv_selector_NULL"
predictions 
  0.1873941 
predictions 
  0.1619236 
[1] "done"
[1] "Lrnr_cv"
[1] "Lrnr_gam_Y~s(W1, k = 40, bs='bs',m=c(1,1)) + s(W2, k = 40, bs='bs',m=c(1,1)) + s(W3, k = 40, bs='bs',m=c(1,1))_binomial_GCV.Cp"
[1] "Lrnr_cv_selector_NULL"
predictions 
  0.1853522 
predictions 
  0.1614346 
[1] "done"
[1] "Lrnr_cv"
[1] "Lrnr_xgboost_10_1_15_5_0.2" "Lrnr_xgboost_10_1_15_2_0.2"
[3] "Lrnr_xgboost_10_1_15_3_0.2" "Lrnr_xgboost_10_1_15_4_0.2"
[1] "Lrnr_cv_selector_NULL"
Lrnr_xgboost_10_1_15_5_0.2 Lrnr_xgboost_10_1_15_2_0.2 
                 0.1872432                  0.1907167 
Lrnr_xgboost_10_1_15_3_0.2 Lrnr_xgboost_10_1_15_4_0.2 
                 0.1873251                  0.1872578 
Lrnr_xgboost_10_1_15_5_0.2 Lrnr_xgboost_10_1_15_2_0.2 
                 0.1665967                  0.1726409 
Lrnr_xgboost_10_1_15_3_0.2 Lrnr_xgboost_10_1_15_4_0.2 
                 0.1682181                  0.1666667 
[1] "done"
[1] "Lrnr_cv"
[1] "Lrnr_ranger_500_TRUE_none_1_10_5"
[1] "Lrnr_cv_selector_NULL"
predictions 
  0.1893038 
predictions 
  0.1712669 
[1] "done"
[1] "Lrnr_cv"
[1] "Lrnr_mean"
NULL
NULL
[1] "done"
[1] "earth"
