LOADING R
R LOADED
[1] "/home/lvanderl/Rlibs2"                         
[2] "/app/software/R/4.3.1-gfbf-2022b/lib/R/library"
[1] "/home/lvanderl/sieveSims"
[1] "iter: 1"
[1] "Lrnr_cv"
[1] "Lrnr_earth_2_3_backward_0_1_0_0_binomial_200"
[1] "Lrnr_cv_selector_NULL"
[1] "Lrnr_cv"
[1] "Lrnr_earth_2_3_backward_0_1_0_0_binomial_200"
[1] "Lrnr_cv_selector_NULL"
predictions 
  0.1597047 
[1] "done"
[1] "Lrnr_cv"
[1] "Lrnr_gam_Y~s(W1, k = 50, bs='bs',m=c(1,1)) + s(W2, k = 50, bs='bs',m=c(1,1)) + s(W3, k = 50, bs='bs',m=c(1,1))_binomial_GCV.Cp"
[1] "Lrnr_cv_selector_NULL"
[1] "Lrnr_cv"
[1] "Lrnr_gam_A~s(W1, k = 50, bs='bs',m=c(1,1)) + s(W2, k = 50, bs='bs',m=c(1,1)) + s(W3, k = 50, bs='bs',m=c(1,1))_binomial_GCV.Cp"
[1] "Lrnr_cv_selector_NULL"
predictions 
  0.1478052 
[1] "done"
[1] "Lrnr_cv"
[1] "Lrnr_xgboost_20_1_5_6_0.25" "Lrnr_xgboost_20_1_5_4_0.25"
[3] "Lrnr_xgboost_20_1_5_5_0.25"
[1] "Lrnr_cv_selector_NULL"
[1] "Lrnr_cv"
[1] "Lrnr_xgboost_20_1_5_6_0.25" "Lrnr_xgboost_20_1_5_4_0.25"
[3] "Lrnr_xgboost_20_1_5_5_0.25"
[1] "Lrnr_cv_selector_NULL"
Lrnr_xgboost_20_1_5_6_0.25 Lrnr_xgboost_20_1_5_4_0.25 
                 0.1572573                  0.1598433 
Lrnr_xgboost_20_1_5_5_0.25 
                 0.1591559 
[1] "done"
[1] "Lrnr_cv"
[1] "Lrnr_ranger_500_TRUE_none_1_10_10"
[1] "Lrnr_cv_selector_NULL"
[1] "Lrnr_cv"
[1] "Lrnr_ranger_500_TRUE_none_1_10_10"
[1] "Lrnr_cv_selector_NULL"
predictions 
  0.1570773 
[1] "done"
[1] "Lrnr_cv"
[1] "Lrnr_mean"
[1] "Lrnr_cv"
[1] "Lrnr_mean"
NULL
[1] "done"
[1] "earth"
[1] "gam_1"
[1] "xgboost"
[1] "rf"
[1] "iter: 2"
[1] "Lrnr_cv"
[1] "Lrnr_earth_2_3_backward_0_1_0_0_binomial_200"
[1] "Lrnr_cv_selector_NULL"
[1] "Lrnr_cv"
[1] "Lrnr_earth_2_3_backward_0_1_0_0_binomial_200"
[1] "Lrnr_cv_selector_NULL"
predictions 
  0.1509019 
[1] "done"
[1] "Lrnr_cv"
[1] "Lrnr_gam_Y~s(W1, k = 50, bs='bs',m=c(1,1)) + s(W2, k = 50, bs='bs',m=c(1,1)) + s(W3, k = 50, bs='bs',m=c(1,1))_binomial_GCV.Cp"
[1] "Lrnr_cv_selector_NULL"
[1] "Lrnr_cv"
[1] "Lrnr_gam_A~s(W1, k = 50, bs='bs',m=c(1,1)) + s(W2, k = 50, bs='bs',m=c(1,1)) + s(W3, k = 50, bs='bs',m=c(1,1))_binomial_GCV.Cp"
[1] "Lrnr_cv_selector_NULL"
predictions 
  0.1425674 
[1] "done"
[1] "Lrnr_cv"
[1] "Lrnr_xgboost_20_1_5_6_0.25" "Lrnr_xgboost_20_1_5_4_0.25"
[3] "Lrnr_xgboost_20_1_5_5_0.25"
[1] "Lrnr_cv_selector_NULL"
[1] "Lrnr_cv"
[1] "Lrnr_xgboost_20_1_5_6_0.25" "Lrnr_xgboost_20_1_5_4_0.25"
[3] "Lrnr_xgboost_20_1_5_5_0.25"
[1] "Lrnr_cv_selector_NULL"
Lrnr_xgboost_20_1_5_6_0.25 Lrnr_xgboost_20_1_5_4_0.25 
                 0.1494559                  0.1479459 
Lrnr_xgboost_20_1_5_5_0.25 
                 0.1493263 
[1] "done"
[1] "Lrnr_cv"
[1] "Lrnr_ranger_500_TRUE_none_1_10_10"
[1] "Lrnr_cv_selector_NULL"
[1] "Lrnr_cv"
[1] "Lrnr_ranger_500_TRUE_none_1_10_10"
[1] "Lrnr_cv_selector_NULL"
predictions 
  0.1565908 
[1] "done"
[1] "Lrnr_cv"
[1] "Lrnr_mean"
[1] "Lrnr_cv"
[1] "Lrnr_mean"
NULL
[1] "done"
[1] "earth"
[1] "gam_1"
[1] "xgboost"
[1] "rf"
[1] "iter: 3"
[1] "Lrnr_cv"
[1] "Lrnr_earth_2_3_backward_0_1_0_0_binomial_200"
[1] "Lrnr_cv_selector_NULL"
[1] "Lrnr_cv"
[1] "Lrnr_earth_2_3_backward_0_1_0_0_binomial_200"
[1] "Lrnr_cv_selector_NULL"
predictions 
  0.1760365 
[1] "done"
[1] "Lrnr_cv"
[1] "Lrnr_gam_Y~s(W1, k = 50, bs='bs',m=c(1,1)) + s(W2, k = 50, bs='bs',m=c(1,1)) + s(W3, k = 50, bs='bs',m=c(1,1))_binomial_GCV.Cp"
[1] "Lrnr_cv_selector_NULL"
[1] "Lrnr_cv"
[1] "Lrnr_gam_A~s(W1, k = 50, bs='bs',m=c(1,1)) + s(W2, k = 50, bs='bs',m=c(1,1)) + s(W3, k = 50, bs='bs',m=c(1,1))_binomial_GCV.Cp"
[1] "Lrnr_cv_selector_NULL"
predictions 
  0.1559302 
[1] "done"
[1] "Lrnr_cv"
[1] "Lrnr_xgboost_20_1_5_6_0.25" "Lrnr_xgboost_20_1_5_4_0.25"
[3] "Lrnr_xgboost_20_1_5_5_0.25"
[1] "Lrnr_cv_selector_NULL"
[1] "Lrnr_cv"
[1] "Lrnr_xgboost_20_1_5_6_0.25" "Lrnr_xgboost_20_1_5_4_0.25"
[3] "Lrnr_xgboost_20_1_5_5_0.25"
[1] "Lrnr_cv_selector_NULL"
Lrnr_xgboost_20_1_5_6_0.25 Lrnr_xgboost_20_1_5_4_0.25 
                 0.1619865                  0.1625492 
Lrnr_xgboost_20_1_5_5_0.25 
                 0.1629848 
[1] "done"
[1] "Lrnr_cv"
[1] "Lrnr_ranger_500_TRUE_none_1_10_10"
[1] "Lrnr_cv_selector_NULL"
[1] "Lrnr_cv"
[1] "Lrnr_ranger_500_TRUE_none_1_10_10"
[1] "Lrnr_cv_selector_NULL"
predictions 
    0.15993 
[1] "done"
[1] "Lrnr_cv"
[1] "Lrnr_mean"
[1] "Lrnr_cv"
[1] "Lrnr_mean"
NULL
[1] "done"
[1] "earth"
[1] "gam_1"
[1] "xgboost"
[1] "rf"
[1] "iter: 4"
[1] "Lrnr_cv"
[1] "Lrnr_earth_2_3_backward_0_1_0_0_binomial_200"
[1] "Lrnr_cv_selector_NULL"
[1] "Lrnr_cv"
[1] "Lrnr_earth_2_3_backward_0_1_0_0_binomial_200"
[1] "Lrnr_cv_selector_NULL"
predictions 
  0.1789103 
[1] "done"
[1] "Lrnr_cv"
[1] "Lrnr_gam_Y~s(W1, k = 50, bs='bs',m=c(1,1)) + s(W2, k = 50, bs='bs',m=c(1,1)) + s(W3, k = 50, bs='bs',m=c(1,1))_binomial_GCV.Cp"
[1] "Lrnr_cv_selector_NULL"
[1] "Lrnr_cv"
[1] "Lrnr_gam_A~s(W1, k = 50, bs='bs',m=c(1,1)) + s(W2, k = 50, bs='bs',m=c(1,1)) + s(W3, k = 50, bs='bs',m=c(1,1))_binomial_GCV.Cp"
[1] "Lrnr_cv_selector_NULL"
predictions 
  0.1666444 
[1] "done"
[1] "Lrnr_cv"
[1] "Lrnr_xgboost_20_1_5_6_0.25" "Lrnr_xgboost_20_1_5_4_0.25"
[3] "Lrnr_xgboost_20_1_5_5_0.25"
[1] "Lrnr_cv_selector_NULL"
[1] "Lrnr_cv"
[1] "Lrnr_xgboost_20_1_5_6_0.25" "Lrnr_xgboost_20_1_5_4_0.25"
[3] "Lrnr_xgboost_20_1_5_5_0.25"
[1] "Lrnr_cv_selector_NULL"
Lrnr_xgboost_20_1_5_6_0.25 Lrnr_xgboost_20_1_5_4_0.25 
                 0.1810355                  0.1791129 
Lrnr_xgboost_20_1_5_5_0.25 
                 0.1797877 
[1] "done"
[1] "Lrnr_cv"
[1] "Lrnr_ranger_500_TRUE_none_1_10_10"
[1] "Lrnr_cv_selector_NULL"
[1] "Lrnr_cv"
[1] "Lrnr_ranger_500_TRUE_none_1_10_10"
[1] "Lrnr_cv_selector_NULL"
predictions 
  0.1762784 
[1] "done"
[1] "Lrnr_cv"
[1] "Lrnr_mean"
[1] "Lrnr_cv"
[1] "Lrnr_mean"
NULL
[1] "done"
[1] "earth"
[1] "gam_1"
[1] "xgboost"
[1] "rf"
[1] "iter: 5"
[1] "Lrnr_cv"
[1] "Lrnr_earth_2_3_backward_0_1_0_0_binomial_200"
[1] "Lrnr_cv_selector_NULL"
[1] "Lrnr_cv"
[1] "Lrnr_earth_2_3_backward_0_1_0_0_binomial_200"
[1] "Lrnr_cv_selector_NULL"
predictions 
  0.1797126 
[1] "done"
[1] "Lrnr_cv"
[1] "Lrnr_gam_Y~s(W1, k = 50, bs='bs',m=c(1,1)) + s(W2, k = 50, bs='bs',m=c(1,1)) + s(W3, k = 50, bs='bs',m=c(1,1))_binomial_GCV.Cp"
[1] "Lrnr_cv_selector_NULL"
[1] "Lrnr_cv"
[1] "Lrnr_gam_A~s(W1, k = 50, bs='bs',m=c(1,1)) + s(W2, k = 50, bs='bs',m=c(1,1)) + s(W3, k = 50, bs='bs',m=c(1,1))_binomial_GCV.Cp"
[1] "Lrnr_cv_selector_NULL"
predictions 
  0.1514163 
[1] "done"
[1] "Lrnr_cv"
[1] "Lrnr_xgboost_20_1_5_6_0.25" "Lrnr_xgboost_20_1_5_4_0.25"
[3] "Lrnr_xgboost_20_1_5_5_0.25"
[1] "Lrnr_cv_selector_NULL"
[1] "Lrnr_cv"
[1] "Lrnr_xgboost_20_1_5_6_0.25" "Lrnr_xgboost_20_1_5_4_0.25"
[3] "Lrnr_xgboost_20_1_5_5_0.25"
[1] "Lrnr_cv_selector_NULL"
Lrnr_xgboost_20_1_5_6_0.25 Lrnr_xgboost_20_1_5_4_0.25 
                 0.1697907                  0.1671002 
Lrnr_xgboost_20_1_5_5_0.25 
                 0.1682104 
[1] "done"
[1] "Lrnr_cv"
[1] "Lrnr_ranger_500_TRUE_none_1_10_10"
[1] "Lrnr_cv_selector_NULL"
[1] "Lrnr_cv"
[1] "Lrnr_ranger_500_TRUE_none_1_10_10"
[1] "Lrnr_cv_selector_NULL"
predictions 
  0.1605651 
[1] "done"
[1] "Lrnr_cv"
[1] "Lrnr_mean"
[1] "Lrnr_cv"
[1] "Lrnr_mean"
NULL
[1] "done"
[1] "earth"
[1] "gam_1"
[1] "xgboost"
[1] "rf"
[1] "iter: 6"
[1] "Lrnr_cv"
[1] "Lrnr_earth_2_3_backward_0_1_0_0_binomial_200"
[1] "Lrnr_cv_selector_NULL"
[1] "Lrnr_cv"
[1] "Lrnr_earth_2_3_backward_0_1_0_0_binomial_200"
[1] "Lrnr_cv_selector_NULL"
predictions 
  0.1605971 
[1] "done"
[1] "Lrnr_cv"
[1] "Lrnr_gam_Y~s(W1, k = 50, bs='bs',m=c(1,1)) + s(W2, k = 50, bs='bs',m=c(1,1)) + s(W3, k = 50, bs='bs',m=c(1,1))_binomial_GCV.Cp"
[1] "Lrnr_cv_selector_NULL"
[1] "Lrnr_cv"
[1] "Lrnr_gam_A~s(W1, k = 50, bs='bs',m=c(1,1)) + s(W2, k = 50, bs='bs',m=c(1,1)) + s(W3, k = 50, bs='bs',m=c(1,1))_binomial_GCV.Cp"
[1] "Lrnr_cv_selector_NULL"
predictions 
  0.1638625 
[1] "done"
[1] "Lrnr_cv"
[1] "Lrnr_xgboost_20_1_5_6_0.25" "Lrnr_xgboost_20_1_5_4_0.25"
[3] "Lrnr_xgboost_20_1_5_5_0.25"
[1] "Lrnr_cv_selector_NULL"
[1] "Lrnr_cv"
[1] "Lrnr_xgboost_20_1_5_6_0.25" "Lrnr_xgboost_20_1_5_4_0.25"
[3] "Lrnr_xgboost_20_1_5_5_0.25"
[1] "Lrnr_cv_selector_NULL"
Lrnr_xgboost_20_1_5_6_0.25 Lrnr_xgboost_20_1_5_4_0.25 
                 0.1538835                  0.1518934 
Lrnr_xgboost_20_1_5_5_0.25 
                 0.1548992 
[1] "done"
[1] "Lrnr_cv"
[1] "Lrnr_ranger_500_TRUE_none_1_10_10"
[1] "Lrnr_cv_selector_NULL"
[1] "Lrnr_cv"
[1] "Lrnr_ranger_500_TRUE_none_1_10_10"
[1] "Lrnr_cv_selector_NULL"
predictions 
  0.1458217 
[1] "done"
[1] "Lrnr_cv"
[1] "Lrnr_mean"
[1] "Lrnr_cv"
[1] "Lrnr_mean"
NULL
[1] "done"
[1] "earth"
[1] "gam_1"
[1] "xgboost"
[1] "rf"
[1] "iter: 7"
[1] "Lrnr_cv"
[1] "Lrnr_earth_2_3_backward_0_1_0_0_binomial_200"
[1] "Lrnr_cv_selector_NULL"
[1] "Lrnr_cv"
[1] "Lrnr_earth_2_3_backward_0_1_0_0_binomial_200"
[1] "Lrnr_cv_selector_NULL"
predictions 
  0.1734142 
[1] "done"
[1] "Lrnr_cv"
[1] "Lrnr_gam_Y~s(W1, k = 50, bs='bs',m=c(1,1)) + s(W2, k = 50, bs='bs',m=c(1,1)) + s(W3, k = 50, bs='bs',m=c(1,1))_binomial_GCV.Cp"
[1] "Lrnr_cv_selector_NULL"
[1] "Lrnr_cv"
[1] "Lrnr_gam_A~s(W1, k = 50, bs='bs',m=c(1,1)) + s(W2, k = 50, bs='bs',m=c(1,1)) + s(W3, k = 50, bs='bs',m=c(1,1))_binomial_GCV.Cp"
[1] "Lrnr_cv_selector_NULL"
predictions 
  0.1568203 
[1] "done"
[1] "Lrnr_cv"
[1] "Lrnr_xgboost_20_1_5_6_0.25" "Lrnr_xgboost_20_1_5_4_0.25"
[3] "Lrnr_xgboost_20_1_5_5_0.25"
[1] "Lrnr_cv_selector_NULL"
[1] "Lrnr_cv"
[1] "Lrnr_xgboost_20_1_5_6_0.25" "Lrnr_xgboost_20_1_5_4_0.25"
[3] "Lrnr_xgboost_20_1_5_5_0.25"
[1] "Lrnr_cv_selector_NULL"
Lrnr_xgboost_20_1_5_6_0.25 Lrnr_xgboost_20_1_5_4_0.25 
                 0.1624784                  0.1612213 
Lrnr_xgboost_20_1_5_5_0.25 
                 0.1619537 
[1] "done"
[1] "Lrnr_cv"
[1] "Lrnr_ranger_500_TRUE_none_1_10_10"
[1] "Lrnr_cv_selector_NULL"
[1] "Lrnr_cv"
[1] "Lrnr_ranger_500_TRUE_none_1_10_10"
[1] "Lrnr_cv_selector_NULL"
predictions 
  0.1572144 
[1] "done"
[1] "Lrnr_cv"
[1] "Lrnr_mean"
[1] "Lrnr_cv"
[1] "Lrnr_mean"
NULL
[1] "done"
[1] "earth"
[1] "gam_1"
[1] "xgboost"
[1] "rf"
[1] "iter: 8"
[1] "Lrnr_cv"
[1] "Lrnr_earth_2_3_backward_0_1_0_0_binomial_200"
[1] "Lrnr_cv_selector_NULL"
[1] "Lrnr_cv"
[1] "Lrnr_earth_2_3_backward_0_1_0_0_binomial_200"
[1] "Lrnr_cv_selector_NULL"
predictions 
  0.1585724 
[1] "done"
[1] "Lrnr_cv"
[1] "Lrnr_gam_Y~s(W1, k = 50, bs='bs',m=c(1,1)) + s(W2, k = 50, bs='bs',m=c(1,1)) + s(W3, k = 50, bs='bs',m=c(1,1))_binomial_GCV.Cp"
[1] "Lrnr_cv_selector_NULL"
[1] "Lrnr_cv"
[1] "Lrnr_gam_A~s(W1, k = 50, bs='bs',m=c(1,1)) + s(W2, k = 50, bs='bs',m=c(1,1)) + s(W3, k = 50, bs='bs',m=c(1,1))_binomial_GCV.Cp"
[1] "Lrnr_cv_selector_NULL"
predictions 
  0.1382556 
[1] "done"
[1] "Lrnr_cv"
[1] "Lrnr_xgboost_20_1_5_6_0.25" "Lrnr_xgboost_20_1_5_4_0.25"
[3] "Lrnr_xgboost_20_1_5_5_0.25"
[1] "Lrnr_cv_selector_NULL"
[1] "Lrnr_cv"
[1] "Lrnr_xgboost_20_1_5_6_0.25" "Lrnr_xgboost_20_1_5_4_0.25"
[3] "Lrnr_xgboost_20_1_5_5_0.25"
[1] "Lrnr_cv_selector_NULL"
Lrnr_xgboost_20_1_5_6_0.25 Lrnr_xgboost_20_1_5_4_0.25 
                 0.1538994                  0.1524347 
Lrnr_xgboost_20_1_5_5_0.25 
                 0.1546758 
[1] "done"
[1] "Lrnr_cv"
[1] "Lrnr_ranger_500_TRUE_none_1_10_10"
[1] "Lrnr_cv_selector_NULL"
[1] "Lrnr_cv"
[1] "Lrnr_ranger_500_TRUE_none_1_10_10"
[1] "Lrnr_cv_selector_NULL"
predictions 
  0.1579438 
[1] "done"
[1] "Lrnr_cv"
[1] "Lrnr_mean"
[1] "Lrnr_cv"
[1] "Lrnr_mean"
NULL
[1] "done"
[1] "earth"
[1] "gam_1"
[1] "xgboost"
[1] "rf"
[1] "iter: 9"
[1] "Lrnr_cv"
[1] "Lrnr_earth_2_3_backward_0_1_0_0_binomial_200"
[1] "Lrnr_cv_selector_NULL"
[1] "Lrnr_cv"
[1] "Lrnr_earth_2_3_backward_0_1_0_0_binomial_200"
[1] "Lrnr_cv_selector_NULL"
predictions 
  0.1860106 
[1] "done"
[1] "Lrnr_cv"
[1] "Lrnr_gam_Y~s(W1, k = 50, bs='bs',m=c(1,1)) + s(W2, k = 50, bs='bs',m=c(1,1)) + s(W3, k = 50, bs='bs',m=c(1,1))_binomial_GCV.Cp"
[1] "Lrnr_cv_selector_NULL"
[1] "Lrnr_cv"
[1] "Lrnr_gam_A~s(W1, k = 50, bs='bs',m=c(1,1)) + s(W2, k = 50, bs='bs',m=c(1,1)) + s(W3, k = 50, bs='bs',m=c(1,1))_binomial_GCV.Cp"
[1] "Lrnr_cv_selector_NULL"
predictions 
  0.1652649 
[1] "done"
[1] "Lrnr_cv"
[1] "Lrnr_xgboost_20_1_5_6_0.25" "Lrnr_xgboost_20_1_5_4_0.25"
[3] "Lrnr_xgboost_20_1_5_5_0.25"
[1] "Lrnr_cv_selector_NULL"
[1] "Lrnr_cv"
[1] "Lrnr_xgboost_20_1_5_6_0.25" "Lrnr_xgboost_20_1_5_4_0.25"
[3] "Lrnr_xgboost_20_1_5_5_0.25"
[1] "Lrnr_cv_selector_NULL"
Lrnr_xgboost_20_1_5_6_0.25 Lrnr_xgboost_20_1_5_4_0.25 
                 0.1665270                  0.1628445 
Lrnr_xgboost_20_1_5_5_0.25 
                 0.1641801 
[1] "done"
[1] "Lrnr_cv"
[1] "Lrnr_ranger_500_TRUE_none_1_10_10"
[1] "Lrnr_cv_selector_NULL"
[1] "Lrnr_cv"
[1] "Lrnr_ranger_500_TRUE_none_1_10_10"
[1] "Lrnr_cv_selector_NULL"
predictions 
  0.1667265 
[1] "done"
[1] "Lrnr_cv"
[1] "Lrnr_mean"
[1] "Lrnr_cv"
[1] "Lrnr_mean"
NULL
[1] "done"
[1] "earth"
[1] "gam_1"
[1] "xgboost"
[1] "rf"
[1] "iter: 10"
[1] "Lrnr_cv"
[1] "Lrnr_earth_2_3_backward_0_1_0_0_binomial_200"
[1] "Lrnr_cv_selector_NULL"
[1] "Lrnr_cv"
[1] "Lrnr_earth_2_3_backward_0_1_0_0_binomial_200"
[1] "Lrnr_cv_selector_NULL"
predictions 
  0.1732555 
[1] "done"
[1] "Lrnr_cv"
[1] "Lrnr_gam_Y~s(W1, k = 50, bs='bs',m=c(1,1)) + s(W2, k = 50, bs='bs',m=c(1,1)) + s(W3, k = 50, bs='bs',m=c(1,1))_binomial_GCV.Cp"
[1] "Lrnr_cv_selector_NULL"
[1] "Lrnr_cv"
[1] "Lrnr_gam_A~s(W1, k = 50, bs='bs',m=c(1,1)) + s(W2, k = 50, bs='bs',m=c(1,1)) + s(W3, k = 50, bs='bs',m=c(1,1))_binomial_GCV.Cp"
[1] "Lrnr_cv_selector_NULL"
predictions 
  0.1644977 
[1] "done"
[1] "Lrnr_cv"
[1] "Lrnr_xgboost_20_1_5_6_0.25" "Lrnr_xgboost_20_1_5_4_0.25"
[3] "Lrnr_xgboost_20_1_5_5_0.25"
[1] "Lrnr_cv_selector_NULL"
[1] "Lrnr_cv"
[1] "Lrnr_xgboost_20_1_5_6_0.25" "Lrnr_xgboost_20_1_5_4_0.25"
[3] "Lrnr_xgboost_20_1_5_5_0.25"
[1] "Lrnr_cv_selector_NULL"
Lrnr_xgboost_20_1_5_6_0.25 Lrnr_xgboost_20_1_5_4_0.25 
                 0.1574652                  0.1571071 
Lrnr_xgboost_20_1_5_5_0.25 
                 0.1578194 
[1] "done"
[1] "Lrnr_cv"
[1] "Lrnr_ranger_500_TRUE_none_1_10_10"
[1] "Lrnr_cv_selector_NULL"
[1] "Lrnr_cv"
[1] "Lrnr_ranger_500_TRUE_none_1_10_10"
[1] "Lrnr_cv_selector_NULL"
predictions 
  0.1598633 
[1] "done"
[1] "Lrnr_cv"
[1] "Lrnr_mean"
[1] "Lrnr_cv"
[1] "Lrnr_mean"
NULL
[1] "done"
[1] "earth"
[1] "gam_1"
[1] "xgboost"
[1] "rf"
[1] "iter: 11"
[1] "Lrnr_cv"
[1] "Lrnr_earth_2_3_backward_0_1_0_0_binomial_200"
[1] "Lrnr_cv_selector_NULL"
[1] "Lrnr_cv"
[1] "Lrnr_earth_2_3_backward_0_1_0_0_binomial_200"
[1] "Lrnr_cv_selector_NULL"
predictions 
   0.160626 
[1] "done"
[1] "Lrnr_cv"
[1] "Lrnr_gam_Y~s(W1, k = 50, bs='bs',m=c(1,1)) + s(W2, k = 50, bs='bs',m=c(1,1)) + s(W3, k = 50, bs='bs',m=c(1,1))_binomial_GCV.Cp"
[1] "Lrnr_cv_selector_NULL"
[1] "Lrnr_cv"
[1] "Lrnr_gam_A~s(W1, k = 50, bs='bs',m=c(1,1)) + s(W2, k = 50, bs='bs',m=c(1,1)) + s(W3, k = 50, bs='bs',m=c(1,1))_binomial_GCV.Cp"
[1] "Lrnr_cv_selector_NULL"
predictions 
  0.1401172 
[1] "done"
[1] "Lrnr_cv"
[1] "Lrnr_xgboost_20_1_5_6_0.25" "Lrnr_xgboost_20_1_5_4_0.25"
[3] "Lrnr_xgboost_20_1_5_5_0.25"
[1] "Lrnr_cv_selector_NULL"
[1] "Lrnr_cv"
[1] "Lrnr_xgboost_20_1_5_6_0.25" "Lrnr_xgboost_20_1_5_4_0.25"
[3] "Lrnr_xgboost_20_1_5_5_0.25"
[1] "Lrnr_cv_selector_NULL"
Lrnr_xgboost_20_1_5_6_0.25 Lrnr_xgboost_20_1_5_4_0.25 
                 0.1508547                  0.1525530 
Lrnr_xgboost_20_1_5_5_0.25 
                 0.1519780 
[1] "done"
[1] "Lrnr_cv"
[1] "Lrnr_ranger_500_TRUE_none_1_10_10"
[1] "Lrnr_cv_selector_NULL"
[1] "Lrnr_cv"
[1] "Lrnr_ranger_500_TRUE_none_1_10_10"
[1] "Lrnr_cv_selector_NULL"
predictions 
  0.1451752 
[1] "done"
[1] "Lrnr_cv"
[1] "Lrnr_mean"
[1] "Lrnr_cv"
[1] "Lrnr_mean"
NULL
[1] "done"
[1] "earth"
[1] "gam_1"
[1] "xgboost"
[1] "rf"
[1] "iter: 12"
[1] "Lrnr_cv"
[1] "Lrnr_earth_2_3_backward_0_1_0_0_binomial_200"
[1] "Lrnr_cv_selector_NULL"
[1] "Lrnr_cv"
[1] "Lrnr_earth_2_3_backward_0_1_0_0_binomial_200"
[1] "Lrnr_cv_selector_NULL"
predictions 
  0.1311763 
[1] "done"
[1] "Lrnr_cv"
[1] "Lrnr_gam_Y~s(W1, k = 50, bs='bs',m=c(1,1)) + s(W2, k = 50, bs='bs',m=c(1,1)) + s(W3, k = 50, bs='bs',m=c(1,1))_binomial_GCV.Cp"
[1] "Lrnr_cv_selector_NULL"
[1] "Lrnr_cv"
[1] "Lrnr_gam_A~s(W1, k = 50, bs='bs',m=c(1,1)) + s(W2, k = 50, bs='bs',m=c(1,1)) + s(W3, k = 50, bs='bs',m=c(1,1))_binomial_GCV.Cp"
[1] "Lrnr_cv_selector_NULL"
predictions 
  0.1303779 
[1] "done"
[1] "Lrnr_cv"
[1] "Lrnr_xgboost_20_1_5_6_0.25" "Lrnr_xgboost_20_1_5_4_0.25"
[3] "Lrnr_xgboost_20_1_5_5_0.25"
[1] "Lrnr_cv_selector_NULL"
[1] "Lrnr_cv"
[1] "Lrnr_xgboost_20_1_5_6_0.25" "Lrnr_xgboost_20_1_5_4_0.25"
[3] "Lrnr_xgboost_20_1_5_5_0.25"
[1] "Lrnr_cv_selector_NULL"
Lrnr_xgboost_20_1_5_6_0.25 Lrnr_xgboost_20_1_5_4_0.25 
                 0.1460054                  0.1437584 
Lrnr_xgboost_20_1_5_5_0.25 
                 0.1457537 
[1] "done"
[1] "Lrnr_cv"
[1] "Lrnr_ranger_500_TRUE_none_1_10_10"
[1] "Lrnr_cv_selector_NULL"
[1] "Lrnr_cv"
[1] "Lrnr_ranger_500_TRUE_none_1_10_10"
[1] "Lrnr_cv_selector_NULL"
predictions 
  0.1408842 
[1] "done"
[1] "Lrnr_cv"
[1] "Lrnr_mean"
[1] "Lrnr_cv"
[1] "Lrnr_mean"
NULL
[1] "done"
[1] "earth"
[1] "gam_1"
[1] "xgboost"
[1] "rf"
[1] "iter: 13"
[1] "Lrnr_cv"
[1] "Lrnr_earth_2_3_backward_0_1_0_0_binomial_200"
[1] "Lrnr_cv_selector_NULL"
[1] "Lrnr_cv"
[1] "Lrnr_earth_2_3_backward_0_1_0_0_binomial_200"
[1] "Lrnr_cv_selector_NULL"
predictions 
  0.1827283 
[1] "done"
[1] "Lrnr_cv"
[1] "Lrnr_gam_Y~s(W1, k = 50, bs='bs',m=c(1,1)) + s(W2, k = 50, bs='bs',m=c(1,1)) + s(W3, k = 50, bs='bs',m=c(1,1))_binomial_GCV.Cp"
[1] "Lrnr_cv_selector_NULL"
[1] "Lrnr_cv"
[1] "Lrnr_gam_A~s(W1, k = 50, bs='bs',m=c(1,1)) + s(W2, k = 50, bs='bs',m=c(1,1)) + s(W3, k = 50, bs='bs',m=c(1,1))_binomial_GCV.Cp"
[1] "Lrnr_cv_selector_NULL"
predictions 
  0.1676595 
[1] "done"
[1] "Lrnr_cv"
[1] "Lrnr_xgboost_20_1_5_6_0.25" "Lrnr_xgboost_20_1_5_4_0.25"
[3] "Lrnr_xgboost_20_1_5_5_0.25"
[1] "Lrnr_cv_selector_NULL"
[1] "Lrnr_cv"
[1] "Lrnr_xgboost_20_1_5_6_0.25" "Lrnr_xgboost_20_1_5_4_0.25"
[3] "Lrnr_xgboost_20_1_5_5_0.25"
[1] "Lrnr_cv_selector_NULL"
Lrnr_xgboost_20_1_5_6_0.25 Lrnr_xgboost_20_1_5_4_0.25 
                 0.1828197                  0.1782063 
Lrnr_xgboost_20_1_5_5_0.25 
                 0.1819116 
[1] "done"
[1] "Lrnr_cv"
[1] "Lrnr_ranger_500_TRUE_none_1_10_10"
[1] "Lrnr_cv_selector_NULL"
[1] "Lrnr_cv"
[1] "Lrnr_ranger_500_TRUE_none_1_10_10"
[1] "Lrnr_cv_selector_NULL"
predictions 
  0.1805734 
[1] "done"
[1] "Lrnr_cv"
[1] "Lrnr_mean"
[1] "Lrnr_cv"
[1] "Lrnr_mean"
NULL
[1] "done"
[1] "earth"
[1] "gam_1"
[1] "xgboost"
[1] "rf"
[1] "iter: 14"
[1] "Lrnr_cv"
[1] "Lrnr_earth_2_3_backward_0_1_0_0_binomial_200"
[1] "Lrnr_cv_selector_NULL"
[1] "Lrnr_cv"
[1] "Lrnr_earth_2_3_backward_0_1_0_0_binomial_200"
[1] "Lrnr_cv_selector_NULL"
predictions 
  0.1567192 
[1] "done"
[1] "Lrnr_cv"
[1] "Lrnr_gam_Y~s(W1, k = 50, bs='bs',m=c(1,1)) + s(W2, k = 50, bs='bs',m=c(1,1)) + s(W3, k = 50, bs='bs',m=c(1,1))_binomial_GCV.Cp"
[1] "Lrnr_cv_selector_NULL"
[1] "Lrnr_cv"
[1] "Lrnr_gam_A~s(W1, k = 50, bs='bs',m=c(1,1)) + s(W2, k = 50, bs='bs',m=c(1,1)) + s(W3, k = 50, bs='bs',m=c(1,1))_binomial_GCV.Cp"
[1] "Lrnr_cv_selector_NULL"
predictions 
  0.1350003 
[1] "done"
[1] "Lrnr_cv"
[1] "Lrnr_xgboost_20_1_5_6_0.25" "Lrnr_xgboost_20_1_5_4_0.25"
[3] "Lrnr_xgboost_20_1_5_5_0.25"
[1] "Lrnr_cv_selector_NULL"
[1] "Lrnr_cv"
[1] "Lrnr_xgboost_20_1_5_6_0.25" "Lrnr_xgboost_20_1_5_4_0.25"
[3] "Lrnr_xgboost_20_1_5_5_0.25"
[1] "Lrnr_cv_selector_NULL"
Lrnr_xgboost_20_1_5_6_0.25 Lrnr_xgboost_20_1_5_4_0.25 
                 0.1394095                  0.1384721 
Lrnr_xgboost_20_1_5_5_0.25 
                 0.1401054 
[1] "done"
[1] "Lrnr_cv"
[1] "Lrnr_ranger_500_TRUE_none_1_10_10"
[1] "Lrnr_cv_selector_NULL"
[1] "Lrnr_cv"
[1] "Lrnr_ranger_500_TRUE_none_1_10_10"
[1] "Lrnr_cv_selector_NULL"
predictions 
  0.1418747 
[1] "done"
[1] "Lrnr_cv"
[1] "Lrnr_mean"
[1] "Lrnr_cv"
[1] "Lrnr_mean"
NULL
[1] "done"
[1] "earth"
[1] "gam_1"
[1] "xgboost"
[1] "rf"
[1] "iter: 15"
[1] "Lrnr_cv"
[1] "Lrnr_earth_2_3_backward_0_1_0_0_binomial_200"
[1] "Lrnr_cv_selector_NULL"
[1] "Lrnr_cv"
[1] "Lrnr_earth_2_3_backward_0_1_0_0_binomial_200"
[1] "Lrnr_cv_selector_NULL"
predictions 
  0.1653307 
[1] "done"
[1] "Lrnr_cv"
[1] "Lrnr_gam_Y~s(W1, k = 50, bs='bs',m=c(1,1)) + s(W2, k = 50, bs='bs',m=c(1,1)) + s(W3, k = 50, bs='bs',m=c(1,1))_binomial_GCV.Cp"
[1] "Lrnr_cv_selector_NULL"
[1] "Lrnr_cv"
[1] "Lrnr_gam_A~s(W1, k = 50, bs='bs',m=c(1,1)) + s(W2, k = 50, bs='bs',m=c(1,1)) + s(W3, k = 50, bs='bs',m=c(1,1))_binomial_GCV.Cp"
[1] "Lrnr_cv_selector_NULL"
predictions 
  0.1514724 
[1] "done"
[1] "Lrnr_cv"
[1] "Lrnr_xgboost_20_1_5_6_0.25" "Lrnr_xgboost_20_1_5_4_0.25"
[3] "Lrnr_xgboost_20_1_5_5_0.25"
[1] "Lrnr_cv_selector_NULL"
[1] "Lrnr_cv"
[1] "Lrnr_xgboost_20_1_5_6_0.25" "Lrnr_xgboost_20_1_5_4_0.25"
[3] "Lrnr_xgboost_20_1_5_5_0.25"
[1] "Lrnr_cv_selector_NULL"
Lrnr_xgboost_20_1_5_6_0.25 Lrnr_xgboost_20_1_5_4_0.25 
                 0.1536928                  0.1550214 
Lrnr_xgboost_20_1_5_5_0.25 
                 0.1543493 
[1] "done"
[1] "Lrnr_cv"
[1] "Lrnr_ranger_500_TRUE_none_1_10_10"
[1] "Lrnr_cv_selector_NULL"
[1] "Lrnr_cv"
[1] "Lrnr_ranger_500_TRUE_none_1_10_10"
[1] "Lrnr_cv_selector_NULL"
predictions 
  0.1592194 
[1] "done"
[1] "Lrnr_cv"
[1] "Lrnr_mean"
[1] "Lrnr_cv"
[1] "Lrnr_mean"
NULL
[1] "done"
[1] "earth"
[1] "gam_1"
