LOADING R
R LOADED
[1] "/home/lvanderl/Rlibs2"                         
[2] "/app/software/R/4.3.1-gfbf-2022b/lib/R/library"
[1] "/home/lvanderl/sieveSims"
[1] "lalonde_cps"
  [1]  0  1  2  3  4  5  6  7  8  9 10 11 12 13 14 15 16 17 18 19 20 21 22 23 24
 [26] 25 26 27 28 29 30 31 32 33 34 35 36 37 38 39 40 41 42 43 44 45 46 47 48 49
 [51] 50 51 52 53 54 55 56 57 58 59 60 61 62 63 64 65 66 67 68 69 70 71 72 73 74
 [76] 75 76 77 78 79 80 81 82 83 84 85 86 87 88 89 90 91 92 93 94 95 96 97 98 99
[1] "iter: 0"
[1] 16177     8
[1] "Lrnr_cv"
[1] "Lrnr_screener_coefs_0_NULL_2"
 [1] "Lrnr_ranger_500_TRUE_none_1_10"         
 [2] "Lrnr_earth_1_3_backward_0_1_0_0"        
 [3] "Lrnr_earth_2_3_backward_0_1_0_0"        
 [4] "Lrnr_gam_NULL_NULL_GCV.Cp"              
 [5] "Lrnr_glmnet_NULL_deviance_10_1_100_TRUE"
 [6] "Lrnr_glm_TRUE"                          
 [7] "Lrnr_xgboost_10_1_10_2_0.2"             
 [8] "Lrnr_xgboost_10_1_10_3_0.2"             
 [9] "Lrnr_xgboost_10_1_10_4_0.2"             
[10] "Lrnr_xgboost_10_1_10_5_0.2"             
[11] "Lrnr_xgboost_20_1_10_1_0.2"             
[12] "Lrnr_xgboost_20_1_10_2_0.2"             
[13] "Lrnr_xgboost_20_1_10_3_0.2"             
[14] "Lrnr_xgboost_20_1_10_4_0.2"             
[15] "Lrnr_xgboost_20_1_10_5_0.2"             
[1] "Lrnr_cv_selector_NULL"
[1] "Lrnr_cv"
[1] "Lrnr_screener_coefs_0_NULL_2"
 [1] "Lrnr_ranger_500_TRUE_none_1_10"         
 [2] "Lrnr_earth_1_3_backward_0_1_0_0"        
 [3] "Lrnr_earth_2_3_backward_0_1_0_0"        
 [4] "Lrnr_gam_NULL_NULL_GCV.Cp"              
 [5] "Lrnr_glmnet_NULL_deviance_10_1_100_TRUE"
 [6] "Lrnr_glm_TRUE"                          
 [7] "Lrnr_xgboost_10_1_10_2_0.2"             
 [8] "Lrnr_xgboost_10_1_10_3_0.2"             
 [9] "Lrnr_xgboost_10_1_10_4_0.2"             
[10] "Lrnr_xgboost_10_1_10_5_0.2"             
[11] "Lrnr_xgboost_20_1_10_1_0.2"             
[12] "Lrnr_xgboost_20_1_10_2_0.2"             
[13] "Lrnr_xgboost_20_1_10_3_0.2"             
[14] "Lrnr_xgboost_20_1_10_4_0.2"             
[15] "Lrnr_xgboost_20_1_10_5_0.2"             
[1] "Lrnr_cv_selector_NULL"
         Lrnr_ranger_500_TRUE_none_1_10         Lrnr_earth_1_3_backward_0_1_0_0 
                            0.007184982                             0.007238667 
        Lrnr_earth_2_3_backward_0_1_0_0               Lrnr_gam_NULL_NULL_GCV.Cp 
                            0.007363277                             0.007179212 
Lrnr_glmnet_NULL_deviance_10_1_100_TRUE                           Lrnr_glm_TRUE 
                            0.007256112                             0.007242995 
             Lrnr_xgboost_10_1_10_2_0.2              Lrnr_xgboost_10_1_10_3_0.2 
                            0.011796682                             0.011158927 
             Lrnr_xgboost_10_1_10_4_0.2              Lrnr_xgboost_10_1_10_5_0.2 
                            0.011139372                             0.011082383 
             Lrnr_xgboost_20_1_10_1_0.2              Lrnr_xgboost_20_1_10_2_0.2 
                            0.009121246                             0.007542387 
             Lrnr_xgboost_20_1_10_3_0.2              Lrnr_xgboost_20_1_10_4_0.2 
                            0.007258557                             0.007242544 
             Lrnr_xgboost_20_1_10_5_0.2 
                            0.007262067 
[1] "done"
[1] "Lrnr_cv"
[1] "Lrnr_mean"
[1] "Lrnr_cv"
[1] "Lrnr_mean"
NULL
[1] "done"
[1] "all"
[1] "iter: 1"
[1] 16177     8
[1] "Lrnr_cv"
[1] "Lrnr_screener_coefs_0_NULL_2"
 [1] "Lrnr_ranger_500_TRUE_none_1_10"         
 [2] "Lrnr_earth_1_3_backward_0_1_0_0"        
 [3] "Lrnr_earth_2_3_backward_0_1_0_0"        
 [4] "Lrnr_gam_NULL_NULL_GCV.Cp"              
 [5] "Lrnr_glmnet_NULL_deviance_10_1_100_TRUE"
 [6] "Lrnr_glm_TRUE"                          
 [7] "Lrnr_xgboost_10_1_10_2_0.2"             
 [8] "Lrnr_xgboost_10_1_10_3_0.2"             
 [9] "Lrnr_xgboost_10_1_10_4_0.2"             
[10] "Lrnr_xgboost_10_1_10_5_0.2"             
[11] "Lrnr_xgboost_20_1_10_1_0.2"             
[12] "Lrnr_xgboost_20_1_10_2_0.2"             
[13] "Lrnr_xgboost_20_1_10_3_0.2"             
[14] "Lrnr_xgboost_20_1_10_4_0.2"             
[15] "Lrnr_xgboost_20_1_10_5_0.2"             
[1] "Lrnr_cv_selector_NULL"
[1] "Lrnr_cv"
[1] "Lrnr_screener_coefs_0_NULL_2"
 [1] "Lrnr_ranger_500_TRUE_none_1_10"         
 [2] "Lrnr_earth_1_3_backward_0_1_0_0"        
 [3] "Lrnr_earth_2_3_backward_0_1_0_0"        
 [4] "Lrnr_gam_NULL_NULL_GCV.Cp"              
 [5] "Lrnr_glmnet_NULL_deviance_10_1_100_TRUE"
 [6] "Lrnr_glm_TRUE"                          
 [7] "Lrnr_xgboost_10_1_10_2_0.2"             
 [8] "Lrnr_xgboost_10_1_10_3_0.2"             
 [9] "Lrnr_xgboost_10_1_10_4_0.2"             
[10] "Lrnr_xgboost_10_1_10_5_0.2"             
[11] "Lrnr_xgboost_20_1_10_1_0.2"             
[12] "Lrnr_xgboost_20_1_10_2_0.2"             
[13] "Lrnr_xgboost_20_1_10_3_0.2"             
[14] "Lrnr_xgboost_20_1_10_4_0.2"             
[15] "Lrnr_xgboost_20_1_10_5_0.2"             
[1] "Lrnr_cv_selector_NULL"
         Lrnr_ranger_500_TRUE_none_1_10         Lrnr_earth_1_3_backward_0_1_0_0 
                            0.007573388                             0.007334368 
        Lrnr_earth_2_3_backward_0_1_0_0               Lrnr_gam_NULL_NULL_GCV.Cp 
                            0.007618049                             0.007319469 
Lrnr_glmnet_NULL_deviance_10_1_100_TRUE                           Lrnr_glm_TRUE 
                            0.007548064                             0.007543985 
             Lrnr_xgboost_10_1_10_2_0.2              Lrnr_xgboost_10_1_10_3_0.2 
                            0.012015995                             0.011573864 
             Lrnr_xgboost_10_1_10_4_0.2              Lrnr_xgboost_10_1_10_5_0.2 
                            0.011440944                             0.011426566 
             Lrnr_xgboost_20_1_10_1_0.2              Lrnr_xgboost_20_1_10_2_0.2 
                            0.009179828                             0.007895038 
             Lrnr_xgboost_20_1_10_3_0.2              Lrnr_xgboost_20_1_10_4_0.2 
                            0.007610456                             0.007576234 
             Lrnr_xgboost_20_1_10_5_0.2 
                            0.007636047 
[1] "done"
[1] "Lrnr_cv"
[1] "Lrnr_mean"
[1] "Lrnr_cv"
[1] "Lrnr_mean"
NULL
[1] "done"
[1] "all"
[1] "iter: 2"
[1] 16177     8
[1] "Lrnr_cv"
[1] "Lrnr_screener_coefs_0_NULL_2"
 [1] "Lrnr_ranger_500_TRUE_none_1_10"         
 [2] "Lrnr_earth_1_3_backward_0_1_0_0"        
 [3] "Lrnr_earth_2_3_backward_0_1_0_0"        
 [4] "Lrnr_gam_NULL_NULL_GCV.Cp"              
 [5] "Lrnr_glmnet_NULL_deviance_10_1_100_TRUE"
 [6] "Lrnr_glm_TRUE"                          
 [7] "Lrnr_xgboost_10_1_10_2_0.2"             
 [8] "Lrnr_xgboost_10_1_10_3_0.2"             
 [9] "Lrnr_xgboost_10_1_10_4_0.2"             
[10] "Lrnr_xgboost_10_1_10_5_0.2"             
[11] "Lrnr_xgboost_20_1_10_1_0.2"             
[12] "Lrnr_xgboost_20_1_10_2_0.2"             
[13] "Lrnr_xgboost_20_1_10_3_0.2"             
[14] "Lrnr_xgboost_20_1_10_4_0.2"             
[15] "Lrnr_xgboost_20_1_10_5_0.2"             
[1] "Lrnr_cv_selector_NULL"
[1] "Lrnr_cv"
[1] "Lrnr_screener_coefs_0_NULL_2"
 [1] "Lrnr_ranger_500_TRUE_none_1_10"         
 [2] "Lrnr_earth_1_3_backward_0_1_0_0"        
 [3] "Lrnr_earth_2_3_backward_0_1_0_0"        
 [4] "Lrnr_gam_NULL_NULL_GCV.Cp"              
 [5] "Lrnr_glmnet_NULL_deviance_10_1_100_TRUE"
 [6] "Lrnr_glm_TRUE"                          
 [7] "Lrnr_xgboost_10_1_10_2_0.2"             
 [8] "Lrnr_xgboost_10_1_10_3_0.2"             
 [9] "Lrnr_xgboost_10_1_10_4_0.2"             
[10] "Lrnr_xgboost_10_1_10_5_0.2"             
[11] "Lrnr_xgboost_20_1_10_1_0.2"             
[12] "Lrnr_xgboost_20_1_10_2_0.2"             
[13] "Lrnr_xgboost_20_1_10_3_0.2"             
[14] "Lrnr_xgboost_20_1_10_4_0.2"             
[15] "Lrnr_xgboost_20_1_10_5_0.2"             
[1] "Lrnr_cv_selector_NULL"
         Lrnr_ranger_500_TRUE_none_1_10         Lrnr_earth_1_3_backward_0_1_0_0 
                            0.006801395                             0.006614086 
        Lrnr_earth_2_3_backward_0_1_0_0               Lrnr_gam_NULL_NULL_GCV.Cp 
                            0.006659971                             0.006660969 
Lrnr_glmnet_NULL_deviance_10_1_100_TRUE                           Lrnr_glm_TRUE 
                            0.007001435                             0.006996350 
             Lrnr_xgboost_10_1_10_2_0.2              Lrnr_xgboost_10_1_10_3_0.2 
                            0.011475005                             0.010919799 
             Lrnr_xgboost_10_1_10_4_0.2              Lrnr_xgboost_10_1_10_5_0.2 
                            0.010783536                             0.010668307 
             Lrnr_xgboost_20_1_10_1_0.2              Lrnr_xgboost_20_1_10_2_0.2 
                            0.008459732                             0.007326552 
             Lrnr_xgboost_20_1_10_3_0.2              Lrnr_xgboost_20_1_10_4_0.2 
                            0.006927401                             0.006826815 
             Lrnr_xgboost_20_1_10_5_0.2 
                            0.006806957 
[1] "done"
[1] "Lrnr_cv"
[1] "Lrnr_mean"
[1] "Lrnr_cv"
[1] "Lrnr_mean"
NULL
[1] "done"
[1] "all"
[1] "iter: 3"
[1] 16177     8
[1] "Lrnr_cv"
[1] "Lrnr_screener_coefs_0_NULL_2"
 [1] "Lrnr_ranger_500_TRUE_none_1_10"         
 [2] "Lrnr_earth_1_3_backward_0_1_0_0"        
 [3] "Lrnr_earth_2_3_backward_0_1_0_0"        
 [4] "Lrnr_gam_NULL_NULL_GCV.Cp"              
 [5] "Lrnr_glmnet_NULL_deviance_10_1_100_TRUE"
 [6] "Lrnr_glm_TRUE"                          
 [7] "Lrnr_xgboost_10_1_10_2_0.2"             
 [8] "Lrnr_xgboost_10_1_10_3_0.2"             
 [9] "Lrnr_xgboost_10_1_10_4_0.2"             
[10] "Lrnr_xgboost_10_1_10_5_0.2"             
[11] "Lrnr_xgboost_20_1_10_1_0.2"             
[12] "Lrnr_xgboost_20_1_10_2_0.2"             
[13] "Lrnr_xgboost_20_1_10_3_0.2"             
[14] "Lrnr_xgboost_20_1_10_4_0.2"             
[15] "Lrnr_xgboost_20_1_10_5_0.2"             
[1] "Lrnr_cv_selector_NULL"
[1] "Lrnr_cv"
[1] "Lrnr_screener_coefs_0_NULL_2"
 [1] "Lrnr_ranger_500_TRUE_none_1_10"         
 [2] "Lrnr_earth_1_3_backward_0_1_0_0"        
 [3] "Lrnr_earth_2_3_backward_0_1_0_0"        
 [4] "Lrnr_gam_NULL_NULL_GCV.Cp"              
 [5] "Lrnr_glmnet_NULL_deviance_10_1_100_TRUE"
 [6] "Lrnr_glm_TRUE"                          
 [7] "Lrnr_xgboost_10_1_10_2_0.2"             
 [8] "Lrnr_xgboost_10_1_10_3_0.2"             
 [9] "Lrnr_xgboost_10_1_10_4_0.2"             
[10] "Lrnr_xgboost_10_1_10_5_0.2"             
[11] "Lrnr_xgboost_20_1_10_1_0.2"             
[12] "Lrnr_xgboost_20_1_10_2_0.2"             
[13] "Lrnr_xgboost_20_1_10_3_0.2"             
[14] "Lrnr_xgboost_20_1_10_4_0.2"             
[15] "Lrnr_xgboost_20_1_10_5_0.2"             
[1] "Lrnr_cv_selector_NULL"
         Lrnr_ranger_500_TRUE_none_1_10         Lrnr_earth_1_3_backward_0_1_0_0 
                            0.007699728                             0.007736893 
        Lrnr_earth_2_3_backward_0_1_0_0               Lrnr_gam_NULL_NULL_GCV.Cp 
                            0.007736563                             0.007653580 
Lrnr_glmnet_NULL_deviance_10_1_100_TRUE                           Lrnr_glm_TRUE 
                            0.008044786                             0.008039357 
             Lrnr_xgboost_10_1_10_2_0.2              Lrnr_xgboost_10_1_10_3_0.2 
                            0.012517499                             0.011973610 
             Lrnr_xgboost_10_1_10_4_0.2              Lrnr_xgboost_10_1_10_5_0.2 
                            0.011848361                             0.011620160 
             Lrnr_xgboost_20_1_10_1_0.2              Lrnr_xgboost_20_1_10_2_0.2 
                            0.009430297                             0.008396027 
             Lrnr_xgboost_20_1_10_3_0.2              Lrnr_xgboost_20_1_10_4_0.2 
                            0.008030601                             0.007859667 
             Lrnr_xgboost_20_1_10_5_0.2 
                            0.007776792 
[1] "done"
[1] "Lrnr_cv"
[1] "Lrnr_mean"
[1] "Lrnr_cv"
[1] "Lrnr_mean"
NULL
[1] "done"
[1] "all"
[1] "iter: 4"
[1] 16177     8
[1] "Lrnr_cv"
[1] "Lrnr_screener_coefs_0_NULL_2"
 [1] "Lrnr_ranger_500_TRUE_none_1_10"         
 [2] "Lrnr_earth_1_3_backward_0_1_0_0"        
 [3] "Lrnr_earth_2_3_backward_0_1_0_0"        
 [4] "Lrnr_gam_NULL_NULL_GCV.Cp"              
 [5] "Lrnr_glmnet_NULL_deviance_10_1_100_TRUE"
 [6] "Lrnr_glm_TRUE"                          
 [7] "Lrnr_xgboost_10_1_10_2_0.2"             
 [8] "Lrnr_xgboost_10_1_10_3_0.2"             
 [9] "Lrnr_xgboost_10_1_10_4_0.2"             
[10] "Lrnr_xgboost_10_1_10_5_0.2"             
[11] "Lrnr_xgboost_20_1_10_1_0.2"             
[12] "Lrnr_xgboost_20_1_10_2_0.2"             
[13] "Lrnr_xgboost_20_1_10_3_0.2"             
[14] "Lrnr_xgboost_20_1_10_4_0.2"             
[15] "Lrnr_xgboost_20_1_10_5_0.2"             
[1] "Lrnr_cv_selector_NULL"
[1] "Lrnr_cv"
[1] "Lrnr_screener_coefs_0_NULL_2"
 [1] "Lrnr_ranger_500_TRUE_none_1_10"         
 [2] "Lrnr_earth_1_3_backward_0_1_0_0"        
 [3] "Lrnr_earth_2_3_backward_0_1_0_0"        
 [4] "Lrnr_gam_NULL_NULL_GCV.Cp"              
 [5] "Lrnr_glmnet_NULL_deviance_10_1_100_TRUE"
 [6] "Lrnr_glm_TRUE"                          
 [7] "Lrnr_xgboost_10_1_10_2_0.2"             
 [8] "Lrnr_xgboost_10_1_10_3_0.2"             
 [9] "Lrnr_xgboost_10_1_10_4_0.2"             
[10] "Lrnr_xgboost_10_1_10_5_0.2"             
[11] "Lrnr_xgboost_20_1_10_1_0.2"             
[12] "Lrnr_xgboost_20_1_10_2_0.2"             
[13] "Lrnr_xgboost_20_1_10_3_0.2"             
[14] "Lrnr_xgboost_20_1_10_4_0.2"             
[15] "Lrnr_xgboost_20_1_10_5_0.2"             
[1] "Lrnr_cv_selector_NULL"
         Lrnr_ranger_500_TRUE_none_1_10         Lrnr_earth_1_3_backward_0_1_0_0 
                            0.005981274                             0.005988036 
        Lrnr_earth_2_3_backward_0_1_0_0               Lrnr_gam_NULL_NULL_GCV.Cp 
                            0.006025171                             0.006043324 
Lrnr_glmnet_NULL_deviance_10_1_100_TRUE                           Lrnr_glm_TRUE 
                            0.006476800                             0.006464490 
             Lrnr_xgboost_10_1_10_2_0.2              Lrnr_xgboost_10_1_10_3_0.2 
                            0.010882691                             0.010402587 
             Lrnr_xgboost_10_1_10_4_0.2              Lrnr_xgboost_10_1_10_5_0.2 
                            0.010158777                             0.010020779 
             Lrnr_xgboost_20_1_10_1_0.2              Lrnr_xgboost_20_1_10_2_0.2 
                            0.007934132                             0.006749364 
             Lrnr_xgboost_20_1_10_3_0.2              Lrnr_xgboost_20_1_10_4_0.2 
                            0.006346368                             0.006136862 
             Lrnr_xgboost_20_1_10_5_0.2 
                            0.006085771 
[1] "done"
[1] "Lrnr_cv"
[1] "Lrnr_mean"
[1] "Lrnr_cv"
[1] "Lrnr_mean"
NULL
[1] "done"
[1] "all"
[1] "iter: 5"
[1] 16177     8
[1] "Lrnr_cv"
[1] "Lrnr_screener_coefs_0_NULL_2"
 [1] "Lrnr_ranger_500_TRUE_none_1_10"         
 [2] "Lrnr_earth_1_3_backward_0_1_0_0"        
 [3] "Lrnr_earth_2_3_backward_0_1_0_0"        
 [4] "Lrnr_gam_NULL_NULL_GCV.Cp"              
 [5] "Lrnr_glmnet_NULL_deviance_10_1_100_TRUE"
 [6] "Lrnr_glm_TRUE"                          
 [7] "Lrnr_xgboost_10_1_10_2_0.2"             
 [8] "Lrnr_xgboost_10_1_10_3_0.2"             
 [9] "Lrnr_xgboost_10_1_10_4_0.2"             
[10] "Lrnr_xgboost_10_1_10_5_0.2"             
[11] "Lrnr_xgboost_20_1_10_1_0.2"             
[12] "Lrnr_xgboost_20_1_10_2_0.2"             
[13] "Lrnr_xgboost_20_1_10_3_0.2"             
[14] "Lrnr_xgboost_20_1_10_4_0.2"             
[15] "Lrnr_xgboost_20_1_10_5_0.2"             
[1] "Lrnr_cv_selector_NULL"
[1] "Lrnr_cv"
[1] "Lrnr_screener_coefs_0_NULL_2"
 [1] "Lrnr_ranger_500_TRUE_none_1_10"         
 [2] "Lrnr_earth_1_3_backward_0_1_0_0"        
 [3] "Lrnr_earth_2_3_backward_0_1_0_0"        
 [4] "Lrnr_gam_NULL_NULL_GCV.Cp"              
 [5] "Lrnr_glmnet_NULL_deviance_10_1_100_TRUE"
 [6] "Lrnr_glm_TRUE"                          
 [7] "Lrnr_xgboost_10_1_10_2_0.2"             
 [8] "Lrnr_xgboost_10_1_10_3_0.2"             
 [9] "Lrnr_xgboost_10_1_10_4_0.2"             
[10] "Lrnr_xgboost_10_1_10_5_0.2"             
[11] "Lrnr_xgboost_20_1_10_1_0.2"             
[12] "Lrnr_xgboost_20_1_10_2_0.2"             
[13] "Lrnr_xgboost_20_1_10_3_0.2"             
[14] "Lrnr_xgboost_20_1_10_4_0.2"             
[15] "Lrnr_xgboost_20_1_10_5_0.2"             
[1] "Lrnr_cv_selector_NULL"
         Lrnr_ranger_500_TRUE_none_1_10         Lrnr_earth_1_3_backward_0_1_0_0 
                            0.006822573                             0.006652856 
        Lrnr_earth_2_3_backward_0_1_0_0               Lrnr_gam_NULL_NULL_GCV.Cp 
                            0.006658250                             0.006676944 
Lrnr_glmnet_NULL_deviance_10_1_100_TRUE                           Lrnr_glm_TRUE 
                            0.007042891                             0.007031744 
             Lrnr_xgboost_10_1_10_2_0.2              Lrnr_xgboost_10_1_10_3_0.2 
                            0.011565757                             0.010971909 
             Lrnr_xgboost_10_1_10_4_0.2              Lrnr_xgboost_10_1_10_5_0.2 
                            0.010842074                             0.010769903 
             Lrnr_xgboost_20_1_10_1_0.2              Lrnr_xgboost_20_1_10_2_0.2 
                            0.008592533                             0.007338949 
             Lrnr_xgboost_20_1_10_3_0.2              Lrnr_xgboost_20_1_10_4_0.2 
                            0.007014202                             0.006914229 
             Lrnr_xgboost_20_1_10_5_0.2 
                            0.006859710 
[1] "done"
[1] "Lrnr_cv"
[1] "Lrnr_mean"
[1] "Lrnr_cv"
[1] "Lrnr_mean"
NULL
[1] "done"
[1] "all"
[1] "iter: 6"
[1] 16177     8
[1] "Lrnr_cv"
[1] "Lrnr_screener_coefs_0_NULL_2"
 [1] "Lrnr_ranger_500_TRUE_none_1_10"         
 [2] "Lrnr_earth_1_3_backward_0_1_0_0"        
 [3] "Lrnr_earth_2_3_backward_0_1_0_0"        
 [4] "Lrnr_gam_NULL_NULL_GCV.Cp"              
 [5] "Lrnr_glmnet_NULL_deviance_10_1_100_TRUE"
 [6] "Lrnr_glm_TRUE"                          
 [7] "Lrnr_xgboost_10_1_10_2_0.2"             
 [8] "Lrnr_xgboost_10_1_10_3_0.2"             
 [9] "Lrnr_xgboost_10_1_10_4_0.2"             
[10] "Lrnr_xgboost_10_1_10_5_0.2"             
[11] "Lrnr_xgboost_20_1_10_1_0.2"             
[12] "Lrnr_xgboost_20_1_10_2_0.2"             
[13] "Lrnr_xgboost_20_1_10_3_0.2"             
[14] "Lrnr_xgboost_20_1_10_4_0.2"             
[15] "Lrnr_xgboost_20_1_10_5_0.2"             
[1] "Lrnr_cv_selector_NULL"
[1] "Lrnr_cv"
[1] "Lrnr_screener_coefs_0_NULL_2"
 [1] "Lrnr_ranger_500_TRUE_none_1_10"         
 [2] "Lrnr_earth_1_3_backward_0_1_0_0"        
 [3] "Lrnr_earth_2_3_backward_0_1_0_0"        
 [4] "Lrnr_gam_NULL_NULL_GCV.Cp"              
 [5] "Lrnr_glmnet_NULL_deviance_10_1_100_TRUE"
 [6] "Lrnr_glm_TRUE"                          
 [7] "Lrnr_xgboost_10_1_10_2_0.2"             
 [8] "Lrnr_xgboost_10_1_10_3_0.2"             
 [9] "Lrnr_xgboost_10_1_10_4_0.2"             
[10] "Lrnr_xgboost_10_1_10_5_0.2"             
[11] "Lrnr_xgboost_20_1_10_1_0.2"             
[12] "Lrnr_xgboost_20_1_10_2_0.2"             
[13] "Lrnr_xgboost_20_1_10_3_0.2"             
[14] "Lrnr_xgboost_20_1_10_4_0.2"             
[15] "Lrnr_xgboost_20_1_10_5_0.2"             
[1] "Lrnr_cv_selector_NULL"
         Lrnr_ranger_500_TRUE_none_1_10         Lrnr_earth_1_3_backward_0_1_0_0 
                            0.007363656                             0.007245957 
        Lrnr_earth_2_3_backward_0_1_0_0               Lrnr_gam_NULL_NULL_GCV.Cp 
                            0.007262997                             0.007251806 
Lrnr_glmnet_NULL_deviance_10_1_100_TRUE                           Lrnr_glm_TRUE 
                            0.007676381                             0.007667583 
             Lrnr_xgboost_10_1_10_2_0.2              Lrnr_xgboost_10_1_10_3_0.2 
                            0.011983299                             0.011610753 
             Lrnr_xgboost_10_1_10_4_0.2              Lrnr_xgboost_10_1_10_5_0.2 
                            0.011446920                             0.011349872 
             Lrnr_xgboost_20_1_10_1_0.2              Lrnr_xgboost_20_1_10_2_0.2 
                            0.008866180                             0.007880952 
             Lrnr_xgboost_20_1_10_3_0.2              Lrnr_xgboost_20_1_10_4_0.2 
                            0.007594057                             0.007447194 
             Lrnr_xgboost_20_1_10_5_0.2 
                            0.007408184 
[1] "done"
[1] "Lrnr_cv"
[1] "Lrnr_mean"
[1] "Lrnr_cv"
[1] "Lrnr_mean"
NULL
[1] "done"
[1] "all"
[1] "iter: 7"
[1] 16177     8
[1] "Lrnr_cv"
[1] "Lrnr_screener_coefs_0_NULL_2"
 [1] "Lrnr_ranger_500_TRUE_none_1_10"         
 [2] "Lrnr_earth_1_3_backward_0_1_0_0"        
 [3] "Lrnr_earth_2_3_backward_0_1_0_0"        
 [4] "Lrnr_gam_NULL_NULL_GCV.Cp"              
 [5] "Lrnr_glmnet_NULL_deviance_10_1_100_TRUE"
 [6] "Lrnr_glm_TRUE"                          
 [7] "Lrnr_xgboost_10_1_10_2_0.2"             
 [8] "Lrnr_xgboost_10_1_10_3_0.2"             
 [9] "Lrnr_xgboost_10_1_10_4_0.2"             
[10] "Lrnr_xgboost_10_1_10_5_0.2"             
[11] "Lrnr_xgboost_20_1_10_1_0.2"             
[12] "Lrnr_xgboost_20_1_10_2_0.2"             
[13] "Lrnr_xgboost_20_1_10_3_0.2"             
[14] "Lrnr_xgboost_20_1_10_4_0.2"             
[15] "Lrnr_xgboost_20_1_10_5_0.2"             
[1] "Lrnr_cv_selector_NULL"
[1] "Lrnr_cv"
[1] "Lrnr_screener_coefs_0_NULL_2"
 [1] "Lrnr_ranger_500_TRUE_none_1_10"         
 [2] "Lrnr_earth_1_3_backward_0_1_0_0"        
 [3] "Lrnr_earth_2_3_backward_0_1_0_0"        
 [4] "Lrnr_gam_NULL_NULL_GCV.Cp"              
 [5] "Lrnr_glmnet_NULL_deviance_10_1_100_TRUE"
 [6] "Lrnr_glm_TRUE"                          
 [7] "Lrnr_xgboost_10_1_10_2_0.2"             
 [8] "Lrnr_xgboost_10_1_10_3_0.2"             
 [9] "Lrnr_xgboost_10_1_10_4_0.2"             
[10] "Lrnr_xgboost_10_1_10_5_0.2"             
[11] "Lrnr_xgboost_20_1_10_1_0.2"             
[12] "Lrnr_xgboost_20_1_10_2_0.2"             
[13] "Lrnr_xgboost_20_1_10_3_0.2"             
[14] "Lrnr_xgboost_20_1_10_4_0.2"             
[15] "Lrnr_xgboost_20_1_10_5_0.2"             
[1] "Lrnr_cv_selector_NULL"
         Lrnr_ranger_500_TRUE_none_1_10         Lrnr_earth_1_3_backward_0_1_0_0 
                            0.007258271                             0.007267207 
        Lrnr_earth_2_3_backward_0_1_0_0               Lrnr_gam_NULL_NULL_GCV.Cp 
                            0.007196832                             0.007218944 
Lrnr_glmnet_NULL_deviance_10_1_100_TRUE                           Lrnr_glm_TRUE 
                            0.007455778                             0.007438539 
             Lrnr_xgboost_10_1_10_2_0.2              Lrnr_xgboost_10_1_10_3_0.2 
                            0.011995558                             0.011454034 
             Lrnr_xgboost_10_1_10_4_0.2              Lrnr_xgboost_10_1_10_5_0.2 
                            0.011300238                             0.011296509 
             Lrnr_xgboost_20_1_10_1_0.2              Lrnr_xgboost_20_1_10_2_0.2 
                            0.009245707                             0.007771188 
             Lrnr_xgboost_20_1_10_3_0.2              Lrnr_xgboost_20_1_10_4_0.2 
                            0.007514352                             0.007382427 
             Lrnr_xgboost_20_1_10_5_0.2 
                            0.007351659 
[1] "done"
[1] "Lrnr_cv"
[1] "Lrnr_mean"
[1] "Lrnr_cv"
[1] "Lrnr_mean"
NULL
[1] "done"
[1] "all"
[1] "iter: 8"
[1] 16177     8
[1] "Lrnr_cv"
[1] "Lrnr_screener_coefs_0_NULL_2"
 [1] "Lrnr_ranger_500_TRUE_none_1_10"         
 [2] "Lrnr_earth_1_3_backward_0_1_0_0"        
 [3] "Lrnr_earth_2_3_backward_0_1_0_0"        
 [4] "Lrnr_gam_NULL_NULL_GCV.Cp"              
 [5] "Lrnr_glmnet_NULL_deviance_10_1_100_TRUE"
 [6] "Lrnr_glm_TRUE"                          
 [7] "Lrnr_xgboost_10_1_10_2_0.2"             
 [8] "Lrnr_xgboost_10_1_10_3_0.2"             
 [9] "Lrnr_xgboost_10_1_10_4_0.2"             
[10] "Lrnr_xgboost_10_1_10_5_0.2"             
[11] "Lrnr_xgboost_20_1_10_1_0.2"             
[12] "Lrnr_xgboost_20_1_10_2_0.2"             
[13] "Lrnr_xgboost_20_1_10_3_0.2"             
[14] "Lrnr_xgboost_20_1_10_4_0.2"             
[15] "Lrnr_xgboost_20_1_10_5_0.2"             
[1] "Lrnr_cv_selector_NULL"
[1] "Lrnr_cv"
[1] "Lrnr_screener_coefs_0_NULL_2"
 [1] "Lrnr_ranger_500_TRUE_none_1_10"         
 [2] "Lrnr_earth_1_3_backward_0_1_0_0"        
 [3] "Lrnr_earth_2_3_backward_0_1_0_0"        
 [4] "Lrnr_gam_NULL_NULL_GCV.Cp"              
 [5] "Lrnr_glmnet_NULL_deviance_10_1_100_TRUE"
 [6] "Lrnr_glm_TRUE"                          
 [7] "Lrnr_xgboost_10_1_10_2_0.2"             
 [8] "Lrnr_xgboost_10_1_10_3_0.2"             
 [9] "Lrnr_xgboost_10_1_10_4_0.2"             
[10] "Lrnr_xgboost_10_1_10_5_0.2"             
[11] "Lrnr_xgboost_20_1_10_1_0.2"             
[12] "Lrnr_xgboost_20_1_10_2_0.2"             
[13] "Lrnr_xgboost_20_1_10_3_0.2"             
[14] "Lrnr_xgboost_20_1_10_4_0.2"             
[15] "Lrnr_xgboost_20_1_10_5_0.2"             
[1] "Lrnr_cv_selector_NULL"
         Lrnr_ranger_500_TRUE_none_1_10         Lrnr_earth_1_3_backward_0_1_0_0 
                            0.007255333                             0.007084779 
        Lrnr_earth_2_3_backward_0_1_0_0               Lrnr_gam_NULL_NULL_GCV.Cp 
                            0.007334461                             0.006988405 
Lrnr_glmnet_NULL_deviance_10_1_100_TRUE                           Lrnr_glm_TRUE 
                            0.007301778                             0.007301987 
             Lrnr_xgboost_10_1_10_2_0.2              Lrnr_xgboost_10_1_10_3_0.2 
                            0.011980953                             0.011395504 
             Lrnr_xgboost_10_1_10_4_0.2              Lrnr_xgboost_10_1_10_5_0.2 
                            0.011269292                             0.011233421 
             Lrnr_xgboost_20_1_10_1_0.2              Lrnr_xgboost_20_1_10_2_0.2 
                            0.009260772                             0.007662290 
             Lrnr_xgboost_20_1_10_3_0.2              Lrnr_xgboost_20_1_10_4_0.2 
                            0.007395572                             0.007311212 
             Lrnr_xgboost_20_1_10_5_0.2 
                            0.007307570 
[1] "done"
[1] "Lrnr_cv"
[1] "Lrnr_mean"
[1] "Lrnr_cv"
[1] "Lrnr_mean"
NULL
[1] "done"
[1] "all"
[1] "iter: 9"
[1] 16177     8
[1] "Lrnr_cv"
[1] "Lrnr_screener_coefs_0_NULL_2"
 [1] "Lrnr_ranger_500_TRUE_none_1_10"         
 [2] "Lrnr_earth_1_3_backward_0_1_0_0"        
 [3] "Lrnr_earth_2_3_backward_0_1_0_0"        
 [4] "Lrnr_gam_NULL_NULL_GCV.Cp"              
 [5] "Lrnr_glmnet_NULL_deviance_10_1_100_TRUE"
 [6] "Lrnr_glm_TRUE"                          
 [7] "Lrnr_xgboost_10_1_10_2_0.2"             
 [8] "Lrnr_xgboost_10_1_10_3_0.2"             
 [9] "Lrnr_xgboost_10_1_10_4_0.2"             
[10] "Lrnr_xgboost_10_1_10_5_0.2"             
[11] "Lrnr_xgboost_20_1_10_1_0.2"             
[12] "Lrnr_xgboost_20_1_10_2_0.2"             
[13] "Lrnr_xgboost_20_1_10_3_0.2"             
[14] "Lrnr_xgboost_20_1_10_4_0.2"             
[15] "Lrnr_xgboost_20_1_10_5_0.2"             
[1] "Lrnr_cv_selector_NULL"
[1] "Lrnr_cv"
[1] "Lrnr_screener_coefs_0_NULL_2"
 [1] "Lrnr_ranger_500_TRUE_none_1_10"         
 [2] "Lrnr_earth_1_3_backward_0_1_0_0"        
 [3] "Lrnr_earth_2_3_backward_0_1_0_0"        
 [4] "Lrnr_gam_NULL_NULL_GCV.Cp"              
 [5] "Lrnr_glmnet_NULL_deviance_10_1_100_TRUE"
 [6] "Lrnr_glm_TRUE"                          
 [7] "Lrnr_xgboost_10_1_10_2_0.2"             
 [8] "Lrnr_xgboost_10_1_10_3_0.2"             
 [9] "Lrnr_xgboost_10_1_10_4_0.2"             
[10] "Lrnr_xgboost_10_1_10_5_0.2"             
[11] "Lrnr_xgboost_20_1_10_1_0.2"             
[12] "Lrnr_xgboost_20_1_10_2_0.2"             
[13] "Lrnr_xgboost_20_1_10_3_0.2"             
[14] "Lrnr_xgboost_20_1_10_4_0.2"             
[15] "Lrnr_xgboost_20_1_10_5_0.2"             
[1] "Lrnr_cv_selector_NULL"
         Lrnr_ranger_500_TRUE_none_1_10         Lrnr_earth_1_3_backward_0_1_0_0 
                            0.008829923                             0.008660351 
        Lrnr_earth_2_3_backward_0_1_0_0               Lrnr_gam_NULL_NULL_GCV.Cp 
                            0.008931125                             0.008704472 
Lrnr_glmnet_NULL_deviance_10_1_100_TRUE                           Lrnr_glm_TRUE 
                            0.008751572                             0.008754760 
             Lrnr_xgboost_10_1_10_2_0.2              Lrnr_xgboost_10_1_10_3_0.2 
                            0.012935837                             0.012719941 
             Lrnr_xgboost_10_1_10_4_0.2              Lrnr_xgboost_10_1_10_5_0.2 
                            0.012677983                             0.012688472 
             Lrnr_xgboost_20_1_10_1_0.2              Lrnr_xgboost_20_1_10_2_0.2 
                            0.010056950                             0.008980747 
             Lrnr_xgboost_20_1_10_3_0.2              Lrnr_xgboost_20_1_10_4_0.2 
                            0.008886052                             0.008865604 
             Lrnr_xgboost_20_1_10_5_0.2 
                            0.008906090 
[1] "done"
[1] "Lrnr_cv"
[1] "Lrnr_mean"
[1] "Lrnr_cv"
[1] "Lrnr_mean"
NULL
[1] "done"
[1] "all"
