LOADING R
R LOADED
[1] "/home/lvanderl/Rlibs2"                         
[2] "/app/software/R/4.3.1-gfbf-2022b/lib/R/library"
[1] "/home/lvanderl/sieveSims"
[1] "iter: 1"
[1] "done"
[1] "Lrnr_cv"
[1] "Lrnr_glm_TRUE"
[1] "done"
[1] 0.08878285
[1] 0.2933555
[1] 0.08878285
[1] "iter: 2"
[1] "done"
[1] "Lrnr_cv"
[1] "Lrnr_glm_TRUE"
[1] "done"
[1] 0.05700582
[1] 0.265589
[1] 0.05700582
[1] "iter: 3"
[1] "done"
[1] "Lrnr_cv"
[1] "Lrnr_glm_TRUE"
[1] "done"
[1] 0.0577485
[1] 0.2908655
[1] 0.0577485
[1] "iter: 4"
[1] "done"
[1] "Lrnr_cv"
[1] "Lrnr_glm_TRUE"
[1] "done"
[1] 0.03441842
[1] 0.272719
[1] 0.03441842
[1] "iter: 5"
[1] "done"
[1] "Lrnr_cv"
[1] "Lrnr_glm_TRUE"
[1] "done"
[1] 0.06559427
[1] 0.2734594
[1] 0.06559427
[1] "iter: 6"
[1] "done"
[1] "Lrnr_cv"
[1] "Lrnr_glm_TRUE"
[1] "done"
[1] 0.02914923
[1] 0.2393248
[1] 0.02914923
[1] "iter: 7"
[1] "done"
[1] "Lrnr_cv"
[1] "Lrnr_glm_TRUE"
[1] "done"
[1] 0.05520758
[1] 0.268568
[1] 0.05520758
[1] "iter: 8"
[1] "done"
[1] "Lrnr_cv"
[1] "Lrnr_glm_TRUE"
[1] "done"
[1] 0.05477662
[1] 0.2649292
[1] 0.05477662
[1] "iter: 9"
[1] "done"
[1] "Lrnr_cv"
[1] "Lrnr_glm_TRUE"
[1] "done"
[1] 0.03354781
[1] 0.2534417
[1] 0.03354781
[1] "iter: 10"
[1] "done"
[1] "Lrnr_cv"
[1] "Lrnr_glm_TRUE"
[1] "done"
[1] 0.02520613
[1] 0.2256926
[1] 0.02520613
[1] "iter: 11"
[1] "done"
[1] "Lrnr_cv"
[1] "Lrnr_glm_TRUE"
[1] "done"
[1] 0.09966725
[1] 0.2901106
[1] 0.09966725
[1] "iter: 12"
[1] "done"
[1] "Lrnr_cv"
[1] "Lrnr_glm_TRUE"
[1] "done"
[1] 0.08761099
[1] 0.2949932
[1] 0.08761099
[1] "iter: 13"
[1] "done"
[1] "Lrnr_cv"
[1] "Lrnr_glm_TRUE"
[1] "done"
[1] 0.04656995
[1] 0.2835184
[1] 0.04656995
[1] "iter: 14"
[1] "done"
[1] "Lrnr_cv"
[1] "Lrnr_glm_TRUE"
[1] "done"
[1] 0.07188429
[1] 0.2963407
[1] 0.07188429
[1] "iter: 15"
[1] "done"
[1] "Lrnr_cv"
[1] "Lrnr_glm_TRUE"
[1] "done"
[1] 0.1002783
[1] 0.3044943
[1] 0.1002783
[1] "iter: 16"
[1] "done"
[1] "Lrnr_cv"
[1] "Lrnr_glm_TRUE"
[1] "done"
[1] 0.0688739
[1] 0.2507915
[1] 0.0688739
[1] "iter: 17"
[1] "done"
[1] "Lrnr_cv"
[1] "Lrnr_glm_TRUE"
[1] "done"
[1] 0.0473399
[1] 0.2532897
[1] 0.0473399
[1] "iter: 18"
[1] "done"
[1] "Lrnr_cv"
[1] "Lrnr_glm_TRUE"
[1] "done"
[1] 0.0802441
[1] 0.2805051
[1] 0.0802441
[1] "iter: 19"
[1] "done"
[1] "Lrnr_cv"
[1] "Lrnr_glm_TRUE"
[1] "done"
[1] 0.05994355
[1] 0.2616111
[1] 0.05994355
[1] "iter: 20"
[1] "done"
[1] "Lrnr_cv"
[1] "Lrnr_glm_TRUE"
[1] "done"
[1] 0.04509302
[1] 0.2715893
[1] 0.04509302
[1] "iter: 21"
[1] "done"
[1] "Lrnr_cv"
[1] "Lrnr_glm_TRUE"
[1] "done"
[1] 0.0879506
[1] 0.2801933
[1] 0.0879506
[1] "iter: 22"
[1] "done"
[1] "Lrnr_cv"
[1] "Lrnr_glm_TRUE"
[1] "done"
[1] 0.05730105
[1] 0.2516162
[1] 0.05730105
[1] "iter: 23"
[1] "done"
[1] "Lrnr_cv"
[1] "Lrnr_glm_TRUE"
[1] "done"
[1] 0.1240596
[1] 0.3022224
[1] 0.1240596
[1] "iter: 24"
[1] "done"
[1] "Lrnr_cv"
[1] "Lrnr_glm_TRUE"
[1] "done"
[1] 0.04116618
[1] 0.2696161
[1] 0.04116618
[1] "iter: 25"
[1] "done"
[1] "Lrnr_cv"
[1] "Lrnr_glm_TRUE"
[1] "done"
[1] 0.04433611
[1] 0.2823516
[1] 0.04433611
[1] "iter: 26"
[1] "done"
[1] "Lrnr_cv"
[1] "Lrnr_glm_TRUE"
[1] "done"
[1] 0.08701675
[1] 0.2972677
[1] 0.08701675
[1] "iter: 27"
[1] "done"
[1] "Lrnr_cv"
[1] "Lrnr_glm_TRUE"
[1] "done"
[1] 0.02424887
[1] 0.2280605
[1] 0.02424887
[1] "iter: 28"
[1] "done"
[1] "Lrnr_cv"
[1] "Lrnr_glm_TRUE"
[1] "done"
[1] 0.04616508
[1] 0.2493928
[1] 0.04616508
[1] "iter: 29"
[1] "done"
[1] "Lrnr_cv"
[1] "Lrnr_glm_TRUE"
[1] "done"
[1] 0.08332277
[1] 0.2837732
[1] 0.08332277
[1] "iter: 30"
[1] "done"
[1] "Lrnr_cv"
[1] "Lrnr_glm_TRUE"
[1] "done"
[1] 0.06417045
[1] 0.2681122
[1] 0.06417045
[1] "iter: 31"
[1] "done"
[1] "Lrnr_cv"
[1] "Lrnr_glm_TRUE"
[1] "done"
[1] 0.03989638
[1] 0.2627428
[1] 0.03989638
[1] "iter: 32"
[1] "done"
[1] "Lrnr_cv"
[1] "Lrnr_glm_TRUE"
[1] "done"
[1] 0.03721877
[1] 0.2548265
[1] 0.03721877
[1] "iter: 33"
[1] "done"
[1] "Lrnr_cv"
[1] "Lrnr_glm_TRUE"
[1] "done"
[1] 0.04437782
[1] 0.2882489
[1] 0.04437782
[1] "iter: 34"
[1] "done"
[1] "Lrnr_cv"
[1] "Lrnr_glm_TRUE"
[1] "done"
[1] 0.07799145
[1] 0.2672882
[1] 0.07799145
[1] "iter: 35"
[1] "done"
[1] "Lrnr_cv"
[1] "Lrnr_glm_TRUE"
[1] "done"
[1] 0.04667685
[1] 0.2659185
[1] 0.04667685
[1] "iter: 36"
[1] "done"
[1] "Lrnr_cv"
[1] "Lrnr_glm_TRUE"
[1] "done"
[1] 0.06037269
[1] 0.2724242
[1] 0.06037269
[1] "iter: 37"
[1] "done"
[1] "Lrnr_cv"
[1] "Lrnr_glm_TRUE"
[1] "done"
[1] 0.0634281
[1] 0.2790649
[1] 0.0634281
[1] "iter: 38"
[1] "done"
[1] "Lrnr_cv"
[1] "Lrnr_glm_TRUE"
[1] "done"
[1] 0.0671281
[1] 0.2666839
[1] 0.0671281
[1] "iter: 39"
[1] "done"
[1] "Lrnr_cv"
[1] "Lrnr_glm_TRUE"
[1] "done"
[1] 0.08035065
[1] 0.2823538
[1] 0.08035065
[1] "iter: 40"
[1] "done"
[1] "Lrnr_cv"
[1] "Lrnr_glm_TRUE"
[1] "done"
[1] 0.08854616
[1] 0.2973051
[1] 0.08854616
[1] "iter: 41"
[1] "done"
[1] "Lrnr_cv"
[1] "Lrnr_glm_TRUE"
[1] "done"
[1] 0.04091455
[1] 0.269652
[1] 0.04091455
[1] "iter: 42"
[1] "done"
[1] "Lrnr_cv"
[1] "Lrnr_glm_TRUE"
[1] "done"
[1] 0.03023903
[1] 0.2650219
[1] 0.03023903
[1] "iter: 43"
[1] "done"
[1] "Lrnr_cv"
[1] "Lrnr_glm_TRUE"
[1] "done"
[1] 0.05707618
[1] 0.2662328
[1] 0.05707618
[1] "iter: 44"
[1] "done"
[1] "Lrnr_cv"
[1] "Lrnr_glm_TRUE"
[1] "done"
[1] 0.05292197
[1] 0.2615695
[1] 0.05292197
[1] "iter: 45"
[1] "done"
[1] "Lrnr_cv"
[1] "Lrnr_glm_TRUE"
[1] "done"
[1] 0.07180636
[1] 0.2473718
[1] 0.07180636
[1] "iter: 46"
[1] "done"
[1] "Lrnr_cv"
[1] "Lrnr_glm_TRUE"
[1] "done"
[1] 0.04598243
[1] 0.2244104
[1] 0.04598243
[1] "iter: 47"
[1] "done"
[1] "Lrnr_cv"
[1] "Lrnr_glm_TRUE"
[1] "done"
[1] 0.04733126
[1] 0.2593794
[1] 0.04733126
[1] "iter: 48"
[1] "done"
[1] "Lrnr_cv"
[1] "Lrnr_glm_TRUE"
[1] "done"
[1] 0.06545499
[1] 0.2636884
[1] 0.06545499
[1] "iter: 49"
[1] "done"
[1] "Lrnr_cv"
[1] "Lrnr_glm_TRUE"
[1] "done"
[1] 0.05757867
[1] 0.2651755
[1] 0.05757867
[1] "iter: 50"
[1] "done"
[1] "Lrnr_cv"
[1] "Lrnr_glm_TRUE"
[1] "done"
[1] 0.09998454
[1] 0.3014036
[1] 0.09998454
[1] "iter: 51"
[1] "done"
[1] "Lrnr_cv"
[1] "Lrnr_glm_TRUE"
[1] "done"
[1] 0.04277403
